[2023-04-23T16:51:42.841+0200] {taskinstance.py:1090} INFO - Dependencies all met for dep_context=non-requeueable deps ti=<TaskInstance: csv_upload_gcs.create_folders manual__2023-04-23T14:51:26.577761+00:00 [queued]>
[2023-04-23T16:51:42.857+0200] {taskinstance.py:1090} INFO - Dependencies all met for dep_context=requeueable deps ti=<TaskInstance: csv_upload_gcs.create_folders manual__2023-04-23T14:51:26.577761+00:00 [queued]>
[2023-04-23T16:51:42.857+0200] {taskinstance.py:1288} INFO - 
--------------------------------------------------------------------------------
[2023-04-23T16:51:42.857+0200] {taskinstance.py:1289} INFO - Starting attempt 1 of 1
[2023-04-23T16:51:42.857+0200] {taskinstance.py:1290} INFO - 
--------------------------------------------------------------------------------
[2023-04-23T16:51:42.870+0200] {taskinstance.py:1309} INFO - Executing <Task(PythonOperator): create_folders> on 2023-04-23 14:51:26.577761+00:00
[2023-04-23T16:51:42.873+0200] {standard_task_runner.py:55} INFO - Started process 55048 to run task
[2023-04-23T16:51:42.880+0200] {standard_task_runner.py:82} INFO - Running: ['airflow', 'tasks', 'run', 'csv_upload_gcs', 'create_folders', 'manual__2023-04-23T14:51:26.577761+00:00', '--job-id', '11', '--raw', '--subdir', 'DAGS_FOLDER/upload_csv_gcs.py', '--cfg-path', '/var/folders/4d/d2yhck4j3t317qy3gsb6wmr00000gp/T/tmpqc4a8ccj']
[2023-04-23T16:51:42.881+0200] {standard_task_runner.py:83} INFO - Job 11: Subtask create_folders
[2023-04-23T16:51:42.934+0200] {task_command.py:389} INFO - Running <TaskInstance: csv_upload_gcs.create_folders manual__2023-04-23T14:51:26.577761+00:00 [running]> on host admins-MacBook-Air.local
[2023-04-23T16:51:42.971+0200] {taskinstance.py:1516} INFO - Exporting the following env vars:
AIRFLOW_CTX_DAG_OWNER=airflow
AIRFLOW_CTX_DAG_ID=csv_upload_gcs
AIRFLOW_CTX_TASK_ID=create_folders
AIRFLOW_CTX_EXECUTION_DATE=2023-04-23T14:51:26.577761+00:00
AIRFLOW_CTX_TRY_NUMBER=1
AIRFLOW_CTX_DAG_RUN_ID=manual__2023-04-23T14:51:26.577761+00:00
[2023-04-23T16:51:44.257+0200] {python.py:177} INFO - Done. Returned value was: None
[2023-04-23T16:51:44.270+0200] {taskinstance.py:1327} INFO - Marking task as SUCCESS. dag_id=csv_upload_gcs, task_id=create_folders, execution_date=20230423T145126, start_date=20230423T145142, end_date=20230423T145144
[2023-04-23T16:51:44.299+0200] {local_task_job.py:212} INFO - Task exited with return code 0
[2023-04-23T16:51:44.335+0200] {taskinstance.py:2596} INFO - 3 downstream tasks scheduled from follow-on schedule check
