[2023-04-23T16:46:53.849+0200] {taskinstance.py:1090} INFO - Dependencies all met for dep_context=non-requeueable deps ti=<TaskInstance: csv_upload_gcs.upload_transaction manual__2023-04-23T14:46:23.184162+00:00 [queued]>
[2023-04-23T16:46:53.865+0200] {taskinstance.py:1090} INFO - Dependencies all met for dep_context=requeueable deps ti=<TaskInstance: csv_upload_gcs.upload_transaction manual__2023-04-23T14:46:23.184162+00:00 [queued]>
[2023-04-23T16:46:53.865+0200] {taskinstance.py:1288} INFO - 
--------------------------------------------------------------------------------
[2023-04-23T16:46:53.866+0200] {taskinstance.py:1289} INFO - Starting attempt 1 of 1
[2023-04-23T16:46:53.866+0200] {taskinstance.py:1290} INFO - 
--------------------------------------------------------------------------------
[2023-04-23T16:46:53.880+0200] {taskinstance.py:1309} INFO - Executing <Task(PythonOperator): upload_transaction> on 2023-04-23 14:46:23.184162+00:00
[2023-04-23T16:46:53.883+0200] {standard_task_runner.py:55} INFO - Started process 54692 to run task
[2023-04-23T16:46:53.890+0200] {standard_task_runner.py:82} INFO - Running: ['airflow', 'tasks', 'run', 'csv_upload_gcs', 'upload_transaction', 'manual__2023-04-23T14:46:23.184162+00:00', '--job-id', '8', '--raw', '--subdir', 'DAGS_FOLDER/gcp_test.py', '--cfg-path', '/var/folders/4d/d2yhck4j3t317qy3gsb6wmr00000gp/T/tmp1ycits5u']
[2023-04-23T16:46:53.892+0200] {standard_task_runner.py:83} INFO - Job 8: Subtask upload_transaction
[2023-04-23T16:46:53.942+0200] {task_command.py:389} INFO - Running <TaskInstance: csv_upload_gcs.upload_transaction manual__2023-04-23T14:46:23.184162+00:00 [running]> on host admins-MacBook-Air.local
[2023-04-23T16:46:53.976+0200] {taskinstance.py:1516} INFO - Exporting the following env vars:
AIRFLOW_CTX_DAG_OWNER=airflow
AIRFLOW_CTX_DAG_ID=csv_upload_gcs
AIRFLOW_CTX_TASK_ID=upload_transaction
AIRFLOW_CTX_EXECUTION_DATE=2023-04-23T14:46:23.184162+00:00
AIRFLOW_CTX_TRY_NUMBER=1
AIRFLOW_CTX_DAG_RUN_ID=manual__2023-04-23T14:46:23.184162+00:00
[2023-04-23T16:46:54.529+0200] {python.py:177} INFO - Done. Returned value was: None
[2023-04-23T16:46:54.545+0200] {taskinstance.py:1327} INFO - Marking task as SUCCESS. dag_id=csv_upload_gcs, task_id=upload_transaction, execution_date=20230423T144623, start_date=20230423T144653, end_date=20230423T144654
[2023-04-23T16:46:54.581+0200] {local_task_job.py:212} INFO - Task exited with return code 0
[2023-04-23T16:46:54.606+0200] {taskinstance.py:2596} INFO - 0 downstream tasks scheduled from follow-on schedule check
