[2023-04-24T18:07:33.713+0200] {taskinstance.py:1090} INFO - Dependencies all met for dep_context=non-requeueable deps ti=<TaskInstance: sumup_data_pipeline.upload_stores scheduled__2023-04-24T14:00:00+00:00 [queued]>
[2023-04-24T18:07:33.897+0200] {taskinstance.py:1090} INFO - Dependencies all met for dep_context=requeueable deps ti=<TaskInstance: sumup_data_pipeline.upload_stores scheduled__2023-04-24T14:00:00+00:00 [queued]>
[2023-04-24T18:07:33.912+0200] {taskinstance.py:1288} INFO - 
--------------------------------------------------------------------------------
[2023-04-24T18:07:33.914+0200] {taskinstance.py:1289} INFO - Starting attempt 1 of 2
[2023-04-24T18:07:33.916+0200] {taskinstance.py:1290} INFO - 
--------------------------------------------------------------------------------
[2023-04-24T18:07:34.183+0200] {taskinstance.py:1309} INFO - Executing <Task(PythonOperator): upload_stores> on 2023-04-24 14:00:00+00:00
[2023-04-24T18:07:34.259+0200] {standard_task_runner.py:55} INFO - Started process 97981 to run task
[2023-04-24T18:07:34.343+0200] {standard_task_runner.py:82} INFO - Running: ['airflow', 'tasks', 'run', 'sumup_data_pipeline', 'upload_stores', 'scheduled__2023-04-24T14:00:00+00:00', '--job-id', '38', '--raw', '--subdir', 'DAGS_FOLDER/gcp_airflow.py', '--cfg-path', '/var/folders/4d/d2yhck4j3t317qy3gsb6wmr00000gp/T/tmp29ehie8g']
[2023-04-24T18:07:34.364+0200] {standard_task_runner.py:83} INFO - Job 38: Subtask upload_stores
[2023-04-24T18:07:36.308+0200] {task_command.py:389} INFO - Running <TaskInstance: sumup_data_pipeline.upload_stores scheduled__2023-04-24T14:00:00+00:00 [running]> on host admins-air
[2023-04-24T18:07:36.828+0200] {taskinstance.py:1516} INFO - Exporting the following env vars:
AIRFLOW_CTX_DAG_OWNER=airflow
AIRFLOW_CTX_DAG_ID=sumup_data_pipeline
AIRFLOW_CTX_TASK_ID=upload_stores
AIRFLOW_CTX_EXECUTION_DATE=2023-04-24T14:00:00+00:00
AIRFLOW_CTX_TRY_NUMBER=1
AIRFLOW_CTX_DAG_RUN_ID=scheduled__2023-04-24T14:00:00+00:00
[2023-04-24T18:07:37.350+0200] {python.py:177} INFO - Done. Returned value was: None
[2023-04-24T18:07:37.410+0200] {taskinstance.py:1327} INFO - Marking task as SUCCESS. dag_id=sumup_data_pipeline, task_id=upload_stores, execution_date=20230424T140000, start_date=20230424T160733, end_date=20230424T160737
[2023-04-24T18:07:37.584+0200] {local_task_job.py:212} INFO - Task exited with return code 0
[2023-04-24T18:07:37.792+0200] {taskinstance.py:2596} INFO - 0 downstream tasks scheduled from follow-on schedule check
