[2023-04-24T18:06:20.792+0200] {taskinstance.py:1090} INFO - Dependencies all met for dep_context=non-requeueable deps ti=<TaskInstance: sumup_data_pipeline.upload_transaction scheduled__2023-04-24T14:00:00+00:00 [queued]>
[2023-04-24T18:06:20.827+0200] {taskinstance.py:1090} INFO - Dependencies all met for dep_context=requeueable deps ti=<TaskInstance: sumup_data_pipeline.upload_transaction scheduled__2023-04-24T14:00:00+00:00 [queued]>
[2023-04-24T18:06:20.828+0200] {taskinstance.py:1288} INFO - 
--------------------------------------------------------------------------------
[2023-04-24T18:06:20.828+0200] {taskinstance.py:1289} INFO - Starting attempt 1 of 2
[2023-04-24T18:06:20.829+0200] {taskinstance.py:1290} INFO - 
--------------------------------------------------------------------------------
[2023-04-24T18:06:20.881+0200] {taskinstance.py:1309} INFO - Executing <Task(PythonOperator): upload_transaction> on 2023-04-24 14:00:00+00:00
[2023-04-24T18:06:20.893+0200] {standard_task_runner.py:55} INFO - Started process 97892 to run task
[2023-04-24T18:06:20.912+0200] {standard_task_runner.py:82} INFO - Running: ['airflow', 'tasks', 'run', 'sumup_data_pipeline', 'upload_transaction', 'scheduled__2023-04-24T14:00:00+00:00', '--job-id', '36', '--raw', '--subdir', 'DAGS_FOLDER/gcp_airflow.py', '--cfg-path', '/var/folders/4d/d2yhck4j3t317qy3gsb6wmr00000gp/T/tmpd2w5youg']
[2023-04-24T18:06:20.918+0200] {standard_task_runner.py:83} INFO - Job 36: Subtask upload_transaction
[2023-04-24T18:06:21.109+0200] {task_command.py:389} INFO - Running <TaskInstance: sumup_data_pipeline.upload_transaction scheduled__2023-04-24T14:00:00+00:00 [running]> on host admins-air
[2023-04-24T18:06:21.255+0200] {taskinstance.py:1516} INFO - Exporting the following env vars:
AIRFLOW_CTX_DAG_OWNER=airflow
AIRFLOW_CTX_DAG_ID=sumup_data_pipeline
AIRFLOW_CTX_TASK_ID=upload_transaction
AIRFLOW_CTX_EXECUTION_DATE=2023-04-24T14:00:00+00:00
AIRFLOW_CTX_TRY_NUMBER=1
AIRFLOW_CTX_DAG_RUN_ID=scheduled__2023-04-24T14:00:00+00:00
[2023-04-24T18:06:22.242+0200] {python.py:177} INFO - Done. Returned value was: None
[2023-04-24T18:06:22.257+0200] {taskinstance.py:1327} INFO - Marking task as SUCCESS. dag_id=sumup_data_pipeline, task_id=upload_transaction, execution_date=20230424T140000, start_date=20230424T160620, end_date=20230424T160622
[2023-04-24T18:06:22.331+0200] {local_task_job.py:212} INFO - Task exited with return code 0
[2023-04-24T18:06:22.517+0200] {taskinstance.py:2596} INFO - 1 downstream tasks scheduled from follow-on schedule check
