[2023-04-23T00:43:34.241+0200] {processor.py:153} INFO - Started process (PID=46755) to work on /Users/siddalingkattimani/dbt_env/lib/python3.11/site-packages/airflow/example_dags/subdags/subdag.py
[2023-04-23T00:43:34.244+0200] {processor.py:743} INFO - Processing file /Users/siddalingkattimani/dbt_env/lib/python3.11/site-packages/airflow/example_dags/subdags/subdag.py for tasks to queue
[2023-04-23T00:43:34.244+0200] {logging_mixin.py:137} INFO - [2023-04-23T00:43:34.244+0200] {dagbag.py:532} INFO - Filling up the DagBag from /Users/siddalingkattimani/dbt_env/lib/python3.11/site-packages/airflow/example_dags/subdags/subdag.py
[2023-04-23T00:43:34.255+0200] {processor.py:755} WARNING - No viable dags retrieved from /Users/siddalingkattimani/dbt_env/lib/python3.11/site-packages/airflow/example_dags/subdags/subdag.py
[2023-04-23T00:43:34.875+0200] {processor.py:175} INFO - Processing /Users/siddalingkattimani/dbt_env/lib/python3.11/site-packages/airflow/example_dags/subdags/subdag.py took 0.635 seconds
[2023-04-23T00:45:36.389+0200] {processor.py:153} INFO - Started process (PID=46802) to work on /Users/siddalingkattimani/dbt_env/lib/python3.11/site-packages/airflow/example_dags/subdags/subdag.py
[2023-04-23T00:45:36.391+0200] {processor.py:743} INFO - Processing file /Users/siddalingkattimani/dbt_env/lib/python3.11/site-packages/airflow/example_dags/subdags/subdag.py for tasks to queue
[2023-04-23T00:45:36.392+0200] {logging_mixin.py:137} INFO - [2023-04-23T00:45:36.392+0200] {dagbag.py:532} INFO - Filling up the DagBag from /Users/siddalingkattimani/dbt_env/lib/python3.11/site-packages/airflow/example_dags/subdags/subdag.py
[2023-04-23T00:45:36.402+0200] {processor.py:755} WARNING - No viable dags retrieved from /Users/siddalingkattimani/dbt_env/lib/python3.11/site-packages/airflow/example_dags/subdags/subdag.py
[2023-04-23T00:45:37.036+0200] {processor.py:175} INFO - Processing /Users/siddalingkattimani/dbt_env/lib/python3.11/site-packages/airflow/example_dags/subdags/subdag.py took 0.648 seconds
[2023-04-23T00:47:36.400+0200] {processor.py:153} INFO - Started process (PID=46849) to work on /Users/siddalingkattimani/dbt_env/lib/python3.11/site-packages/airflow/example_dags/subdags/subdag.py
[2023-04-23T00:47:36.404+0200] {processor.py:743} INFO - Processing file /Users/siddalingkattimani/dbt_env/lib/python3.11/site-packages/airflow/example_dags/subdags/subdag.py for tasks to queue
[2023-04-23T00:47:36.404+0200] {logging_mixin.py:137} INFO - [2023-04-23T00:47:36.404+0200] {dagbag.py:532} INFO - Filling up the DagBag from /Users/siddalingkattimani/dbt_env/lib/python3.11/site-packages/airflow/example_dags/subdags/subdag.py
[2023-04-23T00:47:36.415+0200] {processor.py:755} WARNING - No viable dags retrieved from /Users/siddalingkattimani/dbt_env/lib/python3.11/site-packages/airflow/example_dags/subdags/subdag.py
[2023-04-23T00:47:37.263+0200] {processor.py:175} INFO - Processing /Users/siddalingkattimani/dbt_env/lib/python3.11/site-packages/airflow/example_dags/subdags/subdag.py took 0.864 seconds
[2023-04-23T00:49:39.125+0200] {processor.py:153} INFO - Started process (PID=46894) to work on /Users/siddalingkattimani/dbt_env/lib/python3.11/site-packages/airflow/example_dags/subdags/subdag.py
[2023-04-23T00:49:39.129+0200] {processor.py:743} INFO - Processing file /Users/siddalingkattimani/dbt_env/lib/python3.11/site-packages/airflow/example_dags/subdags/subdag.py for tasks to queue
[2023-04-23T00:49:39.129+0200] {logging_mixin.py:137} INFO - [2023-04-23T00:49:39.129+0200] {dagbag.py:532} INFO - Filling up the DagBag from /Users/siddalingkattimani/dbt_env/lib/python3.11/site-packages/airflow/example_dags/subdags/subdag.py
[2023-04-23T00:49:39.139+0200] {processor.py:755} WARNING - No viable dags retrieved from /Users/siddalingkattimani/dbt_env/lib/python3.11/site-packages/airflow/example_dags/subdags/subdag.py
[2023-04-23T00:49:40.187+0200] {processor.py:175} INFO - Processing /Users/siddalingkattimani/dbt_env/lib/python3.11/site-packages/airflow/example_dags/subdags/subdag.py took 1.063 seconds
[2023-04-23T00:51:52.062+0200] {processor.py:153} INFO - Started process (PID=46957) to work on /Users/siddalingkattimani/dbt_env/lib/python3.11/site-packages/airflow/example_dags/subdags/subdag.py
[2023-04-23T00:51:52.066+0200] {processor.py:743} INFO - Processing file /Users/siddalingkattimani/dbt_env/lib/python3.11/site-packages/airflow/example_dags/subdags/subdag.py for tasks to queue
[2023-04-23T00:51:52.067+0200] {logging_mixin.py:137} INFO - [2023-04-23T00:51:52.066+0200] {dagbag.py:532} INFO - Filling up the DagBag from /Users/siddalingkattimani/dbt_env/lib/python3.11/site-packages/airflow/example_dags/subdags/subdag.py
[2023-04-23T00:51:52.079+0200] {processor.py:755} WARNING - No viable dags retrieved from /Users/siddalingkattimani/dbt_env/lib/python3.11/site-packages/airflow/example_dags/subdags/subdag.py
[2023-04-23T00:51:52.946+0200] {processor.py:175} INFO - Processing /Users/siddalingkattimani/dbt_env/lib/python3.11/site-packages/airflow/example_dags/subdags/subdag.py took 0.884 seconds
[2023-04-23T00:53:52.495+0200] {processor.py:153} INFO - Started process (PID=47002) to work on /Users/siddalingkattimani/dbt_env/lib/python3.11/site-packages/airflow/example_dags/subdags/subdag.py
[2023-04-23T00:53:52.499+0200] {processor.py:743} INFO - Processing file /Users/siddalingkattimani/dbt_env/lib/python3.11/site-packages/airflow/example_dags/subdags/subdag.py for tasks to queue
[2023-04-23T00:53:52.499+0200] {logging_mixin.py:137} INFO - [2023-04-23T00:53:52.499+0200] {dagbag.py:532} INFO - Filling up the DagBag from /Users/siddalingkattimani/dbt_env/lib/python3.11/site-packages/airflow/example_dags/subdags/subdag.py
[2023-04-23T00:53:52.512+0200] {processor.py:755} WARNING - No viable dags retrieved from /Users/siddalingkattimani/dbt_env/lib/python3.11/site-packages/airflow/example_dags/subdags/subdag.py
[2023-04-23T00:53:53.205+0200] {processor.py:175} INFO - Processing /Users/siddalingkattimani/dbt_env/lib/python3.11/site-packages/airflow/example_dags/subdags/subdag.py took 0.710 seconds
[2023-04-23T00:55:52.772+0200] {processor.py:153} INFO - Started process (PID=47071) to work on /Users/siddalingkattimani/dbt_env/lib/python3.11/site-packages/airflow/example_dags/subdags/subdag.py
[2023-04-23T00:55:52.776+0200] {processor.py:743} INFO - Processing file /Users/siddalingkattimani/dbt_env/lib/python3.11/site-packages/airflow/example_dags/subdags/subdag.py for tasks to queue
[2023-04-23T00:55:52.777+0200] {logging_mixin.py:137} INFO - [2023-04-23T00:55:52.777+0200] {dagbag.py:532} INFO - Filling up the DagBag from /Users/siddalingkattimani/dbt_env/lib/python3.11/site-packages/airflow/example_dags/subdags/subdag.py
[2023-04-23T00:55:52.788+0200] {processor.py:755} WARNING - No viable dags retrieved from /Users/siddalingkattimani/dbt_env/lib/python3.11/site-packages/airflow/example_dags/subdags/subdag.py
[2023-04-23T00:55:53.424+0200] {processor.py:175} INFO - Processing /Users/siddalingkattimani/dbt_env/lib/python3.11/site-packages/airflow/example_dags/subdags/subdag.py took 0.653 seconds
[2023-04-23T00:58:02.409+0200] {processor.py:153} INFO - Started process (PID=47123) to work on /Users/siddalingkattimani/dbt_env/lib/python3.11/site-packages/airflow/example_dags/subdags/subdag.py
[2023-04-23T00:58:02.414+0200] {processor.py:743} INFO - Processing file /Users/siddalingkattimani/dbt_env/lib/python3.11/site-packages/airflow/example_dags/subdags/subdag.py for tasks to queue
[2023-04-23T00:58:02.415+0200] {logging_mixin.py:137} INFO - [2023-04-23T00:58:02.415+0200] {dagbag.py:532} INFO - Filling up the DagBag from /Users/siddalingkattimani/dbt_env/lib/python3.11/site-packages/airflow/example_dags/subdags/subdag.py
[2023-04-23T00:58:02.440+0200] {processor.py:755} WARNING - No viable dags retrieved from /Users/siddalingkattimani/dbt_env/lib/python3.11/site-packages/airflow/example_dags/subdags/subdag.py
[2023-04-23T00:58:03.196+0200] {processor.py:175} INFO - Processing /Users/siddalingkattimani/dbt_env/lib/python3.11/site-packages/airflow/example_dags/subdags/subdag.py took 0.788 seconds
[2023-04-23T01:00:06.527+0200] {processor.py:153} INFO - Started process (PID=47170) to work on /Users/siddalingkattimani/dbt_env/lib/python3.11/site-packages/airflow/example_dags/subdags/subdag.py
[2023-04-23T01:00:06.531+0200] {processor.py:743} INFO - Processing file /Users/siddalingkattimani/dbt_env/lib/python3.11/site-packages/airflow/example_dags/subdags/subdag.py for tasks to queue
[2023-04-23T01:00:06.531+0200] {logging_mixin.py:137} INFO - [2023-04-23T01:00:06.531+0200] {dagbag.py:532} INFO - Filling up the DagBag from /Users/siddalingkattimani/dbt_env/lib/python3.11/site-packages/airflow/example_dags/subdags/subdag.py
[2023-04-23T01:00:06.545+0200] {processor.py:755} WARNING - No viable dags retrieved from /Users/siddalingkattimani/dbt_env/lib/python3.11/site-packages/airflow/example_dags/subdags/subdag.py
[2023-04-23T01:00:07.194+0200] {processor.py:175} INFO - Processing /Users/siddalingkattimani/dbt_env/lib/python3.11/site-packages/airflow/example_dags/subdags/subdag.py took 0.668 seconds
[2023-04-23T01:02:26.619+0200] {processor.py:153} INFO - Started process (PID=47217) to work on /Users/siddalingkattimani/dbt_env/lib/python3.11/site-packages/airflow/example_dags/subdags/subdag.py
[2023-04-23T01:02:26.624+0200] {processor.py:743} INFO - Processing file /Users/siddalingkattimani/dbt_env/lib/python3.11/site-packages/airflow/example_dags/subdags/subdag.py for tasks to queue
[2023-04-23T01:02:26.624+0200] {logging_mixin.py:137} INFO - [2023-04-23T01:02:26.624+0200] {dagbag.py:532} INFO - Filling up the DagBag from /Users/siddalingkattimani/dbt_env/lib/python3.11/site-packages/airflow/example_dags/subdags/subdag.py
[2023-04-23T01:02:26.640+0200] {processor.py:755} WARNING - No viable dags retrieved from /Users/siddalingkattimani/dbt_env/lib/python3.11/site-packages/airflow/example_dags/subdags/subdag.py
[2023-04-23T01:02:27.569+0200] {processor.py:175} INFO - Processing /Users/siddalingkattimani/dbt_env/lib/python3.11/site-packages/airflow/example_dags/subdags/subdag.py took 0.951 seconds
[2023-04-23T01:04:25.110+0200] {processor.py:153} INFO - Started process (PID=47263) to work on /Users/siddalingkattimani/dbt_env/lib/python3.11/site-packages/airflow/example_dags/subdags/subdag.py
[2023-04-23T01:04:25.113+0200] {processor.py:743} INFO - Processing file /Users/siddalingkattimani/dbt_env/lib/python3.11/site-packages/airflow/example_dags/subdags/subdag.py for tasks to queue
[2023-04-23T01:04:25.113+0200] {logging_mixin.py:137} INFO - [2023-04-23T01:04:25.113+0200] {dagbag.py:532} INFO - Filling up the DagBag from /Users/siddalingkattimani/dbt_env/lib/python3.11/site-packages/airflow/example_dags/subdags/subdag.py
[2023-04-23T01:04:25.123+0200] {processor.py:755} WARNING - No viable dags retrieved from /Users/siddalingkattimani/dbt_env/lib/python3.11/site-packages/airflow/example_dags/subdags/subdag.py
[2023-04-23T01:04:25.867+0200] {processor.py:175} INFO - Processing /Users/siddalingkattimani/dbt_env/lib/python3.11/site-packages/airflow/example_dags/subdags/subdag.py took 0.758 seconds
[2023-04-23T01:06:39.089+0200] {processor.py:153} INFO - Started process (PID=47370) to work on /Users/siddalingkattimani/dbt_env/lib/python3.11/site-packages/airflow/example_dags/subdags/subdag.py
[2023-04-23T01:06:39.093+0200] {processor.py:743} INFO - Processing file /Users/siddalingkattimani/dbt_env/lib/python3.11/site-packages/airflow/example_dags/subdags/subdag.py for tasks to queue
[2023-04-23T01:06:39.094+0200] {logging_mixin.py:137} INFO - [2023-04-23T01:06:39.094+0200] {dagbag.py:532} INFO - Filling up the DagBag from /Users/siddalingkattimani/dbt_env/lib/python3.11/site-packages/airflow/example_dags/subdags/subdag.py
[2023-04-23T01:06:39.106+0200] {processor.py:755} WARNING - No viable dags retrieved from /Users/siddalingkattimani/dbt_env/lib/python3.11/site-packages/airflow/example_dags/subdags/subdag.py
[2023-04-23T01:06:39.815+0200] {processor.py:175} INFO - Processing /Users/siddalingkattimani/dbt_env/lib/python3.11/site-packages/airflow/example_dags/subdags/subdag.py took 0.727 seconds
[2023-04-23T01:09:15.705+0200] {processor.py:153} INFO - Started process (PID=47608) to work on /Users/siddalingkattimani/dbt_env/lib/python3.11/site-packages/airflow/example_dags/subdags/subdag.py
[2023-04-23T01:09:15.709+0200] {processor.py:743} INFO - Processing file /Users/siddalingkattimani/dbt_env/lib/python3.11/site-packages/airflow/example_dags/subdags/subdag.py for tasks to queue
[2023-04-23T01:09:15.710+0200] {logging_mixin.py:137} INFO - [2023-04-23T01:09:15.710+0200] {dagbag.py:532} INFO - Filling up the DagBag from /Users/siddalingkattimani/dbt_env/lib/python3.11/site-packages/airflow/example_dags/subdags/subdag.py
[2023-04-23T01:09:15.723+0200] {processor.py:755} WARNING - No viable dags retrieved from /Users/siddalingkattimani/dbt_env/lib/python3.11/site-packages/airflow/example_dags/subdags/subdag.py
[2023-04-23T01:09:16.510+0200] {processor.py:175} INFO - Processing /Users/siddalingkattimani/dbt_env/lib/python3.11/site-packages/airflow/example_dags/subdags/subdag.py took 0.806 seconds
[2023-04-23T01:11:42.988+0200] {processor.py:153} INFO - Started process (PID=47670) to work on /Users/siddalingkattimani/dbt_env/lib/python3.11/site-packages/airflow/example_dags/subdags/subdag.py
[2023-04-23T01:11:42.994+0200] {processor.py:743} INFO - Processing file /Users/siddalingkattimani/dbt_env/lib/python3.11/site-packages/airflow/example_dags/subdags/subdag.py for tasks to queue
[2023-04-23T01:11:42.995+0200] {logging_mixin.py:137} INFO - [2023-04-23T01:11:42.994+0200] {dagbag.py:532} INFO - Filling up the DagBag from /Users/siddalingkattimani/dbt_env/lib/python3.11/site-packages/airflow/example_dags/subdags/subdag.py
[2023-04-23T01:11:43.010+0200] {processor.py:755} WARNING - No viable dags retrieved from /Users/siddalingkattimani/dbt_env/lib/python3.11/site-packages/airflow/example_dags/subdags/subdag.py
[2023-04-23T01:11:43.895+0200] {processor.py:175} INFO - Processing /Users/siddalingkattimani/dbt_env/lib/python3.11/site-packages/airflow/example_dags/subdags/subdag.py took 0.908 seconds
[2023-04-23T01:13:42.487+0200] {processor.py:153} INFO - Started process (PID=47716) to work on /Users/siddalingkattimani/dbt_env/lib/python3.11/site-packages/airflow/example_dags/subdags/subdag.py
[2023-04-23T01:13:42.490+0200] {processor.py:743} INFO - Processing file /Users/siddalingkattimani/dbt_env/lib/python3.11/site-packages/airflow/example_dags/subdags/subdag.py for tasks to queue
[2023-04-23T01:13:42.490+0200] {logging_mixin.py:137} INFO - [2023-04-23T01:13:42.490+0200] {dagbag.py:532} INFO - Filling up the DagBag from /Users/siddalingkattimani/dbt_env/lib/python3.11/site-packages/airflow/example_dags/subdags/subdag.py
[2023-04-23T01:13:42.501+0200] {processor.py:755} WARNING - No viable dags retrieved from /Users/siddalingkattimani/dbt_env/lib/python3.11/site-packages/airflow/example_dags/subdags/subdag.py
[2023-04-23T01:13:43.149+0200] {processor.py:175} INFO - Processing /Users/siddalingkattimani/dbt_env/lib/python3.11/site-packages/airflow/example_dags/subdags/subdag.py took 0.663 seconds
[2023-04-23T01:15:47.133+0200] {processor.py:153} INFO - Started process (PID=47763) to work on /Users/siddalingkattimani/dbt_env/lib/python3.11/site-packages/airflow/example_dags/subdags/subdag.py
[2023-04-23T01:15:47.147+0200] {processor.py:743} INFO - Processing file /Users/siddalingkattimani/dbt_env/lib/python3.11/site-packages/airflow/example_dags/subdags/subdag.py for tasks to queue
[2023-04-23T01:15:47.148+0200] {logging_mixin.py:137} INFO - [2023-04-23T01:15:47.148+0200] {dagbag.py:532} INFO - Filling up the DagBag from /Users/siddalingkattimani/dbt_env/lib/python3.11/site-packages/airflow/example_dags/subdags/subdag.py
[2023-04-23T01:15:47.160+0200] {processor.py:755} WARNING - No viable dags retrieved from /Users/siddalingkattimani/dbt_env/lib/python3.11/site-packages/airflow/example_dags/subdags/subdag.py
[2023-04-23T01:15:47.829+0200] {processor.py:175} INFO - Processing /Users/siddalingkattimani/dbt_env/lib/python3.11/site-packages/airflow/example_dags/subdags/subdag.py took 0.697 seconds
[2023-04-23T01:17:50.436+0200] {processor.py:153} INFO - Started process (PID=47810) to work on /Users/siddalingkattimani/dbt_env/lib/python3.11/site-packages/airflow/example_dags/subdags/subdag.py
[2023-04-23T01:17:50.439+0200] {processor.py:743} INFO - Processing file /Users/siddalingkattimani/dbt_env/lib/python3.11/site-packages/airflow/example_dags/subdags/subdag.py for tasks to queue
[2023-04-23T01:17:50.439+0200] {logging_mixin.py:137} INFO - [2023-04-23T01:17:50.439+0200] {dagbag.py:532} INFO - Filling up the DagBag from /Users/siddalingkattimani/dbt_env/lib/python3.11/site-packages/airflow/example_dags/subdags/subdag.py
[2023-04-23T01:17:50.449+0200] {processor.py:755} WARNING - No viable dags retrieved from /Users/siddalingkattimani/dbt_env/lib/python3.11/site-packages/airflow/example_dags/subdags/subdag.py
[2023-04-23T01:17:51.095+0200] {processor.py:175} INFO - Processing /Users/siddalingkattimani/dbt_env/lib/python3.11/site-packages/airflow/example_dags/subdags/subdag.py took 0.660 seconds
[2023-04-23T01:19:52.757+0200] {processor.py:153} INFO - Started process (PID=47855) to work on /Users/siddalingkattimani/dbt_env/lib/python3.11/site-packages/airflow/example_dags/subdags/subdag.py
[2023-04-23T01:19:52.760+0200] {processor.py:743} INFO - Processing file /Users/siddalingkattimani/dbt_env/lib/python3.11/site-packages/airflow/example_dags/subdags/subdag.py for tasks to queue
[2023-04-23T01:19:52.760+0200] {logging_mixin.py:137} INFO - [2023-04-23T01:19:52.760+0200] {dagbag.py:532} INFO - Filling up the DagBag from /Users/siddalingkattimani/dbt_env/lib/python3.11/site-packages/airflow/example_dags/subdags/subdag.py
[2023-04-23T01:19:52.770+0200] {processor.py:755} WARNING - No viable dags retrieved from /Users/siddalingkattimani/dbt_env/lib/python3.11/site-packages/airflow/example_dags/subdags/subdag.py
[2023-04-23T01:19:53.407+0200] {processor.py:175} INFO - Processing /Users/siddalingkattimani/dbt_env/lib/python3.11/site-packages/airflow/example_dags/subdags/subdag.py took 0.651 seconds
[2023-04-23T01:21:59.378+0200] {processor.py:153} INFO - Started process (PID=47902) to work on /Users/siddalingkattimani/dbt_env/lib/python3.11/site-packages/airflow/example_dags/subdags/subdag.py
[2023-04-23T01:21:59.381+0200] {processor.py:743} INFO - Processing file /Users/siddalingkattimani/dbt_env/lib/python3.11/site-packages/airflow/example_dags/subdags/subdag.py for tasks to queue
[2023-04-23T01:21:59.382+0200] {logging_mixin.py:137} INFO - [2023-04-23T01:21:59.381+0200] {dagbag.py:532} INFO - Filling up the DagBag from /Users/siddalingkattimani/dbt_env/lib/python3.11/site-packages/airflow/example_dags/subdags/subdag.py
[2023-04-23T01:21:59.394+0200] {processor.py:755} WARNING - No viable dags retrieved from /Users/siddalingkattimani/dbt_env/lib/python3.11/site-packages/airflow/example_dags/subdags/subdag.py
[2023-04-23T01:22:00.059+0200] {processor.py:175} INFO - Processing /Users/siddalingkattimani/dbt_env/lib/python3.11/site-packages/airflow/example_dags/subdags/subdag.py took 0.682 seconds
[2023-04-23T01:23:57.763+0200] {processor.py:153} INFO - Started process (PID=47950) to work on /Users/siddalingkattimani/dbt_env/lib/python3.11/site-packages/airflow/example_dags/subdags/subdag.py
[2023-04-23T01:23:57.766+0200] {processor.py:743} INFO - Processing file /Users/siddalingkattimani/dbt_env/lib/python3.11/site-packages/airflow/example_dags/subdags/subdag.py for tasks to queue
[2023-04-23T01:23:57.767+0200] {logging_mixin.py:137} INFO - [2023-04-23T01:23:57.766+0200] {dagbag.py:532} INFO - Filling up the DagBag from /Users/siddalingkattimani/dbt_env/lib/python3.11/site-packages/airflow/example_dags/subdags/subdag.py
[2023-04-23T01:23:57.777+0200] {processor.py:755} WARNING - No viable dags retrieved from /Users/siddalingkattimani/dbt_env/lib/python3.11/site-packages/airflow/example_dags/subdags/subdag.py
[2023-04-23T01:23:58.415+0200] {processor.py:175} INFO - Processing /Users/siddalingkattimani/dbt_env/lib/python3.11/site-packages/airflow/example_dags/subdags/subdag.py took 0.652 seconds
[2023-04-23T01:25:55.794+0200] {processor.py:153} INFO - Started process (PID=48019) to work on /Users/siddalingkattimani/dbt_env/lib/python3.11/site-packages/airflow/example_dags/subdags/subdag.py
[2023-04-23T01:25:55.797+0200] {processor.py:743} INFO - Processing file /Users/siddalingkattimani/dbt_env/lib/python3.11/site-packages/airflow/example_dags/subdags/subdag.py for tasks to queue
[2023-04-23T01:25:55.798+0200] {logging_mixin.py:137} INFO - [2023-04-23T01:25:55.798+0200] {dagbag.py:532} INFO - Filling up the DagBag from /Users/siddalingkattimani/dbt_env/lib/python3.11/site-packages/airflow/example_dags/subdags/subdag.py
[2023-04-23T01:25:55.811+0200] {processor.py:755} WARNING - No viable dags retrieved from /Users/siddalingkattimani/dbt_env/lib/python3.11/site-packages/airflow/example_dags/subdags/subdag.py
[2023-04-23T01:25:56.504+0200] {processor.py:175} INFO - Processing /Users/siddalingkattimani/dbt_env/lib/python3.11/site-packages/airflow/example_dags/subdags/subdag.py took 0.711 seconds
[2023-04-23T01:28:01.104+0200] {processor.py:153} INFO - Started process (PID=48065) to work on /Users/siddalingkattimani/dbt_env/lib/python3.11/site-packages/airflow/example_dags/subdags/subdag.py
[2023-04-23T01:28:01.107+0200] {processor.py:743} INFO - Processing file /Users/siddalingkattimani/dbt_env/lib/python3.11/site-packages/airflow/example_dags/subdags/subdag.py for tasks to queue
[2023-04-23T01:28:01.108+0200] {logging_mixin.py:137} INFO - [2023-04-23T01:28:01.107+0200] {dagbag.py:532} INFO - Filling up the DagBag from /Users/siddalingkattimani/dbt_env/lib/python3.11/site-packages/airflow/example_dags/subdags/subdag.py
[2023-04-23T01:28:01.119+0200] {processor.py:755} WARNING - No viable dags retrieved from /Users/siddalingkattimani/dbt_env/lib/python3.11/site-packages/airflow/example_dags/subdags/subdag.py
[2023-04-23T01:28:01.896+0200] {processor.py:175} INFO - Processing /Users/siddalingkattimani/dbt_env/lib/python3.11/site-packages/airflow/example_dags/subdags/subdag.py took 0.793 seconds
[2023-04-23T01:30:07.009+0200] {processor.py:153} INFO - Started process (PID=48113) to work on /Users/siddalingkattimani/dbt_env/lib/python3.11/site-packages/airflow/example_dags/subdags/subdag.py
[2023-04-23T01:30:07.011+0200] {processor.py:743} INFO - Processing file /Users/siddalingkattimani/dbt_env/lib/python3.11/site-packages/airflow/example_dags/subdags/subdag.py for tasks to queue
[2023-04-23T01:30:07.012+0200] {logging_mixin.py:137} INFO - [2023-04-23T01:30:07.012+0200] {dagbag.py:532} INFO - Filling up the DagBag from /Users/siddalingkattimani/dbt_env/lib/python3.11/site-packages/airflow/example_dags/subdags/subdag.py
[2023-04-23T01:30:07.022+0200] {processor.py:755} WARNING - No viable dags retrieved from /Users/siddalingkattimani/dbt_env/lib/python3.11/site-packages/airflow/example_dags/subdags/subdag.py
[2023-04-23T01:30:07.644+0200] {processor.py:175} INFO - Processing /Users/siddalingkattimani/dbt_env/lib/python3.11/site-packages/airflow/example_dags/subdags/subdag.py took 0.636 seconds
[2023-04-23T01:32:07.733+0200] {processor.py:153} INFO - Started process (PID=48159) to work on /Users/siddalingkattimani/dbt_env/lib/python3.11/site-packages/airflow/example_dags/subdags/subdag.py
[2023-04-23T01:32:07.737+0200] {processor.py:743} INFO - Processing file /Users/siddalingkattimani/dbt_env/lib/python3.11/site-packages/airflow/example_dags/subdags/subdag.py for tasks to queue
[2023-04-23T01:32:07.737+0200] {logging_mixin.py:137} INFO - [2023-04-23T01:32:07.737+0200] {dagbag.py:532} INFO - Filling up the DagBag from /Users/siddalingkattimani/dbt_env/lib/python3.11/site-packages/airflow/example_dags/subdags/subdag.py
[2023-04-23T01:32:07.748+0200] {processor.py:755} WARNING - No viable dags retrieved from /Users/siddalingkattimani/dbt_env/lib/python3.11/site-packages/airflow/example_dags/subdags/subdag.py
[2023-04-23T01:32:08.446+0200] {processor.py:175} INFO - Processing /Users/siddalingkattimani/dbt_env/lib/python3.11/site-packages/airflow/example_dags/subdags/subdag.py took 0.713 seconds
[2023-04-23T01:34:13.572+0200] {processor.py:153} INFO - Started process (PID=48209) to work on /Users/siddalingkattimani/dbt_env/lib/python3.11/site-packages/airflow/example_dags/subdags/subdag.py
[2023-04-23T01:34:13.576+0200] {processor.py:743} INFO - Processing file /Users/siddalingkattimani/dbt_env/lib/python3.11/site-packages/airflow/example_dags/subdags/subdag.py for tasks to queue
[2023-04-23T01:34:13.576+0200] {logging_mixin.py:137} INFO - [2023-04-23T01:34:13.576+0200] {dagbag.py:532} INFO - Filling up the DagBag from /Users/siddalingkattimani/dbt_env/lib/python3.11/site-packages/airflow/example_dags/subdags/subdag.py
[2023-04-23T01:34:13.590+0200] {processor.py:755} WARNING - No viable dags retrieved from /Users/siddalingkattimani/dbt_env/lib/python3.11/site-packages/airflow/example_dags/subdags/subdag.py
[2023-04-23T01:34:14.611+0200] {processor.py:175} INFO - Processing /Users/siddalingkattimani/dbt_env/lib/python3.11/site-packages/airflow/example_dags/subdags/subdag.py took 1.040 seconds
