[2023-04-24T09:13:07.740+0200] {taskinstance.py:1090} INFO - Dependencies all met for dep_context=non-requeueable deps ti=<TaskInstance: sumup_data_pipeline.upload_devices scheduled__2023-04-24T00:00:00+00:00 [queued]>
[2023-04-24T09:13:07.748+0200] {taskinstance.py:1090} INFO - Dependencies all met for dep_context=requeueable deps ti=<TaskInstance: sumup_data_pipeline.upload_devices scheduled__2023-04-24T00:00:00+00:00 [queued]>
[2023-04-24T09:13:07.748+0200] {taskinstance.py:1288} INFO - 
--------------------------------------------------------------------------------
[2023-04-24T09:13:07.748+0200] {taskinstance.py:1289} INFO - Starting attempt 1 of 2
[2023-04-24T09:13:07.749+0200] {taskinstance.py:1290} INFO - 
--------------------------------------------------------------------------------
[2023-04-24T09:13:07.758+0200] {taskinstance.py:1309} INFO - Executing <Task(PythonOperator): upload_devices> on 2023-04-24 00:00:00+00:00
[2023-04-24T09:13:07.763+0200] {standard_task_runner.py:55} INFO - Started process 74186 to run task
[2023-04-24T09:13:07.770+0200] {standard_task_runner.py:82} INFO - Running: ['airflow', 'tasks', 'run', 'sumup_data_pipeline', 'upload_devices', 'scheduled__2023-04-24T00:00:00+00:00', '--job-id', '17', '--raw', '--subdir', 'DAGS_FOLDER/gcp_airflow.py', '--cfg-path', '/var/folders/4d/d2yhck4j3t317qy3gsb6wmr00000gp/T/tmpsslwknyg']
[2023-04-24T09:13:07.772+0200] {standard_task_runner.py:83} INFO - Job 17: Subtask upload_devices
[2023-04-24T09:13:07.839+0200] {task_command.py:389} INFO - Running <TaskInstance: sumup_data_pipeline.upload_devices scheduled__2023-04-24T00:00:00+00:00 [running]> on host admins-air
[2023-04-24T09:13:07.897+0200] {taskinstance.py:1516} INFO - Exporting the following env vars:
AIRFLOW_CTX_DAG_OWNER=airflow
AIRFLOW_CTX_DAG_ID=sumup_data_pipeline
AIRFLOW_CTX_TASK_ID=upload_devices
AIRFLOW_CTX_EXECUTION_DATE=2023-04-24T00:00:00+00:00
AIRFLOW_CTX_TRY_NUMBER=1
AIRFLOW_CTX_DAG_RUN_ID=scheduled__2023-04-24T00:00:00+00:00
[2023-04-24T09:13:08.249+0200] {python.py:177} INFO - Done. Returned value was: None
[2023-04-24T09:13:08.258+0200] {taskinstance.py:1327} INFO - Marking task as SUCCESS. dag_id=sumup_data_pipeline, task_id=upload_devices, execution_date=20230424T000000, start_date=20230424T071307, end_date=20230424T071308
[2023-04-24T09:13:08.292+0200] {local_task_job.py:212} INFO - Task exited with return code 0
[2023-04-24T09:13:08.328+0200] {taskinstance.py:2596} INFO - 1 downstream tasks scheduled from follow-on schedule check
