[2023-04-24T08:48:50.930+0200] {taskinstance.py:1090} INFO - Dependencies all met for dep_context=non-requeueable deps ti=<TaskInstance: sumup_data_pipeline.upload_transaction scheduled__2023-04-24T00:00:00+00:00 [queued]>
[2023-04-24T08:48:50.966+0200] {taskinstance.py:1090} INFO - Dependencies all met for dep_context=requeueable deps ti=<TaskInstance: sumup_data_pipeline.upload_transaction scheduled__2023-04-24T00:00:00+00:00 [queued]>
[2023-04-24T08:48:50.988+0200] {taskinstance.py:1288} INFO - 
--------------------------------------------------------------------------------
[2023-04-24T08:48:50.989+0200] {taskinstance.py:1289} INFO - Starting attempt 1 of 2
[2023-04-24T08:48:50.991+0200] {taskinstance.py:1290} INFO - 
--------------------------------------------------------------------------------
[2023-04-24T08:48:51.077+0200] {taskinstance.py:1309} INFO - Executing <Task(PythonOperator): upload_transaction> on 2023-04-24 00:00:00+00:00
[2023-04-24T08:48:51.085+0200] {standard_task_runner.py:55} INFO - Started process 74071 to run task
[2023-04-24T08:48:51.104+0200] {standard_task_runner.py:82} INFO - Running: ['airflow', 'tasks', 'run', 'sumup_data_pipeline', 'upload_transaction', 'scheduled__2023-04-24T00:00:00+00:00', '--job-id', '15', '--raw', '--subdir', 'DAGS_FOLDER/gcp_airflow.py', '--cfg-path', '/var/folders/4d/d2yhck4j3t317qy3gsb6wmr00000gp/T/tmpnrkh4ya8']
[2023-04-24T08:48:51.110+0200] {standard_task_runner.py:83} INFO - Job 15: Subtask upload_transaction
[2023-04-24T08:48:51.315+0200] {task_command.py:389} INFO - Running <TaskInstance: sumup_data_pipeline.upload_transaction scheduled__2023-04-24T00:00:00+00:00 [running]> on host admins-air
[2023-04-24T08:48:51.466+0200] {taskinstance.py:1516} INFO - Exporting the following env vars:
AIRFLOW_CTX_DAG_OWNER=airflow
AIRFLOW_CTX_DAG_ID=sumup_data_pipeline
AIRFLOW_CTX_TASK_ID=upload_transaction
AIRFLOW_CTX_EXECUTION_DATE=2023-04-24T00:00:00+00:00
AIRFLOW_CTX_TRY_NUMBER=1
AIRFLOW_CTX_DAG_RUN_ID=scheduled__2023-04-24T00:00:00+00:00
[2023-04-24T08:48:52.108+0200] {python.py:177} INFO - Done. Returned value was: None
[2023-04-24T08:48:52.123+0200] {taskinstance.py:1327} INFO - Marking task as SUCCESS. dag_id=sumup_data_pipeline, task_id=upload_transaction, execution_date=20230424T000000, start_date=20230424T064850, end_date=20230424T064852
[2023-04-24T08:48:52.167+0200] {local_task_job.py:212} INFO - Task exited with return code 0
[2023-04-24T08:48:52.284+0200] {taskinstance.py:2596} INFO - 1 downstream tasks scheduled from follow-on schedule check
