[2023-04-23T16:08:00.975+0200] {taskinstance.py:1090} INFO - Dependencies all met for dep_context=non-requeueable deps ti=<TaskInstance: csv_upload.create_folders manual__2023-04-23T14:07:47.262282+00:00 [queued]>
[2023-04-23T16:08:00.987+0200] {taskinstance.py:1090} INFO - Dependencies all met for dep_context=requeueable deps ti=<TaskInstance: csv_upload.create_folders manual__2023-04-23T14:07:47.262282+00:00 [queued]>
[2023-04-23T16:08:00.987+0200] {taskinstance.py:1288} INFO - 
--------------------------------------------------------------------------------
[2023-04-23T16:08:00.988+0200] {taskinstance.py:1289} INFO - Starting attempt 1 of 1
[2023-04-23T16:08:00.988+0200] {taskinstance.py:1290} INFO - 
--------------------------------------------------------------------------------
[2023-04-23T16:08:01.001+0200] {taskinstance.py:1309} INFO - Executing <Task(PythonOperator): create_folders> on 2023-04-23 14:07:47.262282+00:00
[2023-04-23T16:08:01.005+0200] {standard_task_runner.py:55} INFO - Started process 52111 to run task
[2023-04-23T16:08:01.012+0200] {standard_task_runner.py:82} INFO - Running: ['airflow', 'tasks', 'run', 'csv_upload', 'create_folders', 'manual__2023-04-23T14:07:47.262282+00:00', '--job-id', '3', '--raw', '--subdir', 'DAGS_FOLDER/gcp_test.py', '--cfg-path', '/var/folders/4d/d2yhck4j3t317qy3gsb6wmr00000gp/T/tmpwgnu4ir_']
[2023-04-23T16:08:01.014+0200] {standard_task_runner.py:83} INFO - Job 3: Subtask create_folders
[2023-04-23T16:08:01.062+0200] {task_command.py:389} INFO - Running <TaskInstance: csv_upload.create_folders manual__2023-04-23T14:07:47.262282+00:00 [running]> on host admins-MacBook-Air.local
[2023-04-23T16:08:01.097+0200] {taskinstance.py:1516} INFO - Exporting the following env vars:
AIRFLOW_CTX_DAG_OWNER=airflow
AIRFLOW_CTX_DAG_ID=csv_upload
AIRFLOW_CTX_TASK_ID=create_folders
AIRFLOW_CTX_EXECUTION_DATE=2023-04-23T14:07:47.262282+00:00
AIRFLOW_CTX_TRY_NUMBER=1
AIRFLOW_CTX_DAG_RUN_ID=manual__2023-04-23T14:07:47.262282+00:00
[2023-04-23T16:08:02.437+0200] {python.py:177} INFO - Done. Returned value was: None
[2023-04-23T16:08:02.449+0200] {taskinstance.py:1327} INFO - Marking task as SUCCESS. dag_id=csv_upload, task_id=create_folders, execution_date=20230423T140747, start_date=20230423T140800, end_date=20230423T140802
[2023-04-23T16:08:02.477+0200] {local_task_job.py:212} INFO - Task exited with return code 0
[2023-04-23T16:08:02.511+0200] {taskinstance.py:2596} INFO - 3 downstream tasks scheduled from follow-on schedule check
