[2023-04-24T09:13:23.244+0200] {taskinstance.py:1090} INFO - Dependencies all met for dep_context=non-requeueable deps ti=<TaskInstance: sumup_data_pipeline.upload_devices scheduled__2023-04-24T02:00:00+00:00 [queued]>
[2023-04-24T09:13:23.251+0200] {taskinstance.py:1090} INFO - Dependencies all met for dep_context=requeueable deps ti=<TaskInstance: sumup_data_pipeline.upload_devices scheduled__2023-04-24T02:00:00+00:00 [queued]>
[2023-04-24T09:13:23.251+0200] {taskinstance.py:1288} INFO - 
--------------------------------------------------------------------------------
[2023-04-24T09:13:23.251+0200] {taskinstance.py:1289} INFO - Starting attempt 1 of 2
[2023-04-24T09:13:23.251+0200] {taskinstance.py:1290} INFO - 
--------------------------------------------------------------------------------
[2023-04-24T09:13:23.260+0200] {taskinstance.py:1309} INFO - Executing <Task(PythonOperator): upload_devices> on 2023-04-24 02:00:00+00:00
[2023-04-24T09:13:23.262+0200] {standard_task_runner.py:55} INFO - Started process 74273 to run task
[2023-04-24T09:13:23.268+0200] {standard_task_runner.py:82} INFO - Running: ['airflow', 'tasks', 'run', 'sumup_data_pipeline', 'upload_devices', 'scheduled__2023-04-24T02:00:00+00:00', '--job-id', '19', '--raw', '--subdir', 'DAGS_FOLDER/gcp_airflow.py', '--cfg-path', '/var/folders/4d/d2yhck4j3t317qy3gsb6wmr00000gp/T/tmp_dourr8q']
[2023-04-24T09:13:23.270+0200] {standard_task_runner.py:83} INFO - Job 19: Subtask upload_devices
[2023-04-24T09:13:23.321+0200] {task_command.py:389} INFO - Running <TaskInstance: sumup_data_pipeline.upload_devices scheduled__2023-04-24T02:00:00+00:00 [running]> on host admins-air
[2023-04-24T09:13:23.355+0200] {taskinstance.py:1516} INFO - Exporting the following env vars:
AIRFLOW_CTX_DAG_OWNER=airflow
AIRFLOW_CTX_DAG_ID=sumup_data_pipeline
AIRFLOW_CTX_TASK_ID=upload_devices
AIRFLOW_CTX_EXECUTION_DATE=2023-04-24T02:00:00+00:00
AIRFLOW_CTX_TRY_NUMBER=1
AIRFLOW_CTX_DAG_RUN_ID=scheduled__2023-04-24T02:00:00+00:00
[2023-04-24T09:13:23.833+0200] {python.py:177} INFO - Done. Returned value was: None
[2023-04-24T09:13:23.842+0200] {taskinstance.py:1327} INFO - Marking task as SUCCESS. dag_id=sumup_data_pipeline, task_id=upload_devices, execution_date=20230424T020000, start_date=20230424T071323, end_date=20230424T071323
[2023-04-24T09:13:23.885+0200] {local_task_job.py:212} INFO - Task exited with return code 0
[2023-04-24T09:13:23.917+0200] {taskinstance.py:2596} INFO - 1 downstream tasks scheduled from follow-on schedule check
