[2023-04-24T12:00:42.744+0200] {taskinstance.py:1090} INFO - Dependencies all met for dep_context=non-requeueable deps ti=<TaskInstance: sumup_data_pipeline.upload_stores scheduled__2023-04-24T08:00:00+00:00 [queued]>
[2023-04-24T12:00:42.754+0200] {taskinstance.py:1090} INFO - Dependencies all met for dep_context=requeueable deps ti=<TaskInstance: sumup_data_pipeline.upload_stores scheduled__2023-04-24T08:00:00+00:00 [queued]>
[2023-04-24T12:00:42.754+0200] {taskinstance.py:1288} INFO - 
--------------------------------------------------------------------------------
[2023-04-24T12:00:42.754+0200] {taskinstance.py:1289} INFO - Starting attempt 1 of 2
[2023-04-24T12:00:42.754+0200] {taskinstance.py:1290} INFO - 
--------------------------------------------------------------------------------
[2023-04-24T12:00:42.764+0200] {taskinstance.py:1309} INFO - Executing <Task(PythonOperator): upload_stores> on 2023-04-24 08:00:00+00:00
[2023-04-24T12:00:42.767+0200] {standard_task_runner.py:55} INFO - Started process 80587 to run task
[2023-04-24T12:00:42.775+0200] {standard_task_runner.py:82} INFO - Running: ['airflow', 'tasks', 'run', 'sumup_data_pipeline', 'upload_stores', 'scheduled__2023-04-24T08:00:00+00:00', '--job-id', '29', '--raw', '--subdir', 'DAGS_FOLDER/gcp_airflow.py', '--cfg-path', '/var/folders/4d/d2yhck4j3t317qy3gsb6wmr00000gp/T/tmpw9pljqja']
[2023-04-24T12:00:42.776+0200] {standard_task_runner.py:83} INFO - Job 29: Subtask upload_stores
[2023-04-24T12:00:42.845+0200] {task_command.py:389} INFO - Running <TaskInstance: sumup_data_pipeline.upload_stores scheduled__2023-04-24T08:00:00+00:00 [running]> on host admins-air
[2023-04-24T12:00:42.906+0200] {taskinstance.py:1516} INFO - Exporting the following env vars:
AIRFLOW_CTX_DAG_OWNER=airflow
AIRFLOW_CTX_DAG_ID=sumup_data_pipeline
AIRFLOW_CTX_TASK_ID=upload_stores
AIRFLOW_CTX_EXECUTION_DATE=2023-04-24T08:00:00+00:00
AIRFLOW_CTX_TRY_NUMBER=1
AIRFLOW_CTX_DAG_RUN_ID=scheduled__2023-04-24T08:00:00+00:00
[2023-04-24T12:00:43.237+0200] {python.py:177} INFO - Done. Returned value was: None
[2023-04-24T12:00:43.249+0200] {taskinstance.py:1327} INFO - Marking task as SUCCESS. dag_id=sumup_data_pipeline, task_id=upload_stores, execution_date=20230424T080000, start_date=20230424T100042, end_date=20230424T100043
[2023-04-24T12:00:43.303+0200] {local_task_job.py:212} INFO - Task exited with return code 0
[2023-04-24T12:00:43.339+0200] {taskinstance.py:2596} INFO - 0 downstream tasks scheduled from follow-on schedule check
