[2023-04-23T00:43:42.245+0200] {processor.py:153} INFO - Started process (PID=46758) to work on /Users/siddalingkattimani/dbt_env/lib/python3.11/site-packages/airflow/example_dags/plugins/event_listener.py
[2023-04-23T00:43:42.248+0200] {processor.py:743} INFO - Processing file /Users/siddalingkattimani/dbt_env/lib/python3.11/site-packages/airflow/example_dags/plugins/event_listener.py for tasks to queue
[2023-04-23T00:43:42.249+0200] {logging_mixin.py:137} INFO - [2023-04-23T00:43:42.248+0200] {dagbag.py:532} INFO - Filling up the DagBag from /Users/siddalingkattimani/dbt_env/lib/python3.11/site-packages/airflow/example_dags/plugins/event_listener.py
[2023-04-23T00:43:42.258+0200] {processor.py:755} WARNING - No viable dags retrieved from /Users/siddalingkattimani/dbt_env/lib/python3.11/site-packages/airflow/example_dags/plugins/event_listener.py
[2023-04-23T00:43:42.837+0200] {processor.py:175} INFO - Processing /Users/siddalingkattimani/dbt_env/lib/python3.11/site-packages/airflow/example_dags/plugins/event_listener.py took 0.593 seconds
[2023-04-23T00:45:44.400+0200] {processor.py:153} INFO - Started process (PID=46805) to work on /Users/siddalingkattimani/dbt_env/lib/python3.11/site-packages/airflow/example_dags/plugins/event_listener.py
[2023-04-23T00:45:44.403+0200] {processor.py:743} INFO - Processing file /Users/siddalingkattimani/dbt_env/lib/python3.11/site-packages/airflow/example_dags/plugins/event_listener.py for tasks to queue
[2023-04-23T00:45:44.403+0200] {logging_mixin.py:137} INFO - [2023-04-23T00:45:44.403+0200] {dagbag.py:532} INFO - Filling up the DagBag from /Users/siddalingkattimani/dbt_env/lib/python3.11/site-packages/airflow/example_dags/plugins/event_listener.py
[2023-04-23T00:45:44.414+0200] {processor.py:755} WARNING - No viable dags retrieved from /Users/siddalingkattimani/dbt_env/lib/python3.11/site-packages/airflow/example_dags/plugins/event_listener.py
[2023-04-23T00:45:45.076+0200] {processor.py:175} INFO - Processing /Users/siddalingkattimani/dbt_env/lib/python3.11/site-packages/airflow/example_dags/plugins/event_listener.py took 0.676 seconds
[2023-04-23T00:47:44.414+0200] {processor.py:153} INFO - Started process (PID=46852) to work on /Users/siddalingkattimani/dbt_env/lib/python3.11/site-packages/airflow/example_dags/plugins/event_listener.py
[2023-04-23T00:47:44.417+0200] {processor.py:743} INFO - Processing file /Users/siddalingkattimani/dbt_env/lib/python3.11/site-packages/airflow/example_dags/plugins/event_listener.py for tasks to queue
[2023-04-23T00:47:44.418+0200] {logging_mixin.py:137} INFO - [2023-04-23T00:47:44.418+0200] {dagbag.py:532} INFO - Filling up the DagBag from /Users/siddalingkattimani/dbt_env/lib/python3.11/site-packages/airflow/example_dags/plugins/event_listener.py
[2023-04-23T00:47:44.428+0200] {processor.py:755} WARNING - No viable dags retrieved from /Users/siddalingkattimani/dbt_env/lib/python3.11/site-packages/airflow/example_dags/plugins/event_listener.py
[2023-04-23T00:47:45.021+0200] {processor.py:175} INFO - Processing /Users/siddalingkattimani/dbt_env/lib/python3.11/site-packages/airflow/example_dags/plugins/event_listener.py took 0.607 seconds
[2023-04-23T00:49:47.805+0200] {processor.py:153} INFO - Started process (PID=46897) to work on /Users/siddalingkattimani/dbt_env/lib/python3.11/site-packages/airflow/example_dags/plugins/event_listener.py
[2023-04-23T00:49:47.808+0200] {processor.py:743} INFO - Processing file /Users/siddalingkattimani/dbt_env/lib/python3.11/site-packages/airflow/example_dags/plugins/event_listener.py for tasks to queue
[2023-04-23T00:49:47.808+0200] {logging_mixin.py:137} INFO - [2023-04-23T00:49:47.808+0200] {dagbag.py:532} INFO - Filling up the DagBag from /Users/siddalingkattimani/dbt_env/lib/python3.11/site-packages/airflow/example_dags/plugins/event_listener.py
[2023-04-23T00:49:47.817+0200] {processor.py:755} WARNING - No viable dags retrieved from /Users/siddalingkattimani/dbt_env/lib/python3.11/site-packages/airflow/example_dags/plugins/event_listener.py
[2023-04-23T00:49:48.427+0200] {processor.py:175} INFO - Processing /Users/siddalingkattimani/dbt_env/lib/python3.11/site-packages/airflow/example_dags/plugins/event_listener.py took 0.623 seconds
[2023-04-23T00:52:00.136+0200] {processor.py:153} INFO - Started process (PID=46960) to work on /Users/siddalingkattimani/dbt_env/lib/python3.11/site-packages/airflow/example_dags/plugins/event_listener.py
[2023-04-23T00:52:00.139+0200] {processor.py:743} INFO - Processing file /Users/siddalingkattimani/dbt_env/lib/python3.11/site-packages/airflow/example_dags/plugins/event_listener.py for tasks to queue
[2023-04-23T00:52:00.139+0200] {logging_mixin.py:137} INFO - [2023-04-23T00:52:00.139+0200] {dagbag.py:532} INFO - Filling up the DagBag from /Users/siddalingkattimani/dbt_env/lib/python3.11/site-packages/airflow/example_dags/plugins/event_listener.py
[2023-04-23T00:52:00.149+0200] {processor.py:755} WARNING - No viable dags retrieved from /Users/siddalingkattimani/dbt_env/lib/python3.11/site-packages/airflow/example_dags/plugins/event_listener.py
[2023-04-23T00:52:01.037+0200] {processor.py:175} INFO - Processing /Users/siddalingkattimani/dbt_env/lib/python3.11/site-packages/airflow/example_dags/plugins/event_listener.py took 0.902 seconds
[2023-04-23T00:54:01.322+0200] {processor.py:153} INFO - Started process (PID=47020) to work on /Users/siddalingkattimani/dbt_env/lib/python3.11/site-packages/airflow/example_dags/plugins/event_listener.py
[2023-04-23T00:54:01.325+0200] {processor.py:743} INFO - Processing file /Users/siddalingkattimani/dbt_env/lib/python3.11/site-packages/airflow/example_dags/plugins/event_listener.py for tasks to queue
[2023-04-23T00:54:01.325+0200] {logging_mixin.py:137} INFO - [2023-04-23T00:54:01.325+0200] {dagbag.py:532} INFO - Filling up the DagBag from /Users/siddalingkattimani/dbt_env/lib/python3.11/site-packages/airflow/example_dags/plugins/event_listener.py
[2023-04-23T00:54:01.335+0200] {processor.py:755} WARNING - No viable dags retrieved from /Users/siddalingkattimani/dbt_env/lib/python3.11/site-packages/airflow/example_dags/plugins/event_listener.py
[2023-04-23T00:54:01.973+0200] {processor.py:175} INFO - Processing /Users/siddalingkattimani/dbt_env/lib/python3.11/site-packages/airflow/example_dags/plugins/event_listener.py took 0.652 seconds
[2023-04-23T00:55:59.473+0200] {processor.py:153} INFO - Started process (PID=47074) to work on /Users/siddalingkattimani/dbt_env/lib/python3.11/site-packages/airflow/example_dags/plugins/event_listener.py
[2023-04-23T00:55:59.478+0200] {processor.py:743} INFO - Processing file /Users/siddalingkattimani/dbt_env/lib/python3.11/site-packages/airflow/example_dags/plugins/event_listener.py for tasks to queue
[2023-04-23T00:55:59.479+0200] {logging_mixin.py:137} INFO - [2023-04-23T00:55:59.479+0200] {dagbag.py:532} INFO - Filling up the DagBag from /Users/siddalingkattimani/dbt_env/lib/python3.11/site-packages/airflow/example_dags/plugins/event_listener.py
[2023-04-23T00:55:59.501+0200] {processor.py:755} WARNING - No viable dags retrieved from /Users/siddalingkattimani/dbt_env/lib/python3.11/site-packages/airflow/example_dags/plugins/event_listener.py
[2023-04-23T00:56:00.111+0200] {processor.py:175} INFO - Processing /Users/siddalingkattimani/dbt_env/lib/python3.11/site-packages/airflow/example_dags/plugins/event_listener.py took 0.639 seconds
[2023-04-23T00:58:10.872+0200] {processor.py:153} INFO - Started process (PID=47126) to work on /Users/siddalingkattimani/dbt_env/lib/python3.11/site-packages/airflow/example_dags/plugins/event_listener.py
[2023-04-23T00:58:10.876+0200] {processor.py:743} INFO - Processing file /Users/siddalingkattimani/dbt_env/lib/python3.11/site-packages/airflow/example_dags/plugins/event_listener.py for tasks to queue
[2023-04-23T00:58:10.877+0200] {logging_mixin.py:137} INFO - [2023-04-23T00:58:10.877+0200] {dagbag.py:532} INFO - Filling up the DagBag from /Users/siddalingkattimani/dbt_env/lib/python3.11/site-packages/airflow/example_dags/plugins/event_listener.py
[2023-04-23T00:58:10.886+0200] {processor.py:755} WARNING - No viable dags retrieved from /Users/siddalingkattimani/dbt_env/lib/python3.11/site-packages/airflow/example_dags/plugins/event_listener.py
[2023-04-23T00:58:11.492+0200] {processor.py:175} INFO - Processing /Users/siddalingkattimani/dbt_env/lib/python3.11/site-packages/airflow/example_dags/plugins/event_listener.py took 0.621 seconds
[2023-04-23T01:00:15.036+0200] {processor.py:153} INFO - Started process (PID=47173) to work on /Users/siddalingkattimani/dbt_env/lib/python3.11/site-packages/airflow/example_dags/plugins/event_listener.py
[2023-04-23T01:00:15.040+0200] {processor.py:743} INFO - Processing file /Users/siddalingkattimani/dbt_env/lib/python3.11/site-packages/airflow/example_dags/plugins/event_listener.py for tasks to queue
[2023-04-23T01:00:15.041+0200] {logging_mixin.py:137} INFO - [2023-04-23T01:00:15.041+0200] {dagbag.py:532} INFO - Filling up the DagBag from /Users/siddalingkattimani/dbt_env/lib/python3.11/site-packages/airflow/example_dags/plugins/event_listener.py
[2023-04-23T01:00:15.053+0200] {processor.py:755} WARNING - No viable dags retrieved from /Users/siddalingkattimani/dbt_env/lib/python3.11/site-packages/airflow/example_dags/plugins/event_listener.py
[2023-04-23T01:00:15.884+0200] {processor.py:175} INFO - Processing /Users/siddalingkattimani/dbt_env/lib/python3.11/site-packages/airflow/example_dags/plugins/event_listener.py took 0.849 seconds
[2023-04-23T01:02:34.820+0200] {processor.py:153} INFO - Started process (PID=47220) to work on /Users/siddalingkattimani/dbt_env/lib/python3.11/site-packages/airflow/example_dags/plugins/event_listener.py
[2023-04-23T01:02:34.824+0200] {processor.py:743} INFO - Processing file /Users/siddalingkattimani/dbt_env/lib/python3.11/site-packages/airflow/example_dags/plugins/event_listener.py for tasks to queue
[2023-04-23T01:02:34.825+0200] {logging_mixin.py:137} INFO - [2023-04-23T01:02:34.824+0200] {dagbag.py:532} INFO - Filling up the DagBag from /Users/siddalingkattimani/dbt_env/lib/python3.11/site-packages/airflow/example_dags/plugins/event_listener.py
[2023-04-23T01:02:34.835+0200] {processor.py:755} WARNING - No viable dags retrieved from /Users/siddalingkattimani/dbt_env/lib/python3.11/site-packages/airflow/example_dags/plugins/event_listener.py
[2023-04-23T01:02:35.482+0200] {processor.py:175} INFO - Processing /Users/siddalingkattimani/dbt_env/lib/python3.11/site-packages/airflow/example_dags/plugins/event_listener.py took 0.662 seconds
[2023-04-23T01:04:32.079+0200] {processor.py:153} INFO - Started process (PID=47266) to work on /Users/siddalingkattimani/dbt_env/lib/python3.11/site-packages/airflow/example_dags/plugins/event_listener.py
[2023-04-23T01:04:32.083+0200] {processor.py:743} INFO - Processing file /Users/siddalingkattimani/dbt_env/lib/python3.11/site-packages/airflow/example_dags/plugins/event_listener.py for tasks to queue
[2023-04-23T01:04:32.083+0200] {logging_mixin.py:137} INFO - [2023-04-23T01:04:32.083+0200] {dagbag.py:532} INFO - Filling up the DagBag from /Users/siddalingkattimani/dbt_env/lib/python3.11/site-packages/airflow/example_dags/plugins/event_listener.py
[2023-04-23T01:04:32.097+0200] {processor.py:755} WARNING - No viable dags retrieved from /Users/siddalingkattimani/dbt_env/lib/python3.11/site-packages/airflow/example_dags/plugins/event_listener.py
[2023-04-23T01:04:32.810+0200] {processor.py:175} INFO - Processing /Users/siddalingkattimani/dbt_env/lib/python3.11/site-packages/airflow/example_dags/plugins/event_listener.py took 0.733 seconds
[2023-04-23T01:06:48.054+0200] {processor.py:153} INFO - Started process (PID=47373) to work on /Users/siddalingkattimani/dbt_env/lib/python3.11/site-packages/airflow/example_dags/plugins/event_listener.py
[2023-04-23T01:06:48.058+0200] {processor.py:743} INFO - Processing file /Users/siddalingkattimani/dbt_env/lib/python3.11/site-packages/airflow/example_dags/plugins/event_listener.py for tasks to queue
[2023-04-23T01:06:48.059+0200] {logging_mixin.py:137} INFO - [2023-04-23T01:06:48.059+0200] {dagbag.py:532} INFO - Filling up the DagBag from /Users/siddalingkattimani/dbt_env/lib/python3.11/site-packages/airflow/example_dags/plugins/event_listener.py
[2023-04-23T01:06:48.070+0200] {processor.py:755} WARNING - No viable dags retrieved from /Users/siddalingkattimani/dbt_env/lib/python3.11/site-packages/airflow/example_dags/plugins/event_listener.py
[2023-04-23T01:06:48.805+0200] {processor.py:175} INFO - Processing /Users/siddalingkattimani/dbt_env/lib/python3.11/site-packages/airflow/example_dags/plugins/event_listener.py took 0.752 seconds
[2023-04-23T01:09:31.952+0200] {processor.py:153} INFO - Started process (PID=47618) to work on /Users/siddalingkattimani/dbt_env/lib/python3.11/site-packages/airflow/example_dags/plugins/event_listener.py
[2023-04-23T01:09:31.956+0200] {processor.py:743} INFO - Processing file /Users/siddalingkattimani/dbt_env/lib/python3.11/site-packages/airflow/example_dags/plugins/event_listener.py for tasks to queue
[2023-04-23T01:09:31.956+0200] {logging_mixin.py:137} INFO - [2023-04-23T01:09:31.956+0200] {dagbag.py:532} INFO - Filling up the DagBag from /Users/siddalingkattimani/dbt_env/lib/python3.11/site-packages/airflow/example_dags/plugins/event_listener.py
[2023-04-23T01:09:31.969+0200] {processor.py:755} WARNING - No viable dags retrieved from /Users/siddalingkattimani/dbt_env/lib/python3.11/site-packages/airflow/example_dags/plugins/event_listener.py
[2023-04-23T01:09:32.830+0200] {processor.py:175} INFO - Processing /Users/siddalingkattimani/dbt_env/lib/python3.11/site-packages/airflow/example_dags/plugins/event_listener.py took 0.879 seconds
[2023-04-23T01:11:52.316+0200] {processor.py:153} INFO - Started process (PID=47673) to work on /Users/siddalingkattimani/dbt_env/lib/python3.11/site-packages/airflow/example_dags/plugins/event_listener.py
[2023-04-23T01:11:52.320+0200] {processor.py:743} INFO - Processing file /Users/siddalingkattimani/dbt_env/lib/python3.11/site-packages/airflow/example_dags/plugins/event_listener.py for tasks to queue
[2023-04-23T01:11:52.320+0200] {logging_mixin.py:137} INFO - [2023-04-23T01:11:52.320+0200] {dagbag.py:532} INFO - Filling up the DagBag from /Users/siddalingkattimani/dbt_env/lib/python3.11/site-packages/airflow/example_dags/plugins/event_listener.py
[2023-04-23T01:11:52.332+0200] {processor.py:755} WARNING - No viable dags retrieved from /Users/siddalingkattimani/dbt_env/lib/python3.11/site-packages/airflow/example_dags/plugins/event_listener.py
[2023-04-23T01:11:53.012+0200] {processor.py:175} INFO - Processing /Users/siddalingkattimani/dbt_env/lib/python3.11/site-packages/airflow/example_dags/plugins/event_listener.py took 0.696 seconds
[2023-04-23T01:13:50.992+0200] {processor.py:153} INFO - Started process (PID=47719) to work on /Users/siddalingkattimani/dbt_env/lib/python3.11/site-packages/airflow/example_dags/plugins/event_listener.py
[2023-04-23T01:13:50.995+0200] {processor.py:743} INFO - Processing file /Users/siddalingkattimani/dbt_env/lib/python3.11/site-packages/airflow/example_dags/plugins/event_listener.py for tasks to queue
[2023-04-23T01:13:50.995+0200] {logging_mixin.py:137} INFO - [2023-04-23T01:13:50.995+0200] {dagbag.py:532} INFO - Filling up the DagBag from /Users/siddalingkattimani/dbt_env/lib/python3.11/site-packages/airflow/example_dags/plugins/event_listener.py
[2023-04-23T01:13:51.005+0200] {processor.py:755} WARNING - No viable dags retrieved from /Users/siddalingkattimani/dbt_env/lib/python3.11/site-packages/airflow/example_dags/plugins/event_listener.py
[2023-04-23T01:13:51.628+0200] {processor.py:175} INFO - Processing /Users/siddalingkattimani/dbt_env/lib/python3.11/site-packages/airflow/example_dags/plugins/event_listener.py took 0.637 seconds
[2023-04-23T01:15:56.491+0200] {processor.py:153} INFO - Started process (PID=47767) to work on /Users/siddalingkattimani/dbt_env/lib/python3.11/site-packages/airflow/example_dags/plugins/event_listener.py
[2023-04-23T01:15:56.495+0200] {processor.py:743} INFO - Processing file /Users/siddalingkattimani/dbt_env/lib/python3.11/site-packages/airflow/example_dags/plugins/event_listener.py for tasks to queue
[2023-04-23T01:15:56.496+0200] {logging_mixin.py:137} INFO - [2023-04-23T01:15:56.495+0200] {dagbag.py:532} INFO - Filling up the DagBag from /Users/siddalingkattimani/dbt_env/lib/python3.11/site-packages/airflow/example_dags/plugins/event_listener.py
[2023-04-23T01:15:56.511+0200] {processor.py:755} WARNING - No viable dags retrieved from /Users/siddalingkattimani/dbt_env/lib/python3.11/site-packages/airflow/example_dags/plugins/event_listener.py
[2023-04-23T01:15:57.198+0200] {processor.py:175} INFO - Processing /Users/siddalingkattimani/dbt_env/lib/python3.11/site-packages/airflow/example_dags/plugins/event_listener.py took 0.708 seconds
[2023-04-23T01:17:58.644+0200] {processor.py:153} INFO - Started process (PID=47813) to work on /Users/siddalingkattimani/dbt_env/lib/python3.11/site-packages/airflow/example_dags/plugins/event_listener.py
[2023-04-23T01:17:58.647+0200] {processor.py:743} INFO - Processing file /Users/siddalingkattimani/dbt_env/lib/python3.11/site-packages/airflow/example_dags/plugins/event_listener.py for tasks to queue
[2023-04-23T01:17:58.648+0200] {logging_mixin.py:137} INFO - [2023-04-23T01:17:58.648+0200] {dagbag.py:532} INFO - Filling up the DagBag from /Users/siddalingkattimani/dbt_env/lib/python3.11/site-packages/airflow/example_dags/plugins/event_listener.py
[2023-04-23T01:17:58.658+0200] {processor.py:755} WARNING - No viable dags retrieved from /Users/siddalingkattimani/dbt_env/lib/python3.11/site-packages/airflow/example_dags/plugins/event_listener.py
[2023-04-23T01:17:59.294+0200] {processor.py:175} INFO - Processing /Users/siddalingkattimani/dbt_env/lib/python3.11/site-packages/airflow/example_dags/plugins/event_listener.py took 0.651 seconds
[2023-04-23T01:20:01.539+0200] {processor.py:153} INFO - Started process (PID=47858) to work on /Users/siddalingkattimani/dbt_env/lib/python3.11/site-packages/airflow/example_dags/plugins/event_listener.py
[2023-04-23T01:20:01.542+0200] {processor.py:743} INFO - Processing file /Users/siddalingkattimani/dbt_env/lib/python3.11/site-packages/airflow/example_dags/plugins/event_listener.py for tasks to queue
[2023-04-23T01:20:01.543+0200] {logging_mixin.py:137} INFO - [2023-04-23T01:20:01.543+0200] {dagbag.py:532} INFO - Filling up the DagBag from /Users/siddalingkattimani/dbt_env/lib/python3.11/site-packages/airflow/example_dags/plugins/event_listener.py
[2023-04-23T01:20:01.553+0200] {processor.py:755} WARNING - No viable dags retrieved from /Users/siddalingkattimani/dbt_env/lib/python3.11/site-packages/airflow/example_dags/plugins/event_listener.py
[2023-04-23T01:20:02.255+0200] {processor.py:175} INFO - Processing /Users/siddalingkattimani/dbt_env/lib/python3.11/site-packages/airflow/example_dags/plugins/event_listener.py took 0.717 seconds
[2023-04-23T01:22:07.460+0200] {processor.py:153} INFO - Started process (PID=47905) to work on /Users/siddalingkattimani/dbt_env/lib/python3.11/site-packages/airflow/example_dags/plugins/event_listener.py
[2023-04-23T01:22:07.465+0200] {processor.py:743} INFO - Processing file /Users/siddalingkattimani/dbt_env/lib/python3.11/site-packages/airflow/example_dags/plugins/event_listener.py for tasks to queue
[2023-04-23T01:22:07.465+0200] {logging_mixin.py:137} INFO - [2023-04-23T01:22:07.465+0200] {dagbag.py:532} INFO - Filling up the DagBag from /Users/siddalingkattimani/dbt_env/lib/python3.11/site-packages/airflow/example_dags/plugins/event_listener.py
[2023-04-23T01:22:07.478+0200] {processor.py:755} WARNING - No viable dags retrieved from /Users/siddalingkattimani/dbt_env/lib/python3.11/site-packages/airflow/example_dags/plugins/event_listener.py
[2023-04-23T01:22:08.144+0200] {processor.py:175} INFO - Processing /Users/siddalingkattimani/dbt_env/lib/python3.11/site-packages/airflow/example_dags/plugins/event_listener.py took 0.685 seconds
[2023-04-23T01:24:06.353+0200] {processor.py:153} INFO - Started process (PID=47954) to work on /Users/siddalingkattimani/dbt_env/lib/python3.11/site-packages/airflow/example_dags/plugins/event_listener.py
[2023-04-23T01:24:06.356+0200] {processor.py:743} INFO - Processing file /Users/siddalingkattimani/dbt_env/lib/python3.11/site-packages/airflow/example_dags/plugins/event_listener.py for tasks to queue
[2023-04-23T01:24:06.356+0200] {logging_mixin.py:137} INFO - [2023-04-23T01:24:06.356+0200] {dagbag.py:532} INFO - Filling up the DagBag from /Users/siddalingkattimani/dbt_env/lib/python3.11/site-packages/airflow/example_dags/plugins/event_listener.py
[2023-04-23T01:24:06.367+0200] {processor.py:755} WARNING - No viable dags retrieved from /Users/siddalingkattimani/dbt_env/lib/python3.11/site-packages/airflow/example_dags/plugins/event_listener.py
[2023-04-23T01:24:07.010+0200] {processor.py:175} INFO - Processing /Users/siddalingkattimani/dbt_env/lib/python3.11/site-packages/airflow/example_dags/plugins/event_listener.py took 0.658 seconds
[2023-04-23T01:26:05.174+0200] {processor.py:153} INFO - Started process (PID=48022) to work on /Users/siddalingkattimani/dbt_env/lib/python3.11/site-packages/airflow/example_dags/plugins/event_listener.py
[2023-04-23T01:26:05.178+0200] {processor.py:743} INFO - Processing file /Users/siddalingkattimani/dbt_env/lib/python3.11/site-packages/airflow/example_dags/plugins/event_listener.py for tasks to queue
[2023-04-23T01:26:05.178+0200] {logging_mixin.py:137} INFO - [2023-04-23T01:26:05.178+0200] {dagbag.py:532} INFO - Filling up the DagBag from /Users/siddalingkattimani/dbt_env/lib/python3.11/site-packages/airflow/example_dags/plugins/event_listener.py
[2023-04-23T01:26:05.190+0200] {processor.py:755} WARNING - No viable dags retrieved from /Users/siddalingkattimani/dbt_env/lib/python3.11/site-packages/airflow/example_dags/plugins/event_listener.py
[2023-04-23T01:26:06.032+0200] {processor.py:175} INFO - Processing /Users/siddalingkattimani/dbt_env/lib/python3.11/site-packages/airflow/example_dags/plugins/event_listener.py took 0.858 seconds
[2023-04-23T01:28:10.736+0200] {processor.py:153} INFO - Started process (PID=48068) to work on /Users/siddalingkattimani/dbt_env/lib/python3.11/site-packages/airflow/example_dags/plugins/event_listener.py
[2023-04-23T01:28:10.744+0200] {processor.py:743} INFO - Processing file /Users/siddalingkattimani/dbt_env/lib/python3.11/site-packages/airflow/example_dags/plugins/event_listener.py for tasks to queue
[2023-04-23T01:28:10.744+0200] {logging_mixin.py:137} INFO - [2023-04-23T01:28:10.744+0200] {dagbag.py:532} INFO - Filling up the DagBag from /Users/siddalingkattimani/dbt_env/lib/python3.11/site-packages/airflow/example_dags/plugins/event_listener.py
[2023-04-23T01:28:10.756+0200] {processor.py:755} WARNING - No viable dags retrieved from /Users/siddalingkattimani/dbt_env/lib/python3.11/site-packages/airflow/example_dags/plugins/event_listener.py
[2023-04-23T01:28:11.600+0200] {processor.py:175} INFO - Processing /Users/siddalingkattimani/dbt_env/lib/python3.11/site-packages/airflow/example_dags/plugins/event_listener.py took 0.864 seconds
[2023-04-23T01:30:15.544+0200] {processor.py:153} INFO - Started process (PID=48116) to work on /Users/siddalingkattimani/dbt_env/lib/python3.11/site-packages/airflow/example_dags/plugins/event_listener.py
[2023-04-23T01:30:15.547+0200] {processor.py:743} INFO - Processing file /Users/siddalingkattimani/dbt_env/lib/python3.11/site-packages/airflow/example_dags/plugins/event_listener.py for tasks to queue
[2023-04-23T01:30:15.547+0200] {logging_mixin.py:137} INFO - [2023-04-23T01:30:15.547+0200] {dagbag.py:532} INFO - Filling up the DagBag from /Users/siddalingkattimani/dbt_env/lib/python3.11/site-packages/airflow/example_dags/plugins/event_listener.py
[2023-04-23T01:30:15.557+0200] {processor.py:755} WARNING - No viable dags retrieved from /Users/siddalingkattimani/dbt_env/lib/python3.11/site-packages/airflow/example_dags/plugins/event_listener.py
[2023-04-23T01:30:16.186+0200] {processor.py:175} INFO - Processing /Users/siddalingkattimani/dbt_env/lib/python3.11/site-packages/airflow/example_dags/plugins/event_listener.py took 0.642 seconds
[2023-04-23T01:32:16.680+0200] {processor.py:153} INFO - Started process (PID=48162) to work on /Users/siddalingkattimani/dbt_env/lib/python3.11/site-packages/airflow/example_dags/plugins/event_listener.py
[2023-04-23T01:32:16.684+0200] {processor.py:743} INFO - Processing file /Users/siddalingkattimani/dbt_env/lib/python3.11/site-packages/airflow/example_dags/plugins/event_listener.py for tasks to queue
[2023-04-23T01:32:16.685+0200] {logging_mixin.py:137} INFO - [2023-04-23T01:32:16.685+0200] {dagbag.py:532} INFO - Filling up the DagBag from /Users/siddalingkattimani/dbt_env/lib/python3.11/site-packages/airflow/example_dags/plugins/event_listener.py
[2023-04-23T01:32:16.696+0200] {processor.py:755} WARNING - No viable dags retrieved from /Users/siddalingkattimani/dbt_env/lib/python3.11/site-packages/airflow/example_dags/plugins/event_listener.py
[2023-04-23T01:32:17.578+0200] {processor.py:175} INFO - Processing /Users/siddalingkattimani/dbt_env/lib/python3.11/site-packages/airflow/example_dags/plugins/event_listener.py took 0.899 seconds
[2023-04-23T01:34:23.684+0200] {processor.py:153} INFO - Started process (PID=48212) to work on /Users/siddalingkattimani/dbt_env/lib/python3.11/site-packages/airflow/example_dags/plugins/event_listener.py
[2023-04-23T01:34:23.687+0200] {processor.py:743} INFO - Processing file /Users/siddalingkattimani/dbt_env/lib/python3.11/site-packages/airflow/example_dags/plugins/event_listener.py for tasks to queue
[2023-04-23T01:34:23.688+0200] {logging_mixin.py:137} INFO - [2023-04-23T01:34:23.688+0200] {dagbag.py:532} INFO - Filling up the DagBag from /Users/siddalingkattimani/dbt_env/lib/python3.11/site-packages/airflow/example_dags/plugins/event_listener.py
[2023-04-23T01:34:23.699+0200] {processor.py:755} WARNING - No viable dags retrieved from /Users/siddalingkattimani/dbt_env/lib/python3.11/site-packages/airflow/example_dags/plugins/event_listener.py
[2023-04-23T01:34:24.356+0200] {processor.py:175} INFO - Processing /Users/siddalingkattimani/dbt_env/lib/python3.11/site-packages/airflow/example_dags/plugins/event_listener.py took 0.673 seconds
