[2023-04-23T00:43:39.626+0200] {processor.py:153} INFO - Started process (PID=46757) to work on /Users/siddalingkattimani/dbt_env/lib/python3.11/site-packages/airflow/example_dags/plugins/listener_plugin.py
[2023-04-23T00:43:39.629+0200] {processor.py:743} INFO - Processing file /Users/siddalingkattimani/dbt_env/lib/python3.11/site-packages/airflow/example_dags/plugins/listener_plugin.py for tasks to queue
[2023-04-23T00:43:39.629+0200] {logging_mixin.py:137} INFO - [2023-04-23T00:43:39.629+0200] {dagbag.py:532} INFO - Filling up the DagBag from /Users/siddalingkattimani/dbt_env/lib/python3.11/site-packages/airflow/example_dags/plugins/listener_plugin.py
[2023-04-23T00:43:39.639+0200] {processor.py:755} WARNING - No viable dags retrieved from /Users/siddalingkattimani/dbt_env/lib/python3.11/site-packages/airflow/example_dags/plugins/listener_plugin.py
[2023-04-23T00:43:40.216+0200] {processor.py:175} INFO - Processing /Users/siddalingkattimani/dbt_env/lib/python3.11/site-packages/airflow/example_dags/plugins/listener_plugin.py took 0.591 seconds
[2023-04-23T00:45:41.808+0200] {processor.py:153} INFO - Started process (PID=46804) to work on /Users/siddalingkattimani/dbt_env/lib/python3.11/site-packages/airflow/example_dags/plugins/listener_plugin.py
[2023-04-23T00:45:41.812+0200] {processor.py:743} INFO - Processing file /Users/siddalingkattimani/dbt_env/lib/python3.11/site-packages/airflow/example_dags/plugins/listener_plugin.py for tasks to queue
[2023-04-23T00:45:41.812+0200] {logging_mixin.py:137} INFO - [2023-04-23T00:45:41.812+0200] {dagbag.py:532} INFO - Filling up the DagBag from /Users/siddalingkattimani/dbt_env/lib/python3.11/site-packages/airflow/example_dags/plugins/listener_plugin.py
[2023-04-23T00:45:41.823+0200] {processor.py:755} WARNING - No viable dags retrieved from /Users/siddalingkattimani/dbt_env/lib/python3.11/site-packages/airflow/example_dags/plugins/listener_plugin.py
[2023-04-23T00:45:42.420+0200] {processor.py:175} INFO - Processing /Users/siddalingkattimani/dbt_env/lib/python3.11/site-packages/airflow/example_dags/plugins/listener_plugin.py took 0.613 seconds
[2023-04-23T00:47:41.729+0200] {processor.py:153} INFO - Started process (PID=46851) to work on /Users/siddalingkattimani/dbt_env/lib/python3.11/site-packages/airflow/example_dags/plugins/listener_plugin.py
[2023-04-23T00:47:41.732+0200] {processor.py:743} INFO - Processing file /Users/siddalingkattimani/dbt_env/lib/python3.11/site-packages/airflow/example_dags/plugins/listener_plugin.py for tasks to queue
[2023-04-23T00:47:41.733+0200] {logging_mixin.py:137} INFO - [2023-04-23T00:47:41.733+0200] {dagbag.py:532} INFO - Filling up the DagBag from /Users/siddalingkattimani/dbt_env/lib/python3.11/site-packages/airflow/example_dags/plugins/listener_plugin.py
[2023-04-23T00:47:41.742+0200] {processor.py:755} WARNING - No viable dags retrieved from /Users/siddalingkattimani/dbt_env/lib/python3.11/site-packages/airflow/example_dags/plugins/listener_plugin.py
[2023-04-23T00:47:42.363+0200] {processor.py:175} INFO - Processing /Users/siddalingkattimani/dbt_env/lib/python3.11/site-packages/airflow/example_dags/plugins/listener_plugin.py took 0.634 seconds
[2023-04-23T00:49:44.928+0200] {processor.py:153} INFO - Started process (PID=46896) to work on /Users/siddalingkattimani/dbt_env/lib/python3.11/site-packages/airflow/example_dags/plugins/listener_plugin.py
[2023-04-23T00:49:44.931+0200] {processor.py:743} INFO - Processing file /Users/siddalingkattimani/dbt_env/lib/python3.11/site-packages/airflow/example_dags/plugins/listener_plugin.py for tasks to queue
[2023-04-23T00:49:44.932+0200] {logging_mixin.py:137} INFO - [2023-04-23T00:49:44.931+0200] {dagbag.py:532} INFO - Filling up the DagBag from /Users/siddalingkattimani/dbt_env/lib/python3.11/site-packages/airflow/example_dags/plugins/listener_plugin.py
[2023-04-23T00:49:44.943+0200] {processor.py:755} WARNING - No viable dags retrieved from /Users/siddalingkattimani/dbt_env/lib/python3.11/site-packages/airflow/example_dags/plugins/listener_plugin.py
[2023-04-23T00:49:45.656+0200] {processor.py:175} INFO - Processing /Users/siddalingkattimani/dbt_env/lib/python3.11/site-packages/airflow/example_dags/plugins/listener_plugin.py took 0.729 seconds
[2023-04-23T00:51:57.752+0200] {processor.py:153} INFO - Started process (PID=46959) to work on /Users/siddalingkattimani/dbt_env/lib/python3.11/site-packages/airflow/example_dags/plugins/listener_plugin.py
[2023-04-23T00:51:57.755+0200] {processor.py:743} INFO - Processing file /Users/siddalingkattimani/dbt_env/lib/python3.11/site-packages/airflow/example_dags/plugins/listener_plugin.py for tasks to queue
[2023-04-23T00:51:57.755+0200] {logging_mixin.py:137} INFO - [2023-04-23T00:51:57.755+0200] {dagbag.py:532} INFO - Filling up the DagBag from /Users/siddalingkattimani/dbt_env/lib/python3.11/site-packages/airflow/example_dags/plugins/listener_plugin.py
[2023-04-23T00:51:57.765+0200] {processor.py:755} WARNING - No viable dags retrieved from /Users/siddalingkattimani/dbt_env/lib/python3.11/site-packages/airflow/example_dags/plugins/listener_plugin.py
[2023-04-23T00:51:58.419+0200] {processor.py:175} INFO - Processing /Users/siddalingkattimani/dbt_env/lib/python3.11/site-packages/airflow/example_dags/plugins/listener_plugin.py took 0.667 seconds
[2023-04-23T00:53:58.180+0200] {processor.py:153} INFO - Started process (PID=47004) to work on /Users/siddalingkattimani/dbt_env/lib/python3.11/site-packages/airflow/example_dags/plugins/listener_plugin.py
[2023-04-23T00:53:58.184+0200] {processor.py:743} INFO - Processing file /Users/siddalingkattimani/dbt_env/lib/python3.11/site-packages/airflow/example_dags/plugins/listener_plugin.py for tasks to queue
[2023-04-23T00:53:58.185+0200] {logging_mixin.py:137} INFO - [2023-04-23T00:53:58.184+0200] {dagbag.py:532} INFO - Filling up the DagBag from /Users/siddalingkattimani/dbt_env/lib/python3.11/site-packages/airflow/example_dags/plugins/listener_plugin.py
[2023-04-23T00:53:58.195+0200] {processor.py:755} WARNING - No viable dags retrieved from /Users/siddalingkattimani/dbt_env/lib/python3.11/site-packages/airflow/example_dags/plugins/listener_plugin.py
[2023-04-23T00:53:59.148+0200] {processor.py:175} INFO - Processing /Users/siddalingkattimani/dbt_env/lib/python3.11/site-packages/airflow/example_dags/plugins/listener_plugin.py took 0.968 seconds
[2023-04-23T00:55:56.814+0200] {processor.py:153} INFO - Started process (PID=47073) to work on /Users/siddalingkattimani/dbt_env/lib/python3.11/site-packages/airflow/example_dags/plugins/listener_plugin.py
[2023-04-23T00:55:56.818+0200] {processor.py:743} INFO - Processing file /Users/siddalingkattimani/dbt_env/lib/python3.11/site-packages/airflow/example_dags/plugins/listener_plugin.py for tasks to queue
[2023-04-23T00:55:56.819+0200] {logging_mixin.py:137} INFO - [2023-04-23T00:55:56.819+0200] {dagbag.py:532} INFO - Filling up the DagBag from /Users/siddalingkattimani/dbt_env/lib/python3.11/site-packages/airflow/example_dags/plugins/listener_plugin.py
[2023-04-23T00:55:56.832+0200] {processor.py:755} WARNING - No viable dags retrieved from /Users/siddalingkattimani/dbt_env/lib/python3.11/site-packages/airflow/example_dags/plugins/listener_plugin.py
[2023-04-23T00:55:57.430+0200] {processor.py:175} INFO - Processing /Users/siddalingkattimani/dbt_env/lib/python3.11/site-packages/airflow/example_dags/plugins/listener_plugin.py took 0.617 seconds
[2023-04-23T00:58:08.227+0200] {processor.py:153} INFO - Started process (PID=47125) to work on /Users/siddalingkattimani/dbt_env/lib/python3.11/site-packages/airflow/example_dags/plugins/listener_plugin.py
[2023-04-23T00:58:08.232+0200] {processor.py:743} INFO - Processing file /Users/siddalingkattimani/dbt_env/lib/python3.11/site-packages/airflow/example_dags/plugins/listener_plugin.py for tasks to queue
[2023-04-23T00:58:08.233+0200] {logging_mixin.py:137} INFO - [2023-04-23T00:58:08.232+0200] {dagbag.py:532} INFO - Filling up the DagBag from /Users/siddalingkattimani/dbt_env/lib/python3.11/site-packages/airflow/example_dags/plugins/listener_plugin.py
[2023-04-23T00:58:08.245+0200] {processor.py:755} WARNING - No viable dags retrieved from /Users/siddalingkattimani/dbt_env/lib/python3.11/site-packages/airflow/example_dags/plugins/listener_plugin.py
[2023-04-23T00:58:08.855+0200] {processor.py:175} INFO - Processing /Users/siddalingkattimani/dbt_env/lib/python3.11/site-packages/airflow/example_dags/plugins/listener_plugin.py took 0.628 seconds
[2023-04-23T01:00:12.202+0200] {processor.py:153} INFO - Started process (PID=47172) to work on /Users/siddalingkattimani/dbt_env/lib/python3.11/site-packages/airflow/example_dags/plugins/listener_plugin.py
[2023-04-23T01:00:12.207+0200] {processor.py:743} INFO - Processing file /Users/siddalingkattimani/dbt_env/lib/python3.11/site-packages/airflow/example_dags/plugins/listener_plugin.py for tasks to queue
[2023-04-23T01:00:12.208+0200] {logging_mixin.py:137} INFO - [2023-04-23T01:00:12.208+0200] {dagbag.py:532} INFO - Filling up the DagBag from /Users/siddalingkattimani/dbt_env/lib/python3.11/site-packages/airflow/example_dags/plugins/listener_plugin.py
[2023-04-23T01:00:12.220+0200] {processor.py:755} WARNING - No viable dags retrieved from /Users/siddalingkattimani/dbt_env/lib/python3.11/site-packages/airflow/example_dags/plugins/listener_plugin.py
[2023-04-23T01:00:12.891+0200] {processor.py:175} INFO - Processing /Users/siddalingkattimani/dbt_env/lib/python3.11/site-packages/airflow/example_dags/plugins/listener_plugin.py took 0.690 seconds
[2023-04-23T01:02:32.050+0200] {processor.py:153} INFO - Started process (PID=47219) to work on /Users/siddalingkattimani/dbt_env/lib/python3.11/site-packages/airflow/example_dags/plugins/listener_plugin.py
[2023-04-23T01:02:32.054+0200] {processor.py:743} INFO - Processing file /Users/siddalingkattimani/dbt_env/lib/python3.11/site-packages/airflow/example_dags/plugins/listener_plugin.py for tasks to queue
[2023-04-23T01:02:32.055+0200] {logging_mixin.py:137} INFO - [2023-04-23T01:02:32.055+0200] {dagbag.py:532} INFO - Filling up the DagBag from /Users/siddalingkattimani/dbt_env/lib/python3.11/site-packages/airflow/example_dags/plugins/listener_plugin.py
[2023-04-23T01:02:32.068+0200] {processor.py:755} WARNING - No viable dags retrieved from /Users/siddalingkattimani/dbt_env/lib/python3.11/site-packages/airflow/example_dags/plugins/listener_plugin.py
[2023-04-23T01:02:32.749+0200] {processor.py:175} INFO - Processing /Users/siddalingkattimani/dbt_env/lib/python3.11/site-packages/airflow/example_dags/plugins/listener_plugin.py took 0.699 seconds
[2023-04-23T01:04:30.173+0200] {processor.py:153} INFO - Started process (PID=47265) to work on /Users/siddalingkattimani/dbt_env/lib/python3.11/site-packages/airflow/example_dags/plugins/listener_plugin.py
[2023-04-23T01:04:30.176+0200] {processor.py:743} INFO - Processing file /Users/siddalingkattimani/dbt_env/lib/python3.11/site-packages/airflow/example_dags/plugins/listener_plugin.py for tasks to queue
[2023-04-23T01:04:30.177+0200] {logging_mixin.py:137} INFO - [2023-04-23T01:04:30.177+0200] {dagbag.py:532} INFO - Filling up the DagBag from /Users/siddalingkattimani/dbt_env/lib/python3.11/site-packages/airflow/example_dags/plugins/listener_plugin.py
[2023-04-23T01:04:30.188+0200] {processor.py:755} WARNING - No viable dags retrieved from /Users/siddalingkattimani/dbt_env/lib/python3.11/site-packages/airflow/example_dags/plugins/listener_plugin.py
[2023-04-23T01:04:30.846+0200] {processor.py:175} INFO - Processing /Users/siddalingkattimani/dbt_env/lib/python3.11/site-packages/airflow/example_dags/plugins/listener_plugin.py took 0.673 seconds
[2023-04-23T01:06:45.225+0200] {processor.py:153} INFO - Started process (PID=47372) to work on /Users/siddalingkattimani/dbt_env/lib/python3.11/site-packages/airflow/example_dags/plugins/listener_plugin.py
[2023-04-23T01:06:45.230+0200] {processor.py:743} INFO - Processing file /Users/siddalingkattimani/dbt_env/lib/python3.11/site-packages/airflow/example_dags/plugins/listener_plugin.py for tasks to queue
[2023-04-23T01:06:45.230+0200] {logging_mixin.py:137} INFO - [2023-04-23T01:06:45.230+0200] {dagbag.py:532} INFO - Filling up the DagBag from /Users/siddalingkattimani/dbt_env/lib/python3.11/site-packages/airflow/example_dags/plugins/listener_plugin.py
[2023-04-23T01:06:45.246+0200] {processor.py:755} WARNING - No viable dags retrieved from /Users/siddalingkattimani/dbt_env/lib/python3.11/site-packages/airflow/example_dags/plugins/listener_plugin.py
[2023-04-23T01:06:45.967+0200] {processor.py:175} INFO - Processing /Users/siddalingkattimani/dbt_env/lib/python3.11/site-packages/airflow/example_dags/plugins/listener_plugin.py took 0.744 seconds
[2023-04-23T01:09:28.379+0200] {processor.py:153} INFO - Started process (PID=47616) to work on /Users/siddalingkattimani/dbt_env/lib/python3.11/site-packages/airflow/example_dags/plugins/listener_plugin.py
[2023-04-23T01:09:28.383+0200] {processor.py:743} INFO - Processing file /Users/siddalingkattimani/dbt_env/lib/python3.11/site-packages/airflow/example_dags/plugins/listener_plugin.py for tasks to queue
[2023-04-23T01:09:28.384+0200] {logging_mixin.py:137} INFO - [2023-04-23T01:09:28.384+0200] {dagbag.py:532} INFO - Filling up the DagBag from /Users/siddalingkattimani/dbt_env/lib/python3.11/site-packages/airflow/example_dags/plugins/listener_plugin.py
[2023-04-23T01:09:28.402+0200] {processor.py:755} WARNING - No viable dags retrieved from /Users/siddalingkattimani/dbt_env/lib/python3.11/site-packages/airflow/example_dags/plugins/listener_plugin.py
[2023-04-23T01:09:29.206+0200] {processor.py:175} INFO - Processing /Users/siddalingkattimani/dbt_env/lib/python3.11/site-packages/airflow/example_dags/plugins/listener_plugin.py took 0.827 seconds
[2023-04-23T01:11:49.557+0200] {processor.py:153} INFO - Started process (PID=47672) to work on /Users/siddalingkattimani/dbt_env/lib/python3.11/site-packages/airflow/example_dags/plugins/listener_plugin.py
[2023-04-23T01:11:49.561+0200] {processor.py:743} INFO - Processing file /Users/siddalingkattimani/dbt_env/lib/python3.11/site-packages/airflow/example_dags/plugins/listener_plugin.py for tasks to queue
[2023-04-23T01:11:49.562+0200] {logging_mixin.py:137} INFO - [2023-04-23T01:11:49.561+0200] {dagbag.py:532} INFO - Filling up the DagBag from /Users/siddalingkattimani/dbt_env/lib/python3.11/site-packages/airflow/example_dags/plugins/listener_plugin.py
[2023-04-23T01:11:49.574+0200] {processor.py:755} WARNING - No viable dags retrieved from /Users/siddalingkattimani/dbt_env/lib/python3.11/site-packages/airflow/example_dags/plugins/listener_plugin.py
[2023-04-23T01:11:50.217+0200] {processor.py:175} INFO - Processing /Users/siddalingkattimani/dbt_env/lib/python3.11/site-packages/airflow/example_dags/plugins/listener_plugin.py took 0.661 seconds
[2023-04-23T01:13:48.191+0200] {processor.py:153} INFO - Started process (PID=47718) to work on /Users/siddalingkattimani/dbt_env/lib/python3.11/site-packages/airflow/example_dags/plugins/listener_plugin.py
[2023-04-23T01:13:48.194+0200] {processor.py:743} INFO - Processing file /Users/siddalingkattimani/dbt_env/lib/python3.11/site-packages/airflow/example_dags/plugins/listener_plugin.py for tasks to queue
[2023-04-23T01:13:48.194+0200] {logging_mixin.py:137} INFO - [2023-04-23T01:13:48.194+0200] {dagbag.py:532} INFO - Filling up the DagBag from /Users/siddalingkattimani/dbt_env/lib/python3.11/site-packages/airflow/example_dags/plugins/listener_plugin.py
[2023-04-23T01:13:48.205+0200] {processor.py:755} WARNING - No viable dags retrieved from /Users/siddalingkattimani/dbt_env/lib/python3.11/site-packages/airflow/example_dags/plugins/listener_plugin.py
[2023-04-23T01:13:48.851+0200] {processor.py:175} INFO - Processing /Users/siddalingkattimani/dbt_env/lib/python3.11/site-packages/airflow/example_dags/plugins/listener_plugin.py took 0.661 seconds
[2023-04-23T01:15:53.389+0200] {processor.py:153} INFO - Started process (PID=47766) to work on /Users/siddalingkattimani/dbt_env/lib/python3.11/site-packages/airflow/example_dags/plugins/listener_plugin.py
[2023-04-23T01:15:53.392+0200] {processor.py:743} INFO - Processing file /Users/siddalingkattimani/dbt_env/lib/python3.11/site-packages/airflow/example_dags/plugins/listener_plugin.py for tasks to queue
[2023-04-23T01:15:53.392+0200] {logging_mixin.py:137} INFO - [2023-04-23T01:15:53.392+0200] {dagbag.py:532} INFO - Filling up the DagBag from /Users/siddalingkattimani/dbt_env/lib/python3.11/site-packages/airflow/example_dags/plugins/listener_plugin.py
[2023-04-23T01:15:53.403+0200] {processor.py:755} WARNING - No viable dags retrieved from /Users/siddalingkattimani/dbt_env/lib/python3.11/site-packages/airflow/example_dags/plugins/listener_plugin.py
[2023-04-23T01:15:54.242+0200] {processor.py:175} INFO - Processing /Users/siddalingkattimani/dbt_env/lib/python3.11/site-packages/airflow/example_dags/plugins/listener_plugin.py took 0.854 seconds
[2023-04-23T01:17:56.161+0200] {processor.py:153} INFO - Started process (PID=47812) to work on /Users/siddalingkattimani/dbt_env/lib/python3.11/site-packages/airflow/example_dags/plugins/listener_plugin.py
[2023-04-23T01:17:56.163+0200] {processor.py:743} INFO - Processing file /Users/siddalingkattimani/dbt_env/lib/python3.11/site-packages/airflow/example_dags/plugins/listener_plugin.py for tasks to queue
[2023-04-23T01:17:56.164+0200] {logging_mixin.py:137} INFO - [2023-04-23T01:17:56.164+0200] {dagbag.py:532} INFO - Filling up the DagBag from /Users/siddalingkattimani/dbt_env/lib/python3.11/site-packages/airflow/example_dags/plugins/listener_plugin.py
[2023-04-23T01:17:56.174+0200] {processor.py:755} WARNING - No viable dags retrieved from /Users/siddalingkattimani/dbt_env/lib/python3.11/site-packages/airflow/example_dags/plugins/listener_plugin.py
[2023-04-23T01:17:56.797+0200] {processor.py:175} INFO - Processing /Users/siddalingkattimani/dbt_env/lib/python3.11/site-packages/airflow/example_dags/plugins/listener_plugin.py took 0.637 seconds
[2023-04-23T01:19:58.645+0200] {processor.py:153} INFO - Started process (PID=47857) to work on /Users/siddalingkattimani/dbt_env/lib/python3.11/site-packages/airflow/example_dags/plugins/listener_plugin.py
[2023-04-23T01:19:58.648+0200] {processor.py:743} INFO - Processing file /Users/siddalingkattimani/dbt_env/lib/python3.11/site-packages/airflow/example_dags/plugins/listener_plugin.py for tasks to queue
[2023-04-23T01:19:58.649+0200] {logging_mixin.py:137} INFO - [2023-04-23T01:19:58.649+0200] {dagbag.py:532} INFO - Filling up the DagBag from /Users/siddalingkattimani/dbt_env/lib/python3.11/site-packages/airflow/example_dags/plugins/listener_plugin.py
[2023-04-23T01:19:58.659+0200] {processor.py:755} WARNING - No viable dags retrieved from /Users/siddalingkattimani/dbt_env/lib/python3.11/site-packages/airflow/example_dags/plugins/listener_plugin.py
[2023-04-23T01:19:59.313+0200] {processor.py:175} INFO - Processing /Users/siddalingkattimani/dbt_env/lib/python3.11/site-packages/airflow/example_dags/plugins/listener_plugin.py took 0.668 seconds
[2023-04-23T01:22:04.646+0200] {processor.py:153} INFO - Started process (PID=47904) to work on /Users/siddalingkattimani/dbt_env/lib/python3.11/site-packages/airflow/example_dags/plugins/listener_plugin.py
[2023-04-23T01:22:04.649+0200] {processor.py:743} INFO - Processing file /Users/siddalingkattimani/dbt_env/lib/python3.11/site-packages/airflow/example_dags/plugins/listener_plugin.py for tasks to queue
[2023-04-23T01:22:04.650+0200] {logging_mixin.py:137} INFO - [2023-04-23T01:22:04.650+0200] {dagbag.py:532} INFO - Filling up the DagBag from /Users/siddalingkattimani/dbt_env/lib/python3.11/site-packages/airflow/example_dags/plugins/listener_plugin.py
[2023-04-23T01:22:04.660+0200] {processor.py:755} WARNING - No viable dags retrieved from /Users/siddalingkattimani/dbt_env/lib/python3.11/site-packages/airflow/example_dags/plugins/listener_plugin.py
[2023-04-23T01:22:05.320+0200] {processor.py:175} INFO - Processing /Users/siddalingkattimani/dbt_env/lib/python3.11/site-packages/airflow/example_dags/plugins/listener_plugin.py took 0.675 seconds
[2023-04-23T01:24:03.580+0200] {processor.py:153} INFO - Started process (PID=47952) to work on /Users/siddalingkattimani/dbt_env/lib/python3.11/site-packages/airflow/example_dags/plugins/listener_plugin.py
[2023-04-23T01:24:03.583+0200] {processor.py:743} INFO - Processing file /Users/siddalingkattimani/dbt_env/lib/python3.11/site-packages/airflow/example_dags/plugins/listener_plugin.py for tasks to queue
[2023-04-23T01:24:03.583+0200] {logging_mixin.py:137} INFO - [2023-04-23T01:24:03.583+0200] {dagbag.py:532} INFO - Filling up the DagBag from /Users/siddalingkattimani/dbt_env/lib/python3.11/site-packages/airflow/example_dags/plugins/listener_plugin.py
[2023-04-23T01:24:03.594+0200] {processor.py:755} WARNING - No viable dags retrieved from /Users/siddalingkattimani/dbt_env/lib/python3.11/site-packages/airflow/example_dags/plugins/listener_plugin.py
[2023-04-23T01:24:04.233+0200] {processor.py:175} INFO - Processing /Users/siddalingkattimani/dbt_env/lib/python3.11/site-packages/airflow/example_dags/plugins/listener_plugin.py took 0.654 seconds
[2023-04-23T01:26:01.940+0200] {processor.py:153} INFO - Started process (PID=48021) to work on /Users/siddalingkattimani/dbt_env/lib/python3.11/site-packages/airflow/example_dags/plugins/listener_plugin.py
[2023-04-23T01:26:01.944+0200] {processor.py:743} INFO - Processing file /Users/siddalingkattimani/dbt_env/lib/python3.11/site-packages/airflow/example_dags/plugins/listener_plugin.py for tasks to queue
[2023-04-23T01:26:01.945+0200] {logging_mixin.py:137} INFO - [2023-04-23T01:26:01.945+0200] {dagbag.py:532} INFO - Filling up the DagBag from /Users/siddalingkattimani/dbt_env/lib/python3.11/site-packages/airflow/example_dags/plugins/listener_plugin.py
[2023-04-23T01:26:01.956+0200] {processor.py:755} WARNING - No viable dags retrieved from /Users/siddalingkattimani/dbt_env/lib/python3.11/site-packages/airflow/example_dags/plugins/listener_plugin.py
[2023-04-23T01:26:02.788+0200] {processor.py:175} INFO - Processing /Users/siddalingkattimani/dbt_env/lib/python3.11/site-packages/airflow/example_dags/plugins/listener_plugin.py took 0.849 seconds
[2023-04-23T01:28:07.061+0200] {processor.py:153} INFO - Started process (PID=48067) to work on /Users/siddalingkattimani/dbt_env/lib/python3.11/site-packages/airflow/example_dags/plugins/listener_plugin.py
[2023-04-23T01:28:07.066+0200] {processor.py:743} INFO - Processing file /Users/siddalingkattimani/dbt_env/lib/python3.11/site-packages/airflow/example_dags/plugins/listener_plugin.py for tasks to queue
[2023-04-23T01:28:07.067+0200] {logging_mixin.py:137} INFO - [2023-04-23T01:28:07.067+0200] {dagbag.py:532} INFO - Filling up the DagBag from /Users/siddalingkattimani/dbt_env/lib/python3.11/site-packages/airflow/example_dags/plugins/listener_plugin.py
[2023-04-23T01:28:07.084+0200] {processor.py:755} WARNING - No viable dags retrieved from /Users/siddalingkattimani/dbt_env/lib/python3.11/site-packages/airflow/example_dags/plugins/listener_plugin.py
[2023-04-23T01:28:08.058+0200] {processor.py:175} INFO - Processing /Users/siddalingkattimani/dbt_env/lib/python3.11/site-packages/airflow/example_dags/plugins/listener_plugin.py took 0.998 seconds
[2023-04-23T01:30:12.813+0200] {processor.py:153} INFO - Started process (PID=48115) to work on /Users/siddalingkattimani/dbt_env/lib/python3.11/site-packages/airflow/example_dags/plugins/listener_plugin.py
[2023-04-23T01:30:12.816+0200] {processor.py:743} INFO - Processing file /Users/siddalingkattimani/dbt_env/lib/python3.11/site-packages/airflow/example_dags/plugins/listener_plugin.py for tasks to queue
[2023-04-23T01:30:12.816+0200] {logging_mixin.py:137} INFO - [2023-04-23T01:30:12.816+0200] {dagbag.py:532} INFO - Filling up the DagBag from /Users/siddalingkattimani/dbt_env/lib/python3.11/site-packages/airflow/example_dags/plugins/listener_plugin.py
[2023-04-23T01:30:12.827+0200] {processor.py:755} WARNING - No viable dags retrieved from /Users/siddalingkattimani/dbt_env/lib/python3.11/site-packages/airflow/example_dags/plugins/listener_plugin.py
[2023-04-23T01:30:13.454+0200] {processor.py:175} INFO - Processing /Users/siddalingkattimani/dbt_env/lib/python3.11/site-packages/airflow/example_dags/plugins/listener_plugin.py took 0.642 seconds
[2023-04-23T01:32:14.369+0200] {processor.py:153} INFO - Started process (PID=48161) to work on /Users/siddalingkattimani/dbt_env/lib/python3.11/site-packages/airflow/example_dags/plugins/listener_plugin.py
[2023-04-23T01:32:14.373+0200] {processor.py:743} INFO - Processing file /Users/siddalingkattimani/dbt_env/lib/python3.11/site-packages/airflow/example_dags/plugins/listener_plugin.py for tasks to queue
[2023-04-23T01:32:14.374+0200] {logging_mixin.py:137} INFO - [2023-04-23T01:32:14.374+0200] {dagbag.py:532} INFO - Filling up the DagBag from /Users/siddalingkattimani/dbt_env/lib/python3.11/site-packages/airflow/example_dags/plugins/listener_plugin.py
[2023-04-23T01:32:14.388+0200] {processor.py:755} WARNING - No viable dags retrieved from /Users/siddalingkattimani/dbt_env/lib/python3.11/site-packages/airflow/example_dags/plugins/listener_plugin.py
[2023-04-23T01:32:15.417+0200] {processor.py:175} INFO - Processing /Users/siddalingkattimani/dbt_env/lib/python3.11/site-packages/airflow/example_dags/plugins/listener_plugin.py took 1.049 seconds
[2023-04-23T01:34:20.443+0200] {processor.py:153} INFO - Started process (PID=48211) to work on /Users/siddalingkattimani/dbt_env/lib/python3.11/site-packages/airflow/example_dags/plugins/listener_plugin.py
[2023-04-23T01:34:20.447+0200] {processor.py:743} INFO - Processing file /Users/siddalingkattimani/dbt_env/lib/python3.11/site-packages/airflow/example_dags/plugins/listener_plugin.py for tasks to queue
[2023-04-23T01:34:20.447+0200] {logging_mixin.py:137} INFO - [2023-04-23T01:34:20.447+0200] {dagbag.py:532} INFO - Filling up the DagBag from /Users/siddalingkattimani/dbt_env/lib/python3.11/site-packages/airflow/example_dags/plugins/listener_plugin.py
[2023-04-23T01:34:20.461+0200] {processor.py:755} WARNING - No viable dags retrieved from /Users/siddalingkattimani/dbt_env/lib/python3.11/site-packages/airflow/example_dags/plugins/listener_plugin.py
[2023-04-23T01:34:21.257+0200] {processor.py:175} INFO - Processing /Users/siddalingkattimani/dbt_env/lib/python3.11/site-packages/airflow/example_dags/plugins/listener_plugin.py took 0.815 seconds
