[2023-04-23T00:43:36.929+0200] {processor.py:153} INFO - Started process (PID=46756) to work on /Users/siddalingkattimani/dbt_env/lib/python3.11/site-packages/airflow/example_dags/plugins/workday.py
[2023-04-23T00:43:36.932+0200] {processor.py:743} INFO - Processing file /Users/siddalingkattimani/dbt_env/lib/python3.11/site-packages/airflow/example_dags/plugins/workday.py for tasks to queue
[2023-04-23T00:43:36.933+0200] {logging_mixin.py:137} INFO - [2023-04-23T00:43:36.933+0200] {dagbag.py:532} INFO - Filling up the DagBag from /Users/siddalingkattimani/dbt_env/lib/python3.11/site-packages/airflow/example_dags/plugins/workday.py
[2023-04-23T00:43:36.945+0200] {logging_mixin.py:137} INFO - [2023-04-23T00:43:36.942+0200] {dagbag.py:341} ERROR - Failed to import: /Users/siddalingkattimani/dbt_env/lib/python3.11/site-packages/airflow/example_dags/plugins/workday.py
Traceback (most recent call last):
  File "/Users/siddalingkattimani/dbt_env/lib/python3.11/site-packages/airflow/models/dagbag.py", line 337, in parse
    loader.exec_module(new_module)
  File "<frozen importlib._bootstrap_external>", line 940, in exec_module
  File "<frozen importlib._bootstrap>", line 241, in _call_with_frames_removed
  File "/Users/siddalingkattimani/dbt_env/lib/python3.11/site-packages/airflow/example_dags/plugins/workday.py", line 24, in <module>
    from pandas.tseries.holiday import USFederalHolidayCalendar
ModuleNotFoundError: No module named 'pandas'
[2023-04-23T00:43:36.945+0200] {processor.py:755} WARNING - No viable dags retrieved from /Users/siddalingkattimani/dbt_env/lib/python3.11/site-packages/airflow/example_dags/plugins/workday.py
[2023-04-23T00:43:37.583+0200] {processor.py:175} INFO - Processing /Users/siddalingkattimani/dbt_env/lib/python3.11/site-packages/airflow/example_dags/plugins/workday.py took 0.655 seconds
[2023-04-23T00:45:39.075+0200] {processor.py:153} INFO - Started process (PID=46803) to work on /Users/siddalingkattimani/dbt_env/lib/python3.11/site-packages/airflow/example_dags/plugins/workday.py
[2023-04-23T00:45:39.078+0200] {processor.py:743} INFO - Processing file /Users/siddalingkattimani/dbt_env/lib/python3.11/site-packages/airflow/example_dags/plugins/workday.py for tasks to queue
[2023-04-23T00:45:39.079+0200] {logging_mixin.py:137} INFO - [2023-04-23T00:45:39.078+0200] {dagbag.py:532} INFO - Filling up the DagBag from /Users/siddalingkattimani/dbt_env/lib/python3.11/site-packages/airflow/example_dags/plugins/workday.py
[2023-04-23T00:45:39.091+0200] {logging_mixin.py:137} INFO - [2023-04-23T00:45:39.091+0200] {dagbag.py:341} ERROR - Failed to import: /Users/siddalingkattimani/dbt_env/lib/python3.11/site-packages/airflow/example_dags/plugins/workday.py
Traceback (most recent call last):
  File "/Users/siddalingkattimani/dbt_env/lib/python3.11/site-packages/airflow/models/dagbag.py", line 337, in parse
    loader.exec_module(new_module)
  File "<frozen importlib._bootstrap_external>", line 940, in exec_module
  File "<frozen importlib._bootstrap>", line 241, in _call_with_frames_removed
  File "/Users/siddalingkattimani/dbt_env/lib/python3.11/site-packages/airflow/example_dags/plugins/workday.py", line 24, in <module>
    from pandas.tseries.holiday import USFederalHolidayCalendar
ModuleNotFoundError: No module named 'pandas'
[2023-04-23T00:45:39.092+0200] {processor.py:755} WARNING - No viable dags retrieved from /Users/siddalingkattimani/dbt_env/lib/python3.11/site-packages/airflow/example_dags/plugins/workday.py
[2023-04-23T00:45:39.762+0200] {processor.py:175} INFO - Processing /Users/siddalingkattimani/dbt_env/lib/python3.11/site-packages/airflow/example_dags/plugins/workday.py took 0.688 seconds
[2023-04-23T00:47:38.869+0200] {processor.py:153} INFO - Started process (PID=46850) to work on /Users/siddalingkattimani/dbt_env/lib/python3.11/site-packages/airflow/example_dags/plugins/workday.py
[2023-04-23T00:47:38.872+0200] {processor.py:743} INFO - Processing file /Users/siddalingkattimani/dbt_env/lib/python3.11/site-packages/airflow/example_dags/plugins/workday.py for tasks to queue
[2023-04-23T00:47:38.872+0200] {logging_mixin.py:137} INFO - [2023-04-23T00:47:38.872+0200] {dagbag.py:532} INFO - Filling up the DagBag from /Users/siddalingkattimani/dbt_env/lib/python3.11/site-packages/airflow/example_dags/plugins/workday.py
[2023-04-23T00:47:38.884+0200] {logging_mixin.py:137} INFO - [2023-04-23T00:47:38.883+0200] {dagbag.py:341} ERROR - Failed to import: /Users/siddalingkattimani/dbt_env/lib/python3.11/site-packages/airflow/example_dags/plugins/workday.py
Traceback (most recent call last):
  File "/Users/siddalingkattimani/dbt_env/lib/python3.11/site-packages/airflow/models/dagbag.py", line 337, in parse
    loader.exec_module(new_module)
  File "<frozen importlib._bootstrap_external>", line 940, in exec_module
  File "<frozen importlib._bootstrap>", line 241, in _call_with_frames_removed
  File "/Users/siddalingkattimani/dbt_env/lib/python3.11/site-packages/airflow/example_dags/plugins/workday.py", line 24, in <module>
    from pandas.tseries.holiday import USFederalHolidayCalendar
ModuleNotFoundError: No module named 'pandas'
[2023-04-23T00:47:38.884+0200] {processor.py:755} WARNING - No viable dags retrieved from /Users/siddalingkattimani/dbt_env/lib/python3.11/site-packages/airflow/example_dags/plugins/workday.py
[2023-04-23T00:47:39.643+0200] {processor.py:175} INFO - Processing /Users/siddalingkattimani/dbt_env/lib/python3.11/site-packages/airflow/example_dags/plugins/workday.py took 0.775 seconds
[2023-04-23T00:49:41.597+0200] {processor.py:153} INFO - Started process (PID=46895) to work on /Users/siddalingkattimani/dbt_env/lib/python3.11/site-packages/airflow/example_dags/plugins/workday.py
[2023-04-23T00:49:41.600+0200] {processor.py:743} INFO - Processing file /Users/siddalingkattimani/dbt_env/lib/python3.11/site-packages/airflow/example_dags/plugins/workday.py for tasks to queue
[2023-04-23T00:49:41.600+0200] {logging_mixin.py:137} INFO - [2023-04-23T00:49:41.600+0200] {dagbag.py:532} INFO - Filling up the DagBag from /Users/siddalingkattimani/dbt_env/lib/python3.11/site-packages/airflow/example_dags/plugins/workday.py
[2023-04-23T00:49:41.611+0200] {logging_mixin.py:137} INFO - [2023-04-23T00:49:41.610+0200] {dagbag.py:341} ERROR - Failed to import: /Users/siddalingkattimani/dbt_env/lib/python3.11/site-packages/airflow/example_dags/plugins/workday.py
Traceback (most recent call last):
  File "/Users/siddalingkattimani/dbt_env/lib/python3.11/site-packages/airflow/models/dagbag.py", line 337, in parse
    loader.exec_module(new_module)
  File "<frozen importlib._bootstrap_external>", line 940, in exec_module
  File "<frozen importlib._bootstrap>", line 241, in _call_with_frames_removed
  File "/Users/siddalingkattimani/dbt_env/lib/python3.11/site-packages/airflow/example_dags/plugins/workday.py", line 24, in <module>
    from pandas.tseries.holiday import USFederalHolidayCalendar
ModuleNotFoundError: No module named 'pandas'
[2023-04-23T00:49:41.611+0200] {processor.py:755} WARNING - No viable dags retrieved from /Users/siddalingkattimani/dbt_env/lib/python3.11/site-packages/airflow/example_dags/plugins/workday.py
[2023-04-23T00:49:42.296+0200] {processor.py:175} INFO - Processing /Users/siddalingkattimani/dbt_env/lib/python3.11/site-packages/airflow/example_dags/plugins/workday.py took 0.700 seconds
[2023-04-23T00:51:54.991+0200] {processor.py:153} INFO - Started process (PID=46958) to work on /Users/siddalingkattimani/dbt_env/lib/python3.11/site-packages/airflow/example_dags/plugins/workday.py
[2023-04-23T00:51:54.994+0200] {processor.py:743} INFO - Processing file /Users/siddalingkattimani/dbt_env/lib/python3.11/site-packages/airflow/example_dags/plugins/workday.py for tasks to queue
[2023-04-23T00:51:54.994+0200] {logging_mixin.py:137} INFO - [2023-04-23T00:51:54.994+0200] {dagbag.py:532} INFO - Filling up the DagBag from /Users/siddalingkattimani/dbt_env/lib/python3.11/site-packages/airflow/example_dags/plugins/workday.py
[2023-04-23T00:51:55.004+0200] {logging_mixin.py:137} INFO - [2023-04-23T00:51:55.003+0200] {dagbag.py:341} ERROR - Failed to import: /Users/siddalingkattimani/dbt_env/lib/python3.11/site-packages/airflow/example_dags/plugins/workday.py
Traceback (most recent call last):
  File "/Users/siddalingkattimani/dbt_env/lib/python3.11/site-packages/airflow/models/dagbag.py", line 337, in parse
    loader.exec_module(new_module)
  File "<frozen importlib._bootstrap_external>", line 940, in exec_module
  File "<frozen importlib._bootstrap>", line 241, in _call_with_frames_removed
  File "/Users/siddalingkattimani/dbt_env/lib/python3.11/site-packages/airflow/example_dags/plugins/workday.py", line 24, in <module>
    from pandas.tseries.holiday import USFederalHolidayCalendar
ModuleNotFoundError: No module named 'pandas'
[2023-04-23T00:51:55.004+0200] {processor.py:755} WARNING - No viable dags retrieved from /Users/siddalingkattimani/dbt_env/lib/python3.11/site-packages/airflow/example_dags/plugins/workday.py
[2023-04-23T00:51:55.708+0200] {processor.py:175} INFO - Processing /Users/siddalingkattimani/dbt_env/lib/python3.11/site-packages/airflow/example_dags/plugins/workday.py took 0.718 seconds
[2023-04-23T00:53:55.287+0200] {processor.py:153} INFO - Started process (PID=47003) to work on /Users/siddalingkattimani/dbt_env/lib/python3.11/site-packages/airflow/example_dags/plugins/workday.py
[2023-04-23T00:53:55.290+0200] {processor.py:743} INFO - Processing file /Users/siddalingkattimani/dbt_env/lib/python3.11/site-packages/airflow/example_dags/plugins/workday.py for tasks to queue
[2023-04-23T00:53:55.291+0200] {logging_mixin.py:137} INFO - [2023-04-23T00:53:55.290+0200] {dagbag.py:532} INFO - Filling up the DagBag from /Users/siddalingkattimani/dbt_env/lib/python3.11/site-packages/airflow/example_dags/plugins/workday.py
[2023-04-23T00:53:55.301+0200] {logging_mixin.py:137} INFO - [2023-04-23T00:53:55.300+0200] {dagbag.py:341} ERROR - Failed to import: /Users/siddalingkattimani/dbt_env/lib/python3.11/site-packages/airflow/example_dags/plugins/workday.py
Traceback (most recent call last):
  File "/Users/siddalingkattimani/dbt_env/lib/python3.11/site-packages/airflow/models/dagbag.py", line 337, in parse
    loader.exec_module(new_module)
  File "<frozen importlib._bootstrap_external>", line 940, in exec_module
  File "<frozen importlib._bootstrap>", line 241, in _call_with_frames_removed
  File "/Users/siddalingkattimani/dbt_env/lib/python3.11/site-packages/airflow/example_dags/plugins/workday.py", line 24, in <module>
    from pandas.tseries.holiday import USFederalHolidayCalendar
ModuleNotFoundError: No module named 'pandas'
[2023-04-23T00:53:55.301+0200] {processor.py:755} WARNING - No viable dags retrieved from /Users/siddalingkattimani/dbt_env/lib/python3.11/site-packages/airflow/example_dags/plugins/workday.py
[2023-04-23T00:53:56.077+0200] {processor.py:175} INFO - Processing /Users/siddalingkattimani/dbt_env/lib/python3.11/site-packages/airflow/example_dags/plugins/workday.py took 0.791 seconds
[2023-04-23T00:55:54.933+0200] {processor.py:153} INFO - Started process (PID=47072) to work on /Users/siddalingkattimani/dbt_env/lib/python3.11/site-packages/airflow/example_dags/plugins/workday.py
[2023-04-23T00:55:54.937+0200] {processor.py:743} INFO - Processing file /Users/siddalingkattimani/dbt_env/lib/python3.11/site-packages/airflow/example_dags/plugins/workday.py for tasks to queue
[2023-04-23T00:55:54.937+0200] {logging_mixin.py:137} INFO - [2023-04-23T00:55:54.937+0200] {dagbag.py:532} INFO - Filling up the DagBag from /Users/siddalingkattimani/dbt_env/lib/python3.11/site-packages/airflow/example_dags/plugins/workday.py
[2023-04-23T00:55:54.950+0200] {logging_mixin.py:137} INFO - [2023-04-23T00:55:54.948+0200] {dagbag.py:341} ERROR - Failed to import: /Users/siddalingkattimani/dbt_env/lib/python3.11/site-packages/airflow/example_dags/plugins/workday.py
Traceback (most recent call last):
  File "/Users/siddalingkattimani/dbt_env/lib/python3.11/site-packages/airflow/models/dagbag.py", line 337, in parse
    loader.exec_module(new_module)
  File "<frozen importlib._bootstrap_external>", line 940, in exec_module
  File "<frozen importlib._bootstrap>", line 241, in _call_with_frames_removed
  File "/Users/siddalingkattimani/dbt_env/lib/python3.11/site-packages/airflow/example_dags/plugins/workday.py", line 24, in <module>
    from pandas.tseries.holiday import USFederalHolidayCalendar
ModuleNotFoundError: No module named 'pandas'
[2023-04-23T00:55:54.951+0200] {processor.py:755} WARNING - No viable dags retrieved from /Users/siddalingkattimani/dbt_env/lib/python3.11/site-packages/airflow/example_dags/plugins/workday.py
[2023-04-23T00:55:55.617+0200] {processor.py:175} INFO - Processing /Users/siddalingkattimani/dbt_env/lib/python3.11/site-packages/airflow/example_dags/plugins/workday.py took 0.685 seconds
[2023-04-23T00:58:05.357+0200] {processor.py:153} INFO - Started process (PID=47124) to work on /Users/siddalingkattimani/dbt_env/lib/python3.11/site-packages/airflow/example_dags/plugins/workday.py
[2023-04-23T00:58:05.361+0200] {processor.py:743} INFO - Processing file /Users/siddalingkattimani/dbt_env/lib/python3.11/site-packages/airflow/example_dags/plugins/workday.py for tasks to queue
[2023-04-23T00:58:05.362+0200] {logging_mixin.py:137} INFO - [2023-04-23T00:58:05.362+0200] {dagbag.py:532} INFO - Filling up the DagBag from /Users/siddalingkattimani/dbt_env/lib/python3.11/site-packages/airflow/example_dags/plugins/workday.py
[2023-04-23T00:58:05.379+0200] {logging_mixin.py:137} INFO - [2023-04-23T00:58:05.376+0200] {dagbag.py:341} ERROR - Failed to import: /Users/siddalingkattimani/dbt_env/lib/python3.11/site-packages/airflow/example_dags/plugins/workday.py
Traceback (most recent call last):
  File "/Users/siddalingkattimani/dbt_env/lib/python3.11/site-packages/airflow/models/dagbag.py", line 337, in parse
    loader.exec_module(new_module)
  File "<frozen importlib._bootstrap_external>", line 940, in exec_module
  File "<frozen importlib._bootstrap>", line 241, in _call_with_frames_removed
  File "/Users/siddalingkattimani/dbt_env/lib/python3.11/site-packages/airflow/example_dags/plugins/workday.py", line 24, in <module>
    from pandas.tseries.holiday import USFederalHolidayCalendar
ModuleNotFoundError: No module named 'pandas'
[2023-04-23T00:58:05.381+0200] {processor.py:755} WARNING - No viable dags retrieved from /Users/siddalingkattimani/dbt_env/lib/python3.11/site-packages/airflow/example_dags/plugins/workday.py
[2023-04-23T00:58:06.171+0200] {processor.py:175} INFO - Processing /Users/siddalingkattimani/dbt_env/lib/python3.11/site-packages/airflow/example_dags/plugins/workday.py took 0.816 seconds
[2023-04-23T01:00:09.277+0200] {processor.py:153} INFO - Started process (PID=47171) to work on /Users/siddalingkattimani/dbt_env/lib/python3.11/site-packages/airflow/example_dags/plugins/workday.py
[2023-04-23T01:00:09.281+0200] {processor.py:743} INFO - Processing file /Users/siddalingkattimani/dbt_env/lib/python3.11/site-packages/airflow/example_dags/plugins/workday.py for tasks to queue
[2023-04-23T01:00:09.282+0200] {logging_mixin.py:137} INFO - [2023-04-23T01:00:09.281+0200] {dagbag.py:532} INFO - Filling up the DagBag from /Users/siddalingkattimani/dbt_env/lib/python3.11/site-packages/airflow/example_dags/plugins/workday.py
[2023-04-23T01:00:09.296+0200] {logging_mixin.py:137} INFO - [2023-04-23T01:00:09.294+0200] {dagbag.py:341} ERROR - Failed to import: /Users/siddalingkattimani/dbt_env/lib/python3.11/site-packages/airflow/example_dags/plugins/workday.py
Traceback (most recent call last):
  File "/Users/siddalingkattimani/dbt_env/lib/python3.11/site-packages/airflow/models/dagbag.py", line 337, in parse
    loader.exec_module(new_module)
  File "<frozen importlib._bootstrap_external>", line 940, in exec_module
  File "<frozen importlib._bootstrap>", line 241, in _call_with_frames_removed
  File "/Users/siddalingkattimani/dbt_env/lib/python3.11/site-packages/airflow/example_dags/plugins/workday.py", line 24, in <module>
    from pandas.tseries.holiday import USFederalHolidayCalendar
ModuleNotFoundError: No module named 'pandas'
[2023-04-23T01:00:09.296+0200] {processor.py:755} WARNING - No viable dags retrieved from /Users/siddalingkattimani/dbt_env/lib/python3.11/site-packages/airflow/example_dags/plugins/workday.py
[2023-04-23T01:00:10.040+0200] {processor.py:175} INFO - Processing /Users/siddalingkattimani/dbt_env/lib/python3.11/site-packages/airflow/example_dags/plugins/workday.py took 0.763 seconds
[2023-04-23T01:02:29.702+0200] {processor.py:153} INFO - Started process (PID=47218) to work on /Users/siddalingkattimani/dbt_env/lib/python3.11/site-packages/airflow/example_dags/plugins/workday.py
[2023-04-23T01:02:29.706+0200] {processor.py:743} INFO - Processing file /Users/siddalingkattimani/dbt_env/lib/python3.11/site-packages/airflow/example_dags/plugins/workday.py for tasks to queue
[2023-04-23T01:02:29.707+0200] {logging_mixin.py:137} INFO - [2023-04-23T01:02:29.706+0200] {dagbag.py:532} INFO - Filling up the DagBag from /Users/siddalingkattimani/dbt_env/lib/python3.11/site-packages/airflow/example_dags/plugins/workday.py
[2023-04-23T01:02:29.723+0200] {logging_mixin.py:137} INFO - [2023-04-23T01:02:29.720+0200] {dagbag.py:341} ERROR - Failed to import: /Users/siddalingkattimani/dbt_env/lib/python3.11/site-packages/airflow/example_dags/plugins/workday.py
Traceback (most recent call last):
  File "/Users/siddalingkattimani/dbt_env/lib/python3.11/site-packages/airflow/models/dagbag.py", line 337, in parse
    loader.exec_module(new_module)
  File "<frozen importlib._bootstrap_external>", line 940, in exec_module
  File "<frozen importlib._bootstrap>", line 241, in _call_with_frames_removed
  File "/Users/siddalingkattimani/dbt_env/lib/python3.11/site-packages/airflow/example_dags/plugins/workday.py", line 24, in <module>
    from pandas.tseries.holiday import USFederalHolidayCalendar
ModuleNotFoundError: No module named 'pandas'
[2023-04-23T01:02:29.724+0200] {processor.py:755} WARNING - No viable dags retrieved from /Users/siddalingkattimani/dbt_env/lib/python3.11/site-packages/airflow/example_dags/plugins/workday.py
[2023-04-23T01:02:30.810+0200] {processor.py:175} INFO - Processing /Users/siddalingkattimani/dbt_env/lib/python3.11/site-packages/airflow/example_dags/plugins/workday.py took 1.109 seconds
[2023-04-23T01:04:28.027+0200] {processor.py:153} INFO - Started process (PID=47264) to work on /Users/siddalingkattimani/dbt_env/lib/python3.11/site-packages/airflow/example_dags/plugins/workday.py
[2023-04-23T01:04:28.030+0200] {processor.py:743} INFO - Processing file /Users/siddalingkattimani/dbt_env/lib/python3.11/site-packages/airflow/example_dags/plugins/workday.py for tasks to queue
[2023-04-23T01:04:28.031+0200] {logging_mixin.py:137} INFO - [2023-04-23T01:04:28.031+0200] {dagbag.py:532} INFO - Filling up the DagBag from /Users/siddalingkattimani/dbt_env/lib/python3.11/site-packages/airflow/example_dags/plugins/workday.py
[2023-04-23T01:04:28.042+0200] {logging_mixin.py:137} INFO - [2023-04-23T01:04:28.041+0200] {dagbag.py:341} ERROR - Failed to import: /Users/siddalingkattimani/dbt_env/lib/python3.11/site-packages/airflow/example_dags/plugins/workday.py
Traceback (most recent call last):
  File "/Users/siddalingkattimani/dbt_env/lib/python3.11/site-packages/airflow/models/dagbag.py", line 337, in parse
    loader.exec_module(new_module)
  File "<frozen importlib._bootstrap_external>", line 940, in exec_module
  File "<frozen importlib._bootstrap>", line 241, in _call_with_frames_removed
  File "/Users/siddalingkattimani/dbt_env/lib/python3.11/site-packages/airflow/example_dags/plugins/workday.py", line 24, in <module>
    from pandas.tseries.holiday import USFederalHolidayCalendar
ModuleNotFoundError: No module named 'pandas'
[2023-04-23T01:04:28.042+0200] {processor.py:755} WARNING - No viable dags retrieved from /Users/siddalingkattimani/dbt_env/lib/python3.11/site-packages/airflow/example_dags/plugins/workday.py
[2023-04-23T01:04:28.827+0200] {processor.py:175} INFO - Processing /Users/siddalingkattimani/dbt_env/lib/python3.11/site-packages/airflow/example_dags/plugins/workday.py took 0.800 seconds
[2023-04-23T01:06:41.865+0200] {processor.py:153} INFO - Started process (PID=47371) to work on /Users/siddalingkattimani/dbt_env/lib/python3.11/site-packages/airflow/example_dags/plugins/workday.py
[2023-04-23T01:06:41.871+0200] {processor.py:743} INFO - Processing file /Users/siddalingkattimani/dbt_env/lib/python3.11/site-packages/airflow/example_dags/plugins/workday.py for tasks to queue
[2023-04-23T01:06:41.871+0200] {logging_mixin.py:137} INFO - [2023-04-23T01:06:41.871+0200] {dagbag.py:532} INFO - Filling up the DagBag from /Users/siddalingkattimani/dbt_env/lib/python3.11/site-packages/airflow/example_dags/plugins/workday.py
[2023-04-23T01:06:41.886+0200] {logging_mixin.py:137} INFO - [2023-04-23T01:06:41.883+0200] {dagbag.py:341} ERROR - Failed to import: /Users/siddalingkattimani/dbt_env/lib/python3.11/site-packages/airflow/example_dags/plugins/workday.py
Traceback (most recent call last):
  File "/Users/siddalingkattimani/dbt_env/lib/python3.11/site-packages/airflow/models/dagbag.py", line 337, in parse
    loader.exec_module(new_module)
  File "<frozen importlib._bootstrap_external>", line 940, in exec_module
  File "<frozen importlib._bootstrap>", line 241, in _call_with_frames_removed
  File "/Users/siddalingkattimani/dbt_env/lib/python3.11/site-packages/airflow/example_dags/plugins/workday.py", line 24, in <module>
    from pandas.tseries.holiday import USFederalHolidayCalendar
ModuleNotFoundError: No module named 'pandas'
[2023-04-23T01:06:41.886+0200] {processor.py:755} WARNING - No viable dags retrieved from /Users/siddalingkattimani/dbt_env/lib/python3.11/site-packages/airflow/example_dags/plugins/workday.py
[2023-04-23T01:06:42.958+0200] {processor.py:175} INFO - Processing /Users/siddalingkattimani/dbt_env/lib/python3.11/site-packages/airflow/example_dags/plugins/workday.py took 1.094 seconds
[2023-04-23T01:09:19.012+0200] {processor.py:153} INFO - Started process (PID=47609) to work on /Users/siddalingkattimani/dbt_env/lib/python3.11/site-packages/airflow/example_dags/plugins/workday.py
[2023-04-23T01:09:19.034+0200] {processor.py:743} INFO - Processing file /Users/siddalingkattimani/dbt_env/lib/python3.11/site-packages/airflow/example_dags/plugins/workday.py for tasks to queue
[2023-04-23T01:09:19.035+0200] {logging_mixin.py:137} INFO - [2023-04-23T01:09:19.035+0200] {dagbag.py:532} INFO - Filling up the DagBag from /Users/siddalingkattimani/dbt_env/lib/python3.11/site-packages/airflow/example_dags/plugins/workday.py
[2023-04-23T01:09:24.674+0200] {processor.py:755} WARNING - No viable dags retrieved from /Users/siddalingkattimani/dbt_env/lib/python3.11/site-packages/airflow/example_dags/plugins/workday.py
[2023-04-23T01:09:25.457+0200] {processor.py:175} INFO - Processing /Users/siddalingkattimani/dbt_env/lib/python3.11/site-packages/airflow/example_dags/plugins/workday.py took 6.446 seconds
[2023-04-23T01:11:46.063+0200] {processor.py:153} INFO - Started process (PID=47671) to work on /Users/siddalingkattimani/dbt_env/lib/python3.11/site-packages/airflow/example_dags/plugins/workday.py
[2023-04-23T01:11:46.067+0200] {processor.py:743} INFO - Processing file /Users/siddalingkattimani/dbt_env/lib/python3.11/site-packages/airflow/example_dags/plugins/workday.py for tasks to queue
[2023-04-23T01:11:46.068+0200] {logging_mixin.py:137} INFO - [2023-04-23T01:11:46.068+0200] {dagbag.py:532} INFO - Filling up the DagBag from /Users/siddalingkattimani/dbt_env/lib/python3.11/site-packages/airflow/example_dags/plugins/workday.py
[2023-04-23T01:11:46.641+0200] {processor.py:755} WARNING - No viable dags retrieved from /Users/siddalingkattimani/dbt_env/lib/python3.11/site-packages/airflow/example_dags/plugins/workday.py
[2023-04-23T01:11:47.357+0200] {processor.py:175} INFO - Processing /Users/siddalingkattimani/dbt_env/lib/python3.11/site-packages/airflow/example_dags/plugins/workday.py took 1.294 seconds
[2023-04-23T01:13:45.230+0200] {processor.py:153} INFO - Started process (PID=47717) to work on /Users/siddalingkattimani/dbt_env/lib/python3.11/site-packages/airflow/example_dags/plugins/workday.py
[2023-04-23T01:13:45.233+0200] {processor.py:743} INFO - Processing file /Users/siddalingkattimani/dbt_env/lib/python3.11/site-packages/airflow/example_dags/plugins/workday.py for tasks to queue
[2023-04-23T01:13:45.234+0200] {logging_mixin.py:137} INFO - [2023-04-23T01:13:45.234+0200] {dagbag.py:532} INFO - Filling up the DagBag from /Users/siddalingkattimani/dbt_env/lib/python3.11/site-packages/airflow/example_dags/plugins/workday.py
[2023-04-23T01:13:45.475+0200] {processor.py:755} WARNING - No viable dags retrieved from /Users/siddalingkattimani/dbt_env/lib/python3.11/site-packages/airflow/example_dags/plugins/workday.py
[2023-04-23T01:13:46.049+0200] {processor.py:175} INFO - Processing /Users/siddalingkattimani/dbt_env/lib/python3.11/site-packages/airflow/example_dags/plugins/workday.py took 0.819 seconds
[2023-04-23T01:15:50.142+0200] {processor.py:153} INFO - Started process (PID=47765) to work on /Users/siddalingkattimani/dbt_env/lib/python3.11/site-packages/airflow/example_dags/plugins/workday.py
[2023-04-23T01:15:50.146+0200] {processor.py:743} INFO - Processing file /Users/siddalingkattimani/dbt_env/lib/python3.11/site-packages/airflow/example_dags/plugins/workday.py for tasks to queue
[2023-04-23T01:15:50.147+0200] {logging_mixin.py:137} INFO - [2023-04-23T01:15:50.147+0200] {dagbag.py:532} INFO - Filling up the DagBag from /Users/siddalingkattimani/dbt_env/lib/python3.11/site-packages/airflow/example_dags/plugins/workday.py
[2023-04-23T01:15:50.420+0200] {processor.py:755} WARNING - No viable dags retrieved from /Users/siddalingkattimani/dbt_env/lib/python3.11/site-packages/airflow/example_dags/plugins/workday.py
[2023-04-23T01:15:51.212+0200] {processor.py:175} INFO - Processing /Users/siddalingkattimani/dbt_env/lib/python3.11/site-packages/airflow/example_dags/plugins/workday.py took 1.071 seconds
[2023-04-23T01:17:53.222+0200] {processor.py:153} INFO - Started process (PID=47811) to work on /Users/siddalingkattimani/dbt_env/lib/python3.11/site-packages/airflow/example_dags/plugins/workday.py
[2023-04-23T01:17:53.225+0200] {processor.py:743} INFO - Processing file /Users/siddalingkattimani/dbt_env/lib/python3.11/site-packages/airflow/example_dags/plugins/workday.py for tasks to queue
[2023-04-23T01:17:53.226+0200] {logging_mixin.py:137} INFO - [2023-04-23T01:17:53.226+0200] {dagbag.py:532} INFO - Filling up the DagBag from /Users/siddalingkattimani/dbt_env/lib/python3.11/site-packages/airflow/example_dags/plugins/workday.py
[2023-04-23T01:17:53.455+0200] {processor.py:755} WARNING - No viable dags retrieved from /Users/siddalingkattimani/dbt_env/lib/python3.11/site-packages/airflow/example_dags/plugins/workday.py
[2023-04-23T01:17:54.039+0200] {processor.py:175} INFO - Processing /Users/siddalingkattimani/dbt_env/lib/python3.11/site-packages/airflow/example_dags/plugins/workday.py took 0.818 seconds
[2023-04-23T01:19:55.574+0200] {processor.py:153} INFO - Started process (PID=47856) to work on /Users/siddalingkattimani/dbt_env/lib/python3.11/site-packages/airflow/example_dags/plugins/workday.py
[2023-04-23T01:19:55.577+0200] {processor.py:743} INFO - Processing file /Users/siddalingkattimani/dbt_env/lib/python3.11/site-packages/airflow/example_dags/plugins/workday.py for tasks to queue
[2023-04-23T01:19:55.578+0200] {logging_mixin.py:137} INFO - [2023-04-23T01:19:55.577+0200] {dagbag.py:532} INFO - Filling up the DagBag from /Users/siddalingkattimani/dbt_env/lib/python3.11/site-packages/airflow/example_dags/plugins/workday.py
[2023-04-23T01:19:55.818+0200] {processor.py:755} WARNING - No viable dags retrieved from /Users/siddalingkattimani/dbt_env/lib/python3.11/site-packages/airflow/example_dags/plugins/workday.py
[2023-04-23T01:19:56.466+0200] {processor.py:175} INFO - Processing /Users/siddalingkattimani/dbt_env/lib/python3.11/site-packages/airflow/example_dags/plugins/workday.py took 0.893 seconds
[2023-04-23T01:22:02.160+0200] {processor.py:153} INFO - Started process (PID=47903) to work on /Users/siddalingkattimani/dbt_env/lib/python3.11/site-packages/airflow/example_dags/plugins/workday.py
[2023-04-23T01:22:02.163+0200] {processor.py:743} INFO - Processing file /Users/siddalingkattimani/dbt_env/lib/python3.11/site-packages/airflow/example_dags/plugins/workday.py for tasks to queue
[2023-04-23T01:22:02.163+0200] {logging_mixin.py:137} INFO - [2023-04-23T01:22:02.163+0200] {dagbag.py:532} INFO - Filling up the DagBag from /Users/siddalingkattimani/dbt_env/lib/python3.11/site-packages/airflow/example_dags/plugins/workday.py
[2023-04-23T01:22:02.420+0200] {processor.py:755} WARNING - No viable dags retrieved from /Users/siddalingkattimani/dbt_env/lib/python3.11/site-packages/airflow/example_dags/plugins/workday.py
[2023-04-23T01:22:03.001+0200] {processor.py:175} INFO - Processing /Users/siddalingkattimani/dbt_env/lib/python3.11/site-packages/airflow/example_dags/plugins/workday.py took 0.842 seconds
[2023-04-23T01:24:00.545+0200] {processor.py:153} INFO - Started process (PID=47951) to work on /Users/siddalingkattimani/dbt_env/lib/python3.11/site-packages/airflow/example_dags/plugins/workday.py
[2023-04-23T01:24:00.548+0200] {processor.py:743} INFO - Processing file /Users/siddalingkattimani/dbt_env/lib/python3.11/site-packages/airflow/example_dags/plugins/workday.py for tasks to queue
[2023-04-23T01:24:00.548+0200] {logging_mixin.py:137} INFO - [2023-04-23T01:24:00.548+0200] {dagbag.py:532} INFO - Filling up the DagBag from /Users/siddalingkattimani/dbt_env/lib/python3.11/site-packages/airflow/example_dags/plugins/workday.py
[2023-04-23T01:24:00.788+0200] {processor.py:755} WARNING - No viable dags retrieved from /Users/siddalingkattimani/dbt_env/lib/python3.11/site-packages/airflow/example_dags/plugins/workday.py
[2023-04-23T01:24:01.397+0200] {processor.py:175} INFO - Processing /Users/siddalingkattimani/dbt_env/lib/python3.11/site-packages/airflow/example_dags/plugins/workday.py took 0.853 seconds
[2023-04-23T01:25:58.755+0200] {processor.py:153} INFO - Started process (PID=48020) to work on /Users/siddalingkattimani/dbt_env/lib/python3.11/site-packages/airflow/example_dags/plugins/workday.py
[2023-04-23T01:25:58.760+0200] {processor.py:743} INFO - Processing file /Users/siddalingkattimani/dbt_env/lib/python3.11/site-packages/airflow/example_dags/plugins/workday.py for tasks to queue
[2023-04-23T01:25:58.761+0200] {logging_mixin.py:137} INFO - [2023-04-23T01:25:58.761+0200] {dagbag.py:532} INFO - Filling up the DagBag from /Users/siddalingkattimani/dbt_env/lib/python3.11/site-packages/airflow/example_dags/plugins/workday.py
[2023-04-23T01:25:59.038+0200] {processor.py:755} WARNING - No viable dags retrieved from /Users/siddalingkattimani/dbt_env/lib/python3.11/site-packages/airflow/example_dags/plugins/workday.py
[2023-04-23T01:25:59.703+0200] {processor.py:175} INFO - Processing /Users/siddalingkattimani/dbt_env/lib/python3.11/site-packages/airflow/example_dags/plugins/workday.py took 0.949 seconds
[2023-04-23T01:28:04.115+0200] {processor.py:153} INFO - Started process (PID=48066) to work on /Users/siddalingkattimani/dbt_env/lib/python3.11/site-packages/airflow/example_dags/plugins/workday.py
[2023-04-23T01:28:04.118+0200] {processor.py:743} INFO - Processing file /Users/siddalingkattimani/dbt_env/lib/python3.11/site-packages/airflow/example_dags/plugins/workday.py for tasks to queue
[2023-04-23T01:28:04.119+0200] {logging_mixin.py:137} INFO - [2023-04-23T01:28:04.119+0200] {dagbag.py:532} INFO - Filling up the DagBag from /Users/siddalingkattimani/dbt_env/lib/python3.11/site-packages/airflow/example_dags/plugins/workday.py
[2023-04-23T01:28:04.381+0200] {processor.py:755} WARNING - No viable dags retrieved from /Users/siddalingkattimani/dbt_env/lib/python3.11/site-packages/airflow/example_dags/plugins/workday.py
[2023-04-23T01:28:05.162+0200] {processor.py:175} INFO - Processing /Users/siddalingkattimani/dbt_env/lib/python3.11/site-packages/airflow/example_dags/plugins/workday.py took 1.048 seconds
[2023-04-23T01:30:09.856+0200] {processor.py:153} INFO - Started process (PID=48114) to work on /Users/siddalingkattimani/dbt_env/lib/python3.11/site-packages/airflow/example_dags/plugins/workday.py
[2023-04-23T01:30:09.859+0200] {processor.py:743} INFO - Processing file /Users/siddalingkattimani/dbt_env/lib/python3.11/site-packages/airflow/example_dags/plugins/workday.py for tasks to queue
[2023-04-23T01:30:09.859+0200] {logging_mixin.py:137} INFO - [2023-04-23T01:30:09.859+0200] {dagbag.py:532} INFO - Filling up the DagBag from /Users/siddalingkattimani/dbt_env/lib/python3.11/site-packages/airflow/example_dags/plugins/workday.py
[2023-04-23T01:30:10.093+0200] {processor.py:755} WARNING - No viable dags retrieved from /Users/siddalingkattimani/dbt_env/lib/python3.11/site-packages/airflow/example_dags/plugins/workday.py
[2023-04-23T01:30:10.679+0200] {processor.py:175} INFO - Processing /Users/siddalingkattimani/dbt_env/lib/python3.11/site-packages/airflow/example_dags/plugins/workday.py took 0.824 seconds
[2023-04-23T01:32:10.966+0200] {processor.py:153} INFO - Started process (PID=48160) to work on /Users/siddalingkattimani/dbt_env/lib/python3.11/site-packages/airflow/example_dags/plugins/workday.py
[2023-04-23T01:32:10.969+0200] {processor.py:743} INFO - Processing file /Users/siddalingkattimani/dbt_env/lib/python3.11/site-packages/airflow/example_dags/plugins/workday.py for tasks to queue
[2023-04-23T01:32:10.969+0200] {logging_mixin.py:137} INFO - [2023-04-23T01:32:10.969+0200] {dagbag.py:532} INFO - Filling up the DagBag from /Users/siddalingkattimani/dbt_env/lib/python3.11/site-packages/airflow/example_dags/plugins/workday.py
[2023-04-23T01:32:11.314+0200] {processor.py:755} WARNING - No viable dags retrieved from /Users/siddalingkattimani/dbt_env/lib/python3.11/site-packages/airflow/example_dags/plugins/workday.py
[2023-04-23T01:32:12.071+0200] {processor.py:175} INFO - Processing /Users/siddalingkattimani/dbt_env/lib/python3.11/site-packages/airflow/example_dags/plugins/workday.py took 1.106 seconds
[2023-04-23T01:34:16.367+0200] {processor.py:153} INFO - Started process (PID=48210) to work on /Users/siddalingkattimani/dbt_env/lib/python3.11/site-packages/airflow/example_dags/plugins/workday.py
[2023-04-23T01:34:16.371+0200] {processor.py:743} INFO - Processing file /Users/siddalingkattimani/dbt_env/lib/python3.11/site-packages/airflow/example_dags/plugins/workday.py for tasks to queue
[2023-04-23T01:34:16.372+0200] {logging_mixin.py:137} INFO - [2023-04-23T01:34:16.371+0200] {dagbag.py:532} INFO - Filling up the DagBag from /Users/siddalingkattimani/dbt_env/lib/python3.11/site-packages/airflow/example_dags/plugins/workday.py
[2023-04-23T01:34:16.876+0200] {processor.py:755} WARNING - No viable dags retrieved from /Users/siddalingkattimani/dbt_env/lib/python3.11/site-packages/airflow/example_dags/plugins/workday.py
[2023-04-23T01:34:18.133+0200] {processor.py:175} INFO - Processing /Users/siddalingkattimani/dbt_env/lib/python3.11/site-packages/airflow/example_dags/plugins/workday.py took 1.767 seconds
