[2023-04-23T16:52:10.893+0200] {taskinstance.py:1090} INFO - Dependencies all met for dep_context=non-requeueable deps ti=<TaskInstance: csv_upload_gcs.upload_devices manual__2023-04-23T14:51:26.577761+00:00 [queued]>
[2023-04-23T16:52:10.906+0200] {taskinstance.py:1090} INFO - Dependencies all met for dep_context=requeueable deps ti=<TaskInstance: csv_upload_gcs.upload_devices manual__2023-04-23T14:51:26.577761+00:00 [queued]>
[2023-04-23T16:52:10.907+0200] {taskinstance.py:1288} INFO - 
--------------------------------------------------------------------------------
[2023-04-23T16:52:10.907+0200] {taskinstance.py:1289} INFO - Starting attempt 1 of 1
[2023-04-23T16:52:10.907+0200] {taskinstance.py:1290} INFO - 
--------------------------------------------------------------------------------
[2023-04-23T16:52:10.920+0200] {taskinstance.py:1309} INFO - Executing <Task(PythonOperator): upload_devices> on 2023-04-23 14:51:26.577761+00:00
[2023-04-23T16:52:10.923+0200] {standard_task_runner.py:55} INFO - Started process 55131 to run task
[2023-04-23T16:52:10.929+0200] {standard_task_runner.py:82} INFO - Running: ['airflow', 'tasks', 'run', 'csv_upload_gcs', 'upload_devices', 'manual__2023-04-23T14:51:26.577761+00:00', '--job-id', '13', '--raw', '--subdir', 'DAGS_FOLDER/upload_csv_gcs.py', '--cfg-path', '/var/folders/4d/d2yhck4j3t317qy3gsb6wmr00000gp/T/tmp3f3gz47i']
[2023-04-23T16:52:10.931+0200] {standard_task_runner.py:83} INFO - Job 13: Subtask upload_devices
[2023-04-23T16:52:10.983+0200] {task_command.py:389} INFO - Running <TaskInstance: csv_upload_gcs.upload_devices manual__2023-04-23T14:51:26.577761+00:00 [running]> on host admins-MacBook-Air.local
[2023-04-23T16:52:11.022+0200] {taskinstance.py:1516} INFO - Exporting the following env vars:
AIRFLOW_CTX_DAG_OWNER=airflow
AIRFLOW_CTX_DAG_ID=csv_upload_gcs
AIRFLOW_CTX_TASK_ID=upload_devices
AIRFLOW_CTX_EXECUTION_DATE=2023-04-23T14:51:26.577761+00:00
AIRFLOW_CTX_TRY_NUMBER=1
AIRFLOW_CTX_DAG_RUN_ID=manual__2023-04-23T14:51:26.577761+00:00
[2023-04-23T16:52:11.316+0200] {python.py:177} INFO - Done. Returned value was: None
[2023-04-23T16:52:11.325+0200] {taskinstance.py:1327} INFO - Marking task as SUCCESS. dag_id=csv_upload_gcs, task_id=upload_devices, execution_date=20230423T145126, start_date=20230423T145210, end_date=20230423T145211
[2023-04-23T16:52:11.371+0200] {local_task_job.py:212} INFO - Task exited with return code 0
[2023-04-23T16:52:11.395+0200] {taskinstance.py:2596} INFO - 0 downstream tasks scheduled from follow-on schedule check
