[2023-04-23T16:47:07.829+0200] {taskinstance.py:1090} INFO - Dependencies all met for dep_context=non-requeueable deps ti=<TaskInstance: csv_upload_gcs.upload_devices manual__2023-04-23T14:46:23.184162+00:00 [queued]>
[2023-04-23T16:47:07.842+0200] {taskinstance.py:1090} INFO - Dependencies all met for dep_context=requeueable deps ti=<TaskInstance: csv_upload_gcs.upload_devices manual__2023-04-23T14:46:23.184162+00:00 [queued]>
[2023-04-23T16:47:07.842+0200] {taskinstance.py:1288} INFO - 
--------------------------------------------------------------------------------
[2023-04-23T16:47:07.842+0200] {taskinstance.py:1289} INFO - Starting attempt 1 of 1
[2023-04-23T16:47:07.842+0200] {taskinstance.py:1290} INFO - 
--------------------------------------------------------------------------------
[2023-04-23T16:47:07.856+0200] {taskinstance.py:1309} INFO - Executing <Task(PythonOperator): upload_devices> on 2023-04-23 14:46:23.184162+00:00
[2023-04-23T16:47:07.860+0200] {standard_task_runner.py:55} INFO - Started process 54732 to run task
[2023-04-23T16:47:07.867+0200] {standard_task_runner.py:82} INFO - Running: ['airflow', 'tasks', 'run', 'csv_upload_gcs', 'upload_devices', 'manual__2023-04-23T14:46:23.184162+00:00', '--job-id', '9', '--raw', '--subdir', 'DAGS_FOLDER/gcp_test.py', '--cfg-path', '/var/folders/4d/d2yhck4j3t317qy3gsb6wmr00000gp/T/tmpr42l52xd']
[2023-04-23T16:47:07.868+0200] {standard_task_runner.py:83} INFO - Job 9: Subtask upload_devices
[2023-04-23T16:47:07.921+0200] {task_command.py:389} INFO - Running <TaskInstance: csv_upload_gcs.upload_devices manual__2023-04-23T14:46:23.184162+00:00 [running]> on host admins-MacBook-Air.local
[2023-04-23T16:47:07.958+0200] {taskinstance.py:1516} INFO - Exporting the following env vars:
AIRFLOW_CTX_DAG_OWNER=airflow
AIRFLOW_CTX_DAG_ID=csv_upload_gcs
AIRFLOW_CTX_TASK_ID=upload_devices
AIRFLOW_CTX_EXECUTION_DATE=2023-04-23T14:46:23.184162+00:00
AIRFLOW_CTX_TRY_NUMBER=1
AIRFLOW_CTX_DAG_RUN_ID=manual__2023-04-23T14:46:23.184162+00:00
[2023-04-23T16:47:08.257+0200] {python.py:177} INFO - Done. Returned value was: None
[2023-04-23T16:47:08.267+0200] {taskinstance.py:1327} INFO - Marking task as SUCCESS. dag_id=csv_upload_gcs, task_id=upload_devices, execution_date=20230423T144623, start_date=20230423T144707, end_date=20230423T144708
[2023-04-23T16:47:08.321+0200] {local_task_job.py:212} INFO - Task exited with return code 0
[2023-04-23T16:47:08.345+0200] {taskinstance.py:2596} INFO - 0 downstream tasks scheduled from follow-on schedule check
