[2023-04-23T16:08:15.955+0200] {taskinstance.py:1090} INFO - Dependencies all met for dep_context=non-requeueable deps ti=<TaskInstance: csv_upload.upload_transaction manual__2023-04-23T14:07:47.262282+00:00 [queued]>
[2023-04-23T16:08:15.968+0200] {taskinstance.py:1090} INFO - Dependencies all met for dep_context=requeueable deps ti=<TaskInstance: csv_upload.upload_transaction manual__2023-04-23T14:07:47.262282+00:00 [queued]>
[2023-04-23T16:08:15.968+0200] {taskinstance.py:1288} INFO - 
--------------------------------------------------------------------------------
[2023-04-23T16:08:15.968+0200] {taskinstance.py:1289} INFO - Starting attempt 1 of 1
[2023-04-23T16:08:15.968+0200] {taskinstance.py:1290} INFO - 
--------------------------------------------------------------------------------
[2023-04-23T16:08:15.982+0200] {taskinstance.py:1309} INFO - Executing <Task(PythonOperator): upload_transaction> on 2023-04-23 14:07:47.262282+00:00
[2023-04-23T16:08:15.986+0200] {standard_task_runner.py:55} INFO - Started process 52152 to run task
[2023-04-23T16:08:15.996+0200] {standard_task_runner.py:82} INFO - Running: ['airflow', 'tasks', 'run', 'csv_upload', 'upload_transaction', 'manual__2023-04-23T14:07:47.262282+00:00', '--job-id', '4', '--raw', '--subdir', 'DAGS_FOLDER/gcp_test.py', '--cfg-path', '/var/folders/4d/d2yhck4j3t317qy3gsb6wmr00000gp/T/tmpwd4z68z0']
[2023-04-23T16:08:15.999+0200] {standard_task_runner.py:83} INFO - Job 4: Subtask upload_transaction
[2023-04-23T16:08:16.066+0200] {task_command.py:389} INFO - Running <TaskInstance: csv_upload.upload_transaction manual__2023-04-23T14:07:47.262282+00:00 [running]> on host admins-MacBook-Air.local
[2023-04-23T16:08:16.101+0200] {taskinstance.py:1516} INFO - Exporting the following env vars:
AIRFLOW_CTX_DAG_OWNER=airflow
AIRFLOW_CTX_DAG_ID=csv_upload
AIRFLOW_CTX_TASK_ID=upload_transaction
AIRFLOW_CTX_EXECUTION_DATE=2023-04-23T14:07:47.262282+00:00
AIRFLOW_CTX_TRY_NUMBER=1
AIRFLOW_CTX_DAG_RUN_ID=manual__2023-04-23T14:07:47.262282+00:00
[2023-04-23T16:08:17.181+0200] {python.py:177} INFO - Done. Returned value was: None
[2023-04-23T16:08:17.190+0200] {taskinstance.py:1327} INFO - Marking task as SUCCESS. dag_id=csv_upload, task_id=upload_transaction, execution_date=20230423T140747, start_date=20230423T140815, end_date=20230423T140817
[2023-04-23T16:08:17.229+0200] {local_task_job.py:212} INFO - Task exited with return code 0
[2023-04-23T16:08:17.253+0200] {taskinstance.py:2596} INFO - 0 downstream tasks scheduled from follow-on schedule check
