[2023-04-24T16:00:31.635+0200] {taskinstance.py:1090} INFO - Dependencies all met for dep_context=non-requeueable deps ti=<TaskInstance: sumup_data_pipeline.upload_stores scheduled__2023-04-24T12:00:00+00:00 [queued]>
[2023-04-24T16:00:31.647+0200] {taskinstance.py:1090} INFO - Dependencies all met for dep_context=requeueable deps ti=<TaskInstance: sumup_data_pipeline.upload_stores scheduled__2023-04-24T12:00:00+00:00 [queued]>
[2023-04-24T16:00:31.647+0200] {taskinstance.py:1288} INFO - 
--------------------------------------------------------------------------------
[2023-04-24T16:00:31.647+0200] {taskinstance.py:1289} INFO - Starting attempt 1 of 2
[2023-04-24T16:00:31.648+0200] {taskinstance.py:1290} INFO - 
--------------------------------------------------------------------------------
[2023-04-24T16:00:31.660+0200] {taskinstance.py:1309} INFO - Executing <Task(PythonOperator): upload_stores> on 2023-04-24 12:00:00+00:00
[2023-04-24T16:00:31.663+0200] {standard_task_runner.py:55} INFO - Started process 93740 to run task
[2023-04-24T16:00:31.669+0200] {standard_task_runner.py:82} INFO - Running: ['airflow', 'tasks', 'run', 'sumup_data_pipeline', 'upload_stores', 'scheduled__2023-04-24T12:00:00+00:00', '--job-id', '35', '--raw', '--subdir', 'DAGS_FOLDER/gcp_airflow.py', '--cfg-path', '/var/folders/4d/d2yhck4j3t317qy3gsb6wmr00000gp/T/tmpnn0d7qd0']
[2023-04-24T16:00:31.671+0200] {standard_task_runner.py:83} INFO - Job 35: Subtask upload_stores
[2023-04-24T16:00:31.720+0200] {task_command.py:389} INFO - Running <TaskInstance: sumup_data_pipeline.upload_stores scheduled__2023-04-24T12:00:00+00:00 [running]> on host admins-air
[2023-04-24T16:00:31.777+0200] {taskinstance.py:1516} INFO - Exporting the following env vars:
AIRFLOW_CTX_DAG_OWNER=airflow
AIRFLOW_CTX_DAG_ID=sumup_data_pipeline
AIRFLOW_CTX_TASK_ID=upload_stores
AIRFLOW_CTX_EXECUTION_DATE=2023-04-24T12:00:00+00:00
AIRFLOW_CTX_TRY_NUMBER=1
AIRFLOW_CTX_DAG_RUN_ID=scheduled__2023-04-24T12:00:00+00:00
[2023-04-24T16:00:32.294+0200] {python.py:177} INFO - Done. Returned value was: None
[2023-04-24T16:00:32.303+0200] {taskinstance.py:1327} INFO - Marking task as SUCCESS. dag_id=sumup_data_pipeline, task_id=upload_stores, execution_date=20230424T120000, start_date=20230424T140031, end_date=20230424T140032
[2023-04-24T16:00:32.330+0200] {local_task_job.py:212} INFO - Task exited with return code 0
[2023-04-24T16:00:32.356+0200] {taskinstance.py:2596} INFO - 0 downstream tasks scheduled from follow-on schedule check
