[2023-04-23T16:51:58.726+0200] {taskinstance.py:1090} INFO - Dependencies all met for dep_context=non-requeueable deps ti=<TaskInstance: csv_upload_gcs.upload_transaction manual__2023-04-23T14:51:26.577761+00:00 [queued]>
[2023-04-23T16:51:58.739+0200] {taskinstance.py:1090} INFO - Dependencies all met for dep_context=requeueable deps ti=<TaskInstance: csv_upload_gcs.upload_transaction manual__2023-04-23T14:51:26.577761+00:00 [queued]>
[2023-04-23T16:51:58.739+0200] {taskinstance.py:1288} INFO - 
--------------------------------------------------------------------------------
[2023-04-23T16:51:58.739+0200] {taskinstance.py:1289} INFO - Starting attempt 1 of 1
[2023-04-23T16:51:58.739+0200] {taskinstance.py:1290} INFO - 
--------------------------------------------------------------------------------
[2023-04-23T16:51:58.752+0200] {taskinstance.py:1309} INFO - Executing <Task(PythonOperator): upload_transaction> on 2023-04-23 14:51:26.577761+00:00
[2023-04-23T16:51:58.754+0200] {standard_task_runner.py:55} INFO - Started process 55089 to run task
[2023-04-23T16:51:58.761+0200] {standard_task_runner.py:82} INFO - Running: ['airflow', 'tasks', 'run', 'csv_upload_gcs', 'upload_transaction', 'manual__2023-04-23T14:51:26.577761+00:00', '--job-id', '12', '--raw', '--subdir', 'DAGS_FOLDER/upload_csv_gcs.py', '--cfg-path', '/var/folders/4d/d2yhck4j3t317qy3gsb6wmr00000gp/T/tmpyn35e9k7']
[2023-04-23T16:51:58.763+0200] {standard_task_runner.py:83} INFO - Job 12: Subtask upload_transaction
[2023-04-23T16:51:58.816+0200] {task_command.py:389} INFO - Running <TaskInstance: csv_upload_gcs.upload_transaction manual__2023-04-23T14:51:26.577761+00:00 [running]> on host admins-MacBook-Air.local
[2023-04-23T16:51:58.853+0200] {taskinstance.py:1516} INFO - Exporting the following env vars:
AIRFLOW_CTX_DAG_OWNER=airflow
AIRFLOW_CTX_DAG_ID=csv_upload_gcs
AIRFLOW_CTX_TASK_ID=upload_transaction
AIRFLOW_CTX_EXECUTION_DATE=2023-04-23T14:51:26.577761+00:00
AIRFLOW_CTX_TRY_NUMBER=1
AIRFLOW_CTX_DAG_RUN_ID=manual__2023-04-23T14:51:26.577761+00:00
[2023-04-23T16:51:59.375+0200] {python.py:177} INFO - Done. Returned value was: None
[2023-04-23T16:51:59.383+0200] {taskinstance.py:1327} INFO - Marking task as SUCCESS. dag_id=csv_upload_gcs, task_id=upload_transaction, execution_date=20230423T145126, start_date=20230423T145158, end_date=20230423T145159
[2023-04-23T16:51:59.428+0200] {local_task_job.py:212} INFO - Task exited with return code 0
[2023-04-23T16:51:59.455+0200] {taskinstance.py:2596} INFO - 0 downstream tasks scheduled from follow-on schedule check
