[2023-04-23T00:45:30.406+0200] {processor.py:153} INFO - Started process (PID=46800) to work on /Users/siddalingkattimani/dbt_env/lib/python3.11/site-packages/airflow/example_dags/example_branch_datetime_operator.py
[2023-04-23T00:45:30.409+0200] {processor.py:743} INFO - Processing file /Users/siddalingkattimani/dbt_env/lib/python3.11/site-packages/airflow/example_dags/example_branch_datetime_operator.py for tasks to queue
[2023-04-23T00:45:30.409+0200] {logging_mixin.py:137} INFO - [2023-04-23T00:45:30.409+0200] {dagbag.py:532} INFO - Filling up the DagBag from /Users/siddalingkattimani/dbt_env/lib/python3.11/site-packages/airflow/example_dags/example_branch_datetime_operator.py
[2023-04-23T00:45:30.431+0200] {processor.py:753} INFO - DAG(s) dict_keys(['example_branch_datetime_operator_2', 'example_branch_datetime_operator', 'example_branch_datetime_operator_3']) retrieved from /Users/siddalingkattimani/dbt_env/lib/python3.11/site-packages/airflow/example_dags/example_branch_datetime_operator.py
[2023-04-23T00:45:31.160+0200] {logging_mixin.py:137} INFO - [2023-04-23T00:45:31.160+0200] {manager.py:504} INFO - Created Permission View: can edit on DAG:example_branch_datetime_operator_2
[2023-04-23T00:45:31.167+0200] {logging_mixin.py:137} INFO - [2023-04-23T00:45:31.167+0200] {manager.py:504} INFO - Created Permission View: can read on DAG:example_branch_datetime_operator_2
[2023-04-23T00:45:31.172+0200] {logging_mixin.py:137} INFO - [2023-04-23T00:45:31.172+0200] {manager.py:504} INFO - Created Permission View: can delete on DAG:example_branch_datetime_operator_2
[2023-04-23T00:45:31.183+0200] {logging_mixin.py:137} INFO - [2023-04-23T00:45:31.183+0200] {manager.py:504} INFO - Created Permission View: can edit on DAG:example_branch_datetime_operator
[2023-04-23T00:45:31.188+0200] {logging_mixin.py:137} INFO - [2023-04-23T00:45:31.188+0200] {manager.py:504} INFO - Created Permission View: can read on DAG:example_branch_datetime_operator
[2023-04-23T00:45:31.194+0200] {logging_mixin.py:137} INFO - [2023-04-23T00:45:31.194+0200] {manager.py:504} INFO - Created Permission View: can delete on DAG:example_branch_datetime_operator
[2023-04-23T00:45:31.208+0200] {logging_mixin.py:137} INFO - [2023-04-23T00:45:31.208+0200] {manager.py:504} INFO - Created Permission View: can edit on DAG:example_branch_datetime_operator_3
[2023-04-23T00:45:31.215+0200] {logging_mixin.py:137} INFO - [2023-04-23T00:45:31.215+0200] {manager.py:504} INFO - Created Permission View: can read on DAG:example_branch_datetime_operator_3
[2023-04-23T00:45:31.221+0200] {logging_mixin.py:137} INFO - [2023-04-23T00:45:31.221+0200] {manager.py:504} INFO - Created Permission View: can delete on DAG:example_branch_datetime_operator_3
[2023-04-23T00:45:31.221+0200] {logging_mixin.py:137} INFO - [2023-04-23T00:45:31.221+0200] {dag.py:2705} INFO - Sync 3 DAGs
[2023-04-23T00:45:31.231+0200] {logging_mixin.py:137} INFO - [2023-04-23T00:45:31.230+0200] {dag.py:2726} INFO - Creating ORM DAG for example_branch_datetime_operator
[2023-04-23T00:45:31.231+0200] {logging_mixin.py:137} INFO - [2023-04-23T00:45:31.231+0200] {dag.py:2726} INFO - Creating ORM DAG for example_branch_datetime_operator_2
[2023-04-23T00:45:31.231+0200] {logging_mixin.py:137} INFO - [2023-04-23T00:45:31.231+0200] {dag.py:2726} INFO - Creating ORM DAG for example_branch_datetime_operator_3
[2023-04-23T00:45:31.239+0200] {logging_mixin.py:137} INFO - [2023-04-23T00:45:31.239+0200] {dag.py:3452} INFO - Setting next_dagrun for example_branch_datetime_operator to 2023-04-21T00:00:00+00:00, run_after=2023-04-22T00:00:00+00:00
[2023-04-23T00:45:31.241+0200] {logging_mixin.py:137} INFO - [2023-04-23T00:45:31.241+0200] {dag.py:3452} INFO - Setting next_dagrun for example_branch_datetime_operator_2 to 2023-04-21T00:00:00+00:00, run_after=2023-04-22T00:00:00+00:00
[2023-04-23T00:45:31.242+0200] {logging_mixin.py:137} INFO - [2023-04-23T00:45:31.242+0200] {dag.py:3452} INFO - Setting next_dagrun for example_branch_datetime_operator_3 to 2023-04-21T00:00:00+00:00, run_after=2023-04-22T00:00:00+00:00
[2023-04-23T00:45:31.257+0200] {processor.py:175} INFO - Processing /Users/siddalingkattimani/dbt_env/lib/python3.11/site-packages/airflow/example_dags/example_branch_datetime_operator.py took 0.852 seconds
[2023-04-23T00:47:30.580+0200] {processor.py:153} INFO - Started process (PID=46847) to work on /Users/siddalingkattimani/dbt_env/lib/python3.11/site-packages/airflow/example_dags/example_branch_datetime_operator.py
[2023-04-23T00:47:30.583+0200] {processor.py:743} INFO - Processing file /Users/siddalingkattimani/dbt_env/lib/python3.11/site-packages/airflow/example_dags/example_branch_datetime_operator.py for tasks to queue
[2023-04-23T00:47:30.584+0200] {logging_mixin.py:137} INFO - [2023-04-23T00:47:30.584+0200] {dagbag.py:532} INFO - Filling up the DagBag from /Users/siddalingkattimani/dbt_env/lib/python3.11/site-packages/airflow/example_dags/example_branch_datetime_operator.py
[2023-04-23T00:47:30.605+0200] {processor.py:753} INFO - DAG(s) dict_keys(['example_branch_datetime_operator_3', 'example_branch_datetime_operator', 'example_branch_datetime_operator_2']) retrieved from /Users/siddalingkattimani/dbt_env/lib/python3.11/site-packages/airflow/example_dags/example_branch_datetime_operator.py
[2023-04-23T00:47:31.324+0200] {logging_mixin.py:137} INFO - [2023-04-23T00:47:31.323+0200] {dag.py:2705} INFO - Sync 3 DAGs
[2023-04-23T00:47:31.337+0200] {logging_mixin.py:137} INFO - [2023-04-23T00:47:31.337+0200] {dag.py:3452} INFO - Setting next_dagrun for example_branch_datetime_operator to 2023-04-21T00:00:00+00:00, run_after=2023-04-22T00:00:00+00:00
[2023-04-23T00:47:31.341+0200] {logging_mixin.py:137} INFO - [2023-04-23T00:47:31.340+0200] {dag.py:3452} INFO - Setting next_dagrun for example_branch_datetime_operator_2 to 2023-04-21T00:00:00+00:00, run_after=2023-04-22T00:00:00+00:00
[2023-04-23T00:47:31.342+0200] {logging_mixin.py:137} INFO - [2023-04-23T00:47:31.342+0200] {dag.py:3452} INFO - Setting next_dagrun for example_branch_datetime_operator_3 to 2023-04-21T00:00:00+00:00, run_after=2023-04-22T00:00:00+00:00
[2023-04-23T00:47:31.359+0200] {processor.py:175} INFO - Processing /Users/siddalingkattimani/dbt_env/lib/python3.11/site-packages/airflow/example_dags/example_branch_datetime_operator.py took 0.779 seconds
[2023-04-23T00:49:32.569+0200] {processor.py:153} INFO - Started process (PID=46892) to work on /Users/siddalingkattimani/dbt_env/lib/python3.11/site-packages/airflow/example_dags/example_branch_datetime_operator.py
[2023-04-23T00:49:32.572+0200] {processor.py:743} INFO - Processing file /Users/siddalingkattimani/dbt_env/lib/python3.11/site-packages/airflow/example_dags/example_branch_datetime_operator.py for tasks to queue
[2023-04-23T00:49:32.572+0200] {logging_mixin.py:137} INFO - [2023-04-23T00:49:32.572+0200] {dagbag.py:532} INFO - Filling up the DagBag from /Users/siddalingkattimani/dbt_env/lib/python3.11/site-packages/airflow/example_dags/example_branch_datetime_operator.py
[2023-04-23T00:49:32.593+0200] {processor.py:753} INFO - DAG(s) dict_keys(['example_branch_datetime_operator_2', 'example_branch_datetime_operator_3', 'example_branch_datetime_operator']) retrieved from /Users/siddalingkattimani/dbt_env/lib/python3.11/site-packages/airflow/example_dags/example_branch_datetime_operator.py
[2023-04-23T00:49:33.362+0200] {logging_mixin.py:137} INFO - [2023-04-23T00:49:33.361+0200] {dag.py:2705} INFO - Sync 3 DAGs
[2023-04-23T00:49:33.384+0200] {logging_mixin.py:137} INFO - [2023-04-23T00:49:33.384+0200] {dag.py:3452} INFO - Setting next_dagrun for example_branch_datetime_operator to 2023-04-21T00:00:00+00:00, run_after=2023-04-22T00:00:00+00:00
[2023-04-23T00:49:33.388+0200] {logging_mixin.py:137} INFO - [2023-04-23T00:49:33.388+0200] {dag.py:3452} INFO - Setting next_dagrun for example_branch_datetime_operator_2 to 2023-04-21T00:00:00+00:00, run_after=2023-04-22T00:00:00+00:00
[2023-04-23T00:49:33.391+0200] {logging_mixin.py:137} INFO - [2023-04-23T00:49:33.390+0200] {dag.py:3452} INFO - Setting next_dagrun for example_branch_datetime_operator_3 to 2023-04-21T00:00:00+00:00, run_after=2023-04-22T00:00:00+00:00
[2023-04-23T00:49:33.412+0200] {processor.py:175} INFO - Processing /Users/siddalingkattimani/dbt_env/lib/python3.11/site-packages/airflow/example_dags/example_branch_datetime_operator.py took 0.844 seconds
[2023-04-23T00:51:45.368+0200] {processor.py:153} INFO - Started process (PID=46954) to work on /Users/siddalingkattimani/dbt_env/lib/python3.11/site-packages/airflow/example_dags/example_branch_datetime_operator.py
[2023-04-23T00:51:45.371+0200] {processor.py:743} INFO - Processing file /Users/siddalingkattimani/dbt_env/lib/python3.11/site-packages/airflow/example_dags/example_branch_datetime_operator.py for tasks to queue
[2023-04-23T00:51:45.372+0200] {logging_mixin.py:137} INFO - [2023-04-23T00:51:45.372+0200] {dagbag.py:532} INFO - Filling up the DagBag from /Users/siddalingkattimani/dbt_env/lib/python3.11/site-packages/airflow/example_dags/example_branch_datetime_operator.py
[2023-04-23T00:51:45.398+0200] {processor.py:753} INFO - DAG(s) dict_keys(['example_branch_datetime_operator_2', 'example_branch_datetime_operator', 'example_branch_datetime_operator_3']) retrieved from /Users/siddalingkattimani/dbt_env/lib/python3.11/site-packages/airflow/example_dags/example_branch_datetime_operator.py
[2023-04-23T00:51:46.129+0200] {logging_mixin.py:137} INFO - [2023-04-23T00:51:46.129+0200] {dag.py:2705} INFO - Sync 3 DAGs
[2023-04-23T00:51:46.145+0200] {logging_mixin.py:137} INFO - [2023-04-23T00:51:46.145+0200] {dag.py:3452} INFO - Setting next_dagrun for example_branch_datetime_operator to 2023-04-21T00:00:00+00:00, run_after=2023-04-22T00:00:00+00:00
[2023-04-23T00:51:46.150+0200] {logging_mixin.py:137} INFO - [2023-04-23T00:51:46.149+0200] {dag.py:3452} INFO - Setting next_dagrun for example_branch_datetime_operator_2 to 2023-04-21T00:00:00+00:00, run_after=2023-04-22T00:00:00+00:00
[2023-04-23T00:51:46.152+0200] {logging_mixin.py:137} INFO - [2023-04-23T00:51:46.152+0200] {dag.py:3452} INFO - Setting next_dagrun for example_branch_datetime_operator_3 to 2023-04-21T00:00:00+00:00, run_after=2023-04-22T00:00:00+00:00
[2023-04-23T00:51:46.170+0200] {processor.py:175} INFO - Processing /Users/siddalingkattimani/dbt_env/lib/python3.11/site-packages/airflow/example_dags/example_branch_datetime_operator.py took 0.803 seconds
[2023-04-23T00:53:46.092+0200] {processor.py:153} INFO - Started process (PID=46999) to work on /Users/siddalingkattimani/dbt_env/lib/python3.11/site-packages/airflow/example_dags/example_branch_datetime_operator.py
[2023-04-23T00:53:46.099+0200] {processor.py:743} INFO - Processing file /Users/siddalingkattimani/dbt_env/lib/python3.11/site-packages/airflow/example_dags/example_branch_datetime_operator.py for tasks to queue
[2023-04-23T00:53:46.100+0200] {logging_mixin.py:137} INFO - [2023-04-23T00:53:46.100+0200] {dagbag.py:532} INFO - Filling up the DagBag from /Users/siddalingkattimani/dbt_env/lib/python3.11/site-packages/airflow/example_dags/example_branch_datetime_operator.py
[2023-04-23T00:53:46.140+0200] {processor.py:753} INFO - DAG(s) dict_keys(['example_branch_datetime_operator', 'example_branch_datetime_operator_3', 'example_branch_datetime_operator_2']) retrieved from /Users/siddalingkattimani/dbt_env/lib/python3.11/site-packages/airflow/example_dags/example_branch_datetime_operator.py
[2023-04-23T00:53:46.956+0200] {logging_mixin.py:137} INFO - [2023-04-23T00:53:46.956+0200] {dag.py:2705} INFO - Sync 3 DAGs
[2023-04-23T00:53:46.974+0200] {logging_mixin.py:137} INFO - [2023-04-23T00:53:46.974+0200] {dag.py:3452} INFO - Setting next_dagrun for example_branch_datetime_operator to 2023-04-21T00:00:00+00:00, run_after=2023-04-22T00:00:00+00:00
[2023-04-23T00:53:46.978+0200] {logging_mixin.py:137} INFO - [2023-04-23T00:53:46.978+0200] {dag.py:3452} INFO - Setting next_dagrun for example_branch_datetime_operator_2 to 2023-04-21T00:00:00+00:00, run_after=2023-04-22T00:00:00+00:00
[2023-04-23T00:53:46.980+0200] {logging_mixin.py:137} INFO - [2023-04-23T00:53:46.980+0200] {dag.py:3452} INFO - Setting next_dagrun for example_branch_datetime_operator_3 to 2023-04-21T00:00:00+00:00, run_after=2023-04-22T00:00:00+00:00
[2023-04-23T00:53:47.001+0200] {processor.py:175} INFO - Processing /Users/siddalingkattimani/dbt_env/lib/python3.11/site-packages/airflow/example_dags/example_branch_datetime_operator.py took 0.910 seconds
[2023-04-23T00:55:48.016+0200] {processor.py:153} INFO - Started process (PID=47068) to work on /Users/siddalingkattimani/dbt_env/lib/python3.11/site-packages/airflow/example_dags/example_branch_datetime_operator.py
[2023-04-23T00:55:48.021+0200] {processor.py:743} INFO - Processing file /Users/siddalingkattimani/dbt_env/lib/python3.11/site-packages/airflow/example_dags/example_branch_datetime_operator.py for tasks to queue
[2023-04-23T00:55:48.021+0200] {logging_mixin.py:137} INFO - [2023-04-23T00:55:48.021+0200] {dagbag.py:532} INFO - Filling up the DagBag from /Users/siddalingkattimani/dbt_env/lib/python3.11/site-packages/airflow/example_dags/example_branch_datetime_operator.py
[2023-04-23T00:55:48.046+0200] {processor.py:753} INFO - DAG(s) dict_keys(['example_branch_datetime_operator', 'example_branch_datetime_operator_3', 'example_branch_datetime_operator_2']) retrieved from /Users/siddalingkattimani/dbt_env/lib/python3.11/site-packages/airflow/example_dags/example_branch_datetime_operator.py
[2023-04-23T00:55:48.709+0200] {logging_mixin.py:137} INFO - [2023-04-23T00:55:48.709+0200] {dag.py:2705} INFO - Sync 3 DAGs
[2023-04-23T00:55:48.729+0200] {logging_mixin.py:137} INFO - [2023-04-23T00:55:48.729+0200] {dag.py:3452} INFO - Setting next_dagrun for example_branch_datetime_operator to 2023-04-21T00:00:00+00:00, run_after=2023-04-22T00:00:00+00:00
[2023-04-23T00:55:48.734+0200] {logging_mixin.py:137} INFO - [2023-04-23T00:55:48.734+0200] {dag.py:3452} INFO - Setting next_dagrun for example_branch_datetime_operator_2 to 2023-04-21T00:00:00+00:00, run_after=2023-04-22T00:00:00+00:00
[2023-04-23T00:55:48.737+0200] {logging_mixin.py:137} INFO - [2023-04-23T00:55:48.736+0200] {dag.py:3452} INFO - Setting next_dagrun for example_branch_datetime_operator_3 to 2023-04-21T00:00:00+00:00, run_after=2023-04-22T00:00:00+00:00
[2023-04-23T00:55:48.758+0200] {processor.py:175} INFO - Processing /Users/siddalingkattimani/dbt_env/lib/python3.11/site-packages/airflow/example_dags/example_branch_datetime_operator.py took 0.743 seconds
[2023-04-23T00:57:56.069+0200] {processor.py:153} INFO - Started process (PID=47120) to work on /Users/siddalingkattimani/dbt_env/lib/python3.11/site-packages/airflow/example_dags/example_branch_datetime_operator.py
[2023-04-23T00:57:56.072+0200] {processor.py:743} INFO - Processing file /Users/siddalingkattimani/dbt_env/lib/python3.11/site-packages/airflow/example_dags/example_branch_datetime_operator.py for tasks to queue
[2023-04-23T00:57:56.073+0200] {logging_mixin.py:137} INFO - [2023-04-23T00:57:56.073+0200] {dagbag.py:532} INFO - Filling up the DagBag from /Users/siddalingkattimani/dbt_env/lib/python3.11/site-packages/airflow/example_dags/example_branch_datetime_operator.py
[2023-04-23T00:57:56.097+0200] {processor.py:753} INFO - DAG(s) dict_keys(['example_branch_datetime_operator', 'example_branch_datetime_operator_2', 'example_branch_datetime_operator_3']) retrieved from /Users/siddalingkattimani/dbt_env/lib/python3.11/site-packages/airflow/example_dags/example_branch_datetime_operator.py
[2023-04-23T00:57:56.923+0200] {logging_mixin.py:137} INFO - [2023-04-23T00:57:56.922+0200] {dag.py:2705} INFO - Sync 3 DAGs
[2023-04-23T00:57:56.942+0200] {logging_mixin.py:137} INFO - [2023-04-23T00:57:56.942+0200] {dag.py:3452} INFO - Setting next_dagrun for example_branch_datetime_operator to 2023-04-21T00:00:00+00:00, run_after=2023-04-22T00:00:00+00:00
[2023-04-23T00:57:56.946+0200] {logging_mixin.py:137} INFO - [2023-04-23T00:57:56.946+0200] {dag.py:3452} INFO - Setting next_dagrun for example_branch_datetime_operator_2 to 2023-04-21T00:00:00+00:00, run_after=2023-04-22T00:00:00+00:00
[2023-04-23T00:57:56.949+0200] {logging_mixin.py:137} INFO - [2023-04-23T00:57:56.949+0200] {dag.py:3452} INFO - Setting next_dagrun for example_branch_datetime_operator_3 to 2023-04-21T00:00:00+00:00, run_after=2023-04-22T00:00:00+00:00
[2023-04-23T00:57:56.972+0200] {processor.py:175} INFO - Processing /Users/siddalingkattimani/dbt_env/lib/python3.11/site-packages/airflow/example_dags/example_branch_datetime_operator.py took 0.904 seconds
[2023-04-23T01:00:00.948+0200] {processor.py:153} INFO - Started process (PID=47168) to work on /Users/siddalingkattimani/dbt_env/lib/python3.11/site-packages/airflow/example_dags/example_branch_datetime_operator.py
[2023-04-23T01:00:00.952+0200] {processor.py:743} INFO - Processing file /Users/siddalingkattimani/dbt_env/lib/python3.11/site-packages/airflow/example_dags/example_branch_datetime_operator.py for tasks to queue
[2023-04-23T01:00:00.952+0200] {logging_mixin.py:137} INFO - [2023-04-23T01:00:00.952+0200] {dagbag.py:532} INFO - Filling up the DagBag from /Users/siddalingkattimani/dbt_env/lib/python3.11/site-packages/airflow/example_dags/example_branch_datetime_operator.py
[2023-04-23T01:00:00.978+0200] {processor.py:753} INFO - DAG(s) dict_keys(['example_branch_datetime_operator_2', 'example_branch_datetime_operator', 'example_branch_datetime_operator_3']) retrieved from /Users/siddalingkattimani/dbt_env/lib/python3.11/site-packages/airflow/example_dags/example_branch_datetime_operator.py
[2023-04-23T01:00:01.654+0200] {logging_mixin.py:137} INFO - [2023-04-23T01:00:01.654+0200] {dag.py:2705} INFO - Sync 3 DAGs
[2023-04-23T01:00:01.668+0200] {logging_mixin.py:137} INFO - [2023-04-23T01:00:01.668+0200] {dag.py:3452} INFO - Setting next_dagrun for example_branch_datetime_operator to 2023-04-21T00:00:00+00:00, run_after=2023-04-22T00:00:00+00:00
[2023-04-23T01:00:01.672+0200] {logging_mixin.py:137} INFO - [2023-04-23T01:00:01.672+0200] {dag.py:3452} INFO - Setting next_dagrun for example_branch_datetime_operator_2 to 2023-04-21T00:00:00+00:00, run_after=2023-04-22T00:00:00+00:00
[2023-04-23T01:00:01.674+0200] {logging_mixin.py:137} INFO - [2023-04-23T01:00:01.674+0200] {dag.py:3452} INFO - Setting next_dagrun for example_branch_datetime_operator_3 to 2023-04-21T00:00:00+00:00, run_after=2023-04-22T00:00:00+00:00
[2023-04-23T01:00:01.692+0200] {processor.py:175} INFO - Processing /Users/siddalingkattimani/dbt_env/lib/python3.11/site-packages/airflow/example_dags/example_branch_datetime_operator.py took 0.745 seconds
[2023-04-23T01:02:19.787+0200] {processor.py:153} INFO - Started process (PID=47215) to work on /Users/siddalingkattimani/dbt_env/lib/python3.11/site-packages/airflow/example_dags/example_branch_datetime_operator.py
[2023-04-23T01:02:19.801+0200] {processor.py:743} INFO - Processing file /Users/siddalingkattimani/dbt_env/lib/python3.11/site-packages/airflow/example_dags/example_branch_datetime_operator.py for tasks to queue
[2023-04-23T01:02:19.803+0200] {logging_mixin.py:137} INFO - [2023-04-23T01:02:19.802+0200] {dagbag.py:532} INFO - Filling up the DagBag from /Users/siddalingkattimani/dbt_env/lib/python3.11/site-packages/airflow/example_dags/example_branch_datetime_operator.py
[2023-04-23T01:02:19.879+0200] {processor.py:753} INFO - DAG(s) dict_keys(['example_branch_datetime_operator_3', 'example_branch_datetime_operator', 'example_branch_datetime_operator_2']) retrieved from /Users/siddalingkattimani/dbt_env/lib/python3.11/site-packages/airflow/example_dags/example_branch_datetime_operator.py
[2023-04-23T01:02:20.835+0200] {logging_mixin.py:137} INFO - [2023-04-23T01:02:20.834+0200] {dag.py:2705} INFO - Sync 3 DAGs
[2023-04-23T01:02:20.854+0200] {logging_mixin.py:137} INFO - [2023-04-23T01:02:20.854+0200] {dag.py:3452} INFO - Setting next_dagrun for example_branch_datetime_operator to 2023-04-21T00:00:00+00:00, run_after=2023-04-22T00:00:00+00:00
[2023-04-23T01:02:20.857+0200] {logging_mixin.py:137} INFO - [2023-04-23T01:02:20.857+0200] {dag.py:3452} INFO - Setting next_dagrun for example_branch_datetime_operator_2 to 2023-04-21T00:00:00+00:00, run_after=2023-04-22T00:00:00+00:00
[2023-04-23T01:02:20.859+0200] {logging_mixin.py:137} INFO - [2023-04-23T01:02:20.859+0200] {dag.py:3452} INFO - Setting next_dagrun for example_branch_datetime_operator_3 to 2023-04-21T00:00:00+00:00, run_after=2023-04-22T00:00:00+00:00
[2023-04-23T01:02:20.881+0200] {processor.py:175} INFO - Processing /Users/siddalingkattimani/dbt_env/lib/python3.11/site-packages/airflow/example_dags/example_branch_datetime_operator.py took 1.095 seconds
[2023-04-23T01:04:19.247+0200] {processor.py:153} INFO - Started process (PID=47261) to work on /Users/siddalingkattimani/dbt_env/lib/python3.11/site-packages/airflow/example_dags/example_branch_datetime_operator.py
[2023-04-23T01:04:19.250+0200] {processor.py:743} INFO - Processing file /Users/siddalingkattimani/dbt_env/lib/python3.11/site-packages/airflow/example_dags/example_branch_datetime_operator.py for tasks to queue
[2023-04-23T01:04:19.251+0200] {logging_mixin.py:137} INFO - [2023-04-23T01:04:19.251+0200] {dagbag.py:532} INFO - Filling up the DagBag from /Users/siddalingkattimani/dbt_env/lib/python3.11/site-packages/airflow/example_dags/example_branch_datetime_operator.py
[2023-04-23T01:04:19.273+0200] {processor.py:753} INFO - DAG(s) dict_keys(['example_branch_datetime_operator', 'example_branch_datetime_operator_3', 'example_branch_datetime_operator_2']) retrieved from /Users/siddalingkattimani/dbt_env/lib/python3.11/site-packages/airflow/example_dags/example_branch_datetime_operator.py
[2023-04-23T01:04:20.462+0200] {logging_mixin.py:137} INFO - [2023-04-23T01:04:20.461+0200] {dag.py:2705} INFO - Sync 3 DAGs
[2023-04-23T01:04:20.481+0200] {logging_mixin.py:137} INFO - [2023-04-23T01:04:20.481+0200] {dag.py:3452} INFO - Setting next_dagrun for example_branch_datetime_operator to 2023-04-21T00:00:00+00:00, run_after=2023-04-22T00:00:00+00:00
[2023-04-23T01:04:20.484+0200] {logging_mixin.py:137} INFO - [2023-04-23T01:04:20.484+0200] {dag.py:3452} INFO - Setting next_dagrun for example_branch_datetime_operator_2 to 2023-04-21T00:00:00+00:00, run_after=2023-04-22T00:00:00+00:00
[2023-04-23T01:04:20.486+0200] {logging_mixin.py:137} INFO - [2023-04-23T01:04:20.486+0200] {dag.py:3452} INFO - Setting next_dagrun for example_branch_datetime_operator_3 to 2023-04-21T00:00:00+00:00, run_after=2023-04-22T00:00:00+00:00
[2023-04-23T01:04:20.506+0200] {processor.py:175} INFO - Processing /Users/siddalingkattimani/dbt_env/lib/python3.11/site-packages/airflow/example_dags/example_branch_datetime_operator.py took 1.260 seconds
[2023-04-23T01:06:33.201+0200] {processor.py:153} INFO - Started process (PID=47368) to work on /Users/siddalingkattimani/dbt_env/lib/python3.11/site-packages/airflow/example_dags/example_branch_datetime_operator.py
[2023-04-23T01:06:33.206+0200] {processor.py:743} INFO - Processing file /Users/siddalingkattimani/dbt_env/lib/python3.11/site-packages/airflow/example_dags/example_branch_datetime_operator.py for tasks to queue
[2023-04-23T01:06:33.207+0200] {logging_mixin.py:137} INFO - [2023-04-23T01:06:33.206+0200] {dagbag.py:532} INFO - Filling up the DagBag from /Users/siddalingkattimani/dbt_env/lib/python3.11/site-packages/airflow/example_dags/example_branch_datetime_operator.py
[2023-04-23T01:06:33.238+0200] {processor.py:753} INFO - DAG(s) dict_keys(['example_branch_datetime_operator', 'example_branch_datetime_operator_2', 'example_branch_datetime_operator_3']) retrieved from /Users/siddalingkattimani/dbt_env/lib/python3.11/site-packages/airflow/example_dags/example_branch_datetime_operator.py
[2023-04-23T01:06:34.281+0200] {logging_mixin.py:137} INFO - [2023-04-23T01:06:34.280+0200] {dag.py:2705} INFO - Sync 3 DAGs
[2023-04-23T01:06:34.302+0200] {logging_mixin.py:137} INFO - [2023-04-23T01:06:34.301+0200] {dag.py:3452} INFO - Setting next_dagrun for example_branch_datetime_operator to 2023-04-21T00:00:00+00:00, run_after=2023-04-22T00:00:00+00:00
[2023-04-23T01:06:34.306+0200] {logging_mixin.py:137} INFO - [2023-04-23T01:06:34.306+0200] {dag.py:3452} INFO - Setting next_dagrun for example_branch_datetime_operator_2 to 2023-04-21T00:00:00+00:00, run_after=2023-04-22T00:00:00+00:00
[2023-04-23T01:06:34.309+0200] {logging_mixin.py:137} INFO - [2023-04-23T01:06:34.309+0200] {dag.py:3452} INFO - Setting next_dagrun for example_branch_datetime_operator_3 to 2023-04-21T00:00:00+00:00, run_after=2023-04-22T00:00:00+00:00
[2023-04-23T01:06:34.329+0200] {processor.py:175} INFO - Processing /Users/siddalingkattimani/dbt_env/lib/python3.11/site-packages/airflow/example_dags/example_branch_datetime_operator.py took 1.129 seconds
[2023-04-23T01:09:07.455+0200] {processor.py:153} INFO - Started process (PID=47602) to work on /Users/siddalingkattimani/dbt_env/lib/python3.11/site-packages/airflow/example_dags/example_branch_datetime_operator.py
[2023-04-23T01:09:07.465+0200] {processor.py:743} INFO - Processing file /Users/siddalingkattimani/dbt_env/lib/python3.11/site-packages/airflow/example_dags/example_branch_datetime_operator.py for tasks to queue
[2023-04-23T01:09:07.466+0200] {logging_mixin.py:137} INFO - [2023-04-23T01:09:07.465+0200] {dagbag.py:532} INFO - Filling up the DagBag from /Users/siddalingkattimani/dbt_env/lib/python3.11/site-packages/airflow/example_dags/example_branch_datetime_operator.py
[2023-04-23T01:09:07.527+0200] {processor.py:753} INFO - DAG(s) dict_keys(['example_branch_datetime_operator_3', 'example_branch_datetime_operator_2', 'example_branch_datetime_operator']) retrieved from /Users/siddalingkattimani/dbt_env/lib/python3.11/site-packages/airflow/example_dags/example_branch_datetime_operator.py
[2023-04-23T01:09:09.174+0200] {logging_mixin.py:137} INFO - [2023-04-23T01:09:09.174+0200] {dag.py:2705} INFO - Sync 3 DAGs
[2023-04-23T01:09:09.198+0200] {logging_mixin.py:137} INFO - [2023-04-23T01:09:09.198+0200] {dag.py:3452} INFO - Setting next_dagrun for example_branch_datetime_operator to 2023-04-21T00:00:00+00:00, run_after=2023-04-22T00:00:00+00:00
[2023-04-23T01:09:09.203+0200] {logging_mixin.py:137} INFO - [2023-04-23T01:09:09.203+0200] {dag.py:3452} INFO - Setting next_dagrun for example_branch_datetime_operator_2 to 2023-04-21T00:00:00+00:00, run_after=2023-04-22T00:00:00+00:00
[2023-04-23T01:09:09.205+0200] {logging_mixin.py:137} INFO - [2023-04-23T01:09:09.205+0200] {dag.py:3452} INFO - Setting next_dagrun for example_branch_datetime_operator_3 to 2023-04-21T00:00:00+00:00, run_after=2023-04-22T00:00:00+00:00
[2023-04-23T01:09:09.223+0200] {processor.py:175} INFO - Processing /Users/siddalingkattimani/dbt_env/lib/python3.11/site-packages/airflow/example_dags/example_branch_datetime_operator.py took 1.769 seconds
[2023-04-23T01:11:37.154+0200] {processor.py:153} INFO - Started process (PID=47668) to work on /Users/siddalingkattimani/dbt_env/lib/python3.11/site-packages/airflow/example_dags/example_branch_datetime_operator.py
[2023-04-23T01:11:37.159+0200] {processor.py:743} INFO - Processing file /Users/siddalingkattimani/dbt_env/lib/python3.11/site-packages/airflow/example_dags/example_branch_datetime_operator.py for tasks to queue
[2023-04-23T01:11:37.160+0200] {logging_mixin.py:137} INFO - [2023-04-23T01:11:37.159+0200] {dagbag.py:532} INFO - Filling up the DagBag from /Users/siddalingkattimani/dbt_env/lib/python3.11/site-packages/airflow/example_dags/example_branch_datetime_operator.py
[2023-04-23T01:11:37.188+0200] {processor.py:753} INFO - DAG(s) dict_keys(['example_branch_datetime_operator_2', 'example_branch_datetime_operator_3', 'example_branch_datetime_operator']) retrieved from /Users/siddalingkattimani/dbt_env/lib/python3.11/site-packages/airflow/example_dags/example_branch_datetime_operator.py
[2023-04-23T01:11:37.937+0200] {logging_mixin.py:137} INFO - [2023-04-23T01:11:37.937+0200] {dag.py:2705} INFO - Sync 3 DAGs
[2023-04-23T01:11:37.960+0200] {logging_mixin.py:137} INFO - [2023-04-23T01:11:37.960+0200] {dag.py:3452} INFO - Setting next_dagrun for example_branch_datetime_operator to 2023-04-21T00:00:00+00:00, run_after=2023-04-22T00:00:00+00:00
[2023-04-23T01:11:37.966+0200] {logging_mixin.py:137} INFO - [2023-04-23T01:11:37.966+0200] {dag.py:3452} INFO - Setting next_dagrun for example_branch_datetime_operator_2 to 2023-04-21T00:00:00+00:00, run_after=2023-04-22T00:00:00+00:00
[2023-04-23T01:11:37.968+0200] {logging_mixin.py:137} INFO - [2023-04-23T01:11:37.968+0200] {dag.py:3452} INFO - Setting next_dagrun for example_branch_datetime_operator_3 to 2023-04-21T00:00:00+00:00, run_after=2023-04-22T00:00:00+00:00
[2023-04-23T01:11:37.992+0200] {processor.py:175} INFO - Processing /Users/siddalingkattimani/dbt_env/lib/python3.11/site-packages/airflow/example_dags/example_branch_datetime_operator.py took 0.839 seconds
[2023-04-23T01:13:37.091+0200] {processor.py:153} INFO - Started process (PID=47714) to work on /Users/siddalingkattimani/dbt_env/lib/python3.11/site-packages/airflow/example_dags/example_branch_datetime_operator.py
[2023-04-23T01:13:37.094+0200] {processor.py:743} INFO - Processing file /Users/siddalingkattimani/dbt_env/lib/python3.11/site-packages/airflow/example_dags/example_branch_datetime_operator.py for tasks to queue
[2023-04-23T01:13:37.095+0200] {logging_mixin.py:137} INFO - [2023-04-23T01:13:37.095+0200] {dagbag.py:532} INFO - Filling up the DagBag from /Users/siddalingkattimani/dbt_env/lib/python3.11/site-packages/airflow/example_dags/example_branch_datetime_operator.py
[2023-04-23T01:13:37.119+0200] {processor.py:753} INFO - DAG(s) dict_keys(['example_branch_datetime_operator_2', 'example_branch_datetime_operator', 'example_branch_datetime_operator_3']) retrieved from /Users/siddalingkattimani/dbt_env/lib/python3.11/site-packages/airflow/example_dags/example_branch_datetime_operator.py
[2023-04-23T01:13:37.794+0200] {logging_mixin.py:137} INFO - [2023-04-23T01:13:37.794+0200] {dag.py:2705} INFO - Sync 3 DAGs
[2023-04-23T01:13:37.809+0200] {logging_mixin.py:137} INFO - [2023-04-23T01:13:37.809+0200] {dag.py:3452} INFO - Setting next_dagrun for example_branch_datetime_operator to 2023-04-21T00:00:00+00:00, run_after=2023-04-22T00:00:00+00:00
[2023-04-23T01:13:37.813+0200] {logging_mixin.py:137} INFO - [2023-04-23T01:13:37.813+0200] {dag.py:3452} INFO - Setting next_dagrun for example_branch_datetime_operator_2 to 2023-04-21T00:00:00+00:00, run_after=2023-04-22T00:00:00+00:00
[2023-04-23T01:13:37.814+0200] {logging_mixin.py:137} INFO - [2023-04-23T01:13:37.814+0200] {dag.py:3452} INFO - Setting next_dagrun for example_branch_datetime_operator_3 to 2023-04-21T00:00:00+00:00, run_after=2023-04-22T00:00:00+00:00
[2023-04-23T01:13:37.830+0200] {processor.py:175} INFO - Processing /Users/siddalingkattimani/dbt_env/lib/python3.11/site-packages/airflow/example_dags/example_branch_datetime_operator.py took 0.739 seconds
[2023-04-23T01:15:41.503+0200] {processor.py:153} INFO - Started process (PID=47761) to work on /Users/siddalingkattimani/dbt_env/lib/python3.11/site-packages/airflow/example_dags/example_branch_datetime_operator.py
[2023-04-23T01:15:41.507+0200] {processor.py:743} INFO - Processing file /Users/siddalingkattimani/dbt_env/lib/python3.11/site-packages/airflow/example_dags/example_branch_datetime_operator.py for tasks to queue
[2023-04-23T01:15:41.507+0200] {logging_mixin.py:137} INFO - [2023-04-23T01:15:41.507+0200] {dagbag.py:532} INFO - Filling up the DagBag from /Users/siddalingkattimani/dbt_env/lib/python3.11/site-packages/airflow/example_dags/example_branch_datetime_operator.py
[2023-04-23T01:15:41.536+0200] {processor.py:753} INFO - DAG(s) dict_keys(['example_branch_datetime_operator_2', 'example_branch_datetime_operator_3', 'example_branch_datetime_operator']) retrieved from /Users/siddalingkattimani/dbt_env/lib/python3.11/site-packages/airflow/example_dags/example_branch_datetime_operator.py
[2023-04-23T01:15:42.442+0200] {logging_mixin.py:137} INFO - [2023-04-23T01:15:42.442+0200] {dag.py:2705} INFO - Sync 3 DAGs
[2023-04-23T01:15:42.465+0200] {logging_mixin.py:137} INFO - [2023-04-23T01:15:42.465+0200] {dag.py:3452} INFO - Setting next_dagrun for example_branch_datetime_operator to 2023-04-21T00:00:00+00:00, run_after=2023-04-22T00:00:00+00:00
[2023-04-23T01:15:42.469+0200] {logging_mixin.py:137} INFO - [2023-04-23T01:15:42.469+0200] {dag.py:3452} INFO - Setting next_dagrun for example_branch_datetime_operator_2 to 2023-04-21T00:00:00+00:00, run_after=2023-04-22T00:00:00+00:00
[2023-04-23T01:15:42.471+0200] {logging_mixin.py:137} INFO - [2023-04-23T01:15:42.471+0200] {dag.py:3452} INFO - Setting next_dagrun for example_branch_datetime_operator_3 to 2023-04-21T00:00:00+00:00, run_after=2023-04-22T00:00:00+00:00
[2023-04-23T01:15:42.489+0200] {processor.py:175} INFO - Processing /Users/siddalingkattimani/dbt_env/lib/python3.11/site-packages/airflow/example_dags/example_branch_datetime_operator.py took 0.987 seconds
[2023-04-23T01:17:44.588+0200] {processor.py:153} INFO - Started process (PID=47807) to work on /Users/siddalingkattimani/dbt_env/lib/python3.11/site-packages/airflow/example_dags/example_branch_datetime_operator.py
[2023-04-23T01:17:44.591+0200] {processor.py:743} INFO - Processing file /Users/siddalingkattimani/dbt_env/lib/python3.11/site-packages/airflow/example_dags/example_branch_datetime_operator.py for tasks to queue
[2023-04-23T01:17:44.592+0200] {logging_mixin.py:137} INFO - [2023-04-23T01:17:44.592+0200] {dagbag.py:532} INFO - Filling up the DagBag from /Users/siddalingkattimani/dbt_env/lib/python3.11/site-packages/airflow/example_dags/example_branch_datetime_operator.py
[2023-04-23T01:17:44.614+0200] {processor.py:753} INFO - DAG(s) dict_keys(['example_branch_datetime_operator_2', 'example_branch_datetime_operator', 'example_branch_datetime_operator_3']) retrieved from /Users/siddalingkattimani/dbt_env/lib/python3.11/site-packages/airflow/example_dags/example_branch_datetime_operator.py
[2023-04-23T01:17:45.271+0200] {logging_mixin.py:137} INFO - [2023-04-23T01:17:45.270+0200] {dag.py:2705} INFO - Sync 3 DAGs
[2023-04-23T01:17:45.286+0200] {logging_mixin.py:137} INFO - [2023-04-23T01:17:45.286+0200] {dag.py:3452} INFO - Setting next_dagrun for example_branch_datetime_operator to 2023-04-21T00:00:00+00:00, run_after=2023-04-22T00:00:00+00:00
[2023-04-23T01:17:45.289+0200] {logging_mixin.py:137} INFO - [2023-04-23T01:17:45.289+0200] {dag.py:3452} INFO - Setting next_dagrun for example_branch_datetime_operator_2 to 2023-04-21T00:00:00+00:00, run_after=2023-04-22T00:00:00+00:00
[2023-04-23T01:17:45.290+0200] {logging_mixin.py:137} INFO - [2023-04-23T01:17:45.290+0200] {dag.py:3452} INFO - Setting next_dagrun for example_branch_datetime_operator_3 to 2023-04-21T00:00:00+00:00, run_after=2023-04-22T00:00:00+00:00
[2023-04-23T01:17:45.306+0200] {processor.py:175} INFO - Processing /Users/siddalingkattimani/dbt_env/lib/python3.11/site-packages/airflow/example_dags/example_branch_datetime_operator.py took 0.719 seconds
[2023-04-23T01:19:47.032+0200] {processor.py:153} INFO - Started process (PID=47852) to work on /Users/siddalingkattimani/dbt_env/lib/python3.11/site-packages/airflow/example_dags/example_branch_datetime_operator.py
[2023-04-23T01:19:47.050+0200] {processor.py:743} INFO - Processing file /Users/siddalingkattimani/dbt_env/lib/python3.11/site-packages/airflow/example_dags/example_branch_datetime_operator.py for tasks to queue
[2023-04-23T01:19:47.051+0200] {logging_mixin.py:137} INFO - [2023-04-23T01:19:47.050+0200] {dagbag.py:532} INFO - Filling up the DagBag from /Users/siddalingkattimani/dbt_env/lib/python3.11/site-packages/airflow/example_dags/example_branch_datetime_operator.py
[2023-04-23T01:19:47.118+0200] {processor.py:753} INFO - DAG(s) dict_keys(['example_branch_datetime_operator_3', 'example_branch_datetime_operator', 'example_branch_datetime_operator_2']) retrieved from /Users/siddalingkattimani/dbt_env/lib/python3.11/site-packages/airflow/example_dags/example_branch_datetime_operator.py
[2023-04-23T01:19:47.756+0200] {logging_mixin.py:137} INFO - [2023-04-23T01:19:47.756+0200] {dag.py:2705} INFO - Sync 3 DAGs
[2023-04-23T01:19:47.771+0200] {logging_mixin.py:137} INFO - [2023-04-23T01:19:47.771+0200] {dag.py:3452} INFO - Setting next_dagrun for example_branch_datetime_operator to 2023-04-21T00:00:00+00:00, run_after=2023-04-22T00:00:00+00:00
[2023-04-23T01:19:47.774+0200] {logging_mixin.py:137} INFO - [2023-04-23T01:19:47.774+0200] {dag.py:3452} INFO - Setting next_dagrun for example_branch_datetime_operator_2 to 2023-04-21T00:00:00+00:00, run_after=2023-04-22T00:00:00+00:00
[2023-04-23T01:19:47.776+0200] {logging_mixin.py:137} INFO - [2023-04-23T01:19:47.776+0200] {dag.py:3452} INFO - Setting next_dagrun for example_branch_datetime_operator_3 to 2023-04-21T00:00:00+00:00, run_after=2023-04-22T00:00:00+00:00
[2023-04-23T01:19:47.792+0200] {processor.py:175} INFO - Processing /Users/siddalingkattimani/dbt_env/lib/python3.11/site-packages/airflow/example_dags/example_branch_datetime_operator.py took 0.760 seconds
[2023-04-23T01:21:53.502+0200] {processor.py:153} INFO - Started process (PID=47899) to work on /Users/siddalingkattimani/dbt_env/lib/python3.11/site-packages/airflow/example_dags/example_branch_datetime_operator.py
[2023-04-23T01:21:53.506+0200] {processor.py:743} INFO - Processing file /Users/siddalingkattimani/dbt_env/lib/python3.11/site-packages/airflow/example_dags/example_branch_datetime_operator.py for tasks to queue
[2023-04-23T01:21:53.506+0200] {logging_mixin.py:137} INFO - [2023-04-23T01:21:53.506+0200] {dagbag.py:532} INFO - Filling up the DagBag from /Users/siddalingkattimani/dbt_env/lib/python3.11/site-packages/airflow/example_dags/example_branch_datetime_operator.py
[2023-04-23T01:21:53.538+0200] {processor.py:753} INFO - DAG(s) dict_keys(['example_branch_datetime_operator_3', 'example_branch_datetime_operator', 'example_branch_datetime_operator_2']) retrieved from /Users/siddalingkattimani/dbt_env/lib/python3.11/site-packages/airflow/example_dags/example_branch_datetime_operator.py
[2023-04-23T01:21:54.200+0200] {logging_mixin.py:137} INFO - [2023-04-23T01:21:54.200+0200] {dag.py:2705} INFO - Sync 3 DAGs
[2023-04-23T01:21:54.214+0200] {logging_mixin.py:137} INFO - [2023-04-23T01:21:54.214+0200] {dag.py:3452} INFO - Setting next_dagrun for example_branch_datetime_operator to 2023-04-21T00:00:00+00:00, run_after=2023-04-22T00:00:00+00:00
[2023-04-23T01:21:54.217+0200] {logging_mixin.py:137} INFO - [2023-04-23T01:21:54.217+0200] {dag.py:3452} INFO - Setting next_dagrun for example_branch_datetime_operator_2 to 2023-04-21T00:00:00+00:00, run_after=2023-04-22T00:00:00+00:00
[2023-04-23T01:21:54.218+0200] {logging_mixin.py:137} INFO - [2023-04-23T01:21:54.218+0200] {dag.py:3452} INFO - Setting next_dagrun for example_branch_datetime_operator_3 to 2023-04-21T00:00:00+00:00, run_after=2023-04-22T00:00:00+00:00
[2023-04-23T01:21:54.236+0200] {processor.py:175} INFO - Processing /Users/siddalingkattimani/dbt_env/lib/python3.11/site-packages/airflow/example_dags/example_branch_datetime_operator.py took 0.734 seconds
[2023-04-23T01:23:52.518+0200] {processor.py:153} INFO - Started process (PID=47948) to work on /Users/siddalingkattimani/dbt_env/lib/python3.11/site-packages/airflow/example_dags/example_branch_datetime_operator.py
[2023-04-23T01:23:52.520+0200] {processor.py:743} INFO - Processing file /Users/siddalingkattimani/dbt_env/lib/python3.11/site-packages/airflow/example_dags/example_branch_datetime_operator.py for tasks to queue
[2023-04-23T01:23:52.521+0200] {logging_mixin.py:137} INFO - [2023-04-23T01:23:52.521+0200] {dagbag.py:532} INFO - Filling up the DagBag from /Users/siddalingkattimani/dbt_env/lib/python3.11/site-packages/airflow/example_dags/example_branch_datetime_operator.py
[2023-04-23T01:23:52.544+0200] {processor.py:753} INFO - DAG(s) dict_keys(['example_branch_datetime_operator_2', 'example_branch_datetime_operator', 'example_branch_datetime_operator_3']) retrieved from /Users/siddalingkattimani/dbt_env/lib/python3.11/site-packages/airflow/example_dags/example_branch_datetime_operator.py
[2023-04-23T01:23:53.206+0200] {logging_mixin.py:137} INFO - [2023-04-23T01:23:53.206+0200] {dag.py:2705} INFO - Sync 3 DAGs
[2023-04-23T01:23:53.219+0200] {logging_mixin.py:137} INFO - [2023-04-23T01:23:53.219+0200] {dag.py:3452} INFO - Setting next_dagrun for example_branch_datetime_operator to 2023-04-21T00:00:00+00:00, run_after=2023-04-22T00:00:00+00:00
[2023-04-23T01:23:53.223+0200] {logging_mixin.py:137} INFO - [2023-04-23T01:23:53.223+0200] {dag.py:3452} INFO - Setting next_dagrun for example_branch_datetime_operator_2 to 2023-04-21T00:00:00+00:00, run_after=2023-04-22T00:00:00+00:00
[2023-04-23T01:23:53.224+0200] {logging_mixin.py:137} INFO - [2023-04-23T01:23:53.224+0200] {dag.py:3452} INFO - Setting next_dagrun for example_branch_datetime_operator_3 to 2023-04-21T00:00:00+00:00, run_after=2023-04-22T00:00:00+00:00
[2023-04-23T01:23:53.241+0200] {processor.py:175} INFO - Processing /Users/siddalingkattimani/dbt_env/lib/python3.11/site-packages/airflow/example_dags/example_branch_datetime_operator.py took 0.724 seconds
[2023-04-23T01:25:50.284+0200] {processor.py:153} INFO - Started process (PID=48016) to work on /Users/siddalingkattimani/dbt_env/lib/python3.11/site-packages/airflow/example_dags/example_branch_datetime_operator.py
[2023-04-23T01:25:50.288+0200] {processor.py:743} INFO - Processing file /Users/siddalingkattimani/dbt_env/lib/python3.11/site-packages/airflow/example_dags/example_branch_datetime_operator.py for tasks to queue
[2023-04-23T01:25:50.289+0200] {logging_mixin.py:137} INFO - [2023-04-23T01:25:50.289+0200] {dagbag.py:532} INFO - Filling up the DagBag from /Users/siddalingkattimani/dbt_env/lib/python3.11/site-packages/airflow/example_dags/example_branch_datetime_operator.py
[2023-04-23T01:25:50.314+0200] {processor.py:753} INFO - DAG(s) dict_keys(['example_branch_datetime_operator_3', 'example_branch_datetime_operator_2', 'example_branch_datetime_operator']) retrieved from /Users/siddalingkattimani/dbt_env/lib/python3.11/site-packages/airflow/example_dags/example_branch_datetime_operator.py
[2023-04-23T01:25:50.979+0200] {logging_mixin.py:137} INFO - [2023-04-23T01:25:50.979+0200] {dag.py:2705} INFO - Sync 3 DAGs
[2023-04-23T01:25:50.993+0200] {logging_mixin.py:137} INFO - [2023-04-23T01:25:50.993+0200] {dag.py:3452} INFO - Setting next_dagrun for example_branch_datetime_operator to 2023-04-21T00:00:00+00:00, run_after=2023-04-22T00:00:00+00:00
[2023-04-23T01:25:50.997+0200] {logging_mixin.py:137} INFO - [2023-04-23T01:25:50.997+0200] {dag.py:3452} INFO - Setting next_dagrun for example_branch_datetime_operator_2 to 2023-04-21T00:00:00+00:00, run_after=2023-04-22T00:00:00+00:00
[2023-04-23T01:25:50.999+0200] {logging_mixin.py:137} INFO - [2023-04-23T01:25:50.999+0200] {dag.py:3452} INFO - Setting next_dagrun for example_branch_datetime_operator_3 to 2023-04-21T00:00:00+00:00, run_after=2023-04-22T00:00:00+00:00
[2023-04-23T01:25:51.014+0200] {processor.py:175} INFO - Processing /Users/siddalingkattimani/dbt_env/lib/python3.11/site-packages/airflow/example_dags/example_branch_datetime_operator.py took 0.731 seconds
[2023-04-23T01:27:54.927+0200] {processor.py:153} INFO - Started process (PID=48063) to work on /Users/siddalingkattimani/dbt_env/lib/python3.11/site-packages/airflow/example_dags/example_branch_datetime_operator.py
[2023-04-23T01:27:54.930+0200] {processor.py:743} INFO - Processing file /Users/siddalingkattimani/dbt_env/lib/python3.11/site-packages/airflow/example_dags/example_branch_datetime_operator.py for tasks to queue
[2023-04-23T01:27:54.931+0200] {logging_mixin.py:137} INFO - [2023-04-23T01:27:54.931+0200] {dagbag.py:532} INFO - Filling up the DagBag from /Users/siddalingkattimani/dbt_env/lib/python3.11/site-packages/airflow/example_dags/example_branch_datetime_operator.py
[2023-04-23T01:27:54.955+0200] {processor.py:753} INFO - DAG(s) dict_keys(['example_branch_datetime_operator_3', 'example_branch_datetime_operator_2', 'example_branch_datetime_operator']) retrieved from /Users/siddalingkattimani/dbt_env/lib/python3.11/site-packages/airflow/example_dags/example_branch_datetime_operator.py
[2023-04-23T01:27:55.651+0200] {logging_mixin.py:137} INFO - [2023-04-23T01:27:55.651+0200] {dag.py:2705} INFO - Sync 3 DAGs
[2023-04-23T01:27:55.666+0200] {logging_mixin.py:137} INFO - [2023-04-23T01:27:55.666+0200] {dag.py:3452} INFO - Setting next_dagrun for example_branch_datetime_operator to 2023-04-21T00:00:00+00:00, run_after=2023-04-22T00:00:00+00:00
[2023-04-23T01:27:55.669+0200] {logging_mixin.py:137} INFO - [2023-04-23T01:27:55.669+0200] {dag.py:3452} INFO - Setting next_dagrun for example_branch_datetime_operator_2 to 2023-04-21T00:00:00+00:00, run_after=2023-04-22T00:00:00+00:00
[2023-04-23T01:27:55.671+0200] {logging_mixin.py:137} INFO - [2023-04-23T01:27:55.671+0200] {dag.py:3452} INFO - Setting next_dagrun for example_branch_datetime_operator_3 to 2023-04-21T00:00:00+00:00, run_after=2023-04-22T00:00:00+00:00
[2023-04-23T01:27:55.685+0200] {processor.py:175} INFO - Processing /Users/siddalingkattimani/dbt_env/lib/python3.11/site-packages/airflow/example_dags/example_branch_datetime_operator.py took 0.759 seconds
[2023-04-23T01:30:01.333+0200] {processor.py:153} INFO - Started process (PID=48110) to work on /Users/siddalingkattimani/dbt_env/lib/python3.11/site-packages/airflow/example_dags/example_branch_datetime_operator.py
[2023-04-23T01:30:01.336+0200] {processor.py:743} INFO - Processing file /Users/siddalingkattimani/dbt_env/lib/python3.11/site-packages/airflow/example_dags/example_branch_datetime_operator.py for tasks to queue
[2023-04-23T01:30:01.336+0200] {logging_mixin.py:137} INFO - [2023-04-23T01:30:01.336+0200] {dagbag.py:532} INFO - Filling up the DagBag from /Users/siddalingkattimani/dbt_env/lib/python3.11/site-packages/airflow/example_dags/example_branch_datetime_operator.py
[2023-04-23T01:30:01.360+0200] {processor.py:753} INFO - DAG(s) dict_keys(['example_branch_datetime_operator_3', 'example_branch_datetime_operator', 'example_branch_datetime_operator_2']) retrieved from /Users/siddalingkattimani/dbt_env/lib/python3.11/site-packages/airflow/example_dags/example_branch_datetime_operator.py
[2023-04-23T01:30:02.028+0200] {logging_mixin.py:137} INFO - [2023-04-23T01:30:02.028+0200] {dag.py:2705} INFO - Sync 3 DAGs
[2023-04-23T01:30:02.042+0200] {logging_mixin.py:137} INFO - [2023-04-23T01:30:02.041+0200] {dag.py:3452} INFO - Setting next_dagrun for example_branch_datetime_operator to 2023-04-21T00:00:00+00:00, run_after=2023-04-22T00:00:00+00:00
[2023-04-23T01:30:02.045+0200] {logging_mixin.py:137} INFO - [2023-04-23T01:30:02.044+0200] {dag.py:3452} INFO - Setting next_dagrun for example_branch_datetime_operator_2 to 2023-04-21T00:00:00+00:00, run_after=2023-04-22T00:00:00+00:00
[2023-04-23T01:30:02.046+0200] {logging_mixin.py:137} INFO - [2023-04-23T01:30:02.046+0200] {dag.py:3452} INFO - Setting next_dagrun for example_branch_datetime_operator_3 to 2023-04-21T00:00:00+00:00, run_after=2023-04-22T00:00:00+00:00
[2023-04-23T01:30:02.062+0200] {processor.py:175} INFO - Processing /Users/siddalingkattimani/dbt_env/lib/python3.11/site-packages/airflow/example_dags/example_branch_datetime_operator.py took 0.730 seconds
[2023-04-23T01:32:01.809+0200] {processor.py:153} INFO - Started process (PID=48157) to work on /Users/siddalingkattimani/dbt_env/lib/python3.11/site-packages/airflow/example_dags/example_branch_datetime_operator.py
[2023-04-23T01:32:01.812+0200] {processor.py:743} INFO - Processing file /Users/siddalingkattimani/dbt_env/lib/python3.11/site-packages/airflow/example_dags/example_branch_datetime_operator.py for tasks to queue
[2023-04-23T01:32:01.813+0200] {logging_mixin.py:137} INFO - [2023-04-23T01:32:01.813+0200] {dagbag.py:532} INFO - Filling up the DagBag from /Users/siddalingkattimani/dbt_env/lib/python3.11/site-packages/airflow/example_dags/example_branch_datetime_operator.py
[2023-04-23T01:32:01.838+0200] {processor.py:753} INFO - DAG(s) dict_keys(['example_branch_datetime_operator_2', 'example_branch_datetime_operator_3', 'example_branch_datetime_operator']) retrieved from /Users/siddalingkattimani/dbt_env/lib/python3.11/site-packages/airflow/example_dags/example_branch_datetime_operator.py
[2023-04-23T01:32:02.647+0200] {logging_mixin.py:137} INFO - [2023-04-23T01:32:02.647+0200] {dag.py:2705} INFO - Sync 3 DAGs
[2023-04-23T01:32:02.665+0200] {logging_mixin.py:137} INFO - [2023-04-23T01:32:02.665+0200] {dag.py:3452} INFO - Setting next_dagrun for example_branch_datetime_operator to 2023-04-21T00:00:00+00:00, run_after=2023-04-22T00:00:00+00:00
[2023-04-23T01:32:02.668+0200] {logging_mixin.py:137} INFO - [2023-04-23T01:32:02.668+0200] {dag.py:3452} INFO - Setting next_dagrun for example_branch_datetime_operator_2 to 2023-04-21T00:00:00+00:00, run_after=2023-04-22T00:00:00+00:00
[2023-04-23T01:32:02.671+0200] {logging_mixin.py:137} INFO - [2023-04-23T01:32:02.671+0200] {dag.py:3452} INFO - Setting next_dagrun for example_branch_datetime_operator_3 to 2023-04-21T00:00:00+00:00, run_after=2023-04-22T00:00:00+00:00
[2023-04-23T01:32:02.689+0200] {processor.py:175} INFO - Processing /Users/siddalingkattimani/dbt_env/lib/python3.11/site-packages/airflow/example_dags/example_branch_datetime_operator.py took 0.881 seconds
[2023-04-23T01:34:07.317+0200] {processor.py:153} INFO - Started process (PID=48207) to work on /Users/siddalingkattimani/dbt_env/lib/python3.11/site-packages/airflow/example_dags/example_branch_datetime_operator.py
[2023-04-23T01:34:07.320+0200] {processor.py:743} INFO - Processing file /Users/siddalingkattimani/dbt_env/lib/python3.11/site-packages/airflow/example_dags/example_branch_datetime_operator.py for tasks to queue
[2023-04-23T01:34:07.321+0200] {logging_mixin.py:137} INFO - [2023-04-23T01:34:07.321+0200] {dagbag.py:532} INFO - Filling up the DagBag from /Users/siddalingkattimani/dbt_env/lib/python3.11/site-packages/airflow/example_dags/example_branch_datetime_operator.py
[2023-04-23T01:34:07.349+0200] {processor.py:753} INFO - DAG(s) dict_keys(['example_branch_datetime_operator', 'example_branch_datetime_operator_3', 'example_branch_datetime_operator_2']) retrieved from /Users/siddalingkattimani/dbt_env/lib/python3.11/site-packages/airflow/example_dags/example_branch_datetime_operator.py
[2023-04-23T01:34:08.087+0200] {logging_mixin.py:137} INFO - [2023-04-23T01:34:08.086+0200] {dag.py:2705} INFO - Sync 3 DAGs
[2023-04-23T01:34:08.102+0200] {logging_mixin.py:137} INFO - [2023-04-23T01:34:08.102+0200] {dag.py:3452} INFO - Setting next_dagrun for example_branch_datetime_operator to 2023-04-21T00:00:00+00:00, run_after=2023-04-22T00:00:00+00:00
[2023-04-23T01:34:08.105+0200] {logging_mixin.py:137} INFO - [2023-04-23T01:34:08.105+0200] {dag.py:3452} INFO - Setting next_dagrun for example_branch_datetime_operator_2 to 2023-04-21T00:00:00+00:00, run_after=2023-04-22T00:00:00+00:00
[2023-04-23T01:34:08.107+0200] {logging_mixin.py:137} INFO - [2023-04-23T01:34:08.107+0200] {dag.py:3452} INFO - Setting next_dagrun for example_branch_datetime_operator_3 to 2023-04-21T00:00:00+00:00, run_after=2023-04-22T00:00:00+00:00
[2023-04-23T01:34:08.124+0200] {processor.py:175} INFO - Processing /Users/siddalingkattimani/dbt_env/lib/python3.11/site-packages/airflow/example_dags/example_branch_datetime_operator.py took 0.809 seconds
