[2023-04-23T00:44:53.715+0200] {processor.py:153} INFO - Started process (PID=46787) to work on /Users/siddalingkattimani/dbt_env/lib/python3.11/site-packages/airflow/example_dags/example_latest_only_with_trigger.py
[2023-04-23T00:44:53.718+0200] {processor.py:743} INFO - Processing file /Users/siddalingkattimani/dbt_env/lib/python3.11/site-packages/airflow/example_dags/example_latest_only_with_trigger.py for tasks to queue
[2023-04-23T00:44:53.719+0200] {logging_mixin.py:137} INFO - [2023-04-23T00:44:53.719+0200] {dagbag.py:532} INFO - Filling up the DagBag from /Users/siddalingkattimani/dbt_env/lib/python3.11/site-packages/airflow/example_dags/example_latest_only_with_trigger.py
[2023-04-23T00:44:53.738+0200] {processor.py:753} INFO - DAG(s) dict_keys(['latest_only_with_trigger']) retrieved from /Users/siddalingkattimani/dbt_env/lib/python3.11/site-packages/airflow/example_dags/example_latest_only_with_trigger.py
[2023-04-23T00:44:54.520+0200] {logging_mixin.py:137} INFO - [2023-04-23T00:44:54.519+0200] {manager.py:504} INFO - Created Permission View: can delete on DAG:latest_only_with_trigger
[2023-04-23T00:44:54.529+0200] {logging_mixin.py:137} INFO - [2023-04-23T00:44:54.529+0200] {manager.py:504} INFO - Created Permission View: can edit on DAG:latest_only_with_trigger
[2023-04-23T00:44:54.536+0200] {logging_mixin.py:137} INFO - [2023-04-23T00:44:54.536+0200] {manager.py:504} INFO - Created Permission View: can read on DAG:latest_only_with_trigger
[2023-04-23T00:44:54.536+0200] {logging_mixin.py:137} INFO - [2023-04-23T00:44:54.536+0200] {dag.py:2705} INFO - Sync 1 DAGs
[2023-04-23T00:44:54.548+0200] {logging_mixin.py:137} INFO - [2023-04-23T00:44:54.547+0200] {dag.py:2726} INFO - Creating ORM DAG for latest_only_with_trigger
[2023-04-23T00:44:54.558+0200] {logging_mixin.py:137} INFO - [2023-04-23T00:44:54.558+0200] {dag.py:3452} INFO - Setting next_dagrun for latest_only_with_trigger to 2023-04-22T18:44:54.558678+00:00, run_after=2023-04-22T22:44:54.558678+00:00
[2023-04-23T00:44:54.577+0200] {processor.py:175} INFO - Processing /Users/siddalingkattimani/dbt_env/lib/python3.11/site-packages/airflow/example_dags/example_latest_only_with_trigger.py took 0.862 seconds
[2023-04-23T00:46:52.350+0200] {processor.py:153} INFO - Started process (PID=46833) to work on /Users/siddalingkattimani/dbt_env/lib/python3.11/site-packages/airflow/example_dags/example_latest_only_with_trigger.py
[2023-04-23T00:46:52.353+0200] {processor.py:743} INFO - Processing file /Users/siddalingkattimani/dbt_env/lib/python3.11/site-packages/airflow/example_dags/example_latest_only_with_trigger.py for tasks to queue
[2023-04-23T00:46:52.354+0200] {logging_mixin.py:137} INFO - [2023-04-23T00:46:52.354+0200] {dagbag.py:532} INFO - Filling up the DagBag from /Users/siddalingkattimani/dbt_env/lib/python3.11/site-packages/airflow/example_dags/example_latest_only_with_trigger.py
[2023-04-23T00:46:52.371+0200] {processor.py:753} INFO - DAG(s) dict_keys(['latest_only_with_trigger']) retrieved from /Users/siddalingkattimani/dbt_env/lib/python3.11/site-packages/airflow/example_dags/example_latest_only_with_trigger.py
[2023-04-23T00:46:53.069+0200] {logging_mixin.py:137} INFO - [2023-04-23T00:46:53.069+0200] {dag.py:2705} INFO - Sync 1 DAGs
[2023-04-23T00:46:53.082+0200] {logging_mixin.py:137} INFO - [2023-04-23T00:46:53.082+0200] {dag.py:3452} INFO - Setting next_dagrun for latest_only_with_trigger to 2023-04-22T18:46:53.082623+00:00, run_after=2023-04-22T22:46:53.082623+00:00
[2023-04-23T00:46:53.101+0200] {processor.py:175} INFO - Processing /Users/siddalingkattimani/dbt_env/lib/python3.11/site-packages/airflow/example_dags/example_latest_only_with_trigger.py took 0.751 seconds
[2023-04-23T00:48:55.175+0200] {processor.py:153} INFO - Started process (PID=46879) to work on /Users/siddalingkattimani/dbt_env/lib/python3.11/site-packages/airflow/example_dags/example_latest_only_with_trigger.py
[2023-04-23T00:48:55.178+0200] {processor.py:743} INFO - Processing file /Users/siddalingkattimani/dbt_env/lib/python3.11/site-packages/airflow/example_dags/example_latest_only_with_trigger.py for tasks to queue
[2023-04-23T00:48:55.179+0200] {logging_mixin.py:137} INFO - [2023-04-23T00:48:55.179+0200] {dagbag.py:532} INFO - Filling up the DagBag from /Users/siddalingkattimani/dbt_env/lib/python3.11/site-packages/airflow/example_dags/example_latest_only_with_trigger.py
[2023-04-23T00:48:55.196+0200] {processor.py:753} INFO - DAG(s) dict_keys(['latest_only_with_trigger']) retrieved from /Users/siddalingkattimani/dbt_env/lib/python3.11/site-packages/airflow/example_dags/example_latest_only_with_trigger.py
[2023-04-23T00:48:55.908+0200] {logging_mixin.py:137} INFO - [2023-04-23T00:48:55.908+0200] {dag.py:2705} INFO - Sync 1 DAGs
[2023-04-23T00:48:55.924+0200] {logging_mixin.py:137} INFO - [2023-04-23T00:48:55.924+0200] {dag.py:3452} INFO - Setting next_dagrun for latest_only_with_trigger to 2023-04-22T18:48:55.924106+00:00, run_after=2023-04-22T22:48:55.924106+00:00
[2023-04-23T00:48:55.945+0200] {processor.py:175} INFO - Processing /Users/siddalingkattimani/dbt_env/lib/python3.11/site-packages/airflow/example_dags/example_latest_only_with_trigger.py took 0.771 seconds
[2023-04-23T00:50:56.607+0200] {processor.py:153} INFO - Started process (PID=46924) to work on /Users/siddalingkattimani/dbt_env/lib/python3.11/site-packages/airflow/example_dags/example_latest_only_with_trigger.py
[2023-04-23T00:50:56.611+0200] {processor.py:743} INFO - Processing file /Users/siddalingkattimani/dbt_env/lib/python3.11/site-packages/airflow/example_dags/example_latest_only_with_trigger.py for tasks to queue
[2023-04-23T00:50:56.612+0200] {logging_mixin.py:137} INFO - [2023-04-23T00:50:56.612+0200] {dagbag.py:532} INFO - Filling up the DagBag from /Users/siddalingkattimani/dbt_env/lib/python3.11/site-packages/airflow/example_dags/example_latest_only_with_trigger.py
[2023-04-23T00:50:56.639+0200] {processor.py:753} INFO - DAG(s) dict_keys(['latest_only_with_trigger']) retrieved from /Users/siddalingkattimani/dbt_env/lib/python3.11/site-packages/airflow/example_dags/example_latest_only_with_trigger.py
[2023-04-23T00:50:57.539+0200] {logging_mixin.py:137} INFO - [2023-04-23T00:50:57.539+0200] {dag.py:2705} INFO - Sync 1 DAGs
[2023-04-23T00:50:57.552+0200] {logging_mixin.py:137} INFO - [2023-04-23T00:50:57.552+0200] {dag.py:3452} INFO - Setting next_dagrun for latest_only_with_trigger to 2023-04-22T18:50:57.552505+00:00, run_after=2023-04-22T22:50:57.552505+00:00
[2023-04-23T00:50:57.571+0200] {processor.py:175} INFO - Processing /Users/siddalingkattimani/dbt_env/lib/python3.11/site-packages/airflow/example_dags/example_latest_only_with_trigger.py took 0.964 seconds
[2023-04-23T00:53:08.373+0200] {processor.py:153} INFO - Started process (PID=46985) to work on /Users/siddalingkattimani/dbt_env/lib/python3.11/site-packages/airflow/example_dags/example_latest_only_with_trigger.py
[2023-04-23T00:53:08.376+0200] {processor.py:743} INFO - Processing file /Users/siddalingkattimani/dbt_env/lib/python3.11/site-packages/airflow/example_dags/example_latest_only_with_trigger.py for tasks to queue
[2023-04-23T00:53:08.376+0200] {logging_mixin.py:137} INFO - [2023-04-23T00:53:08.376+0200] {dagbag.py:532} INFO - Filling up the DagBag from /Users/siddalingkattimani/dbt_env/lib/python3.11/site-packages/airflow/example_dags/example_latest_only_with_trigger.py
[2023-04-23T00:53:08.394+0200] {processor.py:753} INFO - DAG(s) dict_keys(['latest_only_with_trigger']) retrieved from /Users/siddalingkattimani/dbt_env/lib/python3.11/site-packages/airflow/example_dags/example_latest_only_with_trigger.py
[2023-04-23T00:53:09.041+0200] {logging_mixin.py:137} INFO - [2023-04-23T00:53:09.040+0200] {dag.py:2705} INFO - Sync 1 DAGs
[2023-04-23T00:53:09.054+0200] {logging_mixin.py:137} INFO - [2023-04-23T00:53:09.053+0200] {dag.py:3452} INFO - Setting next_dagrun for latest_only_with_trigger to 2023-04-22T18:53:09.053756+00:00, run_after=2023-04-22T22:53:09.053756+00:00
[2023-04-23T00:53:09.071+0200] {processor.py:175} INFO - Processing /Users/siddalingkattimani/dbt_env/lib/python3.11/site-packages/airflow/example_dags/example_latest_only_with_trigger.py took 0.698 seconds
[2023-04-23T00:55:07.378+0200] {processor.py:153} INFO - Started process (PID=47052) to work on /Users/siddalingkattimani/dbt_env/lib/python3.11/site-packages/airflow/example_dags/example_latest_only_with_trigger.py
[2023-04-23T00:55:07.382+0200] {processor.py:743} INFO - Processing file /Users/siddalingkattimani/dbt_env/lib/python3.11/site-packages/airflow/example_dags/example_latest_only_with_trigger.py for tasks to queue
[2023-04-23T00:55:07.382+0200] {logging_mixin.py:137} INFO - [2023-04-23T00:55:07.382+0200] {dagbag.py:532} INFO - Filling up the DagBag from /Users/siddalingkattimani/dbt_env/lib/python3.11/site-packages/airflow/example_dags/example_latest_only_with_trigger.py
[2023-04-23T00:55:07.404+0200] {processor.py:753} INFO - DAG(s) dict_keys(['latest_only_with_trigger']) retrieved from /Users/siddalingkattimani/dbt_env/lib/python3.11/site-packages/airflow/example_dags/example_latest_only_with_trigger.py
[2023-04-23T00:55:08.161+0200] {logging_mixin.py:137} INFO - [2023-04-23T00:55:08.161+0200] {dag.py:2705} INFO - Sync 1 DAGs
[2023-04-23T00:55:08.177+0200] {logging_mixin.py:137} INFO - [2023-04-23T00:55:08.177+0200] {dag.py:3452} INFO - Setting next_dagrun for latest_only_with_trigger to 2023-04-22T18:55:08.177594+00:00, run_after=2023-04-22T22:55:08.177594+00:00
[2023-04-23T00:55:08.198+0200] {processor.py:175} INFO - Processing /Users/siddalingkattimani/dbt_env/lib/python3.11/site-packages/airflow/example_dags/example_latest_only_with_trigger.py took 0.820 seconds
[2023-04-23T00:57:16.824+0200] {processor.py:153} INFO - Started process (PID=47106) to work on /Users/siddalingkattimani/dbt_env/lib/python3.11/site-packages/airflow/example_dags/example_latest_only_with_trigger.py
[2023-04-23T00:57:16.829+0200] {processor.py:743} INFO - Processing file /Users/siddalingkattimani/dbt_env/lib/python3.11/site-packages/airflow/example_dags/example_latest_only_with_trigger.py for tasks to queue
[2023-04-23T00:57:16.829+0200] {logging_mixin.py:137} INFO - [2023-04-23T00:57:16.829+0200] {dagbag.py:532} INFO - Filling up the DagBag from /Users/siddalingkattimani/dbt_env/lib/python3.11/site-packages/airflow/example_dags/example_latest_only_with_trigger.py
[2023-04-23T00:57:16.855+0200] {processor.py:753} INFO - DAG(s) dict_keys(['latest_only_with_trigger']) retrieved from /Users/siddalingkattimani/dbt_env/lib/python3.11/site-packages/airflow/example_dags/example_latest_only_with_trigger.py
[2023-04-23T00:57:18.030+0200] {logging_mixin.py:137} INFO - [2023-04-23T00:57:18.030+0200] {dag.py:2705} INFO - Sync 1 DAGs
[2023-04-23T00:57:18.045+0200] {logging_mixin.py:137} INFO - [2023-04-23T00:57:18.045+0200] {dag.py:3452} INFO - Setting next_dagrun for latest_only_with_trigger to 2023-04-22T18:57:18.045510+00:00, run_after=2023-04-22T22:57:18.045510+00:00
[2023-04-23T00:57:18.063+0200] {processor.py:175} INFO - Processing /Users/siddalingkattimani/dbt_env/lib/python3.11/site-packages/airflow/example_dags/example_latest_only_with_trigger.py took 1.240 seconds
[2023-04-23T00:59:23.899+0200] {processor.py:153} INFO - Started process (PID=47153) to work on /Users/siddalingkattimani/dbt_env/lib/python3.11/site-packages/airflow/example_dags/example_latest_only_with_trigger.py
[2023-04-23T00:59:23.904+0200] {processor.py:743} INFO - Processing file /Users/siddalingkattimani/dbt_env/lib/python3.11/site-packages/airflow/example_dags/example_latest_only_with_trigger.py for tasks to queue
[2023-04-23T00:59:23.904+0200] {logging_mixin.py:137} INFO - [2023-04-23T00:59:23.904+0200] {dagbag.py:532} INFO - Filling up the DagBag from /Users/siddalingkattimani/dbt_env/lib/python3.11/site-packages/airflow/example_dags/example_latest_only_with_trigger.py
[2023-04-23T00:59:23.929+0200] {processor.py:753} INFO - DAG(s) dict_keys(['latest_only_with_trigger']) retrieved from /Users/siddalingkattimani/dbt_env/lib/python3.11/site-packages/airflow/example_dags/example_latest_only_with_trigger.py
[2023-04-23T00:59:25.044+0200] {logging_mixin.py:137} INFO - [2023-04-23T00:59:25.044+0200] {dag.py:2705} INFO - Sync 1 DAGs
[2023-04-23T00:59:25.062+0200] {logging_mixin.py:137} INFO - [2023-04-23T00:59:25.061+0200] {dag.py:3452} INFO - Setting next_dagrun for latest_only_with_trigger to 2023-04-22T18:59:25.061619+00:00, run_after=2023-04-22T22:59:25.061619+00:00
[2023-04-23T00:59:25.086+0200] {processor.py:175} INFO - Processing /Users/siddalingkattimani/dbt_env/lib/python3.11/site-packages/airflow/example_dags/example_latest_only_with_trigger.py took 1.187 seconds
[2023-04-23T01:01:39.734+0200] {processor.py:153} INFO - Started process (PID=47201) to work on /Users/siddalingkattimani/dbt_env/lib/python3.11/site-packages/airflow/example_dags/example_latest_only_with_trigger.py
[2023-04-23T01:01:39.738+0200] {processor.py:743} INFO - Processing file /Users/siddalingkattimani/dbt_env/lib/python3.11/site-packages/airflow/example_dags/example_latest_only_with_trigger.py for tasks to queue
[2023-04-23T01:01:39.739+0200] {logging_mixin.py:137} INFO - [2023-04-23T01:01:39.739+0200] {dagbag.py:532} INFO - Filling up the DagBag from /Users/siddalingkattimani/dbt_env/lib/python3.11/site-packages/airflow/example_dags/example_latest_only_with_trigger.py
[2023-04-23T01:01:39.764+0200] {processor.py:753} INFO - DAG(s) dict_keys(['latest_only_with_trigger']) retrieved from /Users/siddalingkattimani/dbt_env/lib/python3.11/site-packages/airflow/example_dags/example_latest_only_with_trigger.py
[2023-04-23T01:01:40.496+0200] {logging_mixin.py:137} INFO - [2023-04-23T01:01:40.496+0200] {dag.py:2705} INFO - Sync 1 DAGs
[2023-04-23T01:01:40.510+0200] {logging_mixin.py:137} INFO - [2023-04-23T01:01:40.510+0200] {dag.py:3452} INFO - Setting next_dagrun for latest_only_with_trigger to 2023-04-22T19:01:40.510107+00:00, run_after=2023-04-22T23:01:40.510107+00:00
[2023-04-23T01:01:40.529+0200] {processor.py:175} INFO - Processing /Users/siddalingkattimani/dbt_env/lib/python3.11/site-packages/airflow/example_dags/example_latest_only_with_trigger.py took 0.796 seconds
[2023-04-23T01:03:42.261+0200] {processor.py:153} INFO - Started process (PID=47246) to work on /Users/siddalingkattimani/dbt_env/lib/python3.11/site-packages/airflow/example_dags/example_latest_only_with_trigger.py
[2023-04-23T01:03:42.264+0200] {processor.py:743} INFO - Processing file /Users/siddalingkattimani/dbt_env/lib/python3.11/site-packages/airflow/example_dags/example_latest_only_with_trigger.py for tasks to queue
[2023-04-23T01:03:42.264+0200] {logging_mixin.py:137} INFO - [2023-04-23T01:03:42.264+0200] {dagbag.py:532} INFO - Filling up the DagBag from /Users/siddalingkattimani/dbt_env/lib/python3.11/site-packages/airflow/example_dags/example_latest_only_with_trigger.py
[2023-04-23T01:03:42.282+0200] {processor.py:753} INFO - DAG(s) dict_keys(['latest_only_with_trigger']) retrieved from /Users/siddalingkattimani/dbt_env/lib/python3.11/site-packages/airflow/example_dags/example_latest_only_with_trigger.py
[2023-04-23T01:03:42.911+0200] {logging_mixin.py:137} INFO - [2023-04-23T01:03:42.911+0200] {dag.py:2705} INFO - Sync 1 DAGs
[2023-04-23T01:03:42.924+0200] {logging_mixin.py:137} INFO - [2023-04-23T01:03:42.924+0200] {dag.py:3452} INFO - Setting next_dagrun for latest_only_with_trigger to 2023-04-22T19:03:42.924113+00:00, run_after=2023-04-22T23:03:42.924113+00:00
[2023-04-23T01:03:42.942+0200] {processor.py:175} INFO - Processing /Users/siddalingkattimani/dbt_env/lib/python3.11/site-packages/airflow/example_dags/example_latest_only_with_trigger.py took 0.682 seconds
[2023-04-23T01:05:55.230+0200] {processor.py:153} INFO - Started process (PID=47354) to work on /Users/siddalingkattimani/dbt_env/lib/python3.11/site-packages/airflow/example_dags/example_latest_only_with_trigger.py
[2023-04-23T01:05:55.234+0200] {processor.py:743} INFO - Processing file /Users/siddalingkattimani/dbt_env/lib/python3.11/site-packages/airflow/example_dags/example_latest_only_with_trigger.py for tasks to queue
[2023-04-23T01:05:55.235+0200] {logging_mixin.py:137} INFO - [2023-04-23T01:05:55.235+0200] {dagbag.py:532} INFO - Filling up the DagBag from /Users/siddalingkattimani/dbt_env/lib/python3.11/site-packages/airflow/example_dags/example_latest_only_with_trigger.py
[2023-04-23T01:05:55.259+0200] {processor.py:753} INFO - DAG(s) dict_keys(['latest_only_with_trigger']) retrieved from /Users/siddalingkattimani/dbt_env/lib/python3.11/site-packages/airflow/example_dags/example_latest_only_with_trigger.py
[2023-04-23T01:05:55.990+0200] {logging_mixin.py:137} INFO - [2023-04-23T01:05:55.990+0200] {dag.py:2705} INFO - Sync 1 DAGs
[2023-04-23T01:05:56.004+0200] {logging_mixin.py:137} INFO - [2023-04-23T01:05:56.004+0200] {dag.py:3452} INFO - Setting next_dagrun for latest_only_with_trigger to 2023-04-22T19:05:56.004658+00:00, run_after=2023-04-22T23:05:56.004658+00:00
[2023-04-23T01:05:56.024+0200] {processor.py:175} INFO - Processing /Users/siddalingkattimani/dbt_env/lib/python3.11/site-packages/airflow/example_dags/example_latest_only_with_trigger.py took 0.795 seconds
[2023-04-23T01:08:21.426+0200] {processor.py:153} INFO - Started process (PID=47504) to work on /Users/siddalingkattimani/dbt_env/lib/python3.11/site-packages/airflow/example_dags/example_latest_only_with_trigger.py
[2023-04-23T01:08:21.430+0200] {processor.py:743} INFO - Processing file /Users/siddalingkattimani/dbt_env/lib/python3.11/site-packages/airflow/example_dags/example_latest_only_with_trigger.py for tasks to queue
[2023-04-23T01:08:21.431+0200] {logging_mixin.py:137} INFO - [2023-04-23T01:08:21.431+0200] {dagbag.py:532} INFO - Filling up the DagBag from /Users/siddalingkattimani/dbt_env/lib/python3.11/site-packages/airflow/example_dags/example_latest_only_with_trigger.py
[2023-04-23T01:08:21.459+0200] {processor.py:753} INFO - DAG(s) dict_keys(['latest_only_with_trigger']) retrieved from /Users/siddalingkattimani/dbt_env/lib/python3.11/site-packages/airflow/example_dags/example_latest_only_with_trigger.py
[2023-04-23T01:08:22.431+0200] {logging_mixin.py:137} INFO - [2023-04-23T01:08:22.430+0200] {dag.py:2705} INFO - Sync 1 DAGs
[2023-04-23T01:08:22.452+0200] {logging_mixin.py:137} INFO - [2023-04-23T01:08:22.451+0200] {dag.py:3452} INFO - Setting next_dagrun for latest_only_with_trigger to 2023-04-22T19:08:22.451810+00:00, run_after=2023-04-22T23:08:22.451810+00:00
[2023-04-23T01:08:22.471+0200] {processor.py:175} INFO - Processing /Users/siddalingkattimani/dbt_env/lib/python3.11/site-packages/airflow/example_dags/example_latest_only_with_trigger.py took 1.046 seconds
[2023-04-23T01:10:52.873+0200] {processor.py:153} INFO - Started process (PID=47655) to work on /Users/siddalingkattimani/dbt_env/lib/python3.11/site-packages/airflow/example_dags/example_latest_only_with_trigger.py
[2023-04-23T01:10:52.878+0200] {processor.py:743} INFO - Processing file /Users/siddalingkattimani/dbt_env/lib/python3.11/site-packages/airflow/example_dags/example_latest_only_with_trigger.py for tasks to queue
[2023-04-23T01:10:52.879+0200] {logging_mixin.py:137} INFO - [2023-04-23T01:10:52.879+0200] {dagbag.py:532} INFO - Filling up the DagBag from /Users/siddalingkattimani/dbt_env/lib/python3.11/site-packages/airflow/example_dags/example_latest_only_with_trigger.py
[2023-04-23T01:10:52.920+0200] {processor.py:753} INFO - DAG(s) dict_keys(['latest_only_with_trigger']) retrieved from /Users/siddalingkattimani/dbt_env/lib/python3.11/site-packages/airflow/example_dags/example_latest_only_with_trigger.py
[2023-04-23T01:10:53.841+0200] {logging_mixin.py:137} INFO - [2023-04-23T01:10:53.840+0200] {dag.py:2705} INFO - Sync 1 DAGs
[2023-04-23T01:10:53.867+0200] {logging_mixin.py:137} INFO - [2023-04-23T01:10:53.867+0200] {dag.py:3452} INFO - Setting next_dagrun for latest_only_with_trigger to 2023-04-22T19:10:53.866754+00:00, run_after=2023-04-22T23:10:53.866754+00:00
[2023-04-23T01:10:53.902+0200] {processor.py:175} INFO - Processing /Users/siddalingkattimani/dbt_env/lib/python3.11/site-packages/airflow/example_dags/example_latest_only_with_trigger.py took 1.030 seconds
[2023-04-23T01:12:59.472+0200] {processor.py:153} INFO - Started process (PID=47700) to work on /Users/siddalingkattimani/dbt_env/lib/python3.11/site-packages/airflow/example_dags/example_latest_only_with_trigger.py
[2023-04-23T01:12:59.474+0200] {processor.py:743} INFO - Processing file /Users/siddalingkattimani/dbt_env/lib/python3.11/site-packages/airflow/example_dags/example_latest_only_with_trigger.py for tasks to queue
[2023-04-23T01:12:59.475+0200] {logging_mixin.py:137} INFO - [2023-04-23T01:12:59.475+0200] {dagbag.py:532} INFO - Filling up the DagBag from /Users/siddalingkattimani/dbt_env/lib/python3.11/site-packages/airflow/example_dags/example_latest_only_with_trigger.py
[2023-04-23T01:12:59.494+0200] {processor.py:753} INFO - DAG(s) dict_keys(['latest_only_with_trigger']) retrieved from /Users/siddalingkattimani/dbt_env/lib/python3.11/site-packages/airflow/example_dags/example_latest_only_with_trigger.py
[2023-04-23T01:13:00.130+0200] {logging_mixin.py:137} INFO - [2023-04-23T01:13:00.130+0200] {dag.py:2705} INFO - Sync 1 DAGs
[2023-04-23T01:13:00.145+0200] {logging_mixin.py:137} INFO - [2023-04-23T01:13:00.145+0200] {dag.py:3452} INFO - Setting next_dagrun for latest_only_with_trigger to 2023-04-22T19:13:00.145587+00:00, run_after=2023-04-22T23:13:00.145587+00:00
[2023-04-23T01:13:00.163+0200] {processor.py:175} INFO - Processing /Users/siddalingkattimani/dbt_env/lib/python3.11/site-packages/airflow/example_dags/example_latest_only_with_trigger.py took 0.692 seconds
[2023-04-23T01:15:02.806+0200] {processor.py:153} INFO - Started process (PID=47748) to work on /Users/siddalingkattimani/dbt_env/lib/python3.11/site-packages/airflow/example_dags/example_latest_only_with_trigger.py
[2023-04-23T01:15:02.810+0200] {processor.py:743} INFO - Processing file /Users/siddalingkattimani/dbt_env/lib/python3.11/site-packages/airflow/example_dags/example_latest_only_with_trigger.py for tasks to queue
[2023-04-23T01:15:02.811+0200] {logging_mixin.py:137} INFO - [2023-04-23T01:15:02.810+0200] {dagbag.py:532} INFO - Filling up the DagBag from /Users/siddalingkattimani/dbt_env/lib/python3.11/site-packages/airflow/example_dags/example_latest_only_with_trigger.py
[2023-04-23T01:15:02.841+0200] {processor.py:753} INFO - DAG(s) dict_keys(['latest_only_with_trigger']) retrieved from /Users/siddalingkattimani/dbt_env/lib/python3.11/site-packages/airflow/example_dags/example_latest_only_with_trigger.py
[2023-04-23T01:15:03.604+0200] {logging_mixin.py:137} INFO - [2023-04-23T01:15:03.603+0200] {dag.py:2705} INFO - Sync 1 DAGs
[2023-04-23T01:15:03.618+0200] {logging_mixin.py:137} INFO - [2023-04-23T01:15:03.618+0200] {dag.py:3452} INFO - Setting next_dagrun for latest_only_with_trigger to 2023-04-22T19:15:03.618504+00:00, run_after=2023-04-22T23:15:03.618504+00:00
[2023-04-23T01:15:03.637+0200] {processor.py:175} INFO - Processing /Users/siddalingkattimani/dbt_env/lib/python3.11/site-packages/airflow/example_dags/example_latest_only_with_trigger.py took 0.832 seconds
[2023-04-23T01:17:06.069+0200] {processor.py:153} INFO - Started process (PID=47793) to work on /Users/siddalingkattimani/dbt_env/lib/python3.11/site-packages/airflow/example_dags/example_latest_only_with_trigger.py
[2023-04-23T01:17:06.073+0200] {processor.py:743} INFO - Processing file /Users/siddalingkattimani/dbt_env/lib/python3.11/site-packages/airflow/example_dags/example_latest_only_with_trigger.py for tasks to queue
[2023-04-23T01:17:06.074+0200] {logging_mixin.py:137} INFO - [2023-04-23T01:17:06.074+0200] {dagbag.py:532} INFO - Filling up the DagBag from /Users/siddalingkattimani/dbt_env/lib/python3.11/site-packages/airflow/example_dags/example_latest_only_with_trigger.py
[2023-04-23T01:17:06.099+0200] {processor.py:753} INFO - DAG(s) dict_keys(['latest_only_with_trigger']) retrieved from /Users/siddalingkattimani/dbt_env/lib/python3.11/site-packages/airflow/example_dags/example_latest_only_with_trigger.py
[2023-04-23T01:17:07.043+0200] {logging_mixin.py:137} INFO - [2023-04-23T01:17:07.042+0200] {dag.py:2705} INFO - Sync 1 DAGs
[2023-04-23T01:17:07.058+0200] {logging_mixin.py:137} INFO - [2023-04-23T01:17:07.058+0200] {dag.py:3452} INFO - Setting next_dagrun for latest_only_with_trigger to 2023-04-22T19:17:07.058129+00:00, run_after=2023-04-22T23:17:07.058129+00:00
[2023-04-23T01:17:07.077+0200] {processor.py:175} INFO - Processing /Users/siddalingkattimani/dbt_env/lib/python3.11/site-packages/airflow/example_dags/example_latest_only_with_trigger.py took 1.009 seconds
[2023-04-23T01:19:08.273+0200] {processor.py:153} INFO - Started process (PID=47838) to work on /Users/siddalingkattimani/dbt_env/lib/python3.11/site-packages/airflow/example_dags/example_latest_only_with_trigger.py
[2023-04-23T01:19:08.276+0200] {processor.py:743} INFO - Processing file /Users/siddalingkattimani/dbt_env/lib/python3.11/site-packages/airflow/example_dags/example_latest_only_with_trigger.py for tasks to queue
[2023-04-23T01:19:08.276+0200] {logging_mixin.py:137} INFO - [2023-04-23T01:19:08.276+0200] {dagbag.py:532} INFO - Filling up the DagBag from /Users/siddalingkattimani/dbt_env/lib/python3.11/site-packages/airflow/example_dags/example_latest_only_with_trigger.py
[2023-04-23T01:19:08.296+0200] {processor.py:753} INFO - DAG(s) dict_keys(['latest_only_with_trigger']) retrieved from /Users/siddalingkattimani/dbt_env/lib/python3.11/site-packages/airflow/example_dags/example_latest_only_with_trigger.py
[2023-04-23T01:19:08.957+0200] {logging_mixin.py:137} INFO - [2023-04-23T01:19:08.957+0200] {dag.py:2705} INFO - Sync 1 DAGs
[2023-04-23T01:19:08.970+0200] {logging_mixin.py:137} INFO - [2023-04-23T01:19:08.969+0200] {dag.py:3452} INFO - Setting next_dagrun for latest_only_with_trigger to 2023-04-22T19:19:08.969755+00:00, run_after=2023-04-22T23:19:08.969755+00:00
[2023-04-23T01:19:08.987+0200] {processor.py:175} INFO - Processing /Users/siddalingkattimani/dbt_env/lib/python3.11/site-packages/airflow/example_dags/example_latest_only_with_trigger.py took 0.715 seconds
[2023-04-23T01:21:14.543+0200] {processor.py:153} INFO - Started process (PID=47884) to work on /Users/siddalingkattimani/dbt_env/lib/python3.11/site-packages/airflow/example_dags/example_latest_only_with_trigger.py
[2023-04-23T01:21:14.547+0200] {processor.py:743} INFO - Processing file /Users/siddalingkattimani/dbt_env/lib/python3.11/site-packages/airflow/example_dags/example_latest_only_with_trigger.py for tasks to queue
[2023-04-23T01:21:14.547+0200] {logging_mixin.py:137} INFO - [2023-04-23T01:21:14.547+0200] {dagbag.py:532} INFO - Filling up the DagBag from /Users/siddalingkattimani/dbt_env/lib/python3.11/site-packages/airflow/example_dags/example_latest_only_with_trigger.py
[2023-04-23T01:21:14.574+0200] {processor.py:753} INFO - DAG(s) dict_keys(['latest_only_with_trigger']) retrieved from /Users/siddalingkattimani/dbt_env/lib/python3.11/site-packages/airflow/example_dags/example_latest_only_with_trigger.py
[2023-04-23T01:21:15.359+0200] {logging_mixin.py:137} INFO - [2023-04-23T01:21:15.359+0200] {dag.py:2705} INFO - Sync 1 DAGs
[2023-04-23T01:21:15.374+0200] {logging_mixin.py:137} INFO - [2023-04-23T01:21:15.373+0200] {dag.py:3452} INFO - Setting next_dagrun for latest_only_with_trigger to 2023-04-22T19:21:15.373849+00:00, run_after=2023-04-22T23:21:15.373849+00:00
[2023-04-23T01:21:15.394+0200] {processor.py:175} INFO - Processing /Users/siddalingkattimani/dbt_env/lib/python3.11/site-packages/airflow/example_dags/example_latest_only_with_trigger.py took 0.851 seconds
[2023-04-23T01:23:15.265+0200] {processor.py:153} INFO - Started process (PID=47931) to work on /Users/siddalingkattimani/dbt_env/lib/python3.11/site-packages/airflow/example_dags/example_latest_only_with_trigger.py
[2023-04-23T01:23:15.269+0200] {processor.py:743} INFO - Processing file /Users/siddalingkattimani/dbt_env/lib/python3.11/site-packages/airflow/example_dags/example_latest_only_with_trigger.py for tasks to queue
[2023-04-23T01:23:15.270+0200] {logging_mixin.py:137} INFO - [2023-04-23T01:23:15.270+0200] {dagbag.py:532} INFO - Filling up the DagBag from /Users/siddalingkattimani/dbt_env/lib/python3.11/site-packages/airflow/example_dags/example_latest_only_with_trigger.py
[2023-04-23T01:23:15.294+0200] {processor.py:753} INFO - DAG(s) dict_keys(['latest_only_with_trigger']) retrieved from /Users/siddalingkattimani/dbt_env/lib/python3.11/site-packages/airflow/example_dags/example_latest_only_with_trigger.py
[2023-04-23T01:23:16.027+0200] {logging_mixin.py:137} INFO - [2023-04-23T01:23:16.026+0200] {dag.py:2705} INFO - Sync 1 DAGs
[2023-04-23T01:23:16.039+0200] {logging_mixin.py:137} INFO - [2023-04-23T01:23:16.039+0200] {dag.py:3452} INFO - Setting next_dagrun for latest_only_with_trigger to 2023-04-22T19:23:16.039592+00:00, run_after=2023-04-22T23:23:16.039592+00:00
[2023-04-23T01:23:16.057+0200] {processor.py:175} INFO - Processing /Users/siddalingkattimani/dbt_env/lib/python3.11/site-packages/airflow/example_dags/example_latest_only_with_trigger.py took 0.793 seconds
[2023-04-23T01:25:14.515+0200] {processor.py:153} INFO - Started process (PID=48001) to work on /Users/siddalingkattimani/dbt_env/lib/python3.11/site-packages/airflow/example_dags/example_latest_only_with_trigger.py
[2023-04-23T01:25:14.518+0200] {processor.py:743} INFO - Processing file /Users/siddalingkattimani/dbt_env/lib/python3.11/site-packages/airflow/example_dags/example_latest_only_with_trigger.py for tasks to queue
[2023-04-23T01:25:14.518+0200] {logging_mixin.py:137} INFO - [2023-04-23T01:25:14.518+0200] {dagbag.py:532} INFO - Filling up the DagBag from /Users/siddalingkattimani/dbt_env/lib/python3.11/site-packages/airflow/example_dags/example_latest_only_with_trigger.py
[2023-04-23T01:25:14.538+0200] {processor.py:753} INFO - DAG(s) dict_keys(['latest_only_with_trigger']) retrieved from /Users/siddalingkattimani/dbt_env/lib/python3.11/site-packages/airflow/example_dags/example_latest_only_with_trigger.py
[2023-04-23T01:25:15.210+0200] {logging_mixin.py:137} INFO - [2023-04-23T01:25:15.210+0200] {dag.py:2705} INFO - Sync 1 DAGs
[2023-04-23T01:25:15.223+0200] {logging_mixin.py:137} INFO - [2023-04-23T01:25:15.223+0200] {dag.py:3452} INFO - Setting next_dagrun for latest_only_with_trigger to 2023-04-22T19:25:15.223554+00:00, run_after=2023-04-22T23:25:15.223554+00:00
[2023-04-23T01:25:15.242+0200] {processor.py:175} INFO - Processing /Users/siddalingkattimani/dbt_env/lib/python3.11/site-packages/airflow/example_dags/example_latest_only_with_trigger.py took 0.728 seconds
[2023-04-23T01:27:15.593+0200] {processor.py:153} INFO - Started process (PID=48047) to work on /Users/siddalingkattimani/dbt_env/lib/python3.11/site-packages/airflow/example_dags/example_latest_only_with_trigger.py
[2023-04-23T01:27:15.596+0200] {processor.py:743} INFO - Processing file /Users/siddalingkattimani/dbt_env/lib/python3.11/site-packages/airflow/example_dags/example_latest_only_with_trigger.py for tasks to queue
[2023-04-23T01:27:15.597+0200] {logging_mixin.py:137} INFO - [2023-04-23T01:27:15.596+0200] {dagbag.py:532} INFO - Filling up the DagBag from /Users/siddalingkattimani/dbt_env/lib/python3.11/site-packages/airflow/example_dags/example_latest_only_with_trigger.py
[2023-04-23T01:27:15.616+0200] {processor.py:753} INFO - DAG(s) dict_keys(['latest_only_with_trigger']) retrieved from /Users/siddalingkattimani/dbt_env/lib/python3.11/site-packages/airflow/example_dags/example_latest_only_with_trigger.py
[2023-04-23T01:27:16.270+0200] {logging_mixin.py:137} INFO - [2023-04-23T01:27:16.270+0200] {dag.py:2705} INFO - Sync 1 DAGs
[2023-04-23T01:27:16.284+0200] {logging_mixin.py:137} INFO - [2023-04-23T01:27:16.283+0200] {dag.py:3452} INFO - Setting next_dagrun for latest_only_with_trigger to 2023-04-22T19:27:16.283762+00:00, run_after=2023-04-22T23:27:16.283762+00:00
[2023-04-23T01:27:16.307+0200] {processor.py:175} INFO - Processing /Users/siddalingkattimani/dbt_env/lib/python3.11/site-packages/airflow/example_dags/example_latest_only_with_trigger.py took 0.715 seconds
[2023-04-23T01:29:24.798+0200] {processor.py:153} INFO - Started process (PID=48095) to work on /Users/siddalingkattimani/dbt_env/lib/python3.11/site-packages/airflow/example_dags/example_latest_only_with_trigger.py
[2023-04-23T01:29:24.805+0200] {processor.py:743} INFO - Processing file /Users/siddalingkattimani/dbt_env/lib/python3.11/site-packages/airflow/example_dags/example_latest_only_with_trigger.py for tasks to queue
[2023-04-23T01:29:24.806+0200] {logging_mixin.py:137} INFO - [2023-04-23T01:29:24.805+0200] {dagbag.py:532} INFO - Filling up the DagBag from /Users/siddalingkattimani/dbt_env/lib/python3.11/site-packages/airflow/example_dags/example_latest_only_with_trigger.py
[2023-04-23T01:29:24.834+0200] {processor.py:753} INFO - DAG(s) dict_keys(['latest_only_with_trigger']) retrieved from /Users/siddalingkattimani/dbt_env/lib/python3.11/site-packages/airflow/example_dags/example_latest_only_with_trigger.py
[2023-04-23T01:29:25.716+0200] {logging_mixin.py:137} INFO - [2023-04-23T01:29:25.715+0200] {dag.py:2705} INFO - Sync 1 DAGs
[2023-04-23T01:29:25.731+0200] {logging_mixin.py:137} INFO - [2023-04-23T01:29:25.731+0200] {dag.py:3452} INFO - Setting next_dagrun for latest_only_with_trigger to 2023-04-22T19:29:25.731214+00:00, run_after=2023-04-22T23:29:25.731214+00:00
[2023-04-23T01:29:25.750+0200] {processor.py:175} INFO - Processing /Users/siddalingkattimani/dbt_env/lib/python3.11/site-packages/airflow/example_dags/example_latest_only_with_trigger.py took 0.953 seconds
[2023-04-23T01:31:23.370+0200] {processor.py:153} INFO - Started process (PID=48142) to work on /Users/siddalingkattimani/dbt_env/lib/python3.11/site-packages/airflow/example_dags/example_latest_only_with_trigger.py
[2023-04-23T01:31:23.373+0200] {processor.py:743} INFO - Processing file /Users/siddalingkattimani/dbt_env/lib/python3.11/site-packages/airflow/example_dags/example_latest_only_with_trigger.py for tasks to queue
[2023-04-23T01:31:23.374+0200] {logging_mixin.py:137} INFO - [2023-04-23T01:31:23.374+0200] {dagbag.py:532} INFO - Filling up the DagBag from /Users/siddalingkattimani/dbt_env/lib/python3.11/site-packages/airflow/example_dags/example_latest_only_with_trigger.py
[2023-04-23T01:31:23.399+0200] {processor.py:753} INFO - DAG(s) dict_keys(['latest_only_with_trigger']) retrieved from /Users/siddalingkattimani/dbt_env/lib/python3.11/site-packages/airflow/example_dags/example_latest_only_with_trigger.py
[2023-04-23T01:31:24.161+0200] {logging_mixin.py:137} INFO - [2023-04-23T01:31:24.160+0200] {dag.py:2705} INFO - Sync 1 DAGs
[2023-04-23T01:31:24.177+0200] {logging_mixin.py:137} INFO - [2023-04-23T01:31:24.177+0200] {dag.py:3452} INFO - Setting next_dagrun for latest_only_with_trigger to 2023-04-22T19:31:24.177334+00:00, run_after=2023-04-22T23:31:24.177334+00:00
[2023-04-23T01:31:24.196+0200] {processor.py:175} INFO - Processing /Users/siddalingkattimani/dbt_env/lib/python3.11/site-packages/airflow/example_dags/example_latest_only_with_trigger.py took 0.827 seconds
[2023-04-23T01:33:28.968+0200] {processor.py:153} INFO - Started process (PID=48190) to work on /Users/siddalingkattimani/dbt_env/lib/python3.11/site-packages/airflow/example_dags/example_latest_only_with_trigger.py
[2023-04-23T01:33:28.972+0200] {processor.py:743} INFO - Processing file /Users/siddalingkattimani/dbt_env/lib/python3.11/site-packages/airflow/example_dags/example_latest_only_with_trigger.py for tasks to queue
[2023-04-23T01:33:28.972+0200] {logging_mixin.py:137} INFO - [2023-04-23T01:33:28.972+0200] {dagbag.py:532} INFO - Filling up the DagBag from /Users/siddalingkattimani/dbt_env/lib/python3.11/site-packages/airflow/example_dags/example_latest_only_with_trigger.py
[2023-04-23T01:33:28.998+0200] {processor.py:753} INFO - DAG(s) dict_keys(['latest_only_with_trigger']) retrieved from /Users/siddalingkattimani/dbt_env/lib/python3.11/site-packages/airflow/example_dags/example_latest_only_with_trigger.py
[2023-04-23T01:33:29.904+0200] {logging_mixin.py:137} INFO - [2023-04-23T01:33:29.904+0200] {dag.py:2705} INFO - Sync 1 DAGs
[2023-04-23T01:33:29.922+0200] {logging_mixin.py:137} INFO - [2023-04-23T01:33:29.922+0200] {dag.py:3452} INFO - Setting next_dagrun for latest_only_with_trigger to 2023-04-22T19:33:29.921949+00:00, run_after=2023-04-22T23:33:29.921949+00:00
[2023-04-23T01:33:29.942+0200] {processor.py:175} INFO - Processing /Users/siddalingkattimani/dbt_env/lib/python3.11/site-packages/airflow/example_dags/example_latest_only_with_trigger.py took 0.975 seconds
[2023-04-23T01:35:36.038+0200] {processor.py:153} INFO - Started process (PID=48241) to work on /Users/siddalingkattimani/dbt_env/lib/python3.11/site-packages/airflow/example_dags/example_latest_only_with_trigger.py
[2023-04-23T01:35:36.041+0200] {processor.py:743} INFO - Processing file /Users/siddalingkattimani/dbt_env/lib/python3.11/site-packages/airflow/example_dags/example_latest_only_with_trigger.py for tasks to queue
[2023-04-23T01:35:36.042+0200] {logging_mixin.py:137} INFO - [2023-04-23T01:35:36.041+0200] {dagbag.py:532} INFO - Filling up the DagBag from /Users/siddalingkattimani/dbt_env/lib/python3.11/site-packages/airflow/example_dags/example_latest_only_with_trigger.py
[2023-04-23T01:35:36.062+0200] {processor.py:753} INFO - DAG(s) dict_keys(['latest_only_with_trigger']) retrieved from /Users/siddalingkattimani/dbt_env/lib/python3.11/site-packages/airflow/example_dags/example_latest_only_with_trigger.py
[2023-04-23T01:35:36.981+0200] {logging_mixin.py:137} INFO - [2023-04-23T01:35:36.980+0200] {dag.py:2705} INFO - Sync 1 DAGs
[2023-04-23T01:35:37.066+0200] {logging_mixin.py:137} INFO - [2023-04-23T01:35:37.066+0200] {dag.py:3452} INFO - Setting next_dagrun for latest_only_with_trigger to 2023-04-22T19:35:37.066100+00:00, run_after=2023-04-22T23:35:37.066100+00:00
[2023-04-23T01:35:37.135+0200] {processor.py:175} INFO - Processing /Users/siddalingkattimani/dbt_env/lib/python3.11/site-packages/airflow/example_dags/example_latest_only_with_trigger.py took 1.098 seconds
