[2023-04-23T00:44:03.576+0200] {processor.py:153} INFO - Started process (PID=46767) to work on /Users/siddalingkattimani/dbt_env/lib/python3.11/site-packages/airflow/example_dags/example_trigger_target_dag.py
[2023-04-23T00:44:03.581+0200] {processor.py:743} INFO - Processing file /Users/siddalingkattimani/dbt_env/lib/python3.11/site-packages/airflow/example_dags/example_trigger_target_dag.py for tasks to queue
[2023-04-23T00:44:03.581+0200] {logging_mixin.py:137} INFO - [2023-04-23T00:44:03.581+0200] {dagbag.py:532} INFO - Filling up the DagBag from /Users/siddalingkattimani/dbt_env/lib/python3.11/site-packages/airflow/example_dags/example_trigger_target_dag.py
[2023-04-23T00:44:03.639+0200] {processor.py:753} INFO - DAG(s) dict_keys(['example_trigger_target_dag']) retrieved from /Users/siddalingkattimani/dbt_env/lib/python3.11/site-packages/airflow/example_dags/example_trigger_target_dag.py
[2023-04-23T00:44:04.600+0200] {logging_mixin.py:137} INFO - [2023-04-23T00:44:04.600+0200] {manager.py:504} INFO - Created Permission View: can edit on DAG:example_trigger_target_dag
[2023-04-23T00:44:04.612+0200] {logging_mixin.py:137} INFO - [2023-04-23T00:44:04.612+0200] {manager.py:504} INFO - Created Permission View: can delete on DAG:example_trigger_target_dag
[2023-04-23T00:44:04.623+0200] {logging_mixin.py:137} INFO - [2023-04-23T00:44:04.622+0200] {manager.py:504} INFO - Created Permission View: can read on DAG:example_trigger_target_dag
[2023-04-23T00:44:04.624+0200] {logging_mixin.py:137} INFO - [2023-04-23T00:44:04.624+0200] {dag.py:2705} INFO - Sync 1 DAGs
[2023-04-23T00:44:04.636+0200] {logging_mixin.py:137} INFO - [2023-04-23T00:44:04.636+0200] {dag.py:2726} INFO - Creating ORM DAG for example_trigger_target_dag
[2023-04-23T00:44:04.646+0200] {logging_mixin.py:137} INFO - [2023-04-23T00:44:04.646+0200] {dag.py:3452} INFO - Setting next_dagrun for example_trigger_target_dag to None, run_after=None
[2023-04-23T00:44:04.670+0200] {processor.py:175} INFO - Processing /Users/siddalingkattimani/dbt_env/lib/python3.11/site-packages/airflow/example_dags/example_trigger_target_dag.py took 1.095 seconds
[2023-04-23T00:46:05.696+0200] {processor.py:153} INFO - Started process (PID=46814) to work on /Users/siddalingkattimani/dbt_env/lib/python3.11/site-packages/airflow/example_dags/example_trigger_target_dag.py
[2023-04-23T00:46:05.700+0200] {processor.py:743} INFO - Processing file /Users/siddalingkattimani/dbt_env/lib/python3.11/site-packages/airflow/example_dags/example_trigger_target_dag.py for tasks to queue
[2023-04-23T00:46:05.700+0200] {logging_mixin.py:137} INFO - [2023-04-23T00:46:05.700+0200] {dagbag.py:532} INFO - Filling up the DagBag from /Users/siddalingkattimani/dbt_env/lib/python3.11/site-packages/airflow/example_dags/example_trigger_target_dag.py
[2023-04-23T00:46:05.741+0200] {processor.py:753} INFO - DAG(s) dict_keys(['example_trigger_target_dag']) retrieved from /Users/siddalingkattimani/dbt_env/lib/python3.11/site-packages/airflow/example_dags/example_trigger_target_dag.py
[2023-04-23T00:46:06.786+0200] {logging_mixin.py:137} INFO - [2023-04-23T00:46:06.785+0200] {dag.py:2705} INFO - Sync 1 DAGs
[2023-04-23T00:46:06.814+0200] {logging_mixin.py:137} INFO - [2023-04-23T00:46:06.814+0200] {dag.py:3452} INFO - Setting next_dagrun for example_trigger_target_dag to None, run_after=None
[2023-04-23T00:46:06.837+0200] {processor.py:175} INFO - Processing /Users/siddalingkattimani/dbt_env/lib/python3.11/site-packages/airflow/example_dags/example_trigger_target_dag.py took 1.143 seconds
[2023-04-23T00:48:04.860+0200] {processor.py:153} INFO - Started process (PID=46860) to work on /Users/siddalingkattimani/dbt_env/lib/python3.11/site-packages/airflow/example_dags/example_trigger_target_dag.py
[2023-04-23T00:48:04.863+0200] {processor.py:743} INFO - Processing file /Users/siddalingkattimani/dbt_env/lib/python3.11/site-packages/airflow/example_dags/example_trigger_target_dag.py for tasks to queue
[2023-04-23T00:48:04.863+0200] {logging_mixin.py:137} INFO - [2023-04-23T00:48:04.863+0200] {dagbag.py:532} INFO - Filling up the DagBag from /Users/siddalingkattimani/dbt_env/lib/python3.11/site-packages/airflow/example_dags/example_trigger_target_dag.py
[2023-04-23T00:48:04.903+0200] {processor.py:753} INFO - DAG(s) dict_keys(['example_trigger_target_dag']) retrieved from /Users/siddalingkattimani/dbt_env/lib/python3.11/site-packages/airflow/example_dags/example_trigger_target_dag.py
[2023-04-23T00:48:05.578+0200] {logging_mixin.py:137} INFO - [2023-04-23T00:48:05.578+0200] {dag.py:2705} INFO - Sync 1 DAGs
[2023-04-23T00:48:05.591+0200] {logging_mixin.py:137} INFO - [2023-04-23T00:48:05.591+0200] {dag.py:3452} INFO - Setting next_dagrun for example_trigger_target_dag to None, run_after=None
[2023-04-23T00:48:05.609+0200] {processor.py:175} INFO - Processing /Users/siddalingkattimani/dbt_env/lib/python3.11/site-packages/airflow/example_dags/example_trigger_target_dag.py took 0.749 seconds
[2023-04-23T00:50:07.485+0200] {processor.py:153} INFO - Started process (PID=46906) to work on /Users/siddalingkattimani/dbt_env/lib/python3.11/site-packages/airflow/example_dags/example_trigger_target_dag.py
[2023-04-23T00:50:07.488+0200] {processor.py:743} INFO - Processing file /Users/siddalingkattimani/dbt_env/lib/python3.11/site-packages/airflow/example_dags/example_trigger_target_dag.py for tasks to queue
[2023-04-23T00:50:07.488+0200] {logging_mixin.py:137} INFO - [2023-04-23T00:50:07.488+0200] {dagbag.py:532} INFO - Filling up the DagBag from /Users/siddalingkattimani/dbt_env/lib/python3.11/site-packages/airflow/example_dags/example_trigger_target_dag.py
[2023-04-23T00:50:07.525+0200] {processor.py:753} INFO - DAG(s) dict_keys(['example_trigger_target_dag']) retrieved from /Users/siddalingkattimani/dbt_env/lib/python3.11/site-packages/airflow/example_dags/example_trigger_target_dag.py
[2023-04-23T00:50:08.176+0200] {logging_mixin.py:137} INFO - [2023-04-23T00:50:08.176+0200] {dag.py:2705} INFO - Sync 1 DAGs
[2023-04-23T00:50:08.190+0200] {logging_mixin.py:137} INFO - [2023-04-23T00:50:08.190+0200] {dag.py:3452} INFO - Setting next_dagrun for example_trigger_target_dag to None, run_after=None
[2023-04-23T00:50:08.207+0200] {processor.py:175} INFO - Processing /Users/siddalingkattimani/dbt_env/lib/python3.11/site-packages/airflow/example_dags/example_trigger_target_dag.py took 0.723 seconds
[2023-04-23T00:52:21.817+0200] {processor.py:153} INFO - Started process (PID=46967) to work on /Users/siddalingkattimani/dbt_env/lib/python3.11/site-packages/airflow/example_dags/example_trigger_target_dag.py
[2023-04-23T00:52:21.822+0200] {processor.py:743} INFO - Processing file /Users/siddalingkattimani/dbt_env/lib/python3.11/site-packages/airflow/example_dags/example_trigger_target_dag.py for tasks to queue
[2023-04-23T00:52:21.822+0200] {logging_mixin.py:137} INFO - [2023-04-23T00:52:21.822+0200] {dagbag.py:532} INFO - Filling up the DagBag from /Users/siddalingkattimani/dbt_env/lib/python3.11/site-packages/airflow/example_dags/example_trigger_target_dag.py
[2023-04-23T00:52:21.880+0200] {processor.py:753} INFO - DAG(s) dict_keys(['example_trigger_target_dag']) retrieved from /Users/siddalingkattimani/dbt_env/lib/python3.11/site-packages/airflow/example_dags/example_trigger_target_dag.py
[2023-04-23T00:52:22.669+0200] {logging_mixin.py:137} INFO - [2023-04-23T00:52:22.668+0200] {dag.py:2705} INFO - Sync 1 DAGs
[2023-04-23T00:52:22.685+0200] {logging_mixin.py:137} INFO - [2023-04-23T00:52:22.685+0200] {dag.py:3452} INFO - Setting next_dagrun for example_trigger_target_dag to None, run_after=None
[2023-04-23T00:52:22.702+0200] {processor.py:175} INFO - Processing /Users/siddalingkattimani/dbt_env/lib/python3.11/site-packages/airflow/example_dags/example_trigger_target_dag.py took 0.886 seconds
[2023-04-23T00:54:22.301+0200] {processor.py:153} INFO - Started process (PID=47032) to work on /Users/siddalingkattimani/dbt_env/lib/python3.11/site-packages/airflow/example_dags/example_trigger_target_dag.py
[2023-04-23T00:54:22.304+0200] {processor.py:743} INFO - Processing file /Users/siddalingkattimani/dbt_env/lib/python3.11/site-packages/airflow/example_dags/example_trigger_target_dag.py for tasks to queue
[2023-04-23T00:54:22.304+0200] {logging_mixin.py:137} INFO - [2023-04-23T00:54:22.304+0200] {dagbag.py:532} INFO - Filling up the DagBag from /Users/siddalingkattimani/dbt_env/lib/python3.11/site-packages/airflow/example_dags/example_trigger_target_dag.py
[2023-04-23T00:54:22.341+0200] {processor.py:753} INFO - DAG(s) dict_keys(['example_trigger_target_dag']) retrieved from /Users/siddalingkattimani/dbt_env/lib/python3.11/site-packages/airflow/example_dags/example_trigger_target_dag.py
[2023-04-23T00:54:23.024+0200] {logging_mixin.py:137} INFO - [2023-04-23T00:54:23.023+0200] {dag.py:2705} INFO - Sync 1 DAGs
[2023-04-23T00:54:23.038+0200] {logging_mixin.py:137} INFO - [2023-04-23T00:54:23.038+0200] {dag.py:3452} INFO - Setting next_dagrun for example_trigger_target_dag to None, run_after=None
[2023-04-23T00:54:23.055+0200] {processor.py:175} INFO - Processing /Users/siddalingkattimani/dbt_env/lib/python3.11/site-packages/airflow/example_dags/example_trigger_target_dag.py took 0.755 seconds
[2023-04-23T00:56:18.101+0200] {processor.py:153} INFO - Started process (PID=47081) to work on /Users/siddalingkattimani/dbt_env/lib/python3.11/site-packages/airflow/example_dags/example_trigger_target_dag.py
[2023-04-23T00:56:18.106+0200] {processor.py:743} INFO - Processing file /Users/siddalingkattimani/dbt_env/lib/python3.11/site-packages/airflow/example_dags/example_trigger_target_dag.py for tasks to queue
[2023-04-23T00:56:18.106+0200] {logging_mixin.py:137} INFO - [2023-04-23T00:56:18.106+0200] {dagbag.py:532} INFO - Filling up the DagBag from /Users/siddalingkattimani/dbt_env/lib/python3.11/site-packages/airflow/example_dags/example_trigger_target_dag.py
[2023-04-23T00:56:18.150+0200] {processor.py:753} INFO - DAG(s) dict_keys(['example_trigger_target_dag']) retrieved from /Users/siddalingkattimani/dbt_env/lib/python3.11/site-packages/airflow/example_dags/example_trigger_target_dag.py
[2023-04-23T00:56:18.962+0200] {logging_mixin.py:137} INFO - [2023-04-23T00:56:18.962+0200] {dag.py:2705} INFO - Sync 1 DAGs
[2023-04-23T00:56:18.977+0200] {logging_mixin.py:137} INFO - [2023-04-23T00:56:18.977+0200] {dag.py:3452} INFO - Setting next_dagrun for example_trigger_target_dag to None, run_after=None
[2023-04-23T00:56:18.994+0200] {processor.py:175} INFO - Processing /Users/siddalingkattimani/dbt_env/lib/python3.11/site-packages/airflow/example_dags/example_trigger_target_dag.py took 0.894 seconds
[2023-04-23T00:58:32.116+0200] {processor.py:153} INFO - Started process (PID=47134) to work on /Users/siddalingkattimani/dbt_env/lib/python3.11/site-packages/airflow/example_dags/example_trigger_target_dag.py
[2023-04-23T00:58:32.121+0200] {processor.py:743} INFO - Processing file /Users/siddalingkattimani/dbt_env/lib/python3.11/site-packages/airflow/example_dags/example_trigger_target_dag.py for tasks to queue
[2023-04-23T00:58:32.123+0200] {logging_mixin.py:137} INFO - [2023-04-23T00:58:32.122+0200] {dagbag.py:532} INFO - Filling up the DagBag from /Users/siddalingkattimani/dbt_env/lib/python3.11/site-packages/airflow/example_dags/example_trigger_target_dag.py
[2023-04-23T00:58:32.180+0200] {processor.py:753} INFO - DAG(s) dict_keys(['example_trigger_target_dag']) retrieved from /Users/siddalingkattimani/dbt_env/lib/python3.11/site-packages/airflow/example_dags/example_trigger_target_dag.py
[2023-04-23T00:58:33.085+0200] {logging_mixin.py:137} INFO - [2023-04-23T00:58:33.085+0200] {dag.py:2705} INFO - Sync 1 DAGs
[2023-04-23T00:58:33.101+0200] {logging_mixin.py:137} INFO - [2023-04-23T00:58:33.101+0200] {dag.py:3452} INFO - Setting next_dagrun for example_trigger_target_dag to None, run_after=None
[2023-04-23T00:58:33.117+0200] {processor.py:175} INFO - Processing /Users/siddalingkattimani/dbt_env/lib/python3.11/site-packages/airflow/example_dags/example_trigger_target_dag.py took 1.001 seconds
[2023-04-23T01:00:36.156+0200] {processor.py:153} INFO - Started process (PID=47181) to work on /Users/siddalingkattimani/dbt_env/lib/python3.11/site-packages/airflow/example_dags/example_trigger_target_dag.py
[2023-04-23T01:00:36.161+0200] {processor.py:743} INFO - Processing file /Users/siddalingkattimani/dbt_env/lib/python3.11/site-packages/airflow/example_dags/example_trigger_target_dag.py for tasks to queue
[2023-04-23T01:00:36.162+0200] {logging_mixin.py:137} INFO - [2023-04-23T01:00:36.162+0200] {dagbag.py:532} INFO - Filling up the DagBag from /Users/siddalingkattimani/dbt_env/lib/python3.11/site-packages/airflow/example_dags/example_trigger_target_dag.py
[2023-04-23T01:00:36.199+0200] {processor.py:753} INFO - DAG(s) dict_keys(['example_trigger_target_dag']) retrieved from /Users/siddalingkattimani/dbt_env/lib/python3.11/site-packages/airflow/example_dags/example_trigger_target_dag.py
[2023-04-23T01:00:36.858+0200] {logging_mixin.py:137} INFO - [2023-04-23T01:00:36.858+0200] {dag.py:2705} INFO - Sync 1 DAGs
[2023-04-23T01:00:36.872+0200] {logging_mixin.py:137} INFO - [2023-04-23T01:00:36.872+0200] {dag.py:3452} INFO - Setting next_dagrun for example_trigger_target_dag to None, run_after=None
[2023-04-23T01:00:36.888+0200] {processor.py:175} INFO - Processing /Users/siddalingkattimani/dbt_env/lib/python3.11/site-packages/airflow/example_dags/example_trigger_target_dag.py took 0.732 seconds
[2023-04-23T01:02:54.825+0200] {processor.py:153} INFO - Started process (PID=47229) to work on /Users/siddalingkattimani/dbt_env/lib/python3.11/site-packages/airflow/example_dags/example_trigger_target_dag.py
[2023-04-23T01:02:54.829+0200] {processor.py:743} INFO - Processing file /Users/siddalingkattimani/dbt_env/lib/python3.11/site-packages/airflow/example_dags/example_trigger_target_dag.py for tasks to queue
[2023-04-23T01:02:54.830+0200] {logging_mixin.py:137} INFO - [2023-04-23T01:02:54.830+0200] {dagbag.py:532} INFO - Filling up the DagBag from /Users/siddalingkattimani/dbt_env/lib/python3.11/site-packages/airflow/example_dags/example_trigger_target_dag.py
[2023-04-23T01:02:54.868+0200] {processor.py:753} INFO - DAG(s) dict_keys(['example_trigger_target_dag']) retrieved from /Users/siddalingkattimani/dbt_env/lib/python3.11/site-packages/airflow/example_dags/example_trigger_target_dag.py
[2023-04-23T01:02:55.547+0200] {logging_mixin.py:137} INFO - [2023-04-23T01:02:55.546+0200] {dag.py:2705} INFO - Sync 1 DAGs
[2023-04-23T01:02:55.563+0200] {logging_mixin.py:137} INFO - [2023-04-23T01:02:55.562+0200] {dag.py:3452} INFO - Setting next_dagrun for example_trigger_target_dag to None, run_after=None
[2023-04-23T01:02:55.581+0200] {processor.py:175} INFO - Processing /Users/siddalingkattimani/dbt_env/lib/python3.11/site-packages/airflow/example_dags/example_trigger_target_dag.py took 0.757 seconds
[2023-04-23T01:04:53.826+0200] {processor.py:153} INFO - Started process (PID=47277) to work on /Users/siddalingkattimani/dbt_env/lib/python3.11/site-packages/airflow/example_dags/example_trigger_target_dag.py
[2023-04-23T01:04:53.829+0200] {processor.py:743} INFO - Processing file /Users/siddalingkattimani/dbt_env/lib/python3.11/site-packages/airflow/example_dags/example_trigger_target_dag.py for tasks to queue
[2023-04-23T01:04:53.830+0200] {logging_mixin.py:137} INFO - [2023-04-23T01:04:53.830+0200] {dagbag.py:532} INFO - Filling up the DagBag from /Users/siddalingkattimani/dbt_env/lib/python3.11/site-packages/airflow/example_dags/example_trigger_target_dag.py
[2023-04-23T01:04:53.866+0200] {processor.py:753} INFO - DAG(s) dict_keys(['example_trigger_target_dag']) retrieved from /Users/siddalingkattimani/dbt_env/lib/python3.11/site-packages/airflow/example_dags/example_trigger_target_dag.py
[2023-04-23T01:04:54.522+0200] {logging_mixin.py:137} INFO - [2023-04-23T01:04:54.522+0200] {dag.py:2705} INFO - Sync 1 DAGs
[2023-04-23T01:04:54.537+0200] {logging_mixin.py:137} INFO - [2023-04-23T01:04:54.537+0200] {dag.py:3452} INFO - Setting next_dagrun for example_trigger_target_dag to None, run_after=None
[2023-04-23T01:04:54.555+0200] {processor.py:175} INFO - Processing /Users/siddalingkattimani/dbt_env/lib/python3.11/site-packages/airflow/example_dags/example_trigger_target_dag.py took 0.729 seconds
[2023-04-23T01:07:22.992+0200] {processor.py:153} INFO - Started process (PID=47410) to work on /Users/siddalingkattimani/dbt_env/lib/python3.11/site-packages/airflow/example_dags/example_trigger_target_dag.py
[2023-04-23T01:07:22.999+0200] {processor.py:743} INFO - Processing file /Users/siddalingkattimani/dbt_env/lib/python3.11/site-packages/airflow/example_dags/example_trigger_target_dag.py for tasks to queue
[2023-04-23T01:07:22.999+0200] {logging_mixin.py:137} INFO - [2023-04-23T01:07:22.999+0200] {dagbag.py:532} INFO - Filling up the DagBag from /Users/siddalingkattimani/dbt_env/lib/python3.11/site-packages/airflow/example_dags/example_trigger_target_dag.py
[2023-04-23T01:07:23.095+0200] {processor.py:753} INFO - DAG(s) dict_keys(['example_trigger_target_dag']) retrieved from /Users/siddalingkattimani/dbt_env/lib/python3.11/site-packages/airflow/example_dags/example_trigger_target_dag.py
[2023-04-23T01:07:24.034+0200] {logging_mixin.py:137} INFO - [2023-04-23T01:07:24.033+0200] {dag.py:2705} INFO - Sync 1 DAGs
[2023-04-23T01:07:24.054+0200] {logging_mixin.py:137} INFO - [2023-04-23T01:07:24.054+0200] {dag.py:3452} INFO - Setting next_dagrun for example_trigger_target_dag to None, run_after=None
[2023-04-23T01:07:24.071+0200] {processor.py:175} INFO - Processing /Users/siddalingkattimani/dbt_env/lib/python3.11/site-packages/airflow/example_dags/example_trigger_target_dag.py took 1.080 seconds
[2023-04-23T01:09:55.490+0200] {processor.py:153} INFO - Started process (PID=47635) to work on /Users/siddalingkattimani/dbt_env/lib/python3.11/site-packages/airflow/example_dags/example_trigger_target_dag.py
[2023-04-23T01:09:55.495+0200] {processor.py:743} INFO - Processing file /Users/siddalingkattimani/dbt_env/lib/python3.11/site-packages/airflow/example_dags/example_trigger_target_dag.py for tasks to queue
[2023-04-23T01:09:55.496+0200] {logging_mixin.py:137} INFO - [2023-04-23T01:09:55.496+0200] {dagbag.py:532} INFO - Filling up the DagBag from /Users/siddalingkattimani/dbt_env/lib/python3.11/site-packages/airflow/example_dags/example_trigger_target_dag.py
[2023-04-23T01:09:55.586+0200] {processor.py:753} INFO - DAG(s) dict_keys(['example_trigger_target_dag']) retrieved from /Users/siddalingkattimani/dbt_env/lib/python3.11/site-packages/airflow/example_dags/example_trigger_target_dag.py
[2023-04-23T01:09:56.959+0200] {logging_mixin.py:137} INFO - [2023-04-23T01:09:56.958+0200] {dag.py:2705} INFO - Sync 1 DAGs
[2023-04-23T01:09:57.002+0200] {logging_mixin.py:137} INFO - [2023-04-23T01:09:57.002+0200] {dag.py:3452} INFO - Setting next_dagrun for example_trigger_target_dag to None, run_after=None
[2023-04-23T01:09:57.044+0200] {processor.py:175} INFO - Processing /Users/siddalingkattimani/dbt_env/lib/python3.11/site-packages/airflow/example_dags/example_trigger_target_dag.py took 1.555 seconds
[2023-04-23T01:12:11.339+0200] {processor.py:153} INFO - Started process (PID=47681) to work on /Users/siddalingkattimani/dbt_env/lib/python3.11/site-packages/airflow/example_dags/example_trigger_target_dag.py
[2023-04-23T01:12:11.343+0200] {processor.py:743} INFO - Processing file /Users/siddalingkattimani/dbt_env/lib/python3.11/site-packages/airflow/example_dags/example_trigger_target_dag.py for tasks to queue
[2023-04-23T01:12:11.344+0200] {logging_mixin.py:137} INFO - [2023-04-23T01:12:11.344+0200] {dagbag.py:532} INFO - Filling up the DagBag from /Users/siddalingkattimani/dbt_env/lib/python3.11/site-packages/airflow/example_dags/example_trigger_target_dag.py
[2023-04-23T01:12:11.414+0200] {processor.py:753} INFO - DAG(s) dict_keys(['example_trigger_target_dag']) retrieved from /Users/siddalingkattimani/dbt_env/lib/python3.11/site-packages/airflow/example_dags/example_trigger_target_dag.py
[2023-04-23T01:12:12.003+0200] {logging_mixin.py:137} INFO - [2023-04-23T01:12:12.003+0200] {dag.py:2705} INFO - Sync 1 DAGs
[2023-04-23T01:12:12.017+0200] {logging_mixin.py:137} INFO - [2023-04-23T01:12:12.016+0200] {dag.py:3452} INFO - Setting next_dagrun for example_trigger_target_dag to None, run_after=None
[2023-04-23T01:12:12.034+0200] {processor.py:175} INFO - Processing /Users/siddalingkattimani/dbt_env/lib/python3.11/site-packages/airflow/example_dags/example_trigger_target_dag.py took 0.696 seconds
[2023-04-23T01:14:11.469+0200] {processor.py:153} INFO - Started process (PID=47728) to work on /Users/siddalingkattimani/dbt_env/lib/python3.11/site-packages/airflow/example_dags/example_trigger_target_dag.py
[2023-04-23T01:14:11.472+0200] {processor.py:743} INFO - Processing file /Users/siddalingkattimani/dbt_env/lib/python3.11/site-packages/airflow/example_dags/example_trigger_target_dag.py for tasks to queue
[2023-04-23T01:14:11.473+0200] {logging_mixin.py:137} INFO - [2023-04-23T01:14:11.472+0200] {dagbag.py:532} INFO - Filling up the DagBag from /Users/siddalingkattimani/dbt_env/lib/python3.11/site-packages/airflow/example_dags/example_trigger_target_dag.py
[2023-04-23T01:14:11.546+0200] {processor.py:753} INFO - DAG(s) dict_keys(['example_trigger_target_dag']) retrieved from /Users/siddalingkattimani/dbt_env/lib/python3.11/site-packages/airflow/example_dags/example_trigger_target_dag.py
[2023-04-23T01:14:12.163+0200] {logging_mixin.py:137} INFO - [2023-04-23T01:14:12.163+0200] {dag.py:2705} INFO - Sync 1 DAGs
[2023-04-23T01:14:12.176+0200] {logging_mixin.py:137} INFO - [2023-04-23T01:14:12.176+0200] {dag.py:3452} INFO - Setting next_dagrun for example_trigger_target_dag to None, run_after=None
[2023-04-23T01:14:12.195+0200] {processor.py:175} INFO - Processing /Users/siddalingkattimani/dbt_env/lib/python3.11/site-packages/airflow/example_dags/example_trigger_target_dag.py took 0.726 seconds
[2023-04-23T01:16:18.233+0200] {processor.py:153} INFO - Started process (PID=47774) to work on /Users/siddalingkattimani/dbt_env/lib/python3.11/site-packages/airflow/example_dags/example_trigger_target_dag.py
[2023-04-23T01:16:18.238+0200] {processor.py:743} INFO - Processing file /Users/siddalingkattimani/dbt_env/lib/python3.11/site-packages/airflow/example_dags/example_trigger_target_dag.py for tasks to queue
[2023-04-23T01:16:18.239+0200] {logging_mixin.py:137} INFO - [2023-04-23T01:16:18.239+0200] {dagbag.py:532} INFO - Filling up the DagBag from /Users/siddalingkattimani/dbt_env/lib/python3.11/site-packages/airflow/example_dags/example_trigger_target_dag.py
[2023-04-23T01:16:18.314+0200] {processor.py:753} INFO - DAG(s) dict_keys(['example_trigger_target_dag']) retrieved from /Users/siddalingkattimani/dbt_env/lib/python3.11/site-packages/airflow/example_dags/example_trigger_target_dag.py
[2023-04-23T01:16:18.943+0200] {logging_mixin.py:137} INFO - [2023-04-23T01:16:18.943+0200] {dag.py:2705} INFO - Sync 1 DAGs
[2023-04-23T01:16:18.956+0200] {logging_mixin.py:137} INFO - [2023-04-23T01:16:18.956+0200] {dag.py:3452} INFO - Setting next_dagrun for example_trigger_target_dag to None, run_after=None
[2023-04-23T01:16:18.971+0200] {processor.py:175} INFO - Processing /Users/siddalingkattimani/dbt_env/lib/python3.11/site-packages/airflow/example_dags/example_trigger_target_dag.py took 0.738 seconds
[2023-04-23T01:18:18.152+0200] {processor.py:153} INFO - Started process (PID=47820) to work on /Users/siddalingkattimani/dbt_env/lib/python3.11/site-packages/airflow/example_dags/example_trigger_target_dag.py
[2023-04-23T01:18:18.156+0200] {processor.py:743} INFO - Processing file /Users/siddalingkattimani/dbt_env/lib/python3.11/site-packages/airflow/example_dags/example_trigger_target_dag.py for tasks to queue
[2023-04-23T01:18:18.156+0200] {logging_mixin.py:137} INFO - [2023-04-23T01:18:18.156+0200] {dagbag.py:532} INFO - Filling up the DagBag from /Users/siddalingkattimani/dbt_env/lib/python3.11/site-packages/airflow/example_dags/example_trigger_target_dag.py
[2023-04-23T01:18:18.243+0200] {processor.py:753} INFO - DAG(s) dict_keys(['example_trigger_target_dag']) retrieved from /Users/siddalingkattimani/dbt_env/lib/python3.11/site-packages/airflow/example_dags/example_trigger_target_dag.py
[2023-04-23T01:18:19.025+0200] {logging_mixin.py:137} INFO - [2023-04-23T01:18:19.025+0200] {dag.py:2705} INFO - Sync 1 DAGs
[2023-04-23T01:18:19.041+0200] {logging_mixin.py:137} INFO - [2023-04-23T01:18:19.041+0200] {dag.py:3452} INFO - Setting next_dagrun for example_trigger_target_dag to None, run_after=None
[2023-04-23T01:18:19.058+0200] {processor.py:175} INFO - Processing /Users/siddalingkattimani/dbt_env/lib/python3.11/site-packages/airflow/example_dags/example_trigger_target_dag.py took 0.907 seconds
[2023-04-23T01:20:24.190+0200] {processor.py:153} INFO - Started process (PID=47865) to work on /Users/siddalingkattimani/dbt_env/lib/python3.11/site-packages/airflow/example_dags/example_trigger_target_dag.py
[2023-04-23T01:20:24.193+0200] {processor.py:743} INFO - Processing file /Users/siddalingkattimani/dbt_env/lib/python3.11/site-packages/airflow/example_dags/example_trigger_target_dag.py for tasks to queue
[2023-04-23T01:20:24.194+0200] {logging_mixin.py:137} INFO - [2023-04-23T01:20:24.194+0200] {dagbag.py:532} INFO - Filling up the DagBag from /Users/siddalingkattimani/dbt_env/lib/python3.11/site-packages/airflow/example_dags/example_trigger_target_dag.py
[2023-04-23T01:20:24.281+0200] {processor.py:753} INFO - DAG(s) dict_keys(['example_trigger_target_dag']) retrieved from /Users/siddalingkattimani/dbt_env/lib/python3.11/site-packages/airflow/example_dags/example_trigger_target_dag.py
[2023-04-23T01:20:25.014+0200] {logging_mixin.py:137} INFO - [2023-04-23T01:20:25.014+0200] {dag.py:2705} INFO - Sync 1 DAGs
[2023-04-23T01:20:25.028+0200] {logging_mixin.py:137} INFO - [2023-04-23T01:20:25.028+0200] {dag.py:3452} INFO - Setting next_dagrun for example_trigger_target_dag to None, run_after=None
[2023-04-23T01:20:25.045+0200] {processor.py:175} INFO - Processing /Users/siddalingkattimani/dbt_env/lib/python3.11/site-packages/airflow/example_dags/example_trigger_target_dag.py took 0.857 seconds
[2023-04-23T01:22:27.926+0200] {processor.py:153} INFO - Started process (PID=47912) to work on /Users/siddalingkattimani/dbt_env/lib/python3.11/site-packages/airflow/example_dags/example_trigger_target_dag.py
[2023-04-23T01:22:27.929+0200] {processor.py:743} INFO - Processing file /Users/siddalingkattimani/dbt_env/lib/python3.11/site-packages/airflow/example_dags/example_trigger_target_dag.py for tasks to queue
[2023-04-23T01:22:27.929+0200] {logging_mixin.py:137} INFO - [2023-04-23T01:22:27.929+0200] {dagbag.py:532} INFO - Filling up the DagBag from /Users/siddalingkattimani/dbt_env/lib/python3.11/site-packages/airflow/example_dags/example_trigger_target_dag.py
[2023-04-23T01:22:28.003+0200] {processor.py:753} INFO - DAG(s) dict_keys(['example_trigger_target_dag']) retrieved from /Users/siddalingkattimani/dbt_env/lib/python3.11/site-packages/airflow/example_dags/example_trigger_target_dag.py
[2023-04-23T01:22:28.603+0200] {logging_mixin.py:137} INFO - [2023-04-23T01:22:28.603+0200] {dag.py:2705} INFO - Sync 1 DAGs
[2023-04-23T01:22:28.616+0200] {logging_mixin.py:137} INFO - [2023-04-23T01:22:28.616+0200] {dag.py:3452} INFO - Setting next_dagrun for example_trigger_target_dag to None, run_after=None
[2023-04-23T01:22:28.637+0200] {processor.py:175} INFO - Processing /Users/siddalingkattimani/dbt_env/lib/python3.11/site-packages/airflow/example_dags/example_trigger_target_dag.py took 0.713 seconds
[2023-04-23T01:24:26.358+0200] {processor.py:153} INFO - Started process (PID=47962) to work on /Users/siddalingkattimani/dbt_env/lib/python3.11/site-packages/airflow/example_dags/example_trigger_target_dag.py
[2023-04-23T01:24:26.362+0200] {processor.py:743} INFO - Processing file /Users/siddalingkattimani/dbt_env/lib/python3.11/site-packages/airflow/example_dags/example_trigger_target_dag.py for tasks to queue
[2023-04-23T01:24:26.362+0200] {logging_mixin.py:137} INFO - [2023-04-23T01:24:26.362+0200] {dagbag.py:532} INFO - Filling up the DagBag from /Users/siddalingkattimani/dbt_env/lib/python3.11/site-packages/airflow/example_dags/example_trigger_target_dag.py
[2023-04-23T01:24:26.439+0200] {processor.py:753} INFO - DAG(s) dict_keys(['example_trigger_target_dag']) retrieved from /Users/siddalingkattimani/dbt_env/lib/python3.11/site-packages/airflow/example_dags/example_trigger_target_dag.py
[2023-04-23T01:24:27.046+0200] {logging_mixin.py:137} INFO - [2023-04-23T01:24:27.045+0200] {dag.py:2705} INFO - Sync 1 DAGs
[2023-04-23T01:24:27.059+0200] {logging_mixin.py:137} INFO - [2023-04-23T01:24:27.058+0200] {dag.py:3452} INFO - Setting next_dagrun for example_trigger_target_dag to None, run_after=None
[2023-04-23T01:24:27.075+0200] {processor.py:175} INFO - Processing /Users/siddalingkattimani/dbt_env/lib/python3.11/site-packages/airflow/example_dags/example_trigger_target_dag.py took 0.718 seconds
[2023-04-23T01:26:26.445+0200] {processor.py:153} INFO - Started process (PID=48029) to work on /Users/siddalingkattimani/dbt_env/lib/python3.11/site-packages/airflow/example_dags/example_trigger_target_dag.py
[2023-04-23T01:26:26.448+0200] {processor.py:743} INFO - Processing file /Users/siddalingkattimani/dbt_env/lib/python3.11/site-packages/airflow/example_dags/example_trigger_target_dag.py for tasks to queue
[2023-04-23T01:26:26.449+0200] {logging_mixin.py:137} INFO - [2023-04-23T01:26:26.449+0200] {dagbag.py:532} INFO - Filling up the DagBag from /Users/siddalingkattimani/dbt_env/lib/python3.11/site-packages/airflow/example_dags/example_trigger_target_dag.py
[2023-04-23T01:26:26.577+0200] {processor.py:753} INFO - DAG(s) dict_keys(['example_trigger_target_dag']) retrieved from /Users/siddalingkattimani/dbt_env/lib/python3.11/site-packages/airflow/example_dags/example_trigger_target_dag.py
[2023-04-23T01:26:27.410+0200] {logging_mixin.py:137} INFO - [2023-04-23T01:26:27.410+0200] {dag.py:2705} INFO - Sync 1 DAGs
[2023-04-23T01:26:27.425+0200] {logging_mixin.py:137} INFO - [2023-04-23T01:26:27.425+0200] {dag.py:3452} INFO - Setting next_dagrun for example_trigger_target_dag to None, run_after=None
[2023-04-23T01:26:27.462+0200] {processor.py:175} INFO - Processing /Users/siddalingkattimani/dbt_env/lib/python3.11/site-packages/airflow/example_dags/example_trigger_target_dag.py took 1.017 seconds
[2023-04-23T01:28:32.051+0200] {processor.py:153} INFO - Started process (PID=48075) to work on /Users/siddalingkattimani/dbt_env/lib/python3.11/site-packages/airflow/example_dags/example_trigger_target_dag.py
[2023-04-23T01:28:32.055+0200] {processor.py:743} INFO - Processing file /Users/siddalingkattimani/dbt_env/lib/python3.11/site-packages/airflow/example_dags/example_trigger_target_dag.py for tasks to queue
[2023-04-23T01:28:32.056+0200] {logging_mixin.py:137} INFO - [2023-04-23T01:28:32.056+0200] {dagbag.py:532} INFO - Filling up the DagBag from /Users/siddalingkattimani/dbt_env/lib/python3.11/site-packages/airflow/example_dags/example_trigger_target_dag.py
[2023-04-23T01:28:32.140+0200] {processor.py:753} INFO - DAG(s) dict_keys(['example_trigger_target_dag']) retrieved from /Users/siddalingkattimani/dbt_env/lib/python3.11/site-packages/airflow/example_dags/example_trigger_target_dag.py
[2023-04-23T01:28:32.902+0200] {logging_mixin.py:137} INFO - [2023-04-23T01:28:32.901+0200] {dag.py:2705} INFO - Sync 1 DAGs
[2023-04-23T01:28:32.916+0200] {logging_mixin.py:137} INFO - [2023-04-23T01:28:32.916+0200] {dag.py:3452} INFO - Setting next_dagrun for example_trigger_target_dag to None, run_after=None
[2023-04-23T01:28:32.967+0200] {processor.py:175} INFO - Processing /Users/siddalingkattimani/dbt_env/lib/python3.11/site-packages/airflow/example_dags/example_trigger_target_dag.py took 0.917 seconds
[2023-04-23T01:30:35.153+0200] {processor.py:153} INFO - Started process (PID=48123) to work on /Users/siddalingkattimani/dbt_env/lib/python3.11/site-packages/airflow/example_dags/example_trigger_target_dag.py
[2023-04-23T01:30:35.156+0200] {processor.py:743} INFO - Processing file /Users/siddalingkattimani/dbt_env/lib/python3.11/site-packages/airflow/example_dags/example_trigger_target_dag.py for tasks to queue
[2023-04-23T01:30:35.156+0200] {logging_mixin.py:137} INFO - [2023-04-23T01:30:35.156+0200] {dagbag.py:532} INFO - Filling up the DagBag from /Users/siddalingkattimani/dbt_env/lib/python3.11/site-packages/airflow/example_dags/example_trigger_target_dag.py
[2023-04-23T01:30:35.224+0200] {processor.py:753} INFO - DAG(s) dict_keys(['example_trigger_target_dag']) retrieved from /Users/siddalingkattimani/dbt_env/lib/python3.11/site-packages/airflow/example_dags/example_trigger_target_dag.py
[2023-04-23T01:30:35.818+0200] {logging_mixin.py:137} INFO - [2023-04-23T01:30:35.818+0200] {dag.py:2705} INFO - Sync 1 DAGs
[2023-04-23T01:30:35.832+0200] {logging_mixin.py:137} INFO - [2023-04-23T01:30:35.832+0200] {dag.py:3452} INFO - Setting next_dagrun for example_trigger_target_dag to None, run_after=None
[2023-04-23T01:30:35.850+0200] {processor.py:175} INFO - Processing /Users/siddalingkattimani/dbt_env/lib/python3.11/site-packages/airflow/example_dags/example_trigger_target_dag.py took 0.698 seconds
[2023-04-23T01:32:38.013+0200] {processor.py:153} INFO - Started process (PID=48172) to work on /Users/siddalingkattimani/dbt_env/lib/python3.11/site-packages/airflow/example_dags/example_trigger_target_dag.py
[2023-04-23T01:32:38.016+0200] {processor.py:743} INFO - Processing file /Users/siddalingkattimani/dbt_env/lib/python3.11/site-packages/airflow/example_dags/example_trigger_target_dag.py for tasks to queue
[2023-04-23T01:32:38.016+0200] {logging_mixin.py:137} INFO - [2023-04-23T01:32:38.016+0200] {dagbag.py:532} INFO - Filling up the DagBag from /Users/siddalingkattimani/dbt_env/lib/python3.11/site-packages/airflow/example_dags/example_trigger_target_dag.py
[2023-04-23T01:32:38.095+0200] {processor.py:753} INFO - DAG(s) dict_keys(['example_trigger_target_dag']) retrieved from /Users/siddalingkattimani/dbt_env/lib/python3.11/site-packages/airflow/example_dags/example_trigger_target_dag.py
[2023-04-23T01:32:38.733+0200] {logging_mixin.py:137} INFO - [2023-04-23T01:32:38.733+0200] {dag.py:2705} INFO - Sync 1 DAGs
[2023-04-23T01:32:38.747+0200] {logging_mixin.py:137} INFO - [2023-04-23T01:32:38.747+0200] {dag.py:3452} INFO - Setting next_dagrun for example_trigger_target_dag to None, run_after=None
[2023-04-23T01:32:38.765+0200] {processor.py:175} INFO - Processing /Users/siddalingkattimani/dbt_env/lib/python3.11/site-packages/airflow/example_dags/example_trigger_target_dag.py took 0.753 seconds
[2023-04-23T01:34:44.703+0200] {processor.py:153} INFO - Started process (PID=48220) to work on /Users/siddalingkattimani/dbt_env/lib/python3.11/site-packages/airflow/example_dags/example_trigger_target_dag.py
[2023-04-23T01:34:44.707+0200] {processor.py:743} INFO - Processing file /Users/siddalingkattimani/dbt_env/lib/python3.11/site-packages/airflow/example_dags/example_trigger_target_dag.py for tasks to queue
[2023-04-23T01:34:44.707+0200] {logging_mixin.py:137} INFO - [2023-04-23T01:34:44.707+0200] {dagbag.py:532} INFO - Filling up the DagBag from /Users/siddalingkattimani/dbt_env/lib/python3.11/site-packages/airflow/example_dags/example_trigger_target_dag.py
[2023-04-23T01:34:44.779+0200] {processor.py:753} INFO - DAG(s) dict_keys(['example_trigger_target_dag']) retrieved from /Users/siddalingkattimani/dbt_env/lib/python3.11/site-packages/airflow/example_dags/example_trigger_target_dag.py
[2023-04-23T01:34:45.460+0200] {logging_mixin.py:137} INFO - [2023-04-23T01:34:45.460+0200] {dag.py:2705} INFO - Sync 1 DAGs
[2023-04-23T01:34:45.473+0200] {logging_mixin.py:137} INFO - [2023-04-23T01:34:45.473+0200] {dag.py:3452} INFO - Setting next_dagrun for example_trigger_target_dag to None, run_after=None
[2023-04-23T01:34:45.488+0200] {processor.py:175} INFO - Processing /Users/siddalingkattimani/dbt_env/lib/python3.11/site-packages/airflow/example_dags/example_trigger_target_dag.py took 0.786 seconds
