[2023-04-23T00:44:09.231+0200] {processor.py:153} INFO - Started process (PID=46770) to work on /Users/siddalingkattimani/dbt_env/lib/python3.11/site-packages/airflow/example_dags/example_time_delta_sensor_async.py
[2023-04-23T00:44:09.234+0200] {processor.py:743} INFO - Processing file /Users/siddalingkattimani/dbt_env/lib/python3.11/site-packages/airflow/example_dags/example_time_delta_sensor_async.py for tasks to queue
[2023-04-23T00:44:09.235+0200] {logging_mixin.py:137} INFO - [2023-04-23T00:44:09.235+0200] {dagbag.py:532} INFO - Filling up the DagBag from /Users/siddalingkattimani/dbt_env/lib/python3.11/site-packages/airflow/example_dags/example_time_delta_sensor_async.py
[2023-04-23T00:44:09.259+0200] {processor.py:753} INFO - DAG(s) dict_keys(['example_time_delta_sensor_async']) retrieved from /Users/siddalingkattimani/dbt_env/lib/python3.11/site-packages/airflow/example_dags/example_time_delta_sensor_async.py
[2023-04-23T00:44:10.203+0200] {logging_mixin.py:137} INFO - [2023-04-23T00:44:10.203+0200] {manager.py:504} INFO - Created Permission View: can edit on DAG:example_time_delta_sensor_async
[2023-04-23T00:44:10.213+0200] {logging_mixin.py:137} INFO - [2023-04-23T00:44:10.213+0200] {manager.py:504} INFO - Created Permission View: can read on DAG:example_time_delta_sensor_async
[2023-04-23T00:44:10.219+0200] {logging_mixin.py:137} INFO - [2023-04-23T00:44:10.219+0200] {manager.py:504} INFO - Created Permission View: can delete on DAG:example_time_delta_sensor_async
[2023-04-23T00:44:10.219+0200] {logging_mixin.py:137} INFO - [2023-04-23T00:44:10.219+0200] {dag.py:2705} INFO - Sync 1 DAGs
[2023-04-23T00:44:10.232+0200] {logging_mixin.py:137} INFO - [2023-04-23T00:44:10.231+0200] {dag.py:2726} INFO - Creating ORM DAG for example_time_delta_sensor_async
[2023-04-23T00:44:10.238+0200] {logging_mixin.py:137} INFO - [2023-04-23T00:44:10.238+0200] {dag.py:3452} INFO - Setting next_dagrun for example_time_delta_sensor_async to None, run_after=None
[2023-04-23T00:44:10.262+0200] {processor.py:175} INFO - Processing /Users/siddalingkattimani/dbt_env/lib/python3.11/site-packages/airflow/example_dags/example_time_delta_sensor_async.py took 1.032 seconds
[2023-04-23T00:46:11.629+0200] {processor.py:153} INFO - Started process (PID=46816) to work on /Users/siddalingkattimani/dbt_env/lib/python3.11/site-packages/airflow/example_dags/example_time_delta_sensor_async.py
[2023-04-23T00:46:11.633+0200] {processor.py:743} INFO - Processing file /Users/siddalingkattimani/dbt_env/lib/python3.11/site-packages/airflow/example_dags/example_time_delta_sensor_async.py for tasks to queue
[2023-04-23T00:46:11.633+0200] {logging_mixin.py:137} INFO - [2023-04-23T00:46:11.633+0200] {dagbag.py:532} INFO - Filling up the DagBag from /Users/siddalingkattimani/dbt_env/lib/python3.11/site-packages/airflow/example_dags/example_time_delta_sensor_async.py
[2023-04-23T00:46:11.651+0200] {processor.py:753} INFO - DAG(s) dict_keys(['example_time_delta_sensor_async']) retrieved from /Users/siddalingkattimani/dbt_env/lib/python3.11/site-packages/airflow/example_dags/example_time_delta_sensor_async.py
[2023-04-23T00:46:12.375+0200] {logging_mixin.py:137} INFO - [2023-04-23T00:46:12.375+0200] {dag.py:2705} INFO - Sync 1 DAGs
[2023-04-23T00:46:12.396+0200] {logging_mixin.py:137} INFO - [2023-04-23T00:46:12.396+0200] {dag.py:3452} INFO - Setting next_dagrun for example_time_delta_sensor_async to None, run_after=None
[2023-04-23T00:46:12.424+0200] {processor.py:175} INFO - Processing /Users/siddalingkattimani/dbt_env/lib/python3.11/site-packages/airflow/example_dags/example_time_delta_sensor_async.py took 0.795 seconds
[2023-04-23T00:48:10.664+0200] {processor.py:153} INFO - Started process (PID=46862) to work on /Users/siddalingkattimani/dbt_env/lib/python3.11/site-packages/airflow/example_dags/example_time_delta_sensor_async.py
[2023-04-23T00:48:10.668+0200] {processor.py:743} INFO - Processing file /Users/siddalingkattimani/dbt_env/lib/python3.11/site-packages/airflow/example_dags/example_time_delta_sensor_async.py for tasks to queue
[2023-04-23T00:48:10.668+0200] {logging_mixin.py:137} INFO - [2023-04-23T00:48:10.668+0200] {dagbag.py:532} INFO - Filling up the DagBag from /Users/siddalingkattimani/dbt_env/lib/python3.11/site-packages/airflow/example_dags/example_time_delta_sensor_async.py
[2023-04-23T00:48:10.694+0200] {processor.py:753} INFO - DAG(s) dict_keys(['example_time_delta_sensor_async']) retrieved from /Users/siddalingkattimani/dbt_env/lib/python3.11/site-packages/airflow/example_dags/example_time_delta_sensor_async.py
[2023-04-23T00:48:11.649+0200] {logging_mixin.py:137} INFO - [2023-04-23T00:48:11.649+0200] {dag.py:2705} INFO - Sync 1 DAGs
[2023-04-23T00:48:11.665+0200] {logging_mixin.py:137} INFO - [2023-04-23T00:48:11.664+0200] {dag.py:3452} INFO - Setting next_dagrun for example_time_delta_sensor_async to None, run_after=None
[2023-04-23T00:48:11.682+0200] {processor.py:175} INFO - Processing /Users/siddalingkattimani/dbt_env/lib/python3.11/site-packages/airflow/example_dags/example_time_delta_sensor_async.py took 1.019 seconds
[2023-04-23T00:50:13.043+0200] {processor.py:153} INFO - Started process (PID=46908) to work on /Users/siddalingkattimani/dbt_env/lib/python3.11/site-packages/airflow/example_dags/example_time_delta_sensor_async.py
[2023-04-23T00:50:13.046+0200] {processor.py:743} INFO - Processing file /Users/siddalingkattimani/dbt_env/lib/python3.11/site-packages/airflow/example_dags/example_time_delta_sensor_async.py for tasks to queue
[2023-04-23T00:50:13.047+0200] {logging_mixin.py:137} INFO - [2023-04-23T00:50:13.046+0200] {dagbag.py:532} INFO - Filling up the DagBag from /Users/siddalingkattimani/dbt_env/lib/python3.11/site-packages/airflow/example_dags/example_time_delta_sensor_async.py
[2023-04-23T00:50:13.065+0200] {processor.py:753} INFO - DAG(s) dict_keys(['example_time_delta_sensor_async']) retrieved from /Users/siddalingkattimani/dbt_env/lib/python3.11/site-packages/airflow/example_dags/example_time_delta_sensor_async.py
[2023-04-23T00:50:13.767+0200] {logging_mixin.py:137} INFO - [2023-04-23T00:50:13.766+0200] {dag.py:2705} INFO - Sync 1 DAGs
[2023-04-23T00:50:13.781+0200] {logging_mixin.py:137} INFO - [2023-04-23T00:50:13.781+0200] {dag.py:3452} INFO - Setting next_dagrun for example_time_delta_sensor_async to None, run_after=None
[2023-04-23T00:50:13.799+0200] {processor.py:175} INFO - Processing /Users/siddalingkattimani/dbt_env/lib/python3.11/site-packages/airflow/example_dags/example_time_delta_sensor_async.py took 0.757 seconds
[2023-04-23T00:52:27.507+0200] {processor.py:153} INFO - Started process (PID=46969) to work on /Users/siddalingkattimani/dbt_env/lib/python3.11/site-packages/airflow/example_dags/example_time_delta_sensor_async.py
[2023-04-23T00:52:27.511+0200] {processor.py:743} INFO - Processing file /Users/siddalingkattimani/dbt_env/lib/python3.11/site-packages/airflow/example_dags/example_time_delta_sensor_async.py for tasks to queue
[2023-04-23T00:52:27.511+0200] {logging_mixin.py:137} INFO - [2023-04-23T00:52:27.511+0200] {dagbag.py:532} INFO - Filling up the DagBag from /Users/siddalingkattimani/dbt_env/lib/python3.11/site-packages/airflow/example_dags/example_time_delta_sensor_async.py
[2023-04-23T00:52:27.537+0200] {processor.py:753} INFO - DAG(s) dict_keys(['example_time_delta_sensor_async']) retrieved from /Users/siddalingkattimani/dbt_env/lib/python3.11/site-packages/airflow/example_dags/example_time_delta_sensor_async.py
[2023-04-23T00:52:28.361+0200] {logging_mixin.py:137} INFO - [2023-04-23T00:52:28.360+0200] {dag.py:2705} INFO - Sync 1 DAGs
[2023-04-23T00:52:28.376+0200] {logging_mixin.py:137} INFO - [2023-04-23T00:52:28.376+0200] {dag.py:3452} INFO - Setting next_dagrun for example_time_delta_sensor_async to None, run_after=None
[2023-04-23T00:52:28.398+0200] {processor.py:175} INFO - Processing /Users/siddalingkattimani/dbt_env/lib/python3.11/site-packages/airflow/example_dags/example_time_delta_sensor_async.py took 0.892 seconds
[2023-04-23T00:54:26.545+0200] {processor.py:153} INFO - Started process (PID=47034) to work on /Users/siddalingkattimani/dbt_env/lib/python3.11/site-packages/airflow/example_dags/example_time_delta_sensor_async.py
[2023-04-23T00:54:26.548+0200] {processor.py:743} INFO - Processing file /Users/siddalingkattimani/dbt_env/lib/python3.11/site-packages/airflow/example_dags/example_time_delta_sensor_async.py for tasks to queue
[2023-04-23T00:54:26.548+0200] {logging_mixin.py:137} INFO - [2023-04-23T00:54:26.548+0200] {dagbag.py:532} INFO - Filling up the DagBag from /Users/siddalingkattimani/dbt_env/lib/python3.11/site-packages/airflow/example_dags/example_time_delta_sensor_async.py
[2023-04-23T00:54:26.566+0200] {processor.py:753} INFO - DAG(s) dict_keys(['example_time_delta_sensor_async']) retrieved from /Users/siddalingkattimani/dbt_env/lib/python3.11/site-packages/airflow/example_dags/example_time_delta_sensor_async.py
[2023-04-23T00:54:27.304+0200] {logging_mixin.py:137} INFO - [2023-04-23T00:54:27.304+0200] {dag.py:2705} INFO - Sync 1 DAGs
[2023-04-23T00:54:27.319+0200] {logging_mixin.py:137} INFO - [2023-04-23T00:54:27.319+0200] {dag.py:3452} INFO - Setting next_dagrun for example_time_delta_sensor_async to None, run_after=None
[2023-04-23T00:54:27.336+0200] {processor.py:175} INFO - Processing /Users/siddalingkattimani/dbt_env/lib/python3.11/site-packages/airflow/example_dags/example_time_delta_sensor_async.py took 0.792 seconds
[2023-04-23T00:56:24.945+0200] {processor.py:153} INFO - Started process (PID=47083) to work on /Users/siddalingkattimani/dbt_env/lib/python3.11/site-packages/airflow/example_dags/example_time_delta_sensor_async.py
[2023-04-23T00:56:24.948+0200] {processor.py:743} INFO - Processing file /Users/siddalingkattimani/dbt_env/lib/python3.11/site-packages/airflow/example_dags/example_time_delta_sensor_async.py for tasks to queue
[2023-04-23T00:56:24.949+0200] {logging_mixin.py:137} INFO - [2023-04-23T00:56:24.949+0200] {dagbag.py:532} INFO - Filling up the DagBag from /Users/siddalingkattimani/dbt_env/lib/python3.11/site-packages/airflow/example_dags/example_time_delta_sensor_async.py
[2023-04-23T00:56:24.975+0200] {processor.py:753} INFO - DAG(s) dict_keys(['example_time_delta_sensor_async']) retrieved from /Users/siddalingkattimani/dbt_env/lib/python3.11/site-packages/airflow/example_dags/example_time_delta_sensor_async.py
[2023-04-23T00:56:25.924+0200] {logging_mixin.py:137} INFO - [2023-04-23T00:56:25.924+0200] {dag.py:2705} INFO - Sync 1 DAGs
[2023-04-23T00:56:25.946+0200] {logging_mixin.py:137} INFO - [2023-04-23T00:56:25.945+0200] {dag.py:3452} INFO - Setting next_dagrun for example_time_delta_sensor_async to None, run_after=None
[2023-04-23T00:56:25.965+0200] {processor.py:175} INFO - Processing /Users/siddalingkattimani/dbt_env/lib/python3.11/site-packages/airflow/example_dags/example_time_delta_sensor_async.py took 1.021 seconds
[2023-04-23T00:58:37.784+0200] {processor.py:153} INFO - Started process (PID=47136) to work on /Users/siddalingkattimani/dbt_env/lib/python3.11/site-packages/airflow/example_dags/example_time_delta_sensor_async.py
[2023-04-23T00:58:37.790+0200] {processor.py:743} INFO - Processing file /Users/siddalingkattimani/dbt_env/lib/python3.11/site-packages/airflow/example_dags/example_time_delta_sensor_async.py for tasks to queue
[2023-04-23T00:58:37.790+0200] {logging_mixin.py:137} INFO - [2023-04-23T00:58:37.790+0200] {dagbag.py:532} INFO - Filling up the DagBag from /Users/siddalingkattimani/dbt_env/lib/python3.11/site-packages/airflow/example_dags/example_time_delta_sensor_async.py
[2023-04-23T00:58:37.822+0200] {processor.py:753} INFO - DAG(s) dict_keys(['example_time_delta_sensor_async']) retrieved from /Users/siddalingkattimani/dbt_env/lib/python3.11/site-packages/airflow/example_dags/example_time_delta_sensor_async.py
[2023-04-23T00:58:38.876+0200] {logging_mixin.py:137} INFO - [2023-04-23T00:58:38.876+0200] {dag.py:2705} INFO - Sync 1 DAGs
[2023-04-23T00:58:38.892+0200] {logging_mixin.py:137} INFO - [2023-04-23T00:58:38.892+0200] {dag.py:3452} INFO - Setting next_dagrun for example_time_delta_sensor_async to None, run_after=None
[2023-04-23T00:58:38.911+0200] {processor.py:175} INFO - Processing /Users/siddalingkattimani/dbt_env/lib/python3.11/site-packages/airflow/example_dags/example_time_delta_sensor_async.py took 1.128 seconds
[2023-04-23T01:00:41.483+0200] {processor.py:153} INFO - Started process (PID=47183) to work on /Users/siddalingkattimani/dbt_env/lib/python3.11/site-packages/airflow/example_dags/example_time_delta_sensor_async.py
[2023-04-23T01:00:41.487+0200] {processor.py:743} INFO - Processing file /Users/siddalingkattimani/dbt_env/lib/python3.11/site-packages/airflow/example_dags/example_time_delta_sensor_async.py for tasks to queue
[2023-04-23T01:00:41.488+0200] {logging_mixin.py:137} INFO - [2023-04-23T01:00:41.487+0200] {dagbag.py:532} INFO - Filling up the DagBag from /Users/siddalingkattimani/dbt_env/lib/python3.11/site-packages/airflow/example_dags/example_time_delta_sensor_async.py
[2023-04-23T01:00:41.507+0200] {processor.py:753} INFO - DAG(s) dict_keys(['example_time_delta_sensor_async']) retrieved from /Users/siddalingkattimani/dbt_env/lib/python3.11/site-packages/airflow/example_dags/example_time_delta_sensor_async.py
[2023-04-23T01:00:42.242+0200] {logging_mixin.py:137} INFO - [2023-04-23T01:00:42.242+0200] {dag.py:2705} INFO - Sync 1 DAGs
[2023-04-23T01:00:42.257+0200] {logging_mixin.py:137} INFO - [2023-04-23T01:00:42.257+0200] {dag.py:3452} INFO - Setting next_dagrun for example_time_delta_sensor_async to None, run_after=None
[2023-04-23T01:00:42.273+0200] {processor.py:175} INFO - Processing /Users/siddalingkattimani/dbt_env/lib/python3.11/site-packages/airflow/example_dags/example_time_delta_sensor_async.py took 0.791 seconds
[2023-04-23T01:03:00.491+0200] {processor.py:153} INFO - Started process (PID=47231) to work on /Users/siddalingkattimani/dbt_env/lib/python3.11/site-packages/airflow/example_dags/example_time_delta_sensor_async.py
[2023-04-23T01:03:00.496+0200] {processor.py:743} INFO - Processing file /Users/siddalingkattimani/dbt_env/lib/python3.11/site-packages/airflow/example_dags/example_time_delta_sensor_async.py for tasks to queue
[2023-04-23T01:03:00.497+0200] {logging_mixin.py:137} INFO - [2023-04-23T01:03:00.497+0200] {dagbag.py:532} INFO - Filling up the DagBag from /Users/siddalingkattimani/dbt_env/lib/python3.11/site-packages/airflow/example_dags/example_time_delta_sensor_async.py
[2023-04-23T01:03:00.538+0200] {processor.py:753} INFO - DAG(s) dict_keys(['example_time_delta_sensor_async']) retrieved from /Users/siddalingkattimani/dbt_env/lib/python3.11/site-packages/airflow/example_dags/example_time_delta_sensor_async.py
[2023-04-23T01:03:01.251+0200] {logging_mixin.py:137} INFO - [2023-04-23T01:03:01.250+0200] {dag.py:2705} INFO - Sync 1 DAGs
[2023-04-23T01:03:01.266+0200] {logging_mixin.py:137} INFO - [2023-04-23T01:03:01.266+0200] {dag.py:3452} INFO - Setting next_dagrun for example_time_delta_sensor_async to None, run_after=None
[2023-04-23T01:03:01.283+0200] {processor.py:175} INFO - Processing /Users/siddalingkattimani/dbt_env/lib/python3.11/site-packages/airflow/example_dags/example_time_delta_sensor_async.py took 0.792 seconds
[2023-04-23T01:04:59.631+0200] {processor.py:153} INFO - Started process (PID=47279) to work on /Users/siddalingkattimani/dbt_env/lib/python3.11/site-packages/airflow/example_dags/example_time_delta_sensor_async.py
[2023-04-23T01:04:59.634+0200] {processor.py:743} INFO - Processing file /Users/siddalingkattimani/dbt_env/lib/python3.11/site-packages/airflow/example_dags/example_time_delta_sensor_async.py for tasks to queue
[2023-04-23T01:04:59.634+0200] {logging_mixin.py:137} INFO - [2023-04-23T01:04:59.634+0200] {dagbag.py:532} INFO - Filling up the DagBag from /Users/siddalingkattimani/dbt_env/lib/python3.11/site-packages/airflow/example_dags/example_time_delta_sensor_async.py
[2023-04-23T01:04:59.652+0200] {processor.py:753} INFO - DAG(s) dict_keys(['example_time_delta_sensor_async']) retrieved from /Users/siddalingkattimani/dbt_env/lib/python3.11/site-packages/airflow/example_dags/example_time_delta_sensor_async.py
[2023-04-23T01:05:00.387+0200] {logging_mixin.py:137} INFO - [2023-04-23T01:05:00.386+0200] {dag.py:2705} INFO - Sync 1 DAGs
[2023-04-23T01:05:00.401+0200] {logging_mixin.py:137} INFO - [2023-04-23T01:05:00.400+0200] {dag.py:3452} INFO - Setting next_dagrun for example_time_delta_sensor_async to None, run_after=None
[2023-04-23T01:05:00.418+0200] {processor.py:175} INFO - Processing /Users/siddalingkattimani/dbt_env/lib/python3.11/site-packages/airflow/example_dags/example_time_delta_sensor_async.py took 0.788 seconds
[2023-04-23T01:07:29.488+0200] {processor.py:153} INFO - Started process (PID=47414) to work on /Users/siddalingkattimani/dbt_env/lib/python3.11/site-packages/airflow/example_dags/example_time_delta_sensor_async.py
[2023-04-23T01:07:29.495+0200] {processor.py:743} INFO - Processing file /Users/siddalingkattimani/dbt_env/lib/python3.11/site-packages/airflow/example_dags/example_time_delta_sensor_async.py for tasks to queue
[2023-04-23T01:07:29.496+0200] {logging_mixin.py:137} INFO - [2023-04-23T01:07:29.495+0200] {dagbag.py:532} INFO - Filling up the DagBag from /Users/siddalingkattimani/dbt_env/lib/python3.11/site-packages/airflow/example_dags/example_time_delta_sensor_async.py
[2023-04-23T01:07:29.522+0200] {processor.py:753} INFO - DAG(s) dict_keys(['example_time_delta_sensor_async']) retrieved from /Users/siddalingkattimani/dbt_env/lib/python3.11/site-packages/airflow/example_dags/example_time_delta_sensor_async.py
[2023-04-23T01:07:30.467+0200] {logging_mixin.py:137} INFO - [2023-04-23T01:07:30.467+0200] {dag.py:2705} INFO - Sync 1 DAGs
[2023-04-23T01:07:30.491+0200] {logging_mixin.py:137} INFO - [2023-04-23T01:07:30.491+0200] {dag.py:3452} INFO - Setting next_dagrun for example_time_delta_sensor_async to None, run_after=None
[2023-04-23T01:07:30.526+0200] {processor.py:175} INFO - Processing /Users/siddalingkattimani/dbt_env/lib/python3.11/site-packages/airflow/example_dags/example_time_delta_sensor_async.py took 1.038 seconds
[2023-04-23T01:10:02.779+0200] {processor.py:153} INFO - Started process (PID=47637) to work on /Users/siddalingkattimani/dbt_env/lib/python3.11/site-packages/airflow/example_dags/example_time_delta_sensor_async.py
[2023-04-23T01:10:02.783+0200] {processor.py:743} INFO - Processing file /Users/siddalingkattimani/dbt_env/lib/python3.11/site-packages/airflow/example_dags/example_time_delta_sensor_async.py for tasks to queue
[2023-04-23T01:10:02.784+0200] {logging_mixin.py:137} INFO - [2023-04-23T01:10:02.784+0200] {dagbag.py:532} INFO - Filling up the DagBag from /Users/siddalingkattimani/dbt_env/lib/python3.11/site-packages/airflow/example_dags/example_time_delta_sensor_async.py
[2023-04-23T01:10:02.810+0200] {processor.py:753} INFO - DAG(s) dict_keys(['example_time_delta_sensor_async']) retrieved from /Users/siddalingkattimani/dbt_env/lib/python3.11/site-packages/airflow/example_dags/example_time_delta_sensor_async.py
[2023-04-23T01:10:03.826+0200] {logging_mixin.py:137} INFO - [2023-04-23T01:10:03.826+0200] {dag.py:2705} INFO - Sync 1 DAGs
[2023-04-23T01:10:03.846+0200] {logging_mixin.py:137} INFO - [2023-04-23T01:10:03.845+0200] {dag.py:3452} INFO - Setting next_dagrun for example_time_delta_sensor_async to None, run_after=None
[2023-04-23T01:10:03.868+0200] {processor.py:175} INFO - Processing /Users/siddalingkattimani/dbt_env/lib/python3.11/site-packages/airflow/example_dags/example_time_delta_sensor_async.py took 1.090 seconds
[2023-04-23T01:12:16.874+0200] {processor.py:153} INFO - Started process (PID=47683) to work on /Users/siddalingkattimani/dbt_env/lib/python3.11/site-packages/airflow/example_dags/example_time_delta_sensor_async.py
[2023-04-23T01:12:16.878+0200] {processor.py:743} INFO - Processing file /Users/siddalingkattimani/dbt_env/lib/python3.11/site-packages/airflow/example_dags/example_time_delta_sensor_async.py for tasks to queue
[2023-04-23T01:12:16.879+0200] {logging_mixin.py:137} INFO - [2023-04-23T01:12:16.879+0200] {dagbag.py:532} INFO - Filling up the DagBag from /Users/siddalingkattimani/dbt_env/lib/python3.11/site-packages/airflow/example_dags/example_time_delta_sensor_async.py
[2023-04-23T01:12:16.898+0200] {processor.py:753} INFO - DAG(s) dict_keys(['example_time_delta_sensor_async']) retrieved from /Users/siddalingkattimani/dbt_env/lib/python3.11/site-packages/airflow/example_dags/example_time_delta_sensor_async.py
[2023-04-23T01:12:17.839+0200] {logging_mixin.py:137} INFO - [2023-04-23T01:12:17.839+0200] {dag.py:2705} INFO - Sync 1 DAGs
[2023-04-23T01:12:17.877+0200] {logging_mixin.py:137} INFO - [2023-04-23T01:12:17.877+0200] {dag.py:3452} INFO - Setting next_dagrun for example_time_delta_sensor_async to None, run_after=None
[2023-04-23T01:12:17.928+0200] {processor.py:175} INFO - Processing /Users/siddalingkattimani/dbt_env/lib/python3.11/site-packages/airflow/example_dags/example_time_delta_sensor_async.py took 1.054 seconds
[2023-04-23T01:14:15.449+0200] {processor.py:153} INFO - Started process (PID=47730) to work on /Users/siddalingkattimani/dbt_env/lib/python3.11/site-packages/airflow/example_dags/example_time_delta_sensor_async.py
[2023-04-23T01:14:15.452+0200] {processor.py:743} INFO - Processing file /Users/siddalingkattimani/dbt_env/lib/python3.11/site-packages/airflow/example_dags/example_time_delta_sensor_async.py for tasks to queue
[2023-04-23T01:14:15.452+0200] {logging_mixin.py:137} INFO - [2023-04-23T01:14:15.452+0200] {dagbag.py:532} INFO - Filling up the DagBag from /Users/siddalingkattimani/dbt_env/lib/python3.11/site-packages/airflow/example_dags/example_time_delta_sensor_async.py
[2023-04-23T01:14:15.472+0200] {processor.py:753} INFO - DAG(s) dict_keys(['example_time_delta_sensor_async']) retrieved from /Users/siddalingkattimani/dbt_env/lib/python3.11/site-packages/airflow/example_dags/example_time_delta_sensor_async.py
[2023-04-23T01:14:16.209+0200] {logging_mixin.py:137} INFO - [2023-04-23T01:14:16.208+0200] {dag.py:2705} INFO - Sync 1 DAGs
[2023-04-23T01:14:16.221+0200] {logging_mixin.py:137} INFO - [2023-04-23T01:14:16.221+0200] {dag.py:3452} INFO - Setting next_dagrun for example_time_delta_sensor_async to None, run_after=None
[2023-04-23T01:14:16.241+0200] {processor.py:175} INFO - Processing /Users/siddalingkattimani/dbt_env/lib/python3.11/site-packages/airflow/example_dags/example_time_delta_sensor_async.py took 0.793 seconds
[2023-04-23T01:16:23.011+0200] {processor.py:153} INFO - Started process (PID=47777) to work on /Users/siddalingkattimani/dbt_env/lib/python3.11/site-packages/airflow/example_dags/example_time_delta_sensor_async.py
[2023-04-23T01:16:23.014+0200] {processor.py:743} INFO - Processing file /Users/siddalingkattimani/dbt_env/lib/python3.11/site-packages/airflow/example_dags/example_time_delta_sensor_async.py for tasks to queue
[2023-04-23T01:16:23.015+0200] {logging_mixin.py:137} INFO - [2023-04-23T01:16:23.015+0200] {dagbag.py:532} INFO - Filling up the DagBag from /Users/siddalingkattimani/dbt_env/lib/python3.11/site-packages/airflow/example_dags/example_time_delta_sensor_async.py
[2023-04-23T01:16:23.035+0200] {processor.py:753} INFO - DAG(s) dict_keys(['example_time_delta_sensor_async']) retrieved from /Users/siddalingkattimani/dbt_env/lib/python3.11/site-packages/airflow/example_dags/example_time_delta_sensor_async.py
[2023-04-23T01:16:23.742+0200] {logging_mixin.py:137} INFO - [2023-04-23T01:16:23.741+0200] {dag.py:2705} INFO - Sync 1 DAGs
[2023-04-23T01:16:23.756+0200] {logging_mixin.py:137} INFO - [2023-04-23T01:16:23.756+0200] {dag.py:3452} INFO - Setting next_dagrun for example_time_delta_sensor_async to None, run_after=None
[2023-04-23T01:16:23.775+0200] {processor.py:175} INFO - Processing /Users/siddalingkattimani/dbt_env/lib/python3.11/site-packages/airflow/example_dags/example_time_delta_sensor_async.py took 0.764 seconds
[2023-04-23T01:18:24.625+0200] {processor.py:153} INFO - Started process (PID=47822) to work on /Users/siddalingkattimani/dbt_env/lib/python3.11/site-packages/airflow/example_dags/example_time_delta_sensor_async.py
[2023-04-23T01:18:24.629+0200] {processor.py:743} INFO - Processing file /Users/siddalingkattimani/dbt_env/lib/python3.11/site-packages/airflow/example_dags/example_time_delta_sensor_async.py for tasks to queue
[2023-04-23T01:18:24.630+0200] {logging_mixin.py:137} INFO - [2023-04-23T01:18:24.630+0200] {dagbag.py:532} INFO - Filling up the DagBag from /Users/siddalingkattimani/dbt_env/lib/python3.11/site-packages/airflow/example_dags/example_time_delta_sensor_async.py
[2023-04-23T01:18:24.657+0200] {processor.py:753} INFO - DAG(s) dict_keys(['example_time_delta_sensor_async']) retrieved from /Users/siddalingkattimani/dbt_env/lib/python3.11/site-packages/airflow/example_dags/example_time_delta_sensor_async.py
[2023-04-23T01:18:25.424+0200] {logging_mixin.py:137} INFO - [2023-04-23T01:18:25.424+0200] {dag.py:2705} INFO - Sync 1 DAGs
[2023-04-23T01:18:25.437+0200] {logging_mixin.py:137} INFO - [2023-04-23T01:18:25.437+0200] {dag.py:3452} INFO - Setting next_dagrun for example_time_delta_sensor_async to None, run_after=None
[2023-04-23T01:18:25.454+0200] {processor.py:175} INFO - Processing /Users/siddalingkattimani/dbt_env/lib/python3.11/site-packages/airflow/example_dags/example_time_delta_sensor_async.py took 0.829 seconds
[2023-04-23T01:20:29.626+0200] {processor.py:153} INFO - Started process (PID=47867) to work on /Users/siddalingkattimani/dbt_env/lib/python3.11/site-packages/airflow/example_dags/example_time_delta_sensor_async.py
[2023-04-23T01:20:29.630+0200] {processor.py:743} INFO - Processing file /Users/siddalingkattimani/dbt_env/lib/python3.11/site-packages/airflow/example_dags/example_time_delta_sensor_async.py for tasks to queue
[2023-04-23T01:20:29.630+0200] {logging_mixin.py:137} INFO - [2023-04-23T01:20:29.630+0200] {dagbag.py:532} INFO - Filling up the DagBag from /Users/siddalingkattimani/dbt_env/lib/python3.11/site-packages/airflow/example_dags/example_time_delta_sensor_async.py
[2023-04-23T01:20:29.652+0200] {processor.py:753} INFO - DAG(s) dict_keys(['example_time_delta_sensor_async']) retrieved from /Users/siddalingkattimani/dbt_env/lib/python3.11/site-packages/airflow/example_dags/example_time_delta_sensor_async.py
[2023-04-23T01:20:30.463+0200] {logging_mixin.py:137} INFO - [2023-04-23T01:20:30.463+0200] {dag.py:2705} INFO - Sync 1 DAGs
[2023-04-23T01:20:30.478+0200] {logging_mixin.py:137} INFO - [2023-04-23T01:20:30.478+0200] {dag.py:3452} INFO - Setting next_dagrun for example_time_delta_sensor_async to None, run_after=None
[2023-04-23T01:20:30.496+0200] {processor.py:175} INFO - Processing /Users/siddalingkattimani/dbt_env/lib/python3.11/site-packages/airflow/example_dags/example_time_delta_sensor_async.py took 0.871 seconds
[2023-04-23T01:22:33.574+0200] {processor.py:153} INFO - Started process (PID=47914) to work on /Users/siddalingkattimani/dbt_env/lib/python3.11/site-packages/airflow/example_dags/example_time_delta_sensor_async.py
[2023-04-23T01:22:33.577+0200] {processor.py:743} INFO - Processing file /Users/siddalingkattimani/dbt_env/lib/python3.11/site-packages/airflow/example_dags/example_time_delta_sensor_async.py for tasks to queue
[2023-04-23T01:22:33.577+0200] {logging_mixin.py:137} INFO - [2023-04-23T01:22:33.577+0200] {dagbag.py:532} INFO - Filling up the DagBag from /Users/siddalingkattimani/dbt_env/lib/python3.11/site-packages/airflow/example_dags/example_time_delta_sensor_async.py
[2023-04-23T01:22:33.596+0200] {processor.py:753} INFO - DAG(s) dict_keys(['example_time_delta_sensor_async']) retrieved from /Users/siddalingkattimani/dbt_env/lib/python3.11/site-packages/airflow/example_dags/example_time_delta_sensor_async.py
[2023-04-23T01:22:34.295+0200] {logging_mixin.py:137} INFO - [2023-04-23T01:22:34.294+0200] {dag.py:2705} INFO - Sync 1 DAGs
[2023-04-23T01:22:34.308+0200] {logging_mixin.py:137} INFO - [2023-04-23T01:22:34.308+0200] {dag.py:3452} INFO - Setting next_dagrun for example_time_delta_sensor_async to None, run_after=None
[2023-04-23T01:22:34.326+0200] {processor.py:175} INFO - Processing /Users/siddalingkattimani/dbt_env/lib/python3.11/site-packages/airflow/example_dags/example_time_delta_sensor_async.py took 0.753 seconds
[2023-04-23T01:24:31.431+0200] {processor.py:153} INFO - Started process (PID=47966) to work on /Users/siddalingkattimani/dbt_env/lib/python3.11/site-packages/airflow/example_dags/example_time_delta_sensor_async.py
[2023-04-23T01:24:31.436+0200] {processor.py:743} INFO - Processing file /Users/siddalingkattimani/dbt_env/lib/python3.11/site-packages/airflow/example_dags/example_time_delta_sensor_async.py for tasks to queue
[2023-04-23T01:24:31.437+0200] {logging_mixin.py:137} INFO - [2023-04-23T01:24:31.437+0200] {dagbag.py:532} INFO - Filling up the DagBag from /Users/siddalingkattimani/dbt_env/lib/python3.11/site-packages/airflow/example_dags/example_time_delta_sensor_async.py
[2023-04-23T01:24:31.466+0200] {processor.py:753} INFO - DAG(s) dict_keys(['example_time_delta_sensor_async']) retrieved from /Users/siddalingkattimani/dbt_env/lib/python3.11/site-packages/airflow/example_dags/example_time_delta_sensor_async.py
[2023-04-23T01:24:32.354+0200] {logging_mixin.py:137} INFO - [2023-04-23T01:24:32.353+0200] {dag.py:2705} INFO - Sync 1 DAGs
[2023-04-23T01:24:32.371+0200] {logging_mixin.py:137} INFO - [2023-04-23T01:24:32.371+0200] {dag.py:3452} INFO - Setting next_dagrun for example_time_delta_sensor_async to None, run_after=None
[2023-04-23T01:24:32.393+0200] {processor.py:175} INFO - Processing /Users/siddalingkattimani/dbt_env/lib/python3.11/site-packages/airflow/example_dags/example_time_delta_sensor_async.py took 0.963 seconds
[2023-04-23T01:26:31.970+0200] {processor.py:153} INFO - Started process (PID=48031) to work on /Users/siddalingkattimani/dbt_env/lib/python3.11/site-packages/airflow/example_dags/example_time_delta_sensor_async.py
[2023-04-23T01:26:31.973+0200] {processor.py:743} INFO - Processing file /Users/siddalingkattimani/dbt_env/lib/python3.11/site-packages/airflow/example_dags/example_time_delta_sensor_async.py for tasks to queue
[2023-04-23T01:26:31.973+0200] {logging_mixin.py:137} INFO - [2023-04-23T01:26:31.973+0200] {dagbag.py:532} INFO - Filling up the DagBag from /Users/siddalingkattimani/dbt_env/lib/python3.11/site-packages/airflow/example_dags/example_time_delta_sensor_async.py
[2023-04-23T01:26:31.993+0200] {processor.py:753} INFO - DAG(s) dict_keys(['example_time_delta_sensor_async']) retrieved from /Users/siddalingkattimani/dbt_env/lib/python3.11/site-packages/airflow/example_dags/example_time_delta_sensor_async.py
[2023-04-23T01:26:32.711+0200] {logging_mixin.py:137} INFO - [2023-04-23T01:26:32.710+0200] {dag.py:2705} INFO - Sync 1 DAGs
[2023-04-23T01:26:32.723+0200] {logging_mixin.py:137} INFO - [2023-04-23T01:26:32.723+0200] {dag.py:3452} INFO - Setting next_dagrun for example_time_delta_sensor_async to None, run_after=None
[2023-04-23T01:26:32.739+0200] {processor.py:175} INFO - Processing /Users/siddalingkattimani/dbt_env/lib/python3.11/site-packages/airflow/example_dags/example_time_delta_sensor_async.py took 0.770 seconds
[2023-04-23T01:28:38.973+0200] {processor.py:153} INFO - Started process (PID=48077) to work on /Users/siddalingkattimani/dbt_env/lib/python3.11/site-packages/airflow/example_dags/example_time_delta_sensor_async.py
[2023-04-23T01:28:38.977+0200] {processor.py:743} INFO - Processing file /Users/siddalingkattimani/dbt_env/lib/python3.11/site-packages/airflow/example_dags/example_time_delta_sensor_async.py for tasks to queue
[2023-04-23T01:28:38.977+0200] {logging_mixin.py:137} INFO - [2023-04-23T01:28:38.977+0200] {dagbag.py:532} INFO - Filling up the DagBag from /Users/siddalingkattimani/dbt_env/lib/python3.11/site-packages/airflow/example_dags/example_time_delta_sensor_async.py
[2023-04-23T01:28:38.998+0200] {processor.py:753} INFO - DAG(s) dict_keys(['example_time_delta_sensor_async']) retrieved from /Users/siddalingkattimani/dbt_env/lib/python3.11/site-packages/airflow/example_dags/example_time_delta_sensor_async.py
[2023-04-23T01:28:39.882+0200] {logging_mixin.py:137} INFO - [2023-04-23T01:28:39.882+0200] {dag.py:2705} INFO - Sync 1 DAGs
[2023-04-23T01:28:39.902+0200] {logging_mixin.py:137} INFO - [2023-04-23T01:28:39.902+0200] {dag.py:3452} INFO - Setting next_dagrun for example_time_delta_sensor_async to None, run_after=None
[2023-04-23T01:28:39.923+0200] {processor.py:175} INFO - Processing /Users/siddalingkattimani/dbt_env/lib/python3.11/site-packages/airflow/example_dags/example_time_delta_sensor_async.py took 0.951 seconds
[2023-04-23T01:30:40.025+0200] {processor.py:153} INFO - Started process (PID=48125) to work on /Users/siddalingkattimani/dbt_env/lib/python3.11/site-packages/airflow/example_dags/example_time_delta_sensor_async.py
[2023-04-23T01:30:40.030+0200] {processor.py:743} INFO - Processing file /Users/siddalingkattimani/dbt_env/lib/python3.11/site-packages/airflow/example_dags/example_time_delta_sensor_async.py for tasks to queue
[2023-04-23T01:30:40.030+0200] {logging_mixin.py:137} INFO - [2023-04-23T01:30:40.030+0200] {dagbag.py:532} INFO - Filling up the DagBag from /Users/siddalingkattimani/dbt_env/lib/python3.11/site-packages/airflow/example_dags/example_time_delta_sensor_async.py
[2023-04-23T01:30:40.051+0200] {processor.py:753} INFO - DAG(s) dict_keys(['example_time_delta_sensor_async']) retrieved from /Users/siddalingkattimani/dbt_env/lib/python3.11/site-packages/airflow/example_dags/example_time_delta_sensor_async.py
[2023-04-23T01:30:40.754+0200] {logging_mixin.py:137} INFO - [2023-04-23T01:30:40.754+0200] {dag.py:2705} INFO - Sync 1 DAGs
[2023-04-23T01:30:40.767+0200] {logging_mixin.py:137} INFO - [2023-04-23T01:30:40.767+0200] {dag.py:3452} INFO - Setting next_dagrun for example_time_delta_sensor_async to None, run_after=None
[2023-04-23T01:30:40.785+0200] {processor.py:175} INFO - Processing /Users/siddalingkattimani/dbt_env/lib/python3.11/site-packages/airflow/example_dags/example_time_delta_sensor_async.py took 0.761 seconds
[2023-04-23T01:32:43.049+0200] {processor.py:153} INFO - Started process (PID=48174) to work on /Users/siddalingkattimani/dbt_env/lib/python3.11/site-packages/airflow/example_dags/example_time_delta_sensor_async.py
[2023-04-23T01:32:43.053+0200] {processor.py:743} INFO - Processing file /Users/siddalingkattimani/dbt_env/lib/python3.11/site-packages/airflow/example_dags/example_time_delta_sensor_async.py for tasks to queue
[2023-04-23T01:32:43.054+0200] {logging_mixin.py:137} INFO - [2023-04-23T01:32:43.054+0200] {dagbag.py:532} INFO - Filling up the DagBag from /Users/siddalingkattimani/dbt_env/lib/python3.11/site-packages/airflow/example_dags/example_time_delta_sensor_async.py
[2023-04-23T01:32:43.075+0200] {processor.py:753} INFO - DAG(s) dict_keys(['example_time_delta_sensor_async']) retrieved from /Users/siddalingkattimani/dbt_env/lib/python3.11/site-packages/airflow/example_dags/example_time_delta_sensor_async.py
[2023-04-23T01:32:43.806+0200] {logging_mixin.py:137} INFO - [2023-04-23T01:32:43.806+0200] {dag.py:2705} INFO - Sync 1 DAGs
[2023-04-23T01:32:43.820+0200] {logging_mixin.py:137} INFO - [2023-04-23T01:32:43.820+0200] {dag.py:3452} INFO - Setting next_dagrun for example_time_delta_sensor_async to None, run_after=None
[2023-04-23T01:32:43.839+0200] {processor.py:175} INFO - Processing /Users/siddalingkattimani/dbt_env/lib/python3.11/site-packages/airflow/example_dags/example_time_delta_sensor_async.py took 0.790 seconds
[2023-04-23T01:34:50.563+0200] {processor.py:153} INFO - Started process (PID=48223) to work on /Users/siddalingkattimani/dbt_env/lib/python3.11/site-packages/airflow/example_dags/example_time_delta_sensor_async.py
[2023-04-23T01:34:50.566+0200] {processor.py:743} INFO - Processing file /Users/siddalingkattimani/dbt_env/lib/python3.11/site-packages/airflow/example_dags/example_time_delta_sensor_async.py for tasks to queue
[2023-04-23T01:34:50.566+0200] {logging_mixin.py:137} INFO - [2023-04-23T01:34:50.566+0200] {dagbag.py:532} INFO - Filling up the DagBag from /Users/siddalingkattimani/dbt_env/lib/python3.11/site-packages/airflow/example_dags/example_time_delta_sensor_async.py
[2023-04-23T01:34:50.587+0200] {processor.py:753} INFO - DAG(s) dict_keys(['example_time_delta_sensor_async']) retrieved from /Users/siddalingkattimani/dbt_env/lib/python3.11/site-packages/airflow/example_dags/example_time_delta_sensor_async.py
[2023-04-23T01:34:51.331+0200] {logging_mixin.py:137} INFO - [2023-04-23T01:34:51.331+0200] {dag.py:2705} INFO - Sync 1 DAGs
[2023-04-23T01:34:51.343+0200] {logging_mixin.py:137} INFO - [2023-04-23T01:34:51.343+0200] {dag.py:3452} INFO - Setting next_dagrun for example_time_delta_sensor_async to None, run_after=None
[2023-04-23T01:34:51.360+0200] {processor.py:175} INFO - Processing /Users/siddalingkattimani/dbt_env/lib/python3.11/site-packages/airflow/example_dags/example_time_delta_sensor_async.py took 0.798 seconds
