[2023-04-23T00:44:39.705+0200] {processor.py:153} INFO - Started process (PID=46781) to work on /Users/siddalingkattimani/dbt_env/lib/python3.11/site-packages/airflow/example_dags/example_python_operator.py
[2023-04-23T00:44:39.708+0200] {processor.py:743} INFO - Processing file /Users/siddalingkattimani/dbt_env/lib/python3.11/site-packages/airflow/example_dags/example_python_operator.py for tasks to queue
[2023-04-23T00:44:39.709+0200] {logging_mixin.py:137} INFO - [2023-04-23T00:44:39.708+0200] {dagbag.py:532} INFO - Filling up the DagBag from /Users/siddalingkattimani/dbt_env/lib/python3.11/site-packages/airflow/example_dags/example_python_operator.py
[2023-04-23T00:44:39.739+0200] {logging_mixin.py:137} INFO - [2023-04-23T00:44:39.739+0200] {taskmixin.py:211} WARNING - Dependency <Task(_PythonDecoratedOperator): print_the_context>, log_sql_query already registered for DAG: example_python_operator
[2023-04-23T00:44:39.740+0200] {logging_mixin.py:137} INFO - [2023-04-23T00:44:39.740+0200] {taskmixin.py:211} WARNING - Dependency <Task(_PythonDecoratedOperator): log_sql_query>, print_the_context already registered for DAG: example_python_operator
[2023-04-23T00:44:39.740+0200] {logging_mixin.py:137} INFO - [2023-04-23T00:44:39.740+0200] {taskmixin.py:211} WARNING - Dependency <Task(_PythonDecoratedOperator): print_the_context>, log_sql_query already registered for DAG: example_python_operator
[2023-04-23T00:44:39.740+0200] {logging_mixin.py:137} INFO - [2023-04-23T00:44:39.740+0200] {taskmixin.py:211} WARNING - Dependency <Task(_PythonDecoratedOperator): log_sql_query>, print_the_context already registered for DAG: example_python_operator
[2023-04-23T00:44:39.741+0200] {logging_mixin.py:137} INFO - [2023-04-23T00:44:39.741+0200] {taskmixin.py:211} WARNING - Dependency <Task(_PythonDecoratedOperator): print_the_context>, log_sql_query already registered for DAG: example_python_operator
[2023-04-23T00:44:39.741+0200] {logging_mixin.py:137} INFO - [2023-04-23T00:44:39.741+0200] {taskmixin.py:211} WARNING - Dependency <Task(_PythonDecoratedOperator): log_sql_query>, print_the_context already registered for DAG: example_python_operator
[2023-04-23T00:44:39.741+0200] {logging_mixin.py:137} INFO - [2023-04-23T00:44:39.741+0200] {taskmixin.py:211} WARNING - Dependency <Task(_PythonDecoratedOperator): print_the_context>, log_sql_query already registered for DAG: example_python_operator
[2023-04-23T00:44:39.741+0200] {logging_mixin.py:137} INFO - [2023-04-23T00:44:39.741+0200] {taskmixin.py:211} WARNING - Dependency <Task(_PythonDecoratedOperator): log_sql_query>, print_the_context already registered for DAG: example_python_operator
[2023-04-23T00:44:39.747+0200] {processor.py:753} INFO - DAG(s) dict_keys(['example_python_operator']) retrieved from /Users/siddalingkattimani/dbt_env/lib/python3.11/site-packages/airflow/example_dags/example_python_operator.py
[2023-04-23T00:44:40.433+0200] {logging_mixin.py:137} INFO - [2023-04-23T00:44:40.433+0200] {manager.py:504} INFO - Created Permission View: can delete on DAG:example_python_operator
[2023-04-23T00:44:40.440+0200] {logging_mixin.py:137} INFO - [2023-04-23T00:44:40.440+0200] {manager.py:504} INFO - Created Permission View: can read on DAG:example_python_operator
[2023-04-23T00:44:40.446+0200] {logging_mixin.py:137} INFO - [2023-04-23T00:44:40.446+0200] {manager.py:504} INFO - Created Permission View: can edit on DAG:example_python_operator
[2023-04-23T00:44:40.447+0200] {logging_mixin.py:137} INFO - [2023-04-23T00:44:40.446+0200] {dag.py:2705} INFO - Sync 1 DAGs
[2023-04-23T00:44:40.455+0200] {logging_mixin.py:137} INFO - [2023-04-23T00:44:40.455+0200] {dag.py:2726} INFO - Creating ORM DAG for example_python_operator
[2023-04-23T00:44:40.462+0200] {logging_mixin.py:137} INFO - [2023-04-23T00:44:40.462+0200] {dag.py:3452} INFO - Setting next_dagrun for example_python_operator to None, run_after=None
[2023-04-23T00:44:40.478+0200] {processor.py:175} INFO - Processing /Users/siddalingkattimani/dbt_env/lib/python3.11/site-packages/airflow/example_dags/example_python_operator.py took 0.773 seconds
[2023-04-23T00:46:37.769+0200] {processor.py:153} INFO - Started process (PID=46826) to work on /Users/siddalingkattimani/dbt_env/lib/python3.11/site-packages/airflow/example_dags/example_python_operator.py
[2023-04-23T00:46:37.773+0200] {processor.py:743} INFO - Processing file /Users/siddalingkattimani/dbt_env/lib/python3.11/site-packages/airflow/example_dags/example_python_operator.py for tasks to queue
[2023-04-23T00:46:37.773+0200] {logging_mixin.py:137} INFO - [2023-04-23T00:46:37.773+0200] {dagbag.py:532} INFO - Filling up the DagBag from /Users/siddalingkattimani/dbt_env/lib/python3.11/site-packages/airflow/example_dags/example_python_operator.py
[2023-04-23T00:46:37.824+0200] {logging_mixin.py:137} INFO - [2023-04-23T00:46:37.823+0200] {taskmixin.py:211} WARNING - Dependency <Task(_PythonDecoratedOperator): print_the_context>, log_sql_query already registered for DAG: example_python_operator
[2023-04-23T00:46:37.824+0200] {logging_mixin.py:137} INFO - [2023-04-23T00:46:37.824+0200] {taskmixin.py:211} WARNING - Dependency <Task(_PythonDecoratedOperator): log_sql_query>, print_the_context already registered for DAG: example_python_operator
[2023-04-23T00:46:37.824+0200] {logging_mixin.py:137} INFO - [2023-04-23T00:46:37.824+0200] {taskmixin.py:211} WARNING - Dependency <Task(_PythonDecoratedOperator): print_the_context>, log_sql_query already registered for DAG: example_python_operator
[2023-04-23T00:46:37.825+0200] {logging_mixin.py:137} INFO - [2023-04-23T00:46:37.824+0200] {taskmixin.py:211} WARNING - Dependency <Task(_PythonDecoratedOperator): log_sql_query>, print_the_context already registered for DAG: example_python_operator
[2023-04-23T00:46:37.825+0200] {logging_mixin.py:137} INFO - [2023-04-23T00:46:37.825+0200] {taskmixin.py:211} WARNING - Dependency <Task(_PythonDecoratedOperator): print_the_context>, log_sql_query already registered for DAG: example_python_operator
[2023-04-23T00:46:37.825+0200] {logging_mixin.py:137} INFO - [2023-04-23T00:46:37.825+0200] {taskmixin.py:211} WARNING - Dependency <Task(_PythonDecoratedOperator): log_sql_query>, print_the_context already registered for DAG: example_python_operator
[2023-04-23T00:46:37.826+0200] {logging_mixin.py:137} INFO - [2023-04-23T00:46:37.825+0200] {taskmixin.py:211} WARNING - Dependency <Task(_PythonDecoratedOperator): print_the_context>, log_sql_query already registered for DAG: example_python_operator
[2023-04-23T00:46:37.826+0200] {logging_mixin.py:137} INFO - [2023-04-23T00:46:37.826+0200] {taskmixin.py:211} WARNING - Dependency <Task(_PythonDecoratedOperator): log_sql_query>, print_the_context already registered for DAG: example_python_operator
[2023-04-23T00:46:37.834+0200] {processor.py:753} INFO - DAG(s) dict_keys(['example_python_operator']) retrieved from /Users/siddalingkattimani/dbt_env/lib/python3.11/site-packages/airflow/example_dags/example_python_operator.py
[2023-04-23T00:46:38.669+0200] {logging_mixin.py:137} INFO - [2023-04-23T00:46:38.668+0200] {dag.py:2705} INFO - Sync 1 DAGs
[2023-04-23T00:46:38.682+0200] {logging_mixin.py:137} INFO - [2023-04-23T00:46:38.682+0200] {dag.py:3452} INFO - Setting next_dagrun for example_python_operator to None, run_after=None
[2023-04-23T00:46:38.701+0200] {processor.py:175} INFO - Processing /Users/siddalingkattimani/dbt_env/lib/python3.11/site-packages/airflow/example_dags/example_python_operator.py took 0.933 seconds
[2023-04-23T00:48:41.232+0200] {processor.py:153} INFO - Started process (PID=46872) to work on /Users/siddalingkattimani/dbt_env/lib/python3.11/site-packages/airflow/example_dags/example_python_operator.py
[2023-04-23T00:48:41.235+0200] {processor.py:743} INFO - Processing file /Users/siddalingkattimani/dbt_env/lib/python3.11/site-packages/airflow/example_dags/example_python_operator.py for tasks to queue
[2023-04-23T00:48:41.235+0200] {logging_mixin.py:137} INFO - [2023-04-23T00:48:41.235+0200] {dagbag.py:532} INFO - Filling up the DagBag from /Users/siddalingkattimani/dbt_env/lib/python3.11/site-packages/airflow/example_dags/example_python_operator.py
[2023-04-23T00:48:41.268+0200] {logging_mixin.py:137} INFO - [2023-04-23T00:48:41.268+0200] {taskmixin.py:211} WARNING - Dependency <Task(_PythonDecoratedOperator): print_the_context>, log_sql_query already registered for DAG: example_python_operator
[2023-04-23T00:48:41.268+0200] {logging_mixin.py:137} INFO - [2023-04-23T00:48:41.268+0200] {taskmixin.py:211} WARNING - Dependency <Task(_PythonDecoratedOperator): log_sql_query>, print_the_context already registered for DAG: example_python_operator
[2023-04-23T00:48:41.269+0200] {logging_mixin.py:137} INFO - [2023-04-23T00:48:41.269+0200] {taskmixin.py:211} WARNING - Dependency <Task(_PythonDecoratedOperator): print_the_context>, log_sql_query already registered for DAG: example_python_operator
[2023-04-23T00:48:41.269+0200] {logging_mixin.py:137} INFO - [2023-04-23T00:48:41.269+0200] {taskmixin.py:211} WARNING - Dependency <Task(_PythonDecoratedOperator): log_sql_query>, print_the_context already registered for DAG: example_python_operator
[2023-04-23T00:48:41.269+0200] {logging_mixin.py:137} INFO - [2023-04-23T00:48:41.269+0200] {taskmixin.py:211} WARNING - Dependency <Task(_PythonDecoratedOperator): print_the_context>, log_sql_query already registered for DAG: example_python_operator
[2023-04-23T00:48:41.269+0200] {logging_mixin.py:137} INFO - [2023-04-23T00:48:41.269+0200] {taskmixin.py:211} WARNING - Dependency <Task(_PythonDecoratedOperator): log_sql_query>, print_the_context already registered for DAG: example_python_operator
[2023-04-23T00:48:41.270+0200] {logging_mixin.py:137} INFO - [2023-04-23T00:48:41.270+0200] {taskmixin.py:211} WARNING - Dependency <Task(_PythonDecoratedOperator): print_the_context>, log_sql_query already registered for DAG: example_python_operator
[2023-04-23T00:48:41.270+0200] {logging_mixin.py:137} INFO - [2023-04-23T00:48:41.270+0200] {taskmixin.py:211} WARNING - Dependency <Task(_PythonDecoratedOperator): log_sql_query>, print_the_context already registered for DAG: example_python_operator
[2023-04-23T00:48:41.277+0200] {processor.py:753} INFO - DAG(s) dict_keys(['example_python_operator']) retrieved from /Users/siddalingkattimani/dbt_env/lib/python3.11/site-packages/airflow/example_dags/example_python_operator.py
[2023-04-23T00:48:41.990+0200] {logging_mixin.py:137} INFO - [2023-04-23T00:48:41.990+0200] {dag.py:2705} INFO - Sync 1 DAGs
[2023-04-23T00:48:42.004+0200] {logging_mixin.py:137} INFO - [2023-04-23T00:48:42.004+0200] {dag.py:3452} INFO - Setting next_dagrun for example_python_operator to None, run_after=None
[2023-04-23T00:48:42.025+0200] {processor.py:175} INFO - Processing /Users/siddalingkattimani/dbt_env/lib/python3.11/site-packages/airflow/example_dags/example_python_operator.py took 0.794 seconds
[2023-04-23T00:50:41.425+0200] {processor.py:153} INFO - Started process (PID=46918) to work on /Users/siddalingkattimani/dbt_env/lib/python3.11/site-packages/airflow/example_dags/example_python_operator.py
[2023-04-23T00:50:41.429+0200] {processor.py:743} INFO - Processing file /Users/siddalingkattimani/dbt_env/lib/python3.11/site-packages/airflow/example_dags/example_python_operator.py for tasks to queue
[2023-04-23T00:50:41.430+0200] {logging_mixin.py:137} INFO - [2023-04-23T00:50:41.430+0200] {dagbag.py:532} INFO - Filling up the DagBag from /Users/siddalingkattimani/dbt_env/lib/python3.11/site-packages/airflow/example_dags/example_python_operator.py
[2023-04-23T00:50:41.471+0200] {logging_mixin.py:137} INFO - [2023-04-23T00:50:41.470+0200] {taskmixin.py:211} WARNING - Dependency <Task(_PythonDecoratedOperator): print_the_context>, log_sql_query already registered for DAG: example_python_operator
[2023-04-23T00:50:41.471+0200] {logging_mixin.py:137} INFO - [2023-04-23T00:50:41.471+0200] {taskmixin.py:211} WARNING - Dependency <Task(_PythonDecoratedOperator): log_sql_query>, print_the_context already registered for DAG: example_python_operator
[2023-04-23T00:50:41.473+0200] {logging_mixin.py:137} INFO - [2023-04-23T00:50:41.473+0200] {taskmixin.py:211} WARNING - Dependency <Task(_PythonDecoratedOperator): print_the_context>, log_sql_query already registered for DAG: example_python_operator
[2023-04-23T00:50:41.473+0200] {logging_mixin.py:137} INFO - [2023-04-23T00:50:41.473+0200] {taskmixin.py:211} WARNING - Dependency <Task(_PythonDecoratedOperator): log_sql_query>, print_the_context already registered for DAG: example_python_operator
[2023-04-23T00:50:41.474+0200] {logging_mixin.py:137} INFO - [2023-04-23T00:50:41.474+0200] {taskmixin.py:211} WARNING - Dependency <Task(_PythonDecoratedOperator): print_the_context>, log_sql_query already registered for DAG: example_python_operator
[2023-04-23T00:50:41.474+0200] {logging_mixin.py:137} INFO - [2023-04-23T00:50:41.474+0200] {taskmixin.py:211} WARNING - Dependency <Task(_PythonDecoratedOperator): log_sql_query>, print_the_context already registered for DAG: example_python_operator
[2023-04-23T00:50:41.474+0200] {logging_mixin.py:137} INFO - [2023-04-23T00:50:41.474+0200] {taskmixin.py:211} WARNING - Dependency <Task(_PythonDecoratedOperator): print_the_context>, log_sql_query already registered for DAG: example_python_operator
[2023-04-23T00:50:41.475+0200] {logging_mixin.py:137} INFO - [2023-04-23T00:50:41.474+0200] {taskmixin.py:211} WARNING - Dependency <Task(_PythonDecoratedOperator): log_sql_query>, print_the_context already registered for DAG: example_python_operator
[2023-04-23T00:50:41.482+0200] {processor.py:753} INFO - DAG(s) dict_keys(['example_python_operator']) retrieved from /Users/siddalingkattimani/dbt_env/lib/python3.11/site-packages/airflow/example_dags/example_python_operator.py
[2023-04-23T00:50:42.777+0200] {logging_mixin.py:137} INFO - [2023-04-23T00:50:42.776+0200] {dag.py:2705} INFO - Sync 1 DAGs
[2023-04-23T00:50:42.790+0200] {logging_mixin.py:137} INFO - [2023-04-23T00:50:42.790+0200] {dag.py:3452} INFO - Setting next_dagrun for example_python_operator to None, run_after=None
[2023-04-23T00:50:42.809+0200] {processor.py:175} INFO - Processing /Users/siddalingkattimani/dbt_env/lib/python3.11/site-packages/airflow/example_dags/example_python_operator.py took 1.384 seconds
[2023-04-23T00:52:54.145+0200] {processor.py:153} INFO - Started process (PID=46980) to work on /Users/siddalingkattimani/dbt_env/lib/python3.11/site-packages/airflow/example_dags/example_python_operator.py
[2023-04-23T00:52:54.148+0200] {processor.py:743} INFO - Processing file /Users/siddalingkattimani/dbt_env/lib/python3.11/site-packages/airflow/example_dags/example_python_operator.py for tasks to queue
[2023-04-23T00:52:54.149+0200] {logging_mixin.py:137} INFO - [2023-04-23T00:52:54.149+0200] {dagbag.py:532} INFO - Filling up the DagBag from /Users/siddalingkattimani/dbt_env/lib/python3.11/site-packages/airflow/example_dags/example_python_operator.py
[2023-04-23T00:52:54.186+0200] {logging_mixin.py:137} INFO - [2023-04-23T00:52:54.186+0200] {taskmixin.py:211} WARNING - Dependency <Task(_PythonDecoratedOperator): print_the_context>, log_sql_query already registered for DAG: example_python_operator
[2023-04-23T00:52:54.186+0200] {logging_mixin.py:137} INFO - [2023-04-23T00:52:54.186+0200] {taskmixin.py:211} WARNING - Dependency <Task(_PythonDecoratedOperator): log_sql_query>, print_the_context already registered for DAG: example_python_operator
[2023-04-23T00:52:54.187+0200] {logging_mixin.py:137} INFO - [2023-04-23T00:52:54.187+0200] {taskmixin.py:211} WARNING - Dependency <Task(_PythonDecoratedOperator): print_the_context>, log_sql_query already registered for DAG: example_python_operator
[2023-04-23T00:52:54.187+0200] {logging_mixin.py:137} INFO - [2023-04-23T00:52:54.187+0200] {taskmixin.py:211} WARNING - Dependency <Task(_PythonDecoratedOperator): log_sql_query>, print_the_context already registered for DAG: example_python_operator
[2023-04-23T00:52:54.187+0200] {logging_mixin.py:137} INFO - [2023-04-23T00:52:54.187+0200] {taskmixin.py:211} WARNING - Dependency <Task(_PythonDecoratedOperator): print_the_context>, log_sql_query already registered for DAG: example_python_operator
[2023-04-23T00:52:54.187+0200] {logging_mixin.py:137} INFO - [2023-04-23T00:52:54.187+0200] {taskmixin.py:211} WARNING - Dependency <Task(_PythonDecoratedOperator): log_sql_query>, print_the_context already registered for DAG: example_python_operator
[2023-04-23T00:52:54.188+0200] {logging_mixin.py:137} INFO - [2023-04-23T00:52:54.188+0200] {taskmixin.py:211} WARNING - Dependency <Task(_PythonDecoratedOperator): print_the_context>, log_sql_query already registered for DAG: example_python_operator
[2023-04-23T00:52:54.188+0200] {logging_mixin.py:137} INFO - [2023-04-23T00:52:54.188+0200] {taskmixin.py:211} WARNING - Dependency <Task(_PythonDecoratedOperator): log_sql_query>, print_the_context already registered for DAG: example_python_operator
[2023-04-23T00:52:54.195+0200] {processor.py:753} INFO - DAG(s) dict_keys(['example_python_operator']) retrieved from /Users/siddalingkattimani/dbt_env/lib/python3.11/site-packages/airflow/example_dags/example_python_operator.py
[2023-04-23T00:52:54.946+0200] {logging_mixin.py:137} INFO - [2023-04-23T00:52:54.946+0200] {dag.py:2705} INFO - Sync 1 DAGs
[2023-04-23T00:52:54.963+0200] {logging_mixin.py:137} INFO - [2023-04-23T00:52:54.963+0200] {dag.py:3452} INFO - Setting next_dagrun for example_python_operator to None, run_after=None
[2023-04-23T00:52:54.984+0200] {processor.py:175} INFO - Processing /Users/siddalingkattimani/dbt_env/lib/python3.11/site-packages/airflow/example_dags/example_python_operator.py took 0.840 seconds
[2023-04-23T00:54:50.990+0200] {processor.py:153} INFO - Started process (PID=47047) to work on /Users/siddalingkattimani/dbt_env/lib/python3.11/site-packages/airflow/example_dags/example_python_operator.py
[2023-04-23T00:54:50.994+0200] {processor.py:743} INFO - Processing file /Users/siddalingkattimani/dbt_env/lib/python3.11/site-packages/airflow/example_dags/example_python_operator.py for tasks to queue
[2023-04-23T00:54:50.994+0200] {logging_mixin.py:137} INFO - [2023-04-23T00:54:50.994+0200] {dagbag.py:532} INFO - Filling up the DagBag from /Users/siddalingkattimani/dbt_env/lib/python3.11/site-packages/airflow/example_dags/example_python_operator.py
[2023-04-23T00:54:51.033+0200] {logging_mixin.py:137} INFO - [2023-04-23T00:54:51.033+0200] {taskmixin.py:211} WARNING - Dependency <Task(_PythonDecoratedOperator): print_the_context>, log_sql_query already registered for DAG: example_python_operator
[2023-04-23T00:54:51.033+0200] {logging_mixin.py:137} INFO - [2023-04-23T00:54:51.033+0200] {taskmixin.py:211} WARNING - Dependency <Task(_PythonDecoratedOperator): log_sql_query>, print_the_context already registered for DAG: example_python_operator
[2023-04-23T00:54:51.034+0200] {logging_mixin.py:137} INFO - [2023-04-23T00:54:51.033+0200] {taskmixin.py:211} WARNING - Dependency <Task(_PythonDecoratedOperator): print_the_context>, log_sql_query already registered for DAG: example_python_operator
[2023-04-23T00:54:51.034+0200] {logging_mixin.py:137} INFO - [2023-04-23T00:54:51.034+0200] {taskmixin.py:211} WARNING - Dependency <Task(_PythonDecoratedOperator): log_sql_query>, print_the_context already registered for DAG: example_python_operator
[2023-04-23T00:54:51.034+0200] {logging_mixin.py:137} INFO - [2023-04-23T00:54:51.034+0200] {taskmixin.py:211} WARNING - Dependency <Task(_PythonDecoratedOperator): print_the_context>, log_sql_query already registered for DAG: example_python_operator
[2023-04-23T00:54:51.034+0200] {logging_mixin.py:137} INFO - [2023-04-23T00:54:51.034+0200] {taskmixin.py:211} WARNING - Dependency <Task(_PythonDecoratedOperator): log_sql_query>, print_the_context already registered for DAG: example_python_operator
[2023-04-23T00:54:51.035+0200] {logging_mixin.py:137} INFO - [2023-04-23T00:54:51.035+0200] {taskmixin.py:211} WARNING - Dependency <Task(_PythonDecoratedOperator): print_the_context>, log_sql_query already registered for DAG: example_python_operator
[2023-04-23T00:54:51.035+0200] {logging_mixin.py:137} INFO - [2023-04-23T00:54:51.035+0200] {taskmixin.py:211} WARNING - Dependency <Task(_PythonDecoratedOperator): log_sql_query>, print_the_context already registered for DAG: example_python_operator
[2023-04-23T00:54:51.042+0200] {processor.py:753} INFO - DAG(s) dict_keys(['example_python_operator']) retrieved from /Users/siddalingkattimani/dbt_env/lib/python3.11/site-packages/airflow/example_dags/example_python_operator.py
[2023-04-23T00:54:51.754+0200] {logging_mixin.py:137} INFO - [2023-04-23T00:54:51.754+0200] {dag.py:2705} INFO - Sync 1 DAGs
[2023-04-23T00:54:51.768+0200] {logging_mixin.py:137} INFO - [2023-04-23T00:54:51.768+0200] {dag.py:3452} INFO - Setting next_dagrun for example_python_operator to None, run_after=None
[2023-04-23T00:54:51.790+0200] {processor.py:175} INFO - Processing /Users/siddalingkattimani/dbt_env/lib/python3.11/site-packages/airflow/example_dags/example_python_operator.py took 0.800 seconds
[2023-04-23T00:56:58.472+0200] {processor.py:153} INFO - Started process (PID=47099) to work on /Users/siddalingkattimani/dbt_env/lib/python3.11/site-packages/airflow/example_dags/example_python_operator.py
[2023-04-23T00:56:58.478+0200] {processor.py:743} INFO - Processing file /Users/siddalingkattimani/dbt_env/lib/python3.11/site-packages/airflow/example_dags/example_python_operator.py for tasks to queue
[2023-04-23T00:56:58.479+0200] {logging_mixin.py:137} INFO - [2023-04-23T00:56:58.479+0200] {dagbag.py:532} INFO - Filling up the DagBag from /Users/siddalingkattimani/dbt_env/lib/python3.11/site-packages/airflow/example_dags/example_python_operator.py
[2023-04-23T00:56:58.529+0200] {logging_mixin.py:137} INFO - [2023-04-23T00:56:58.529+0200] {taskmixin.py:211} WARNING - Dependency <Task(_PythonDecoratedOperator): print_the_context>, log_sql_query already registered for DAG: example_python_operator
[2023-04-23T00:56:58.529+0200] {logging_mixin.py:137} INFO - [2023-04-23T00:56:58.529+0200] {taskmixin.py:211} WARNING - Dependency <Task(_PythonDecoratedOperator): log_sql_query>, print_the_context already registered for DAG: example_python_operator
[2023-04-23T00:56:58.530+0200] {logging_mixin.py:137} INFO - [2023-04-23T00:56:58.530+0200] {taskmixin.py:211} WARNING - Dependency <Task(_PythonDecoratedOperator): print_the_context>, log_sql_query already registered for DAG: example_python_operator
[2023-04-23T00:56:58.530+0200] {logging_mixin.py:137} INFO - [2023-04-23T00:56:58.530+0200] {taskmixin.py:211} WARNING - Dependency <Task(_PythonDecoratedOperator): log_sql_query>, print_the_context already registered for DAG: example_python_operator
[2023-04-23T00:56:58.531+0200] {logging_mixin.py:137} INFO - [2023-04-23T00:56:58.531+0200] {taskmixin.py:211} WARNING - Dependency <Task(_PythonDecoratedOperator): print_the_context>, log_sql_query already registered for DAG: example_python_operator
[2023-04-23T00:56:58.531+0200] {logging_mixin.py:137} INFO - [2023-04-23T00:56:58.531+0200] {taskmixin.py:211} WARNING - Dependency <Task(_PythonDecoratedOperator): log_sql_query>, print_the_context already registered for DAG: example_python_operator
[2023-04-23T00:56:58.531+0200] {logging_mixin.py:137} INFO - [2023-04-23T00:56:58.531+0200] {taskmixin.py:211} WARNING - Dependency <Task(_PythonDecoratedOperator): print_the_context>, log_sql_query already registered for DAG: example_python_operator
[2023-04-23T00:56:58.531+0200] {logging_mixin.py:137} INFO - [2023-04-23T00:56:58.531+0200] {taskmixin.py:211} WARNING - Dependency <Task(_PythonDecoratedOperator): log_sql_query>, print_the_context already registered for DAG: example_python_operator
[2023-04-23T00:56:58.541+0200] {processor.py:753} INFO - DAG(s) dict_keys(['example_python_operator']) retrieved from /Users/siddalingkattimani/dbt_env/lib/python3.11/site-packages/airflow/example_dags/example_python_operator.py
[2023-04-23T00:56:59.556+0200] {logging_mixin.py:137} INFO - [2023-04-23T00:56:59.555+0200] {dag.py:2705} INFO - Sync 1 DAGs
[2023-04-23T00:56:59.579+0200] {logging_mixin.py:137} INFO - [2023-04-23T00:56:59.579+0200] {dag.py:3452} INFO - Setting next_dagrun for example_python_operator to None, run_after=None
[2023-04-23T00:56:59.606+0200] {processor.py:175} INFO - Processing /Users/siddalingkattimani/dbt_env/lib/python3.11/site-packages/airflow/example_dags/example_python_operator.py took 1.135 seconds
[2023-04-23T00:59:07.642+0200] {processor.py:153} INFO - Started process (PID=47147) to work on /Users/siddalingkattimani/dbt_env/lib/python3.11/site-packages/airflow/example_dags/example_python_operator.py
[2023-04-23T00:59:07.646+0200] {processor.py:743} INFO - Processing file /Users/siddalingkattimani/dbt_env/lib/python3.11/site-packages/airflow/example_dags/example_python_operator.py for tasks to queue
[2023-04-23T00:59:07.647+0200] {logging_mixin.py:137} INFO - [2023-04-23T00:59:07.647+0200] {dagbag.py:532} INFO - Filling up the DagBag from /Users/siddalingkattimani/dbt_env/lib/python3.11/site-packages/airflow/example_dags/example_python_operator.py
[2023-04-23T00:59:07.696+0200] {logging_mixin.py:137} INFO - [2023-04-23T00:59:07.696+0200] {taskmixin.py:211} WARNING - Dependency <Task(_PythonDecoratedOperator): print_the_context>, log_sql_query already registered for DAG: example_python_operator
[2023-04-23T00:59:07.697+0200] {logging_mixin.py:137} INFO - [2023-04-23T00:59:07.697+0200] {taskmixin.py:211} WARNING - Dependency <Task(_PythonDecoratedOperator): log_sql_query>, print_the_context already registered for DAG: example_python_operator
[2023-04-23T00:59:07.697+0200] {logging_mixin.py:137} INFO - [2023-04-23T00:59:07.697+0200] {taskmixin.py:211} WARNING - Dependency <Task(_PythonDecoratedOperator): print_the_context>, log_sql_query already registered for DAG: example_python_operator
[2023-04-23T00:59:07.698+0200] {logging_mixin.py:137} INFO - [2023-04-23T00:59:07.697+0200] {taskmixin.py:211} WARNING - Dependency <Task(_PythonDecoratedOperator): log_sql_query>, print_the_context already registered for DAG: example_python_operator
[2023-04-23T00:59:07.698+0200] {logging_mixin.py:137} INFO - [2023-04-23T00:59:07.698+0200] {taskmixin.py:211} WARNING - Dependency <Task(_PythonDecoratedOperator): print_the_context>, log_sql_query already registered for DAG: example_python_operator
[2023-04-23T00:59:07.698+0200] {logging_mixin.py:137} INFO - [2023-04-23T00:59:07.698+0200] {taskmixin.py:211} WARNING - Dependency <Task(_PythonDecoratedOperator): log_sql_query>, print_the_context already registered for DAG: example_python_operator
[2023-04-23T00:59:07.699+0200] {logging_mixin.py:137} INFO - [2023-04-23T00:59:07.699+0200] {taskmixin.py:211} WARNING - Dependency <Task(_PythonDecoratedOperator): print_the_context>, log_sql_query already registered for DAG: example_python_operator
[2023-04-23T00:59:07.699+0200] {logging_mixin.py:137} INFO - [2023-04-23T00:59:07.699+0200] {taskmixin.py:211} WARNING - Dependency <Task(_PythonDecoratedOperator): log_sql_query>, print_the_context already registered for DAG: example_python_operator
[2023-04-23T00:59:07.713+0200] {processor.py:753} INFO - DAG(s) dict_keys(['example_python_operator']) retrieved from /Users/siddalingkattimani/dbt_env/lib/python3.11/site-packages/airflow/example_dags/example_python_operator.py
[2023-04-23T00:59:08.460+0200] {logging_mixin.py:137} INFO - [2023-04-23T00:59:08.459+0200] {dag.py:2705} INFO - Sync 1 DAGs
[2023-04-23T00:59:08.473+0200] {logging_mixin.py:137} INFO - [2023-04-23T00:59:08.472+0200] {dag.py:3452} INFO - Setting next_dagrun for example_python_operator to None, run_after=None
[2023-04-23T00:59:08.490+0200] {processor.py:175} INFO - Processing /Users/siddalingkattimani/dbt_env/lib/python3.11/site-packages/airflow/example_dags/example_python_operator.py took 0.849 seconds
[2023-04-23T01:01:18.325+0200] {processor.py:153} INFO - Started process (PID=47195) to work on /Users/siddalingkattimani/dbt_env/lib/python3.11/site-packages/airflow/example_dags/example_python_operator.py
[2023-04-23T01:01:18.333+0200] {processor.py:743} INFO - Processing file /Users/siddalingkattimani/dbt_env/lib/python3.11/site-packages/airflow/example_dags/example_python_operator.py for tasks to queue
[2023-04-23T01:01:18.334+0200] {logging_mixin.py:137} INFO - [2023-04-23T01:01:18.333+0200] {dagbag.py:532} INFO - Filling up the DagBag from /Users/siddalingkattimani/dbt_env/lib/python3.11/site-packages/airflow/example_dags/example_python_operator.py
[2023-04-23T01:01:18.446+0200] {logging_mixin.py:137} INFO - [2023-04-23T01:01:18.445+0200] {taskmixin.py:211} WARNING - Dependency <Task(_PythonDecoratedOperator): print_the_context>, log_sql_query already registered for DAG: example_python_operator
[2023-04-23T01:01:18.447+0200] {logging_mixin.py:137} INFO - [2023-04-23T01:01:18.447+0200] {taskmixin.py:211} WARNING - Dependency <Task(_PythonDecoratedOperator): log_sql_query>, print_the_context already registered for DAG: example_python_operator
[2023-04-23T01:01:18.460+0200] {logging_mixin.py:137} INFO - [2023-04-23T01:01:18.459+0200] {taskmixin.py:211} WARNING - Dependency <Task(_PythonDecoratedOperator): print_the_context>, log_sql_query already registered for DAG: example_python_operator
[2023-04-23T01:01:18.465+0200] {logging_mixin.py:137} INFO - [2023-04-23T01:01:18.461+0200] {taskmixin.py:211} WARNING - Dependency <Task(_PythonDecoratedOperator): log_sql_query>, print_the_context already registered for DAG: example_python_operator
[2023-04-23T01:01:18.467+0200] {logging_mixin.py:137} INFO - [2023-04-23T01:01:18.467+0200] {taskmixin.py:211} WARNING - Dependency <Task(_PythonDecoratedOperator): print_the_context>, log_sql_query already registered for DAG: example_python_operator
[2023-04-23T01:01:18.467+0200] {logging_mixin.py:137} INFO - [2023-04-23T01:01:18.467+0200] {taskmixin.py:211} WARNING - Dependency <Task(_PythonDecoratedOperator): log_sql_query>, print_the_context already registered for DAG: example_python_operator
[2023-04-23T01:01:18.471+0200] {logging_mixin.py:137} INFO - [2023-04-23T01:01:18.470+0200] {taskmixin.py:211} WARNING - Dependency <Task(_PythonDecoratedOperator): print_the_context>, log_sql_query already registered for DAG: example_python_operator
[2023-04-23T01:01:18.471+0200] {logging_mixin.py:137} INFO - [2023-04-23T01:01:18.471+0200] {taskmixin.py:211} WARNING - Dependency <Task(_PythonDecoratedOperator): log_sql_query>, print_the_context already registered for DAG: example_python_operator
[2023-04-23T01:01:18.484+0200] {processor.py:753} INFO - DAG(s) dict_keys(['example_python_operator']) retrieved from /Users/siddalingkattimani/dbt_env/lib/python3.11/site-packages/airflow/example_dags/example_python_operator.py
[2023-04-23T01:01:21.249+0200] {logging_mixin.py:137} INFO - [2023-04-23T01:01:21.249+0200] {dag.py:2705} INFO - Sync 1 DAGs
[2023-04-23T01:01:21.288+0200] {logging_mixin.py:137} INFO - [2023-04-23T01:01:21.288+0200] {dag.py:3452} INFO - Setting next_dagrun for example_python_operator to None, run_after=None
[2023-04-23T01:01:21.400+0200] {processor.py:175} INFO - Processing /Users/siddalingkattimani/dbt_env/lib/python3.11/site-packages/airflow/example_dags/example_python_operator.py took 3.077 seconds
[2023-04-23T01:03:28.273+0200] {processor.py:153} INFO - Started process (PID=47241) to work on /Users/siddalingkattimani/dbt_env/lib/python3.11/site-packages/airflow/example_dags/example_python_operator.py
[2023-04-23T01:03:28.276+0200] {processor.py:743} INFO - Processing file /Users/siddalingkattimani/dbt_env/lib/python3.11/site-packages/airflow/example_dags/example_python_operator.py for tasks to queue
[2023-04-23T01:03:28.276+0200] {logging_mixin.py:137} INFO - [2023-04-23T01:03:28.276+0200] {dagbag.py:532} INFO - Filling up the DagBag from /Users/siddalingkattimani/dbt_env/lib/python3.11/site-packages/airflow/example_dags/example_python_operator.py
[2023-04-23T01:03:28.310+0200] {logging_mixin.py:137} INFO - [2023-04-23T01:03:28.310+0200] {taskmixin.py:211} WARNING - Dependency <Task(_PythonDecoratedOperator): print_the_context>, log_sql_query already registered for DAG: example_python_operator
[2023-04-23T01:03:28.310+0200] {logging_mixin.py:137} INFO - [2023-04-23T01:03:28.310+0200] {taskmixin.py:211} WARNING - Dependency <Task(_PythonDecoratedOperator): log_sql_query>, print_the_context already registered for DAG: example_python_operator
[2023-04-23T01:03:28.310+0200] {logging_mixin.py:137} INFO - [2023-04-23T01:03:28.310+0200] {taskmixin.py:211} WARNING - Dependency <Task(_PythonDecoratedOperator): print_the_context>, log_sql_query already registered for DAG: example_python_operator
[2023-04-23T01:03:28.311+0200] {logging_mixin.py:137} INFO - [2023-04-23T01:03:28.311+0200] {taskmixin.py:211} WARNING - Dependency <Task(_PythonDecoratedOperator): log_sql_query>, print_the_context already registered for DAG: example_python_operator
[2023-04-23T01:03:28.311+0200] {logging_mixin.py:137} INFO - [2023-04-23T01:03:28.311+0200] {taskmixin.py:211} WARNING - Dependency <Task(_PythonDecoratedOperator): print_the_context>, log_sql_query already registered for DAG: example_python_operator
[2023-04-23T01:03:28.311+0200] {logging_mixin.py:137} INFO - [2023-04-23T01:03:28.311+0200] {taskmixin.py:211} WARNING - Dependency <Task(_PythonDecoratedOperator): log_sql_query>, print_the_context already registered for DAG: example_python_operator
[2023-04-23T01:03:28.311+0200] {logging_mixin.py:137} INFO - [2023-04-23T01:03:28.311+0200] {taskmixin.py:211} WARNING - Dependency <Task(_PythonDecoratedOperator): print_the_context>, log_sql_query already registered for DAG: example_python_operator
[2023-04-23T01:03:28.312+0200] {logging_mixin.py:137} INFO - [2023-04-23T01:03:28.312+0200] {taskmixin.py:211} WARNING - Dependency <Task(_PythonDecoratedOperator): log_sql_query>, print_the_context already registered for DAG: example_python_operator
[2023-04-23T01:03:28.318+0200] {processor.py:753} INFO - DAG(s) dict_keys(['example_python_operator']) retrieved from /Users/siddalingkattimani/dbt_env/lib/python3.11/site-packages/airflow/example_dags/example_python_operator.py
[2023-04-23T01:03:28.988+0200] {logging_mixin.py:137} INFO - [2023-04-23T01:03:28.988+0200] {dag.py:2705} INFO - Sync 1 DAGs
[2023-04-23T01:03:29.000+0200] {logging_mixin.py:137} INFO - [2023-04-23T01:03:29.000+0200] {dag.py:3452} INFO - Setting next_dagrun for example_python_operator to None, run_after=None
[2023-04-23T01:03:29.017+0200] {processor.py:175} INFO - Processing /Users/siddalingkattimani/dbt_env/lib/python3.11/site-packages/airflow/example_dags/example_python_operator.py took 0.745 seconds
[2023-04-23T01:05:40.153+0200] {processor.py:153} INFO - Started process (PID=47346) to work on /Users/siddalingkattimani/dbt_env/lib/python3.11/site-packages/airflow/example_dags/example_python_operator.py
[2023-04-23T01:05:40.158+0200] {processor.py:743} INFO - Processing file /Users/siddalingkattimani/dbt_env/lib/python3.11/site-packages/airflow/example_dags/example_python_operator.py for tasks to queue
[2023-04-23T01:05:40.159+0200] {logging_mixin.py:137} INFO - [2023-04-23T01:05:40.159+0200] {dagbag.py:532} INFO - Filling up the DagBag from /Users/siddalingkattimani/dbt_env/lib/python3.11/site-packages/airflow/example_dags/example_python_operator.py
[2023-04-23T01:05:40.219+0200] {logging_mixin.py:137} INFO - [2023-04-23T01:05:40.219+0200] {taskmixin.py:211} WARNING - Dependency <Task(_PythonDecoratedOperator): print_the_context>, log_sql_query already registered for DAG: example_python_operator
[2023-04-23T01:05:40.220+0200] {logging_mixin.py:137} INFO - [2023-04-23T01:05:40.220+0200] {taskmixin.py:211} WARNING - Dependency <Task(_PythonDecoratedOperator): log_sql_query>, print_the_context already registered for DAG: example_python_operator
[2023-04-23T01:05:40.221+0200] {logging_mixin.py:137} INFO - [2023-04-23T01:05:40.220+0200] {taskmixin.py:211} WARNING - Dependency <Task(_PythonDecoratedOperator): print_the_context>, log_sql_query already registered for DAG: example_python_operator
[2023-04-23T01:05:40.221+0200] {logging_mixin.py:137} INFO - [2023-04-23T01:05:40.221+0200] {taskmixin.py:211} WARNING - Dependency <Task(_PythonDecoratedOperator): log_sql_query>, print_the_context already registered for DAG: example_python_operator
[2023-04-23T01:05:40.221+0200] {logging_mixin.py:137} INFO - [2023-04-23T01:05:40.221+0200] {taskmixin.py:211} WARNING - Dependency <Task(_PythonDecoratedOperator): print_the_context>, log_sql_query already registered for DAG: example_python_operator
[2023-04-23T01:05:40.222+0200] {logging_mixin.py:137} INFO - [2023-04-23T01:05:40.222+0200] {taskmixin.py:211} WARNING - Dependency <Task(_PythonDecoratedOperator): log_sql_query>, print_the_context already registered for DAG: example_python_operator
[2023-04-23T01:05:40.222+0200] {logging_mixin.py:137} INFO - [2023-04-23T01:05:40.222+0200] {taskmixin.py:211} WARNING - Dependency <Task(_PythonDecoratedOperator): print_the_context>, log_sql_query already registered for DAG: example_python_operator
[2023-04-23T01:05:40.223+0200] {logging_mixin.py:137} INFO - [2023-04-23T01:05:40.222+0200] {taskmixin.py:211} WARNING - Dependency <Task(_PythonDecoratedOperator): log_sql_query>, print_the_context already registered for DAG: example_python_operator
[2023-04-23T01:05:40.234+0200] {processor.py:753} INFO - DAG(s) dict_keys(['example_python_operator']) retrieved from /Users/siddalingkattimani/dbt_env/lib/python3.11/site-packages/airflow/example_dags/example_python_operator.py
[2023-04-23T01:05:41.153+0200] {logging_mixin.py:137} INFO - [2023-04-23T01:05:41.153+0200] {dag.py:2705} INFO - Sync 1 DAGs
[2023-04-23T01:05:41.171+0200] {logging_mixin.py:137} INFO - [2023-04-23T01:05:41.171+0200] {dag.py:3452} INFO - Setting next_dagrun for example_python_operator to None, run_after=None
[2023-04-23T01:05:41.195+0200] {processor.py:175} INFO - Processing /Users/siddalingkattimani/dbt_env/lib/python3.11/site-packages/airflow/example_dags/example_python_operator.py took 1.042 seconds
[2023-04-23T01:08:01.511+0200] {processor.py:153} INFO - Started process (PID=47470) to work on /Users/siddalingkattimani/dbt_env/lib/python3.11/site-packages/airflow/example_dags/example_python_operator.py
[2023-04-23T01:08:01.516+0200] {processor.py:743} INFO - Processing file /Users/siddalingkattimani/dbt_env/lib/python3.11/site-packages/airflow/example_dags/example_python_operator.py for tasks to queue
[2023-04-23T01:08:01.516+0200] {logging_mixin.py:137} INFO - [2023-04-23T01:08:01.516+0200] {dagbag.py:532} INFO - Filling up the DagBag from /Users/siddalingkattimani/dbt_env/lib/python3.11/site-packages/airflow/example_dags/example_python_operator.py
[2023-04-23T01:08:01.590+0200] {logging_mixin.py:137} INFO - [2023-04-23T01:08:01.589+0200] {taskmixin.py:211} WARNING - Dependency <Task(_PythonDecoratedOperator): print_the_context>, log_sql_query already registered for DAG: example_python_operator
[2023-04-23T01:08:01.590+0200] {logging_mixin.py:137} INFO - [2023-04-23T01:08:01.590+0200] {taskmixin.py:211} WARNING - Dependency <Task(_PythonDecoratedOperator): log_sql_query>, print_the_context already registered for DAG: example_python_operator
[2023-04-23T01:08:01.592+0200] {logging_mixin.py:137} INFO - [2023-04-23T01:08:01.591+0200] {taskmixin.py:211} WARNING - Dependency <Task(_PythonDecoratedOperator): print_the_context>, log_sql_query already registered for DAG: example_python_operator
[2023-04-23T01:08:01.592+0200] {logging_mixin.py:137} INFO - [2023-04-23T01:08:01.592+0200] {taskmixin.py:211} WARNING - Dependency <Task(_PythonDecoratedOperator): log_sql_query>, print_the_context already registered for DAG: example_python_operator
[2023-04-23T01:08:01.594+0200] {logging_mixin.py:137} INFO - [2023-04-23T01:08:01.594+0200] {taskmixin.py:211} WARNING - Dependency <Task(_PythonDecoratedOperator): print_the_context>, log_sql_query already registered for DAG: example_python_operator
[2023-04-23T01:08:01.594+0200] {logging_mixin.py:137} INFO - [2023-04-23T01:08:01.594+0200] {taskmixin.py:211} WARNING - Dependency <Task(_PythonDecoratedOperator): log_sql_query>, print_the_context already registered for DAG: example_python_operator
[2023-04-23T01:08:01.596+0200] {logging_mixin.py:137} INFO - [2023-04-23T01:08:01.596+0200] {taskmixin.py:211} WARNING - Dependency <Task(_PythonDecoratedOperator): print_the_context>, log_sql_query already registered for DAG: example_python_operator
[2023-04-23T01:08:01.597+0200] {logging_mixin.py:137} INFO - [2023-04-23T01:08:01.597+0200] {taskmixin.py:211} WARNING - Dependency <Task(_PythonDecoratedOperator): log_sql_query>, print_the_context already registered for DAG: example_python_operator
[2023-04-23T01:08:01.653+0200] {processor.py:753} INFO - DAG(s) dict_keys(['example_python_operator']) retrieved from /Users/siddalingkattimani/dbt_env/lib/python3.11/site-packages/airflow/example_dags/example_python_operator.py
[2023-04-23T01:08:02.840+0200] {logging_mixin.py:137} INFO - [2023-04-23T01:08:02.839+0200] {dag.py:2705} INFO - Sync 1 DAGs
[2023-04-23T01:08:02.873+0200] {logging_mixin.py:137} INFO - [2023-04-23T01:08:02.873+0200] {dag.py:3452} INFO - Setting next_dagrun for example_python_operator to None, run_after=None
[2023-04-23T01:08:02.931+0200] {processor.py:175} INFO - Processing /Users/siddalingkattimani/dbt_env/lib/python3.11/site-packages/airflow/example_dags/example_python_operator.py took 1.421 seconds
[2023-04-23T01:10:37.250+0200] {processor.py:153} INFO - Started process (PID=47647) to work on /Users/siddalingkattimani/dbt_env/lib/python3.11/site-packages/airflow/example_dags/example_python_operator.py
[2023-04-23T01:10:37.260+0200] {processor.py:743} INFO - Processing file /Users/siddalingkattimani/dbt_env/lib/python3.11/site-packages/airflow/example_dags/example_python_operator.py for tasks to queue
[2023-04-23T01:10:37.263+0200] {logging_mixin.py:137} INFO - [2023-04-23T01:10:37.261+0200] {dagbag.py:532} INFO - Filling up the DagBag from /Users/siddalingkattimani/dbt_env/lib/python3.11/site-packages/airflow/example_dags/example_python_operator.py
[2023-04-23T01:10:37.382+0200] {logging_mixin.py:137} INFO - [2023-04-23T01:10:37.381+0200] {taskmixin.py:211} WARNING - Dependency <Task(_PythonDecoratedOperator): print_the_context>, log_sql_query already registered for DAG: example_python_operator
[2023-04-23T01:10:37.382+0200] {logging_mixin.py:137} INFO - [2023-04-23T01:10:37.382+0200] {taskmixin.py:211} WARNING - Dependency <Task(_PythonDecoratedOperator): log_sql_query>, print_the_context already registered for DAG: example_python_operator
[2023-04-23T01:10:37.383+0200] {logging_mixin.py:137} INFO - [2023-04-23T01:10:37.383+0200] {taskmixin.py:211} WARNING - Dependency <Task(_PythonDecoratedOperator): print_the_context>, log_sql_query already registered for DAG: example_python_operator
[2023-04-23T01:10:37.383+0200] {logging_mixin.py:137} INFO - [2023-04-23T01:10:37.383+0200] {taskmixin.py:211} WARNING - Dependency <Task(_PythonDecoratedOperator): log_sql_query>, print_the_context already registered for DAG: example_python_operator
[2023-04-23T01:10:37.384+0200] {logging_mixin.py:137} INFO - [2023-04-23T01:10:37.384+0200] {taskmixin.py:211} WARNING - Dependency <Task(_PythonDecoratedOperator): print_the_context>, log_sql_query already registered for DAG: example_python_operator
[2023-04-23T01:10:37.384+0200] {logging_mixin.py:137} INFO - [2023-04-23T01:10:37.384+0200] {taskmixin.py:211} WARNING - Dependency <Task(_PythonDecoratedOperator): log_sql_query>, print_the_context already registered for DAG: example_python_operator
[2023-04-23T01:10:37.385+0200] {logging_mixin.py:137} INFO - [2023-04-23T01:10:37.385+0200] {taskmixin.py:211} WARNING - Dependency <Task(_PythonDecoratedOperator): print_the_context>, log_sql_query already registered for DAG: example_python_operator
[2023-04-23T01:10:37.385+0200] {logging_mixin.py:137} INFO - [2023-04-23T01:10:37.385+0200] {taskmixin.py:211} WARNING - Dependency <Task(_PythonDecoratedOperator): log_sql_query>, print_the_context already registered for DAG: example_python_operator
[2023-04-23T01:10:37.452+0200] {processor.py:753} INFO - DAG(s) dict_keys(['example_python_operator']) retrieved from /Users/siddalingkattimani/dbt_env/lib/python3.11/site-packages/airflow/example_dags/example_python_operator.py
[2023-04-23T01:10:38.347+0200] {logging_mixin.py:137} INFO - [2023-04-23T01:10:38.347+0200] {dag.py:2705} INFO - Sync 1 DAGs
[2023-04-23T01:10:38.366+0200] {logging_mixin.py:137} INFO - [2023-04-23T01:10:38.366+0200] {dag.py:3452} INFO - Setting next_dagrun for example_python_operator to None, run_after=None
[2023-04-23T01:10:38.389+0200] {processor.py:175} INFO - Processing /Users/siddalingkattimani/dbt_env/lib/python3.11/site-packages/airflow/example_dags/example_python_operator.py took 1.141 seconds
[2023-04-23T01:12:44.377+0200] {processor.py:153} INFO - Started process (PID=47693) to work on /Users/siddalingkattimani/dbt_env/lib/python3.11/site-packages/airflow/example_dags/example_python_operator.py
[2023-04-23T01:12:44.381+0200] {processor.py:743} INFO - Processing file /Users/siddalingkattimani/dbt_env/lib/python3.11/site-packages/airflow/example_dags/example_python_operator.py for tasks to queue
[2023-04-23T01:12:44.382+0200] {logging_mixin.py:137} INFO - [2023-04-23T01:12:44.381+0200] {dagbag.py:532} INFO - Filling up the DagBag from /Users/siddalingkattimani/dbt_env/lib/python3.11/site-packages/airflow/example_dags/example_python_operator.py
[2023-04-23T01:12:44.418+0200] {logging_mixin.py:137} INFO - [2023-04-23T01:12:44.418+0200] {taskmixin.py:211} WARNING - Dependency <Task(_PythonDecoratedOperator): print_the_context>, log_sql_query already registered for DAG: example_python_operator
[2023-04-23T01:12:44.418+0200] {logging_mixin.py:137} INFO - [2023-04-23T01:12:44.418+0200] {taskmixin.py:211} WARNING - Dependency <Task(_PythonDecoratedOperator): log_sql_query>, print_the_context already registered for DAG: example_python_operator
[2023-04-23T01:12:44.419+0200] {logging_mixin.py:137} INFO - [2023-04-23T01:12:44.418+0200] {taskmixin.py:211} WARNING - Dependency <Task(_PythonDecoratedOperator): print_the_context>, log_sql_query already registered for DAG: example_python_operator
[2023-04-23T01:12:44.419+0200] {logging_mixin.py:137} INFO - [2023-04-23T01:12:44.419+0200] {taskmixin.py:211} WARNING - Dependency <Task(_PythonDecoratedOperator): log_sql_query>, print_the_context already registered for DAG: example_python_operator
[2023-04-23T01:12:44.419+0200] {logging_mixin.py:137} INFO - [2023-04-23T01:12:44.419+0200] {taskmixin.py:211} WARNING - Dependency <Task(_PythonDecoratedOperator): print_the_context>, log_sql_query already registered for DAG: example_python_operator
[2023-04-23T01:12:44.419+0200] {logging_mixin.py:137} INFO - [2023-04-23T01:12:44.419+0200] {taskmixin.py:211} WARNING - Dependency <Task(_PythonDecoratedOperator): log_sql_query>, print_the_context already registered for DAG: example_python_operator
[2023-04-23T01:12:44.420+0200] {logging_mixin.py:137} INFO - [2023-04-23T01:12:44.420+0200] {taskmixin.py:211} WARNING - Dependency <Task(_PythonDecoratedOperator): print_the_context>, log_sql_query already registered for DAG: example_python_operator
[2023-04-23T01:12:44.420+0200] {logging_mixin.py:137} INFO - [2023-04-23T01:12:44.420+0200] {taskmixin.py:211} WARNING - Dependency <Task(_PythonDecoratedOperator): log_sql_query>, print_the_context already registered for DAG: example_python_operator
[2023-04-23T01:12:44.454+0200] {processor.py:753} INFO - DAG(s) dict_keys(['example_python_operator']) retrieved from /Users/siddalingkattimani/dbt_env/lib/python3.11/site-packages/airflow/example_dags/example_python_operator.py
[2023-04-23T01:12:45.067+0200] {logging_mixin.py:137} INFO - [2023-04-23T01:12:45.067+0200] {dag.py:2705} INFO - Sync 1 DAGs
[2023-04-23T01:12:45.081+0200] {logging_mixin.py:137} INFO - [2023-04-23T01:12:45.081+0200] {dag.py:3452} INFO - Setting next_dagrun for example_python_operator to None, run_after=None
[2023-04-23T01:12:45.098+0200] {processor.py:175} INFO - Processing /Users/siddalingkattimani/dbt_env/lib/python3.11/site-packages/airflow/example_dags/example_python_operator.py took 0.721 seconds
[2023-04-23T01:14:45.910+0200] {processor.py:153} INFO - Started process (PID=47742) to work on /Users/siddalingkattimani/dbt_env/lib/python3.11/site-packages/airflow/example_dags/example_python_operator.py
[2023-04-23T01:14:45.914+0200] {processor.py:743} INFO - Processing file /Users/siddalingkattimani/dbt_env/lib/python3.11/site-packages/airflow/example_dags/example_python_operator.py for tasks to queue
[2023-04-23T01:14:45.914+0200] {logging_mixin.py:137} INFO - [2023-04-23T01:14:45.914+0200] {dagbag.py:532} INFO - Filling up the DagBag from /Users/siddalingkattimani/dbt_env/lib/python3.11/site-packages/airflow/example_dags/example_python_operator.py
[2023-04-23T01:14:45.952+0200] {logging_mixin.py:137} INFO - [2023-04-23T01:14:45.952+0200] {taskmixin.py:211} WARNING - Dependency <Task(_PythonDecoratedOperator): print_the_context>, log_sql_query already registered for DAG: example_python_operator
[2023-04-23T01:14:45.952+0200] {logging_mixin.py:137} INFO - [2023-04-23T01:14:45.952+0200] {taskmixin.py:211} WARNING - Dependency <Task(_PythonDecoratedOperator): log_sql_query>, print_the_context already registered for DAG: example_python_operator
[2023-04-23T01:14:45.953+0200] {logging_mixin.py:137} INFO - [2023-04-23T01:14:45.953+0200] {taskmixin.py:211} WARNING - Dependency <Task(_PythonDecoratedOperator): print_the_context>, log_sql_query already registered for DAG: example_python_operator
[2023-04-23T01:14:45.953+0200] {logging_mixin.py:137} INFO - [2023-04-23T01:14:45.953+0200] {taskmixin.py:211} WARNING - Dependency <Task(_PythonDecoratedOperator): log_sql_query>, print_the_context already registered for DAG: example_python_operator
[2023-04-23T01:14:45.953+0200] {logging_mixin.py:137} INFO - [2023-04-23T01:14:45.953+0200] {taskmixin.py:211} WARNING - Dependency <Task(_PythonDecoratedOperator): print_the_context>, log_sql_query already registered for DAG: example_python_operator
[2023-04-23T01:14:45.953+0200] {logging_mixin.py:137} INFO - [2023-04-23T01:14:45.953+0200] {taskmixin.py:211} WARNING - Dependency <Task(_PythonDecoratedOperator): log_sql_query>, print_the_context already registered for DAG: example_python_operator
[2023-04-23T01:14:45.954+0200] {logging_mixin.py:137} INFO - [2023-04-23T01:14:45.954+0200] {taskmixin.py:211} WARNING - Dependency <Task(_PythonDecoratedOperator): print_the_context>, log_sql_query already registered for DAG: example_python_operator
[2023-04-23T01:14:45.954+0200] {logging_mixin.py:137} INFO - [2023-04-23T01:14:45.954+0200] {taskmixin.py:211} WARNING - Dependency <Task(_PythonDecoratedOperator): log_sql_query>, print_the_context already registered for DAG: example_python_operator
[2023-04-23T01:14:45.990+0200] {processor.py:753} INFO - DAG(s) dict_keys(['example_python_operator']) retrieved from /Users/siddalingkattimani/dbt_env/lib/python3.11/site-packages/airflow/example_dags/example_python_operator.py
[2023-04-23T01:14:46.759+0200] {logging_mixin.py:137} INFO - [2023-04-23T01:14:46.759+0200] {dag.py:2705} INFO - Sync 1 DAGs
[2023-04-23T01:14:46.780+0200] {logging_mixin.py:137} INFO - [2023-04-23T01:14:46.780+0200] {dag.py:3452} INFO - Setting next_dagrun for example_python_operator to None, run_after=None
[2023-04-23T01:14:46.801+0200] {processor.py:175} INFO - Processing /Users/siddalingkattimani/dbt_env/lib/python3.11/site-packages/airflow/example_dags/example_python_operator.py took 0.892 seconds
[2023-04-23T01:16:51.596+0200] {processor.py:153} INFO - Started process (PID=47787) to work on /Users/siddalingkattimani/dbt_env/lib/python3.11/site-packages/airflow/example_dags/example_python_operator.py
[2023-04-23T01:16:51.600+0200] {processor.py:743} INFO - Processing file /Users/siddalingkattimani/dbt_env/lib/python3.11/site-packages/airflow/example_dags/example_python_operator.py for tasks to queue
[2023-04-23T01:16:51.600+0200] {logging_mixin.py:137} INFO - [2023-04-23T01:16:51.600+0200] {dagbag.py:532} INFO - Filling up the DagBag from /Users/siddalingkattimani/dbt_env/lib/python3.11/site-packages/airflow/example_dags/example_python_operator.py
[2023-04-23T01:16:51.642+0200] {logging_mixin.py:137} INFO - [2023-04-23T01:16:51.642+0200] {taskmixin.py:211} WARNING - Dependency <Task(_PythonDecoratedOperator): print_the_context>, log_sql_query already registered for DAG: example_python_operator
[2023-04-23T01:16:51.642+0200] {logging_mixin.py:137} INFO - [2023-04-23T01:16:51.642+0200] {taskmixin.py:211} WARNING - Dependency <Task(_PythonDecoratedOperator): log_sql_query>, print_the_context already registered for DAG: example_python_operator
[2023-04-23T01:16:51.643+0200] {logging_mixin.py:137} INFO - [2023-04-23T01:16:51.643+0200] {taskmixin.py:211} WARNING - Dependency <Task(_PythonDecoratedOperator): print_the_context>, log_sql_query already registered for DAG: example_python_operator
[2023-04-23T01:16:51.643+0200] {logging_mixin.py:137} INFO - [2023-04-23T01:16:51.643+0200] {taskmixin.py:211} WARNING - Dependency <Task(_PythonDecoratedOperator): log_sql_query>, print_the_context already registered for DAG: example_python_operator
[2023-04-23T01:16:51.644+0200] {logging_mixin.py:137} INFO - [2023-04-23T01:16:51.644+0200] {taskmixin.py:211} WARNING - Dependency <Task(_PythonDecoratedOperator): print_the_context>, log_sql_query already registered for DAG: example_python_operator
[2023-04-23T01:16:51.644+0200] {logging_mixin.py:137} INFO - [2023-04-23T01:16:51.644+0200] {taskmixin.py:211} WARNING - Dependency <Task(_PythonDecoratedOperator): log_sql_query>, print_the_context already registered for DAG: example_python_operator
[2023-04-23T01:16:51.644+0200] {logging_mixin.py:137} INFO - [2023-04-23T01:16:51.644+0200] {taskmixin.py:211} WARNING - Dependency <Task(_PythonDecoratedOperator): print_the_context>, log_sql_query already registered for DAG: example_python_operator
[2023-04-23T01:16:51.645+0200] {logging_mixin.py:137} INFO - [2023-04-23T01:16:51.645+0200] {taskmixin.py:211} WARNING - Dependency <Task(_PythonDecoratedOperator): log_sql_query>, print_the_context already registered for DAG: example_python_operator
[2023-04-23T01:16:51.681+0200] {processor.py:753} INFO - DAG(s) dict_keys(['example_python_operator']) retrieved from /Users/siddalingkattimani/dbt_env/lib/python3.11/site-packages/airflow/example_dags/example_python_operator.py
[2023-04-23T01:16:52.327+0200] {logging_mixin.py:137} INFO - [2023-04-23T01:16:52.326+0200] {dag.py:2705} INFO - Sync 1 DAGs
[2023-04-23T01:16:52.341+0200] {logging_mixin.py:137} INFO - [2023-04-23T01:16:52.341+0200] {dag.py:3452} INFO - Setting next_dagrun for example_python_operator to None, run_after=None
[2023-04-23T01:16:52.361+0200] {processor.py:175} INFO - Processing /Users/siddalingkattimani/dbt_env/lib/python3.11/site-packages/airflow/example_dags/example_python_operator.py took 0.765 seconds
[2023-04-23T01:18:54.329+0200] {processor.py:153} INFO - Started process (PID=47833) to work on /Users/siddalingkattimani/dbt_env/lib/python3.11/site-packages/airflow/example_dags/example_python_operator.py
[2023-04-23T01:18:54.333+0200] {processor.py:743} INFO - Processing file /Users/siddalingkattimani/dbt_env/lib/python3.11/site-packages/airflow/example_dags/example_python_operator.py for tasks to queue
[2023-04-23T01:18:54.333+0200] {logging_mixin.py:137} INFO - [2023-04-23T01:18:54.333+0200] {dagbag.py:532} INFO - Filling up the DagBag from /Users/siddalingkattimani/dbt_env/lib/python3.11/site-packages/airflow/example_dags/example_python_operator.py
[2023-04-23T01:18:54.373+0200] {logging_mixin.py:137} INFO - [2023-04-23T01:18:54.372+0200] {taskmixin.py:211} WARNING - Dependency <Task(_PythonDecoratedOperator): print_the_context>, log_sql_query already registered for DAG: example_python_operator
[2023-04-23T01:18:54.373+0200] {logging_mixin.py:137} INFO - [2023-04-23T01:18:54.373+0200] {taskmixin.py:211} WARNING - Dependency <Task(_PythonDecoratedOperator): log_sql_query>, print_the_context already registered for DAG: example_python_operator
[2023-04-23T01:18:54.373+0200] {logging_mixin.py:137} INFO - [2023-04-23T01:18:54.373+0200] {taskmixin.py:211} WARNING - Dependency <Task(_PythonDecoratedOperator): print_the_context>, log_sql_query already registered for DAG: example_python_operator
[2023-04-23T01:18:54.373+0200] {logging_mixin.py:137} INFO - [2023-04-23T01:18:54.373+0200] {taskmixin.py:211} WARNING - Dependency <Task(_PythonDecoratedOperator): log_sql_query>, print_the_context already registered for DAG: example_python_operator
[2023-04-23T01:18:54.374+0200] {logging_mixin.py:137} INFO - [2023-04-23T01:18:54.374+0200] {taskmixin.py:211} WARNING - Dependency <Task(_PythonDecoratedOperator): print_the_context>, log_sql_query already registered for DAG: example_python_operator
[2023-04-23T01:18:54.374+0200] {logging_mixin.py:137} INFO - [2023-04-23T01:18:54.374+0200] {taskmixin.py:211} WARNING - Dependency <Task(_PythonDecoratedOperator): log_sql_query>, print_the_context already registered for DAG: example_python_operator
[2023-04-23T01:18:54.374+0200] {logging_mixin.py:137} INFO - [2023-04-23T01:18:54.374+0200] {taskmixin.py:211} WARNING - Dependency <Task(_PythonDecoratedOperator): print_the_context>, log_sql_query already registered for DAG: example_python_operator
[2023-04-23T01:18:54.375+0200] {logging_mixin.py:137} INFO - [2023-04-23T01:18:54.375+0200] {taskmixin.py:211} WARNING - Dependency <Task(_PythonDecoratedOperator): log_sql_query>, print_the_context already registered for DAG: example_python_operator
[2023-04-23T01:18:54.412+0200] {processor.py:753} INFO - DAG(s) dict_keys(['example_python_operator']) retrieved from /Users/siddalingkattimani/dbt_env/lib/python3.11/site-packages/airflow/example_dags/example_python_operator.py
[2023-04-23T01:18:55.059+0200] {logging_mixin.py:137} INFO - [2023-04-23T01:18:55.059+0200] {dag.py:2705} INFO - Sync 1 DAGs
[2023-04-23T01:18:55.072+0200] {logging_mixin.py:137} INFO - [2023-04-23T01:18:55.072+0200] {dag.py:3452} INFO - Setting next_dagrun for example_python_operator to None, run_after=None
[2023-04-23T01:18:55.090+0200] {processor.py:175} INFO - Processing /Users/siddalingkattimani/dbt_env/lib/python3.11/site-packages/airflow/example_dags/example_python_operator.py took 0.762 seconds
[2023-04-23T01:20:59.745+0200] {processor.py:153} INFO - Started process (PID=47878) to work on /Users/siddalingkattimani/dbt_env/lib/python3.11/site-packages/airflow/example_dags/example_python_operator.py
[2023-04-23T01:20:59.748+0200] {processor.py:743} INFO - Processing file /Users/siddalingkattimani/dbt_env/lib/python3.11/site-packages/airflow/example_dags/example_python_operator.py for tasks to queue
[2023-04-23T01:20:59.749+0200] {logging_mixin.py:137} INFO - [2023-04-23T01:20:59.749+0200] {dagbag.py:532} INFO - Filling up the DagBag from /Users/siddalingkattimani/dbt_env/lib/python3.11/site-packages/airflow/example_dags/example_python_operator.py
[2023-04-23T01:20:59.789+0200] {logging_mixin.py:137} INFO - [2023-04-23T01:20:59.789+0200] {taskmixin.py:211} WARNING - Dependency <Task(_PythonDecoratedOperator): print_the_context>, log_sql_query already registered for DAG: example_python_operator
[2023-04-23T01:20:59.790+0200] {logging_mixin.py:137} INFO - [2023-04-23T01:20:59.790+0200] {taskmixin.py:211} WARNING - Dependency <Task(_PythonDecoratedOperator): log_sql_query>, print_the_context already registered for DAG: example_python_operator
[2023-04-23T01:20:59.790+0200] {logging_mixin.py:137} INFO - [2023-04-23T01:20:59.790+0200] {taskmixin.py:211} WARNING - Dependency <Task(_PythonDecoratedOperator): print_the_context>, log_sql_query already registered for DAG: example_python_operator
[2023-04-23T01:20:59.790+0200] {logging_mixin.py:137} INFO - [2023-04-23T01:20:59.790+0200] {taskmixin.py:211} WARNING - Dependency <Task(_PythonDecoratedOperator): log_sql_query>, print_the_context already registered for DAG: example_python_operator
[2023-04-23T01:20:59.791+0200] {logging_mixin.py:137} INFO - [2023-04-23T01:20:59.791+0200] {taskmixin.py:211} WARNING - Dependency <Task(_PythonDecoratedOperator): print_the_context>, log_sql_query already registered for DAG: example_python_operator
[2023-04-23T01:20:59.791+0200] {logging_mixin.py:137} INFO - [2023-04-23T01:20:59.791+0200] {taskmixin.py:211} WARNING - Dependency <Task(_PythonDecoratedOperator): log_sql_query>, print_the_context already registered for DAG: example_python_operator
[2023-04-23T01:20:59.791+0200] {logging_mixin.py:137} INFO - [2023-04-23T01:20:59.791+0200] {taskmixin.py:211} WARNING - Dependency <Task(_PythonDecoratedOperator): print_the_context>, log_sql_query already registered for DAG: example_python_operator
[2023-04-23T01:20:59.791+0200] {logging_mixin.py:137} INFO - [2023-04-23T01:20:59.791+0200] {taskmixin.py:211} WARNING - Dependency <Task(_PythonDecoratedOperator): log_sql_query>, print_the_context already registered for DAG: example_python_operator
[2023-04-23T01:20:59.828+0200] {processor.py:753} INFO - DAG(s) dict_keys(['example_python_operator']) retrieved from /Users/siddalingkattimani/dbt_env/lib/python3.11/site-packages/airflow/example_dags/example_python_operator.py
[2023-04-23T01:21:00.461+0200] {logging_mixin.py:137} INFO - [2023-04-23T01:21:00.460+0200] {dag.py:2705} INFO - Sync 1 DAGs
[2023-04-23T01:21:00.475+0200] {logging_mixin.py:137} INFO - [2023-04-23T01:21:00.475+0200] {dag.py:3452} INFO - Setting next_dagrun for example_python_operator to None, run_after=None
[2023-04-23T01:21:00.493+0200] {processor.py:175} INFO - Processing /Users/siddalingkattimani/dbt_env/lib/python3.11/site-packages/airflow/example_dags/example_python_operator.py took 0.749 seconds
[2023-04-23T01:23:01.147+0200] {processor.py:153} INFO - Started process (PID=47925) to work on /Users/siddalingkattimani/dbt_env/lib/python3.11/site-packages/airflow/example_dags/example_python_operator.py
[2023-04-23T01:23:01.150+0200] {processor.py:743} INFO - Processing file /Users/siddalingkattimani/dbt_env/lib/python3.11/site-packages/airflow/example_dags/example_python_operator.py for tasks to queue
[2023-04-23T01:23:01.150+0200] {logging_mixin.py:137} INFO - [2023-04-23T01:23:01.150+0200] {dagbag.py:532} INFO - Filling up the DagBag from /Users/siddalingkattimani/dbt_env/lib/python3.11/site-packages/airflow/example_dags/example_python_operator.py
[2023-04-23T01:23:01.185+0200] {logging_mixin.py:137} INFO - [2023-04-23T01:23:01.185+0200] {taskmixin.py:211} WARNING - Dependency <Task(_PythonDecoratedOperator): print_the_context>, log_sql_query already registered for DAG: example_python_operator
[2023-04-23T01:23:01.186+0200] {logging_mixin.py:137} INFO - [2023-04-23T01:23:01.186+0200] {taskmixin.py:211} WARNING - Dependency <Task(_PythonDecoratedOperator): log_sql_query>, print_the_context already registered for DAG: example_python_operator
[2023-04-23T01:23:01.186+0200] {logging_mixin.py:137} INFO - [2023-04-23T01:23:01.186+0200] {taskmixin.py:211} WARNING - Dependency <Task(_PythonDecoratedOperator): print_the_context>, log_sql_query already registered for DAG: example_python_operator
[2023-04-23T01:23:01.186+0200] {logging_mixin.py:137} INFO - [2023-04-23T01:23:01.186+0200] {taskmixin.py:211} WARNING - Dependency <Task(_PythonDecoratedOperator): log_sql_query>, print_the_context already registered for DAG: example_python_operator
[2023-04-23T01:23:01.187+0200] {logging_mixin.py:137} INFO - [2023-04-23T01:23:01.187+0200] {taskmixin.py:211} WARNING - Dependency <Task(_PythonDecoratedOperator): print_the_context>, log_sql_query already registered for DAG: example_python_operator
[2023-04-23T01:23:01.187+0200] {logging_mixin.py:137} INFO - [2023-04-23T01:23:01.187+0200] {taskmixin.py:211} WARNING - Dependency <Task(_PythonDecoratedOperator): log_sql_query>, print_the_context already registered for DAG: example_python_operator
[2023-04-23T01:23:01.187+0200] {logging_mixin.py:137} INFO - [2023-04-23T01:23:01.187+0200] {taskmixin.py:211} WARNING - Dependency <Task(_PythonDecoratedOperator): print_the_context>, log_sql_query already registered for DAG: example_python_operator
[2023-04-23T01:23:01.187+0200] {logging_mixin.py:137} INFO - [2023-04-23T01:23:01.187+0200] {taskmixin.py:211} WARNING - Dependency <Task(_PythonDecoratedOperator): log_sql_query>, print_the_context already registered for DAG: example_python_operator
[2023-04-23T01:23:01.222+0200] {processor.py:753} INFO - DAG(s) dict_keys(['example_python_operator']) retrieved from /Users/siddalingkattimani/dbt_env/lib/python3.11/site-packages/airflow/example_dags/example_python_operator.py
[2023-04-23T01:23:01.827+0200] {logging_mixin.py:137} INFO - [2023-04-23T01:23:01.826+0200] {dag.py:2705} INFO - Sync 1 DAGs
[2023-04-23T01:23:01.840+0200] {logging_mixin.py:137} INFO - [2023-04-23T01:23:01.840+0200] {dag.py:3452} INFO - Setting next_dagrun for example_python_operator to None, run_after=None
[2023-04-23T01:23:01.868+0200] {processor.py:175} INFO - Processing /Users/siddalingkattimani/dbt_env/lib/python3.11/site-packages/airflow/example_dags/example_python_operator.py took 0.722 seconds
[2023-04-23T01:24:59.583+0200] {processor.py:153} INFO - Started process (PID=47977) to work on /Users/siddalingkattimani/dbt_env/lib/python3.11/site-packages/airflow/example_dags/example_python_operator.py
[2023-04-23T01:24:59.586+0200] {processor.py:743} INFO - Processing file /Users/siddalingkattimani/dbt_env/lib/python3.11/site-packages/airflow/example_dags/example_python_operator.py for tasks to queue
[2023-04-23T01:24:59.586+0200] {logging_mixin.py:137} INFO - [2023-04-23T01:24:59.586+0200] {dagbag.py:532} INFO - Filling up the DagBag from /Users/siddalingkattimani/dbt_env/lib/python3.11/site-packages/airflow/example_dags/example_python_operator.py
[2023-04-23T01:24:59.624+0200] {logging_mixin.py:137} INFO - [2023-04-23T01:24:59.623+0200] {taskmixin.py:211} WARNING - Dependency <Task(_PythonDecoratedOperator): print_the_context>, log_sql_query already registered for DAG: example_python_operator
[2023-04-23T01:24:59.624+0200] {logging_mixin.py:137} INFO - [2023-04-23T01:24:59.624+0200] {taskmixin.py:211} WARNING - Dependency <Task(_PythonDecoratedOperator): log_sql_query>, print_the_context already registered for DAG: example_python_operator
[2023-04-23T01:24:59.624+0200] {logging_mixin.py:137} INFO - [2023-04-23T01:24:59.624+0200] {taskmixin.py:211} WARNING - Dependency <Task(_PythonDecoratedOperator): print_the_context>, log_sql_query already registered for DAG: example_python_operator
[2023-04-23T01:24:59.624+0200] {logging_mixin.py:137} INFO - [2023-04-23T01:24:59.624+0200] {taskmixin.py:211} WARNING - Dependency <Task(_PythonDecoratedOperator): log_sql_query>, print_the_context already registered for DAG: example_python_operator
[2023-04-23T01:24:59.625+0200] {logging_mixin.py:137} INFO - [2023-04-23T01:24:59.625+0200] {taskmixin.py:211} WARNING - Dependency <Task(_PythonDecoratedOperator): print_the_context>, log_sql_query already registered for DAG: example_python_operator
[2023-04-23T01:24:59.625+0200] {logging_mixin.py:137} INFO - [2023-04-23T01:24:59.625+0200] {taskmixin.py:211} WARNING - Dependency <Task(_PythonDecoratedOperator): log_sql_query>, print_the_context already registered for DAG: example_python_operator
[2023-04-23T01:24:59.625+0200] {logging_mixin.py:137} INFO - [2023-04-23T01:24:59.625+0200] {taskmixin.py:211} WARNING - Dependency <Task(_PythonDecoratedOperator): print_the_context>, log_sql_query already registered for DAG: example_python_operator
[2023-04-23T01:24:59.626+0200] {logging_mixin.py:137} INFO - [2023-04-23T01:24:59.625+0200] {taskmixin.py:211} WARNING - Dependency <Task(_PythonDecoratedOperator): log_sql_query>, print_the_context already registered for DAG: example_python_operator
[2023-04-23T01:24:59.662+0200] {processor.py:753} INFO - DAG(s) dict_keys(['example_python_operator']) retrieved from /Users/siddalingkattimani/dbt_env/lib/python3.11/site-packages/airflow/example_dags/example_python_operator.py
[2023-04-23T01:25:00.290+0200] {logging_mixin.py:137} INFO - [2023-04-23T01:25:00.290+0200] {dag.py:2705} INFO - Sync 1 DAGs
[2023-04-23T01:25:00.306+0200] {logging_mixin.py:137} INFO - [2023-04-23T01:25:00.306+0200] {dag.py:3452} INFO - Setting next_dagrun for example_python_operator to None, run_after=None
[2023-04-23T01:25:00.324+0200] {processor.py:175} INFO - Processing /Users/siddalingkattimani/dbt_env/lib/python3.11/site-packages/airflow/example_dags/example_python_operator.py took 0.742 seconds
[2023-04-23T01:27:01.190+0200] {processor.py:153} INFO - Started process (PID=48042) to work on /Users/siddalingkattimani/dbt_env/lib/python3.11/site-packages/airflow/example_dags/example_python_operator.py
[2023-04-23T01:27:01.194+0200] {processor.py:743} INFO - Processing file /Users/siddalingkattimani/dbt_env/lib/python3.11/site-packages/airflow/example_dags/example_python_operator.py for tasks to queue
[2023-04-23T01:27:01.195+0200] {logging_mixin.py:137} INFO - [2023-04-23T01:27:01.195+0200] {dagbag.py:532} INFO - Filling up the DagBag from /Users/siddalingkattimani/dbt_env/lib/python3.11/site-packages/airflow/example_dags/example_python_operator.py
[2023-04-23T01:27:01.237+0200] {logging_mixin.py:137} INFO - [2023-04-23T01:27:01.236+0200] {taskmixin.py:211} WARNING - Dependency <Task(_PythonDecoratedOperator): print_the_context>, log_sql_query already registered for DAG: example_python_operator
[2023-04-23T01:27:01.237+0200] {logging_mixin.py:137} INFO - [2023-04-23T01:27:01.237+0200] {taskmixin.py:211} WARNING - Dependency <Task(_PythonDecoratedOperator): log_sql_query>, print_the_context already registered for DAG: example_python_operator
[2023-04-23T01:27:01.237+0200] {logging_mixin.py:137} INFO - [2023-04-23T01:27:01.237+0200] {taskmixin.py:211} WARNING - Dependency <Task(_PythonDecoratedOperator): print_the_context>, log_sql_query already registered for DAG: example_python_operator
[2023-04-23T01:27:01.238+0200] {logging_mixin.py:137} INFO - [2023-04-23T01:27:01.237+0200] {taskmixin.py:211} WARNING - Dependency <Task(_PythonDecoratedOperator): log_sql_query>, print_the_context already registered for DAG: example_python_operator
[2023-04-23T01:27:01.238+0200] {logging_mixin.py:137} INFO - [2023-04-23T01:27:01.238+0200] {taskmixin.py:211} WARNING - Dependency <Task(_PythonDecoratedOperator): print_the_context>, log_sql_query already registered for DAG: example_python_operator
[2023-04-23T01:27:01.238+0200] {logging_mixin.py:137} INFO - [2023-04-23T01:27:01.238+0200] {taskmixin.py:211} WARNING - Dependency <Task(_PythonDecoratedOperator): log_sql_query>, print_the_context already registered for DAG: example_python_operator
[2023-04-23T01:27:01.239+0200] {logging_mixin.py:137} INFO - [2023-04-23T01:27:01.238+0200] {taskmixin.py:211} WARNING - Dependency <Task(_PythonDecoratedOperator): print_the_context>, log_sql_query already registered for DAG: example_python_operator
[2023-04-23T01:27:01.239+0200] {logging_mixin.py:137} INFO - [2023-04-23T01:27:01.239+0200] {taskmixin.py:211} WARNING - Dependency <Task(_PythonDecoratedOperator): log_sql_query>, print_the_context already registered for DAG: example_python_operator
[2023-04-23T01:27:01.277+0200] {processor.py:753} INFO - DAG(s) dict_keys(['example_python_operator']) retrieved from /Users/siddalingkattimani/dbt_env/lib/python3.11/site-packages/airflow/example_dags/example_python_operator.py
[2023-04-23T01:27:01.917+0200] {logging_mixin.py:137} INFO - [2023-04-23T01:27:01.917+0200] {dag.py:2705} INFO - Sync 1 DAGs
[2023-04-23T01:27:01.931+0200] {logging_mixin.py:137} INFO - [2023-04-23T01:27:01.931+0200] {dag.py:3452} INFO - Setting next_dagrun for example_python_operator to None, run_after=None
[2023-04-23T01:27:01.948+0200] {processor.py:175} INFO - Processing /Users/siddalingkattimani/dbt_env/lib/python3.11/site-packages/airflow/example_dags/example_python_operator.py took 0.759 seconds
[2023-04-23T01:29:09.333+0200] {processor.py:153} INFO - Started process (PID=48090) to work on /Users/siddalingkattimani/dbt_env/lib/python3.11/site-packages/airflow/example_dags/example_python_operator.py
[2023-04-23T01:29:09.337+0200] {processor.py:743} INFO - Processing file /Users/siddalingkattimani/dbt_env/lib/python3.11/site-packages/airflow/example_dags/example_python_operator.py for tasks to queue
[2023-04-23T01:29:09.337+0200] {logging_mixin.py:137} INFO - [2023-04-23T01:29:09.337+0200] {dagbag.py:532} INFO - Filling up the DagBag from /Users/siddalingkattimani/dbt_env/lib/python3.11/site-packages/airflow/example_dags/example_python_operator.py
[2023-04-23T01:29:09.387+0200] {logging_mixin.py:137} INFO - [2023-04-23T01:29:09.387+0200] {taskmixin.py:211} WARNING - Dependency <Task(_PythonDecoratedOperator): print_the_context>, log_sql_query already registered for DAG: example_python_operator
[2023-04-23T01:29:09.387+0200] {logging_mixin.py:137} INFO - [2023-04-23T01:29:09.387+0200] {taskmixin.py:211} WARNING - Dependency <Task(_PythonDecoratedOperator): log_sql_query>, print_the_context already registered for DAG: example_python_operator
[2023-04-23T01:29:09.388+0200] {logging_mixin.py:137} INFO - [2023-04-23T01:29:09.388+0200] {taskmixin.py:211} WARNING - Dependency <Task(_PythonDecoratedOperator): print_the_context>, log_sql_query already registered for DAG: example_python_operator
[2023-04-23T01:29:09.388+0200] {logging_mixin.py:137} INFO - [2023-04-23T01:29:09.388+0200] {taskmixin.py:211} WARNING - Dependency <Task(_PythonDecoratedOperator): log_sql_query>, print_the_context already registered for DAG: example_python_operator
[2023-04-23T01:29:09.389+0200] {logging_mixin.py:137} INFO - [2023-04-23T01:29:09.389+0200] {taskmixin.py:211} WARNING - Dependency <Task(_PythonDecoratedOperator): print_the_context>, log_sql_query already registered for DAG: example_python_operator
[2023-04-23T01:29:09.389+0200] {logging_mixin.py:137} INFO - [2023-04-23T01:29:09.389+0200] {taskmixin.py:211} WARNING - Dependency <Task(_PythonDecoratedOperator): log_sql_query>, print_the_context already registered for DAG: example_python_operator
[2023-04-23T01:29:09.390+0200] {logging_mixin.py:137} INFO - [2023-04-23T01:29:09.390+0200] {taskmixin.py:211} WARNING - Dependency <Task(_PythonDecoratedOperator): print_the_context>, log_sql_query already registered for DAG: example_python_operator
[2023-04-23T01:29:09.390+0200] {logging_mixin.py:137} INFO - [2023-04-23T01:29:09.390+0200] {taskmixin.py:211} WARNING - Dependency <Task(_PythonDecoratedOperator): log_sql_query>, print_the_context already registered for DAG: example_python_operator
[2023-04-23T01:29:09.430+0200] {processor.py:753} INFO - DAG(s) dict_keys(['example_python_operator']) retrieved from /Users/siddalingkattimani/dbt_env/lib/python3.11/site-packages/airflow/example_dags/example_python_operator.py
[2023-04-23T01:29:10.140+0200] {logging_mixin.py:137} INFO - [2023-04-23T01:29:10.139+0200] {dag.py:2705} INFO - Sync 1 DAGs
[2023-04-23T01:29:10.154+0200] {logging_mixin.py:137} INFO - [2023-04-23T01:29:10.153+0200] {dag.py:3452} INFO - Setting next_dagrun for example_python_operator to None, run_after=None
[2023-04-23T01:29:10.174+0200] {processor.py:175} INFO - Processing /Users/siddalingkattimani/dbt_env/lib/python3.11/site-packages/airflow/example_dags/example_python_operator.py took 0.842 seconds
[2023-04-23T01:31:09.308+0200] {processor.py:153} INFO - Started process (PID=48137) to work on /Users/siddalingkattimani/dbt_env/lib/python3.11/site-packages/airflow/example_dags/example_python_operator.py
[2023-04-23T01:31:09.312+0200] {processor.py:743} INFO - Processing file /Users/siddalingkattimani/dbt_env/lib/python3.11/site-packages/airflow/example_dags/example_python_operator.py for tasks to queue
[2023-04-23T01:31:09.312+0200] {logging_mixin.py:137} INFO - [2023-04-23T01:31:09.312+0200] {dagbag.py:532} INFO - Filling up the DagBag from /Users/siddalingkattimani/dbt_env/lib/python3.11/site-packages/airflow/example_dags/example_python_operator.py
[2023-04-23T01:31:09.353+0200] {logging_mixin.py:137} INFO - [2023-04-23T01:31:09.353+0200] {taskmixin.py:211} WARNING - Dependency <Task(_PythonDecoratedOperator): print_the_context>, log_sql_query already registered for DAG: example_python_operator
[2023-04-23T01:31:09.354+0200] {logging_mixin.py:137} INFO - [2023-04-23T01:31:09.353+0200] {taskmixin.py:211} WARNING - Dependency <Task(_PythonDecoratedOperator): log_sql_query>, print_the_context already registered for DAG: example_python_operator
[2023-04-23T01:31:09.354+0200] {logging_mixin.py:137} INFO - [2023-04-23T01:31:09.354+0200] {taskmixin.py:211} WARNING - Dependency <Task(_PythonDecoratedOperator): print_the_context>, log_sql_query already registered for DAG: example_python_operator
[2023-04-23T01:31:09.354+0200] {logging_mixin.py:137} INFO - [2023-04-23T01:31:09.354+0200] {taskmixin.py:211} WARNING - Dependency <Task(_PythonDecoratedOperator): log_sql_query>, print_the_context already registered for DAG: example_python_operator
[2023-04-23T01:31:09.355+0200] {logging_mixin.py:137} INFO - [2023-04-23T01:31:09.355+0200] {taskmixin.py:211} WARNING - Dependency <Task(_PythonDecoratedOperator): print_the_context>, log_sql_query already registered for DAG: example_python_operator
[2023-04-23T01:31:09.355+0200] {logging_mixin.py:137} INFO - [2023-04-23T01:31:09.355+0200] {taskmixin.py:211} WARNING - Dependency <Task(_PythonDecoratedOperator): log_sql_query>, print_the_context already registered for DAG: example_python_operator
[2023-04-23T01:31:09.355+0200] {logging_mixin.py:137} INFO - [2023-04-23T01:31:09.355+0200] {taskmixin.py:211} WARNING - Dependency <Task(_PythonDecoratedOperator): print_the_context>, log_sql_query already registered for DAG: example_python_operator
[2023-04-23T01:31:09.355+0200] {logging_mixin.py:137} INFO - [2023-04-23T01:31:09.355+0200] {taskmixin.py:211} WARNING - Dependency <Task(_PythonDecoratedOperator): log_sql_query>, print_the_context already registered for DAG: example_python_operator
[2023-04-23T01:31:09.393+0200] {processor.py:753} INFO - DAG(s) dict_keys(['example_python_operator']) retrieved from /Users/siddalingkattimani/dbt_env/lib/python3.11/site-packages/airflow/example_dags/example_python_operator.py
[2023-04-23T01:31:10.178+0200] {logging_mixin.py:137} INFO - [2023-04-23T01:31:10.177+0200] {dag.py:2705} INFO - Sync 1 DAGs
[2023-04-23T01:31:10.198+0200] {logging_mixin.py:137} INFO - [2023-04-23T01:31:10.198+0200] {dag.py:3452} INFO - Setting next_dagrun for example_python_operator to None, run_after=None
[2023-04-23T01:31:10.228+0200] {processor.py:175} INFO - Processing /Users/siddalingkattimani/dbt_env/lib/python3.11/site-packages/airflow/example_dags/example_python_operator.py took 0.920 seconds
[2023-04-23T01:33:14.570+0200] {processor.py:153} INFO - Started process (PID=48185) to work on /Users/siddalingkattimani/dbt_env/lib/python3.11/site-packages/airflow/example_dags/example_python_operator.py
[2023-04-23T01:33:14.573+0200] {processor.py:743} INFO - Processing file /Users/siddalingkattimani/dbt_env/lib/python3.11/site-packages/airflow/example_dags/example_python_operator.py for tasks to queue
[2023-04-23T01:33:14.574+0200] {logging_mixin.py:137} INFO - [2023-04-23T01:33:14.574+0200] {dagbag.py:532} INFO - Filling up the DagBag from /Users/siddalingkattimani/dbt_env/lib/python3.11/site-packages/airflow/example_dags/example_python_operator.py
[2023-04-23T01:33:14.612+0200] {logging_mixin.py:137} INFO - [2023-04-23T01:33:14.612+0200] {taskmixin.py:211} WARNING - Dependency <Task(_PythonDecoratedOperator): print_the_context>, log_sql_query already registered for DAG: example_python_operator
[2023-04-23T01:33:14.612+0200] {logging_mixin.py:137} INFO - [2023-04-23T01:33:14.612+0200] {taskmixin.py:211} WARNING - Dependency <Task(_PythonDecoratedOperator): log_sql_query>, print_the_context already registered for DAG: example_python_operator
[2023-04-23T01:33:14.613+0200] {logging_mixin.py:137} INFO - [2023-04-23T01:33:14.613+0200] {taskmixin.py:211} WARNING - Dependency <Task(_PythonDecoratedOperator): print_the_context>, log_sql_query already registered for DAG: example_python_operator
[2023-04-23T01:33:14.613+0200] {logging_mixin.py:137} INFO - [2023-04-23T01:33:14.613+0200] {taskmixin.py:211} WARNING - Dependency <Task(_PythonDecoratedOperator): log_sql_query>, print_the_context already registered for DAG: example_python_operator
[2023-04-23T01:33:14.613+0200] {logging_mixin.py:137} INFO - [2023-04-23T01:33:14.613+0200] {taskmixin.py:211} WARNING - Dependency <Task(_PythonDecoratedOperator): print_the_context>, log_sql_query already registered for DAG: example_python_operator
[2023-04-23T01:33:14.613+0200] {logging_mixin.py:137} INFO - [2023-04-23T01:33:14.613+0200] {taskmixin.py:211} WARNING - Dependency <Task(_PythonDecoratedOperator): log_sql_query>, print_the_context already registered for DAG: example_python_operator
[2023-04-23T01:33:14.614+0200] {logging_mixin.py:137} INFO - [2023-04-23T01:33:14.614+0200] {taskmixin.py:211} WARNING - Dependency <Task(_PythonDecoratedOperator): print_the_context>, log_sql_query already registered for DAG: example_python_operator
[2023-04-23T01:33:14.614+0200] {logging_mixin.py:137} INFO - [2023-04-23T01:33:14.614+0200] {taskmixin.py:211} WARNING - Dependency <Task(_PythonDecoratedOperator): log_sql_query>, print_the_context already registered for DAG: example_python_operator
[2023-04-23T01:33:14.671+0200] {processor.py:753} INFO - DAG(s) dict_keys(['example_python_operator']) retrieved from /Users/siddalingkattimani/dbt_env/lib/python3.11/site-packages/airflow/example_dags/example_python_operator.py
[2023-04-23T01:33:15.439+0200] {logging_mixin.py:137} INFO - [2023-04-23T01:33:15.439+0200] {dag.py:2705} INFO - Sync 1 DAGs
[2023-04-23T01:33:15.453+0200] {logging_mixin.py:137} INFO - [2023-04-23T01:33:15.453+0200] {dag.py:3452} INFO - Setting next_dagrun for example_python_operator to None, run_after=None
[2023-04-23T01:33:15.472+0200] {processor.py:175} INFO - Processing /Users/siddalingkattimani/dbt_env/lib/python3.11/site-packages/airflow/example_dags/example_python_operator.py took 0.903 seconds
[2023-04-23T01:35:18.866+0200] {processor.py:153} INFO - Started process (PID=48233) to work on /Users/siddalingkattimani/dbt_env/lib/python3.11/site-packages/airflow/example_dags/example_python_operator.py
[2023-04-23T01:35:18.869+0200] {processor.py:743} INFO - Processing file /Users/siddalingkattimani/dbt_env/lib/python3.11/site-packages/airflow/example_dags/example_python_operator.py for tasks to queue
[2023-04-23T01:35:18.869+0200] {logging_mixin.py:137} INFO - [2023-04-23T01:35:18.869+0200] {dagbag.py:532} INFO - Filling up the DagBag from /Users/siddalingkattimani/dbt_env/lib/python3.11/site-packages/airflow/example_dags/example_python_operator.py
[2023-04-23T01:35:18.910+0200] {logging_mixin.py:137} INFO - [2023-04-23T01:35:18.910+0200] {taskmixin.py:211} WARNING - Dependency <Task(_PythonDecoratedOperator): print_the_context>, log_sql_query already registered for DAG: example_python_operator
[2023-04-23T01:35:18.910+0200] {logging_mixin.py:137} INFO - [2023-04-23T01:35:18.910+0200] {taskmixin.py:211} WARNING - Dependency <Task(_PythonDecoratedOperator): log_sql_query>, print_the_context already registered for DAG: example_python_operator
[2023-04-23T01:35:18.910+0200] {logging_mixin.py:137} INFO - [2023-04-23T01:35:18.910+0200] {taskmixin.py:211} WARNING - Dependency <Task(_PythonDecoratedOperator): print_the_context>, log_sql_query already registered for DAG: example_python_operator
[2023-04-23T01:35:18.911+0200] {logging_mixin.py:137} INFO - [2023-04-23T01:35:18.910+0200] {taskmixin.py:211} WARNING - Dependency <Task(_PythonDecoratedOperator): log_sql_query>, print_the_context already registered for DAG: example_python_operator
[2023-04-23T01:35:18.911+0200] {logging_mixin.py:137} INFO - [2023-04-23T01:35:18.911+0200] {taskmixin.py:211} WARNING - Dependency <Task(_PythonDecoratedOperator): print_the_context>, log_sql_query already registered for DAG: example_python_operator
[2023-04-23T01:35:18.911+0200] {logging_mixin.py:137} INFO - [2023-04-23T01:35:18.911+0200] {taskmixin.py:211} WARNING - Dependency <Task(_PythonDecoratedOperator): log_sql_query>, print_the_context already registered for DAG: example_python_operator
[2023-04-23T01:35:18.912+0200] {logging_mixin.py:137} INFO - [2023-04-23T01:35:18.911+0200] {taskmixin.py:211} WARNING - Dependency <Task(_PythonDecoratedOperator): print_the_context>, log_sql_query already registered for DAG: example_python_operator
[2023-04-23T01:35:18.912+0200] {logging_mixin.py:137} INFO - [2023-04-23T01:35:18.912+0200] {taskmixin.py:211} WARNING - Dependency <Task(_PythonDecoratedOperator): log_sql_query>, print_the_context already registered for DAG: example_python_operator
[2023-04-23T01:35:18.947+0200] {processor.py:753} INFO - DAG(s) dict_keys(['example_python_operator']) retrieved from /Users/siddalingkattimani/dbt_env/lib/python3.11/site-packages/airflow/example_dags/example_python_operator.py
[2023-04-23T01:35:19.546+0200] {logging_mixin.py:137} INFO - [2023-04-23T01:35:19.546+0200] {dag.py:2705} INFO - Sync 1 DAGs
[2023-04-23T01:35:19.559+0200] {logging_mixin.py:137} INFO - [2023-04-23T01:35:19.559+0200] {dag.py:3452} INFO - Setting next_dagrun for example_python_operator to None, run_after=None
[2023-04-23T01:35:19.580+0200] {processor.py:175} INFO - Processing /Users/siddalingkattimani/dbt_env/lib/python3.11/site-packages/airflow/example_dags/example_python_operator.py took 0.714 seconds
