[2023-04-23T00:44:25.799+0200] {processor.py:153} INFO - Started process (PID=46776) to work on /Users/siddalingkattimani/dbt_env/lib/python3.11/site-packages/airflow/example_dags/example_skip_dag.py
[2023-04-23T00:44:25.802+0200] {processor.py:743} INFO - Processing file /Users/siddalingkattimani/dbt_env/lib/python3.11/site-packages/airflow/example_dags/example_skip_dag.py for tasks to queue
[2023-04-23T00:44:25.803+0200] {logging_mixin.py:137} INFO - [2023-04-23T00:44:25.803+0200] {dagbag.py:532} INFO - Filling up the DagBag from /Users/siddalingkattimani/dbt_env/lib/python3.11/site-packages/airflow/example_dags/example_skip_dag.py
[2023-04-23T00:44:25.823+0200] {processor.py:753} INFO - DAG(s) dict_keys(['example_skip_dag']) retrieved from /Users/siddalingkattimani/dbt_env/lib/python3.11/site-packages/airflow/example_dags/example_skip_dag.py
[2023-04-23T00:44:26.603+0200] {logging_mixin.py:137} INFO - [2023-04-23T00:44:26.603+0200] {manager.py:504} INFO - Created Permission View: can edit on DAG:example_skip_dag
[2023-04-23T00:44:26.611+0200] {logging_mixin.py:137} INFO - [2023-04-23T00:44:26.611+0200] {manager.py:504} INFO - Created Permission View: can delete on DAG:example_skip_dag
[2023-04-23T00:44:26.618+0200] {logging_mixin.py:137} INFO - [2023-04-23T00:44:26.618+0200] {manager.py:504} INFO - Created Permission View: can read on DAG:example_skip_dag
[2023-04-23T00:44:26.618+0200] {logging_mixin.py:137} INFO - [2023-04-23T00:44:26.618+0200] {dag.py:2705} INFO - Sync 1 DAGs
[2023-04-23T00:44:26.628+0200] {logging_mixin.py:137} INFO - [2023-04-23T00:44:26.627+0200] {dag.py:2726} INFO - Creating ORM DAG for example_skip_dag
[2023-04-23T00:44:26.638+0200] {logging_mixin.py:137} INFO - [2023-04-23T00:44:26.637+0200] {dag.py:3452} INFO - Setting next_dagrun for example_skip_dag to 2023-04-21T22:44:26.637660+00:00, run_after=2023-04-22T22:44:26.637660+00:00
[2023-04-23T00:44:26.658+0200] {processor.py:175} INFO - Processing /Users/siddalingkattimani/dbt_env/lib/python3.11/site-packages/airflow/example_dags/example_skip_dag.py took 0.860 seconds
[2023-04-23T00:46:23.556+0200] {processor.py:153} INFO - Started process (PID=46821) to work on /Users/siddalingkattimani/dbt_env/lib/python3.11/site-packages/airflow/example_dags/example_skip_dag.py
[2023-04-23T00:46:23.559+0200] {processor.py:743} INFO - Processing file /Users/siddalingkattimani/dbt_env/lib/python3.11/site-packages/airflow/example_dags/example_skip_dag.py for tasks to queue
[2023-04-23T00:46:23.559+0200] {logging_mixin.py:137} INFO - [2023-04-23T00:46:23.559+0200] {dagbag.py:532} INFO - Filling up the DagBag from /Users/siddalingkattimani/dbt_env/lib/python3.11/site-packages/airflow/example_dags/example_skip_dag.py
[2023-04-23T00:46:23.576+0200] {processor.py:753} INFO - DAG(s) dict_keys(['example_skip_dag']) retrieved from /Users/siddalingkattimani/dbt_env/lib/python3.11/site-packages/airflow/example_dags/example_skip_dag.py
[2023-04-23T00:46:24.237+0200] {logging_mixin.py:137} INFO - [2023-04-23T00:46:24.237+0200] {dag.py:2705} INFO - Sync 1 DAGs
[2023-04-23T00:46:24.251+0200] {logging_mixin.py:137} INFO - [2023-04-23T00:46:24.251+0200] {dag.py:3452} INFO - Setting next_dagrun for example_skip_dag to 2023-04-21T22:46:24.251118+00:00, run_after=2023-04-22T22:46:24.251118+00:00
[2023-04-23T00:46:24.268+0200] {processor.py:175} INFO - Processing /Users/siddalingkattimani/dbt_env/lib/python3.11/site-packages/airflow/example_dags/example_skip_dag.py took 0.713 seconds
[2023-04-23T00:48:26.869+0200] {processor.py:153} INFO - Started process (PID=46867) to work on /Users/siddalingkattimani/dbt_env/lib/python3.11/site-packages/airflow/example_dags/example_skip_dag.py
[2023-04-23T00:48:26.873+0200] {processor.py:743} INFO - Processing file /Users/siddalingkattimani/dbt_env/lib/python3.11/site-packages/airflow/example_dags/example_skip_dag.py for tasks to queue
[2023-04-23T00:48:26.873+0200] {logging_mixin.py:137} INFO - [2023-04-23T00:48:26.873+0200] {dagbag.py:532} INFO - Filling up the DagBag from /Users/siddalingkattimani/dbt_env/lib/python3.11/site-packages/airflow/example_dags/example_skip_dag.py
[2023-04-23T00:48:26.893+0200] {processor.py:753} INFO - DAG(s) dict_keys(['example_skip_dag']) retrieved from /Users/siddalingkattimani/dbt_env/lib/python3.11/site-packages/airflow/example_dags/example_skip_dag.py
[2023-04-23T00:48:27.675+0200] {logging_mixin.py:137} INFO - [2023-04-23T00:48:27.675+0200] {dag.py:2705} INFO - Sync 1 DAGs
[2023-04-23T00:48:27.691+0200] {logging_mixin.py:137} INFO - [2023-04-23T00:48:27.691+0200] {dag.py:3452} INFO - Setting next_dagrun for example_skip_dag to 2023-04-21T22:48:27.691094+00:00, run_after=2023-04-22T22:48:27.691094+00:00
[2023-04-23T00:48:27.712+0200] {processor.py:175} INFO - Processing /Users/siddalingkattimani/dbt_env/lib/python3.11/site-packages/airflow/example_dags/example_skip_dag.py took 0.843 seconds
[2023-04-23T00:50:27.470+0200] {processor.py:153} INFO - Started process (PID=46913) to work on /Users/siddalingkattimani/dbt_env/lib/python3.11/site-packages/airflow/example_dags/example_skip_dag.py
[2023-04-23T00:50:27.474+0200] {processor.py:743} INFO - Processing file /Users/siddalingkattimani/dbt_env/lib/python3.11/site-packages/airflow/example_dags/example_skip_dag.py for tasks to queue
[2023-04-23T00:50:27.474+0200] {logging_mixin.py:137} INFO - [2023-04-23T00:50:27.474+0200] {dagbag.py:532} INFO - Filling up the DagBag from /Users/siddalingkattimani/dbt_env/lib/python3.11/site-packages/airflow/example_dags/example_skip_dag.py
[2023-04-23T00:50:27.492+0200] {processor.py:753} INFO - DAG(s) dict_keys(['example_skip_dag']) retrieved from /Users/siddalingkattimani/dbt_env/lib/python3.11/site-packages/airflow/example_dags/example_skip_dag.py
[2023-04-23T00:50:28.372+0200] {logging_mixin.py:137} INFO - [2023-04-23T00:50:28.371+0200] {dag.py:2705} INFO - Sync 1 DAGs
[2023-04-23T00:50:28.389+0200] {logging_mixin.py:137} INFO - [2023-04-23T00:50:28.389+0200] {dag.py:3452} INFO - Setting next_dagrun for example_skip_dag to 2023-04-21T22:50:28.389383+00:00, run_after=2023-04-22T22:50:28.389383+00:00
[2023-04-23T00:50:28.413+0200] {processor.py:175} INFO - Processing /Users/siddalingkattimani/dbt_env/lib/python3.11/site-packages/airflow/example_dags/example_skip_dag.py took 0.944 seconds
[2023-04-23T00:52:42.066+0200] {processor.py:153} INFO - Started process (PID=46974) to work on /Users/siddalingkattimani/dbt_env/lib/python3.11/site-packages/airflow/example_dags/example_skip_dag.py
[2023-04-23T00:52:42.070+0200] {processor.py:743} INFO - Processing file /Users/siddalingkattimani/dbt_env/lib/python3.11/site-packages/airflow/example_dags/example_skip_dag.py for tasks to queue
[2023-04-23T00:52:42.071+0200] {logging_mixin.py:137} INFO - [2023-04-23T00:52:42.071+0200] {dagbag.py:532} INFO - Filling up the DagBag from /Users/siddalingkattimani/dbt_env/lib/python3.11/site-packages/airflow/example_dags/example_skip_dag.py
[2023-04-23T00:52:42.090+0200] {processor.py:753} INFO - DAG(s) dict_keys(['example_skip_dag']) retrieved from /Users/siddalingkattimani/dbt_env/lib/python3.11/site-packages/airflow/example_dags/example_skip_dag.py
[2023-04-23T00:52:42.745+0200] {logging_mixin.py:137} INFO - [2023-04-23T00:52:42.744+0200] {dag.py:2705} INFO - Sync 1 DAGs
[2023-04-23T00:52:42.757+0200] {logging_mixin.py:137} INFO - [2023-04-23T00:52:42.757+0200] {dag.py:3452} INFO - Setting next_dagrun for example_skip_dag to 2023-04-21T22:52:42.757357+00:00, run_after=2023-04-22T22:52:42.757357+00:00
[2023-04-23T00:52:42.785+0200] {processor.py:175} INFO - Processing /Users/siddalingkattimani/dbt_env/lib/python3.11/site-packages/airflow/example_dags/example_skip_dag.py took 0.719 seconds
[2023-04-23T00:54:39.033+0200] {processor.py:153} INFO - Started process (PID=47039) to work on /Users/siddalingkattimani/dbt_env/lib/python3.11/site-packages/airflow/example_dags/example_skip_dag.py
[2023-04-23T00:54:39.036+0200] {processor.py:743} INFO - Processing file /Users/siddalingkattimani/dbt_env/lib/python3.11/site-packages/airflow/example_dags/example_skip_dag.py for tasks to queue
[2023-04-23T00:54:39.036+0200] {logging_mixin.py:137} INFO - [2023-04-23T00:54:39.036+0200] {dagbag.py:532} INFO - Filling up the DagBag from /Users/siddalingkattimani/dbt_env/lib/python3.11/site-packages/airflow/example_dags/example_skip_dag.py
[2023-04-23T00:54:39.056+0200] {processor.py:753} INFO - DAG(s) dict_keys(['example_skip_dag']) retrieved from /Users/siddalingkattimani/dbt_env/lib/python3.11/site-packages/airflow/example_dags/example_skip_dag.py
[2023-04-23T00:54:39.739+0200] {logging_mixin.py:137} INFO - [2023-04-23T00:54:39.739+0200] {dag.py:2705} INFO - Sync 1 DAGs
[2023-04-23T00:54:39.753+0200] {logging_mixin.py:137} INFO - [2023-04-23T00:54:39.753+0200] {dag.py:3452} INFO - Setting next_dagrun for example_skip_dag to 2023-04-21T22:54:39.753430+00:00, run_after=2023-04-22T22:54:39.753430+00:00
[2023-04-23T00:54:39.771+0200] {processor.py:175} INFO - Processing /Users/siddalingkattimani/dbt_env/lib/python3.11/site-packages/airflow/example_dags/example_skip_dag.py took 0.739 seconds
[2023-04-23T00:56:42.459+0200] {processor.py:153} INFO - Started process (PID=47089) to work on /Users/siddalingkattimani/dbt_env/lib/python3.11/site-packages/airflow/example_dags/example_skip_dag.py
[2023-04-23T00:56:42.463+0200] {processor.py:743} INFO - Processing file /Users/siddalingkattimani/dbt_env/lib/python3.11/site-packages/airflow/example_dags/example_skip_dag.py for tasks to queue
[2023-04-23T00:56:42.464+0200] {logging_mixin.py:137} INFO - [2023-04-23T00:56:42.463+0200] {dagbag.py:532} INFO - Filling up the DagBag from /Users/siddalingkattimani/dbt_env/lib/python3.11/site-packages/airflow/example_dags/example_skip_dag.py
[2023-04-23T00:56:42.487+0200] {processor.py:753} INFO - DAG(s) dict_keys(['example_skip_dag']) retrieved from /Users/siddalingkattimani/dbt_env/lib/python3.11/site-packages/airflow/example_dags/example_skip_dag.py
[2023-04-23T00:56:43.209+0200] {logging_mixin.py:137} INFO - [2023-04-23T00:56:43.209+0200] {dag.py:2705} INFO - Sync 1 DAGs
[2023-04-23T00:56:43.226+0200] {logging_mixin.py:137} INFO - [2023-04-23T00:56:43.226+0200] {dag.py:3452} INFO - Setting next_dagrun for example_skip_dag to 2023-04-21T22:56:43.225966+00:00, run_after=2023-04-22T22:56:43.225966+00:00
[2023-04-23T00:56:43.249+0200] {processor.py:175} INFO - Processing /Users/siddalingkattimani/dbt_env/lib/python3.11/site-packages/airflow/example_dags/example_skip_dag.py took 0.791 seconds
[2023-04-23T00:58:53.461+0200] {processor.py:153} INFO - Started process (PID=47142) to work on /Users/siddalingkattimani/dbt_env/lib/python3.11/site-packages/airflow/example_dags/example_skip_dag.py
[2023-04-23T00:58:53.466+0200] {processor.py:743} INFO - Processing file /Users/siddalingkattimani/dbt_env/lib/python3.11/site-packages/airflow/example_dags/example_skip_dag.py for tasks to queue
[2023-04-23T00:58:53.467+0200] {logging_mixin.py:137} INFO - [2023-04-23T00:58:53.467+0200] {dagbag.py:532} INFO - Filling up the DagBag from /Users/siddalingkattimani/dbt_env/lib/python3.11/site-packages/airflow/example_dags/example_skip_dag.py
[2023-04-23T00:58:53.485+0200] {processor.py:753} INFO - DAG(s) dict_keys(['example_skip_dag']) retrieved from /Users/siddalingkattimani/dbt_env/lib/python3.11/site-packages/airflow/example_dags/example_skip_dag.py
[2023-04-23T00:58:54.149+0200] {logging_mixin.py:137} INFO - [2023-04-23T00:58:54.149+0200] {dag.py:2705} INFO - Sync 1 DAGs
[2023-04-23T00:58:54.163+0200] {logging_mixin.py:137} INFO - [2023-04-23T00:58:54.163+0200] {dag.py:3452} INFO - Setting next_dagrun for example_skip_dag to 2023-04-21T22:58:54.163296+00:00, run_after=2023-04-22T22:58:54.163296+00:00
[2023-04-23T00:58:54.182+0200] {processor.py:175} INFO - Processing /Users/siddalingkattimani/dbt_env/lib/python3.11/site-packages/airflow/example_dags/example_skip_dag.py took 0.721 seconds
[2023-04-23T01:00:56.133+0200] {processor.py:153} INFO - Started process (PID=47189) to work on /Users/siddalingkattimani/dbt_env/lib/python3.11/site-packages/airflow/example_dags/example_skip_dag.py
[2023-04-23T01:00:56.137+0200] {processor.py:743} INFO - Processing file /Users/siddalingkattimani/dbt_env/lib/python3.11/site-packages/airflow/example_dags/example_skip_dag.py for tasks to queue
[2023-04-23T01:00:56.138+0200] {logging_mixin.py:137} INFO - [2023-04-23T01:00:56.138+0200] {dagbag.py:532} INFO - Filling up the DagBag from /Users/siddalingkattimani/dbt_env/lib/python3.11/site-packages/airflow/example_dags/example_skip_dag.py
[2023-04-23T01:00:56.166+0200] {processor.py:753} INFO - DAG(s) dict_keys(['example_skip_dag']) retrieved from /Users/siddalingkattimani/dbt_env/lib/python3.11/site-packages/airflow/example_dags/example_skip_dag.py
[2023-04-23T01:00:57.001+0200] {logging_mixin.py:137} INFO - [2023-04-23T01:00:57.001+0200] {dag.py:2705} INFO - Sync 1 DAGs
[2023-04-23T01:00:57.016+0200] {logging_mixin.py:137} INFO - [2023-04-23T01:00:57.016+0200] {dag.py:3452} INFO - Setting next_dagrun for example_skip_dag to 2023-04-21T23:00:57.016637+00:00, run_after=2023-04-22T23:00:57.016637+00:00
[2023-04-23T01:00:57.040+0200] {processor.py:175} INFO - Processing /Users/siddalingkattimani/dbt_env/lib/python3.11/site-packages/airflow/example_dags/example_skip_dag.py took 0.908 seconds
[2023-04-23T01:03:14.544+0200] {processor.py:153} INFO - Started process (PID=47236) to work on /Users/siddalingkattimani/dbt_env/lib/python3.11/site-packages/airflow/example_dags/example_skip_dag.py
[2023-04-23T01:03:14.547+0200] {processor.py:743} INFO - Processing file /Users/siddalingkattimani/dbt_env/lib/python3.11/site-packages/airflow/example_dags/example_skip_dag.py for tasks to queue
[2023-04-23T01:03:14.548+0200] {logging_mixin.py:137} INFO - [2023-04-23T01:03:14.548+0200] {dagbag.py:532} INFO - Filling up the DagBag from /Users/siddalingkattimani/dbt_env/lib/python3.11/site-packages/airflow/example_dags/example_skip_dag.py
[2023-04-23T01:03:14.568+0200] {processor.py:753} INFO - DAG(s) dict_keys(['example_skip_dag']) retrieved from /Users/siddalingkattimani/dbt_env/lib/python3.11/site-packages/airflow/example_dags/example_skip_dag.py
[2023-04-23T01:03:15.231+0200] {logging_mixin.py:137} INFO - [2023-04-23T01:03:15.230+0200] {dag.py:2705} INFO - Sync 1 DAGs
[2023-04-23T01:03:15.243+0200] {logging_mixin.py:137} INFO - [2023-04-23T01:03:15.243+0200] {dag.py:3452} INFO - Setting next_dagrun for example_skip_dag to 2023-04-21T23:03:15.243592+00:00, run_after=2023-04-22T23:03:15.243592+00:00
[2023-04-23T01:03:15.273+0200] {processor.py:175} INFO - Processing /Users/siddalingkattimani/dbt_env/lib/python3.11/site-packages/airflow/example_dags/example_skip_dag.py took 0.730 seconds
[2023-04-23T01:05:16.111+0200] {processor.py:153} INFO - Started process (PID=47326) to work on /Users/siddalingkattimani/dbt_env/lib/python3.11/site-packages/airflow/example_dags/example_skip_dag.py
[2023-04-23T01:05:16.117+0200] {processor.py:743} INFO - Processing file /Users/siddalingkattimani/dbt_env/lib/python3.11/site-packages/airflow/example_dags/example_skip_dag.py for tasks to queue
[2023-04-23T01:05:16.118+0200] {logging_mixin.py:137} INFO - [2023-04-23T01:05:16.118+0200] {dagbag.py:532} INFO - Filling up the DagBag from /Users/siddalingkattimani/dbt_env/lib/python3.11/site-packages/airflow/example_dags/example_skip_dag.py
[2023-04-23T01:05:16.147+0200] {processor.py:753} INFO - DAG(s) dict_keys(['example_skip_dag']) retrieved from /Users/siddalingkattimani/dbt_env/lib/python3.11/site-packages/airflow/example_dags/example_skip_dag.py
[2023-04-23T01:05:17.579+0200] {logging_mixin.py:137} INFO - [2023-04-23T01:05:17.579+0200] {dag.py:2705} INFO - Sync 1 DAGs
[2023-04-23T01:05:17.601+0200] {logging_mixin.py:137} INFO - [2023-04-23T01:05:17.601+0200] {dag.py:3452} INFO - Setting next_dagrun for example_skip_dag to 2023-04-21T23:05:17.601684+00:00, run_after=2023-04-22T23:05:17.601684+00:00
[2023-04-23T01:05:17.623+0200] {processor.py:175} INFO - Processing /Users/siddalingkattimani/dbt_env/lib/python3.11/site-packages/airflow/example_dags/example_skip_dag.py took 1.513 seconds
[2023-04-23T01:07:45.019+0200] {processor.py:153} INFO - Started process (PID=47444) to work on /Users/siddalingkattimani/dbt_env/lib/python3.11/site-packages/airflow/example_dags/example_skip_dag.py
[2023-04-23T01:07:45.023+0200] {processor.py:743} INFO - Processing file /Users/siddalingkattimani/dbt_env/lib/python3.11/site-packages/airflow/example_dags/example_skip_dag.py for tasks to queue
[2023-04-23T01:07:45.024+0200] {logging_mixin.py:137} INFO - [2023-04-23T01:07:45.024+0200] {dagbag.py:532} INFO - Filling up the DagBag from /Users/siddalingkattimani/dbt_env/lib/python3.11/site-packages/airflow/example_dags/example_skip_dag.py
[2023-04-23T01:07:45.051+0200] {processor.py:753} INFO - DAG(s) dict_keys(['example_skip_dag']) retrieved from /Users/siddalingkattimani/dbt_env/lib/python3.11/site-packages/airflow/example_dags/example_skip_dag.py
[2023-04-23T01:07:45.878+0200] {logging_mixin.py:137} INFO - [2023-04-23T01:07:45.878+0200] {dag.py:2705} INFO - Sync 1 DAGs
[2023-04-23T01:07:45.896+0200] {logging_mixin.py:137} INFO - [2023-04-23T01:07:45.895+0200] {dag.py:3452} INFO - Setting next_dagrun for example_skip_dag to 2023-04-21T23:07:45.895800+00:00, run_after=2023-04-22T23:07:45.895800+00:00
[2023-04-23T01:07:45.916+0200] {processor.py:175} INFO - Processing /Users/siddalingkattimani/dbt_env/lib/python3.11/site-packages/airflow/example_dags/example_skip_dag.py took 0.897 seconds
[2023-04-23T01:10:19.187+0200] {processor.py:153} INFO - Started process (PID=47642) to work on /Users/siddalingkattimani/dbt_env/lib/python3.11/site-packages/airflow/example_dags/example_skip_dag.py
[2023-04-23T01:10:19.192+0200] {processor.py:743} INFO - Processing file /Users/siddalingkattimani/dbt_env/lib/python3.11/site-packages/airflow/example_dags/example_skip_dag.py for tasks to queue
[2023-04-23T01:10:19.192+0200] {logging_mixin.py:137} INFO - [2023-04-23T01:10:19.192+0200] {dagbag.py:532} INFO - Filling up the DagBag from /Users/siddalingkattimani/dbt_env/lib/python3.11/site-packages/airflow/example_dags/example_skip_dag.py
[2023-04-23T01:10:19.215+0200] {processor.py:753} INFO - DAG(s) dict_keys(['example_skip_dag']) retrieved from /Users/siddalingkattimani/dbt_env/lib/python3.11/site-packages/airflow/example_dags/example_skip_dag.py
[2023-04-23T01:10:19.921+0200] {logging_mixin.py:137} INFO - [2023-04-23T01:10:19.921+0200] {dag.py:2705} INFO - Sync 1 DAGs
[2023-04-23T01:10:19.935+0200] {logging_mixin.py:137} INFO - [2023-04-23T01:10:19.935+0200] {dag.py:3452} INFO - Setting next_dagrun for example_skip_dag to 2023-04-21T23:10:19.935162+00:00, run_after=2023-04-22T23:10:19.935162+00:00
[2023-04-23T01:10:19.952+0200] {processor.py:175} INFO - Processing /Users/siddalingkattimani/dbt_env/lib/python3.11/site-packages/airflow/example_dags/example_skip_dag.py took 0.766 seconds
[2023-04-23T01:12:32.498+0200] {processor.py:153} INFO - Started process (PID=47688) to work on /Users/siddalingkattimani/dbt_env/lib/python3.11/site-packages/airflow/example_dags/example_skip_dag.py
[2023-04-23T01:12:32.502+0200] {processor.py:743} INFO - Processing file /Users/siddalingkattimani/dbt_env/lib/python3.11/site-packages/airflow/example_dags/example_skip_dag.py for tasks to queue
[2023-04-23T01:12:32.503+0200] {logging_mixin.py:137} INFO - [2023-04-23T01:12:32.503+0200] {dagbag.py:532} INFO - Filling up the DagBag from /Users/siddalingkattimani/dbt_env/lib/python3.11/site-packages/airflow/example_dags/example_skip_dag.py
[2023-04-23T01:12:32.524+0200] {processor.py:753} INFO - DAG(s) dict_keys(['example_skip_dag']) retrieved from /Users/siddalingkattimani/dbt_env/lib/python3.11/site-packages/airflow/example_dags/example_skip_dag.py
[2023-04-23T01:12:33.184+0200] {logging_mixin.py:137} INFO - [2023-04-23T01:12:33.183+0200] {dag.py:2705} INFO - Sync 1 DAGs
[2023-04-23T01:12:33.197+0200] {logging_mixin.py:137} INFO - [2023-04-23T01:12:33.197+0200] {dag.py:3452} INFO - Setting next_dagrun for example_skip_dag to 2023-04-21T23:12:33.197200+00:00, run_after=2023-04-22T23:12:33.197200+00:00
[2023-04-23T01:12:33.224+0200] {processor.py:175} INFO - Processing /Users/siddalingkattimani/dbt_env/lib/python3.11/site-packages/airflow/example_dags/example_skip_dag.py took 0.726 seconds
[2023-04-23T01:14:30.332+0200] {processor.py:153} INFO - Started process (PID=47736) to work on /Users/siddalingkattimani/dbt_env/lib/python3.11/site-packages/airflow/example_dags/example_skip_dag.py
[2023-04-23T01:14:30.337+0200] {processor.py:743} INFO - Processing file /Users/siddalingkattimani/dbt_env/lib/python3.11/site-packages/airflow/example_dags/example_skip_dag.py for tasks to queue
[2023-04-23T01:14:30.338+0200] {logging_mixin.py:137} INFO - [2023-04-23T01:14:30.338+0200] {dagbag.py:532} INFO - Filling up the DagBag from /Users/siddalingkattimani/dbt_env/lib/python3.11/site-packages/airflow/example_dags/example_skip_dag.py
[2023-04-23T01:14:30.370+0200] {processor.py:753} INFO - DAG(s) dict_keys(['example_skip_dag']) retrieved from /Users/siddalingkattimani/dbt_env/lib/python3.11/site-packages/airflow/example_dags/example_skip_dag.py
[2023-04-23T01:14:31.202+0200] {logging_mixin.py:137} INFO - [2023-04-23T01:14:31.202+0200] {dag.py:2705} INFO - Sync 1 DAGs
[2023-04-23T01:14:31.226+0200] {logging_mixin.py:137} INFO - [2023-04-23T01:14:31.225+0200] {dag.py:3452} INFO - Setting next_dagrun for example_skip_dag to 2023-04-21T23:14:31.225582+00:00, run_after=2023-04-22T23:14:31.225582+00:00
[2023-04-23T01:14:31.249+0200] {processor.py:175} INFO - Processing /Users/siddalingkattimani/dbt_env/lib/python3.11/site-packages/airflow/example_dags/example_skip_dag.py took 0.918 seconds
[2023-04-23T01:16:35.804+0200] {processor.py:153} INFO - Started process (PID=47782) to work on /Users/siddalingkattimani/dbt_env/lib/python3.11/site-packages/airflow/example_dags/example_skip_dag.py
[2023-04-23T01:16:35.807+0200] {processor.py:743} INFO - Processing file /Users/siddalingkattimani/dbt_env/lib/python3.11/site-packages/airflow/example_dags/example_skip_dag.py for tasks to queue
[2023-04-23T01:16:35.807+0200] {logging_mixin.py:137} INFO - [2023-04-23T01:16:35.807+0200] {dagbag.py:532} INFO - Filling up the DagBag from /Users/siddalingkattimani/dbt_env/lib/python3.11/site-packages/airflow/example_dags/example_skip_dag.py
[2023-04-23T01:16:35.826+0200] {processor.py:753} INFO - DAG(s) dict_keys(['example_skip_dag']) retrieved from /Users/siddalingkattimani/dbt_env/lib/python3.11/site-packages/airflow/example_dags/example_skip_dag.py
[2023-04-23T01:16:36.531+0200] {logging_mixin.py:137} INFO - [2023-04-23T01:16:36.531+0200] {dag.py:2705} INFO - Sync 1 DAGs
[2023-04-23T01:16:36.560+0200] {logging_mixin.py:137} INFO - [2023-04-23T01:16:36.559+0200] {dag.py:3452} INFO - Setting next_dagrun for example_skip_dag to 2023-04-21T23:16:36.558676+00:00, run_after=2023-04-22T23:16:36.558676+00:00
[2023-04-23T01:16:36.591+0200] {processor.py:175} INFO - Processing /Users/siddalingkattimani/dbt_env/lib/python3.11/site-packages/airflow/example_dags/example_skip_dag.py took 0.788 seconds
[2023-04-23T01:18:38.973+0200] {processor.py:153} INFO - Started process (PID=47827) to work on /Users/siddalingkattimani/dbt_env/lib/python3.11/site-packages/airflow/example_dags/example_skip_dag.py
[2023-04-23T01:18:38.977+0200] {processor.py:743} INFO - Processing file /Users/siddalingkattimani/dbt_env/lib/python3.11/site-packages/airflow/example_dags/example_skip_dag.py for tasks to queue
[2023-04-23T01:18:38.977+0200] {logging_mixin.py:137} INFO - [2023-04-23T01:18:38.977+0200] {dagbag.py:532} INFO - Filling up the DagBag from /Users/siddalingkattimani/dbt_env/lib/python3.11/site-packages/airflow/example_dags/example_skip_dag.py
[2023-04-23T01:18:38.999+0200] {processor.py:753} INFO - DAG(s) dict_keys(['example_skip_dag']) retrieved from /Users/siddalingkattimani/dbt_env/lib/python3.11/site-packages/airflow/example_dags/example_skip_dag.py
[2023-04-23T01:18:39.720+0200] {logging_mixin.py:137} INFO - [2023-04-23T01:18:39.720+0200] {dag.py:2705} INFO - Sync 1 DAGs
[2023-04-23T01:18:39.734+0200] {logging_mixin.py:137} INFO - [2023-04-23T01:18:39.734+0200] {dag.py:3452} INFO - Setting next_dagrun for example_skip_dag to 2023-04-21T23:18:39.734580+00:00, run_after=2023-04-22T23:18:39.734580+00:00
[2023-04-23T01:18:39.754+0200] {processor.py:175} INFO - Processing /Users/siddalingkattimani/dbt_env/lib/python3.11/site-packages/airflow/example_dags/example_skip_dag.py took 0.782 seconds
[2023-04-23T01:20:44.502+0200] {processor.py:153} INFO - Started process (PID=47872) to work on /Users/siddalingkattimani/dbt_env/lib/python3.11/site-packages/airflow/example_dags/example_skip_dag.py
[2023-04-23T01:20:44.505+0200] {processor.py:743} INFO - Processing file /Users/siddalingkattimani/dbt_env/lib/python3.11/site-packages/airflow/example_dags/example_skip_dag.py for tasks to queue
[2023-04-23T01:20:44.505+0200] {logging_mixin.py:137} INFO - [2023-04-23T01:20:44.505+0200] {dagbag.py:532} INFO - Filling up the DagBag from /Users/siddalingkattimani/dbt_env/lib/python3.11/site-packages/airflow/example_dags/example_skip_dag.py
[2023-04-23T01:20:44.526+0200] {processor.py:753} INFO - DAG(s) dict_keys(['example_skip_dag']) retrieved from /Users/siddalingkattimani/dbt_env/lib/python3.11/site-packages/airflow/example_dags/example_skip_dag.py
[2023-04-23T01:20:45.194+0200] {logging_mixin.py:137} INFO - [2023-04-23T01:20:45.194+0200] {dag.py:2705} INFO - Sync 1 DAGs
[2023-04-23T01:20:45.208+0200] {logging_mixin.py:137} INFO - [2023-04-23T01:20:45.208+0200] {dag.py:3452} INFO - Setting next_dagrun for example_skip_dag to 2023-04-21T23:20:45.208321+00:00, run_after=2023-04-22T23:20:45.208321+00:00
[2023-04-23T01:20:45.224+0200] {processor.py:175} INFO - Processing /Users/siddalingkattimani/dbt_env/lib/python3.11/site-packages/airflow/example_dags/example_skip_dag.py took 0.723 seconds
[2023-04-23T01:22:48.481+0200] {processor.py:153} INFO - Started process (PID=47920) to work on /Users/siddalingkattimani/dbt_env/lib/python3.11/site-packages/airflow/example_dags/example_skip_dag.py
[2023-04-23T01:22:48.484+0200] {processor.py:743} INFO - Processing file /Users/siddalingkattimani/dbt_env/lib/python3.11/site-packages/airflow/example_dags/example_skip_dag.py for tasks to queue
[2023-04-23T01:22:48.485+0200] {logging_mixin.py:137} INFO - [2023-04-23T01:22:48.484+0200] {dagbag.py:532} INFO - Filling up the DagBag from /Users/siddalingkattimani/dbt_env/lib/python3.11/site-packages/airflow/example_dags/example_skip_dag.py
[2023-04-23T01:22:48.510+0200] {processor.py:753} INFO - DAG(s) dict_keys(['example_skip_dag']) retrieved from /Users/siddalingkattimani/dbt_env/lib/python3.11/site-packages/airflow/example_dags/example_skip_dag.py
[2023-04-23T01:22:49.204+0200] {logging_mixin.py:137} INFO - [2023-04-23T01:22:49.204+0200] {dag.py:2705} INFO - Sync 1 DAGs
[2023-04-23T01:22:49.222+0200] {logging_mixin.py:137} INFO - [2023-04-23T01:22:49.221+0200] {dag.py:3452} INFO - Setting next_dagrun for example_skip_dag to 2023-04-21T23:22:49.221853+00:00, run_after=2023-04-22T23:22:49.221853+00:00
[2023-04-23T01:22:49.240+0200] {processor.py:175} INFO - Processing /Users/siddalingkattimani/dbt_env/lib/python3.11/site-packages/airflow/example_dags/example_skip_dag.py took 0.760 seconds
[2023-04-23T01:24:46.487+0200] {processor.py:153} INFO - Started process (PID=47971) to work on /Users/siddalingkattimani/dbt_env/lib/python3.11/site-packages/airflow/example_dags/example_skip_dag.py
[2023-04-23T01:24:46.493+0200] {processor.py:743} INFO - Processing file /Users/siddalingkattimani/dbt_env/lib/python3.11/site-packages/airflow/example_dags/example_skip_dag.py for tasks to queue
[2023-04-23T01:24:46.493+0200] {logging_mixin.py:137} INFO - [2023-04-23T01:24:46.493+0200] {dagbag.py:532} INFO - Filling up the DagBag from /Users/siddalingkattimani/dbt_env/lib/python3.11/site-packages/airflow/example_dags/example_skip_dag.py
[2023-04-23T01:24:46.516+0200] {processor.py:753} INFO - DAG(s) dict_keys(['example_skip_dag']) retrieved from /Users/siddalingkattimani/dbt_env/lib/python3.11/site-packages/airflow/example_dags/example_skip_dag.py
[2023-04-23T01:24:47.249+0200] {logging_mixin.py:137} INFO - [2023-04-23T01:24:47.248+0200] {dag.py:2705} INFO - Sync 1 DAGs
[2023-04-23T01:24:47.275+0200] {logging_mixin.py:137} INFO - [2023-04-23T01:24:47.275+0200] {dag.py:3452} INFO - Setting next_dagrun for example_skip_dag to 2023-04-21T23:24:47.274991+00:00, run_after=2023-04-22T23:24:47.274991+00:00
[2023-04-23T01:24:47.301+0200] {processor.py:175} INFO - Processing /Users/siddalingkattimani/dbt_env/lib/python3.11/site-packages/airflow/example_dags/example_skip_dag.py took 0.815 seconds
[2023-04-23T01:26:46.315+0200] {processor.py:153} INFO - Started process (PID=48036) to work on /Users/siddalingkattimani/dbt_env/lib/python3.11/site-packages/airflow/example_dags/example_skip_dag.py
[2023-04-23T01:26:46.321+0200] {processor.py:743} INFO - Processing file /Users/siddalingkattimani/dbt_env/lib/python3.11/site-packages/airflow/example_dags/example_skip_dag.py for tasks to queue
[2023-04-23T01:26:46.322+0200] {logging_mixin.py:137} INFO - [2023-04-23T01:26:46.322+0200] {dagbag.py:532} INFO - Filling up the DagBag from /Users/siddalingkattimani/dbt_env/lib/python3.11/site-packages/airflow/example_dags/example_skip_dag.py
[2023-04-23T01:26:46.359+0200] {processor.py:753} INFO - DAG(s) dict_keys(['example_skip_dag']) retrieved from /Users/siddalingkattimani/dbt_env/lib/python3.11/site-packages/airflow/example_dags/example_skip_dag.py
[2023-04-23T01:26:47.119+0200] {logging_mixin.py:137} INFO - [2023-04-23T01:26:47.118+0200] {dag.py:2705} INFO - Sync 1 DAGs
[2023-04-23T01:26:47.138+0200] {logging_mixin.py:137} INFO - [2023-04-23T01:26:47.138+0200] {dag.py:3452} INFO - Setting next_dagrun for example_skip_dag to 2023-04-21T23:26:47.138095+00:00, run_after=2023-04-22T23:26:47.138095+00:00
[2023-04-23T01:26:47.157+0200] {processor.py:175} INFO - Processing /Users/siddalingkattimani/dbt_env/lib/python3.11/site-packages/airflow/example_dags/example_skip_dag.py took 0.843 seconds
[2023-04-23T01:28:54.212+0200] {processor.py:153} INFO - Started process (PID=48084) to work on /Users/siddalingkattimani/dbt_env/lib/python3.11/site-packages/airflow/example_dags/example_skip_dag.py
[2023-04-23T01:28:54.216+0200] {processor.py:743} INFO - Processing file /Users/siddalingkattimani/dbt_env/lib/python3.11/site-packages/airflow/example_dags/example_skip_dag.py for tasks to queue
[2023-04-23T01:28:54.217+0200] {logging_mixin.py:137} INFO - [2023-04-23T01:28:54.217+0200] {dagbag.py:532} INFO - Filling up the DagBag from /Users/siddalingkattimani/dbt_env/lib/python3.11/site-packages/airflow/example_dags/example_skip_dag.py
[2023-04-23T01:28:54.243+0200] {processor.py:753} INFO - DAG(s) dict_keys(['example_skip_dag']) retrieved from /Users/siddalingkattimani/dbt_env/lib/python3.11/site-packages/airflow/example_dags/example_skip_dag.py
[2023-04-23T01:28:55.012+0200] {logging_mixin.py:137} INFO - [2023-04-23T01:28:55.011+0200] {dag.py:2705} INFO - Sync 1 DAGs
[2023-04-23T01:28:55.031+0200] {logging_mixin.py:137} INFO - [2023-04-23T01:28:55.030+0200] {dag.py:3452} INFO - Setting next_dagrun for example_skip_dag to 2023-04-21T23:28:55.030724+00:00, run_after=2023-04-22T23:28:55.030724+00:00
[2023-04-23T01:28:55.050+0200] {processor.py:175} INFO - Processing /Users/siddalingkattimani/dbt_env/lib/python3.11/site-packages/airflow/example_dags/example_skip_dag.py took 0.839 seconds
[2023-04-23T01:30:54.838+0200] {processor.py:153} INFO - Started process (PID=48132) to work on /Users/siddalingkattimani/dbt_env/lib/python3.11/site-packages/airflow/example_dags/example_skip_dag.py
[2023-04-23T01:30:54.841+0200] {processor.py:743} INFO - Processing file /Users/siddalingkattimani/dbt_env/lib/python3.11/site-packages/airflow/example_dags/example_skip_dag.py for tasks to queue
[2023-04-23T01:30:54.841+0200] {logging_mixin.py:137} INFO - [2023-04-23T01:30:54.841+0200] {dagbag.py:532} INFO - Filling up the DagBag from /Users/siddalingkattimani/dbt_env/lib/python3.11/site-packages/airflow/example_dags/example_skip_dag.py
[2023-04-23T01:30:54.861+0200] {processor.py:753} INFO - DAG(s) dict_keys(['example_skip_dag']) retrieved from /Users/siddalingkattimani/dbt_env/lib/python3.11/site-packages/airflow/example_dags/example_skip_dag.py
[2023-04-23T01:30:55.509+0200] {logging_mixin.py:137} INFO - [2023-04-23T01:30:55.508+0200] {dag.py:2705} INFO - Sync 1 DAGs
[2023-04-23T01:30:55.522+0200] {logging_mixin.py:137} INFO - [2023-04-23T01:30:55.522+0200] {dag.py:3452} INFO - Setting next_dagrun for example_skip_dag to 2023-04-21T23:30:55.522584+00:00, run_after=2023-04-22T23:30:55.522584+00:00
[2023-04-23T01:30:55.540+0200] {processor.py:175} INFO - Processing /Users/siddalingkattimani/dbt_env/lib/python3.11/site-packages/airflow/example_dags/example_skip_dag.py took 0.703 seconds
[2023-04-23T01:32:58.580+0200] {processor.py:153} INFO - Started process (PID=48180) to work on /Users/siddalingkattimani/dbt_env/lib/python3.11/site-packages/airflow/example_dags/example_skip_dag.py
[2023-04-23T01:32:58.585+0200] {processor.py:743} INFO - Processing file /Users/siddalingkattimani/dbt_env/lib/python3.11/site-packages/airflow/example_dags/example_skip_dag.py for tasks to queue
[2023-04-23T01:32:58.585+0200] {logging_mixin.py:137} INFO - [2023-04-23T01:32:58.585+0200] {dagbag.py:532} INFO - Filling up the DagBag from /Users/siddalingkattimani/dbt_env/lib/python3.11/site-packages/airflow/example_dags/example_skip_dag.py
[2023-04-23T01:32:58.609+0200] {processor.py:753} INFO - DAG(s) dict_keys(['example_skip_dag']) retrieved from /Users/siddalingkattimani/dbt_env/lib/python3.11/site-packages/airflow/example_dags/example_skip_dag.py
[2023-04-23T01:32:59.422+0200] {logging_mixin.py:137} INFO - [2023-04-23T01:32:59.422+0200] {dag.py:2705} INFO - Sync 1 DAGs
[2023-04-23T01:32:59.438+0200] {logging_mixin.py:137} INFO - [2023-04-23T01:32:59.438+0200] {dag.py:3452} INFO - Setting next_dagrun for example_skip_dag to 2023-04-21T23:32:59.438664+00:00, run_after=2023-04-22T23:32:59.438664+00:00
[2023-04-23T01:32:59.456+0200] {processor.py:175} INFO - Processing /Users/siddalingkattimani/dbt_env/lib/python3.11/site-packages/airflow/example_dags/example_skip_dag.py took 0.877 seconds
[2023-04-23T01:35:04.707+0200] {processor.py:153} INFO - Started process (PID=48228) to work on /Users/siddalingkattimani/dbt_env/lib/python3.11/site-packages/airflow/example_dags/example_skip_dag.py
[2023-04-23T01:35:04.710+0200] {processor.py:743} INFO - Processing file /Users/siddalingkattimani/dbt_env/lib/python3.11/site-packages/airflow/example_dags/example_skip_dag.py for tasks to queue
[2023-04-23T01:35:04.711+0200] {logging_mixin.py:137} INFO - [2023-04-23T01:35:04.710+0200] {dagbag.py:532} INFO - Filling up the DagBag from /Users/siddalingkattimani/dbt_env/lib/python3.11/site-packages/airflow/example_dags/example_skip_dag.py
[2023-04-23T01:35:04.729+0200] {processor.py:753} INFO - DAG(s) dict_keys(['example_skip_dag']) retrieved from /Users/siddalingkattimani/dbt_env/lib/python3.11/site-packages/airflow/example_dags/example_skip_dag.py
[2023-04-23T01:35:05.354+0200] {logging_mixin.py:137} INFO - [2023-04-23T01:35:05.353+0200] {dag.py:2705} INFO - Sync 1 DAGs
[2023-04-23T01:35:05.367+0200] {logging_mixin.py:137} INFO - [2023-04-23T01:35:05.367+0200] {dag.py:3452} INFO - Setting next_dagrun for example_skip_dag to 2023-04-21T23:35:05.367318+00:00, run_after=2023-04-22T23:35:05.367318+00:00
[2023-04-23T01:35:05.383+0200] {processor.py:175} INFO - Processing /Users/siddalingkattimani/dbt_env/lib/python3.11/site-packages/airflow/example_dags/example_skip_dag.py took 0.677 seconds
