[2023-04-23T00:45:27.553+0200] {processor.py:153} INFO - Started process (PID=46799) to work on /Users/siddalingkattimani/dbt_env/lib/python3.11/site-packages/airflow/example_dags/example_branch_day_of_week_operator.py
[2023-04-23T00:45:27.556+0200] {processor.py:743} INFO - Processing file /Users/siddalingkattimani/dbt_env/lib/python3.11/site-packages/airflow/example_dags/example_branch_day_of_week_operator.py for tasks to queue
[2023-04-23T00:45:27.556+0200] {logging_mixin.py:137} INFO - [2023-04-23T00:45:27.556+0200] {dagbag.py:532} INFO - Filling up the DagBag from /Users/siddalingkattimani/dbt_env/lib/python3.11/site-packages/airflow/example_dags/example_branch_day_of_week_operator.py
[2023-04-23T00:45:27.576+0200] {processor.py:753} INFO - DAG(s) dict_keys(['example_weekday_branch_operator']) retrieved from /Users/siddalingkattimani/dbt_env/lib/python3.11/site-packages/airflow/example_dags/example_branch_day_of_week_operator.py
[2023-04-23T00:45:28.279+0200] {logging_mixin.py:137} INFO - [2023-04-23T00:45:28.279+0200] {manager.py:504} INFO - Created Permission View: can edit on DAG:example_weekday_branch_operator
[2023-04-23T00:45:28.286+0200] {logging_mixin.py:137} INFO - [2023-04-23T00:45:28.286+0200] {manager.py:504} INFO - Created Permission View: can read on DAG:example_weekday_branch_operator
[2023-04-23T00:45:28.292+0200] {logging_mixin.py:137} INFO - [2023-04-23T00:45:28.292+0200] {manager.py:504} INFO - Created Permission View: can delete on DAG:example_weekday_branch_operator
[2023-04-23T00:45:28.292+0200] {logging_mixin.py:137} INFO - [2023-04-23T00:45:28.292+0200] {dag.py:2705} INFO - Sync 1 DAGs
[2023-04-23T00:45:28.302+0200] {logging_mixin.py:137} INFO - [2023-04-23T00:45:28.302+0200] {dag.py:2726} INFO - Creating ORM DAG for example_weekday_branch_operator
[2023-04-23T00:45:28.312+0200] {logging_mixin.py:137} INFO - [2023-04-23T00:45:28.312+0200] {dag.py:3452} INFO - Setting next_dagrun for example_weekday_branch_operator to 2023-04-21T00:00:00+00:00, run_after=2023-04-22T00:00:00+00:00
[2023-04-23T00:45:28.329+0200] {processor.py:175} INFO - Processing /Users/siddalingkattimani/dbt_env/lib/python3.11/site-packages/airflow/example_dags/example_branch_day_of_week_operator.py took 0.777 seconds
[2023-04-23T00:47:27.625+0200] {processor.py:153} INFO - Started process (PID=46846) to work on /Users/siddalingkattimani/dbt_env/lib/python3.11/site-packages/airflow/example_dags/example_branch_day_of_week_operator.py
[2023-04-23T00:47:27.628+0200] {processor.py:743} INFO - Processing file /Users/siddalingkattimani/dbt_env/lib/python3.11/site-packages/airflow/example_dags/example_branch_day_of_week_operator.py for tasks to queue
[2023-04-23T00:47:27.629+0200] {logging_mixin.py:137} INFO - [2023-04-23T00:47:27.629+0200] {dagbag.py:532} INFO - Filling up the DagBag from /Users/siddalingkattimani/dbt_env/lib/python3.11/site-packages/airflow/example_dags/example_branch_day_of_week_operator.py
[2023-04-23T00:47:27.650+0200] {processor.py:753} INFO - DAG(s) dict_keys(['example_weekday_branch_operator']) retrieved from /Users/siddalingkattimani/dbt_env/lib/python3.11/site-packages/airflow/example_dags/example_branch_day_of_week_operator.py
[2023-04-23T00:47:28.325+0200] {logging_mixin.py:137} INFO - [2023-04-23T00:47:28.324+0200] {dag.py:2705} INFO - Sync 1 DAGs
[2023-04-23T00:47:28.340+0200] {logging_mixin.py:137} INFO - [2023-04-23T00:47:28.340+0200] {dag.py:3452} INFO - Setting next_dagrun for example_weekday_branch_operator to 2023-04-21T00:00:00+00:00, run_after=2023-04-22T00:00:00+00:00
[2023-04-23T00:47:28.362+0200] {processor.py:175} INFO - Processing /Users/siddalingkattimani/dbt_env/lib/python3.11/site-packages/airflow/example_dags/example_branch_day_of_week_operator.py took 0.738 seconds
[2023-04-23T00:49:29.469+0200] {processor.py:153} INFO - Started process (PID=46891) to work on /Users/siddalingkattimani/dbt_env/lib/python3.11/site-packages/airflow/example_dags/example_branch_day_of_week_operator.py
[2023-04-23T00:49:29.497+0200] {processor.py:743} INFO - Processing file /Users/siddalingkattimani/dbt_env/lib/python3.11/site-packages/airflow/example_dags/example_branch_day_of_week_operator.py for tasks to queue
[2023-04-23T00:49:29.501+0200] {logging_mixin.py:137} INFO - [2023-04-23T00:49:29.501+0200] {dagbag.py:532} INFO - Filling up the DagBag from /Users/siddalingkattimani/dbt_env/lib/python3.11/site-packages/airflow/example_dags/example_branch_day_of_week_operator.py
[2023-04-23T00:49:29.701+0200] {processor.py:753} INFO - DAG(s) dict_keys(['example_weekday_branch_operator']) retrieved from /Users/siddalingkattimani/dbt_env/lib/python3.11/site-packages/airflow/example_dags/example_branch_day_of_week_operator.py
[2023-04-23T00:49:30.505+0200] {logging_mixin.py:137} INFO - [2023-04-23T00:49:30.505+0200] {dag.py:2705} INFO - Sync 1 DAGs
[2023-04-23T00:49:30.519+0200] {logging_mixin.py:137} INFO - [2023-04-23T00:49:30.519+0200] {dag.py:3452} INFO - Setting next_dagrun for example_weekday_branch_operator to 2023-04-21T00:00:00+00:00, run_after=2023-04-22T00:00:00+00:00
[2023-04-23T00:49:30.538+0200] {processor.py:175} INFO - Processing /Users/siddalingkattimani/dbt_env/lib/python3.11/site-packages/airflow/example_dags/example_branch_day_of_week_operator.py took 1.070 seconds
[2023-04-23T00:51:42.287+0200] {processor.py:153} INFO - Started process (PID=46953) to work on /Users/siddalingkattimani/dbt_env/lib/python3.11/site-packages/airflow/example_dags/example_branch_day_of_week_operator.py
[2023-04-23T00:51:42.290+0200] {processor.py:743} INFO - Processing file /Users/siddalingkattimani/dbt_env/lib/python3.11/site-packages/airflow/example_dags/example_branch_day_of_week_operator.py for tasks to queue
[2023-04-23T00:51:42.291+0200] {logging_mixin.py:137} INFO - [2023-04-23T00:51:42.291+0200] {dagbag.py:532} INFO - Filling up the DagBag from /Users/siddalingkattimani/dbt_env/lib/python3.11/site-packages/airflow/example_dags/example_branch_day_of_week_operator.py
[2023-04-23T00:51:42.313+0200] {processor.py:753} INFO - DAG(s) dict_keys(['example_weekday_branch_operator']) retrieved from /Users/siddalingkattimani/dbt_env/lib/python3.11/site-packages/airflow/example_dags/example_branch_day_of_week_operator.py
[2023-04-23T00:51:43.042+0200] {logging_mixin.py:137} INFO - [2023-04-23T00:51:43.042+0200] {dag.py:2705} INFO - Sync 1 DAGs
[2023-04-23T00:51:43.057+0200] {logging_mixin.py:137} INFO - [2023-04-23T00:51:43.057+0200] {dag.py:3452} INFO - Setting next_dagrun for example_weekday_branch_operator to 2023-04-21T00:00:00+00:00, run_after=2023-04-22T00:00:00+00:00
[2023-04-23T00:51:43.076+0200] {processor.py:175} INFO - Processing /Users/siddalingkattimani/dbt_env/lib/python3.11/site-packages/airflow/example_dags/example_branch_day_of_week_operator.py took 0.789 seconds
[2023-04-23T00:53:43.521+0200] {processor.py:153} INFO - Started process (PID=46998) to work on /Users/siddalingkattimani/dbt_env/lib/python3.11/site-packages/airflow/example_dags/example_branch_day_of_week_operator.py
[2023-04-23T00:53:43.525+0200] {processor.py:743} INFO - Processing file /Users/siddalingkattimani/dbt_env/lib/python3.11/site-packages/airflow/example_dags/example_branch_day_of_week_operator.py for tasks to queue
[2023-04-23T00:53:43.526+0200] {logging_mixin.py:137} INFO - [2023-04-23T00:53:43.525+0200] {dagbag.py:532} INFO - Filling up the DagBag from /Users/siddalingkattimani/dbt_env/lib/python3.11/site-packages/airflow/example_dags/example_branch_day_of_week_operator.py
[2023-04-23T00:53:43.554+0200] {processor.py:753} INFO - DAG(s) dict_keys(['example_weekday_branch_operator']) retrieved from /Users/siddalingkattimani/dbt_env/lib/python3.11/site-packages/airflow/example_dags/example_branch_day_of_week_operator.py
[2023-04-23T00:53:44.294+0200] {logging_mixin.py:137} INFO - [2023-04-23T00:53:44.293+0200] {dag.py:2705} INFO - Sync 1 DAGs
[2023-04-23T00:53:44.308+0200] {logging_mixin.py:137} INFO - [2023-04-23T00:53:44.308+0200] {dag.py:3452} INFO - Setting next_dagrun for example_weekday_branch_operator to 2023-04-21T00:00:00+00:00, run_after=2023-04-22T00:00:00+00:00
[2023-04-23T00:53:44.330+0200] {processor.py:175} INFO - Processing /Users/siddalingkattimani/dbt_env/lib/python3.11/site-packages/airflow/example_dags/example_branch_day_of_week_operator.py took 0.809 seconds
[2023-04-23T00:55:45.230+0200] {processor.py:153} INFO - Started process (PID=47067) to work on /Users/siddalingkattimani/dbt_env/lib/python3.11/site-packages/airflow/example_dags/example_branch_day_of_week_operator.py
[2023-04-23T00:55:45.234+0200] {processor.py:743} INFO - Processing file /Users/siddalingkattimani/dbt_env/lib/python3.11/site-packages/airflow/example_dags/example_branch_day_of_week_operator.py for tasks to queue
[2023-04-23T00:55:45.235+0200] {logging_mixin.py:137} INFO - [2023-04-23T00:55:45.235+0200] {dagbag.py:532} INFO - Filling up the DagBag from /Users/siddalingkattimani/dbt_env/lib/python3.11/site-packages/airflow/example_dags/example_branch_day_of_week_operator.py
[2023-04-23T00:55:45.258+0200] {processor.py:753} INFO - DAG(s) dict_keys(['example_weekday_branch_operator']) retrieved from /Users/siddalingkattimani/dbt_env/lib/python3.11/site-packages/airflow/example_dags/example_branch_day_of_week_operator.py
[2023-04-23T00:55:45.935+0200] {logging_mixin.py:137} INFO - [2023-04-23T00:55:45.935+0200] {dag.py:2705} INFO - Sync 1 DAGs
[2023-04-23T00:55:45.950+0200] {logging_mixin.py:137} INFO - [2023-04-23T00:55:45.950+0200] {dag.py:3452} INFO - Setting next_dagrun for example_weekday_branch_operator to 2023-04-21T00:00:00+00:00, run_after=2023-04-22T00:00:00+00:00
[2023-04-23T00:55:45.969+0200] {processor.py:175} INFO - Processing /Users/siddalingkattimani/dbt_env/lib/python3.11/site-packages/airflow/example_dags/example_branch_day_of_week_operator.py took 0.740 seconds
[2023-04-23T00:57:53.244+0200] {processor.py:153} INFO - Started process (PID=47119) to work on /Users/siddalingkattimani/dbt_env/lib/python3.11/site-packages/airflow/example_dags/example_branch_day_of_week_operator.py
[2023-04-23T00:57:53.249+0200] {processor.py:743} INFO - Processing file /Users/siddalingkattimani/dbt_env/lib/python3.11/site-packages/airflow/example_dags/example_branch_day_of_week_operator.py for tasks to queue
[2023-04-23T00:57:53.251+0200] {logging_mixin.py:137} INFO - [2023-04-23T00:57:53.250+0200] {dagbag.py:532} INFO - Filling up the DagBag from /Users/siddalingkattimani/dbt_env/lib/python3.11/site-packages/airflow/example_dags/example_branch_day_of_week_operator.py
[2023-04-23T00:57:53.290+0200] {processor.py:753} INFO - DAG(s) dict_keys(['example_weekday_branch_operator']) retrieved from /Users/siddalingkattimani/dbt_env/lib/python3.11/site-packages/airflow/example_dags/example_branch_day_of_week_operator.py
[2023-04-23T00:57:53.980+0200] {logging_mixin.py:137} INFO - [2023-04-23T00:57:53.980+0200] {dag.py:2705} INFO - Sync 1 DAGs
[2023-04-23T00:57:53.994+0200] {logging_mixin.py:137} INFO - [2023-04-23T00:57:53.994+0200] {dag.py:3452} INFO - Setting next_dagrun for example_weekday_branch_operator to 2023-04-21T00:00:00+00:00, run_after=2023-04-22T00:00:00+00:00
[2023-04-23T00:57:54.012+0200] {processor.py:175} INFO - Processing /Users/siddalingkattimani/dbt_env/lib/python3.11/site-packages/airflow/example_dags/example_branch_day_of_week_operator.py took 0.768 seconds
[2023-04-23T00:59:58.102+0200] {processor.py:153} INFO - Started process (PID=47167) to work on /Users/siddalingkattimani/dbt_env/lib/python3.11/site-packages/airflow/example_dags/example_branch_day_of_week_operator.py
[2023-04-23T00:59:58.107+0200] {processor.py:743} INFO - Processing file /Users/siddalingkattimani/dbt_env/lib/python3.11/site-packages/airflow/example_dags/example_branch_day_of_week_operator.py for tasks to queue
[2023-04-23T00:59:58.107+0200] {logging_mixin.py:137} INFO - [2023-04-23T00:59:58.107+0200] {dagbag.py:532} INFO - Filling up the DagBag from /Users/siddalingkattimani/dbt_env/lib/python3.11/site-packages/airflow/example_dags/example_branch_day_of_week_operator.py
[2023-04-23T00:59:58.133+0200] {processor.py:753} INFO - DAG(s) dict_keys(['example_weekday_branch_operator']) retrieved from /Users/siddalingkattimani/dbt_env/lib/python3.11/site-packages/airflow/example_dags/example_branch_day_of_week_operator.py
[2023-04-23T00:59:58.853+0200] {logging_mixin.py:137} INFO - [2023-04-23T00:59:58.853+0200] {dag.py:2705} INFO - Sync 1 DAGs
[2023-04-23T00:59:58.868+0200] {logging_mixin.py:137} INFO - [2023-04-23T00:59:58.868+0200] {dag.py:3452} INFO - Setting next_dagrun for example_weekday_branch_operator to 2023-04-21T00:00:00+00:00, run_after=2023-04-22T00:00:00+00:00
[2023-04-23T00:59:58.887+0200] {processor.py:175} INFO - Processing /Users/siddalingkattimani/dbt_env/lib/python3.11/site-packages/airflow/example_dags/example_branch_day_of_week_operator.py took 0.786 seconds
[2023-04-23T01:02:16.479+0200] {processor.py:153} INFO - Started process (PID=47214) to work on /Users/siddalingkattimani/dbt_env/lib/python3.11/site-packages/airflow/example_dags/example_branch_day_of_week_operator.py
[2023-04-23T01:02:16.483+0200] {processor.py:743} INFO - Processing file /Users/siddalingkattimani/dbt_env/lib/python3.11/site-packages/airflow/example_dags/example_branch_day_of_week_operator.py for tasks to queue
[2023-04-23T01:02:16.485+0200] {logging_mixin.py:137} INFO - [2023-04-23T01:02:16.485+0200] {dagbag.py:532} INFO - Filling up the DagBag from /Users/siddalingkattimani/dbt_env/lib/python3.11/site-packages/airflow/example_dags/example_branch_day_of_week_operator.py
[2023-04-23T01:02:16.516+0200] {processor.py:753} INFO - DAG(s) dict_keys(['example_weekday_branch_operator']) retrieved from /Users/siddalingkattimani/dbt_env/lib/python3.11/site-packages/airflow/example_dags/example_branch_day_of_week_operator.py
[2023-04-23T01:02:17.392+0200] {logging_mixin.py:137} INFO - [2023-04-23T01:02:17.391+0200] {dag.py:2705} INFO - Sync 1 DAGs
[2023-04-23T01:02:17.428+0200] {logging_mixin.py:137} INFO - [2023-04-23T01:02:17.428+0200] {dag.py:3452} INFO - Setting next_dagrun for example_weekday_branch_operator to 2023-04-21T00:00:00+00:00, run_after=2023-04-22T00:00:00+00:00
[2023-04-23T01:02:17.512+0200] {processor.py:175} INFO - Processing /Users/siddalingkattimani/dbt_env/lib/python3.11/site-packages/airflow/example_dags/example_branch_day_of_week_operator.py took 1.034 seconds
[2023-04-23T01:04:16.092+0200] {processor.py:153} INFO - Started process (PID=47260) to work on /Users/siddalingkattimani/dbt_env/lib/python3.11/site-packages/airflow/example_dags/example_branch_day_of_week_operator.py
[2023-04-23T01:04:16.095+0200] {processor.py:743} INFO - Processing file /Users/siddalingkattimani/dbt_env/lib/python3.11/site-packages/airflow/example_dags/example_branch_day_of_week_operator.py for tasks to queue
[2023-04-23T01:04:16.095+0200] {logging_mixin.py:137} INFO - [2023-04-23T01:04:16.095+0200] {dagbag.py:532} INFO - Filling up the DagBag from /Users/siddalingkattimani/dbt_env/lib/python3.11/site-packages/airflow/example_dags/example_branch_day_of_week_operator.py
[2023-04-23T01:04:16.116+0200] {processor.py:753} INFO - DAG(s) dict_keys(['example_weekday_branch_operator']) retrieved from /Users/siddalingkattimani/dbt_env/lib/python3.11/site-packages/airflow/example_dags/example_branch_day_of_week_operator.py
[2023-04-23T01:04:16.860+0200] {logging_mixin.py:137} INFO - [2023-04-23T01:04:16.860+0200] {dag.py:2705} INFO - Sync 1 DAGs
[2023-04-23T01:04:16.877+0200] {logging_mixin.py:137} INFO - [2023-04-23T01:04:16.877+0200] {dag.py:3452} INFO - Setting next_dagrun for example_weekday_branch_operator to 2023-04-21T00:00:00+00:00, run_after=2023-04-22T00:00:00+00:00
[2023-04-23T01:04:16.898+0200] {processor.py:175} INFO - Processing /Users/siddalingkattimani/dbt_env/lib/python3.11/site-packages/airflow/example_dags/example_branch_day_of_week_operator.py took 0.807 seconds
[2023-04-23T01:06:29.805+0200] {processor.py:153} INFO - Started process (PID=47367) to work on /Users/siddalingkattimani/dbt_env/lib/python3.11/site-packages/airflow/example_dags/example_branch_day_of_week_operator.py
[2023-04-23T01:06:29.809+0200] {processor.py:743} INFO - Processing file /Users/siddalingkattimani/dbt_env/lib/python3.11/site-packages/airflow/example_dags/example_branch_day_of_week_operator.py for tasks to queue
[2023-04-23T01:06:29.810+0200] {logging_mixin.py:137} INFO - [2023-04-23T01:06:29.810+0200] {dagbag.py:532} INFO - Filling up the DagBag from /Users/siddalingkattimani/dbt_env/lib/python3.11/site-packages/airflow/example_dags/example_branch_day_of_week_operator.py
[2023-04-23T01:06:29.836+0200] {processor.py:753} INFO - DAG(s) dict_keys(['example_weekday_branch_operator']) retrieved from /Users/siddalingkattimani/dbt_env/lib/python3.11/site-packages/airflow/example_dags/example_branch_day_of_week_operator.py
[2023-04-23T01:06:30.760+0200] {logging_mixin.py:137} INFO - [2023-04-23T01:06:30.759+0200] {dag.py:2705} INFO - Sync 1 DAGs
[2023-04-23T01:06:30.777+0200] {logging_mixin.py:137} INFO - [2023-04-23T01:06:30.777+0200] {dag.py:3452} INFO - Setting next_dagrun for example_weekday_branch_operator to 2023-04-21T00:00:00+00:00, run_after=2023-04-22T00:00:00+00:00
[2023-04-23T01:06:30.800+0200] {processor.py:175} INFO - Processing /Users/siddalingkattimani/dbt_env/lib/python3.11/site-packages/airflow/example_dags/example_branch_day_of_week_operator.py took 0.996 seconds
[2023-04-23T01:09:04.219+0200] {processor.py:153} INFO - Started process (PID=47601) to work on /Users/siddalingkattimani/dbt_env/lib/python3.11/site-packages/airflow/example_dags/example_branch_day_of_week_operator.py
[2023-04-23T01:09:04.223+0200] {processor.py:743} INFO - Processing file /Users/siddalingkattimani/dbt_env/lib/python3.11/site-packages/airflow/example_dags/example_branch_day_of_week_operator.py for tasks to queue
[2023-04-23T01:09:04.224+0200] {logging_mixin.py:137} INFO - [2023-04-23T01:09:04.224+0200] {dagbag.py:532} INFO - Filling up the DagBag from /Users/siddalingkattimani/dbt_env/lib/python3.11/site-packages/airflow/example_dags/example_branch_day_of_week_operator.py
[2023-04-23T01:09:04.254+0200] {processor.py:753} INFO - DAG(s) dict_keys(['example_weekday_branch_operator']) retrieved from /Users/siddalingkattimani/dbt_env/lib/python3.11/site-packages/airflow/example_dags/example_branch_day_of_week_operator.py
[2023-04-23T01:09:05.068+0200] {logging_mixin.py:137} INFO - [2023-04-23T01:09:05.068+0200] {dag.py:2705} INFO - Sync 1 DAGs
[2023-04-23T01:09:05.083+0200] {logging_mixin.py:137} INFO - [2023-04-23T01:09:05.083+0200] {dag.py:3452} INFO - Setting next_dagrun for example_weekday_branch_operator to 2023-04-21T00:00:00+00:00, run_after=2023-04-22T00:00:00+00:00
[2023-04-23T01:09:05.104+0200] {processor.py:175} INFO - Processing /Users/siddalingkattimani/dbt_env/lib/python3.11/site-packages/airflow/example_dags/example_branch_day_of_week_operator.py took 0.885 seconds
[2023-04-23T01:11:33.670+0200] {processor.py:153} INFO - Started process (PID=47667) to work on /Users/siddalingkattimani/dbt_env/lib/python3.11/site-packages/airflow/example_dags/example_branch_day_of_week_operator.py
[2023-04-23T01:11:33.675+0200] {processor.py:743} INFO - Processing file /Users/siddalingkattimani/dbt_env/lib/python3.11/site-packages/airflow/example_dags/example_branch_day_of_week_operator.py for tasks to queue
[2023-04-23T01:11:33.675+0200] {logging_mixin.py:137} INFO - [2023-04-23T01:11:33.675+0200] {dagbag.py:532} INFO - Filling up the DagBag from /Users/siddalingkattimani/dbt_env/lib/python3.11/site-packages/airflow/example_dags/example_branch_day_of_week_operator.py
[2023-04-23T01:11:33.701+0200] {processor.py:753} INFO - DAG(s) dict_keys(['example_weekday_branch_operator']) retrieved from /Users/siddalingkattimani/dbt_env/lib/python3.11/site-packages/airflow/example_dags/example_branch_day_of_week_operator.py
[2023-04-23T01:11:34.875+0200] {logging_mixin.py:137} INFO - [2023-04-23T01:11:34.875+0200] {dag.py:2705} INFO - Sync 1 DAGs
[2023-04-23T01:11:34.891+0200] {logging_mixin.py:137} INFO - [2023-04-23T01:11:34.891+0200] {dag.py:3452} INFO - Setting next_dagrun for example_weekday_branch_operator to 2023-04-21T00:00:00+00:00, run_after=2023-04-22T00:00:00+00:00
[2023-04-23T01:11:34.908+0200] {processor.py:175} INFO - Processing /Users/siddalingkattimani/dbt_env/lib/python3.11/site-packages/airflow/example_dags/example_branch_day_of_week_operator.py took 1.238 seconds
[2023-04-23T01:13:34.247+0200] {processor.py:153} INFO - Started process (PID=47713) to work on /Users/siddalingkattimani/dbt_env/lib/python3.11/site-packages/airflow/example_dags/example_branch_day_of_week_operator.py
[2023-04-23T01:13:34.250+0200] {processor.py:743} INFO - Processing file /Users/siddalingkattimani/dbt_env/lib/python3.11/site-packages/airflow/example_dags/example_branch_day_of_week_operator.py for tasks to queue
[2023-04-23T01:13:34.250+0200] {logging_mixin.py:137} INFO - [2023-04-23T01:13:34.250+0200] {dagbag.py:532} INFO - Filling up the DagBag from /Users/siddalingkattimani/dbt_env/lib/python3.11/site-packages/airflow/example_dags/example_branch_day_of_week_operator.py
[2023-04-23T01:13:34.272+0200] {processor.py:753} INFO - DAG(s) dict_keys(['example_weekday_branch_operator']) retrieved from /Users/siddalingkattimani/dbt_env/lib/python3.11/site-packages/airflow/example_dags/example_branch_day_of_week_operator.py
[2023-04-23T01:13:34.931+0200] {logging_mixin.py:137} INFO - [2023-04-23T01:13:34.930+0200] {dag.py:2705} INFO - Sync 1 DAGs
[2023-04-23T01:13:34.945+0200] {logging_mixin.py:137} INFO - [2023-04-23T01:13:34.944+0200] {dag.py:3452} INFO - Setting next_dagrun for example_weekday_branch_operator to 2023-04-21T00:00:00+00:00, run_after=2023-04-22T00:00:00+00:00
[2023-04-23T01:13:34.962+0200] {processor.py:175} INFO - Processing /Users/siddalingkattimani/dbt_env/lib/python3.11/site-packages/airflow/example_dags/example_branch_day_of_week_operator.py took 0.716 seconds
[2023-04-23T01:15:38.321+0200] {processor.py:153} INFO - Started process (PID=47760) to work on /Users/siddalingkattimani/dbt_env/lib/python3.11/site-packages/airflow/example_dags/example_branch_day_of_week_operator.py
[2023-04-23T01:15:38.325+0200] {processor.py:743} INFO - Processing file /Users/siddalingkattimani/dbt_env/lib/python3.11/site-packages/airflow/example_dags/example_branch_day_of_week_operator.py for tasks to queue
[2023-04-23T01:15:38.325+0200] {logging_mixin.py:137} INFO - [2023-04-23T01:15:38.325+0200] {dagbag.py:532} INFO - Filling up the DagBag from /Users/siddalingkattimani/dbt_env/lib/python3.11/site-packages/airflow/example_dags/example_branch_day_of_week_operator.py
[2023-04-23T01:15:38.349+0200] {processor.py:753} INFO - DAG(s) dict_keys(['example_weekday_branch_operator']) retrieved from /Users/siddalingkattimani/dbt_env/lib/python3.11/site-packages/airflow/example_dags/example_branch_day_of_week_operator.py
[2023-04-23T01:15:39.167+0200] {logging_mixin.py:137} INFO - [2023-04-23T01:15:39.167+0200] {dag.py:2705} INFO - Sync 1 DAGs
[2023-04-23T01:15:39.184+0200] {logging_mixin.py:137} INFO - [2023-04-23T01:15:39.184+0200] {dag.py:3452} INFO - Setting next_dagrun for example_weekday_branch_operator to 2023-04-21T00:00:00+00:00, run_after=2023-04-22T00:00:00+00:00
[2023-04-23T01:15:39.206+0200] {processor.py:175} INFO - Processing /Users/siddalingkattimani/dbt_env/lib/python3.11/site-packages/airflow/example_dags/example_branch_day_of_week_operator.py took 0.885 seconds
[2023-04-23T01:17:41.775+0200] {processor.py:153} INFO - Started process (PID=47806) to work on /Users/siddalingkattimani/dbt_env/lib/python3.11/site-packages/airflow/example_dags/example_branch_day_of_week_operator.py
[2023-04-23T01:17:41.778+0200] {processor.py:743} INFO - Processing file /Users/siddalingkattimani/dbt_env/lib/python3.11/site-packages/airflow/example_dags/example_branch_day_of_week_operator.py for tasks to queue
[2023-04-23T01:17:41.779+0200] {logging_mixin.py:137} INFO - [2023-04-23T01:17:41.779+0200] {dagbag.py:532} INFO - Filling up the DagBag from /Users/siddalingkattimani/dbt_env/lib/python3.11/site-packages/airflow/example_dags/example_branch_day_of_week_operator.py
[2023-04-23T01:17:41.800+0200] {processor.py:753} INFO - DAG(s) dict_keys(['example_weekday_branch_operator']) retrieved from /Users/siddalingkattimani/dbt_env/lib/python3.11/site-packages/airflow/example_dags/example_branch_day_of_week_operator.py
[2023-04-23T01:17:42.447+0200] {logging_mixin.py:137} INFO - [2023-04-23T01:17:42.447+0200] {dag.py:2705} INFO - Sync 1 DAGs
[2023-04-23T01:17:42.462+0200] {logging_mixin.py:137} INFO - [2023-04-23T01:17:42.462+0200] {dag.py:3452} INFO - Setting next_dagrun for example_weekday_branch_operator to 2023-04-21T00:00:00+00:00, run_after=2023-04-22T00:00:00+00:00
[2023-04-23T01:17:42.478+0200] {processor.py:175} INFO - Processing /Users/siddalingkattimani/dbt_env/lib/python3.11/site-packages/airflow/example_dags/example_branch_day_of_week_operator.py took 0.704 seconds
[2023-04-23T01:19:44.101+0200] {processor.py:153} INFO - Started process (PID=47851) to work on /Users/siddalingkattimani/dbt_env/lib/python3.11/site-packages/airflow/example_dags/example_branch_day_of_week_operator.py
[2023-04-23T01:19:44.104+0200] {processor.py:743} INFO - Processing file /Users/siddalingkattimani/dbt_env/lib/python3.11/site-packages/airflow/example_dags/example_branch_day_of_week_operator.py for tasks to queue
[2023-04-23T01:19:44.105+0200] {logging_mixin.py:137} INFO - [2023-04-23T01:19:44.105+0200] {dagbag.py:532} INFO - Filling up the DagBag from /Users/siddalingkattimani/dbt_env/lib/python3.11/site-packages/airflow/example_dags/example_branch_day_of_week_operator.py
[2023-04-23T01:19:44.129+0200] {processor.py:753} INFO - DAG(s) dict_keys(['example_weekday_branch_operator']) retrieved from /Users/siddalingkattimani/dbt_env/lib/python3.11/site-packages/airflow/example_dags/example_branch_day_of_week_operator.py
[2023-04-23T01:19:44.784+0200] {logging_mixin.py:137} INFO - [2023-04-23T01:19:44.784+0200] {dag.py:2705} INFO - Sync 1 DAGs
[2023-04-23T01:19:44.799+0200] {logging_mixin.py:137} INFO - [2023-04-23T01:19:44.798+0200] {dag.py:3452} INFO - Setting next_dagrun for example_weekday_branch_operator to 2023-04-21T00:00:00+00:00, run_after=2023-04-22T00:00:00+00:00
[2023-04-23T01:19:44.815+0200] {processor.py:175} INFO - Processing /Users/siddalingkattimani/dbt_env/lib/python3.11/site-packages/airflow/example_dags/example_branch_day_of_week_operator.py took 0.715 seconds
[2023-04-23T01:21:50.629+0200] {processor.py:153} INFO - Started process (PID=47898) to work on /Users/siddalingkattimani/dbt_env/lib/python3.11/site-packages/airflow/example_dags/example_branch_day_of_week_operator.py
[2023-04-23T01:21:50.632+0200] {processor.py:743} INFO - Processing file /Users/siddalingkattimani/dbt_env/lib/python3.11/site-packages/airflow/example_dags/example_branch_day_of_week_operator.py for tasks to queue
[2023-04-23T01:21:50.633+0200] {logging_mixin.py:137} INFO - [2023-04-23T01:21:50.632+0200] {dagbag.py:532} INFO - Filling up the DagBag from /Users/siddalingkattimani/dbt_env/lib/python3.11/site-packages/airflow/example_dags/example_branch_day_of_week_operator.py
[2023-04-23T01:21:50.654+0200] {processor.py:753} INFO - DAG(s) dict_keys(['example_weekday_branch_operator']) retrieved from /Users/siddalingkattimani/dbt_env/lib/python3.11/site-packages/airflow/example_dags/example_branch_day_of_week_operator.py
[2023-04-23T01:21:51.309+0200] {logging_mixin.py:137} INFO - [2023-04-23T01:21:51.308+0200] {dag.py:2705} INFO - Sync 1 DAGs
[2023-04-23T01:21:51.324+0200] {logging_mixin.py:137} INFO - [2023-04-23T01:21:51.324+0200] {dag.py:3452} INFO - Setting next_dagrun for example_weekday_branch_operator to 2023-04-21T00:00:00+00:00, run_after=2023-04-22T00:00:00+00:00
[2023-04-23T01:21:51.343+0200] {processor.py:175} INFO - Processing /Users/siddalingkattimani/dbt_env/lib/python3.11/site-packages/airflow/example_dags/example_branch_day_of_week_operator.py took 0.715 seconds
[2023-04-23T01:23:49.655+0200] {processor.py:153} INFO - Started process (PID=47947) to work on /Users/siddalingkattimani/dbt_env/lib/python3.11/site-packages/airflow/example_dags/example_branch_day_of_week_operator.py
[2023-04-23T01:23:49.658+0200] {processor.py:743} INFO - Processing file /Users/siddalingkattimani/dbt_env/lib/python3.11/site-packages/airflow/example_dags/example_branch_day_of_week_operator.py for tasks to queue
[2023-04-23T01:23:49.659+0200] {logging_mixin.py:137} INFO - [2023-04-23T01:23:49.659+0200] {dagbag.py:532} INFO - Filling up the DagBag from /Users/siddalingkattimani/dbt_env/lib/python3.11/site-packages/airflow/example_dags/example_branch_day_of_week_operator.py
[2023-04-23T01:23:49.681+0200] {processor.py:753} INFO - DAG(s) dict_keys(['example_weekday_branch_operator']) retrieved from /Users/siddalingkattimani/dbt_env/lib/python3.11/site-packages/airflow/example_dags/example_branch_day_of_week_operator.py
[2023-04-23T01:23:50.349+0200] {logging_mixin.py:137} INFO - [2023-04-23T01:23:50.349+0200] {dag.py:2705} INFO - Sync 1 DAGs
[2023-04-23T01:23:50.364+0200] {logging_mixin.py:137} INFO - [2023-04-23T01:23:50.364+0200] {dag.py:3452} INFO - Setting next_dagrun for example_weekday_branch_operator to 2023-04-21T00:00:00+00:00, run_after=2023-04-22T00:00:00+00:00
[2023-04-23T01:23:50.381+0200] {processor.py:175} INFO - Processing /Users/siddalingkattimani/dbt_env/lib/python3.11/site-packages/airflow/example_dags/example_branch_day_of_week_operator.py took 0.727 seconds
[2023-04-23T01:25:47.375+0200] {processor.py:153} INFO - Started process (PID=48015) to work on /Users/siddalingkattimani/dbt_env/lib/python3.11/site-packages/airflow/example_dags/example_branch_day_of_week_operator.py
[2023-04-23T01:25:47.378+0200] {processor.py:743} INFO - Processing file /Users/siddalingkattimani/dbt_env/lib/python3.11/site-packages/airflow/example_dags/example_branch_day_of_week_operator.py for tasks to queue
[2023-04-23T01:25:47.378+0200] {logging_mixin.py:137} INFO - [2023-04-23T01:25:47.378+0200] {dagbag.py:532} INFO - Filling up the DagBag from /Users/siddalingkattimani/dbt_env/lib/python3.11/site-packages/airflow/example_dags/example_branch_day_of_week_operator.py
[2023-04-23T01:25:47.401+0200] {processor.py:753} INFO - DAG(s) dict_keys(['example_weekday_branch_operator']) retrieved from /Users/siddalingkattimani/dbt_env/lib/python3.11/site-packages/airflow/example_dags/example_branch_day_of_week_operator.py
[2023-04-23T01:25:48.075+0200] {logging_mixin.py:137} INFO - [2023-04-23T01:25:48.075+0200] {dag.py:2705} INFO - Sync 1 DAGs
[2023-04-23T01:25:48.090+0200] {logging_mixin.py:137} INFO - [2023-04-23T01:25:48.090+0200] {dag.py:3452} INFO - Setting next_dagrun for example_weekday_branch_operator to 2023-04-21T00:00:00+00:00, run_after=2023-04-22T00:00:00+00:00
[2023-04-23T01:25:48.108+0200] {processor.py:175} INFO - Processing /Users/siddalingkattimani/dbt_env/lib/python3.11/site-packages/airflow/example_dags/example_branch_day_of_week_operator.py took 0.733 seconds
[2023-04-23T01:27:51.829+0200] {processor.py:153} INFO - Started process (PID=48061) to work on /Users/siddalingkattimani/dbt_env/lib/python3.11/site-packages/airflow/example_dags/example_branch_day_of_week_operator.py
[2023-04-23T01:27:51.834+0200] {processor.py:743} INFO - Processing file /Users/siddalingkattimani/dbt_env/lib/python3.11/site-packages/airflow/example_dags/example_branch_day_of_week_operator.py for tasks to queue
[2023-04-23T01:27:51.835+0200] {logging_mixin.py:137} INFO - [2023-04-23T01:27:51.835+0200] {dagbag.py:532} INFO - Filling up the DagBag from /Users/siddalingkattimani/dbt_env/lib/python3.11/site-packages/airflow/example_dags/example_branch_day_of_week_operator.py
[2023-04-23T01:27:51.865+0200] {processor.py:753} INFO - DAG(s) dict_keys(['example_weekday_branch_operator']) retrieved from /Users/siddalingkattimani/dbt_env/lib/python3.11/site-packages/airflow/example_dags/example_branch_day_of_week_operator.py
[2023-04-23T01:27:52.655+0200] {logging_mixin.py:137} INFO - [2023-04-23T01:27:52.655+0200] {dag.py:2705} INFO - Sync 1 DAGs
[2023-04-23T01:27:52.676+0200] {logging_mixin.py:137} INFO - [2023-04-23T01:27:52.676+0200] {dag.py:3452} INFO - Setting next_dagrun for example_weekday_branch_operator to 2023-04-21T00:00:00+00:00, run_after=2023-04-22T00:00:00+00:00
[2023-04-23T01:27:52.701+0200] {processor.py:175} INFO - Processing /Users/siddalingkattimani/dbt_env/lib/python3.11/site-packages/airflow/example_dags/example_branch_day_of_week_operator.py took 0.874 seconds
[2023-04-23T01:29:59.413+0200] {processor.py:153} INFO - Started process (PID=48109) to work on /Users/siddalingkattimani/dbt_env/lib/python3.11/site-packages/airflow/example_dags/example_branch_day_of_week_operator.py
[2023-04-23T01:29:59.416+0200] {processor.py:743} INFO - Processing file /Users/siddalingkattimani/dbt_env/lib/python3.11/site-packages/airflow/example_dags/example_branch_day_of_week_operator.py for tasks to queue
[2023-04-23T01:29:59.417+0200] {logging_mixin.py:137} INFO - [2023-04-23T01:29:59.416+0200] {dagbag.py:532} INFO - Filling up the DagBag from /Users/siddalingkattimani/dbt_env/lib/python3.11/site-packages/airflow/example_dags/example_branch_day_of_week_operator.py
[2023-04-23T01:29:59.438+0200] {processor.py:753} INFO - DAG(s) dict_keys(['example_weekday_branch_operator']) retrieved from /Users/siddalingkattimani/dbt_env/lib/python3.11/site-packages/airflow/example_dags/example_branch_day_of_week_operator.py
[2023-04-23T01:30:00.090+0200] {logging_mixin.py:137} INFO - [2023-04-23T01:30:00.090+0200] {dag.py:2705} INFO - Sync 1 DAGs
[2023-04-23T01:30:00.104+0200] {logging_mixin.py:137} INFO - [2023-04-23T01:30:00.103+0200] {dag.py:3452} INFO - Setting next_dagrun for example_weekday_branch_operator to 2023-04-21T00:00:00+00:00, run_after=2023-04-22T00:00:00+00:00
[2023-04-23T01:30:00.121+0200] {processor.py:175} INFO - Processing /Users/siddalingkattimani/dbt_env/lib/python3.11/site-packages/airflow/example_dags/example_branch_day_of_week_operator.py took 0.708 seconds
[2023-04-23T01:31:58.725+0200] {processor.py:153} INFO - Started process (PID=48156) to work on /Users/siddalingkattimani/dbt_env/lib/python3.11/site-packages/airflow/example_dags/example_branch_day_of_week_operator.py
[2023-04-23T01:31:58.728+0200] {processor.py:743} INFO - Processing file /Users/siddalingkattimani/dbt_env/lib/python3.11/site-packages/airflow/example_dags/example_branch_day_of_week_operator.py for tasks to queue
[2023-04-23T01:31:58.729+0200] {logging_mixin.py:137} INFO - [2023-04-23T01:31:58.729+0200] {dagbag.py:532} INFO - Filling up the DagBag from /Users/siddalingkattimani/dbt_env/lib/python3.11/site-packages/airflow/example_dags/example_branch_day_of_week_operator.py
[2023-04-23T01:31:58.751+0200] {processor.py:753} INFO - DAG(s) dict_keys(['example_weekday_branch_operator']) retrieved from /Users/siddalingkattimani/dbt_env/lib/python3.11/site-packages/airflow/example_dags/example_branch_day_of_week_operator.py
[2023-04-23T01:31:59.508+0200] {logging_mixin.py:137} INFO - [2023-04-23T01:31:59.507+0200] {dag.py:2705} INFO - Sync 1 DAGs
[2023-04-23T01:31:59.525+0200] {logging_mixin.py:137} INFO - [2023-04-23T01:31:59.525+0200] {dag.py:3452} INFO - Setting next_dagrun for example_weekday_branch_operator to 2023-04-21T00:00:00+00:00, run_after=2023-04-22T00:00:00+00:00
[2023-04-23T01:31:59.545+0200] {processor.py:175} INFO - Processing /Users/siddalingkattimani/dbt_env/lib/python3.11/site-packages/airflow/example_dags/example_branch_day_of_week_operator.py took 0.821 seconds
[2023-04-23T01:34:04.157+0200] {processor.py:153} INFO - Started process (PID=48206) to work on /Users/siddalingkattimani/dbt_env/lib/python3.11/site-packages/airflow/example_dags/example_branch_day_of_week_operator.py
[2023-04-23T01:34:04.161+0200] {processor.py:743} INFO - Processing file /Users/siddalingkattimani/dbt_env/lib/python3.11/site-packages/airflow/example_dags/example_branch_day_of_week_operator.py for tasks to queue
[2023-04-23T01:34:04.161+0200] {logging_mixin.py:137} INFO - [2023-04-23T01:34:04.161+0200] {dagbag.py:532} INFO - Filling up the DagBag from /Users/siddalingkattimani/dbt_env/lib/python3.11/site-packages/airflow/example_dags/example_branch_day_of_week_operator.py
[2023-04-23T01:34:04.188+0200] {processor.py:753} INFO - DAG(s) dict_keys(['example_weekday_branch_operator']) retrieved from /Users/siddalingkattimani/dbt_env/lib/python3.11/site-packages/airflow/example_dags/example_branch_day_of_week_operator.py
[2023-04-23T01:34:05.042+0200] {logging_mixin.py:137} INFO - [2023-04-23T01:34:05.041+0200] {dag.py:2705} INFO - Sync 1 DAGs
[2023-04-23T01:34:05.063+0200] {logging_mixin.py:137} INFO - [2023-04-23T01:34:05.062+0200] {dag.py:3452} INFO - Setting next_dagrun for example_weekday_branch_operator to 2023-04-21T00:00:00+00:00, run_after=2023-04-22T00:00:00+00:00
[2023-04-23T01:34:05.084+0200] {processor.py:175} INFO - Processing /Users/siddalingkattimani/dbt_env/lib/python3.11/site-packages/airflow/example_dags/example_branch_day_of_week_operator.py took 0.928 seconds
