[2023-04-23T00:45:22.343+0200] {processor.py:153} INFO - Started process (PID=46797) to work on /Users/siddalingkattimani/dbt_env/lib/python3.11/site-packages/airflow/example_dags/example_branch_operator.py
[2023-04-23T00:45:22.346+0200] {processor.py:743} INFO - Processing file /Users/siddalingkattimani/dbt_env/lib/python3.11/site-packages/airflow/example_dags/example_branch_operator.py for tasks to queue
[2023-04-23T00:45:22.347+0200] {logging_mixin.py:137} INFO - [2023-04-23T00:45:22.347+0200] {dagbag.py:532} INFO - Filling up the DagBag from /Users/siddalingkattimani/dbt_env/lib/python3.11/site-packages/airflow/example_dags/example_branch_operator.py
[2023-04-23T00:45:22.378+0200] {processor.py:753} INFO - DAG(s) dict_keys(['example_branch_operator']) retrieved from /Users/siddalingkattimani/dbt_env/lib/python3.11/site-packages/airflow/example_dags/example_branch_operator.py
[2023-04-23T00:45:23.084+0200] {logging_mixin.py:137} INFO - [2023-04-23T00:45:23.084+0200] {manager.py:504} INFO - Created Permission View: can edit on DAG:example_branch_operator
[2023-04-23T00:45:23.092+0200] {logging_mixin.py:137} INFO - [2023-04-23T00:45:23.091+0200] {manager.py:504} INFO - Created Permission View: can delete on DAG:example_branch_operator
[2023-04-23T00:45:23.096+0200] {logging_mixin.py:137} INFO - [2023-04-23T00:45:23.096+0200] {manager.py:504} INFO - Created Permission View: can read on DAG:example_branch_operator
[2023-04-23T00:45:23.097+0200] {logging_mixin.py:137} INFO - [2023-04-23T00:45:23.097+0200] {dag.py:2705} INFO - Sync 1 DAGs
[2023-04-23T00:45:23.105+0200] {logging_mixin.py:137} INFO - [2023-04-23T00:45:23.105+0200] {dag.py:2726} INFO - Creating ORM DAG for example_branch_operator
[2023-04-23T00:45:23.114+0200] {logging_mixin.py:137} INFO - [2023-04-23T00:45:23.114+0200] {dag.py:3452} INFO - Setting next_dagrun for example_branch_operator to 2023-04-21T00:00:00+00:00, run_after=2023-04-22T00:00:00+00:00
[2023-04-23T00:45:23.132+0200] {processor.py:175} INFO - Processing /Users/siddalingkattimani/dbt_env/lib/python3.11/site-packages/airflow/example_dags/example_branch_operator.py took 0.789 seconds
[2023-04-23T00:47:20.992+0200] {processor.py:153} INFO - Started process (PID=46844) to work on /Users/siddalingkattimani/dbt_env/lib/python3.11/site-packages/airflow/example_dags/example_branch_operator.py
[2023-04-23T00:47:20.995+0200] {processor.py:743} INFO - Processing file /Users/siddalingkattimani/dbt_env/lib/python3.11/site-packages/airflow/example_dags/example_branch_operator.py for tasks to queue
[2023-04-23T00:47:20.996+0200] {logging_mixin.py:137} INFO - [2023-04-23T00:47:20.996+0200] {dagbag.py:532} INFO - Filling up the DagBag from /Users/siddalingkattimani/dbt_env/lib/python3.11/site-packages/airflow/example_dags/example_branch_operator.py
[2023-04-23T00:47:21.032+0200] {processor.py:753} INFO - DAG(s) dict_keys(['example_branch_operator']) retrieved from /Users/siddalingkattimani/dbt_env/lib/python3.11/site-packages/airflow/example_dags/example_branch_operator.py
[2023-04-23T00:47:22.577+0200] {logging_mixin.py:137} INFO - [2023-04-23T00:47:22.577+0200] {dag.py:2705} INFO - Sync 1 DAGs
[2023-04-23T00:47:22.598+0200] {logging_mixin.py:137} INFO - [2023-04-23T00:47:22.598+0200] {dag.py:3452} INFO - Setting next_dagrun for example_branch_operator to 2023-04-21T00:00:00+00:00, run_after=2023-04-22T00:00:00+00:00
[2023-04-23T00:47:22.619+0200] {processor.py:175} INFO - Processing /Users/siddalingkattimani/dbt_env/lib/python3.11/site-packages/airflow/example_dags/example_branch_operator.py took 1.627 seconds
[2023-04-23T00:49:23.359+0200] {processor.py:153} INFO - Started process (PID=46889) to work on /Users/siddalingkattimani/dbt_env/lib/python3.11/site-packages/airflow/example_dags/example_branch_operator.py
[2023-04-23T00:49:23.362+0200] {processor.py:743} INFO - Processing file /Users/siddalingkattimani/dbt_env/lib/python3.11/site-packages/airflow/example_dags/example_branch_operator.py for tasks to queue
[2023-04-23T00:49:23.362+0200] {logging_mixin.py:137} INFO - [2023-04-23T00:49:23.362+0200] {dagbag.py:532} INFO - Filling up the DagBag from /Users/siddalingkattimani/dbt_env/lib/python3.11/site-packages/airflow/example_dags/example_branch_operator.py
[2023-04-23T00:49:23.394+0200] {processor.py:753} INFO - DAG(s) dict_keys(['example_branch_operator']) retrieved from /Users/siddalingkattimani/dbt_env/lib/python3.11/site-packages/airflow/example_dags/example_branch_operator.py
[2023-04-23T00:49:24.315+0200] {logging_mixin.py:137} INFO - [2023-04-23T00:49:24.315+0200] {dag.py:2705} INFO - Sync 1 DAGs
[2023-04-23T00:49:24.330+0200] {logging_mixin.py:137} INFO - [2023-04-23T00:49:24.330+0200] {dag.py:3452} INFO - Setting next_dagrun for example_branch_operator to 2023-04-21T00:00:00+00:00, run_after=2023-04-22T00:00:00+00:00
[2023-04-23T00:49:24.348+0200] {processor.py:175} INFO - Processing /Users/siddalingkattimani/dbt_env/lib/python3.11/site-packages/airflow/example_dags/example_branch_operator.py took 0.990 seconds
[2023-04-23T00:51:35.716+0200] {processor.py:153} INFO - Started process (PID=46951) to work on /Users/siddalingkattimani/dbt_env/lib/python3.11/site-packages/airflow/example_dags/example_branch_operator.py
[2023-04-23T00:51:35.719+0200] {processor.py:743} INFO - Processing file /Users/siddalingkattimani/dbt_env/lib/python3.11/site-packages/airflow/example_dags/example_branch_operator.py for tasks to queue
[2023-04-23T00:51:35.719+0200] {logging_mixin.py:137} INFO - [2023-04-23T00:51:35.719+0200] {dagbag.py:532} INFO - Filling up the DagBag from /Users/siddalingkattimani/dbt_env/lib/python3.11/site-packages/airflow/example_dags/example_branch_operator.py
[2023-04-23T00:51:35.763+0200] {processor.py:753} INFO - DAG(s) dict_keys(['example_branch_operator']) retrieved from /Users/siddalingkattimani/dbt_env/lib/python3.11/site-packages/airflow/example_dags/example_branch_operator.py
[2023-04-23T00:51:36.800+0200] {logging_mixin.py:137} INFO - [2023-04-23T00:51:36.800+0200] {dag.py:2705} INFO - Sync 1 DAGs
[2023-04-23T00:51:36.819+0200] {logging_mixin.py:137} INFO - [2023-04-23T00:51:36.819+0200] {dag.py:3452} INFO - Setting next_dagrun for example_branch_operator to 2023-04-21T00:00:00+00:00, run_after=2023-04-22T00:00:00+00:00
[2023-04-23T00:51:36.839+0200] {processor.py:175} INFO - Processing /Users/siddalingkattimani/dbt_env/lib/python3.11/site-packages/airflow/example_dags/example_branch_operator.py took 1.124 seconds
[2023-04-23T00:53:36.997+0200] {processor.py:153} INFO - Started process (PID=46996) to work on /Users/siddalingkattimani/dbt_env/lib/python3.11/site-packages/airflow/example_dags/example_branch_operator.py
[2023-04-23T00:53:37.001+0200] {processor.py:743} INFO - Processing file /Users/siddalingkattimani/dbt_env/lib/python3.11/site-packages/airflow/example_dags/example_branch_operator.py for tasks to queue
[2023-04-23T00:53:37.002+0200] {logging_mixin.py:137} INFO - [2023-04-23T00:53:37.002+0200] {dagbag.py:532} INFO - Filling up the DagBag from /Users/siddalingkattimani/dbt_env/lib/python3.11/site-packages/airflow/example_dags/example_branch_operator.py
[2023-04-23T00:53:37.047+0200] {processor.py:753} INFO - DAG(s) dict_keys(['example_branch_operator']) retrieved from /Users/siddalingkattimani/dbt_env/lib/python3.11/site-packages/airflow/example_dags/example_branch_operator.py
[2023-04-23T00:53:37.979+0200] {logging_mixin.py:137} INFO - [2023-04-23T00:53:37.978+0200] {dag.py:2705} INFO - Sync 1 DAGs
[2023-04-23T00:53:38.004+0200] {logging_mixin.py:137} INFO - [2023-04-23T00:53:38.004+0200] {dag.py:3452} INFO - Setting next_dagrun for example_branch_operator to 2023-04-21T00:00:00+00:00, run_after=2023-04-22T00:00:00+00:00
[2023-04-23T00:53:38.029+0200] {processor.py:175} INFO - Processing /Users/siddalingkattimani/dbt_env/lib/python3.11/site-packages/airflow/example_dags/example_branch_operator.py took 1.032 seconds
[2023-04-23T00:55:40.653+0200] {processor.py:153} INFO - Started process (PID=47065) to work on /Users/siddalingkattimani/dbt_env/lib/python3.11/site-packages/airflow/example_dags/example_branch_operator.py
[2023-04-23T00:55:40.658+0200] {processor.py:743} INFO - Processing file /Users/siddalingkattimani/dbt_env/lib/python3.11/site-packages/airflow/example_dags/example_branch_operator.py for tasks to queue
[2023-04-23T00:55:40.659+0200] {logging_mixin.py:137} INFO - [2023-04-23T00:55:40.659+0200] {dagbag.py:532} INFO - Filling up the DagBag from /Users/siddalingkattimani/dbt_env/lib/python3.11/site-packages/airflow/example_dags/example_branch_operator.py
[2023-04-23T00:55:40.705+0200] {processor.py:753} INFO - DAG(s) dict_keys(['example_branch_operator']) retrieved from /Users/siddalingkattimani/dbt_env/lib/python3.11/site-packages/airflow/example_dags/example_branch_operator.py
[2023-04-23T00:55:41.738+0200] {logging_mixin.py:137} INFO - [2023-04-23T00:55:41.738+0200] {dag.py:2705} INFO - Sync 1 DAGs
[2023-04-23T00:55:41.755+0200] {logging_mixin.py:137} INFO - [2023-04-23T00:55:41.754+0200] {dag.py:3452} INFO - Setting next_dagrun for example_branch_operator to 2023-04-21T00:00:00+00:00, run_after=2023-04-22T00:00:00+00:00
[2023-04-23T00:55:41.774+0200] {processor.py:175} INFO - Processing /Users/siddalingkattimani/dbt_env/lib/python3.11/site-packages/airflow/example_dags/example_branch_operator.py took 1.122 seconds
[2023-04-23T00:57:47.177+0200] {processor.py:153} INFO - Started process (PID=47116) to work on /Users/siddalingkattimani/dbt_env/lib/python3.11/site-packages/airflow/example_dags/example_branch_operator.py
[2023-04-23T00:57:47.184+0200] {processor.py:743} INFO - Processing file /Users/siddalingkattimani/dbt_env/lib/python3.11/site-packages/airflow/example_dags/example_branch_operator.py for tasks to queue
[2023-04-23T00:57:47.185+0200] {logging_mixin.py:137} INFO - [2023-04-23T00:57:47.184+0200] {dagbag.py:532} INFO - Filling up the DagBag from /Users/siddalingkattimani/dbt_env/lib/python3.11/site-packages/airflow/example_dags/example_branch_operator.py
[2023-04-23T00:57:47.247+0200] {processor.py:753} INFO - DAG(s) dict_keys(['example_branch_operator']) retrieved from /Users/siddalingkattimani/dbt_env/lib/python3.11/site-packages/airflow/example_dags/example_branch_operator.py
[2023-04-23T00:57:48.201+0200] {logging_mixin.py:137} INFO - [2023-04-23T00:57:48.200+0200] {dag.py:2705} INFO - Sync 1 DAGs
[2023-04-23T00:57:48.228+0200] {logging_mixin.py:137} INFO - [2023-04-23T00:57:48.228+0200] {dag.py:3452} INFO - Setting next_dagrun for example_branch_operator to 2023-04-21T00:00:00+00:00, run_after=2023-04-22T00:00:00+00:00
[2023-04-23T00:57:48.256+0200] {processor.py:175} INFO - Processing /Users/siddalingkattimani/dbt_env/lib/python3.11/site-packages/airflow/example_dags/example_branch_operator.py took 1.080 seconds
[2023-04-23T00:59:53.107+0200] {processor.py:153} INFO - Started process (PID=47165) to work on /Users/siddalingkattimani/dbt_env/lib/python3.11/site-packages/airflow/example_dags/example_branch_operator.py
[2023-04-23T00:59:53.111+0200] {processor.py:743} INFO - Processing file /Users/siddalingkattimani/dbt_env/lib/python3.11/site-packages/airflow/example_dags/example_branch_operator.py for tasks to queue
[2023-04-23T00:59:53.111+0200] {logging_mixin.py:137} INFO - [2023-04-23T00:59:53.111+0200] {dagbag.py:532} INFO - Filling up the DagBag from /Users/siddalingkattimani/dbt_env/lib/python3.11/site-packages/airflow/example_dags/example_branch_operator.py
[2023-04-23T00:59:53.144+0200] {processor.py:753} INFO - DAG(s) dict_keys(['example_branch_operator']) retrieved from /Users/siddalingkattimani/dbt_env/lib/python3.11/site-packages/airflow/example_dags/example_branch_operator.py
[2023-04-23T00:59:53.802+0200] {logging_mixin.py:137} INFO - [2023-04-23T00:59:53.802+0200] {dag.py:2705} INFO - Sync 1 DAGs
[2023-04-23T00:59:53.818+0200] {logging_mixin.py:137} INFO - [2023-04-23T00:59:53.818+0200] {dag.py:3452} INFO - Setting next_dagrun for example_branch_operator to 2023-04-21T00:00:00+00:00, run_after=2023-04-22T00:00:00+00:00
[2023-04-23T00:59:53.836+0200] {processor.py:175} INFO - Processing /Users/siddalingkattimani/dbt_env/lib/python3.11/site-packages/airflow/example_dags/example_branch_operator.py took 0.730 seconds
[2023-04-23T01:02:11.791+0200] {processor.py:153} INFO - Started process (PID=47212) to work on /Users/siddalingkattimani/dbt_env/lib/python3.11/site-packages/airflow/example_dags/example_branch_operator.py
[2023-04-23T01:02:11.795+0200] {processor.py:743} INFO - Processing file /Users/siddalingkattimani/dbt_env/lib/python3.11/site-packages/airflow/example_dags/example_branch_operator.py for tasks to queue
[2023-04-23T01:02:11.796+0200] {logging_mixin.py:137} INFO - [2023-04-23T01:02:11.796+0200] {dagbag.py:532} INFO - Filling up the DagBag from /Users/siddalingkattimani/dbt_env/lib/python3.11/site-packages/airflow/example_dags/example_branch_operator.py
[2023-04-23T01:02:11.828+0200] {processor.py:753} INFO - DAG(s) dict_keys(['example_branch_operator']) retrieved from /Users/siddalingkattimani/dbt_env/lib/python3.11/site-packages/airflow/example_dags/example_branch_operator.py
[2023-04-23T01:02:12.504+0200] {logging_mixin.py:137} INFO - [2023-04-23T01:02:12.504+0200] {dag.py:2705} INFO - Sync 1 DAGs
[2023-04-23T01:02:12.519+0200] {logging_mixin.py:137} INFO - [2023-04-23T01:02:12.519+0200] {dag.py:3452} INFO - Setting next_dagrun for example_branch_operator to 2023-04-21T00:00:00+00:00, run_after=2023-04-22T00:00:00+00:00
[2023-04-23T01:02:12.535+0200] {processor.py:175} INFO - Processing /Users/siddalingkattimani/dbt_env/lib/python3.11/site-packages/airflow/example_dags/example_branch_operator.py took 0.745 seconds
[2023-04-23T01:04:10.977+0200] {processor.py:153} INFO - Started process (PID=47258) to work on /Users/siddalingkattimani/dbt_env/lib/python3.11/site-packages/airflow/example_dags/example_branch_operator.py
[2023-04-23T01:04:10.980+0200] {processor.py:743} INFO - Processing file /Users/siddalingkattimani/dbt_env/lib/python3.11/site-packages/airflow/example_dags/example_branch_operator.py for tasks to queue
[2023-04-23T01:04:10.980+0200] {logging_mixin.py:137} INFO - [2023-04-23T01:04:10.980+0200] {dagbag.py:532} INFO - Filling up the DagBag from /Users/siddalingkattimani/dbt_env/lib/python3.11/site-packages/airflow/example_dags/example_branch_operator.py
[2023-04-23T01:04:11.015+0200] {processor.py:753} INFO - DAG(s) dict_keys(['example_branch_operator']) retrieved from /Users/siddalingkattimani/dbt_env/lib/python3.11/site-packages/airflow/example_dags/example_branch_operator.py
[2023-04-23T01:04:11.722+0200] {logging_mixin.py:137} INFO - [2023-04-23T01:04:11.722+0200] {dag.py:2705} INFO - Sync 1 DAGs
[2023-04-23T01:04:11.739+0200] {logging_mixin.py:137} INFO - [2023-04-23T01:04:11.739+0200] {dag.py:3452} INFO - Setting next_dagrun for example_branch_operator to 2023-04-21T00:00:00+00:00, run_after=2023-04-22T00:00:00+00:00
[2023-04-23T01:04:11.757+0200] {processor.py:175} INFO - Processing /Users/siddalingkattimani/dbt_env/lib/python3.11/site-packages/airflow/example_dags/example_branch_operator.py took 0.781 seconds
[2023-04-23T01:06:24.081+0200] {processor.py:153} INFO - Started process (PID=47364) to work on /Users/siddalingkattimani/dbt_env/lib/python3.11/site-packages/airflow/example_dags/example_branch_operator.py
[2023-04-23T01:06:24.086+0200] {processor.py:743} INFO - Processing file /Users/siddalingkattimani/dbt_env/lib/python3.11/site-packages/airflow/example_dags/example_branch_operator.py for tasks to queue
[2023-04-23T01:06:24.087+0200] {logging_mixin.py:137} INFO - [2023-04-23T01:06:24.087+0200] {dagbag.py:532} INFO - Filling up the DagBag from /Users/siddalingkattimani/dbt_env/lib/python3.11/site-packages/airflow/example_dags/example_branch_operator.py
[2023-04-23T01:06:24.125+0200] {processor.py:753} INFO - DAG(s) dict_keys(['example_branch_operator']) retrieved from /Users/siddalingkattimani/dbt_env/lib/python3.11/site-packages/airflow/example_dags/example_branch_operator.py
[2023-04-23T01:06:24.827+0200] {logging_mixin.py:137} INFO - [2023-04-23T01:06:24.827+0200] {dag.py:2705} INFO - Sync 1 DAGs
[2023-04-23T01:06:24.845+0200] {logging_mixin.py:137} INFO - [2023-04-23T01:06:24.845+0200] {dag.py:3452} INFO - Setting next_dagrun for example_branch_operator to 2023-04-21T00:00:00+00:00, run_after=2023-04-22T00:00:00+00:00
[2023-04-23T01:06:24.862+0200] {processor.py:175} INFO - Processing /Users/siddalingkattimani/dbt_env/lib/python3.11/site-packages/airflow/example_dags/example_branch_operator.py took 0.782 seconds
[2023-04-23T01:08:57.600+0200] {processor.py:153} INFO - Started process (PID=47589) to work on /Users/siddalingkattimani/dbt_env/lib/python3.11/site-packages/airflow/example_dags/example_branch_operator.py
[2023-04-23T01:08:57.604+0200] {processor.py:743} INFO - Processing file /Users/siddalingkattimani/dbt_env/lib/python3.11/site-packages/airflow/example_dags/example_branch_operator.py for tasks to queue
[2023-04-23T01:08:57.605+0200] {logging_mixin.py:137} INFO - [2023-04-23T01:08:57.605+0200] {dagbag.py:532} INFO - Filling up the DagBag from /Users/siddalingkattimani/dbt_env/lib/python3.11/site-packages/airflow/example_dags/example_branch_operator.py
[2023-04-23T01:08:57.652+0200] {processor.py:753} INFO - DAG(s) dict_keys(['example_branch_operator']) retrieved from /Users/siddalingkattimani/dbt_env/lib/python3.11/site-packages/airflow/example_dags/example_branch_operator.py
[2023-04-23T01:08:58.456+0200] {logging_mixin.py:137} INFO - [2023-04-23T01:08:58.456+0200] {dag.py:2705} INFO - Sync 1 DAGs
[2023-04-23T01:08:58.475+0200] {logging_mixin.py:137} INFO - [2023-04-23T01:08:58.475+0200] {dag.py:3452} INFO - Setting next_dagrun for example_branch_operator to 2023-04-21T00:00:00+00:00, run_after=2023-04-22T00:00:00+00:00
[2023-04-23T01:08:58.497+0200] {processor.py:175} INFO - Processing /Users/siddalingkattimani/dbt_env/lib/python3.11/site-packages/airflow/example_dags/example_branch_operator.py took 0.897 seconds
[2023-04-23T01:11:27.620+0200] {processor.py:153} INFO - Started process (PID=47665) to work on /Users/siddalingkattimani/dbt_env/lib/python3.11/site-packages/airflow/example_dags/example_branch_operator.py
[2023-04-23T01:11:27.624+0200] {processor.py:743} INFO - Processing file /Users/siddalingkattimani/dbt_env/lib/python3.11/site-packages/airflow/example_dags/example_branch_operator.py for tasks to queue
[2023-04-23T01:11:27.625+0200] {logging_mixin.py:137} INFO - [2023-04-23T01:11:27.625+0200] {dagbag.py:532} INFO - Filling up the DagBag from /Users/siddalingkattimani/dbt_env/lib/python3.11/site-packages/airflow/example_dags/example_branch_operator.py
[2023-04-23T01:11:27.665+0200] {processor.py:753} INFO - DAG(s) dict_keys(['example_branch_operator']) retrieved from /Users/siddalingkattimani/dbt_env/lib/python3.11/site-packages/airflow/example_dags/example_branch_operator.py
[2023-04-23T01:11:28.405+0200] {logging_mixin.py:137} INFO - [2023-04-23T01:11:28.405+0200] {dag.py:2705} INFO - Sync 1 DAGs
[2023-04-23T01:11:28.420+0200] {logging_mixin.py:137} INFO - [2023-04-23T01:11:28.420+0200] {dag.py:3452} INFO - Setting next_dagrun for example_branch_operator to 2023-04-21T00:00:00+00:00, run_after=2023-04-22T00:00:00+00:00
[2023-04-23T01:11:28.446+0200] {processor.py:175} INFO - Processing /Users/siddalingkattimani/dbt_env/lib/python3.11/site-packages/airflow/example_dags/example_branch_operator.py took 0.827 seconds
[2023-04-23T01:13:28.511+0200] {processor.py:153} INFO - Started process (PID=47711) to work on /Users/siddalingkattimani/dbt_env/lib/python3.11/site-packages/airflow/example_dags/example_branch_operator.py
[2023-04-23T01:13:28.514+0200] {processor.py:743} INFO - Processing file /Users/siddalingkattimani/dbt_env/lib/python3.11/site-packages/airflow/example_dags/example_branch_operator.py for tasks to queue
[2023-04-23T01:13:28.515+0200] {logging_mixin.py:137} INFO - [2023-04-23T01:13:28.515+0200] {dagbag.py:532} INFO - Filling up the DagBag from /Users/siddalingkattimani/dbt_env/lib/python3.11/site-packages/airflow/example_dags/example_branch_operator.py
[2023-04-23T01:13:28.549+0200] {processor.py:753} INFO - DAG(s) dict_keys(['example_branch_operator']) retrieved from /Users/siddalingkattimani/dbt_env/lib/python3.11/site-packages/airflow/example_dags/example_branch_operator.py
[2023-04-23T01:13:29.186+0200] {logging_mixin.py:137} INFO - [2023-04-23T01:13:29.186+0200] {dag.py:2705} INFO - Sync 1 DAGs
[2023-04-23T01:13:29.199+0200] {logging_mixin.py:137} INFO - [2023-04-23T01:13:29.199+0200] {dag.py:3452} INFO - Setting next_dagrun for example_branch_operator to 2023-04-21T00:00:00+00:00, run_after=2023-04-22T00:00:00+00:00
[2023-04-23T01:13:29.217+0200] {processor.py:175} INFO - Processing /Users/siddalingkattimani/dbt_env/lib/python3.11/site-packages/airflow/example_dags/example_branch_operator.py took 0.706 seconds
[2023-04-23T01:15:32.862+0200] {processor.py:153} INFO - Started process (PID=47758) to work on /Users/siddalingkattimani/dbt_env/lib/python3.11/site-packages/airflow/example_dags/example_branch_operator.py
[2023-04-23T01:15:32.865+0200] {processor.py:743} INFO - Processing file /Users/siddalingkattimani/dbt_env/lib/python3.11/site-packages/airflow/example_dags/example_branch_operator.py for tasks to queue
[2023-04-23T01:15:32.865+0200] {logging_mixin.py:137} INFO - [2023-04-23T01:15:32.865+0200] {dagbag.py:532} INFO - Filling up the DagBag from /Users/siddalingkattimani/dbt_env/lib/python3.11/site-packages/airflow/example_dags/example_branch_operator.py
[2023-04-23T01:15:32.918+0200] {processor.py:753} INFO - DAG(s) dict_keys(['example_branch_operator']) retrieved from /Users/siddalingkattimani/dbt_env/lib/python3.11/site-packages/airflow/example_dags/example_branch_operator.py
[2023-04-23T01:15:33.606+0200] {logging_mixin.py:137} INFO - [2023-04-23T01:15:33.606+0200] {dag.py:2705} INFO - Sync 1 DAGs
[2023-04-23T01:15:33.621+0200] {logging_mixin.py:137} INFO - [2023-04-23T01:15:33.621+0200] {dag.py:3452} INFO - Setting next_dagrun for example_branch_operator to 2023-04-21T00:00:00+00:00, run_after=2023-04-22T00:00:00+00:00
[2023-04-23T01:15:33.639+0200] {processor.py:175} INFO - Processing /Users/siddalingkattimani/dbt_env/lib/python3.11/site-packages/airflow/example_dags/example_branch_operator.py took 0.778 seconds
[2023-04-23T01:17:36.678+0200] {processor.py:153} INFO - Started process (PID=47804) to work on /Users/siddalingkattimani/dbt_env/lib/python3.11/site-packages/airflow/example_dags/example_branch_operator.py
[2023-04-23T01:17:36.681+0200] {processor.py:743} INFO - Processing file /Users/siddalingkattimani/dbt_env/lib/python3.11/site-packages/airflow/example_dags/example_branch_operator.py for tasks to queue
[2023-04-23T01:17:36.681+0200] {logging_mixin.py:137} INFO - [2023-04-23T01:17:36.681+0200] {dagbag.py:532} INFO - Filling up the DagBag from /Users/siddalingkattimani/dbt_env/lib/python3.11/site-packages/airflow/example_dags/example_branch_operator.py
[2023-04-23T01:17:36.715+0200] {processor.py:753} INFO - DAG(s) dict_keys(['example_branch_operator']) retrieved from /Users/siddalingkattimani/dbt_env/lib/python3.11/site-packages/airflow/example_dags/example_branch_operator.py
[2023-04-23T01:17:37.356+0200] {logging_mixin.py:137} INFO - [2023-04-23T01:17:37.356+0200] {dag.py:2705} INFO - Sync 1 DAGs
[2023-04-23T01:17:37.370+0200] {logging_mixin.py:137} INFO - [2023-04-23T01:17:37.369+0200] {dag.py:3452} INFO - Setting next_dagrun for example_branch_operator to 2023-04-21T00:00:00+00:00, run_after=2023-04-22T00:00:00+00:00
[2023-04-23T01:17:37.392+0200] {processor.py:175} INFO - Processing /Users/siddalingkattimani/dbt_env/lib/python3.11/site-packages/airflow/example_dags/example_branch_operator.py took 0.714 seconds
[2023-04-23T01:19:38.549+0200] {processor.py:153} INFO - Started process (PID=47849) to work on /Users/siddalingkattimani/dbt_env/lib/python3.11/site-packages/airflow/example_dags/example_branch_operator.py
[2023-04-23T01:19:38.554+0200] {processor.py:743} INFO - Processing file /Users/siddalingkattimani/dbt_env/lib/python3.11/site-packages/airflow/example_dags/example_branch_operator.py for tasks to queue
[2023-04-23T01:19:38.555+0200] {logging_mixin.py:137} INFO - [2023-04-23T01:19:38.555+0200] {dagbag.py:532} INFO - Filling up the DagBag from /Users/siddalingkattimani/dbt_env/lib/python3.11/site-packages/airflow/example_dags/example_branch_operator.py
[2023-04-23T01:19:38.600+0200] {processor.py:753} INFO - DAG(s) dict_keys(['example_branch_operator']) retrieved from /Users/siddalingkattimani/dbt_env/lib/python3.11/site-packages/airflow/example_dags/example_branch_operator.py
[2023-04-23T01:19:39.402+0200] {logging_mixin.py:137} INFO - [2023-04-23T01:19:39.402+0200] {dag.py:2705} INFO - Sync 1 DAGs
[2023-04-23T01:19:39.417+0200] {logging_mixin.py:137} INFO - [2023-04-23T01:19:39.417+0200] {dag.py:3452} INFO - Setting next_dagrun for example_branch_operator to 2023-04-21T00:00:00+00:00, run_after=2023-04-22T00:00:00+00:00
[2023-04-23T01:19:39.436+0200] {processor.py:175} INFO - Processing /Users/siddalingkattimani/dbt_env/lib/python3.11/site-packages/airflow/example_dags/example_branch_operator.py took 0.888 seconds
[2023-04-23T01:21:44.724+0200] {processor.py:153} INFO - Started process (PID=47895) to work on /Users/siddalingkattimani/dbt_env/lib/python3.11/site-packages/airflow/example_dags/example_branch_operator.py
[2023-04-23T01:21:44.727+0200] {processor.py:743} INFO - Processing file /Users/siddalingkattimani/dbt_env/lib/python3.11/site-packages/airflow/example_dags/example_branch_operator.py for tasks to queue
[2023-04-23T01:21:44.728+0200] {logging_mixin.py:137} INFO - [2023-04-23T01:21:44.728+0200] {dagbag.py:532} INFO - Filling up the DagBag from /Users/siddalingkattimani/dbt_env/lib/python3.11/site-packages/airflow/example_dags/example_branch_operator.py
[2023-04-23T01:21:44.767+0200] {processor.py:753} INFO - DAG(s) dict_keys(['example_branch_operator']) retrieved from /Users/siddalingkattimani/dbt_env/lib/python3.11/site-packages/airflow/example_dags/example_branch_operator.py
[2023-04-23T01:21:45.454+0200] {logging_mixin.py:137} INFO - [2023-04-23T01:21:45.453+0200] {dag.py:2705} INFO - Sync 1 DAGs
[2023-04-23T01:21:45.471+0200] {logging_mixin.py:137} INFO - [2023-04-23T01:21:45.470+0200] {dag.py:3452} INFO - Setting next_dagrun for example_branch_operator to 2023-04-21T00:00:00+00:00, run_after=2023-04-22T00:00:00+00:00
[2023-04-23T01:21:45.495+0200] {processor.py:175} INFO - Processing /Users/siddalingkattimani/dbt_env/lib/python3.11/site-packages/airflow/example_dags/example_branch_operator.py took 0.771 seconds
[2023-04-23T01:23:43.743+0200] {processor.py:153} INFO - Started process (PID=47943) to work on /Users/siddalingkattimani/dbt_env/lib/python3.11/site-packages/airflow/example_dags/example_branch_operator.py
[2023-04-23T01:23:43.746+0200] {processor.py:743} INFO - Processing file /Users/siddalingkattimani/dbt_env/lib/python3.11/site-packages/airflow/example_dags/example_branch_operator.py for tasks to queue
[2023-04-23T01:23:43.746+0200] {logging_mixin.py:137} INFO - [2023-04-23T01:23:43.746+0200] {dagbag.py:532} INFO - Filling up the DagBag from /Users/siddalingkattimani/dbt_env/lib/python3.11/site-packages/airflow/example_dags/example_branch_operator.py
[2023-04-23T01:23:43.778+0200] {processor.py:753} INFO - DAG(s) dict_keys(['example_branch_operator']) retrieved from /Users/siddalingkattimani/dbt_env/lib/python3.11/site-packages/airflow/example_dags/example_branch_operator.py
[2023-04-23T01:23:44.393+0200] {logging_mixin.py:137} INFO - [2023-04-23T01:23:44.393+0200] {dag.py:2705} INFO - Sync 1 DAGs
[2023-04-23T01:23:44.407+0200] {logging_mixin.py:137} INFO - [2023-04-23T01:23:44.407+0200] {dag.py:3452} INFO - Setting next_dagrun for example_branch_operator to 2023-04-21T00:00:00+00:00, run_after=2023-04-22T00:00:00+00:00
[2023-04-23T01:23:44.425+0200] {processor.py:175} INFO - Processing /Users/siddalingkattimani/dbt_env/lib/python3.11/site-packages/airflow/example_dags/example_branch_operator.py took 0.683 seconds
[2023-04-23T01:25:41.670+0200] {processor.py:153} INFO - Started process (PID=48012) to work on /Users/siddalingkattimani/dbt_env/lib/python3.11/site-packages/airflow/example_dags/example_branch_operator.py
[2023-04-23T01:25:41.673+0200] {processor.py:743} INFO - Processing file /Users/siddalingkattimani/dbt_env/lib/python3.11/site-packages/airflow/example_dags/example_branch_operator.py for tasks to queue
[2023-04-23T01:25:41.673+0200] {logging_mixin.py:137} INFO - [2023-04-23T01:25:41.673+0200] {dagbag.py:532} INFO - Filling up the DagBag from /Users/siddalingkattimani/dbt_env/lib/python3.11/site-packages/airflow/example_dags/example_branch_operator.py
[2023-04-23T01:25:41.706+0200] {processor.py:753} INFO - DAG(s) dict_keys(['example_branch_operator']) retrieved from /Users/siddalingkattimani/dbt_env/lib/python3.11/site-packages/airflow/example_dags/example_branch_operator.py
[2023-04-23T01:25:42.364+0200] {logging_mixin.py:137} INFO - [2023-04-23T01:25:42.364+0200] {dag.py:2705} INFO - Sync 1 DAGs
[2023-04-23T01:25:42.379+0200] {logging_mixin.py:137} INFO - [2023-04-23T01:25:42.379+0200] {dag.py:3452} INFO - Setting next_dagrun for example_branch_operator to 2023-04-21T00:00:00+00:00, run_after=2023-04-22T00:00:00+00:00
[2023-04-23T01:25:42.396+0200] {processor.py:175} INFO - Processing /Users/siddalingkattimani/dbt_env/lib/python3.11/site-packages/airflow/example_dags/example_branch_operator.py took 0.727 seconds
[2023-04-23T01:27:46.449+0200] {processor.py:153} INFO - Started process (PID=48059) to work on /Users/siddalingkattimani/dbt_env/lib/python3.11/site-packages/airflow/example_dags/example_branch_operator.py
[2023-04-23T01:27:46.461+0200] {processor.py:743} INFO - Processing file /Users/siddalingkattimani/dbt_env/lib/python3.11/site-packages/airflow/example_dags/example_branch_operator.py for tasks to queue
[2023-04-23T01:27:46.462+0200] {logging_mixin.py:137} INFO - [2023-04-23T01:27:46.462+0200] {dagbag.py:532} INFO - Filling up the DagBag from /Users/siddalingkattimani/dbt_env/lib/python3.11/site-packages/airflow/example_dags/example_branch_operator.py
[2023-04-23T01:27:46.517+0200] {processor.py:753} INFO - DAG(s) dict_keys(['example_branch_operator']) retrieved from /Users/siddalingkattimani/dbt_env/lib/python3.11/site-packages/airflow/example_dags/example_branch_operator.py
[2023-04-23T01:27:47.254+0200] {logging_mixin.py:137} INFO - [2023-04-23T01:27:47.254+0200] {dag.py:2705} INFO - Sync 1 DAGs
[2023-04-23T01:27:47.270+0200] {logging_mixin.py:137} INFO - [2023-04-23T01:27:47.270+0200] {dag.py:3452} INFO - Setting next_dagrun for example_branch_operator to 2023-04-21T00:00:00+00:00, run_after=2023-04-22T00:00:00+00:00
[2023-04-23T01:27:47.287+0200] {processor.py:175} INFO - Processing /Users/siddalingkattimani/dbt_env/lib/python3.11/site-packages/airflow/example_dags/example_branch_operator.py took 0.839 seconds
[2023-04-23T01:29:54.451+0200] {processor.py:153} INFO - Started process (PID=48107) to work on /Users/siddalingkattimani/dbt_env/lib/python3.11/site-packages/airflow/example_dags/example_branch_operator.py
[2023-04-23T01:29:54.454+0200] {processor.py:743} INFO - Processing file /Users/siddalingkattimani/dbt_env/lib/python3.11/site-packages/airflow/example_dags/example_branch_operator.py for tasks to queue
[2023-04-23T01:29:54.455+0200] {logging_mixin.py:137} INFO - [2023-04-23T01:29:54.454+0200] {dagbag.py:532} INFO - Filling up the DagBag from /Users/siddalingkattimani/dbt_env/lib/python3.11/site-packages/airflow/example_dags/example_branch_operator.py
[2023-04-23T01:29:54.490+0200] {processor.py:753} INFO - DAG(s) dict_keys(['example_branch_operator']) retrieved from /Users/siddalingkattimani/dbt_env/lib/python3.11/site-packages/airflow/example_dags/example_branch_operator.py
[2023-04-23T01:29:55.163+0200] {logging_mixin.py:137} INFO - [2023-04-23T01:29:55.163+0200] {dag.py:2705} INFO - Sync 1 DAGs
[2023-04-23T01:29:55.187+0200] {logging_mixin.py:137} INFO - [2023-04-23T01:29:55.187+0200] {dag.py:3452} INFO - Setting next_dagrun for example_branch_operator to 2023-04-21T00:00:00+00:00, run_after=2023-04-22T00:00:00+00:00
[2023-04-23T01:29:55.214+0200] {processor.py:175} INFO - Processing /Users/siddalingkattimani/dbt_env/lib/python3.11/site-packages/airflow/example_dags/example_branch_operator.py took 0.763 seconds
[2023-04-23T01:31:52.499+0200] {processor.py:153} INFO - Started process (PID=48154) to work on /Users/siddalingkattimani/dbt_env/lib/python3.11/site-packages/airflow/example_dags/example_branch_operator.py
[2023-04-23T01:31:52.502+0200] {processor.py:743} INFO - Processing file /Users/siddalingkattimani/dbt_env/lib/python3.11/site-packages/airflow/example_dags/example_branch_operator.py for tasks to queue
[2023-04-23T01:31:52.503+0200] {logging_mixin.py:137} INFO - [2023-04-23T01:31:52.503+0200] {dagbag.py:532} INFO - Filling up the DagBag from /Users/siddalingkattimani/dbt_env/lib/python3.11/site-packages/airflow/example_dags/example_branch_operator.py
[2023-04-23T01:31:52.539+0200] {processor.py:753} INFO - DAG(s) dict_keys(['example_branch_operator']) retrieved from /Users/siddalingkattimani/dbt_env/lib/python3.11/site-packages/airflow/example_dags/example_branch_operator.py
[2023-04-23T01:31:53.240+0200] {logging_mixin.py:137} INFO - [2023-04-23T01:31:53.240+0200] {dag.py:2705} INFO - Sync 1 DAGs
[2023-04-23T01:31:53.256+0200] {logging_mixin.py:137} INFO - [2023-04-23T01:31:53.256+0200] {dag.py:3452} INFO - Setting next_dagrun for example_branch_operator to 2023-04-21T00:00:00+00:00, run_after=2023-04-22T00:00:00+00:00
[2023-04-23T01:31:53.272+0200] {processor.py:175} INFO - Processing /Users/siddalingkattimani/dbt_env/lib/python3.11/site-packages/airflow/example_dags/example_branch_operator.py took 0.773 seconds
[2023-04-23T01:33:59.056+0200] {processor.py:153} INFO - Started process (PID=48203) to work on /Users/siddalingkattimani/dbt_env/lib/python3.11/site-packages/airflow/example_dags/example_branch_operator.py
[2023-04-23T01:33:59.061+0200] {processor.py:743} INFO - Processing file /Users/siddalingkattimani/dbt_env/lib/python3.11/site-packages/airflow/example_dags/example_branch_operator.py for tasks to queue
[2023-04-23T01:33:59.061+0200] {logging_mixin.py:137} INFO - [2023-04-23T01:33:59.061+0200] {dagbag.py:532} INFO - Filling up the DagBag from /Users/siddalingkattimani/dbt_env/lib/python3.11/site-packages/airflow/example_dags/example_branch_operator.py
[2023-04-23T01:33:59.102+0200] {processor.py:753} INFO - DAG(s) dict_keys(['example_branch_operator']) retrieved from /Users/siddalingkattimani/dbt_env/lib/python3.11/site-packages/airflow/example_dags/example_branch_operator.py
[2023-04-23T01:33:59.830+0200] {logging_mixin.py:137} INFO - [2023-04-23T01:33:59.829+0200] {dag.py:2705} INFO - Sync 1 DAGs
[2023-04-23T01:33:59.847+0200] {logging_mixin.py:137} INFO - [2023-04-23T01:33:59.846+0200] {dag.py:3452} INFO - Setting next_dagrun for example_branch_operator to 2023-04-21T00:00:00+00:00, run_after=2023-04-22T00:00:00+00:00
[2023-04-23T01:33:59.867+0200] {processor.py:175} INFO - Processing /Users/siddalingkattimani/dbt_env/lib/python3.11/site-packages/airflow/example_dags/example_branch_operator.py took 0.812 seconds
