[2023-04-23T00:45:08.022+0200] {processor.py:153} INFO - Started process (PID=46792) to work on /Users/siddalingkattimani/dbt_env/lib/python3.11/site-packages/airflow/example_dags/example_datasets.py
[2023-04-23T00:45:08.025+0200] {processor.py:743} INFO - Processing file /Users/siddalingkattimani/dbt_env/lib/python3.11/site-packages/airflow/example_dags/example_datasets.py for tasks to queue
[2023-04-23T00:45:08.026+0200] {logging_mixin.py:137} INFO - [2023-04-23T00:45:08.026+0200] {dagbag.py:532} INFO - Filling up the DagBag from /Users/siddalingkattimani/dbt_env/lib/python3.11/site-packages/airflow/example_dags/example_datasets.py
[2023-04-23T00:45:08.048+0200] {processor.py:753} INFO - DAG(s) dict_keys(['dataset_produces_1', 'dataset_consumes_unknown_never_scheduled', 'dataset_consumes_1_and_2', 'dataset_consumes_1_never_scheduled', 'dataset_consumes_1', 'dataset_produces_2']) retrieved from /Users/siddalingkattimani/dbt_env/lib/python3.11/site-packages/airflow/example_dags/example_datasets.py
[2023-04-23T00:45:08.746+0200] {logging_mixin.py:137} INFO - [2023-04-23T00:45:08.745+0200] {manager.py:504} INFO - Created Permission View: can delete on DAG:dataset_produces_1
[2023-04-23T00:45:08.757+0200] {logging_mixin.py:137} INFO - [2023-04-23T00:45:08.756+0200] {manager.py:504} INFO - Created Permission View: can edit on DAG:dataset_produces_1
[2023-04-23T00:45:08.765+0200] {logging_mixin.py:137} INFO - [2023-04-23T00:45:08.765+0200] {manager.py:504} INFO - Created Permission View: can read on DAG:dataset_produces_1
[2023-04-23T00:45:08.782+0200] {logging_mixin.py:137} INFO - [2023-04-23T00:45:08.782+0200] {manager.py:504} INFO - Created Permission View: can delete on DAG:dataset_consumes_unknown_never_scheduled
[2023-04-23T00:45:08.792+0200] {logging_mixin.py:137} INFO - [2023-04-23T00:45:08.792+0200] {manager.py:504} INFO - Created Permission View: can edit on DAG:dataset_consumes_unknown_never_scheduled
[2023-04-23T00:45:08.803+0200] {logging_mixin.py:137} INFO - [2023-04-23T00:45:08.802+0200] {manager.py:504} INFO - Created Permission View: can read on DAG:dataset_consumes_unknown_never_scheduled
[2023-04-23T00:45:08.820+0200] {logging_mixin.py:137} INFO - [2023-04-23T00:45:08.819+0200] {manager.py:504} INFO - Created Permission View: can delete on DAG:dataset_consumes_1_and_2
[2023-04-23T00:45:08.828+0200] {logging_mixin.py:137} INFO - [2023-04-23T00:45:08.828+0200] {manager.py:504} INFO - Created Permission View: can edit on DAG:dataset_consumes_1_and_2
[2023-04-23T00:45:08.837+0200] {logging_mixin.py:137} INFO - [2023-04-23T00:45:08.836+0200] {manager.py:504} INFO - Created Permission View: can read on DAG:dataset_consumes_1_and_2
[2023-04-23T00:45:08.855+0200] {logging_mixin.py:137} INFO - [2023-04-23T00:45:08.854+0200] {manager.py:504} INFO - Created Permission View: can delete on DAG:dataset_consumes_1_never_scheduled
[2023-04-23T00:45:08.864+0200] {logging_mixin.py:137} INFO - [2023-04-23T00:45:08.864+0200] {manager.py:504} INFO - Created Permission View: can edit on DAG:dataset_consumes_1_never_scheduled
[2023-04-23T00:45:08.873+0200] {logging_mixin.py:137} INFO - [2023-04-23T00:45:08.872+0200] {manager.py:504} INFO - Created Permission View: can read on DAG:dataset_consumes_1_never_scheduled
[2023-04-23T00:45:08.894+0200] {logging_mixin.py:137} INFO - [2023-04-23T00:45:08.894+0200] {manager.py:504} INFO - Created Permission View: can delete on DAG:dataset_consumes_1
[2023-04-23T00:45:08.904+0200] {logging_mixin.py:137} INFO - [2023-04-23T00:45:08.903+0200] {manager.py:504} INFO - Created Permission View: can edit on DAG:dataset_consumes_1
[2023-04-23T00:45:08.912+0200] {logging_mixin.py:137} INFO - [2023-04-23T00:45:08.912+0200] {manager.py:504} INFO - Created Permission View: can read on DAG:dataset_consumes_1
[2023-04-23T00:45:08.929+0200] {logging_mixin.py:137} INFO - [2023-04-23T00:45:08.929+0200] {manager.py:504} INFO - Created Permission View: can delete on DAG:dataset_produces_2
[2023-04-23T00:45:08.938+0200] {logging_mixin.py:137} INFO - [2023-04-23T00:45:08.937+0200] {manager.py:504} INFO - Created Permission View: can edit on DAG:dataset_produces_2
[2023-04-23T00:45:08.947+0200] {logging_mixin.py:137} INFO - [2023-04-23T00:45:08.947+0200] {manager.py:504} INFO - Created Permission View: can read on DAG:dataset_produces_2
[2023-04-23T00:45:08.948+0200] {logging_mixin.py:137} INFO - [2023-04-23T00:45:08.947+0200] {dag.py:2705} INFO - Sync 6 DAGs
[2023-04-23T00:45:08.961+0200] {logging_mixin.py:137} INFO - [2023-04-23T00:45:08.960+0200] {dag.py:2726} INFO - Creating ORM DAG for dataset_consumes_1
[2023-04-23T00:45:08.961+0200] {logging_mixin.py:137} INFO - [2023-04-23T00:45:08.961+0200] {dag.py:2726} INFO - Creating ORM DAG for dataset_consumes_1_and_2
[2023-04-23T00:45:08.961+0200] {logging_mixin.py:137} INFO - [2023-04-23T00:45:08.961+0200] {dag.py:2726} INFO - Creating ORM DAG for dataset_consumes_unknown_never_scheduled
[2023-04-23T00:45:08.962+0200] {logging_mixin.py:137} INFO - [2023-04-23T00:45:08.961+0200] {dag.py:2726} INFO - Creating ORM DAG for dataset_produces_1
[2023-04-23T00:45:08.962+0200] {logging_mixin.py:137} INFO - [2023-04-23T00:45:08.962+0200] {dag.py:2726} INFO - Creating ORM DAG for dataset_consumes_1_never_scheduled
[2023-04-23T00:45:08.962+0200] {logging_mixin.py:137} INFO - [2023-04-23T00:45:08.962+0200] {dag.py:2726} INFO - Creating ORM DAG for dataset_produces_2
[2023-04-23T00:45:08.969+0200] {logging_mixin.py:137} INFO - [2023-04-23T00:45:08.969+0200] {dag.py:3452} INFO - Setting next_dagrun for dataset_consumes_1 to None, run_after=None
[2023-04-23T00:45:08.969+0200] {logging_mixin.py:137} INFO - [2023-04-23T00:45:08.969+0200] {dag.py:3452} INFO - Setting next_dagrun for dataset_consumes_1_and_2 to None, run_after=None
[2023-04-23T00:45:08.970+0200] {logging_mixin.py:137} INFO - [2023-04-23T00:45:08.970+0200] {dag.py:3452} INFO - Setting next_dagrun for dataset_consumes_1_never_scheduled to None, run_after=None
[2023-04-23T00:45:08.970+0200] {logging_mixin.py:137} INFO - [2023-04-23T00:45:08.970+0200] {dag.py:3452} INFO - Setting next_dagrun for dataset_consumes_unknown_never_scheduled to None, run_after=None
[2023-04-23T00:45:08.971+0200] {logging_mixin.py:137} INFO - [2023-04-23T00:45:08.971+0200] {dag.py:3452} INFO - Setting next_dagrun for dataset_produces_1 to 2023-04-21T00:00:00+00:00, run_after=2023-04-22T00:00:00+00:00
[2023-04-23T00:45:08.972+0200] {logging_mixin.py:137} INFO - [2023-04-23T00:45:08.972+0200] {dag.py:3452} INFO - Setting next_dagrun for dataset_produces_2 to None, run_after=None
[2023-04-23T00:45:08.995+0200] {processor.py:175} INFO - Processing /Users/siddalingkattimani/dbt_env/lib/python3.11/site-packages/airflow/example_dags/example_datasets.py took 0.973 seconds
[2023-04-23T00:47:06.448+0200] {processor.py:153} INFO - Started process (PID=46839) to work on /Users/siddalingkattimani/dbt_env/lib/python3.11/site-packages/airflow/example_dags/example_datasets.py
[2023-04-23T00:47:06.451+0200] {processor.py:743} INFO - Processing file /Users/siddalingkattimani/dbt_env/lib/python3.11/site-packages/airflow/example_dags/example_datasets.py for tasks to queue
[2023-04-23T00:47:06.452+0200] {logging_mixin.py:137} INFO - [2023-04-23T00:47:06.452+0200] {dagbag.py:532} INFO - Filling up the DagBag from /Users/siddalingkattimani/dbt_env/lib/python3.11/site-packages/airflow/example_dags/example_datasets.py
[2023-04-23T00:47:06.472+0200] {processor.py:753} INFO - DAG(s) dict_keys(['dataset_produces_2', 'dataset_consumes_unknown_never_scheduled', 'dataset_consumes_1_and_2', 'dataset_consumes_1', 'dataset_consumes_1_never_scheduled', 'dataset_produces_1']) retrieved from /Users/siddalingkattimani/dbt_env/lib/python3.11/site-packages/airflow/example_dags/example_datasets.py
[2023-04-23T00:47:07.303+0200] {logging_mixin.py:137} INFO - [2023-04-23T00:47:07.303+0200] {dag.py:2705} INFO - Sync 6 DAGs
[2023-04-23T00:47:07.316+0200] {logging_mixin.py:137} INFO - [2023-04-23T00:47:07.316+0200] {dag.py:3452} INFO - Setting next_dagrun for dataset_consumes_1 to None, run_after=None
[2023-04-23T00:47:07.319+0200] {logging_mixin.py:137} INFO - [2023-04-23T00:47:07.318+0200] {dag.py:3452} INFO - Setting next_dagrun for dataset_consumes_1_and_2 to None, run_after=None
[2023-04-23T00:47:07.319+0200] {logging_mixin.py:137} INFO - [2023-04-23T00:47:07.319+0200] {dag.py:3452} INFO - Setting next_dagrun for dataset_consumes_1_never_scheduled to None, run_after=None
[2023-04-23T00:47:07.320+0200] {logging_mixin.py:137} INFO - [2023-04-23T00:47:07.320+0200] {dag.py:3452} INFO - Setting next_dagrun for dataset_consumes_unknown_never_scheduled to None, run_after=None
[2023-04-23T00:47:07.322+0200] {logging_mixin.py:137} INFO - [2023-04-23T00:47:07.322+0200] {dag.py:3452} INFO - Setting next_dagrun for dataset_produces_1 to 2023-04-21T00:00:00+00:00, run_after=2023-04-22T00:00:00+00:00
[2023-04-23T00:47:07.322+0200] {logging_mixin.py:137} INFO - [2023-04-23T00:47:07.322+0200] {dag.py:3452} INFO - Setting next_dagrun for dataset_produces_2 to None, run_after=None
[2023-04-23T00:47:07.348+0200] {processor.py:175} INFO - Processing /Users/siddalingkattimani/dbt_env/lib/python3.11/site-packages/airflow/example_dags/example_datasets.py took 0.901 seconds
[2023-04-23T00:49:09.163+0200] {processor.py:153} INFO - Started process (PID=46884) to work on /Users/siddalingkattimani/dbt_env/lib/python3.11/site-packages/airflow/example_dags/example_datasets.py
[2023-04-23T00:49:09.166+0200] {processor.py:743} INFO - Processing file /Users/siddalingkattimani/dbt_env/lib/python3.11/site-packages/airflow/example_dags/example_datasets.py for tasks to queue
[2023-04-23T00:49:09.166+0200] {logging_mixin.py:137} INFO - [2023-04-23T00:49:09.166+0200] {dagbag.py:532} INFO - Filling up the DagBag from /Users/siddalingkattimani/dbt_env/lib/python3.11/site-packages/airflow/example_dags/example_datasets.py
[2023-04-23T00:49:09.187+0200] {processor.py:753} INFO - DAG(s) dict_keys(['dataset_produces_2', 'dataset_produces_1', 'dataset_consumes_unknown_never_scheduled', 'dataset_consumes_1', 'dataset_consumes_1_never_scheduled', 'dataset_consumes_1_and_2']) retrieved from /Users/siddalingkattimani/dbt_env/lib/python3.11/site-packages/airflow/example_dags/example_datasets.py
[2023-04-23T00:49:09.877+0200] {logging_mixin.py:137} INFO - [2023-04-23T00:49:09.876+0200] {dag.py:2705} INFO - Sync 6 DAGs
[2023-04-23T00:49:09.890+0200] {logging_mixin.py:137} INFO - [2023-04-23T00:49:09.890+0200] {dag.py:3452} INFO - Setting next_dagrun for dataset_consumes_1 to None, run_after=None
[2023-04-23T00:49:09.893+0200] {logging_mixin.py:137} INFO - [2023-04-23T00:49:09.892+0200] {dag.py:3452} INFO - Setting next_dagrun for dataset_consumes_1_and_2 to None, run_after=None
[2023-04-23T00:49:09.893+0200] {logging_mixin.py:137} INFO - [2023-04-23T00:49:09.893+0200] {dag.py:3452} INFO - Setting next_dagrun for dataset_consumes_1_never_scheduled to None, run_after=None
[2023-04-23T00:49:09.894+0200] {logging_mixin.py:137} INFO - [2023-04-23T00:49:09.894+0200] {dag.py:3452} INFO - Setting next_dagrun for dataset_consumes_unknown_never_scheduled to None, run_after=None
[2023-04-23T00:49:09.896+0200] {logging_mixin.py:137} INFO - [2023-04-23T00:49:09.896+0200] {dag.py:3452} INFO - Setting next_dagrun for dataset_produces_1 to 2023-04-21T00:00:00+00:00, run_after=2023-04-22T00:00:00+00:00
[2023-04-23T00:49:09.897+0200] {logging_mixin.py:137} INFO - [2023-04-23T00:49:09.897+0200] {dag.py:3452} INFO - Setting next_dagrun for dataset_produces_2 to None, run_after=None
[2023-04-23T00:49:09.922+0200] {processor.py:175} INFO - Processing /Users/siddalingkattimani/dbt_env/lib/python3.11/site-packages/airflow/example_dags/example_datasets.py took 0.760 seconds
[2023-04-23T00:51:13.077+0200] {processor.py:153} INFO - Started process (PID=46935) to work on /Users/siddalingkattimani/dbt_env/lib/python3.11/site-packages/airflow/example_dags/example_datasets.py
[2023-04-23T00:51:13.081+0200] {processor.py:743} INFO - Processing file /Users/siddalingkattimani/dbt_env/lib/python3.11/site-packages/airflow/example_dags/example_datasets.py for tasks to queue
[2023-04-23T00:51:13.082+0200] {logging_mixin.py:137} INFO - [2023-04-23T00:51:13.082+0200] {dagbag.py:532} INFO - Filling up the DagBag from /Users/siddalingkattimani/dbt_env/lib/python3.11/site-packages/airflow/example_dags/example_datasets.py
[2023-04-23T00:51:13.105+0200] {processor.py:753} INFO - DAG(s) dict_keys(['dataset_consumes_1_and_2', 'dataset_produces_1', 'dataset_consumes_1_never_scheduled', 'dataset_produces_2', 'dataset_consumes_1', 'dataset_consumes_unknown_never_scheduled']) retrieved from /Users/siddalingkattimani/dbt_env/lib/python3.11/site-packages/airflow/example_dags/example_datasets.py
[2023-04-23T00:51:13.810+0200] {logging_mixin.py:137} INFO - [2023-04-23T00:51:13.809+0200] {dag.py:2705} INFO - Sync 6 DAGs
[2023-04-23T00:51:13.824+0200] {logging_mixin.py:137} INFO - [2023-04-23T00:51:13.824+0200] {dag.py:3452} INFO - Setting next_dagrun for dataset_consumes_1 to None, run_after=None
[2023-04-23T00:51:13.826+0200] {logging_mixin.py:137} INFO - [2023-04-23T00:51:13.826+0200] {dag.py:3452} INFO - Setting next_dagrun for dataset_consumes_1_and_2 to None, run_after=None
[2023-04-23T00:51:13.826+0200] {logging_mixin.py:137} INFO - [2023-04-23T00:51:13.826+0200] {dag.py:3452} INFO - Setting next_dagrun for dataset_consumes_1_never_scheduled to None, run_after=None
[2023-04-23T00:51:13.827+0200] {logging_mixin.py:137} INFO - [2023-04-23T00:51:13.827+0200] {dag.py:3452} INFO - Setting next_dagrun for dataset_consumes_unknown_never_scheduled to None, run_after=None
[2023-04-23T00:51:13.829+0200] {logging_mixin.py:137} INFO - [2023-04-23T00:51:13.829+0200] {dag.py:3452} INFO - Setting next_dagrun for dataset_produces_1 to 2023-04-21T00:00:00+00:00, run_after=2023-04-22T00:00:00+00:00
[2023-04-23T00:51:13.829+0200] {logging_mixin.py:137} INFO - [2023-04-23T00:51:13.829+0200] {dag.py:3452} INFO - Setting next_dagrun for dataset_produces_2 to None, run_after=None
[2023-04-23T00:51:13.855+0200] {processor.py:175} INFO - Processing /Users/siddalingkattimani/dbt_env/lib/python3.11/site-packages/airflow/example_dags/example_datasets.py took 0.779 seconds
[2023-04-23T00:53:22.835+0200] {processor.py:153} INFO - Started process (PID=46990) to work on /Users/siddalingkattimani/dbt_env/lib/python3.11/site-packages/airflow/example_dags/example_datasets.py
[2023-04-23T00:53:22.839+0200] {processor.py:743} INFO - Processing file /Users/siddalingkattimani/dbt_env/lib/python3.11/site-packages/airflow/example_dags/example_datasets.py for tasks to queue
[2023-04-23T00:53:22.839+0200] {logging_mixin.py:137} INFO - [2023-04-23T00:53:22.839+0200] {dagbag.py:532} INFO - Filling up the DagBag from /Users/siddalingkattimani/dbt_env/lib/python3.11/site-packages/airflow/example_dags/example_datasets.py
[2023-04-23T00:53:22.862+0200] {processor.py:753} INFO - DAG(s) dict_keys(['dataset_produces_2', 'dataset_consumes_1', 'dataset_produces_1', 'dataset_consumes_unknown_never_scheduled', 'dataset_consumes_1_and_2', 'dataset_consumes_1_never_scheduled']) retrieved from /Users/siddalingkattimani/dbt_env/lib/python3.11/site-packages/airflow/example_dags/example_datasets.py
[2023-04-23T00:53:23.632+0200] {logging_mixin.py:137} INFO - [2023-04-23T00:53:23.631+0200] {dag.py:2705} INFO - Sync 6 DAGs
[2023-04-23T00:53:23.650+0200] {logging_mixin.py:137} INFO - [2023-04-23T00:53:23.650+0200] {dag.py:3452} INFO - Setting next_dagrun for dataset_consumes_1 to None, run_after=None
[2023-04-23T00:53:23.652+0200] {logging_mixin.py:137} INFO - [2023-04-23T00:53:23.652+0200] {dag.py:3452} INFO - Setting next_dagrun for dataset_consumes_1_and_2 to None, run_after=None
[2023-04-23T00:53:23.653+0200] {logging_mixin.py:137} INFO - [2023-04-23T00:53:23.653+0200] {dag.py:3452} INFO - Setting next_dagrun for dataset_consumes_1_never_scheduled to None, run_after=None
[2023-04-23T00:53:23.654+0200] {logging_mixin.py:137} INFO - [2023-04-23T00:53:23.654+0200] {dag.py:3452} INFO - Setting next_dagrun for dataset_consumes_unknown_never_scheduled to None, run_after=None
[2023-04-23T00:53:23.657+0200] {logging_mixin.py:137} INFO - [2023-04-23T00:53:23.657+0200] {dag.py:3452} INFO - Setting next_dagrun for dataset_produces_1 to 2023-04-21T00:00:00+00:00, run_after=2023-04-22T00:00:00+00:00
[2023-04-23T00:53:23.658+0200] {logging_mixin.py:137} INFO - [2023-04-23T00:53:23.658+0200] {dag.py:3452} INFO - Setting next_dagrun for dataset_produces_2 to None, run_after=None
[2023-04-23T00:53:23.683+0200] {processor.py:175} INFO - Processing /Users/siddalingkattimani/dbt_env/lib/python3.11/site-packages/airflow/example_dags/example_datasets.py took 0.848 seconds
[2023-04-23T00:55:24.323+0200] {processor.py:153} INFO - Started process (PID=47059) to work on /Users/siddalingkattimani/dbt_env/lib/python3.11/site-packages/airflow/example_dags/example_datasets.py
[2023-04-23T00:55:24.328+0200] {processor.py:743} INFO - Processing file /Users/siddalingkattimani/dbt_env/lib/python3.11/site-packages/airflow/example_dags/example_datasets.py for tasks to queue
[2023-04-23T00:55:24.329+0200] {logging_mixin.py:137} INFO - [2023-04-23T00:55:24.329+0200] {dagbag.py:532} INFO - Filling up the DagBag from /Users/siddalingkattimani/dbt_env/lib/python3.11/site-packages/airflow/example_dags/example_datasets.py
[2023-04-23T00:55:24.363+0200] {processor.py:753} INFO - DAG(s) dict_keys(['dataset_consumes_1_never_scheduled', 'dataset_consumes_1_and_2', 'dataset_consumes_unknown_never_scheduled', 'dataset_consumes_1', 'dataset_produces_1', 'dataset_produces_2']) retrieved from /Users/siddalingkattimani/dbt_env/lib/python3.11/site-packages/airflow/example_dags/example_datasets.py
[2023-04-23T00:55:25.265+0200] {logging_mixin.py:137} INFO - [2023-04-23T00:55:25.265+0200] {dag.py:2705} INFO - Sync 6 DAGs
[2023-04-23T00:55:25.281+0200] {logging_mixin.py:137} INFO - [2023-04-23T00:55:25.281+0200] {dag.py:3452} INFO - Setting next_dagrun for dataset_consumes_1 to None, run_after=None
[2023-04-23T00:55:25.284+0200] {logging_mixin.py:137} INFO - [2023-04-23T00:55:25.284+0200] {dag.py:3452} INFO - Setting next_dagrun for dataset_consumes_1_and_2 to None, run_after=None
[2023-04-23T00:55:25.285+0200] {logging_mixin.py:137} INFO - [2023-04-23T00:55:25.285+0200] {dag.py:3452} INFO - Setting next_dagrun for dataset_consumes_1_never_scheduled to None, run_after=None
[2023-04-23T00:55:25.285+0200] {logging_mixin.py:137} INFO - [2023-04-23T00:55:25.285+0200] {dag.py:3452} INFO - Setting next_dagrun for dataset_consumes_unknown_never_scheduled to None, run_after=None
[2023-04-23T00:55:25.287+0200] {logging_mixin.py:137} INFO - [2023-04-23T00:55:25.287+0200] {dag.py:3452} INFO - Setting next_dagrun for dataset_produces_1 to 2023-04-21T00:00:00+00:00, run_after=2023-04-22T00:00:00+00:00
[2023-04-23T00:55:25.288+0200] {logging_mixin.py:137} INFO - [2023-04-23T00:55:25.288+0200] {dag.py:3452} INFO - Setting next_dagrun for dataset_produces_2 to None, run_after=None
[2023-04-23T00:55:25.311+0200] {processor.py:175} INFO - Processing /Users/siddalingkattimani/dbt_env/lib/python3.11/site-packages/airflow/example_dags/example_datasets.py took 0.989 seconds
[2023-04-23T00:57:32.960+0200] {processor.py:153} INFO - Started process (PID=47111) to work on /Users/siddalingkattimani/dbt_env/lib/python3.11/site-packages/airflow/example_dags/example_datasets.py
[2023-04-23T00:57:32.964+0200] {processor.py:743} INFO - Processing file /Users/siddalingkattimani/dbt_env/lib/python3.11/site-packages/airflow/example_dags/example_datasets.py for tasks to queue
[2023-04-23T00:57:32.965+0200] {logging_mixin.py:137} INFO - [2023-04-23T00:57:32.965+0200] {dagbag.py:532} INFO - Filling up the DagBag from /Users/siddalingkattimani/dbt_env/lib/python3.11/site-packages/airflow/example_dags/example_datasets.py
[2023-04-23T00:57:32.994+0200] {processor.py:753} INFO - DAG(s) dict_keys(['dataset_consumes_unknown_never_scheduled', 'dataset_consumes_1_and_2', 'dataset_produces_2', 'dataset_consumes_1', 'dataset_produces_1', 'dataset_consumes_1_never_scheduled']) retrieved from /Users/siddalingkattimani/dbt_env/lib/python3.11/site-packages/airflow/example_dags/example_datasets.py
[2023-04-23T00:57:33.773+0200] {logging_mixin.py:137} INFO - [2023-04-23T00:57:33.772+0200] {dag.py:2705} INFO - Sync 6 DAGs
[2023-04-23T00:57:33.787+0200] {logging_mixin.py:137} INFO - [2023-04-23T00:57:33.786+0200] {dag.py:3452} INFO - Setting next_dagrun for dataset_consumes_1 to None, run_after=None
[2023-04-23T00:57:33.789+0200] {logging_mixin.py:137} INFO - [2023-04-23T00:57:33.789+0200] {dag.py:3452} INFO - Setting next_dagrun for dataset_consumes_1_and_2 to None, run_after=None
[2023-04-23T00:57:33.790+0200] {logging_mixin.py:137} INFO - [2023-04-23T00:57:33.789+0200] {dag.py:3452} INFO - Setting next_dagrun for dataset_consumes_1_never_scheduled to None, run_after=None
[2023-04-23T00:57:33.790+0200] {logging_mixin.py:137} INFO - [2023-04-23T00:57:33.790+0200] {dag.py:3452} INFO - Setting next_dagrun for dataset_consumes_unknown_never_scheduled to None, run_after=None
[2023-04-23T00:57:33.792+0200] {logging_mixin.py:137} INFO - [2023-04-23T00:57:33.792+0200] {dag.py:3452} INFO - Setting next_dagrun for dataset_produces_1 to 2023-04-21T00:00:00+00:00, run_after=2023-04-22T00:00:00+00:00
[2023-04-23T00:57:33.793+0200] {logging_mixin.py:137} INFO - [2023-04-23T00:57:33.793+0200] {dag.py:3452} INFO - Setting next_dagrun for dataset_produces_2 to None, run_after=None
[2023-04-23T00:57:33.818+0200] {processor.py:175} INFO - Processing /Users/siddalingkattimani/dbt_env/lib/python3.11/site-packages/airflow/example_dags/example_datasets.py took 0.859 seconds
[2023-04-23T00:59:39.087+0200] {processor.py:153} INFO - Started process (PID=47158) to work on /Users/siddalingkattimani/dbt_env/lib/python3.11/site-packages/airflow/example_dags/example_datasets.py
[2023-04-23T00:59:39.091+0200] {processor.py:743} INFO - Processing file /Users/siddalingkattimani/dbt_env/lib/python3.11/site-packages/airflow/example_dags/example_datasets.py for tasks to queue
[2023-04-23T00:59:39.091+0200] {logging_mixin.py:137} INFO - [2023-04-23T00:59:39.091+0200] {dagbag.py:532} INFO - Filling up the DagBag from /Users/siddalingkattimani/dbt_env/lib/python3.11/site-packages/airflow/example_dags/example_datasets.py
[2023-04-23T00:59:39.116+0200] {processor.py:753} INFO - DAG(s) dict_keys(['dataset_produces_1', 'dataset_consumes_1_never_scheduled', 'dataset_produces_2', 'dataset_consumes_1', 'dataset_consumes_unknown_never_scheduled', 'dataset_consumes_1_and_2']) retrieved from /Users/siddalingkattimani/dbt_env/lib/python3.11/site-packages/airflow/example_dags/example_datasets.py
[2023-04-23T00:59:39.830+0200] {logging_mixin.py:137} INFO - [2023-04-23T00:59:39.830+0200] {dag.py:2705} INFO - Sync 6 DAGs
[2023-04-23T00:59:39.847+0200] {logging_mixin.py:137} INFO - [2023-04-23T00:59:39.846+0200] {dag.py:3452} INFO - Setting next_dagrun for dataset_consumes_1 to None, run_after=None
[2023-04-23T00:59:39.849+0200] {logging_mixin.py:137} INFO - [2023-04-23T00:59:39.849+0200] {dag.py:3452} INFO - Setting next_dagrun for dataset_consumes_1_and_2 to None, run_after=None
[2023-04-23T00:59:39.850+0200] {logging_mixin.py:137} INFO - [2023-04-23T00:59:39.850+0200] {dag.py:3452} INFO - Setting next_dagrun for dataset_consumes_1_never_scheduled to None, run_after=None
[2023-04-23T00:59:39.851+0200] {logging_mixin.py:137} INFO - [2023-04-23T00:59:39.851+0200] {dag.py:3452} INFO - Setting next_dagrun for dataset_consumes_unknown_never_scheduled to None, run_after=None
[2023-04-23T00:59:39.852+0200] {logging_mixin.py:137} INFO - [2023-04-23T00:59:39.852+0200] {dag.py:3452} INFO - Setting next_dagrun for dataset_produces_1 to 2023-04-21T00:00:00+00:00, run_after=2023-04-22T00:00:00+00:00
[2023-04-23T00:59:39.853+0200] {logging_mixin.py:137} INFO - [2023-04-23T00:59:39.853+0200] {dag.py:3452} INFO - Setting next_dagrun for dataset_produces_2 to None, run_after=None
[2023-04-23T00:59:39.879+0200] {processor.py:175} INFO - Processing /Users/siddalingkattimani/dbt_env/lib/python3.11/site-packages/airflow/example_dags/example_datasets.py took 0.793 seconds
[2023-04-23T01:01:56.794+0200] {processor.py:153} INFO - Started process (PID=47207) to work on /Users/siddalingkattimani/dbt_env/lib/python3.11/site-packages/airflow/example_dags/example_datasets.py
[2023-04-23T01:01:56.799+0200] {processor.py:743} INFO - Processing file /Users/siddalingkattimani/dbt_env/lib/python3.11/site-packages/airflow/example_dags/example_datasets.py for tasks to queue
[2023-04-23T01:01:56.800+0200] {logging_mixin.py:137} INFO - [2023-04-23T01:01:56.800+0200] {dagbag.py:532} INFO - Filling up the DagBag from /Users/siddalingkattimani/dbt_env/lib/python3.11/site-packages/airflow/example_dags/example_datasets.py
[2023-04-23T01:01:56.849+0200] {processor.py:753} INFO - DAG(s) dict_keys(['dataset_consumes_unknown_never_scheduled', 'dataset_produces_2', 'dataset_consumes_1_and_2', 'dataset_consumes_1', 'dataset_produces_1', 'dataset_consumes_1_never_scheduled']) retrieved from /Users/siddalingkattimani/dbt_env/lib/python3.11/site-packages/airflow/example_dags/example_datasets.py
[2023-04-23T01:01:57.809+0200] {logging_mixin.py:137} INFO - [2023-04-23T01:01:57.809+0200] {dag.py:2705} INFO - Sync 6 DAGs
[2023-04-23T01:01:57.827+0200] {logging_mixin.py:137} INFO - [2023-04-23T01:01:57.826+0200] {dag.py:3452} INFO - Setting next_dagrun for dataset_consumes_1 to None, run_after=None
[2023-04-23T01:01:57.829+0200] {logging_mixin.py:137} INFO - [2023-04-23T01:01:57.829+0200] {dag.py:3452} INFO - Setting next_dagrun for dataset_consumes_1_and_2 to None, run_after=None
[2023-04-23T01:01:57.830+0200] {logging_mixin.py:137} INFO - [2023-04-23T01:01:57.830+0200] {dag.py:3452} INFO - Setting next_dagrun for dataset_consumes_1_never_scheduled to None, run_after=None
[2023-04-23T01:01:57.831+0200] {logging_mixin.py:137} INFO - [2023-04-23T01:01:57.831+0200] {dag.py:3452} INFO - Setting next_dagrun for dataset_consumes_unknown_never_scheduled to None, run_after=None
[2023-04-23T01:01:57.833+0200] {logging_mixin.py:137} INFO - [2023-04-23T01:01:57.833+0200] {dag.py:3452} INFO - Setting next_dagrun for dataset_produces_1 to 2023-04-21T00:00:00+00:00, run_after=2023-04-22T00:00:00+00:00
[2023-04-23T01:01:57.834+0200] {logging_mixin.py:137} INFO - [2023-04-23T01:01:57.834+0200] {dag.py:3452} INFO - Setting next_dagrun for dataset_produces_2 to None, run_after=None
[2023-04-23T01:01:57.863+0200] {processor.py:175} INFO - Processing /Users/siddalingkattimani/dbt_env/lib/python3.11/site-packages/airflow/example_dags/example_datasets.py took 1.070 seconds
[2023-04-23T01:03:56.178+0200] {processor.py:153} INFO - Started process (PID=47252) to work on /Users/siddalingkattimani/dbt_env/lib/python3.11/site-packages/airflow/example_dags/example_datasets.py
[2023-04-23T01:03:56.181+0200] {processor.py:743} INFO - Processing file /Users/siddalingkattimani/dbt_env/lib/python3.11/site-packages/airflow/example_dags/example_datasets.py for tasks to queue
[2023-04-23T01:03:56.181+0200] {logging_mixin.py:137} INFO - [2023-04-23T01:03:56.181+0200] {dagbag.py:532} INFO - Filling up the DagBag from /Users/siddalingkattimani/dbt_env/lib/python3.11/site-packages/airflow/example_dags/example_datasets.py
[2023-04-23T01:03:56.205+0200] {processor.py:753} INFO - DAG(s) dict_keys(['dataset_produces_1', 'dataset_consumes_1_and_2', 'dataset_produces_2', 'dataset_consumes_1', 'dataset_consumes_unknown_never_scheduled', 'dataset_consumes_1_never_scheduled']) retrieved from /Users/siddalingkattimani/dbt_env/lib/python3.11/site-packages/airflow/example_dags/example_datasets.py
[2023-04-23T01:03:56.964+0200] {logging_mixin.py:137} INFO - [2023-04-23T01:03:56.964+0200] {dag.py:2705} INFO - Sync 6 DAGs
[2023-04-23T01:03:56.980+0200] {logging_mixin.py:137} INFO - [2023-04-23T01:03:56.980+0200] {dag.py:3452} INFO - Setting next_dagrun for dataset_consumes_1 to None, run_after=None
[2023-04-23T01:03:56.982+0200] {logging_mixin.py:137} INFO - [2023-04-23T01:03:56.982+0200] {dag.py:3452} INFO - Setting next_dagrun for dataset_consumes_1_and_2 to None, run_after=None
[2023-04-23T01:03:56.983+0200] {logging_mixin.py:137} INFO - [2023-04-23T01:03:56.983+0200] {dag.py:3452} INFO - Setting next_dagrun for dataset_consumes_1_never_scheduled to None, run_after=None
[2023-04-23T01:03:56.984+0200] {logging_mixin.py:137} INFO - [2023-04-23T01:03:56.984+0200] {dag.py:3452} INFO - Setting next_dagrun for dataset_consumes_unknown_never_scheduled to None, run_after=None
[2023-04-23T01:03:56.986+0200] {logging_mixin.py:137} INFO - [2023-04-23T01:03:56.986+0200] {dag.py:3452} INFO - Setting next_dagrun for dataset_produces_1 to 2023-04-21T00:00:00+00:00, run_after=2023-04-22T00:00:00+00:00
[2023-04-23T01:03:56.987+0200] {logging_mixin.py:137} INFO - [2023-04-23T01:03:56.987+0200] {dag.py:3452} INFO - Setting next_dagrun for dataset_produces_2 to None, run_after=None
[2023-04-23T01:03:57.018+0200] {processor.py:175} INFO - Processing /Users/siddalingkattimani/dbt_env/lib/python3.11/site-packages/airflow/example_dags/example_datasets.py took 0.841 seconds
[2023-04-23T01:06:09.248+0200] {processor.py:153} INFO - Started process (PID=47359) to work on /Users/siddalingkattimani/dbt_env/lib/python3.11/site-packages/airflow/example_dags/example_datasets.py
[2023-04-23T01:06:09.252+0200] {processor.py:743} INFO - Processing file /Users/siddalingkattimani/dbt_env/lib/python3.11/site-packages/airflow/example_dags/example_datasets.py for tasks to queue
[2023-04-23T01:06:09.253+0200] {logging_mixin.py:137} INFO - [2023-04-23T01:06:09.252+0200] {dagbag.py:532} INFO - Filling up the DagBag from /Users/siddalingkattimani/dbt_env/lib/python3.11/site-packages/airflow/example_dags/example_datasets.py
[2023-04-23T01:06:09.276+0200] {processor.py:753} INFO - DAG(s) dict_keys(['dataset_produces_2', 'dataset_produces_1', 'dataset_consumes_1_never_scheduled', 'dataset_consumes_1_and_2', 'dataset_consumes_1', 'dataset_consumes_unknown_never_scheduled']) retrieved from /Users/siddalingkattimani/dbt_env/lib/python3.11/site-packages/airflow/example_dags/example_datasets.py
[2023-04-23T01:06:09.995+0200] {logging_mixin.py:137} INFO - [2023-04-23T01:06:09.995+0200] {dag.py:2705} INFO - Sync 6 DAGs
[2023-04-23T01:06:10.009+0200] {logging_mixin.py:137} INFO - [2023-04-23T01:06:10.009+0200] {dag.py:3452} INFO - Setting next_dagrun for dataset_consumes_1 to None, run_after=None
[2023-04-23T01:06:10.012+0200] {logging_mixin.py:137} INFO - [2023-04-23T01:06:10.011+0200] {dag.py:3452} INFO - Setting next_dagrun for dataset_consumes_1_and_2 to None, run_after=None
[2023-04-23T01:06:10.012+0200] {logging_mixin.py:137} INFO - [2023-04-23T01:06:10.012+0200] {dag.py:3452} INFO - Setting next_dagrun for dataset_consumes_1_never_scheduled to None, run_after=None
[2023-04-23T01:06:10.013+0200] {logging_mixin.py:137} INFO - [2023-04-23T01:06:10.013+0200] {dag.py:3452} INFO - Setting next_dagrun for dataset_consumes_unknown_never_scheduled to None, run_after=None
[2023-04-23T01:06:10.015+0200] {logging_mixin.py:137} INFO - [2023-04-23T01:06:10.014+0200] {dag.py:3452} INFO - Setting next_dagrun for dataset_produces_1 to 2023-04-21T00:00:00+00:00, run_after=2023-04-22T00:00:00+00:00
[2023-04-23T01:06:10.015+0200] {logging_mixin.py:137} INFO - [2023-04-23T01:06:10.015+0200] {dag.py:3452} INFO - Setting next_dagrun for dataset_produces_2 to None, run_after=None
[2023-04-23T01:06:10.040+0200] {processor.py:175} INFO - Processing /Users/siddalingkattimani/dbt_env/lib/python3.11/site-packages/airflow/example_dags/example_datasets.py took 0.794 seconds
[2023-04-23T01:08:40.821+0200] {processor.py:153} INFO - Started process (PID=47538) to work on /Users/siddalingkattimani/dbt_env/lib/python3.11/site-packages/airflow/example_dags/example_datasets.py
[2023-04-23T01:08:40.826+0200] {processor.py:743} INFO - Processing file /Users/siddalingkattimani/dbt_env/lib/python3.11/site-packages/airflow/example_dags/example_datasets.py for tasks to queue
[2023-04-23T01:08:40.827+0200] {logging_mixin.py:137} INFO - [2023-04-23T01:08:40.827+0200] {dagbag.py:532} INFO - Filling up the DagBag from /Users/siddalingkattimani/dbt_env/lib/python3.11/site-packages/airflow/example_dags/example_datasets.py
[2023-04-23T01:08:40.861+0200] {processor.py:753} INFO - DAG(s) dict_keys(['dataset_consumes_1', 'dataset_consumes_1_never_scheduled', 'dataset_produces_1', 'dataset_consumes_1_and_2', 'dataset_produces_2', 'dataset_consumes_unknown_never_scheduled']) retrieved from /Users/siddalingkattimani/dbt_env/lib/python3.11/site-packages/airflow/example_dags/example_datasets.py
[2023-04-23T01:08:41.774+0200] {logging_mixin.py:137} INFO - [2023-04-23T01:08:41.774+0200] {dag.py:2705} INFO - Sync 6 DAGs
[2023-04-23T01:08:41.791+0200] {logging_mixin.py:137} INFO - [2023-04-23T01:08:41.791+0200] {dag.py:3452} INFO - Setting next_dagrun for dataset_consumes_1 to None, run_after=None
[2023-04-23T01:08:41.794+0200] {logging_mixin.py:137} INFO - [2023-04-23T01:08:41.794+0200] {dag.py:3452} INFO - Setting next_dagrun for dataset_consumes_1_and_2 to None, run_after=None
[2023-04-23T01:08:41.797+0200] {logging_mixin.py:137} INFO - [2023-04-23T01:08:41.797+0200] {dag.py:3452} INFO - Setting next_dagrun for dataset_consumes_1_never_scheduled to None, run_after=None
[2023-04-23T01:08:41.798+0200] {logging_mixin.py:137} INFO - [2023-04-23T01:08:41.798+0200] {dag.py:3452} INFO - Setting next_dagrun for dataset_consumes_unknown_never_scheduled to None, run_after=None
[2023-04-23T01:08:41.801+0200] {logging_mixin.py:137} INFO - [2023-04-23T01:08:41.800+0200] {dag.py:3452} INFO - Setting next_dagrun for dataset_produces_1 to 2023-04-21T00:00:00+00:00, run_after=2023-04-22T00:00:00+00:00
[2023-04-23T01:08:41.801+0200] {logging_mixin.py:137} INFO - [2023-04-23T01:08:41.801+0200] {dag.py:3452} INFO - Setting next_dagrun for dataset_produces_2 to None, run_after=None
[2023-04-23T01:08:41.828+0200] {processor.py:175} INFO - Processing /Users/siddalingkattimani/dbt_env/lib/python3.11/site-packages/airflow/example_dags/example_datasets.py took 1.008 seconds
[2023-04-23T01:11:10.144+0200] {processor.py:153} INFO - Started process (PID=47660) to work on /Users/siddalingkattimani/dbt_env/lib/python3.11/site-packages/airflow/example_dags/example_datasets.py
[2023-04-23T01:11:10.153+0200] {processor.py:743} INFO - Processing file /Users/siddalingkattimani/dbt_env/lib/python3.11/site-packages/airflow/example_dags/example_datasets.py for tasks to queue
[2023-04-23T01:11:10.154+0200] {logging_mixin.py:137} INFO - [2023-04-23T01:11:10.154+0200] {dagbag.py:532} INFO - Filling up the DagBag from /Users/siddalingkattimani/dbt_env/lib/python3.11/site-packages/airflow/example_dags/example_datasets.py
[2023-04-23T01:11:10.207+0200] {processor.py:753} INFO - DAG(s) dict_keys(['dataset_consumes_1_never_scheduled', 'dataset_consumes_unknown_never_scheduled', 'dataset_produces_2', 'dataset_produces_1', 'dataset_consumes_1', 'dataset_consumes_1_and_2']) retrieved from /Users/siddalingkattimani/dbt_env/lib/python3.11/site-packages/airflow/example_dags/example_datasets.py
[2023-04-23T01:11:11.419+0200] {logging_mixin.py:137} INFO - [2023-04-23T01:11:11.419+0200] {dag.py:2705} INFO - Sync 6 DAGs
[2023-04-23T01:11:11.432+0200] {logging_mixin.py:137} INFO - [2023-04-23T01:11:11.432+0200] {dag.py:3452} INFO - Setting next_dagrun for dataset_consumes_1 to None, run_after=None
[2023-04-23T01:11:11.436+0200] {logging_mixin.py:137} INFO - [2023-04-23T01:11:11.436+0200] {dag.py:3452} INFO - Setting next_dagrun for dataset_consumes_1_and_2 to None, run_after=None
[2023-04-23T01:11:11.437+0200] {logging_mixin.py:137} INFO - [2023-04-23T01:11:11.437+0200] {dag.py:3452} INFO - Setting next_dagrun for dataset_consumes_1_never_scheduled to None, run_after=None
[2023-04-23T01:11:11.437+0200] {logging_mixin.py:137} INFO - [2023-04-23T01:11:11.437+0200] {dag.py:3452} INFO - Setting next_dagrun for dataset_consumes_unknown_never_scheduled to None, run_after=None
[2023-04-23T01:11:11.439+0200] {logging_mixin.py:137} INFO - [2023-04-23T01:11:11.439+0200] {dag.py:3452} INFO - Setting next_dagrun for dataset_produces_1 to 2023-04-21T00:00:00+00:00, run_after=2023-04-22T00:00:00+00:00
[2023-04-23T01:11:11.440+0200] {logging_mixin.py:137} INFO - [2023-04-23T01:11:11.440+0200] {dag.py:3452} INFO - Setting next_dagrun for dataset_produces_2 to None, run_after=None
[2023-04-23T01:11:11.481+0200] {processor.py:175} INFO - Processing /Users/siddalingkattimani/dbt_env/lib/python3.11/site-packages/airflow/example_dags/example_datasets.py took 1.339 seconds
[2023-04-23T01:13:13.112+0200] {processor.py:153} INFO - Started process (PID=47705) to work on /Users/siddalingkattimani/dbt_env/lib/python3.11/site-packages/airflow/example_dags/example_datasets.py
[2023-04-23T01:13:13.115+0200] {processor.py:743} INFO - Processing file /Users/siddalingkattimani/dbt_env/lib/python3.11/site-packages/airflow/example_dags/example_datasets.py for tasks to queue
[2023-04-23T01:13:13.115+0200] {logging_mixin.py:137} INFO - [2023-04-23T01:13:13.115+0200] {dagbag.py:532} INFO - Filling up the DagBag from /Users/siddalingkattimani/dbt_env/lib/python3.11/site-packages/airflow/example_dags/example_datasets.py
[2023-04-23T01:13:13.139+0200] {processor.py:753} INFO - DAG(s) dict_keys(['dataset_consumes_1', 'dataset_produces_1', 'dataset_consumes_1_and_2', 'dataset_consumes_1_never_scheduled', 'dataset_produces_2', 'dataset_consumes_unknown_never_scheduled']) retrieved from /Users/siddalingkattimani/dbt_env/lib/python3.11/site-packages/airflow/example_dags/example_datasets.py
[2023-04-23T01:13:13.856+0200] {logging_mixin.py:137} INFO - [2023-04-23T01:13:13.855+0200] {dag.py:2705} INFO - Sync 6 DAGs
[2023-04-23T01:13:13.869+0200] {logging_mixin.py:137} INFO - [2023-04-23T01:13:13.869+0200] {dag.py:3452} INFO - Setting next_dagrun for dataset_consumes_1 to None, run_after=None
[2023-04-23T01:13:13.873+0200] {logging_mixin.py:137} INFO - [2023-04-23T01:13:13.872+0200] {dag.py:3452} INFO - Setting next_dagrun for dataset_consumes_1_and_2 to None, run_after=None
[2023-04-23T01:13:13.873+0200] {logging_mixin.py:137} INFO - [2023-04-23T01:13:13.873+0200] {dag.py:3452} INFO - Setting next_dagrun for dataset_consumes_1_never_scheduled to None, run_after=None
[2023-04-23T01:13:13.874+0200] {logging_mixin.py:137} INFO - [2023-04-23T01:13:13.874+0200] {dag.py:3452} INFO - Setting next_dagrun for dataset_consumes_unknown_never_scheduled to None, run_after=None
[2023-04-23T01:13:13.876+0200] {logging_mixin.py:137} INFO - [2023-04-23T01:13:13.876+0200] {dag.py:3452} INFO - Setting next_dagrun for dataset_produces_1 to 2023-04-21T00:00:00+00:00, run_after=2023-04-22T00:00:00+00:00
[2023-04-23T01:13:13.876+0200] {logging_mixin.py:137} INFO - [2023-04-23T01:13:13.876+0200] {dag.py:3452} INFO - Setting next_dagrun for dataset_produces_2 to None, run_after=None
[2023-04-23T01:13:13.901+0200] {processor.py:175} INFO - Processing /Users/siddalingkattimani/dbt_env/lib/python3.11/site-packages/airflow/example_dags/example_datasets.py took 0.790 seconds
[2023-04-23T01:15:16.756+0200] {processor.py:153} INFO - Started process (PID=47753) to work on /Users/siddalingkattimani/dbt_env/lib/python3.11/site-packages/airflow/example_dags/example_datasets.py
[2023-04-23T01:15:16.762+0200] {processor.py:743} INFO - Processing file /Users/siddalingkattimani/dbt_env/lib/python3.11/site-packages/airflow/example_dags/example_datasets.py for tasks to queue
[2023-04-23T01:15:16.762+0200] {logging_mixin.py:137} INFO - [2023-04-23T01:15:16.762+0200] {dagbag.py:532} INFO - Filling up the DagBag from /Users/siddalingkattimani/dbt_env/lib/python3.11/site-packages/airflow/example_dags/example_datasets.py
[2023-04-23T01:15:16.842+0200] {processor.py:753} INFO - DAG(s) dict_keys(['dataset_consumes_1_and_2', 'dataset_produces_1', 'dataset_consumes_1', 'dataset_produces_2', 'dataset_consumes_1_never_scheduled', 'dataset_consumes_unknown_never_scheduled']) retrieved from /Users/siddalingkattimani/dbt_env/lib/python3.11/site-packages/airflow/example_dags/example_datasets.py
[2023-04-23T01:15:17.961+0200] {logging_mixin.py:137} INFO - [2023-04-23T01:15:17.961+0200] {dag.py:2705} INFO - Sync 6 DAGs
[2023-04-23T01:15:17.978+0200] {logging_mixin.py:137} INFO - [2023-04-23T01:15:17.978+0200] {dag.py:3452} INFO - Setting next_dagrun for dataset_consumes_1 to None, run_after=None
[2023-04-23T01:15:17.982+0200] {logging_mixin.py:137} INFO - [2023-04-23T01:15:17.981+0200] {dag.py:3452} INFO - Setting next_dagrun for dataset_consumes_1_and_2 to None, run_after=None
[2023-04-23T01:15:17.982+0200] {logging_mixin.py:137} INFO - [2023-04-23T01:15:17.982+0200] {dag.py:3452} INFO - Setting next_dagrun for dataset_consumes_1_never_scheduled to None, run_after=None
[2023-04-23T01:15:17.983+0200] {logging_mixin.py:137} INFO - [2023-04-23T01:15:17.983+0200] {dag.py:3452} INFO - Setting next_dagrun for dataset_consumes_unknown_never_scheduled to None, run_after=None
[2023-04-23T01:15:17.987+0200] {logging_mixin.py:137} INFO - [2023-04-23T01:15:17.986+0200] {dag.py:3452} INFO - Setting next_dagrun for dataset_produces_1 to 2023-04-21T00:00:00+00:00, run_after=2023-04-22T00:00:00+00:00
[2023-04-23T01:15:17.987+0200] {logging_mixin.py:137} INFO - [2023-04-23T01:15:17.987+0200] {dag.py:3452} INFO - Setting next_dagrun for dataset_produces_2 to None, run_after=None
[2023-04-23T01:15:18.018+0200] {processor.py:175} INFO - Processing /Users/siddalingkattimani/dbt_env/lib/python3.11/site-packages/airflow/example_dags/example_datasets.py took 1.263 seconds
[2023-04-23T01:17:21.888+0200] {processor.py:153} INFO - Started process (PID=47798) to work on /Users/siddalingkattimani/dbt_env/lib/python3.11/site-packages/airflow/example_dags/example_datasets.py
[2023-04-23T01:17:21.891+0200] {processor.py:743} INFO - Processing file /Users/siddalingkattimani/dbt_env/lib/python3.11/site-packages/airflow/example_dags/example_datasets.py for tasks to queue
[2023-04-23T01:17:21.892+0200] {logging_mixin.py:137} INFO - [2023-04-23T01:17:21.892+0200] {dagbag.py:532} INFO - Filling up the DagBag from /Users/siddalingkattimani/dbt_env/lib/python3.11/site-packages/airflow/example_dags/example_datasets.py
[2023-04-23T01:17:21.915+0200] {processor.py:753} INFO - DAG(s) dict_keys(['dataset_consumes_1_and_2', 'dataset_produces_1', 'dataset_produces_2', 'dataset_consumes_unknown_never_scheduled', 'dataset_consumes_1', 'dataset_consumes_1_never_scheduled']) retrieved from /Users/siddalingkattimani/dbt_env/lib/python3.11/site-packages/airflow/example_dags/example_datasets.py
[2023-04-23T01:17:22.613+0200] {logging_mixin.py:137} INFO - [2023-04-23T01:17:22.612+0200] {dag.py:2705} INFO - Sync 6 DAGs
[2023-04-23T01:17:22.626+0200] {logging_mixin.py:137} INFO - [2023-04-23T01:17:22.626+0200] {dag.py:3452} INFO - Setting next_dagrun for dataset_consumes_1 to None, run_after=None
[2023-04-23T01:17:22.628+0200] {logging_mixin.py:137} INFO - [2023-04-23T01:17:22.628+0200] {dag.py:3452} INFO - Setting next_dagrun for dataset_consumes_1_and_2 to None, run_after=None
[2023-04-23T01:17:22.630+0200] {logging_mixin.py:137} INFO - [2023-04-23T01:17:22.630+0200] {dag.py:3452} INFO - Setting next_dagrun for dataset_consumes_1_never_scheduled to None, run_after=None
[2023-04-23T01:17:22.631+0200] {logging_mixin.py:137} INFO - [2023-04-23T01:17:22.630+0200] {dag.py:3452} INFO - Setting next_dagrun for dataset_consumes_unknown_never_scheduled to None, run_after=None
[2023-04-23T01:17:22.632+0200] {logging_mixin.py:137} INFO - [2023-04-23T01:17:22.632+0200] {dag.py:3452} INFO - Setting next_dagrun for dataset_produces_1 to 2023-04-21T00:00:00+00:00, run_after=2023-04-22T00:00:00+00:00
[2023-04-23T01:17:22.633+0200] {logging_mixin.py:137} INFO - [2023-04-23T01:17:22.633+0200] {dag.py:3452} INFO - Setting next_dagrun for dataset_produces_2 to None, run_after=None
[2023-04-23T01:17:22.656+0200] {processor.py:175} INFO - Processing /Users/siddalingkattimani/dbt_env/lib/python3.11/site-packages/airflow/example_dags/example_datasets.py took 0.769 seconds
[2023-04-23T01:19:22.444+0200] {processor.py:153} INFO - Started process (PID=47843) to work on /Users/siddalingkattimani/dbt_env/lib/python3.11/site-packages/airflow/example_dags/example_datasets.py
[2023-04-23T01:19:22.447+0200] {processor.py:743} INFO - Processing file /Users/siddalingkattimani/dbt_env/lib/python3.11/site-packages/airflow/example_dags/example_datasets.py for tasks to queue
[2023-04-23T01:19:22.448+0200] {logging_mixin.py:137} INFO - [2023-04-23T01:19:22.448+0200] {dagbag.py:532} INFO - Filling up the DagBag from /Users/siddalingkattimani/dbt_env/lib/python3.11/site-packages/airflow/example_dags/example_datasets.py
[2023-04-23T01:19:22.473+0200] {processor.py:753} INFO - DAG(s) dict_keys(['dataset_consumes_1', 'dataset_produces_1', 'dataset_consumes_1_and_2', 'dataset_consumes_unknown_never_scheduled', 'dataset_produces_2', 'dataset_consumes_1_never_scheduled']) retrieved from /Users/siddalingkattimani/dbt_env/lib/python3.11/site-packages/airflow/example_dags/example_datasets.py
[2023-04-23T01:19:23.192+0200] {logging_mixin.py:137} INFO - [2023-04-23T01:19:23.192+0200] {dag.py:2705} INFO - Sync 6 DAGs
[2023-04-23T01:19:23.206+0200] {logging_mixin.py:137} INFO - [2023-04-23T01:19:23.205+0200] {dag.py:3452} INFO - Setting next_dagrun for dataset_consumes_1 to None, run_after=None
[2023-04-23T01:19:23.208+0200] {logging_mixin.py:137} INFO - [2023-04-23T01:19:23.207+0200] {dag.py:3452} INFO - Setting next_dagrun for dataset_consumes_1_and_2 to None, run_after=None
[2023-04-23T01:19:23.209+0200] {logging_mixin.py:137} INFO - [2023-04-23T01:19:23.209+0200] {dag.py:3452} INFO - Setting next_dagrun for dataset_consumes_1_never_scheduled to None, run_after=None
[2023-04-23T01:19:23.210+0200] {logging_mixin.py:137} INFO - [2023-04-23T01:19:23.210+0200] {dag.py:3452} INFO - Setting next_dagrun for dataset_consumes_unknown_never_scheduled to None, run_after=None
[2023-04-23T01:19:23.212+0200] {logging_mixin.py:137} INFO - [2023-04-23T01:19:23.212+0200] {dag.py:3452} INFO - Setting next_dagrun for dataset_produces_1 to 2023-04-21T00:00:00+00:00, run_after=2023-04-22T00:00:00+00:00
[2023-04-23T01:19:23.212+0200] {logging_mixin.py:137} INFO - [2023-04-23T01:19:23.212+0200] {dag.py:3452} INFO - Setting next_dagrun for dataset_produces_2 to None, run_after=None
[2023-04-23T01:19:23.237+0200] {processor.py:175} INFO - Processing /Users/siddalingkattimani/dbt_env/lib/python3.11/site-packages/airflow/example_dags/example_datasets.py took 0.794 seconds
[2023-04-23T01:21:29.071+0200] {processor.py:153} INFO - Started process (PID=47889) to work on /Users/siddalingkattimani/dbt_env/lib/python3.11/site-packages/airflow/example_dags/example_datasets.py
[2023-04-23T01:21:29.074+0200] {processor.py:743} INFO - Processing file /Users/siddalingkattimani/dbt_env/lib/python3.11/site-packages/airflow/example_dags/example_datasets.py for tasks to queue
[2023-04-23T01:21:29.074+0200] {logging_mixin.py:137} INFO - [2023-04-23T01:21:29.074+0200] {dagbag.py:532} INFO - Filling up the DagBag from /Users/siddalingkattimani/dbt_env/lib/python3.11/site-packages/airflow/example_dags/example_datasets.py
[2023-04-23T01:21:29.101+0200] {processor.py:753} INFO - DAG(s) dict_keys(['dataset_produces_1', 'dataset_produces_2', 'dataset_consumes_1_and_2', 'dataset_consumes_1', 'dataset_consumes_unknown_never_scheduled', 'dataset_consumes_1_never_scheduled']) retrieved from /Users/siddalingkattimani/dbt_env/lib/python3.11/site-packages/airflow/example_dags/example_datasets.py
[2023-04-23T01:21:29.894+0200] {logging_mixin.py:137} INFO - [2023-04-23T01:21:29.894+0200] {dag.py:2705} INFO - Sync 6 DAGs
[2023-04-23T01:21:29.907+0200] {logging_mixin.py:137} INFO - [2023-04-23T01:21:29.907+0200] {dag.py:3452} INFO - Setting next_dagrun for dataset_consumes_1 to None, run_after=None
[2023-04-23T01:21:29.910+0200] {logging_mixin.py:137} INFO - [2023-04-23T01:21:29.910+0200] {dag.py:3452} INFO - Setting next_dagrun for dataset_consumes_1_and_2 to None, run_after=None
[2023-04-23T01:21:29.911+0200] {logging_mixin.py:137} INFO - [2023-04-23T01:21:29.911+0200] {dag.py:3452} INFO - Setting next_dagrun for dataset_consumes_1_never_scheduled to None, run_after=None
[2023-04-23T01:21:29.912+0200] {logging_mixin.py:137} INFO - [2023-04-23T01:21:29.912+0200] {dag.py:3452} INFO - Setting next_dagrun for dataset_consumes_unknown_never_scheduled to None, run_after=None
[2023-04-23T01:21:29.913+0200] {logging_mixin.py:137} INFO - [2023-04-23T01:21:29.913+0200] {dag.py:3452} INFO - Setting next_dagrun for dataset_produces_1 to 2023-04-21T00:00:00+00:00, run_after=2023-04-22T00:00:00+00:00
[2023-04-23T01:21:29.914+0200] {logging_mixin.py:137} INFO - [2023-04-23T01:21:29.914+0200] {dag.py:3452} INFO - Setting next_dagrun for dataset_produces_2 to None, run_after=None
[2023-04-23T01:21:29.939+0200] {processor.py:175} INFO - Processing /Users/siddalingkattimani/dbt_env/lib/python3.11/site-packages/airflow/example_dags/example_datasets.py took 0.869 seconds
[2023-04-23T01:23:29.724+0200] {processor.py:153} INFO - Started process (PID=47938) to work on /Users/siddalingkattimani/dbt_env/lib/python3.11/site-packages/airflow/example_dags/example_datasets.py
[2023-04-23T01:23:29.726+0200] {processor.py:743} INFO - Processing file /Users/siddalingkattimani/dbt_env/lib/python3.11/site-packages/airflow/example_dags/example_datasets.py for tasks to queue
[2023-04-23T01:23:29.727+0200] {logging_mixin.py:137} INFO - [2023-04-23T01:23:29.727+0200] {dagbag.py:532} INFO - Filling up the DagBag from /Users/siddalingkattimani/dbt_env/lib/python3.11/site-packages/airflow/example_dags/example_datasets.py
[2023-04-23T01:23:29.747+0200] {processor.py:753} INFO - DAG(s) dict_keys(['dataset_consumes_unknown_never_scheduled', 'dataset_consumes_1_and_2', 'dataset_consumes_1_never_scheduled', 'dataset_produces_2', 'dataset_produces_1', 'dataset_consumes_1']) retrieved from /Users/siddalingkattimani/dbt_env/lib/python3.11/site-packages/airflow/example_dags/example_datasets.py
[2023-04-23T01:23:30.430+0200] {logging_mixin.py:137} INFO - [2023-04-23T01:23:30.429+0200] {dag.py:2705} INFO - Sync 6 DAGs
[2023-04-23T01:23:30.443+0200] {logging_mixin.py:137} INFO - [2023-04-23T01:23:30.443+0200] {dag.py:3452} INFO - Setting next_dagrun for dataset_consumes_1 to None, run_after=None
[2023-04-23T01:23:30.446+0200] {logging_mixin.py:137} INFO - [2023-04-23T01:23:30.446+0200] {dag.py:3452} INFO - Setting next_dagrun for dataset_consumes_1_and_2 to None, run_after=None
[2023-04-23T01:23:30.446+0200] {logging_mixin.py:137} INFO - [2023-04-23T01:23:30.446+0200] {dag.py:3452} INFO - Setting next_dagrun for dataset_consumes_1_never_scheduled to None, run_after=None
[2023-04-23T01:23:30.447+0200] {logging_mixin.py:137} INFO - [2023-04-23T01:23:30.447+0200] {dag.py:3452} INFO - Setting next_dagrun for dataset_consumes_unknown_never_scheduled to None, run_after=None
[2023-04-23T01:23:30.449+0200] {logging_mixin.py:137} INFO - [2023-04-23T01:23:30.449+0200] {dag.py:3452} INFO - Setting next_dagrun for dataset_produces_1 to 2023-04-21T00:00:00+00:00, run_after=2023-04-22T00:00:00+00:00
[2023-04-23T01:23:30.449+0200] {logging_mixin.py:137} INFO - [2023-04-23T01:23:30.449+0200] {dag.py:3452} INFO - Setting next_dagrun for dataset_produces_2 to None, run_after=None
[2023-04-23T01:23:30.473+0200] {processor.py:175} INFO - Processing /Users/siddalingkattimani/dbt_env/lib/python3.11/site-packages/airflow/example_dags/example_datasets.py took 0.751 seconds
[2023-04-23T01:25:28.533+0200] {processor.py:153} INFO - Started process (PID=48006) to work on /Users/siddalingkattimani/dbt_env/lib/python3.11/site-packages/airflow/example_dags/example_datasets.py
[2023-04-23T01:25:28.538+0200] {processor.py:743} INFO - Processing file /Users/siddalingkattimani/dbt_env/lib/python3.11/site-packages/airflow/example_dags/example_datasets.py for tasks to queue
[2023-04-23T01:25:28.539+0200] {logging_mixin.py:137} INFO - [2023-04-23T01:25:28.539+0200] {dagbag.py:532} INFO - Filling up the DagBag from /Users/siddalingkattimani/dbt_env/lib/python3.11/site-packages/airflow/example_dags/example_datasets.py
[2023-04-23T01:25:28.564+0200] {processor.py:753} INFO - DAG(s) dict_keys(['dataset_consumes_unknown_never_scheduled', 'dataset_consumes_1_and_2', 'dataset_produces_2', 'dataset_consumes_1', 'dataset_produces_1', 'dataset_consumes_1_never_scheduled']) retrieved from /Users/siddalingkattimani/dbt_env/lib/python3.11/site-packages/airflow/example_dags/example_datasets.py
[2023-04-23T01:25:29.250+0200] {logging_mixin.py:137} INFO - [2023-04-23T01:25:29.250+0200] {dag.py:2705} INFO - Sync 6 DAGs
[2023-04-23T01:25:29.264+0200] {logging_mixin.py:137} INFO - [2023-04-23T01:25:29.263+0200] {dag.py:3452} INFO - Setting next_dagrun for dataset_consumes_1 to None, run_after=None
[2023-04-23T01:25:29.267+0200] {logging_mixin.py:137} INFO - [2023-04-23T01:25:29.266+0200] {dag.py:3452} INFO - Setting next_dagrun for dataset_consumes_1_and_2 to None, run_after=None
[2023-04-23T01:25:29.267+0200] {logging_mixin.py:137} INFO - [2023-04-23T01:25:29.267+0200] {dag.py:3452} INFO - Setting next_dagrun for dataset_consumes_1_never_scheduled to None, run_after=None
[2023-04-23T01:25:29.268+0200] {logging_mixin.py:137} INFO - [2023-04-23T01:25:29.268+0200] {dag.py:3452} INFO - Setting next_dagrun for dataset_consumes_unknown_never_scheduled to None, run_after=None
[2023-04-23T01:25:29.270+0200] {logging_mixin.py:137} INFO - [2023-04-23T01:25:29.270+0200] {dag.py:3452} INFO - Setting next_dagrun for dataset_produces_1 to 2023-04-21T00:00:00+00:00, run_after=2023-04-22T00:00:00+00:00
[2023-04-23T01:25:29.270+0200] {logging_mixin.py:137} INFO - [2023-04-23T01:25:29.270+0200] {dag.py:3452} INFO - Setting next_dagrun for dataset_produces_2 to None, run_after=None
[2023-04-23T01:25:29.294+0200] {processor.py:175} INFO - Processing /Users/siddalingkattimani/dbt_env/lib/python3.11/site-packages/airflow/example_dags/example_datasets.py took 0.762 seconds
[2023-04-23T01:27:30.852+0200] {processor.py:153} INFO - Started process (PID=48054) to work on /Users/siddalingkattimani/dbt_env/lib/python3.11/site-packages/airflow/example_dags/example_datasets.py
[2023-04-23T01:27:30.856+0200] {processor.py:743} INFO - Processing file /Users/siddalingkattimani/dbt_env/lib/python3.11/site-packages/airflow/example_dags/example_datasets.py for tasks to queue
[2023-04-23T01:27:30.857+0200] {logging_mixin.py:137} INFO - [2023-04-23T01:27:30.857+0200] {dagbag.py:532} INFO - Filling up the DagBag from /Users/siddalingkattimani/dbt_env/lib/python3.11/site-packages/airflow/example_dags/example_datasets.py
[2023-04-23T01:27:30.883+0200] {processor.py:753} INFO - DAG(s) dict_keys(['dataset_consumes_1_never_scheduled', 'dataset_consumes_unknown_never_scheduled', 'dataset_consumes_1_and_2', 'dataset_produces_2', 'dataset_consumes_1', 'dataset_produces_1']) retrieved from /Users/siddalingkattimani/dbt_env/lib/python3.11/site-packages/airflow/example_dags/example_datasets.py
[2023-04-23T01:27:31.824+0200] {logging_mixin.py:137} INFO - [2023-04-23T01:27:31.823+0200] {dag.py:2705} INFO - Sync 6 DAGs
[2023-04-23T01:27:31.837+0200] {logging_mixin.py:137} INFO - [2023-04-23T01:27:31.837+0200] {dag.py:3452} INFO - Setting next_dagrun for dataset_consumes_1 to None, run_after=None
[2023-04-23T01:27:31.839+0200] {logging_mixin.py:137} INFO - [2023-04-23T01:27:31.839+0200] {dag.py:3452} INFO - Setting next_dagrun for dataset_consumes_1_and_2 to None, run_after=None
[2023-04-23T01:27:31.841+0200] {logging_mixin.py:137} INFO - [2023-04-23T01:27:31.841+0200] {dag.py:3452} INFO - Setting next_dagrun for dataset_consumes_1_never_scheduled to None, run_after=None
[2023-04-23T01:27:31.842+0200] {logging_mixin.py:137} INFO - [2023-04-23T01:27:31.842+0200] {dag.py:3452} INFO - Setting next_dagrun for dataset_consumes_unknown_never_scheduled to None, run_after=None
[2023-04-23T01:27:31.844+0200] {logging_mixin.py:137} INFO - [2023-04-23T01:27:31.844+0200] {dag.py:3452} INFO - Setting next_dagrun for dataset_produces_1 to 2023-04-21T00:00:00+00:00, run_after=2023-04-22T00:00:00+00:00
[2023-04-23T01:27:31.845+0200] {logging_mixin.py:137} INFO - [2023-04-23T01:27:31.845+0200] {dag.py:3452} INFO - Setting next_dagrun for dataset_produces_2 to None, run_after=None
[2023-04-23T01:27:31.869+0200] {processor.py:175} INFO - Processing /Users/siddalingkattimani/dbt_env/lib/python3.11/site-packages/airflow/example_dags/example_datasets.py took 1.018 seconds
[2023-04-23T01:29:39.816+0200] {processor.py:153} INFO - Started process (PID=48101) to work on /Users/siddalingkattimani/dbt_env/lib/python3.11/site-packages/airflow/example_dags/example_datasets.py
[2023-04-23T01:29:39.819+0200] {processor.py:743} INFO - Processing file /Users/siddalingkattimani/dbt_env/lib/python3.11/site-packages/airflow/example_dags/example_datasets.py for tasks to queue
[2023-04-23T01:29:39.819+0200] {logging_mixin.py:137} INFO - [2023-04-23T01:29:39.819+0200] {dagbag.py:532} INFO - Filling up the DagBag from /Users/siddalingkattimani/dbt_env/lib/python3.11/site-packages/airflow/example_dags/example_datasets.py
[2023-04-23T01:29:39.842+0200] {processor.py:753} INFO - DAG(s) dict_keys(['dataset_consumes_1_and_2', 'dataset_consumes_unknown_never_scheduled', 'dataset_produces_2', 'dataset_consumes_1', 'dataset_consumes_1_never_scheduled', 'dataset_produces_1']) retrieved from /Users/siddalingkattimani/dbt_env/lib/python3.11/site-packages/airflow/example_dags/example_datasets.py
[2023-04-23T01:29:40.590+0200] {logging_mixin.py:137} INFO - [2023-04-23T01:29:40.590+0200] {dag.py:2705} INFO - Sync 6 DAGs
[2023-04-23T01:29:40.605+0200] {logging_mixin.py:137} INFO - [2023-04-23T01:29:40.605+0200] {dag.py:3452} INFO - Setting next_dagrun for dataset_consumes_1 to None, run_after=None
[2023-04-23T01:29:40.609+0200] {logging_mixin.py:137} INFO - [2023-04-23T01:29:40.609+0200] {dag.py:3452} INFO - Setting next_dagrun for dataset_consumes_1_and_2 to None, run_after=None
[2023-04-23T01:29:40.610+0200] {logging_mixin.py:137} INFO - [2023-04-23T01:29:40.609+0200] {dag.py:3452} INFO - Setting next_dagrun for dataset_consumes_1_never_scheduled to None, run_after=None
[2023-04-23T01:29:40.610+0200] {logging_mixin.py:137} INFO - [2023-04-23T01:29:40.610+0200] {dag.py:3452} INFO - Setting next_dagrun for dataset_consumes_unknown_never_scheduled to None, run_after=None
[2023-04-23T01:29:40.612+0200] {logging_mixin.py:137} INFO - [2023-04-23T01:29:40.612+0200] {dag.py:3452} INFO - Setting next_dagrun for dataset_produces_1 to 2023-04-21T00:00:00+00:00, run_after=2023-04-22T00:00:00+00:00
[2023-04-23T01:29:40.613+0200] {logging_mixin.py:137} INFO - [2023-04-23T01:29:40.613+0200] {dag.py:3452} INFO - Setting next_dagrun for dataset_produces_2 to None, run_after=None
[2023-04-23T01:29:40.640+0200] {processor.py:175} INFO - Processing /Users/siddalingkattimani/dbt_env/lib/python3.11/site-packages/airflow/example_dags/example_datasets.py took 0.825 seconds
[2023-04-23T01:31:38.199+0200] {processor.py:153} INFO - Started process (PID=48147) to work on /Users/siddalingkattimani/dbt_env/lib/python3.11/site-packages/airflow/example_dags/example_datasets.py
[2023-04-23T01:31:38.202+0200] {processor.py:743} INFO - Processing file /Users/siddalingkattimani/dbt_env/lib/python3.11/site-packages/airflow/example_dags/example_datasets.py for tasks to queue
[2023-04-23T01:31:38.203+0200] {logging_mixin.py:137} INFO - [2023-04-23T01:31:38.202+0200] {dagbag.py:532} INFO - Filling up the DagBag from /Users/siddalingkattimani/dbt_env/lib/python3.11/site-packages/airflow/example_dags/example_datasets.py
[2023-04-23T01:31:38.225+0200] {processor.py:753} INFO - DAG(s) dict_keys(['dataset_consumes_1_never_scheduled', 'dataset_consumes_unknown_never_scheduled', 'dataset_consumes_1_and_2', 'dataset_produces_2', 'dataset_produces_1', 'dataset_consumes_1']) retrieved from /Users/siddalingkattimani/dbt_env/lib/python3.11/site-packages/airflow/example_dags/example_datasets.py
[2023-04-23T01:31:38.928+0200] {logging_mixin.py:137} INFO - [2023-04-23T01:31:38.928+0200] {dag.py:2705} INFO - Sync 6 DAGs
[2023-04-23T01:31:38.941+0200] {logging_mixin.py:137} INFO - [2023-04-23T01:31:38.941+0200] {dag.py:3452} INFO - Setting next_dagrun for dataset_consumes_1 to None, run_after=None
[2023-04-23T01:31:38.944+0200] {logging_mixin.py:137} INFO - [2023-04-23T01:31:38.944+0200] {dag.py:3452} INFO - Setting next_dagrun for dataset_consumes_1_and_2 to None, run_after=None
[2023-04-23T01:31:38.945+0200] {logging_mixin.py:137} INFO - [2023-04-23T01:31:38.945+0200] {dag.py:3452} INFO - Setting next_dagrun for dataset_consumes_1_never_scheduled to None, run_after=None
[2023-04-23T01:31:38.945+0200] {logging_mixin.py:137} INFO - [2023-04-23T01:31:38.945+0200] {dag.py:3452} INFO - Setting next_dagrun for dataset_consumes_unknown_never_scheduled to None, run_after=None
[2023-04-23T01:31:38.947+0200] {logging_mixin.py:137} INFO - [2023-04-23T01:31:38.947+0200] {dag.py:3452} INFO - Setting next_dagrun for dataset_produces_1 to 2023-04-21T00:00:00+00:00, run_after=2023-04-22T00:00:00+00:00
[2023-04-23T01:31:38.948+0200] {logging_mixin.py:137} INFO - [2023-04-23T01:31:38.948+0200] {dag.py:3452} INFO - Setting next_dagrun for dataset_produces_2 to None, run_after=None
[2023-04-23T01:31:38.972+0200] {processor.py:175} INFO - Processing /Users/siddalingkattimani/dbt_env/lib/python3.11/site-packages/airflow/example_dags/example_datasets.py took 0.774 seconds
[2023-04-23T01:33:44.176+0200] {processor.py:153} INFO - Started process (PID=48196) to work on /Users/siddalingkattimani/dbt_env/lib/python3.11/site-packages/airflow/example_dags/example_datasets.py
[2023-04-23T01:33:44.181+0200] {processor.py:743} INFO - Processing file /Users/siddalingkattimani/dbt_env/lib/python3.11/site-packages/airflow/example_dags/example_datasets.py for tasks to queue
[2023-04-23T01:33:44.182+0200] {logging_mixin.py:137} INFO - [2023-04-23T01:33:44.182+0200] {dagbag.py:532} INFO - Filling up the DagBag from /Users/siddalingkattimani/dbt_env/lib/python3.11/site-packages/airflow/example_dags/example_datasets.py
[2023-04-23T01:33:44.209+0200] {processor.py:753} INFO - DAG(s) dict_keys(['dataset_consumes_1_never_scheduled', 'dataset_produces_1', 'dataset_consumes_unknown_never_scheduled', 'dataset_produces_2', 'dataset_consumes_1_and_2', 'dataset_consumes_1']) retrieved from /Users/siddalingkattimani/dbt_env/lib/python3.11/site-packages/airflow/example_dags/example_datasets.py
[2023-04-23T01:33:44.935+0200] {logging_mixin.py:137} INFO - [2023-04-23T01:33:44.934+0200] {dag.py:2705} INFO - Sync 6 DAGs
[2023-04-23T01:33:44.948+0200] {logging_mixin.py:137} INFO - [2023-04-23T01:33:44.948+0200] {dag.py:3452} INFO - Setting next_dagrun for dataset_consumes_1 to None, run_after=None
[2023-04-23T01:33:44.951+0200] {logging_mixin.py:137} INFO - [2023-04-23T01:33:44.951+0200] {dag.py:3452} INFO - Setting next_dagrun for dataset_consumes_1_and_2 to None, run_after=None
[2023-04-23T01:33:44.952+0200] {logging_mixin.py:137} INFO - [2023-04-23T01:33:44.952+0200] {dag.py:3452} INFO - Setting next_dagrun for dataset_consumes_1_never_scheduled to None, run_after=None
[2023-04-23T01:33:44.952+0200] {logging_mixin.py:137} INFO - [2023-04-23T01:33:44.952+0200] {dag.py:3452} INFO - Setting next_dagrun for dataset_consumes_unknown_never_scheduled to None, run_after=None
[2023-04-23T01:33:44.955+0200] {logging_mixin.py:137} INFO - [2023-04-23T01:33:44.954+0200] {dag.py:3452} INFO - Setting next_dagrun for dataset_produces_1 to 2023-04-21T00:00:00+00:00, run_after=2023-04-22T00:00:00+00:00
[2023-04-23T01:33:44.956+0200] {logging_mixin.py:137} INFO - [2023-04-23T01:33:44.956+0200] {dag.py:3452} INFO - Setting next_dagrun for dataset_produces_2 to None, run_after=None
[2023-04-23T01:33:44.980+0200] {processor.py:175} INFO - Processing /Users/siddalingkattimani/dbt_env/lib/python3.11/site-packages/airflow/example_dags/example_datasets.py took 0.805 seconds
[2023-04-23T01:35:51.410+0200] {processor.py:153} INFO - Started process (PID=48247) to work on /Users/siddalingkattimani/dbt_env/lib/python3.11/site-packages/airflow/example_dags/example_datasets.py
[2023-04-23T01:35:51.414+0200] {processor.py:743} INFO - Processing file /Users/siddalingkattimani/dbt_env/lib/python3.11/site-packages/airflow/example_dags/example_datasets.py for tasks to queue
[2023-04-23T01:35:51.414+0200] {logging_mixin.py:137} INFO - [2023-04-23T01:35:51.414+0200] {dagbag.py:532} INFO - Filling up the DagBag from /Users/siddalingkattimani/dbt_env/lib/python3.11/site-packages/airflow/example_dags/example_datasets.py
[2023-04-23T01:35:51.437+0200] {processor.py:753} INFO - DAG(s) dict_keys(['dataset_produces_1', 'dataset_consumes_unknown_never_scheduled', 'dataset_consumes_1', 'dataset_produces_2', 'dataset_consumes_1_and_2', 'dataset_consumes_1_never_scheduled']) retrieved from /Users/siddalingkattimani/dbt_env/lib/python3.11/site-packages/airflow/example_dags/example_datasets.py
[2023-04-23T01:35:52.151+0200] {logging_mixin.py:137} INFO - [2023-04-23T01:35:52.151+0200] {dag.py:2705} INFO - Sync 6 DAGs
[2023-04-23T01:35:52.165+0200] {logging_mixin.py:137} INFO - [2023-04-23T01:35:52.165+0200] {dag.py:3452} INFO - Setting next_dagrun for dataset_consumes_1 to None, run_after=None
[2023-04-23T01:35:52.169+0200] {logging_mixin.py:137} INFO - [2023-04-23T01:35:52.168+0200] {dag.py:3452} INFO - Setting next_dagrun for dataset_consumes_1_and_2 to None, run_after=None
[2023-04-23T01:35:52.169+0200] {logging_mixin.py:137} INFO - [2023-04-23T01:35:52.169+0200] {dag.py:3452} INFO - Setting next_dagrun for dataset_consumes_1_never_scheduled to None, run_after=None
[2023-04-23T01:35:52.170+0200] {logging_mixin.py:137} INFO - [2023-04-23T01:35:52.170+0200] {dag.py:3452} INFO - Setting next_dagrun for dataset_consumes_unknown_never_scheduled to None, run_after=None
[2023-04-23T01:35:52.172+0200] {logging_mixin.py:137} INFO - [2023-04-23T01:35:52.172+0200] {dag.py:3452} INFO - Setting next_dagrun for dataset_produces_1 to 2023-04-21T00:00:00+00:00, run_after=2023-04-22T00:00:00+00:00
[2023-04-23T01:35:52.172+0200] {logging_mixin.py:137} INFO - [2023-04-23T01:35:52.172+0200] {dag.py:3452} INFO - Setting next_dagrun for dataset_produces_2 to None, run_after=None
[2023-04-23T01:35:52.198+0200] {processor.py:175} INFO - Processing /Users/siddalingkattimani/dbt_env/lib/python3.11/site-packages/airflow/example_dags/example_datasets.py took 0.789 seconds
