[2023-04-23T00:44:48.481+0200] {processor.py:153} INFO - Started process (PID=46784) to work on /Users/siddalingkattimani/dbt_env/lib/python3.11/site-packages/airflow/example_dags/example_nested_branch_dag.py
[2023-04-23T00:44:48.487+0200] {processor.py:743} INFO - Processing file /Users/siddalingkattimani/dbt_env/lib/python3.11/site-packages/airflow/example_dags/example_nested_branch_dag.py for tasks to queue
[2023-04-23T00:44:48.487+0200] {logging_mixin.py:137} INFO - [2023-04-23T00:44:48.487+0200] {dagbag.py:532} INFO - Filling up the DagBag from /Users/siddalingkattimani/dbt_env/lib/python3.11/site-packages/airflow/example_dags/example_nested_branch_dag.py
[2023-04-23T00:44:48.629+0200] {processor.py:753} INFO - DAG(s) dict_keys(['example_nested_branch_dag']) retrieved from /Users/siddalingkattimani/dbt_env/lib/python3.11/site-packages/airflow/example_dags/example_nested_branch_dag.py
[2023-04-23T00:44:49.605+0200] {logging_mixin.py:137} INFO - [2023-04-23T00:44:49.605+0200] {manager.py:504} INFO - Created Permission View: can delete on DAG:example_nested_branch_dag
[2023-04-23T00:44:49.615+0200] {logging_mixin.py:137} INFO - [2023-04-23T00:44:49.615+0200] {manager.py:504} INFO - Created Permission View: can edit on DAG:example_nested_branch_dag
[2023-04-23T00:44:49.621+0200] {logging_mixin.py:137} INFO - [2023-04-23T00:44:49.621+0200] {manager.py:504} INFO - Created Permission View: can read on DAG:example_nested_branch_dag
[2023-04-23T00:44:49.621+0200] {logging_mixin.py:137} INFO - [2023-04-23T00:44:49.621+0200] {dag.py:2705} INFO - Sync 1 DAGs
[2023-04-23T00:44:49.634+0200] {logging_mixin.py:137} INFO - [2023-04-23T00:44:49.634+0200] {dag.py:2726} INFO - Creating ORM DAG for example_nested_branch_dag
[2023-04-23T00:44:49.645+0200] {logging_mixin.py:137} INFO - [2023-04-23T00:44:49.645+0200] {dag.py:3452} INFO - Setting next_dagrun for example_nested_branch_dag to 2023-04-21T00:00:00+00:00, run_after=2023-04-22T00:00:00+00:00
[2023-04-23T00:44:49.668+0200] {processor.py:175} INFO - Processing /Users/siddalingkattimani/dbt_env/lib/python3.11/site-packages/airflow/example_dags/example_nested_branch_dag.py took 1.187 seconds
[2023-04-23T00:46:46.700+0200] {processor.py:153} INFO - Started process (PID=46829) to work on /Users/siddalingkattimani/dbt_env/lib/python3.11/site-packages/airflow/example_dags/example_nested_branch_dag.py
[2023-04-23T00:46:46.704+0200] {processor.py:743} INFO - Processing file /Users/siddalingkattimani/dbt_env/lib/python3.11/site-packages/airflow/example_dags/example_nested_branch_dag.py for tasks to queue
[2023-04-23T00:46:46.704+0200] {logging_mixin.py:137} INFO - [2023-04-23T00:46:46.704+0200] {dagbag.py:532} INFO - Filling up the DagBag from /Users/siddalingkattimani/dbt_env/lib/python3.11/site-packages/airflow/example_dags/example_nested_branch_dag.py
[2023-04-23T00:46:46.742+0200] {processor.py:753} INFO - DAG(s) dict_keys(['example_nested_branch_dag']) retrieved from /Users/siddalingkattimani/dbt_env/lib/python3.11/site-packages/airflow/example_dags/example_nested_branch_dag.py
[2023-04-23T00:46:47.530+0200] {logging_mixin.py:137} INFO - [2023-04-23T00:46:47.530+0200] {dag.py:2705} INFO - Sync 1 DAGs
[2023-04-23T00:46:47.546+0200] {logging_mixin.py:137} INFO - [2023-04-23T00:46:47.546+0200] {dag.py:3452} INFO - Setting next_dagrun for example_nested_branch_dag to 2023-04-21T00:00:00+00:00, run_after=2023-04-22T00:00:00+00:00
[2023-04-23T00:46:47.563+0200] {processor.py:175} INFO - Processing /Users/siddalingkattimani/dbt_env/lib/python3.11/site-packages/airflow/example_dags/example_nested_branch_dag.py took 0.864 seconds
[2023-04-23T00:48:49.683+0200] {processor.py:153} INFO - Started process (PID=46877) to work on /Users/siddalingkattimani/dbt_env/lib/python3.11/site-packages/airflow/example_dags/example_nested_branch_dag.py
[2023-04-23T00:48:49.686+0200] {processor.py:743} INFO - Processing file /Users/siddalingkattimani/dbt_env/lib/python3.11/site-packages/airflow/example_dags/example_nested_branch_dag.py for tasks to queue
[2023-04-23T00:48:49.687+0200] {logging_mixin.py:137} INFO - [2023-04-23T00:48:49.687+0200] {dagbag.py:532} INFO - Filling up the DagBag from /Users/siddalingkattimani/dbt_env/lib/python3.11/site-packages/airflow/example_dags/example_nested_branch_dag.py
[2023-04-23T00:48:49.732+0200] {processor.py:753} INFO - DAG(s) dict_keys(['example_nested_branch_dag']) retrieved from /Users/siddalingkattimani/dbt_env/lib/python3.11/site-packages/airflow/example_dags/example_nested_branch_dag.py
[2023-04-23T00:48:50.385+0200] {logging_mixin.py:137} INFO - [2023-04-23T00:48:50.385+0200] {dag.py:2705} INFO - Sync 1 DAGs
[2023-04-23T00:48:50.400+0200] {logging_mixin.py:137} INFO - [2023-04-23T00:48:50.400+0200] {dag.py:3452} INFO - Setting next_dagrun for example_nested_branch_dag to 2023-04-21T00:00:00+00:00, run_after=2023-04-22T00:00:00+00:00
[2023-04-23T00:48:50.418+0200] {processor.py:175} INFO - Processing /Users/siddalingkattimani/dbt_env/lib/python3.11/site-packages/airflow/example_dags/example_nested_branch_dag.py took 0.736 seconds
[2023-04-23T00:50:50.532+0200] {processor.py:153} INFO - Started process (PID=46921) to work on /Users/siddalingkattimani/dbt_env/lib/python3.11/site-packages/airflow/example_dags/example_nested_branch_dag.py
[2023-04-23T00:50:50.536+0200] {processor.py:743} INFO - Processing file /Users/siddalingkattimani/dbt_env/lib/python3.11/site-packages/airflow/example_dags/example_nested_branch_dag.py for tasks to queue
[2023-04-23T00:50:50.536+0200] {logging_mixin.py:137} INFO - [2023-04-23T00:50:50.536+0200] {dagbag.py:532} INFO - Filling up the DagBag from /Users/siddalingkattimani/dbt_env/lib/python3.11/site-packages/airflow/example_dags/example_nested_branch_dag.py
[2023-04-23T00:50:50.588+0200] {processor.py:753} INFO - DAG(s) dict_keys(['example_nested_branch_dag']) retrieved from /Users/siddalingkattimani/dbt_env/lib/python3.11/site-packages/airflow/example_dags/example_nested_branch_dag.py
[2023-04-23T00:50:51.356+0200] {logging_mixin.py:137} INFO - [2023-04-23T00:50:51.355+0200] {dag.py:2705} INFO - Sync 1 DAGs
[2023-04-23T00:50:51.373+0200] {logging_mixin.py:137} INFO - [2023-04-23T00:50:51.373+0200] {dag.py:3452} INFO - Setting next_dagrun for example_nested_branch_dag to 2023-04-21T00:00:00+00:00, run_after=2023-04-22T00:00:00+00:00
[2023-04-23T00:50:51.392+0200] {processor.py:175} INFO - Processing /Users/siddalingkattimani/dbt_env/lib/python3.11/site-packages/airflow/example_dags/example_nested_branch_dag.py took 0.861 seconds
[2023-04-23T00:53:02.828+0200] {processor.py:153} INFO - Started process (PID=46983) to work on /Users/siddalingkattimani/dbt_env/lib/python3.11/site-packages/airflow/example_dags/example_nested_branch_dag.py
[2023-04-23T00:53:02.831+0200] {processor.py:743} INFO - Processing file /Users/siddalingkattimani/dbt_env/lib/python3.11/site-packages/airflow/example_dags/example_nested_branch_dag.py for tasks to queue
[2023-04-23T00:53:02.831+0200] {logging_mixin.py:137} INFO - [2023-04-23T00:53:02.831+0200] {dagbag.py:532} INFO - Filling up the DagBag from /Users/siddalingkattimani/dbt_env/lib/python3.11/site-packages/airflow/example_dags/example_nested_branch_dag.py
[2023-04-23T00:53:02.868+0200] {processor.py:753} INFO - DAG(s) dict_keys(['example_nested_branch_dag']) retrieved from /Users/siddalingkattimani/dbt_env/lib/python3.11/site-packages/airflow/example_dags/example_nested_branch_dag.py
[2023-04-23T00:53:03.509+0200] {logging_mixin.py:137} INFO - [2023-04-23T00:53:03.509+0200] {dag.py:2705} INFO - Sync 1 DAGs
[2023-04-23T00:53:03.525+0200] {logging_mixin.py:137} INFO - [2023-04-23T00:53:03.524+0200] {dag.py:3452} INFO - Setting next_dagrun for example_nested_branch_dag to 2023-04-21T00:00:00+00:00, run_after=2023-04-22T00:00:00+00:00
[2023-04-23T00:53:03.542+0200] {processor.py:175} INFO - Processing /Users/siddalingkattimani/dbt_env/lib/python3.11/site-packages/airflow/example_dags/example_nested_branch_dag.py took 0.715 seconds
[2023-04-23T00:55:00.739+0200] {processor.py:153} INFO - Started process (PID=47050) to work on /Users/siddalingkattimani/dbt_env/lib/python3.11/site-packages/airflow/example_dags/example_nested_branch_dag.py
[2023-04-23T00:55:00.745+0200] {processor.py:743} INFO - Processing file /Users/siddalingkattimani/dbt_env/lib/python3.11/site-packages/airflow/example_dags/example_nested_branch_dag.py for tasks to queue
[2023-04-23T00:55:00.745+0200] {logging_mixin.py:137} INFO - [2023-04-23T00:55:00.745+0200] {dagbag.py:532} INFO - Filling up the DagBag from /Users/siddalingkattimani/dbt_env/lib/python3.11/site-packages/airflow/example_dags/example_nested_branch_dag.py
[2023-04-23T00:55:00.796+0200] {processor.py:753} INFO - DAG(s) dict_keys(['example_nested_branch_dag']) retrieved from /Users/siddalingkattimani/dbt_env/lib/python3.11/site-packages/airflow/example_dags/example_nested_branch_dag.py
[2023-04-23T00:55:01.533+0200] {logging_mixin.py:137} INFO - [2023-04-23T00:55:01.533+0200] {dag.py:2705} INFO - Sync 1 DAGs
[2023-04-23T00:55:01.551+0200] {logging_mixin.py:137} INFO - [2023-04-23T00:55:01.551+0200] {dag.py:3452} INFO - Setting next_dagrun for example_nested_branch_dag to 2023-04-21T00:00:00+00:00, run_after=2023-04-22T00:00:00+00:00
[2023-04-23T00:55:01.569+0200] {processor.py:175} INFO - Processing /Users/siddalingkattimani/dbt_env/lib/python3.11/site-packages/airflow/example_dags/example_nested_branch_dag.py took 0.831 seconds
[2023-04-23T00:57:09.518+0200] {processor.py:153} INFO - Started process (PID=47104) to work on /Users/siddalingkattimani/dbt_env/lib/python3.11/site-packages/airflow/example_dags/example_nested_branch_dag.py
[2023-04-23T00:57:09.525+0200] {processor.py:743} INFO - Processing file /Users/siddalingkattimani/dbt_env/lib/python3.11/site-packages/airflow/example_dags/example_nested_branch_dag.py for tasks to queue
[2023-04-23T00:57:09.527+0200] {logging_mixin.py:137} INFO - [2023-04-23T00:57:09.526+0200] {dagbag.py:532} INFO - Filling up the DagBag from /Users/siddalingkattimani/dbt_env/lib/python3.11/site-packages/airflow/example_dags/example_nested_branch_dag.py
[2023-04-23T00:57:09.636+0200] {processor.py:753} INFO - DAG(s) dict_keys(['example_nested_branch_dag']) retrieved from /Users/siddalingkattimani/dbt_env/lib/python3.11/site-packages/airflow/example_dags/example_nested_branch_dag.py
[2023-04-23T00:57:11.188+0200] {logging_mixin.py:137} INFO - [2023-04-23T00:57:11.187+0200] {dag.py:2705} INFO - Sync 1 DAGs
[2023-04-23T00:57:11.204+0200] {logging_mixin.py:137} INFO - [2023-04-23T00:57:11.204+0200] {dag.py:3452} INFO - Setting next_dagrun for example_nested_branch_dag to 2023-04-21T00:00:00+00:00, run_after=2023-04-22T00:00:00+00:00
[2023-04-23T00:57:11.220+0200] {processor.py:175} INFO - Processing /Users/siddalingkattimani/dbt_env/lib/python3.11/site-packages/airflow/example_dags/example_nested_branch_dag.py took 1.703 seconds
[2023-04-23T00:59:16.599+0200] {processor.py:153} INFO - Started process (PID=47150) to work on /Users/siddalingkattimani/dbt_env/lib/python3.11/site-packages/airflow/example_dags/example_nested_branch_dag.py
[2023-04-23T00:59:16.603+0200] {processor.py:743} INFO - Processing file /Users/siddalingkattimani/dbt_env/lib/python3.11/site-packages/airflow/example_dags/example_nested_branch_dag.py for tasks to queue
[2023-04-23T00:59:16.604+0200] {logging_mixin.py:137} INFO - [2023-04-23T00:59:16.604+0200] {dagbag.py:532} INFO - Filling up the DagBag from /Users/siddalingkattimani/dbt_env/lib/python3.11/site-packages/airflow/example_dags/example_nested_branch_dag.py
[2023-04-23T00:59:16.643+0200] {processor.py:753} INFO - DAG(s) dict_keys(['example_nested_branch_dag']) retrieved from /Users/siddalingkattimani/dbt_env/lib/python3.11/site-packages/airflow/example_dags/example_nested_branch_dag.py
[2023-04-23T00:59:18.223+0200] {logging_mixin.py:137} INFO - [2023-04-23T00:59:18.222+0200] {dag.py:2705} INFO - Sync 1 DAGs
[2023-04-23T00:59:18.238+0200] {logging_mixin.py:137} INFO - [2023-04-23T00:59:18.238+0200] {dag.py:3452} INFO - Setting next_dagrun for example_nested_branch_dag to 2023-04-21T00:00:00+00:00, run_after=2023-04-22T00:00:00+00:00
[2023-04-23T00:59:18.256+0200] {processor.py:175} INFO - Processing /Users/siddalingkattimani/dbt_env/lib/python3.11/site-packages/airflow/example_dags/example_nested_branch_dag.py took 1.658 seconds
[2023-04-23T01:01:32.287+0200] {processor.py:153} INFO - Started process (PID=47199) to work on /Users/siddalingkattimani/dbt_env/lib/python3.11/site-packages/airflow/example_dags/example_nested_branch_dag.py
[2023-04-23T01:01:32.307+0200] {processor.py:743} INFO - Processing file /Users/siddalingkattimani/dbt_env/lib/python3.11/site-packages/airflow/example_dags/example_nested_branch_dag.py for tasks to queue
[2023-04-23T01:01:32.309+0200] {logging_mixin.py:137} INFO - [2023-04-23T01:01:32.309+0200] {dagbag.py:532} INFO - Filling up the DagBag from /Users/siddalingkattimani/dbt_env/lib/python3.11/site-packages/airflow/example_dags/example_nested_branch_dag.py
[2023-04-23T01:01:32.416+0200] {processor.py:753} INFO - DAG(s) dict_keys(['example_nested_branch_dag']) retrieved from /Users/siddalingkattimani/dbt_env/lib/python3.11/site-packages/airflow/example_dags/example_nested_branch_dag.py
[2023-04-23T01:01:34.415+0200] {logging_mixin.py:137} INFO - [2023-04-23T01:01:34.415+0200] {dag.py:2705} INFO - Sync 1 DAGs
[2023-04-23T01:01:34.446+0200] {logging_mixin.py:137} INFO - [2023-04-23T01:01:34.446+0200] {dag.py:3452} INFO - Setting next_dagrun for example_nested_branch_dag to 2023-04-21T00:00:00+00:00, run_after=2023-04-22T00:00:00+00:00
[2023-04-23T01:01:34.482+0200] {processor.py:175} INFO - Processing /Users/siddalingkattimani/dbt_env/lib/python3.11/site-packages/airflow/example_dags/example_nested_branch_dag.py took 2.198 seconds
[2023-04-23T01:03:36.765+0200] {processor.py:153} INFO - Started process (PID=47244) to work on /Users/siddalingkattimani/dbt_env/lib/python3.11/site-packages/airflow/example_dags/example_nested_branch_dag.py
[2023-04-23T01:03:36.768+0200] {processor.py:743} INFO - Processing file /Users/siddalingkattimani/dbt_env/lib/python3.11/site-packages/airflow/example_dags/example_nested_branch_dag.py for tasks to queue
[2023-04-23T01:03:36.768+0200] {logging_mixin.py:137} INFO - [2023-04-23T01:03:36.768+0200] {dagbag.py:532} INFO - Filling up the DagBag from /Users/siddalingkattimani/dbt_env/lib/python3.11/site-packages/airflow/example_dags/example_nested_branch_dag.py
[2023-04-23T01:03:36.805+0200] {processor.py:753} INFO - DAG(s) dict_keys(['example_nested_branch_dag']) retrieved from /Users/siddalingkattimani/dbt_env/lib/python3.11/site-packages/airflow/example_dags/example_nested_branch_dag.py
[2023-04-23T01:03:37.480+0200] {logging_mixin.py:137} INFO - [2023-04-23T01:03:37.480+0200] {dag.py:2705} INFO - Sync 1 DAGs
[2023-04-23T01:03:37.495+0200] {logging_mixin.py:137} INFO - [2023-04-23T01:03:37.495+0200] {dag.py:3452} INFO - Setting next_dagrun for example_nested_branch_dag to 2023-04-21T00:00:00+00:00, run_after=2023-04-22T00:00:00+00:00
[2023-04-23T01:03:37.519+0200] {processor.py:175} INFO - Processing /Users/siddalingkattimani/dbt_env/lib/python3.11/site-packages/airflow/example_dags/example_nested_branch_dag.py took 0.755 seconds
[2023-04-23T01:05:49.267+0200] {processor.py:153} INFO - Started process (PID=47351) to work on /Users/siddalingkattimani/dbt_env/lib/python3.11/site-packages/airflow/example_dags/example_nested_branch_dag.py
[2023-04-23T01:05:49.271+0200] {processor.py:743} INFO - Processing file /Users/siddalingkattimani/dbt_env/lib/python3.11/site-packages/airflow/example_dags/example_nested_branch_dag.py for tasks to queue
[2023-04-23T01:05:49.272+0200] {logging_mixin.py:137} INFO - [2023-04-23T01:05:49.272+0200] {dagbag.py:532} INFO - Filling up the DagBag from /Users/siddalingkattimani/dbt_env/lib/python3.11/site-packages/airflow/example_dags/example_nested_branch_dag.py
[2023-04-23T01:05:49.326+0200] {processor.py:753} INFO - DAG(s) dict_keys(['example_nested_branch_dag']) retrieved from /Users/siddalingkattimani/dbt_env/lib/python3.11/site-packages/airflow/example_dags/example_nested_branch_dag.py
[2023-04-23T01:05:50.177+0200] {logging_mixin.py:137} INFO - [2023-04-23T01:05:50.177+0200] {dag.py:2705} INFO - Sync 1 DAGs
[2023-04-23T01:05:50.199+0200] {logging_mixin.py:137} INFO - [2023-04-23T01:05:50.199+0200] {dag.py:3452} INFO - Setting next_dagrun for example_nested_branch_dag to 2023-04-21T00:00:00+00:00, run_after=2023-04-22T00:00:00+00:00
[2023-04-23T01:05:50.223+0200] {processor.py:175} INFO - Processing /Users/siddalingkattimani/dbt_env/lib/python3.11/site-packages/airflow/example_dags/example_nested_branch_dag.py took 0.957 seconds
[2023-04-23T01:08:14.190+0200] {processor.py:153} INFO - Started process (PID=47494) to work on /Users/siddalingkattimani/dbt_env/lib/python3.11/site-packages/airflow/example_dags/example_nested_branch_dag.py
[2023-04-23T01:08:14.197+0200] {processor.py:743} INFO - Processing file /Users/siddalingkattimani/dbt_env/lib/python3.11/site-packages/airflow/example_dags/example_nested_branch_dag.py for tasks to queue
[2023-04-23T01:08:14.198+0200] {logging_mixin.py:137} INFO - [2023-04-23T01:08:14.198+0200] {dagbag.py:532} INFO - Filling up the DagBag from /Users/siddalingkattimani/dbt_env/lib/python3.11/site-packages/airflow/example_dags/example_nested_branch_dag.py
[2023-04-23T01:08:14.291+0200] {processor.py:753} INFO - DAG(s) dict_keys(['example_nested_branch_dag']) retrieved from /Users/siddalingkattimani/dbt_env/lib/python3.11/site-packages/airflow/example_dags/example_nested_branch_dag.py
[2023-04-23T01:08:15.465+0200] {logging_mixin.py:137} INFO - [2023-04-23T01:08:15.465+0200] {dag.py:2705} INFO - Sync 1 DAGs
[2023-04-23T01:08:15.480+0200] {logging_mixin.py:137} INFO - [2023-04-23T01:08:15.480+0200] {dag.py:3452} INFO - Setting next_dagrun for example_nested_branch_dag to 2023-04-21T00:00:00+00:00, run_after=2023-04-22T00:00:00+00:00
[2023-04-23T01:08:15.503+0200] {processor.py:175} INFO - Processing /Users/siddalingkattimani/dbt_env/lib/python3.11/site-packages/airflow/example_dags/example_nested_branch_dag.py took 1.314 seconds
[2023-04-23T01:10:45.795+0200] {processor.py:153} INFO - Started process (PID=47650) to work on /Users/siddalingkattimani/dbt_env/lib/python3.11/site-packages/airflow/example_dags/example_nested_branch_dag.py
[2023-04-23T01:10:45.802+0200] {processor.py:743} INFO - Processing file /Users/siddalingkattimani/dbt_env/lib/python3.11/site-packages/airflow/example_dags/example_nested_branch_dag.py for tasks to queue
[2023-04-23T01:10:45.803+0200] {logging_mixin.py:137} INFO - [2023-04-23T01:10:45.803+0200] {dagbag.py:532} INFO - Filling up the DagBag from /Users/siddalingkattimani/dbt_env/lib/python3.11/site-packages/airflow/example_dags/example_nested_branch_dag.py
[2023-04-23T01:10:45.924+0200] {processor.py:753} INFO - DAG(s) dict_keys(['example_nested_branch_dag']) retrieved from /Users/siddalingkattimani/dbt_env/lib/python3.11/site-packages/airflow/example_dags/example_nested_branch_dag.py
[2023-04-23T01:10:46.799+0200] {logging_mixin.py:137} INFO - [2023-04-23T01:10:46.799+0200] {dag.py:2705} INFO - Sync 1 DAGs
[2023-04-23T01:10:46.822+0200] {logging_mixin.py:137} INFO - [2023-04-23T01:10:46.821+0200] {dag.py:3452} INFO - Setting next_dagrun for example_nested_branch_dag to 2023-04-21T00:00:00+00:00, run_after=2023-04-22T00:00:00+00:00
[2023-04-23T01:10:46.845+0200] {processor.py:175} INFO - Processing /Users/siddalingkattimani/dbt_env/lib/python3.11/site-packages/airflow/example_dags/example_nested_branch_dag.py took 1.051 seconds
[2023-04-23T01:12:53.090+0200] {processor.py:153} INFO - Started process (PID=47698) to work on /Users/siddalingkattimani/dbt_env/lib/python3.11/site-packages/airflow/example_dags/example_nested_branch_dag.py
[2023-04-23T01:12:53.094+0200] {processor.py:743} INFO - Processing file /Users/siddalingkattimani/dbt_env/lib/python3.11/site-packages/airflow/example_dags/example_nested_branch_dag.py for tasks to queue
[2023-04-23T01:12:53.094+0200] {logging_mixin.py:137} INFO - [2023-04-23T01:12:53.094+0200] {dagbag.py:532} INFO - Filling up the DagBag from /Users/siddalingkattimani/dbt_env/lib/python3.11/site-packages/airflow/example_dags/example_nested_branch_dag.py
[2023-04-23T01:12:53.165+0200] {processor.py:753} INFO - DAG(s) dict_keys(['example_nested_branch_dag']) retrieved from /Users/siddalingkattimani/dbt_env/lib/python3.11/site-packages/airflow/example_dags/example_nested_branch_dag.py
[2023-04-23T01:12:53.759+0200] {logging_mixin.py:137} INFO - [2023-04-23T01:12:53.759+0200] {dag.py:2705} INFO - Sync 1 DAGs
[2023-04-23T01:12:53.773+0200] {logging_mixin.py:137} INFO - [2023-04-23T01:12:53.773+0200] {dag.py:3452} INFO - Setting next_dagrun for example_nested_branch_dag to 2023-04-21T00:00:00+00:00, run_after=2023-04-22T00:00:00+00:00
[2023-04-23T01:12:53.790+0200] {processor.py:175} INFO - Processing /Users/siddalingkattimani/dbt_env/lib/python3.11/site-packages/airflow/example_dags/example_nested_branch_dag.py took 0.700 seconds
[2023-04-23T01:14:56.098+0200] {processor.py:153} INFO - Started process (PID=47746) to work on /Users/siddalingkattimani/dbt_env/lib/python3.11/site-packages/airflow/example_dags/example_nested_branch_dag.py
[2023-04-23T01:14:56.102+0200] {processor.py:743} INFO - Processing file /Users/siddalingkattimani/dbt_env/lib/python3.11/site-packages/airflow/example_dags/example_nested_branch_dag.py for tasks to queue
[2023-04-23T01:14:56.102+0200] {logging_mixin.py:137} INFO - [2023-04-23T01:14:56.102+0200] {dagbag.py:532} INFO - Filling up the DagBag from /Users/siddalingkattimani/dbt_env/lib/python3.11/site-packages/airflow/example_dags/example_nested_branch_dag.py
[2023-04-23T01:14:56.205+0200] {processor.py:753} INFO - DAG(s) dict_keys(['example_nested_branch_dag']) retrieved from /Users/siddalingkattimani/dbt_env/lib/python3.11/site-packages/airflow/example_dags/example_nested_branch_dag.py
[2023-04-23T01:14:56.939+0200] {logging_mixin.py:137} INFO - [2023-04-23T01:14:56.939+0200] {dag.py:2705} INFO - Sync 1 DAGs
[2023-04-23T01:14:56.956+0200] {logging_mixin.py:137} INFO - [2023-04-23T01:14:56.956+0200] {dag.py:3452} INFO - Setting next_dagrun for example_nested_branch_dag to 2023-04-21T00:00:00+00:00, run_after=2023-04-22T00:00:00+00:00
[2023-04-23T01:14:56.974+0200] {processor.py:175} INFO - Processing /Users/siddalingkattimani/dbt_env/lib/python3.11/site-packages/airflow/example_dags/example_nested_branch_dag.py took 0.876 seconds
[2023-04-23T01:17:00.310+0200] {processor.py:153} INFO - Started process (PID=47791) to work on /Users/siddalingkattimani/dbt_env/lib/python3.11/site-packages/airflow/example_dags/example_nested_branch_dag.py
[2023-04-23T01:17:00.312+0200] {processor.py:743} INFO - Processing file /Users/siddalingkattimani/dbt_env/lib/python3.11/site-packages/airflow/example_dags/example_nested_branch_dag.py for tasks to queue
[2023-04-23T01:17:00.313+0200] {logging_mixin.py:137} INFO - [2023-04-23T01:17:00.313+0200] {dagbag.py:532} INFO - Filling up the DagBag from /Users/siddalingkattimani/dbt_env/lib/python3.11/site-packages/airflow/example_dags/example_nested_branch_dag.py
[2023-04-23T01:17:00.389+0200] {processor.py:753} INFO - DAG(s) dict_keys(['example_nested_branch_dag']) retrieved from /Users/siddalingkattimani/dbt_env/lib/python3.11/site-packages/airflow/example_dags/example_nested_branch_dag.py
[2023-04-23T01:17:01.052+0200] {logging_mixin.py:137} INFO - [2023-04-23T01:17:01.052+0200] {dag.py:2705} INFO - Sync 1 DAGs
[2023-04-23T01:17:01.067+0200] {logging_mixin.py:137} INFO - [2023-04-23T01:17:01.067+0200] {dag.py:3452} INFO - Setting next_dagrun for example_nested_branch_dag to 2023-04-21T00:00:00+00:00, run_after=2023-04-22T00:00:00+00:00
[2023-04-23T01:17:01.084+0200] {processor.py:175} INFO - Processing /Users/siddalingkattimani/dbt_env/lib/python3.11/site-packages/airflow/example_dags/example_nested_branch_dag.py took 0.775 seconds
[2023-04-23T01:19:03.307+0200] {processor.py:153} INFO - Started process (PID=47836) to work on /Users/siddalingkattimani/dbt_env/lib/python3.11/site-packages/airflow/example_dags/example_nested_branch_dag.py
[2023-04-23T01:19:03.310+0200] {processor.py:743} INFO - Processing file /Users/siddalingkattimani/dbt_env/lib/python3.11/site-packages/airflow/example_dags/example_nested_branch_dag.py for tasks to queue
[2023-04-23T01:19:03.310+0200] {logging_mixin.py:137} INFO - [2023-04-23T01:19:03.310+0200] {dagbag.py:532} INFO - Filling up the DagBag from /Users/siddalingkattimani/dbt_env/lib/python3.11/site-packages/airflow/example_dags/example_nested_branch_dag.py
[2023-04-23T01:19:03.404+0200] {processor.py:753} INFO - DAG(s) dict_keys(['example_nested_branch_dag']) retrieved from /Users/siddalingkattimani/dbt_env/lib/python3.11/site-packages/airflow/example_dags/example_nested_branch_dag.py
[2023-04-23T01:19:04.039+0200] {logging_mixin.py:137} INFO - [2023-04-23T01:19:04.039+0200] {dag.py:2705} INFO - Sync 1 DAGs
[2023-04-23T01:19:04.055+0200] {logging_mixin.py:137} INFO - [2023-04-23T01:19:04.055+0200] {dag.py:3452} INFO - Setting next_dagrun for example_nested_branch_dag to 2023-04-21T00:00:00+00:00, run_after=2023-04-22T00:00:00+00:00
[2023-04-23T01:19:04.073+0200] {processor.py:175} INFO - Processing /Users/siddalingkattimani/dbt_env/lib/python3.11/site-packages/airflow/example_dags/example_nested_branch_dag.py took 0.766 seconds
[2023-04-23T01:21:08.713+0200] {processor.py:153} INFO - Started process (PID=47881) to work on /Users/siddalingkattimani/dbt_env/lib/python3.11/site-packages/airflow/example_dags/example_nested_branch_dag.py
[2023-04-23T01:21:08.716+0200] {processor.py:743} INFO - Processing file /Users/siddalingkattimani/dbt_env/lib/python3.11/site-packages/airflow/example_dags/example_nested_branch_dag.py for tasks to queue
[2023-04-23T01:21:08.717+0200] {logging_mixin.py:137} INFO - [2023-04-23T01:21:08.717+0200] {dagbag.py:532} INFO - Filling up the DagBag from /Users/siddalingkattimani/dbt_env/lib/python3.11/site-packages/airflow/example_dags/example_nested_branch_dag.py
[2023-04-23T01:21:08.789+0200] {processor.py:753} INFO - DAG(s) dict_keys(['example_nested_branch_dag']) retrieved from /Users/siddalingkattimani/dbt_env/lib/python3.11/site-packages/airflow/example_dags/example_nested_branch_dag.py
[2023-04-23T01:21:09.487+0200] {logging_mixin.py:137} INFO - [2023-04-23T01:21:09.487+0200] {dag.py:2705} INFO - Sync 1 DAGs
[2023-04-23T01:21:09.503+0200] {logging_mixin.py:137} INFO - [2023-04-23T01:21:09.502+0200] {dag.py:3452} INFO - Setting next_dagrun for example_nested_branch_dag to 2023-04-21T00:00:00+00:00, run_after=2023-04-22T00:00:00+00:00
[2023-04-23T01:21:09.520+0200] {processor.py:175} INFO - Processing /Users/siddalingkattimani/dbt_env/lib/python3.11/site-packages/airflow/example_dags/example_nested_branch_dag.py took 0.807 seconds
[2023-04-23T01:23:09.132+0200] {processor.py:153} INFO - Started process (PID=47929) to work on /Users/siddalingkattimani/dbt_env/lib/python3.11/site-packages/airflow/example_dags/example_nested_branch_dag.py
[2023-04-23T01:23:09.135+0200] {processor.py:743} INFO - Processing file /Users/siddalingkattimani/dbt_env/lib/python3.11/site-packages/airflow/example_dags/example_nested_branch_dag.py for tasks to queue
[2023-04-23T01:23:09.135+0200] {logging_mixin.py:137} INFO - [2023-04-23T01:23:09.135+0200] {dagbag.py:532} INFO - Filling up the DagBag from /Users/siddalingkattimani/dbt_env/lib/python3.11/site-packages/airflow/example_dags/example_nested_branch_dag.py
[2023-04-23T01:23:09.205+0200] {processor.py:753} INFO - DAG(s) dict_keys(['example_nested_branch_dag']) retrieved from /Users/siddalingkattimani/dbt_env/lib/python3.11/site-packages/airflow/example_dags/example_nested_branch_dag.py
[2023-04-23T01:23:09.822+0200] {logging_mixin.py:137} INFO - [2023-04-23T01:23:09.821+0200] {dag.py:2705} INFO - Sync 1 DAGs
[2023-04-23T01:23:09.835+0200] {logging_mixin.py:137} INFO - [2023-04-23T01:23:09.835+0200] {dag.py:3452} INFO - Setting next_dagrun for example_nested_branch_dag to 2023-04-21T00:00:00+00:00, run_after=2023-04-22T00:00:00+00:00
[2023-04-23T01:23:09.851+0200] {processor.py:175} INFO - Processing /Users/siddalingkattimani/dbt_env/lib/python3.11/site-packages/airflow/example_dags/example_nested_branch_dag.py took 0.720 seconds
[2023-04-23T01:25:08.674+0200] {processor.py:153} INFO - Started process (PID=47994) to work on /Users/siddalingkattimani/dbt_env/lib/python3.11/site-packages/airflow/example_dags/example_nested_branch_dag.py
[2023-04-23T01:25:08.677+0200] {processor.py:743} INFO - Processing file /Users/siddalingkattimani/dbt_env/lib/python3.11/site-packages/airflow/example_dags/example_nested_branch_dag.py for tasks to queue
[2023-04-23T01:25:08.678+0200] {logging_mixin.py:137} INFO - [2023-04-23T01:25:08.678+0200] {dagbag.py:532} INFO - Filling up the DagBag from /Users/siddalingkattimani/dbt_env/lib/python3.11/site-packages/airflow/example_dags/example_nested_branch_dag.py
[2023-04-23T01:25:08.767+0200] {processor.py:753} INFO - DAG(s) dict_keys(['example_nested_branch_dag']) retrieved from /Users/siddalingkattimani/dbt_env/lib/python3.11/site-packages/airflow/example_dags/example_nested_branch_dag.py
[2023-04-23T01:25:09.518+0200] {logging_mixin.py:137} INFO - [2023-04-23T01:25:09.518+0200] {dag.py:2705} INFO - Sync 1 DAGs
[2023-04-23T01:25:09.548+0200] {logging_mixin.py:137} INFO - [2023-04-23T01:25:09.548+0200] {dag.py:3452} INFO - Setting next_dagrun for example_nested_branch_dag to 2023-04-21T00:00:00+00:00, run_after=2023-04-22T00:00:00+00:00
[2023-04-23T01:25:09.572+0200] {processor.py:175} INFO - Processing /Users/siddalingkattimani/dbt_env/lib/python3.11/site-packages/airflow/example_dags/example_nested_branch_dag.py took 0.899 seconds
[2023-04-23T01:27:09.796+0200] {processor.py:153} INFO - Started process (PID=48045) to work on /Users/siddalingkattimani/dbt_env/lib/python3.11/site-packages/airflow/example_dags/example_nested_branch_dag.py
[2023-04-23T01:27:09.799+0200] {processor.py:743} INFO - Processing file /Users/siddalingkattimani/dbt_env/lib/python3.11/site-packages/airflow/example_dags/example_nested_branch_dag.py for tasks to queue
[2023-04-23T01:27:09.800+0200] {logging_mixin.py:137} INFO - [2023-04-23T01:27:09.800+0200] {dagbag.py:532} INFO - Filling up the DagBag from /Users/siddalingkattimani/dbt_env/lib/python3.11/site-packages/airflow/example_dags/example_nested_branch_dag.py
[2023-04-23T01:27:09.872+0200] {processor.py:753} INFO - DAG(s) dict_keys(['example_nested_branch_dag']) retrieved from /Users/siddalingkattimani/dbt_env/lib/python3.11/site-packages/airflow/example_dags/example_nested_branch_dag.py
[2023-04-23T01:27:10.484+0200] {logging_mixin.py:137} INFO - [2023-04-23T01:27:10.484+0200] {dag.py:2705} INFO - Sync 1 DAGs
[2023-04-23T01:27:10.502+0200] {logging_mixin.py:137} INFO - [2023-04-23T01:27:10.502+0200] {dag.py:3452} INFO - Setting next_dagrun for example_nested_branch_dag to 2023-04-21T00:00:00+00:00, run_after=2023-04-22T00:00:00+00:00
[2023-04-23T01:27:10.519+0200] {processor.py:175} INFO - Processing /Users/siddalingkattimani/dbt_env/lib/python3.11/site-packages/airflow/example_dags/example_nested_branch_dag.py took 0.723 seconds
[2023-04-23T01:29:18.122+0200] {processor.py:153} INFO - Started process (PID=48093) to work on /Users/siddalingkattimani/dbt_env/lib/python3.11/site-packages/airflow/example_dags/example_nested_branch_dag.py
[2023-04-23T01:29:18.126+0200] {processor.py:743} INFO - Processing file /Users/siddalingkattimani/dbt_env/lib/python3.11/site-packages/airflow/example_dags/example_nested_branch_dag.py for tasks to queue
[2023-04-23T01:29:18.127+0200] {logging_mixin.py:137} INFO - [2023-04-23T01:29:18.127+0200] {dagbag.py:532} INFO - Filling up the DagBag from /Users/siddalingkattimani/dbt_env/lib/python3.11/site-packages/airflow/example_dags/example_nested_branch_dag.py
[2023-04-23T01:29:18.248+0200] {processor.py:753} INFO - DAG(s) dict_keys(['example_nested_branch_dag']) retrieved from /Users/siddalingkattimani/dbt_env/lib/python3.11/site-packages/airflow/example_dags/example_nested_branch_dag.py
[2023-04-23T01:29:19.058+0200] {logging_mixin.py:137} INFO - [2023-04-23T01:29:19.058+0200] {dag.py:2705} INFO - Sync 1 DAGs
[2023-04-23T01:29:19.073+0200] {logging_mixin.py:137} INFO - [2023-04-23T01:29:19.073+0200] {dag.py:3452} INFO - Setting next_dagrun for example_nested_branch_dag to 2023-04-21T00:00:00+00:00, run_after=2023-04-22T00:00:00+00:00
[2023-04-23T01:29:19.092+0200] {processor.py:175} INFO - Processing /Users/siddalingkattimani/dbt_env/lib/python3.11/site-packages/airflow/example_dags/example_nested_branch_dag.py took 0.971 seconds
[2023-04-23T01:31:18.243+0200] {processor.py:153} INFO - Started process (PID=48140) to work on /Users/siddalingkattimani/dbt_env/lib/python3.11/site-packages/airflow/example_dags/example_nested_branch_dag.py
[2023-04-23T01:31:18.246+0200] {processor.py:743} INFO - Processing file /Users/siddalingkattimani/dbt_env/lib/python3.11/site-packages/airflow/example_dags/example_nested_branch_dag.py for tasks to queue
[2023-04-23T01:31:18.246+0200] {logging_mixin.py:137} INFO - [2023-04-23T01:31:18.246+0200] {dagbag.py:532} INFO - Filling up the DagBag from /Users/siddalingkattimani/dbt_env/lib/python3.11/site-packages/airflow/example_dags/example_nested_branch_dag.py
[2023-04-23T01:31:18.321+0200] {processor.py:753} INFO - DAG(s) dict_keys(['example_nested_branch_dag']) retrieved from /Users/siddalingkattimani/dbt_env/lib/python3.11/site-packages/airflow/example_dags/example_nested_branch_dag.py
[2023-04-23T01:31:18.969+0200] {logging_mixin.py:137} INFO - [2023-04-23T01:31:18.969+0200] {dag.py:2705} INFO - Sync 1 DAGs
[2023-04-23T01:31:18.983+0200] {logging_mixin.py:137} INFO - [2023-04-23T01:31:18.983+0200] {dag.py:3452} INFO - Setting next_dagrun for example_nested_branch_dag to 2023-04-21T00:00:00+00:00, run_after=2023-04-22T00:00:00+00:00
[2023-04-23T01:31:18.999+0200] {processor.py:175} INFO - Processing /Users/siddalingkattimani/dbt_env/lib/python3.11/site-packages/airflow/example_dags/example_nested_branch_dag.py took 0.756 seconds
[2023-04-23T01:33:23.089+0200] {processor.py:153} INFO - Started process (PID=48188) to work on /Users/siddalingkattimani/dbt_env/lib/python3.11/site-packages/airflow/example_dags/example_nested_branch_dag.py
[2023-04-23T01:33:23.093+0200] {processor.py:743} INFO - Processing file /Users/siddalingkattimani/dbt_env/lib/python3.11/site-packages/airflow/example_dags/example_nested_branch_dag.py for tasks to queue
[2023-04-23T01:33:23.093+0200] {logging_mixin.py:137} INFO - [2023-04-23T01:33:23.093+0200] {dagbag.py:532} INFO - Filling up the DagBag from /Users/siddalingkattimani/dbt_env/lib/python3.11/site-packages/airflow/example_dags/example_nested_branch_dag.py
[2023-04-23T01:33:23.170+0200] {processor.py:753} INFO - DAG(s) dict_keys(['example_nested_branch_dag']) retrieved from /Users/siddalingkattimani/dbt_env/lib/python3.11/site-packages/airflow/example_dags/example_nested_branch_dag.py
[2023-04-23T01:33:23.857+0200] {logging_mixin.py:137} INFO - [2023-04-23T01:33:23.857+0200] {dag.py:2705} INFO - Sync 1 DAGs
[2023-04-23T01:33:23.874+0200] {logging_mixin.py:137} INFO - [2023-04-23T01:33:23.873+0200] {dag.py:3452} INFO - Setting next_dagrun for example_nested_branch_dag to 2023-04-21T00:00:00+00:00, run_after=2023-04-22T00:00:00+00:00
[2023-04-23T01:33:23.911+0200] {processor.py:175} INFO - Processing /Users/siddalingkattimani/dbt_env/lib/python3.11/site-packages/airflow/example_dags/example_nested_branch_dag.py took 0.822 seconds
[2023-04-23T01:35:29.015+0200] {processor.py:153} INFO - Started process (PID=48236) to work on /Users/siddalingkattimani/dbt_env/lib/python3.11/site-packages/airflow/example_dags/example_nested_branch_dag.py
[2023-04-23T01:35:29.022+0200] {processor.py:743} INFO - Processing file /Users/siddalingkattimani/dbt_env/lib/python3.11/site-packages/airflow/example_dags/example_nested_branch_dag.py for tasks to queue
[2023-04-23T01:35:29.023+0200] {logging_mixin.py:137} INFO - [2023-04-23T01:35:29.023+0200] {dagbag.py:532} INFO - Filling up the DagBag from /Users/siddalingkattimani/dbt_env/lib/python3.11/site-packages/airflow/example_dags/example_nested_branch_dag.py
[2023-04-23T01:35:29.147+0200] {processor.py:753} INFO - DAG(s) dict_keys(['example_nested_branch_dag']) retrieved from /Users/siddalingkattimani/dbt_env/lib/python3.11/site-packages/airflow/example_dags/example_nested_branch_dag.py
[2023-04-23T01:35:30.559+0200] {logging_mixin.py:137} INFO - [2023-04-23T01:35:30.559+0200] {dag.py:2705} INFO - Sync 1 DAGs
[2023-04-23T01:35:30.577+0200] {logging_mixin.py:137} INFO - [2023-04-23T01:35:30.577+0200] {dag.py:3452} INFO - Setting next_dagrun for example_nested_branch_dag to 2023-04-21T00:00:00+00:00, run_after=2023-04-22T00:00:00+00:00
[2023-04-23T01:35:30.596+0200] {processor.py:175} INFO - Processing /Users/siddalingkattimani/dbt_env/lib/python3.11/site-packages/airflow/example_dags/example_nested_branch_dag.py took 1.582 seconds
