[2023-04-23T00:45:33.420+0200] {processor.py:153} INFO - Started process (PID=46801) to work on /Users/siddalingkattimani/dbt_env/lib/python3.11/site-packages/airflow/example_dags/example_bash_operator.py
[2023-04-23T00:45:33.423+0200] {processor.py:743} INFO - Processing file /Users/siddalingkattimani/dbt_env/lib/python3.11/site-packages/airflow/example_dags/example_bash_operator.py for tasks to queue
[2023-04-23T00:45:33.423+0200] {logging_mixin.py:137} INFO - [2023-04-23T00:45:33.423+0200] {dagbag.py:532} INFO - Filling up the DagBag from /Users/siddalingkattimani/dbt_env/lib/python3.11/site-packages/airflow/example_dags/example_bash_operator.py
[2023-04-23T00:45:33.466+0200] {processor.py:753} INFO - DAG(s) dict_keys(['example_bash_operator']) retrieved from /Users/siddalingkattimani/dbt_env/lib/python3.11/site-packages/airflow/example_dags/example_bash_operator.py
[2023-04-23T00:45:34.235+0200] {logging_mixin.py:137} INFO - [2023-04-23T00:45:34.235+0200] {manager.py:504} INFO - Created Permission View: can read on DAG:example_bash_operator
[2023-04-23T00:45:34.243+0200] {logging_mixin.py:137} INFO - [2023-04-23T00:45:34.243+0200] {manager.py:504} INFO - Created Permission View: can delete on DAG:example_bash_operator
[2023-04-23T00:45:34.248+0200] {logging_mixin.py:137} INFO - [2023-04-23T00:45:34.248+0200] {manager.py:504} INFO - Created Permission View: can edit on DAG:example_bash_operator
[2023-04-23T00:45:34.249+0200] {logging_mixin.py:137} INFO - [2023-04-23T00:45:34.249+0200] {dag.py:2705} INFO - Sync 1 DAGs
[2023-04-23T00:45:34.258+0200] {logging_mixin.py:137} INFO - [2023-04-23T00:45:34.257+0200] {dag.py:2726} INFO - Creating ORM DAG for example_bash_operator
[2023-04-23T00:45:34.265+0200] {logging_mixin.py:137} INFO - [2023-04-23T00:45:34.264+0200] {dag.py:3452} INFO - Setting next_dagrun for example_bash_operator to 2023-04-21T00:00:00+00:00, run_after=2023-04-22T00:00:00+00:00
[2023-04-23T00:45:34.280+0200] {processor.py:175} INFO - Processing /Users/siddalingkattimani/dbt_env/lib/python3.11/site-packages/airflow/example_dags/example_bash_operator.py took 0.861 seconds
[2023-04-23T00:47:33.479+0200] {processor.py:153} INFO - Started process (PID=46848) to work on /Users/siddalingkattimani/dbt_env/lib/python3.11/site-packages/airflow/example_dags/example_bash_operator.py
[2023-04-23T00:47:33.482+0200] {processor.py:743} INFO - Processing file /Users/siddalingkattimani/dbt_env/lib/python3.11/site-packages/airflow/example_dags/example_bash_operator.py for tasks to queue
[2023-04-23T00:47:33.483+0200] {logging_mixin.py:137} INFO - [2023-04-23T00:47:33.482+0200] {dagbag.py:532} INFO - Filling up the DagBag from /Users/siddalingkattimani/dbt_env/lib/python3.11/site-packages/airflow/example_dags/example_bash_operator.py
[2023-04-23T00:47:33.525+0200] {processor.py:753} INFO - DAG(s) dict_keys(['example_bash_operator']) retrieved from /Users/siddalingkattimani/dbt_env/lib/python3.11/site-packages/airflow/example_dags/example_bash_operator.py
[2023-04-23T00:47:34.167+0200] {logging_mixin.py:137} INFO - [2023-04-23T00:47:34.167+0200] {dag.py:2705} INFO - Sync 1 DAGs
[2023-04-23T00:47:34.182+0200] {logging_mixin.py:137} INFO - [2023-04-23T00:47:34.182+0200] {dag.py:3452} INFO - Setting next_dagrun for example_bash_operator to 2023-04-21T00:00:00+00:00, run_after=2023-04-22T00:00:00+00:00
[2023-04-23T00:47:34.201+0200] {processor.py:175} INFO - Processing /Users/siddalingkattimani/dbt_env/lib/python3.11/site-packages/airflow/example_dags/example_bash_operator.py took 0.722 seconds
[2023-04-23T00:49:35.565+0200] {processor.py:153} INFO - Started process (PID=46893) to work on /Users/siddalingkattimani/dbt_env/lib/python3.11/site-packages/airflow/example_dags/example_bash_operator.py
[2023-04-23T00:49:35.568+0200] {processor.py:743} INFO - Processing file /Users/siddalingkattimani/dbt_env/lib/python3.11/site-packages/airflow/example_dags/example_bash_operator.py for tasks to queue
[2023-04-23T00:49:35.569+0200] {logging_mixin.py:137} INFO - [2023-04-23T00:49:35.569+0200] {dagbag.py:532} INFO - Filling up the DagBag from /Users/siddalingkattimani/dbt_env/lib/python3.11/site-packages/airflow/example_dags/example_bash_operator.py
[2023-04-23T00:49:35.612+0200] {processor.py:753} INFO - DAG(s) dict_keys(['example_bash_operator']) retrieved from /Users/siddalingkattimani/dbt_env/lib/python3.11/site-packages/airflow/example_dags/example_bash_operator.py
[2023-04-23T00:49:36.467+0200] {logging_mixin.py:137} INFO - [2023-04-23T00:49:36.467+0200] {dag.py:2705} INFO - Sync 1 DAGs
[2023-04-23T00:49:36.488+0200] {logging_mixin.py:137} INFO - [2023-04-23T00:49:36.488+0200] {dag.py:3452} INFO - Setting next_dagrun for example_bash_operator to 2023-04-21T00:00:00+00:00, run_after=2023-04-22T00:00:00+00:00
[2023-04-23T00:49:36.511+0200] {processor.py:175} INFO - Processing /Users/siddalingkattimani/dbt_env/lib/python3.11/site-packages/airflow/example_dags/example_bash_operator.py took 0.947 seconds
[2023-04-23T00:51:48.123+0200] {processor.py:153} INFO - Started process (PID=46955) to work on /Users/siddalingkattimani/dbt_env/lib/python3.11/site-packages/airflow/example_dags/example_bash_operator.py
[2023-04-23T00:51:48.126+0200] {processor.py:743} INFO - Processing file /Users/siddalingkattimani/dbt_env/lib/python3.11/site-packages/airflow/example_dags/example_bash_operator.py for tasks to queue
[2023-04-23T00:51:48.126+0200] {logging_mixin.py:137} INFO - [2023-04-23T00:51:48.126+0200] {dagbag.py:532} INFO - Filling up the DagBag from /Users/siddalingkattimani/dbt_env/lib/python3.11/site-packages/airflow/example_dags/example_bash_operator.py
[2023-04-23T00:51:48.171+0200] {processor.py:753} INFO - DAG(s) dict_keys(['example_bash_operator']) retrieved from /Users/siddalingkattimani/dbt_env/lib/python3.11/site-packages/airflow/example_dags/example_bash_operator.py
[2023-04-23T00:51:49.017+0200] {logging_mixin.py:137} INFO - [2023-04-23T00:51:49.017+0200] {dag.py:2705} INFO - Sync 1 DAGs
[2023-04-23T00:51:49.035+0200] {logging_mixin.py:137} INFO - [2023-04-23T00:51:49.035+0200] {dag.py:3452} INFO - Setting next_dagrun for example_bash_operator to 2023-04-21T00:00:00+00:00, run_after=2023-04-22T00:00:00+00:00
[2023-04-23T00:51:49.056+0200] {processor.py:175} INFO - Processing /Users/siddalingkattimani/dbt_env/lib/python3.11/site-packages/airflow/example_dags/example_bash_operator.py took 0.934 seconds
[2023-04-23T00:53:49.253+0200] {processor.py:153} INFO - Started process (PID=47001) to work on /Users/siddalingkattimani/dbt_env/lib/python3.11/site-packages/airflow/example_dags/example_bash_operator.py
[2023-04-23T00:53:49.257+0200] {processor.py:743} INFO - Processing file /Users/siddalingkattimani/dbt_env/lib/python3.11/site-packages/airflow/example_dags/example_bash_operator.py for tasks to queue
[2023-04-23T00:53:49.258+0200] {logging_mixin.py:137} INFO - [2023-04-23T00:53:49.258+0200] {dagbag.py:532} INFO - Filling up the DagBag from /Users/siddalingkattimani/dbt_env/lib/python3.11/site-packages/airflow/example_dags/example_bash_operator.py
[2023-04-23T00:53:49.322+0200] {processor.py:753} INFO - DAG(s) dict_keys(['example_bash_operator']) retrieved from /Users/siddalingkattimani/dbt_env/lib/python3.11/site-packages/airflow/example_dags/example_bash_operator.py
[2023-04-23T00:53:50.272+0200] {logging_mixin.py:137} INFO - [2023-04-23T00:53:50.272+0200] {dag.py:2705} INFO - Sync 1 DAGs
[2023-04-23T00:53:50.297+0200] {logging_mixin.py:137} INFO - [2023-04-23T00:53:50.297+0200] {dag.py:3452} INFO - Setting next_dagrun for example_bash_operator to 2023-04-21T00:00:00+00:00, run_after=2023-04-22T00:00:00+00:00
[2023-04-23T00:53:50.326+0200] {processor.py:175} INFO - Processing /Users/siddalingkattimani/dbt_env/lib/python3.11/site-packages/airflow/example_dags/example_bash_operator.py took 1.074 seconds
[2023-04-23T00:55:49.944+0200] {processor.py:153} INFO - Started process (PID=47070) to work on /Users/siddalingkattimani/dbt_env/lib/python3.11/site-packages/airflow/example_dags/example_bash_operator.py
[2023-04-23T00:55:49.949+0200] {processor.py:743} INFO - Processing file /Users/siddalingkattimani/dbt_env/lib/python3.11/site-packages/airflow/example_dags/example_bash_operator.py for tasks to queue
[2023-04-23T00:55:49.951+0200] {logging_mixin.py:137} INFO - [2023-04-23T00:55:49.950+0200] {dagbag.py:532} INFO - Filling up the DagBag from /Users/siddalingkattimani/dbt_env/lib/python3.11/site-packages/airflow/example_dags/example_bash_operator.py
[2023-04-23T00:55:50.053+0200] {processor.py:753} INFO - DAG(s) dict_keys(['example_bash_operator']) retrieved from /Users/siddalingkattimani/dbt_env/lib/python3.11/site-packages/airflow/example_dags/example_bash_operator.py
[2023-04-23T00:55:50.695+0200] {logging_mixin.py:137} INFO - [2023-04-23T00:55:50.695+0200] {dag.py:2705} INFO - Sync 1 DAGs
[2023-04-23T00:55:50.712+0200] {logging_mixin.py:137} INFO - [2023-04-23T00:55:50.712+0200] {dag.py:3452} INFO - Setting next_dagrun for example_bash_operator to 2023-04-21T00:00:00+00:00, run_after=2023-04-22T00:00:00+00:00
[2023-04-23T00:55:50.731+0200] {processor.py:175} INFO - Processing /Users/siddalingkattimani/dbt_env/lib/python3.11/site-packages/airflow/example_dags/example_bash_operator.py took 0.788 seconds
[2023-04-23T00:57:59.060+0200] {processor.py:153} INFO - Started process (PID=47122) to work on /Users/siddalingkattimani/dbt_env/lib/python3.11/site-packages/airflow/example_dags/example_bash_operator.py
[2023-04-23T00:57:59.065+0200] {processor.py:743} INFO - Processing file /Users/siddalingkattimani/dbt_env/lib/python3.11/site-packages/airflow/example_dags/example_bash_operator.py for tasks to queue
[2023-04-23T00:57:59.065+0200] {logging_mixin.py:137} INFO - [2023-04-23T00:57:59.065+0200] {dagbag.py:532} INFO - Filling up the DagBag from /Users/siddalingkattimani/dbt_env/lib/python3.11/site-packages/airflow/example_dags/example_bash_operator.py
[2023-04-23T00:57:59.111+0200] {processor.py:753} INFO - DAG(s) dict_keys(['example_bash_operator']) retrieved from /Users/siddalingkattimani/dbt_env/lib/python3.11/site-packages/airflow/example_dags/example_bash_operator.py
[2023-04-23T00:58:00.167+0200] {logging_mixin.py:137} INFO - [2023-04-23T00:58:00.166+0200] {dag.py:2705} INFO - Sync 1 DAGs
[2023-04-23T00:58:00.195+0200] {logging_mixin.py:137} INFO - [2023-04-23T00:58:00.195+0200] {dag.py:3452} INFO - Setting next_dagrun for example_bash_operator to 2023-04-21T00:00:00+00:00, run_after=2023-04-22T00:00:00+00:00
[2023-04-23T00:58:00.214+0200] {processor.py:175} INFO - Processing /Users/siddalingkattimani/dbt_env/lib/python3.11/site-packages/airflow/example_dags/example_bash_operator.py took 1.155 seconds
[2023-04-23T01:00:03.741+0200] {processor.py:153} INFO - Started process (PID=47169) to work on /Users/siddalingkattimani/dbt_env/lib/python3.11/site-packages/airflow/example_dags/example_bash_operator.py
[2023-04-23T01:00:03.746+0200] {processor.py:743} INFO - Processing file /Users/siddalingkattimani/dbt_env/lib/python3.11/site-packages/airflow/example_dags/example_bash_operator.py for tasks to queue
[2023-04-23T01:00:03.746+0200] {logging_mixin.py:137} INFO - [2023-04-23T01:00:03.746+0200] {dagbag.py:532} INFO - Filling up the DagBag from /Users/siddalingkattimani/dbt_env/lib/python3.11/site-packages/airflow/example_dags/example_bash_operator.py
[2023-04-23T01:00:03.791+0200] {processor.py:753} INFO - DAG(s) dict_keys(['example_bash_operator']) retrieved from /Users/siddalingkattimani/dbt_env/lib/python3.11/site-packages/airflow/example_dags/example_bash_operator.py
[2023-04-23T01:00:04.442+0200] {logging_mixin.py:137} INFO - [2023-04-23T01:00:04.441+0200] {dag.py:2705} INFO - Sync 1 DAGs
[2023-04-23T01:00:04.457+0200] {logging_mixin.py:137} INFO - [2023-04-23T01:00:04.457+0200] {dag.py:3452} INFO - Setting next_dagrun for example_bash_operator to 2023-04-21T00:00:00+00:00, run_after=2023-04-22T00:00:00+00:00
[2023-04-23T01:00:04.476+0200] {processor.py:175} INFO - Processing /Users/siddalingkattimani/dbt_env/lib/python3.11/site-packages/airflow/example_dags/example_bash_operator.py took 0.735 seconds
[2023-04-23T01:02:23.247+0200] {processor.py:153} INFO - Started process (PID=47216) to work on /Users/siddalingkattimani/dbt_env/lib/python3.11/site-packages/airflow/example_dags/example_bash_operator.py
[2023-04-23T01:02:23.252+0200] {processor.py:743} INFO - Processing file /Users/siddalingkattimani/dbt_env/lib/python3.11/site-packages/airflow/example_dags/example_bash_operator.py for tasks to queue
[2023-04-23T01:02:23.253+0200] {logging_mixin.py:137} INFO - [2023-04-23T01:02:23.253+0200] {dagbag.py:532} INFO - Filling up the DagBag from /Users/siddalingkattimani/dbt_env/lib/python3.11/site-packages/airflow/example_dags/example_bash_operator.py
[2023-04-23T01:02:23.302+0200] {processor.py:753} INFO - DAG(s) dict_keys(['example_bash_operator']) retrieved from /Users/siddalingkattimani/dbt_env/lib/python3.11/site-packages/airflow/example_dags/example_bash_operator.py
[2023-04-23T01:02:24.193+0200] {logging_mixin.py:137} INFO - [2023-04-23T01:02:24.192+0200] {dag.py:2705} INFO - Sync 1 DAGs
[2023-04-23T01:02:24.222+0200] {logging_mixin.py:137} INFO - [2023-04-23T01:02:24.222+0200] {dag.py:3452} INFO - Setting next_dagrun for example_bash_operator to 2023-04-21T00:00:00+00:00, run_after=2023-04-22T00:00:00+00:00
[2023-04-23T01:02:24.249+0200] {processor.py:175} INFO - Processing /Users/siddalingkattimani/dbt_env/lib/python3.11/site-packages/airflow/example_dags/example_bash_operator.py took 1.002 seconds
[2023-04-23T01:04:22.691+0200] {processor.py:153} INFO - Started process (PID=47262) to work on /Users/siddalingkattimani/dbt_env/lib/python3.11/site-packages/airflow/example_dags/example_bash_operator.py
[2023-04-23T01:04:22.694+0200] {processor.py:743} INFO - Processing file /Users/siddalingkattimani/dbt_env/lib/python3.11/site-packages/airflow/example_dags/example_bash_operator.py for tasks to queue
[2023-04-23T01:04:22.695+0200] {logging_mixin.py:137} INFO - [2023-04-23T01:04:22.695+0200] {dagbag.py:532} INFO - Filling up the DagBag from /Users/siddalingkattimani/dbt_env/lib/python3.11/site-packages/airflow/example_dags/example_bash_operator.py
[2023-04-23T01:04:22.743+0200] {processor.py:753} INFO - DAG(s) dict_keys(['example_bash_operator']) retrieved from /Users/siddalingkattimani/dbt_env/lib/python3.11/site-packages/airflow/example_dags/example_bash_operator.py
[2023-04-23T01:04:23.493+0200] {logging_mixin.py:137} INFO - [2023-04-23T01:04:23.492+0200] {dag.py:2705} INFO - Sync 1 DAGs
[2023-04-23T01:04:23.511+0200] {logging_mixin.py:137} INFO - [2023-04-23T01:04:23.511+0200] {dag.py:3452} INFO - Setting next_dagrun for example_bash_operator to 2023-04-21T00:00:00+00:00, run_after=2023-04-22T00:00:00+00:00
[2023-04-23T01:04:23.535+0200] {processor.py:175} INFO - Processing /Users/siddalingkattimani/dbt_env/lib/python3.11/site-packages/airflow/example_dags/example_bash_operator.py took 0.844 seconds
[2023-04-23T01:06:36.056+0200] {processor.py:153} INFO - Started process (PID=47369) to work on /Users/siddalingkattimani/dbt_env/lib/python3.11/site-packages/airflow/example_dags/example_bash_operator.py
[2023-04-23T01:06:36.061+0200] {processor.py:743} INFO - Processing file /Users/siddalingkattimani/dbt_env/lib/python3.11/site-packages/airflow/example_dags/example_bash_operator.py for tasks to queue
[2023-04-23T01:06:36.063+0200] {logging_mixin.py:137} INFO - [2023-04-23T01:06:36.062+0200] {dagbag.py:532} INFO - Filling up the DagBag from /Users/siddalingkattimani/dbt_env/lib/python3.11/site-packages/airflow/example_dags/example_bash_operator.py
[2023-04-23T01:06:36.120+0200] {processor.py:753} INFO - DAG(s) dict_keys(['example_bash_operator']) retrieved from /Users/siddalingkattimani/dbt_env/lib/python3.11/site-packages/airflow/example_dags/example_bash_operator.py
[2023-04-23T01:06:36.908+0200] {logging_mixin.py:137} INFO - [2023-04-23T01:06:36.908+0200] {dag.py:2705} INFO - Sync 1 DAGs
[2023-04-23T01:06:36.927+0200] {logging_mixin.py:137} INFO - [2023-04-23T01:06:36.927+0200] {dag.py:3452} INFO - Setting next_dagrun for example_bash_operator to 2023-04-21T00:00:00+00:00, run_after=2023-04-22T00:00:00+00:00
[2023-04-23T01:06:36.947+0200] {processor.py:175} INFO - Processing /Users/siddalingkattimani/dbt_env/lib/python3.11/site-packages/airflow/example_dags/example_bash_operator.py took 0.891 seconds
[2023-04-23T01:09:11.857+0200] {processor.py:153} INFO - Started process (PID=47607) to work on /Users/siddalingkattimani/dbt_env/lib/python3.11/site-packages/airflow/example_dags/example_bash_operator.py
[2023-04-23T01:09:11.862+0200] {processor.py:743} INFO - Processing file /Users/siddalingkattimani/dbt_env/lib/python3.11/site-packages/airflow/example_dags/example_bash_operator.py for tasks to queue
[2023-04-23T01:09:11.863+0200] {logging_mixin.py:137} INFO - [2023-04-23T01:09:11.863+0200] {dagbag.py:532} INFO - Filling up the DagBag from /Users/siddalingkattimani/dbt_env/lib/python3.11/site-packages/airflow/example_dags/example_bash_operator.py
[2023-04-23T01:09:12.005+0200] {processor.py:753} INFO - DAG(s) dict_keys(['example_bash_operator']) retrieved from /Users/siddalingkattimani/dbt_env/lib/python3.11/site-packages/airflow/example_dags/example_bash_operator.py
[2023-04-23T01:09:13.818+0200] {logging_mixin.py:137} INFO - [2023-04-23T01:09:13.818+0200] {dag.py:2705} INFO - Sync 1 DAGs
[2023-04-23T01:09:13.849+0200] {logging_mixin.py:137} INFO - [2023-04-23T01:09:13.849+0200] {dag.py:3452} INFO - Setting next_dagrun for example_bash_operator to 2023-04-21T00:00:00+00:00, run_after=2023-04-22T00:00:00+00:00
[2023-04-23T01:09:13.877+0200] {processor.py:175} INFO - Processing /Users/siddalingkattimani/dbt_env/lib/python3.11/site-packages/airflow/example_dags/example_bash_operator.py took 2.022 seconds
[2023-04-23T01:11:40.275+0200] {processor.py:153} INFO - Started process (PID=47669) to work on /Users/siddalingkattimani/dbt_env/lib/python3.11/site-packages/airflow/example_dags/example_bash_operator.py
[2023-04-23T01:11:40.281+0200] {processor.py:743} INFO - Processing file /Users/siddalingkattimani/dbt_env/lib/python3.11/site-packages/airflow/example_dags/example_bash_operator.py for tasks to queue
[2023-04-23T01:11:40.282+0200] {logging_mixin.py:137} INFO - [2023-04-23T01:11:40.282+0200] {dagbag.py:532} INFO - Filling up the DagBag from /Users/siddalingkattimani/dbt_env/lib/python3.11/site-packages/airflow/example_dags/example_bash_operator.py
[2023-04-23T01:11:40.376+0200] {processor.py:753} INFO - DAG(s) dict_keys(['example_bash_operator']) retrieved from /Users/siddalingkattimani/dbt_env/lib/python3.11/site-packages/airflow/example_dags/example_bash_operator.py
[2023-04-23T01:11:41.113+0200] {logging_mixin.py:137} INFO - [2023-04-23T01:11:41.112+0200] {dag.py:2705} INFO - Sync 1 DAGs
[2023-04-23T01:11:41.130+0200] {logging_mixin.py:137} INFO - [2023-04-23T01:11:41.130+0200] {dag.py:3452} INFO - Setting next_dagrun for example_bash_operator to 2023-04-21T00:00:00+00:00, run_after=2023-04-22T00:00:00+00:00
[2023-04-23T01:11:41.150+0200] {processor.py:175} INFO - Processing /Users/siddalingkattimani/dbt_env/lib/python3.11/site-packages/airflow/example_dags/example_bash_operator.py took 0.876 seconds
[2023-04-23T01:13:39.588+0200] {processor.py:153} INFO - Started process (PID=47715) to work on /Users/siddalingkattimani/dbt_env/lib/python3.11/site-packages/airflow/example_dags/example_bash_operator.py
[2023-04-23T01:13:39.591+0200] {processor.py:743} INFO - Processing file /Users/siddalingkattimani/dbt_env/lib/python3.11/site-packages/airflow/example_dags/example_bash_operator.py for tasks to queue
[2023-04-23T01:13:39.592+0200] {logging_mixin.py:137} INFO - [2023-04-23T01:13:39.592+0200] {dagbag.py:532} INFO - Filling up the DagBag from /Users/siddalingkattimani/dbt_env/lib/python3.11/site-packages/airflow/example_dags/example_bash_operator.py
[2023-04-23T01:13:39.671+0200] {processor.py:753} INFO - DAG(s) dict_keys(['example_bash_operator']) retrieved from /Users/siddalingkattimani/dbt_env/lib/python3.11/site-packages/airflow/example_dags/example_bash_operator.py
[2023-04-23T01:13:40.295+0200] {logging_mixin.py:137} INFO - [2023-04-23T01:13:40.295+0200] {dag.py:2705} INFO - Sync 1 DAGs
[2023-04-23T01:13:40.310+0200] {logging_mixin.py:137} INFO - [2023-04-23T01:13:40.310+0200] {dag.py:3452} INFO - Setting next_dagrun for example_bash_operator to 2023-04-21T00:00:00+00:00, run_after=2023-04-22T00:00:00+00:00
[2023-04-23T01:13:40.325+0200] {processor.py:175} INFO - Processing /Users/siddalingkattimani/dbt_env/lib/python3.11/site-packages/airflow/example_dags/example_bash_operator.py took 0.738 seconds
[2023-04-23T01:15:44.809+0200] {processor.py:153} INFO - Started process (PID=47762) to work on /Users/siddalingkattimani/dbt_env/lib/python3.11/site-packages/airflow/example_dags/example_bash_operator.py
[2023-04-23T01:15:44.813+0200] {processor.py:743} INFO - Processing file /Users/siddalingkattimani/dbt_env/lib/python3.11/site-packages/airflow/example_dags/example_bash_operator.py for tasks to queue
[2023-04-23T01:15:44.813+0200] {logging_mixin.py:137} INFO - [2023-04-23T01:15:44.813+0200] {dagbag.py:532} INFO - Filling up the DagBag from /Users/siddalingkattimani/dbt_env/lib/python3.11/site-packages/airflow/example_dags/example_bash_operator.py
[2023-04-23T01:15:44.895+0200] {processor.py:753} INFO - DAG(s) dict_keys(['example_bash_operator']) retrieved from /Users/siddalingkattimani/dbt_env/lib/python3.11/site-packages/airflow/example_dags/example_bash_operator.py
[2023-04-23T01:15:45.570+0200] {logging_mixin.py:137} INFO - [2023-04-23T01:15:45.569+0200] {dag.py:2705} INFO - Sync 1 DAGs
[2023-04-23T01:15:45.584+0200] {logging_mixin.py:137} INFO - [2023-04-23T01:15:45.584+0200] {dag.py:3452} INFO - Setting next_dagrun for example_bash_operator to 2023-04-21T00:00:00+00:00, run_after=2023-04-22T00:00:00+00:00
[2023-04-23T01:15:45.600+0200] {processor.py:175} INFO - Processing /Users/siddalingkattimani/dbt_env/lib/python3.11/site-packages/airflow/example_dags/example_bash_operator.py took 0.791 seconds
[2023-04-23T01:17:47.535+0200] {processor.py:153} INFO - Started process (PID=47808) to work on /Users/siddalingkattimani/dbt_env/lib/python3.11/site-packages/airflow/example_dags/example_bash_operator.py
[2023-04-23T01:17:47.539+0200] {processor.py:743} INFO - Processing file /Users/siddalingkattimani/dbt_env/lib/python3.11/site-packages/airflow/example_dags/example_bash_operator.py for tasks to queue
[2023-04-23T01:17:47.540+0200] {logging_mixin.py:137} INFO - [2023-04-23T01:17:47.540+0200] {dagbag.py:532} INFO - Filling up the DagBag from /Users/siddalingkattimani/dbt_env/lib/python3.11/site-packages/airflow/example_dags/example_bash_operator.py
[2023-04-23T01:17:47.634+0200] {processor.py:753} INFO - DAG(s) dict_keys(['example_bash_operator']) retrieved from /Users/siddalingkattimani/dbt_env/lib/python3.11/site-packages/airflow/example_dags/example_bash_operator.py
[2023-04-23T01:17:48.258+0200] {logging_mixin.py:137} INFO - [2023-04-23T01:17:48.258+0200] {dag.py:2705} INFO - Sync 1 DAGs
[2023-04-23T01:17:48.273+0200] {logging_mixin.py:137} INFO - [2023-04-23T01:17:48.272+0200] {dag.py:3452} INFO - Setting next_dagrun for example_bash_operator to 2023-04-21T00:00:00+00:00, run_after=2023-04-22T00:00:00+00:00
[2023-04-23T01:17:48.290+0200] {processor.py:175} INFO - Processing /Users/siddalingkattimani/dbt_env/lib/python3.11/site-packages/airflow/example_dags/example_bash_operator.py took 0.756 seconds
[2023-04-23T01:19:49.920+0200] {processor.py:153} INFO - Started process (PID=47854) to work on /Users/siddalingkattimani/dbt_env/lib/python3.11/site-packages/airflow/example_dags/example_bash_operator.py
[2023-04-23T01:19:49.924+0200] {processor.py:743} INFO - Processing file /Users/siddalingkattimani/dbt_env/lib/python3.11/site-packages/airflow/example_dags/example_bash_operator.py for tasks to queue
[2023-04-23T01:19:49.924+0200] {logging_mixin.py:137} INFO - [2023-04-23T01:19:49.924+0200] {dagbag.py:532} INFO - Filling up the DagBag from /Users/siddalingkattimani/dbt_env/lib/python3.11/site-packages/airflow/example_dags/example_bash_operator.py
[2023-04-23T01:19:50.005+0200] {processor.py:753} INFO - DAG(s) dict_keys(['example_bash_operator']) retrieved from /Users/siddalingkattimani/dbt_env/lib/python3.11/site-packages/airflow/example_dags/example_bash_operator.py
[2023-04-23T01:19:50.627+0200] {logging_mixin.py:137} INFO - [2023-04-23T01:19:50.627+0200] {dag.py:2705} INFO - Sync 1 DAGs
[2023-04-23T01:19:50.642+0200] {logging_mixin.py:137} INFO - [2023-04-23T01:19:50.642+0200] {dag.py:3452} INFO - Setting next_dagrun for example_bash_operator to 2023-04-21T00:00:00+00:00, run_after=2023-04-22T00:00:00+00:00
[2023-04-23T01:19:50.658+0200] {processor.py:175} INFO - Processing /Users/siddalingkattimani/dbt_env/lib/python3.11/site-packages/airflow/example_dags/example_bash_operator.py took 0.738 seconds
[2023-04-23T01:21:56.469+0200] {processor.py:153} INFO - Started process (PID=47900) to work on /Users/siddalingkattimani/dbt_env/lib/python3.11/site-packages/airflow/example_dags/example_bash_operator.py
[2023-04-23T01:21:56.472+0200] {processor.py:743} INFO - Processing file /Users/siddalingkattimani/dbt_env/lib/python3.11/site-packages/airflow/example_dags/example_bash_operator.py for tasks to queue
[2023-04-23T01:21:56.472+0200] {logging_mixin.py:137} INFO - [2023-04-23T01:21:56.472+0200] {dagbag.py:532} INFO - Filling up the DagBag from /Users/siddalingkattimani/dbt_env/lib/python3.11/site-packages/airflow/example_dags/example_bash_operator.py
[2023-04-23T01:21:56.550+0200] {processor.py:753} INFO - DAG(s) dict_keys(['example_bash_operator']) retrieved from /Users/siddalingkattimani/dbt_env/lib/python3.11/site-packages/airflow/example_dags/example_bash_operator.py
[2023-04-23T01:21:57.193+0200] {logging_mixin.py:137} INFO - [2023-04-23T01:21:57.193+0200] {dag.py:2705} INFO - Sync 1 DAGs
[2023-04-23T01:21:57.207+0200] {logging_mixin.py:137} INFO - [2023-04-23T01:21:57.207+0200] {dag.py:3452} INFO - Setting next_dagrun for example_bash_operator to 2023-04-21T00:00:00+00:00, run_after=2023-04-22T00:00:00+00:00
[2023-04-23T01:21:57.224+0200] {processor.py:175} INFO - Processing /Users/siddalingkattimani/dbt_env/lib/python3.11/site-packages/airflow/example_dags/example_bash_operator.py took 0.756 seconds
[2023-04-23T01:23:55.370+0200] {processor.py:153} INFO - Started process (PID=47949) to work on /Users/siddalingkattimani/dbt_env/lib/python3.11/site-packages/airflow/example_dags/example_bash_operator.py
[2023-04-23T01:23:55.373+0200] {processor.py:743} INFO - Processing file /Users/siddalingkattimani/dbt_env/lib/python3.11/site-packages/airflow/example_dags/example_bash_operator.py for tasks to queue
[2023-04-23T01:23:55.374+0200] {logging_mixin.py:137} INFO - [2023-04-23T01:23:55.374+0200] {dagbag.py:532} INFO - Filling up the DagBag from /Users/siddalingkattimani/dbt_env/lib/python3.11/site-packages/airflow/example_dags/example_bash_operator.py
[2023-04-23T01:23:55.456+0200] {processor.py:753} INFO - DAG(s) dict_keys(['example_bash_operator']) retrieved from /Users/siddalingkattimani/dbt_env/lib/python3.11/site-packages/airflow/example_dags/example_bash_operator.py
[2023-04-23T01:23:56.060+0200] {logging_mixin.py:137} INFO - [2023-04-23T01:23:56.060+0200] {dag.py:2705} INFO - Sync 1 DAGs
[2023-04-23T01:23:56.074+0200] {logging_mixin.py:137} INFO - [2023-04-23T01:23:56.074+0200] {dag.py:3452} INFO - Setting next_dagrun for example_bash_operator to 2023-04-21T00:00:00+00:00, run_after=2023-04-22T00:00:00+00:00
[2023-04-23T01:23:56.090+0200] {processor.py:175} INFO - Processing /Users/siddalingkattimani/dbt_env/lib/python3.11/site-packages/airflow/example_dags/example_bash_operator.py took 0.720 seconds
[2023-04-23T01:25:53.135+0200] {processor.py:153} INFO - Started process (PID=48018) to work on /Users/siddalingkattimani/dbt_env/lib/python3.11/site-packages/airflow/example_dags/example_bash_operator.py
[2023-04-23T01:25:53.138+0200] {processor.py:743} INFO - Processing file /Users/siddalingkattimani/dbt_env/lib/python3.11/site-packages/airflow/example_dags/example_bash_operator.py for tasks to queue
[2023-04-23T01:25:53.139+0200] {logging_mixin.py:137} INFO - [2023-04-23T01:25:53.139+0200] {dagbag.py:532} INFO - Filling up the DagBag from /Users/siddalingkattimani/dbt_env/lib/python3.11/site-packages/airflow/example_dags/example_bash_operator.py
[2023-04-23T01:25:53.216+0200] {processor.py:753} INFO - DAG(s) dict_keys(['example_bash_operator']) retrieved from /Users/siddalingkattimani/dbt_env/lib/python3.11/site-packages/airflow/example_dags/example_bash_operator.py
[2023-04-23T01:25:53.831+0200] {logging_mixin.py:137} INFO - [2023-04-23T01:25:53.830+0200] {dag.py:2705} INFO - Sync 1 DAGs
[2023-04-23T01:25:53.847+0200] {logging_mixin.py:137} INFO - [2023-04-23T01:25:53.847+0200] {dag.py:3452} INFO - Setting next_dagrun for example_bash_operator to 2023-04-21T00:00:00+00:00, run_after=2023-04-22T00:00:00+00:00
[2023-04-23T01:25:53.865+0200] {processor.py:175} INFO - Processing /Users/siddalingkattimani/dbt_env/lib/python3.11/site-packages/airflow/example_dags/example_bash_operator.py took 0.731 seconds
[2023-04-23T01:27:57.838+0200] {processor.py:153} INFO - Started process (PID=48064) to work on /Users/siddalingkattimani/dbt_env/lib/python3.11/site-packages/airflow/example_dags/example_bash_operator.py
[2023-04-23T01:27:57.841+0200] {processor.py:743} INFO - Processing file /Users/siddalingkattimani/dbt_env/lib/python3.11/site-packages/airflow/example_dags/example_bash_operator.py for tasks to queue
[2023-04-23T01:27:57.842+0200] {logging_mixin.py:137} INFO - [2023-04-23T01:27:57.842+0200] {dagbag.py:532} INFO - Filling up the DagBag from /Users/siddalingkattimani/dbt_env/lib/python3.11/site-packages/airflow/example_dags/example_bash_operator.py
[2023-04-23T01:27:57.930+0200] {processor.py:753} INFO - DAG(s) dict_keys(['example_bash_operator']) retrieved from /Users/siddalingkattimani/dbt_env/lib/python3.11/site-packages/airflow/example_dags/example_bash_operator.py
[2023-04-23T01:27:58.833+0200] {logging_mixin.py:137} INFO - [2023-04-23T01:27:58.832+0200] {dag.py:2705} INFO - Sync 1 DAGs
[2023-04-23T01:27:58.865+0200] {logging_mixin.py:137} INFO - [2023-04-23T01:27:58.864+0200] {dag.py:3452} INFO - Setting next_dagrun for example_bash_operator to 2023-04-21T00:00:00+00:00, run_after=2023-04-22T00:00:00+00:00
[2023-04-23T01:27:58.894+0200] {processor.py:175} INFO - Processing /Users/siddalingkattimani/dbt_env/lib/python3.11/site-packages/airflow/example_dags/example_bash_operator.py took 1.056 seconds
[2023-04-23T01:30:04.175+0200] {processor.py:153} INFO - Started process (PID=48112) to work on /Users/siddalingkattimani/dbt_env/lib/python3.11/site-packages/airflow/example_dags/example_bash_operator.py
[2023-04-23T01:30:04.178+0200] {processor.py:743} INFO - Processing file /Users/siddalingkattimani/dbt_env/lib/python3.11/site-packages/airflow/example_dags/example_bash_operator.py for tasks to queue
[2023-04-23T01:30:04.179+0200] {logging_mixin.py:137} INFO - [2023-04-23T01:30:04.178+0200] {dagbag.py:532} INFO - Filling up the DagBag from /Users/siddalingkattimani/dbt_env/lib/python3.11/site-packages/airflow/example_dags/example_bash_operator.py
[2023-04-23T01:30:04.258+0200] {processor.py:753} INFO - DAG(s) dict_keys(['example_bash_operator']) retrieved from /Users/siddalingkattimani/dbt_env/lib/python3.11/site-packages/airflow/example_dags/example_bash_operator.py
[2023-04-23T01:30:04.856+0200] {logging_mixin.py:137} INFO - [2023-04-23T01:30:04.855+0200] {dag.py:2705} INFO - Sync 1 DAGs
[2023-04-23T01:30:04.869+0200] {logging_mixin.py:137} INFO - [2023-04-23T01:30:04.869+0200] {dag.py:3452} INFO - Setting next_dagrun for example_bash_operator to 2023-04-21T00:00:00+00:00, run_after=2023-04-22T00:00:00+00:00
[2023-04-23T01:30:04.899+0200] {processor.py:175} INFO - Processing /Users/siddalingkattimani/dbt_env/lib/python3.11/site-packages/airflow/example_dags/example_bash_operator.py took 0.725 seconds
[2023-04-23T01:32:04.586+0200] {processor.py:153} INFO - Started process (PID=48158) to work on /Users/siddalingkattimani/dbt_env/lib/python3.11/site-packages/airflow/example_dags/example_bash_operator.py
[2023-04-23T01:32:04.589+0200] {processor.py:743} INFO - Processing file /Users/siddalingkattimani/dbt_env/lib/python3.11/site-packages/airflow/example_dags/example_bash_operator.py for tasks to queue
[2023-04-23T01:32:04.590+0200] {logging_mixin.py:137} INFO - [2023-04-23T01:32:04.590+0200] {dagbag.py:532} INFO - Filling up the DagBag from /Users/siddalingkattimani/dbt_env/lib/python3.11/site-packages/airflow/example_dags/example_bash_operator.py
[2023-04-23T01:32:04.678+0200] {processor.py:753} INFO - DAG(s) dict_keys(['example_bash_operator']) retrieved from /Users/siddalingkattimani/dbt_env/lib/python3.11/site-packages/airflow/example_dags/example_bash_operator.py
[2023-04-23T01:32:05.403+0200] {logging_mixin.py:137} INFO - [2023-04-23T01:32:05.403+0200] {dag.py:2705} INFO - Sync 1 DAGs
[2023-04-23T01:32:05.421+0200] {logging_mixin.py:137} INFO - [2023-04-23T01:32:05.421+0200] {dag.py:3452} INFO - Setting next_dagrun for example_bash_operator to 2023-04-21T00:00:00+00:00, run_after=2023-04-22T00:00:00+00:00
[2023-04-23T01:32:05.442+0200] {processor.py:175} INFO - Processing /Users/siddalingkattimani/dbt_env/lib/python3.11/site-packages/airflow/example_dags/example_bash_operator.py took 0.857 seconds
[2023-04-23T01:34:10.333+0200] {processor.py:153} INFO - Started process (PID=48208) to work on /Users/siddalingkattimani/dbt_env/lib/python3.11/site-packages/airflow/example_dags/example_bash_operator.py
[2023-04-23T01:34:10.336+0200] {processor.py:743} INFO - Processing file /Users/siddalingkattimani/dbt_env/lib/python3.11/site-packages/airflow/example_dags/example_bash_operator.py for tasks to queue
[2023-04-23T01:34:10.337+0200] {logging_mixin.py:137} INFO - [2023-04-23T01:34:10.337+0200] {dagbag.py:532} INFO - Filling up the DagBag from /Users/siddalingkattimani/dbt_env/lib/python3.11/site-packages/airflow/example_dags/example_bash_operator.py
[2023-04-23T01:34:10.431+0200] {processor.py:753} INFO - DAG(s) dict_keys(['example_bash_operator']) retrieved from /Users/siddalingkattimani/dbt_env/lib/python3.11/site-packages/airflow/example_dags/example_bash_operator.py
[2023-04-23T01:34:11.128+0200] {logging_mixin.py:137} INFO - [2023-04-23T01:34:11.128+0200] {dag.py:2705} INFO - Sync 1 DAGs
[2023-04-23T01:34:11.146+0200] {logging_mixin.py:137} INFO - [2023-04-23T01:34:11.145+0200] {dag.py:3452} INFO - Setting next_dagrun for example_bash_operator to 2023-04-21T00:00:00+00:00, run_after=2023-04-22T00:00:00+00:00
[2023-04-23T01:34:11.164+0200] {processor.py:175} INFO - Processing /Users/siddalingkattimani/dbt_env/lib/python3.11/site-packages/airflow/example_dags/example_bash_operator.py took 0.833 seconds
