[2023-04-23T00:44:19.558+0200] {processor.py:153} INFO - Started process (PID=46774) to work on /Users/siddalingkattimani/dbt_env/lib/python3.11/site-packages/airflow/example_dags/example_subdag_operator.py
[2023-04-23T00:44:19.561+0200] {processor.py:743} INFO - Processing file /Users/siddalingkattimani/dbt_env/lib/python3.11/site-packages/airflow/example_dags/example_subdag_operator.py for tasks to queue
[2023-04-23T00:44:19.562+0200] {logging_mixin.py:137} INFO - [2023-04-23T00:44:19.562+0200] {dagbag.py:532} INFO - Filling up the DagBag from /Users/siddalingkattimani/dbt_env/lib/python3.11/site-packages/airflow/example_dags/example_subdag_operator.py
[2023-04-23T00:44:20.494+0200] {processor.py:753} INFO - DAG(s) dict_keys(['example_subdag_operator.section-1', 'example_subdag_operator.section-2', 'example_subdag_operator']) retrieved from /Users/siddalingkattimani/dbt_env/lib/python3.11/site-packages/airflow/example_dags/example_subdag_operator.py
[2023-04-23T00:44:20.701+0200] {logging_mixin.py:137} INFO - [2023-04-23T00:44:20.701+0200] {manager.py:504} INFO - Created Permission View: can edit on DAG:example_subdag_operator
[2023-04-23T00:44:20.710+0200] {logging_mixin.py:137} INFO - [2023-04-23T00:44:20.710+0200] {manager.py:504} INFO - Created Permission View: can delete on DAG:example_subdag_operator
[2023-04-23T00:44:20.717+0200] {logging_mixin.py:137} INFO - [2023-04-23T00:44:20.717+0200] {manager.py:504} INFO - Created Permission View: can read on DAG:example_subdag_operator
[2023-04-23T00:44:20.718+0200] {logging_mixin.py:137} INFO - [2023-04-23T00:44:20.717+0200] {dag.py:2705} INFO - Sync 3 DAGs
[2023-04-23T00:44:20.726+0200] {logging_mixin.py:137} INFO - [2023-04-23T00:44:20.726+0200] {dag.py:2726} INFO - Creating ORM DAG for example_subdag_operator.section-1
[2023-04-23T00:44:20.727+0200] {logging_mixin.py:137} INFO - [2023-04-23T00:44:20.727+0200] {dag.py:2726} INFO - Creating ORM DAG for example_subdag_operator
[2023-04-23T00:44:20.727+0200] {logging_mixin.py:137} INFO - [2023-04-23T00:44:20.727+0200] {dag.py:2726} INFO - Creating ORM DAG for example_subdag_operator.section-2
[2023-04-23T00:44:20.734+0200] {logging_mixin.py:137} INFO - [2023-04-23T00:44:20.734+0200] {dag.py:3452} INFO - Setting next_dagrun for example_subdag_operator to 2022-01-01T00:00:00+00:00, run_after=2022-01-01T00:00:00+00:00
[2023-04-23T00:44:20.735+0200] {logging_mixin.py:137} INFO - [2023-04-23T00:44:20.735+0200] {dag.py:3452} INFO - Setting next_dagrun for example_subdag_operator.section-1 to None, run_after=None
[2023-04-23T00:44:20.735+0200] {logging_mixin.py:137} INFO - [2023-04-23T00:44:20.735+0200] {dag.py:3452} INFO - Setting next_dagrun for example_subdag_operator.section-2 to None, run_after=None
[2023-04-23T00:44:20.741+0200] {logging_mixin.py:137} INFO - [2023-04-23T00:44:20.741+0200] {dag.py:2705} INFO - Sync 2 DAGs
[2023-04-23T00:44:20.745+0200] {logging_mixin.py:137} INFO - [2023-04-23T00:44:20.744+0200] {dag.py:3452} INFO - Setting next_dagrun for example_subdag_operator.section-1 to None, run_after=None
[2023-04-23T00:44:20.747+0200] {logging_mixin.py:137} INFO - [2023-04-23T00:44:20.746+0200] {dag.py:3452} INFO - Setting next_dagrun for example_subdag_operator.section-2 to None, run_after=None
[2023-04-23T00:44:20.760+0200] {processor.py:175} INFO - Processing /Users/siddalingkattimani/dbt_env/lib/python3.11/site-packages/airflow/example_dags/example_subdag_operator.py took 1.203 seconds
[2023-04-23T00:46:18.587+0200] {processor.py:153} INFO - Started process (PID=46819) to work on /Users/siddalingkattimani/dbt_env/lib/python3.11/site-packages/airflow/example_dags/example_subdag_operator.py
[2023-04-23T00:46:18.590+0200] {processor.py:743} INFO - Processing file /Users/siddalingkattimani/dbt_env/lib/python3.11/site-packages/airflow/example_dags/example_subdag_operator.py for tasks to queue
[2023-04-23T00:46:18.590+0200] {logging_mixin.py:137} INFO - [2023-04-23T00:46:18.590+0200] {dagbag.py:532} INFO - Filling up the DagBag from /Users/siddalingkattimani/dbt_env/lib/python3.11/site-packages/airflow/example_dags/example_subdag_operator.py
[2023-04-23T00:46:19.286+0200] {processor.py:753} INFO - DAG(s) dict_keys(['example_subdag_operator.section-1', 'example_subdag_operator.section-2', 'example_subdag_operator']) retrieved from /Users/siddalingkattimani/dbt_env/lib/python3.11/site-packages/airflow/example_dags/example_subdag_operator.py
[2023-04-23T00:46:19.350+0200] {logging_mixin.py:137} INFO - [2023-04-23T00:46:19.349+0200] {dag.py:2705} INFO - Sync 3 DAGs
[2023-04-23T00:46:19.366+0200] {logging_mixin.py:137} INFO - [2023-04-23T00:46:19.366+0200] {dag.py:3452} INFO - Setting next_dagrun for example_subdag_operator to 2022-01-01T00:00:00+00:00, run_after=2022-01-01T00:00:00+00:00
[2023-04-23T00:46:19.368+0200] {logging_mixin.py:137} INFO - [2023-04-23T00:46:19.368+0200] {dag.py:3452} INFO - Setting next_dagrun for example_subdag_operator.section-1 to None, run_after=None
[2023-04-23T00:46:19.369+0200] {logging_mixin.py:137} INFO - [2023-04-23T00:46:19.369+0200] {dag.py:3452} INFO - Setting next_dagrun for example_subdag_operator.section-2 to None, run_after=None
[2023-04-23T00:46:19.374+0200] {logging_mixin.py:137} INFO - [2023-04-23T00:46:19.374+0200] {dag.py:2705} INFO - Sync 2 DAGs
[2023-04-23T00:46:19.377+0200] {logging_mixin.py:137} INFO - [2023-04-23T00:46:19.377+0200] {dag.py:3452} INFO - Setting next_dagrun for example_subdag_operator.section-1 to None, run_after=None
[2023-04-23T00:46:19.377+0200] {logging_mixin.py:137} INFO - [2023-04-23T00:46:19.377+0200] {dag.py:3452} INFO - Setting next_dagrun for example_subdag_operator.section-2 to None, run_after=None
[2023-04-23T00:46:19.391+0200] {processor.py:175} INFO - Processing /Users/siddalingkattimani/dbt_env/lib/python3.11/site-packages/airflow/example_dags/example_subdag_operator.py took 0.805 seconds
[2023-04-23T00:48:20.491+0200] {processor.py:153} INFO - Started process (PID=46865) to work on /Users/siddalingkattimani/dbt_env/lib/python3.11/site-packages/airflow/example_dags/example_subdag_operator.py
[2023-04-23T00:48:20.497+0200] {processor.py:743} INFO - Processing file /Users/siddalingkattimani/dbt_env/lib/python3.11/site-packages/airflow/example_dags/example_subdag_operator.py for tasks to queue
[2023-04-23T00:48:20.498+0200] {logging_mixin.py:137} INFO - [2023-04-23T00:48:20.497+0200] {dagbag.py:532} INFO - Filling up the DagBag from /Users/siddalingkattimani/dbt_env/lib/python3.11/site-packages/airflow/example_dags/example_subdag_operator.py
[2023-04-23T00:48:21.845+0200] {processor.py:753} INFO - DAG(s) dict_keys(['example_subdag_operator.section-1', 'example_subdag_operator.section-2', 'example_subdag_operator']) retrieved from /Users/siddalingkattimani/dbt_env/lib/python3.11/site-packages/airflow/example_dags/example_subdag_operator.py
[2023-04-23T00:48:21.912+0200] {logging_mixin.py:137} INFO - [2023-04-23T00:48:21.912+0200] {dag.py:2705} INFO - Sync 3 DAGs
[2023-04-23T00:48:21.928+0200] {logging_mixin.py:137} INFO - [2023-04-23T00:48:21.928+0200] {dag.py:3452} INFO - Setting next_dagrun for example_subdag_operator to 2022-01-01T00:00:00+00:00, run_after=2022-01-01T00:00:00+00:00
[2023-04-23T00:48:21.930+0200] {logging_mixin.py:137} INFO - [2023-04-23T00:48:21.930+0200] {dag.py:3452} INFO - Setting next_dagrun for example_subdag_operator.section-1 to None, run_after=None
[2023-04-23T00:48:21.931+0200] {logging_mixin.py:137} INFO - [2023-04-23T00:48:21.931+0200] {dag.py:3452} INFO - Setting next_dagrun for example_subdag_operator.section-2 to None, run_after=None
[2023-04-23T00:48:21.935+0200] {logging_mixin.py:137} INFO - [2023-04-23T00:48:21.935+0200] {dag.py:2705} INFO - Sync 2 DAGs
[2023-04-23T00:48:21.938+0200] {logging_mixin.py:137} INFO - [2023-04-23T00:48:21.938+0200] {dag.py:3452} INFO - Setting next_dagrun for example_subdag_operator.section-1 to None, run_after=None
[2023-04-23T00:48:21.939+0200] {logging_mixin.py:137} INFO - [2023-04-23T00:48:21.939+0200] {dag.py:3452} INFO - Setting next_dagrun for example_subdag_operator.section-2 to None, run_after=None
[2023-04-23T00:48:21.954+0200] {processor.py:175} INFO - Processing /Users/siddalingkattimani/dbt_env/lib/python3.11/site-packages/airflow/example_dags/example_subdag_operator.py took 1.463 seconds
[2023-04-23T00:50:21.634+0200] {processor.py:153} INFO - Started process (PID=46911) to work on /Users/siddalingkattimani/dbt_env/lib/python3.11/site-packages/airflow/example_dags/example_subdag_operator.py
[2023-04-23T00:50:21.637+0200] {processor.py:743} INFO - Processing file /Users/siddalingkattimani/dbt_env/lib/python3.11/site-packages/airflow/example_dags/example_subdag_operator.py for tasks to queue
[2023-04-23T00:50:21.638+0200] {logging_mixin.py:137} INFO - [2023-04-23T00:50:21.638+0200] {dagbag.py:532} INFO - Filling up the DagBag from /Users/siddalingkattimani/dbt_env/lib/python3.11/site-packages/airflow/example_dags/example_subdag_operator.py
[2023-04-23T00:50:22.333+0200] {processor.py:753} INFO - DAG(s) dict_keys(['example_subdag_operator.section-1', 'example_subdag_operator.section-2', 'example_subdag_operator']) retrieved from /Users/siddalingkattimani/dbt_env/lib/python3.11/site-packages/airflow/example_dags/example_subdag_operator.py
[2023-04-23T00:50:22.399+0200] {logging_mixin.py:137} INFO - [2023-04-23T00:50:22.399+0200] {dag.py:2705} INFO - Sync 3 DAGs
[2023-04-23T00:50:22.413+0200] {logging_mixin.py:137} INFO - [2023-04-23T00:50:22.413+0200] {dag.py:3452} INFO - Setting next_dagrun for example_subdag_operator to 2022-01-01T00:00:00+00:00, run_after=2022-01-01T00:00:00+00:00
[2023-04-23T00:50:22.415+0200] {logging_mixin.py:137} INFO - [2023-04-23T00:50:22.415+0200] {dag.py:3452} INFO - Setting next_dagrun for example_subdag_operator.section-1 to None, run_after=None
[2023-04-23T00:50:22.416+0200] {logging_mixin.py:137} INFO - [2023-04-23T00:50:22.416+0200] {dag.py:3452} INFO - Setting next_dagrun for example_subdag_operator.section-2 to None, run_after=None
[2023-04-23T00:50:22.421+0200] {logging_mixin.py:137} INFO - [2023-04-23T00:50:22.420+0200] {dag.py:2705} INFO - Sync 2 DAGs
[2023-04-23T00:50:22.424+0200] {logging_mixin.py:137} INFO - [2023-04-23T00:50:22.424+0200] {dag.py:3452} INFO - Setting next_dagrun for example_subdag_operator.section-1 to None, run_after=None
[2023-04-23T00:50:22.424+0200] {logging_mixin.py:137} INFO - [2023-04-23T00:50:22.424+0200] {dag.py:3452} INFO - Setting next_dagrun for example_subdag_operator.section-2 to None, run_after=None
[2023-04-23T00:50:22.438+0200] {processor.py:175} INFO - Processing /Users/siddalingkattimani/dbt_env/lib/python3.11/site-packages/airflow/example_dags/example_subdag_operator.py took 0.804 seconds
[2023-04-23T00:52:36.285+0200] {processor.py:153} INFO - Started process (PID=46972) to work on /Users/siddalingkattimani/dbt_env/lib/python3.11/site-packages/airflow/example_dags/example_subdag_operator.py
[2023-04-23T00:52:36.288+0200] {processor.py:743} INFO - Processing file /Users/siddalingkattimani/dbt_env/lib/python3.11/site-packages/airflow/example_dags/example_subdag_operator.py for tasks to queue
[2023-04-23T00:52:36.289+0200] {logging_mixin.py:137} INFO - [2023-04-23T00:52:36.289+0200] {dagbag.py:532} INFO - Filling up the DagBag from /Users/siddalingkattimani/dbt_env/lib/python3.11/site-packages/airflow/example_dags/example_subdag_operator.py
[2023-04-23T00:52:36.978+0200] {processor.py:753} INFO - DAG(s) dict_keys(['example_subdag_operator.section-1', 'example_subdag_operator.section-2', 'example_subdag_operator']) retrieved from /Users/siddalingkattimani/dbt_env/lib/python3.11/site-packages/airflow/example_dags/example_subdag_operator.py
[2023-04-23T00:52:37.045+0200] {logging_mixin.py:137} INFO - [2023-04-23T00:52:37.044+0200] {dag.py:2705} INFO - Sync 3 DAGs
[2023-04-23T00:52:37.059+0200] {logging_mixin.py:137} INFO - [2023-04-23T00:52:37.059+0200] {dag.py:3452} INFO - Setting next_dagrun for example_subdag_operator to 2022-01-01T00:00:00+00:00, run_after=2022-01-01T00:00:00+00:00
[2023-04-23T00:52:37.061+0200] {logging_mixin.py:137} INFO - [2023-04-23T00:52:37.061+0200] {dag.py:3452} INFO - Setting next_dagrun for example_subdag_operator.section-1 to None, run_after=None
[2023-04-23T00:52:37.062+0200] {logging_mixin.py:137} INFO - [2023-04-23T00:52:37.062+0200] {dag.py:3452} INFO - Setting next_dagrun for example_subdag_operator.section-2 to None, run_after=None
[2023-04-23T00:52:37.067+0200] {logging_mixin.py:137} INFO - [2023-04-23T00:52:37.066+0200] {dag.py:2705} INFO - Sync 2 DAGs
[2023-04-23T00:52:37.069+0200] {logging_mixin.py:137} INFO - [2023-04-23T00:52:37.069+0200] {dag.py:3452} INFO - Setting next_dagrun for example_subdag_operator.section-1 to None, run_after=None
[2023-04-23T00:52:37.070+0200] {logging_mixin.py:137} INFO - [2023-04-23T00:52:37.070+0200] {dag.py:3452} INFO - Setting next_dagrun for example_subdag_operator.section-2 to None, run_after=None
[2023-04-23T00:52:37.081+0200] {processor.py:175} INFO - Processing /Users/siddalingkattimani/dbt_env/lib/python3.11/site-packages/airflow/example_dags/example_subdag_operator.py took 0.796 seconds
[2023-04-23T00:54:34.136+0200] {processor.py:153} INFO - Started process (PID=47037) to work on /Users/siddalingkattimani/dbt_env/lib/python3.11/site-packages/airflow/example_dags/example_subdag_operator.py
[2023-04-23T00:54:34.139+0200] {processor.py:743} INFO - Processing file /Users/siddalingkattimani/dbt_env/lib/python3.11/site-packages/airflow/example_dags/example_subdag_operator.py for tasks to queue
[2023-04-23T00:54:34.140+0200] {logging_mixin.py:137} INFO - [2023-04-23T00:54:34.140+0200] {dagbag.py:532} INFO - Filling up the DagBag from /Users/siddalingkattimani/dbt_env/lib/python3.11/site-packages/airflow/example_dags/example_subdag_operator.py
[2023-04-23T00:54:34.828+0200] {processor.py:753} INFO - DAG(s) dict_keys(['example_subdag_operator.section-1', 'example_subdag_operator.section-2', 'example_subdag_operator']) retrieved from /Users/siddalingkattimani/dbt_env/lib/python3.11/site-packages/airflow/example_dags/example_subdag_operator.py
[2023-04-23T00:54:34.903+0200] {logging_mixin.py:137} INFO - [2023-04-23T00:54:34.903+0200] {dag.py:2705} INFO - Sync 3 DAGs
[2023-04-23T00:54:34.921+0200] {logging_mixin.py:137} INFO - [2023-04-23T00:54:34.920+0200] {dag.py:3452} INFO - Setting next_dagrun for example_subdag_operator to 2022-01-01T00:00:00+00:00, run_after=2022-01-01T00:00:00+00:00
[2023-04-23T00:54:34.923+0200] {logging_mixin.py:137} INFO - [2023-04-23T00:54:34.923+0200] {dag.py:3452} INFO - Setting next_dagrun for example_subdag_operator.section-1 to None, run_after=None
[2023-04-23T00:54:34.924+0200] {logging_mixin.py:137} INFO - [2023-04-23T00:54:34.924+0200] {dag.py:3452} INFO - Setting next_dagrun for example_subdag_operator.section-2 to None, run_after=None
[2023-04-23T00:54:34.929+0200] {logging_mixin.py:137} INFO - [2023-04-23T00:54:34.929+0200] {dag.py:2705} INFO - Sync 2 DAGs
[2023-04-23T00:54:34.932+0200] {logging_mixin.py:137} INFO - [2023-04-23T00:54:34.932+0200] {dag.py:3452} INFO - Setting next_dagrun for example_subdag_operator.section-1 to None, run_after=None
[2023-04-23T00:54:34.932+0200] {logging_mixin.py:137} INFO - [2023-04-23T00:54:34.932+0200] {dag.py:3452} INFO - Setting next_dagrun for example_subdag_operator.section-2 to None, run_after=None
[2023-04-23T00:54:34.949+0200] {processor.py:175} INFO - Processing /Users/siddalingkattimani/dbt_env/lib/python3.11/site-packages/airflow/example_dags/example_subdag_operator.py took 0.813 seconds
[2023-04-23T00:56:35.512+0200] {processor.py:153} INFO - Started process (PID=47087) to work on /Users/siddalingkattimani/dbt_env/lib/python3.11/site-packages/airflow/example_dags/example_subdag_operator.py
[2023-04-23T00:56:35.517+0200] {processor.py:743} INFO - Processing file /Users/siddalingkattimani/dbt_env/lib/python3.11/site-packages/airflow/example_dags/example_subdag_operator.py for tasks to queue
[2023-04-23T00:56:35.517+0200] {logging_mixin.py:137} INFO - [2023-04-23T00:56:35.517+0200] {dagbag.py:532} INFO - Filling up the DagBag from /Users/siddalingkattimani/dbt_env/lib/python3.11/site-packages/airflow/example_dags/example_subdag_operator.py
[2023-04-23T00:56:36.675+0200] {processor.py:753} INFO - DAG(s) dict_keys(['example_subdag_operator.section-1', 'example_subdag_operator.section-2', 'example_subdag_operator']) retrieved from /Users/siddalingkattimani/dbt_env/lib/python3.11/site-packages/airflow/example_dags/example_subdag_operator.py
[2023-04-23T00:56:37.073+0200] {logging_mixin.py:137} INFO - [2023-04-23T00:56:37.073+0200] {dag.py:2705} INFO - Sync 3 DAGs
[2023-04-23T00:56:37.091+0200] {logging_mixin.py:137} INFO - [2023-04-23T00:56:37.091+0200] {dag.py:3452} INFO - Setting next_dagrun for example_subdag_operator to 2022-01-01T00:00:00+00:00, run_after=2022-01-01T00:00:00+00:00
[2023-04-23T00:56:37.094+0200] {logging_mixin.py:137} INFO - [2023-04-23T00:56:37.094+0200] {dag.py:3452} INFO - Setting next_dagrun for example_subdag_operator.section-1 to None, run_after=None
[2023-04-23T00:56:37.095+0200] {logging_mixin.py:137} INFO - [2023-04-23T00:56:37.095+0200] {dag.py:3452} INFO - Setting next_dagrun for example_subdag_operator.section-2 to None, run_after=None
[2023-04-23T00:56:37.100+0200] {logging_mixin.py:137} INFO - [2023-04-23T00:56:37.100+0200] {dag.py:2705} INFO - Sync 2 DAGs
[2023-04-23T00:56:37.104+0200] {logging_mixin.py:137} INFO - [2023-04-23T00:56:37.104+0200] {dag.py:3452} INFO - Setting next_dagrun for example_subdag_operator.section-1 to None, run_after=None
[2023-04-23T00:56:37.105+0200] {logging_mixin.py:137} INFO - [2023-04-23T00:56:37.105+0200] {dag.py:3452} INFO - Setting next_dagrun for example_subdag_operator.section-2 to None, run_after=None
[2023-04-23T00:56:37.119+0200] {processor.py:175} INFO - Processing /Users/siddalingkattimani/dbt_env/lib/python3.11/site-packages/airflow/example_dags/example_subdag_operator.py took 1.607 seconds
[2023-04-23T00:58:47.395+0200] {processor.py:153} INFO - Started process (PID=47139) to work on /Users/siddalingkattimani/dbt_env/lib/python3.11/site-packages/airflow/example_dags/example_subdag_operator.py
[2023-04-23T00:58:47.399+0200] {processor.py:743} INFO - Processing file /Users/siddalingkattimani/dbt_env/lib/python3.11/site-packages/airflow/example_dags/example_subdag_operator.py for tasks to queue
[2023-04-23T00:58:47.400+0200] {logging_mixin.py:137} INFO - [2023-04-23T00:58:47.399+0200] {dagbag.py:532} INFO - Filling up the DagBag from /Users/siddalingkattimani/dbt_env/lib/python3.11/site-packages/airflow/example_dags/example_subdag_operator.py
[2023-04-23T00:58:48.106+0200] {processor.py:753} INFO - DAG(s) dict_keys(['example_subdag_operator.section-1', 'example_subdag_operator.section-2', 'example_subdag_operator']) retrieved from /Users/siddalingkattimani/dbt_env/lib/python3.11/site-packages/airflow/example_dags/example_subdag_operator.py
[2023-04-23T00:58:48.174+0200] {logging_mixin.py:137} INFO - [2023-04-23T00:58:48.173+0200] {dag.py:2705} INFO - Sync 3 DAGs
[2023-04-23T00:58:48.189+0200] {logging_mixin.py:137} INFO - [2023-04-23T00:58:48.188+0200] {dag.py:3452} INFO - Setting next_dagrun for example_subdag_operator to 2022-01-01T00:00:00+00:00, run_after=2022-01-01T00:00:00+00:00
[2023-04-23T00:58:48.191+0200] {logging_mixin.py:137} INFO - [2023-04-23T00:58:48.191+0200] {dag.py:3452} INFO - Setting next_dagrun for example_subdag_operator.section-1 to None, run_after=None
[2023-04-23T00:58:48.192+0200] {logging_mixin.py:137} INFO - [2023-04-23T00:58:48.192+0200] {dag.py:3452} INFO - Setting next_dagrun for example_subdag_operator.section-2 to None, run_after=None
[2023-04-23T00:58:48.197+0200] {logging_mixin.py:137} INFO - [2023-04-23T00:58:48.197+0200] {dag.py:2705} INFO - Sync 2 DAGs
[2023-04-23T00:58:48.200+0200] {logging_mixin.py:137} INFO - [2023-04-23T00:58:48.200+0200] {dag.py:3452} INFO - Setting next_dagrun for example_subdag_operator.section-1 to None, run_after=None
[2023-04-23T00:58:48.201+0200] {logging_mixin.py:137} INFO - [2023-04-23T00:58:48.200+0200] {dag.py:3452} INFO - Setting next_dagrun for example_subdag_operator.section-2 to None, run_after=None
[2023-04-23T00:58:48.223+0200] {processor.py:175} INFO - Processing /Users/siddalingkattimani/dbt_env/lib/python3.11/site-packages/airflow/example_dags/example_subdag_operator.py took 0.829 seconds
[2023-04-23T01:00:50.166+0200] {processor.py:153} INFO - Started process (PID=47186) to work on /Users/siddalingkattimani/dbt_env/lib/python3.11/site-packages/airflow/example_dags/example_subdag_operator.py
[2023-04-23T01:00:50.170+0200] {processor.py:743} INFO - Processing file /Users/siddalingkattimani/dbt_env/lib/python3.11/site-packages/airflow/example_dags/example_subdag_operator.py for tasks to queue
[2023-04-23T01:00:50.171+0200] {logging_mixin.py:137} INFO - [2023-04-23T01:00:50.171+0200] {dagbag.py:532} INFO - Filling up the DagBag from /Users/siddalingkattimani/dbt_env/lib/python3.11/site-packages/airflow/example_dags/example_subdag_operator.py
[2023-04-23T01:00:50.911+0200] {processor.py:753} INFO - DAG(s) dict_keys(['example_subdag_operator.section-1', 'example_subdag_operator.section-2', 'example_subdag_operator']) retrieved from /Users/siddalingkattimani/dbt_env/lib/python3.11/site-packages/airflow/example_dags/example_subdag_operator.py
[2023-04-23T01:00:50.984+0200] {logging_mixin.py:137} INFO - [2023-04-23T01:00:50.984+0200] {dag.py:2705} INFO - Sync 3 DAGs
[2023-04-23T01:00:51.001+0200] {logging_mixin.py:137} INFO - [2023-04-23T01:00:51.001+0200] {dag.py:3452} INFO - Setting next_dagrun for example_subdag_operator to 2022-01-01T00:00:00+00:00, run_after=2022-01-01T00:00:00+00:00
[2023-04-23T01:00:51.004+0200] {logging_mixin.py:137} INFO - [2023-04-23T01:00:51.004+0200] {dag.py:3452} INFO - Setting next_dagrun for example_subdag_operator.section-1 to None, run_after=None
[2023-04-23T01:00:51.004+0200] {logging_mixin.py:137} INFO - [2023-04-23T01:00:51.004+0200] {dag.py:3452} INFO - Setting next_dagrun for example_subdag_operator.section-2 to None, run_after=None
[2023-04-23T01:00:51.009+0200] {logging_mixin.py:137} INFO - [2023-04-23T01:00:51.009+0200] {dag.py:2705} INFO - Sync 2 DAGs
[2023-04-23T01:00:51.013+0200] {logging_mixin.py:137} INFO - [2023-04-23T01:00:51.013+0200] {dag.py:3452} INFO - Setting next_dagrun for example_subdag_operator.section-1 to None, run_after=None
[2023-04-23T01:00:51.013+0200] {logging_mixin.py:137} INFO - [2023-04-23T01:00:51.013+0200] {dag.py:3452} INFO - Setting next_dagrun for example_subdag_operator.section-2 to None, run_after=None
[2023-04-23T01:00:51.026+0200] {processor.py:175} INFO - Processing /Users/siddalingkattimani/dbt_env/lib/python3.11/site-packages/airflow/example_dags/example_subdag_operator.py took 0.861 seconds
[2023-04-23T01:03:08.823+0200] {processor.py:153} INFO - Started process (PID=47234) to work on /Users/siddalingkattimani/dbt_env/lib/python3.11/site-packages/airflow/example_dags/example_subdag_operator.py
[2023-04-23T01:03:08.828+0200] {processor.py:743} INFO - Processing file /Users/siddalingkattimani/dbt_env/lib/python3.11/site-packages/airflow/example_dags/example_subdag_operator.py for tasks to queue
[2023-04-23T01:03:08.829+0200] {logging_mixin.py:137} INFO - [2023-04-23T01:03:08.829+0200] {dagbag.py:532} INFO - Filling up the DagBag from /Users/siddalingkattimani/dbt_env/lib/python3.11/site-packages/airflow/example_dags/example_subdag_operator.py
[2023-04-23T01:03:09.591+0200] {processor.py:753} INFO - DAG(s) dict_keys(['example_subdag_operator.section-1', 'example_subdag_operator.section-2', 'example_subdag_operator']) retrieved from /Users/siddalingkattimani/dbt_env/lib/python3.11/site-packages/airflow/example_dags/example_subdag_operator.py
[2023-04-23T01:03:09.665+0200] {logging_mixin.py:137} INFO - [2023-04-23T01:03:09.664+0200] {dag.py:2705} INFO - Sync 3 DAGs
[2023-04-23T01:03:09.681+0200] {logging_mixin.py:137} INFO - [2023-04-23T01:03:09.681+0200] {dag.py:3452} INFO - Setting next_dagrun for example_subdag_operator to 2022-01-01T00:00:00+00:00, run_after=2022-01-01T00:00:00+00:00
[2023-04-23T01:03:09.685+0200] {logging_mixin.py:137} INFO - [2023-04-23T01:03:09.685+0200] {dag.py:3452} INFO - Setting next_dagrun for example_subdag_operator.section-1 to None, run_after=None
[2023-04-23T01:03:09.686+0200] {logging_mixin.py:137} INFO - [2023-04-23T01:03:09.686+0200] {dag.py:3452} INFO - Setting next_dagrun for example_subdag_operator.section-2 to None, run_after=None
[2023-04-23T01:03:09.692+0200] {logging_mixin.py:137} INFO - [2023-04-23T01:03:09.692+0200] {dag.py:2705} INFO - Sync 2 DAGs
[2023-04-23T01:03:09.695+0200] {logging_mixin.py:137} INFO - [2023-04-23T01:03:09.695+0200] {dag.py:3452} INFO - Setting next_dagrun for example_subdag_operator.section-1 to None, run_after=None
[2023-04-23T01:03:09.695+0200] {logging_mixin.py:137} INFO - [2023-04-23T01:03:09.695+0200] {dag.py:3452} INFO - Setting next_dagrun for example_subdag_operator.section-2 to None, run_after=None
[2023-04-23T01:03:09.709+0200] {processor.py:175} INFO - Processing /Users/siddalingkattimani/dbt_env/lib/python3.11/site-packages/airflow/example_dags/example_subdag_operator.py took 0.887 seconds
[2023-04-23T01:05:09.013+0200] {processor.py:153} INFO - Started process (PID=47321) to work on /Users/siddalingkattimani/dbt_env/lib/python3.11/site-packages/airflow/example_dags/example_subdag_operator.py
[2023-04-23T01:05:09.017+0200] {processor.py:743} INFO - Processing file /Users/siddalingkattimani/dbt_env/lib/python3.11/site-packages/airflow/example_dags/example_subdag_operator.py for tasks to queue
[2023-04-23T01:05:09.018+0200] {logging_mixin.py:137} INFO - [2023-04-23T01:05:09.018+0200] {dagbag.py:532} INFO - Filling up the DagBag from /Users/siddalingkattimani/dbt_env/lib/python3.11/site-packages/airflow/example_dags/example_subdag_operator.py
[2023-04-23T01:05:09.717+0200] {processor.py:753} INFO - DAG(s) dict_keys(['example_subdag_operator.section-1', 'example_subdag_operator.section-2', 'example_subdag_operator']) retrieved from /Users/siddalingkattimani/dbt_env/lib/python3.11/site-packages/airflow/example_dags/example_subdag_operator.py
[2023-04-23T01:05:09.781+0200] {logging_mixin.py:137} INFO - [2023-04-23T01:05:09.781+0200] {dag.py:2705} INFO - Sync 3 DAGs
[2023-04-23T01:05:09.797+0200] {logging_mixin.py:137} INFO - [2023-04-23T01:05:09.796+0200] {dag.py:3452} INFO - Setting next_dagrun for example_subdag_operator to 2022-01-01T00:00:00+00:00, run_after=2022-01-01T00:00:00+00:00
[2023-04-23T01:05:09.800+0200] {logging_mixin.py:137} INFO - [2023-04-23T01:05:09.800+0200] {dag.py:3452} INFO - Setting next_dagrun for example_subdag_operator.section-1 to None, run_after=None
[2023-04-23T01:05:09.801+0200] {logging_mixin.py:137} INFO - [2023-04-23T01:05:09.800+0200] {dag.py:3452} INFO - Setting next_dagrun for example_subdag_operator.section-2 to None, run_after=None
[2023-04-23T01:05:09.805+0200] {logging_mixin.py:137} INFO - [2023-04-23T01:05:09.805+0200] {dag.py:2705} INFO - Sync 2 DAGs
[2023-04-23T01:05:09.808+0200] {logging_mixin.py:137} INFO - [2023-04-23T01:05:09.808+0200] {dag.py:3452} INFO - Setting next_dagrun for example_subdag_operator.section-1 to None, run_after=None
[2023-04-23T01:05:09.809+0200] {logging_mixin.py:137} INFO - [2023-04-23T01:05:09.809+0200] {dag.py:3452} INFO - Setting next_dagrun for example_subdag_operator.section-2 to None, run_after=None
[2023-04-23T01:05:09.821+0200] {processor.py:175} INFO - Processing /Users/siddalingkattimani/dbt_env/lib/python3.11/site-packages/airflow/example_dags/example_subdag_operator.py took 0.809 seconds
[2023-04-23T01:07:38.510+0200] {processor.py:153} INFO - Started process (PID=47430) to work on /Users/siddalingkattimani/dbt_env/lib/python3.11/site-packages/airflow/example_dags/example_subdag_operator.py
[2023-04-23T01:07:38.515+0200] {processor.py:743} INFO - Processing file /Users/siddalingkattimani/dbt_env/lib/python3.11/site-packages/airflow/example_dags/example_subdag_operator.py for tasks to queue
[2023-04-23T01:07:38.515+0200] {logging_mixin.py:137} INFO - [2023-04-23T01:07:38.515+0200] {dagbag.py:532} INFO - Filling up the DagBag from /Users/siddalingkattimani/dbt_env/lib/python3.11/site-packages/airflow/example_dags/example_subdag_operator.py
[2023-04-23T01:07:39.361+0200] {processor.py:753} INFO - DAG(s) dict_keys(['example_subdag_operator.section-1', 'example_subdag_operator.section-2', 'example_subdag_operator']) retrieved from /Users/siddalingkattimani/dbt_env/lib/python3.11/site-packages/airflow/example_dags/example_subdag_operator.py
[2023-04-23T01:07:39.441+0200] {logging_mixin.py:137} INFO - [2023-04-23T01:07:39.440+0200] {dag.py:2705} INFO - Sync 3 DAGs
[2023-04-23T01:07:39.458+0200] {logging_mixin.py:137} INFO - [2023-04-23T01:07:39.457+0200] {dag.py:3452} INFO - Setting next_dagrun for example_subdag_operator to 2022-01-01T00:00:00+00:00, run_after=2022-01-01T00:00:00+00:00
[2023-04-23T01:07:39.460+0200] {logging_mixin.py:137} INFO - [2023-04-23T01:07:39.460+0200] {dag.py:3452} INFO - Setting next_dagrun for example_subdag_operator.section-1 to None, run_after=None
[2023-04-23T01:07:39.461+0200] {logging_mixin.py:137} INFO - [2023-04-23T01:07:39.461+0200] {dag.py:3452} INFO - Setting next_dagrun for example_subdag_operator.section-2 to None, run_after=None
[2023-04-23T01:07:39.466+0200] {logging_mixin.py:137} INFO - [2023-04-23T01:07:39.465+0200] {dag.py:2705} INFO - Sync 2 DAGs
[2023-04-23T01:07:39.469+0200] {logging_mixin.py:137} INFO - [2023-04-23T01:07:39.469+0200] {dag.py:3452} INFO - Setting next_dagrun for example_subdag_operator.section-1 to None, run_after=None
[2023-04-23T01:07:39.469+0200] {logging_mixin.py:137} INFO - [2023-04-23T01:07:39.469+0200] {dag.py:3452} INFO - Setting next_dagrun for example_subdag_operator.section-2 to None, run_after=None
[2023-04-23T01:07:39.482+0200] {processor.py:175} INFO - Processing /Users/siddalingkattimani/dbt_env/lib/python3.11/site-packages/airflow/example_dags/example_subdag_operator.py took 0.972 seconds
[2023-04-23T01:10:12.540+0200] {processor.py:153} INFO - Started process (PID=47640) to work on /Users/siddalingkattimani/dbt_env/lib/python3.11/site-packages/airflow/example_dags/example_subdag_operator.py
[2023-04-23T01:10:12.545+0200] {processor.py:743} INFO - Processing file /Users/siddalingkattimani/dbt_env/lib/python3.11/site-packages/airflow/example_dags/example_subdag_operator.py for tasks to queue
[2023-04-23T01:10:12.546+0200] {logging_mixin.py:137} INFO - [2023-04-23T01:10:12.546+0200] {dagbag.py:532} INFO - Filling up the DagBag from /Users/siddalingkattimani/dbt_env/lib/python3.11/site-packages/airflow/example_dags/example_subdag_operator.py
[2023-04-23T01:10:13.259+0200] {processor.py:753} INFO - DAG(s) dict_keys(['example_subdag_operator.section-1', 'example_subdag_operator.section-2', 'example_subdag_operator']) retrieved from /Users/siddalingkattimani/dbt_env/lib/python3.11/site-packages/airflow/example_dags/example_subdag_operator.py
[2023-04-23T01:10:13.332+0200] {logging_mixin.py:137} INFO - [2023-04-23T01:10:13.332+0200] {dag.py:2705} INFO - Sync 3 DAGs
[2023-04-23T01:10:13.349+0200] {logging_mixin.py:137} INFO - [2023-04-23T01:10:13.349+0200] {dag.py:3452} INFO - Setting next_dagrun for example_subdag_operator to 2022-01-01T00:00:00+00:00, run_after=2022-01-01T00:00:00+00:00
[2023-04-23T01:10:13.351+0200] {logging_mixin.py:137} INFO - [2023-04-23T01:10:13.351+0200] {dag.py:3452} INFO - Setting next_dagrun for example_subdag_operator.section-1 to None, run_after=None
[2023-04-23T01:10:13.352+0200] {logging_mixin.py:137} INFO - [2023-04-23T01:10:13.352+0200] {dag.py:3452} INFO - Setting next_dagrun for example_subdag_operator.section-2 to None, run_after=None
[2023-04-23T01:10:13.357+0200] {logging_mixin.py:137} INFO - [2023-04-23T01:10:13.356+0200] {dag.py:2705} INFO - Sync 2 DAGs
[2023-04-23T01:10:13.360+0200] {logging_mixin.py:137} INFO - [2023-04-23T01:10:13.360+0200] {dag.py:3452} INFO - Setting next_dagrun for example_subdag_operator.section-1 to None, run_after=None
[2023-04-23T01:10:13.360+0200] {logging_mixin.py:137} INFO - [2023-04-23T01:10:13.360+0200] {dag.py:3452} INFO - Setting next_dagrun for example_subdag_operator.section-2 to None, run_after=None
[2023-04-23T01:10:13.372+0200] {processor.py:175} INFO - Processing /Users/siddalingkattimani/dbt_env/lib/python3.11/site-packages/airflow/example_dags/example_subdag_operator.py took 0.833 seconds
[2023-04-23T01:12:26.352+0200] {processor.py:153} INFO - Started process (PID=47686) to work on /Users/siddalingkattimani/dbt_env/lib/python3.11/site-packages/airflow/example_dags/example_subdag_operator.py
[2023-04-23T01:12:26.355+0200] {processor.py:743} INFO - Processing file /Users/siddalingkattimani/dbt_env/lib/python3.11/site-packages/airflow/example_dags/example_subdag_operator.py for tasks to queue
[2023-04-23T01:12:26.356+0200] {logging_mixin.py:137} INFO - [2023-04-23T01:12:26.356+0200] {dagbag.py:532} INFO - Filling up the DagBag from /Users/siddalingkattimani/dbt_env/lib/python3.11/site-packages/airflow/example_dags/example_subdag_operator.py
[2023-04-23T01:12:27.005+0200] {processor.py:753} INFO - DAG(s) dict_keys(['example_subdag_operator.section-1', 'example_subdag_operator.section-2', 'example_subdag_operator']) retrieved from /Users/siddalingkattimani/dbt_env/lib/python3.11/site-packages/airflow/example_dags/example_subdag_operator.py
[2023-04-23T01:12:27.067+0200] {logging_mixin.py:137} INFO - [2023-04-23T01:12:27.067+0200] {dag.py:2705} INFO - Sync 3 DAGs
[2023-04-23T01:12:27.081+0200] {logging_mixin.py:137} INFO - [2023-04-23T01:12:27.081+0200] {dag.py:3452} INFO - Setting next_dagrun for example_subdag_operator to 2022-01-01T00:00:00+00:00, run_after=2022-01-01T00:00:00+00:00
[2023-04-23T01:12:27.083+0200] {logging_mixin.py:137} INFO - [2023-04-23T01:12:27.083+0200] {dag.py:3452} INFO - Setting next_dagrun for example_subdag_operator.section-1 to None, run_after=None
[2023-04-23T01:12:27.083+0200] {logging_mixin.py:137} INFO - [2023-04-23T01:12:27.083+0200] {dag.py:3452} INFO - Setting next_dagrun for example_subdag_operator.section-2 to None, run_after=None
[2023-04-23T01:12:27.088+0200] {logging_mixin.py:137} INFO - [2023-04-23T01:12:27.088+0200] {dag.py:2705} INFO - Sync 2 DAGs
[2023-04-23T01:12:27.091+0200] {logging_mixin.py:137} INFO - [2023-04-23T01:12:27.090+0200] {dag.py:3452} INFO - Setting next_dagrun for example_subdag_operator.section-1 to None, run_after=None
[2023-04-23T01:12:27.091+0200] {logging_mixin.py:137} INFO - [2023-04-23T01:12:27.091+0200] {dag.py:3452} INFO - Setting next_dagrun for example_subdag_operator.section-2 to None, run_after=None
[2023-04-23T01:12:27.102+0200] {processor.py:175} INFO - Processing /Users/siddalingkattimani/dbt_env/lib/python3.11/site-packages/airflow/example_dags/example_subdag_operator.py took 0.751 seconds
[2023-04-23T01:14:24.676+0200] {processor.py:153} INFO - Started process (PID=47733) to work on /Users/siddalingkattimani/dbt_env/lib/python3.11/site-packages/airflow/example_dags/example_subdag_operator.py
[2023-04-23T01:14:24.679+0200] {processor.py:743} INFO - Processing file /Users/siddalingkattimani/dbt_env/lib/python3.11/site-packages/airflow/example_dags/example_subdag_operator.py for tasks to queue
[2023-04-23T01:14:24.680+0200] {logging_mixin.py:137} INFO - [2023-04-23T01:14:24.679+0200] {dagbag.py:532} INFO - Filling up the DagBag from /Users/siddalingkattimani/dbt_env/lib/python3.11/site-packages/airflow/example_dags/example_subdag_operator.py
[2023-04-23T01:14:25.335+0200] {processor.py:753} INFO - DAG(s) dict_keys(['example_subdag_operator.section-1', 'example_subdag_operator.section-2', 'example_subdag_operator']) retrieved from /Users/siddalingkattimani/dbt_env/lib/python3.11/site-packages/airflow/example_dags/example_subdag_operator.py
[2023-04-23T01:14:25.402+0200] {logging_mixin.py:137} INFO - [2023-04-23T01:14:25.402+0200] {dag.py:2705} INFO - Sync 3 DAGs
[2023-04-23T01:14:25.417+0200] {logging_mixin.py:137} INFO - [2023-04-23T01:14:25.417+0200] {dag.py:3452} INFO - Setting next_dagrun for example_subdag_operator to 2022-01-01T00:00:00+00:00, run_after=2022-01-01T00:00:00+00:00
[2023-04-23T01:14:25.419+0200] {logging_mixin.py:137} INFO - [2023-04-23T01:14:25.419+0200] {dag.py:3452} INFO - Setting next_dagrun for example_subdag_operator.section-1 to None, run_after=None
[2023-04-23T01:14:25.420+0200] {logging_mixin.py:137} INFO - [2023-04-23T01:14:25.420+0200] {dag.py:3452} INFO - Setting next_dagrun for example_subdag_operator.section-2 to None, run_after=None
[2023-04-23T01:14:25.424+0200] {logging_mixin.py:137} INFO - [2023-04-23T01:14:25.424+0200] {dag.py:2705} INFO - Sync 2 DAGs
[2023-04-23T01:14:25.427+0200] {logging_mixin.py:137} INFO - [2023-04-23T01:14:25.427+0200] {dag.py:3452} INFO - Setting next_dagrun for example_subdag_operator.section-1 to None, run_after=None
[2023-04-23T01:14:25.428+0200] {logging_mixin.py:137} INFO - [2023-04-23T01:14:25.427+0200] {dag.py:3452} INFO - Setting next_dagrun for example_subdag_operator.section-2 to None, run_after=None
[2023-04-23T01:14:25.441+0200] {processor.py:175} INFO - Processing /Users/siddalingkattimani/dbt_env/lib/python3.11/site-packages/airflow/example_dags/example_subdag_operator.py took 0.765 seconds
[2023-04-23T01:16:30.763+0200] {processor.py:153} INFO - Started process (PID=47780) to work on /Users/siddalingkattimani/dbt_env/lib/python3.11/site-packages/airflow/example_dags/example_subdag_operator.py
[2023-04-23T01:16:30.767+0200] {processor.py:743} INFO - Processing file /Users/siddalingkattimani/dbt_env/lib/python3.11/site-packages/airflow/example_dags/example_subdag_operator.py for tasks to queue
[2023-04-23T01:16:30.768+0200] {logging_mixin.py:137} INFO - [2023-04-23T01:16:30.767+0200] {dagbag.py:532} INFO - Filling up the DagBag from /Users/siddalingkattimani/dbt_env/lib/python3.11/site-packages/airflow/example_dags/example_subdag_operator.py
[2023-04-23T01:16:31.590+0200] {processor.py:753} INFO - DAG(s) dict_keys(['example_subdag_operator.section-1', 'example_subdag_operator.section-2', 'example_subdag_operator']) retrieved from /Users/siddalingkattimani/dbt_env/lib/python3.11/site-packages/airflow/example_dags/example_subdag_operator.py
[2023-04-23T01:16:31.670+0200] {logging_mixin.py:137} INFO - [2023-04-23T01:16:31.670+0200] {dag.py:2705} INFO - Sync 3 DAGs
[2023-04-23T01:16:31.686+0200] {logging_mixin.py:137} INFO - [2023-04-23T01:16:31.685+0200] {dag.py:3452} INFO - Setting next_dagrun for example_subdag_operator to 2022-01-01T00:00:00+00:00, run_after=2022-01-01T00:00:00+00:00
[2023-04-23T01:16:31.688+0200] {logging_mixin.py:137} INFO - [2023-04-23T01:16:31.688+0200] {dag.py:3452} INFO - Setting next_dagrun for example_subdag_operator.section-1 to None, run_after=None
[2023-04-23T01:16:31.689+0200] {logging_mixin.py:137} INFO - [2023-04-23T01:16:31.689+0200] {dag.py:3452} INFO - Setting next_dagrun for example_subdag_operator.section-2 to None, run_after=None
[2023-04-23T01:16:31.694+0200] {logging_mixin.py:137} INFO - [2023-04-23T01:16:31.694+0200] {dag.py:2705} INFO - Sync 2 DAGs
[2023-04-23T01:16:31.698+0200] {logging_mixin.py:137} INFO - [2023-04-23T01:16:31.698+0200] {dag.py:3452} INFO - Setting next_dagrun for example_subdag_operator.section-1 to None, run_after=None
[2023-04-23T01:16:31.698+0200] {logging_mixin.py:137} INFO - [2023-04-23T01:16:31.698+0200] {dag.py:3452} INFO - Setting next_dagrun for example_subdag_operator.section-2 to None, run_after=None
[2023-04-23T01:16:31.711+0200] {processor.py:175} INFO - Processing /Users/siddalingkattimani/dbt_env/lib/python3.11/site-packages/airflow/example_dags/example_subdag_operator.py took 0.950 seconds
[2023-04-23T01:18:32.542+0200] {processor.py:153} INFO - Started process (PID=47825) to work on /Users/siddalingkattimani/dbt_env/lib/python3.11/site-packages/airflow/example_dags/example_subdag_operator.py
[2023-04-23T01:18:32.547+0200] {processor.py:743} INFO - Processing file /Users/siddalingkattimani/dbt_env/lib/python3.11/site-packages/airflow/example_dags/example_subdag_operator.py for tasks to queue
[2023-04-23T01:18:32.548+0200] {logging_mixin.py:137} INFO - [2023-04-23T01:18:32.547+0200] {dagbag.py:532} INFO - Filling up the DagBag from /Users/siddalingkattimani/dbt_env/lib/python3.11/site-packages/airflow/example_dags/example_subdag_operator.py
[2023-04-23T01:18:33.429+0200] {processor.py:753} INFO - DAG(s) dict_keys(['example_subdag_operator.section-1', 'example_subdag_operator.section-2', 'example_subdag_operator']) retrieved from /Users/siddalingkattimani/dbt_env/lib/python3.11/site-packages/airflow/example_dags/example_subdag_operator.py
[2023-04-23T01:18:33.515+0200] {logging_mixin.py:137} INFO - [2023-04-23T01:18:33.515+0200] {dag.py:2705} INFO - Sync 3 DAGs
[2023-04-23T01:18:33.532+0200] {logging_mixin.py:137} INFO - [2023-04-23T01:18:33.532+0200] {dag.py:3452} INFO - Setting next_dagrun for example_subdag_operator to 2022-01-01T00:00:00+00:00, run_after=2022-01-01T00:00:00+00:00
[2023-04-23T01:18:33.535+0200] {logging_mixin.py:137} INFO - [2023-04-23T01:18:33.535+0200] {dag.py:3452} INFO - Setting next_dagrun for example_subdag_operator.section-1 to None, run_after=None
[2023-04-23T01:18:33.537+0200] {logging_mixin.py:137} INFO - [2023-04-23T01:18:33.536+0200] {dag.py:3452} INFO - Setting next_dagrun for example_subdag_operator.section-2 to None, run_after=None
[2023-04-23T01:18:33.542+0200] {logging_mixin.py:137} INFO - [2023-04-23T01:18:33.542+0200] {dag.py:2705} INFO - Sync 2 DAGs
[2023-04-23T01:18:33.546+0200] {logging_mixin.py:137} INFO - [2023-04-23T01:18:33.546+0200] {dag.py:3452} INFO - Setting next_dagrun for example_subdag_operator.section-1 to None, run_after=None
[2023-04-23T01:18:33.546+0200] {logging_mixin.py:137} INFO - [2023-04-23T01:18:33.546+0200] {dag.py:3452} INFO - Setting next_dagrun for example_subdag_operator.section-2 to None, run_after=None
[2023-04-23T01:18:33.560+0200] {processor.py:175} INFO - Processing /Users/siddalingkattimani/dbt_env/lib/python3.11/site-packages/airflow/example_dags/example_subdag_operator.py took 1.019 seconds
[2023-04-23T01:20:39.216+0200] {processor.py:153} INFO - Started process (PID=47870) to work on /Users/siddalingkattimani/dbt_env/lib/python3.11/site-packages/airflow/example_dags/example_subdag_operator.py
[2023-04-23T01:20:39.220+0200] {processor.py:743} INFO - Processing file /Users/siddalingkattimani/dbt_env/lib/python3.11/site-packages/airflow/example_dags/example_subdag_operator.py for tasks to queue
[2023-04-23T01:20:39.221+0200] {logging_mixin.py:137} INFO - [2023-04-23T01:20:39.220+0200] {dagbag.py:532} INFO - Filling up the DagBag from /Users/siddalingkattimani/dbt_env/lib/python3.11/site-packages/airflow/example_dags/example_subdag_operator.py
[2023-04-23T01:20:39.960+0200] {processor.py:753} INFO - DAG(s) dict_keys(['example_subdag_operator.section-1', 'example_subdag_operator.section-2', 'example_subdag_operator']) retrieved from /Users/siddalingkattimani/dbt_env/lib/python3.11/site-packages/airflow/example_dags/example_subdag_operator.py
[2023-04-23T01:20:40.024+0200] {logging_mixin.py:137} INFO - [2023-04-23T01:20:40.023+0200] {dag.py:2705} INFO - Sync 3 DAGs
[2023-04-23T01:20:40.038+0200] {logging_mixin.py:137} INFO - [2023-04-23T01:20:40.038+0200] {dag.py:3452} INFO - Setting next_dagrun for example_subdag_operator to 2022-01-01T00:00:00+00:00, run_after=2022-01-01T00:00:00+00:00
[2023-04-23T01:20:40.040+0200] {logging_mixin.py:137} INFO - [2023-04-23T01:20:40.040+0200] {dag.py:3452} INFO - Setting next_dagrun for example_subdag_operator.section-1 to None, run_after=None
[2023-04-23T01:20:40.041+0200] {logging_mixin.py:137} INFO - [2023-04-23T01:20:40.041+0200] {dag.py:3452} INFO - Setting next_dagrun for example_subdag_operator.section-2 to None, run_after=None
[2023-04-23T01:20:40.046+0200] {logging_mixin.py:137} INFO - [2023-04-23T01:20:40.045+0200] {dag.py:2705} INFO - Sync 2 DAGs
[2023-04-23T01:20:40.049+0200] {logging_mixin.py:137} INFO - [2023-04-23T01:20:40.049+0200] {dag.py:3452} INFO - Setting next_dagrun for example_subdag_operator.section-1 to None, run_after=None
[2023-04-23T01:20:40.049+0200] {logging_mixin.py:137} INFO - [2023-04-23T01:20:40.049+0200] {dag.py:3452} INFO - Setting next_dagrun for example_subdag_operator.section-2 to None, run_after=None
[2023-04-23T01:20:40.062+0200] {processor.py:175} INFO - Processing /Users/siddalingkattimani/dbt_env/lib/python3.11/site-packages/airflow/example_dags/example_subdag_operator.py took 0.847 seconds
[2023-04-23T01:22:42.581+0200] {processor.py:153} INFO - Started process (PID=47917) to work on /Users/siddalingkattimani/dbt_env/lib/python3.11/site-packages/airflow/example_dags/example_subdag_operator.py
[2023-04-23T01:22:42.584+0200] {processor.py:743} INFO - Processing file /Users/siddalingkattimani/dbt_env/lib/python3.11/site-packages/airflow/example_dags/example_subdag_operator.py for tasks to queue
[2023-04-23T01:22:42.584+0200] {logging_mixin.py:137} INFO - [2023-04-23T01:22:42.584+0200] {dagbag.py:532} INFO - Filling up the DagBag from /Users/siddalingkattimani/dbt_env/lib/python3.11/site-packages/airflow/example_dags/example_subdag_operator.py
[2023-04-23T01:22:43.232+0200] {processor.py:753} INFO - DAG(s) dict_keys(['example_subdag_operator.section-1', 'example_subdag_operator.section-2', 'example_subdag_operator']) retrieved from /Users/siddalingkattimani/dbt_env/lib/python3.11/site-packages/airflow/example_dags/example_subdag_operator.py
[2023-04-23T01:22:43.300+0200] {logging_mixin.py:137} INFO - [2023-04-23T01:22:43.300+0200] {dag.py:2705} INFO - Sync 3 DAGs
[2023-04-23T01:22:43.314+0200] {logging_mixin.py:137} INFO - [2023-04-23T01:22:43.314+0200] {dag.py:3452} INFO - Setting next_dagrun for example_subdag_operator to 2022-01-01T00:00:00+00:00, run_after=2022-01-01T00:00:00+00:00
[2023-04-23T01:22:43.317+0200] {logging_mixin.py:137} INFO - [2023-04-23T01:22:43.316+0200] {dag.py:3452} INFO - Setting next_dagrun for example_subdag_operator.section-1 to None, run_after=None
[2023-04-23T01:22:43.317+0200] {logging_mixin.py:137} INFO - [2023-04-23T01:22:43.317+0200] {dag.py:3452} INFO - Setting next_dagrun for example_subdag_operator.section-2 to None, run_after=None
[2023-04-23T01:22:43.322+0200] {logging_mixin.py:137} INFO - [2023-04-23T01:22:43.322+0200] {dag.py:2705} INFO - Sync 2 DAGs
[2023-04-23T01:22:43.325+0200] {logging_mixin.py:137} INFO - [2023-04-23T01:22:43.325+0200] {dag.py:3452} INFO - Setting next_dagrun for example_subdag_operator.section-1 to None, run_after=None
[2023-04-23T01:22:43.325+0200] {logging_mixin.py:137} INFO - [2023-04-23T01:22:43.325+0200] {dag.py:3452} INFO - Setting next_dagrun for example_subdag_operator.section-2 to None, run_after=None
[2023-04-23T01:22:43.338+0200] {processor.py:175} INFO - Processing /Users/siddalingkattimani/dbt_env/lib/python3.11/site-packages/airflow/example_dags/example_subdag_operator.py took 0.758 seconds
[2023-04-23T01:24:40.610+0200] {processor.py:153} INFO - Started process (PID=47969) to work on /Users/siddalingkattimani/dbt_env/lib/python3.11/site-packages/airflow/example_dags/example_subdag_operator.py
[2023-04-23T01:24:40.613+0200] {processor.py:743} INFO - Processing file /Users/siddalingkattimani/dbt_env/lib/python3.11/site-packages/airflow/example_dags/example_subdag_operator.py for tasks to queue
[2023-04-23T01:24:40.614+0200] {logging_mixin.py:137} INFO - [2023-04-23T01:24:40.614+0200] {dagbag.py:532} INFO - Filling up the DagBag from /Users/siddalingkattimani/dbt_env/lib/python3.11/site-packages/airflow/example_dags/example_subdag_operator.py
[2023-04-23T01:24:41.320+0200] {processor.py:753} INFO - DAG(s) dict_keys(['example_subdag_operator.section-1', 'example_subdag_operator.section-2', 'example_subdag_operator']) retrieved from /Users/siddalingkattimani/dbt_env/lib/python3.11/site-packages/airflow/example_dags/example_subdag_operator.py
[2023-04-23T01:24:41.388+0200] {logging_mixin.py:137} INFO - [2023-04-23T01:24:41.388+0200] {dag.py:2705} INFO - Sync 3 DAGs
[2023-04-23T01:24:41.402+0200] {logging_mixin.py:137} INFO - [2023-04-23T01:24:41.402+0200] {dag.py:3452} INFO - Setting next_dagrun for example_subdag_operator to 2022-01-01T00:00:00+00:00, run_after=2022-01-01T00:00:00+00:00
[2023-04-23T01:24:41.404+0200] {logging_mixin.py:137} INFO - [2023-04-23T01:24:41.404+0200] {dag.py:3452} INFO - Setting next_dagrun for example_subdag_operator.section-1 to None, run_after=None
[2023-04-23T01:24:41.405+0200] {logging_mixin.py:137} INFO - [2023-04-23T01:24:41.405+0200] {dag.py:3452} INFO - Setting next_dagrun for example_subdag_operator.section-2 to None, run_after=None
[2023-04-23T01:24:41.410+0200] {logging_mixin.py:137} INFO - [2023-04-23T01:24:41.410+0200] {dag.py:2705} INFO - Sync 2 DAGs
[2023-04-23T01:24:41.413+0200] {logging_mixin.py:137} INFO - [2023-04-23T01:24:41.413+0200] {dag.py:3452} INFO - Setting next_dagrun for example_subdag_operator.section-1 to None, run_after=None
[2023-04-23T01:24:41.413+0200] {logging_mixin.py:137} INFO - [2023-04-23T01:24:41.413+0200] {dag.py:3452} INFO - Setting next_dagrun for example_subdag_operator.section-2 to None, run_after=None
[2023-04-23T01:24:41.426+0200] {processor.py:175} INFO - Processing /Users/siddalingkattimani/dbt_env/lib/python3.11/site-packages/airflow/example_dags/example_subdag_operator.py took 0.817 seconds
[2023-04-23T01:26:40.537+0200] {processor.py:153} INFO - Started process (PID=48034) to work on /Users/siddalingkattimani/dbt_env/lib/python3.11/site-packages/airflow/example_dags/example_subdag_operator.py
[2023-04-23T01:26:40.540+0200] {processor.py:743} INFO - Processing file /Users/siddalingkattimani/dbt_env/lib/python3.11/site-packages/airflow/example_dags/example_subdag_operator.py for tasks to queue
[2023-04-23T01:26:40.540+0200] {logging_mixin.py:137} INFO - [2023-04-23T01:26:40.540+0200] {dagbag.py:532} INFO - Filling up the DagBag from /Users/siddalingkattimani/dbt_env/lib/python3.11/site-packages/airflow/example_dags/example_subdag_operator.py
[2023-04-23T01:26:41.188+0200] {processor.py:753} INFO - DAG(s) dict_keys(['example_subdag_operator.section-1', 'example_subdag_operator.section-2', 'example_subdag_operator']) retrieved from /Users/siddalingkattimani/dbt_env/lib/python3.11/site-packages/airflow/example_dags/example_subdag_operator.py
[2023-04-23T01:26:41.250+0200] {logging_mixin.py:137} INFO - [2023-04-23T01:26:41.250+0200] {dag.py:2705} INFO - Sync 3 DAGs
[2023-04-23T01:26:41.264+0200] {logging_mixin.py:137} INFO - [2023-04-23T01:26:41.263+0200] {dag.py:3452} INFO - Setting next_dagrun for example_subdag_operator to 2022-01-01T00:00:00+00:00, run_after=2022-01-01T00:00:00+00:00
[2023-04-23T01:26:41.266+0200] {logging_mixin.py:137} INFO - [2023-04-23T01:26:41.266+0200] {dag.py:3452} INFO - Setting next_dagrun for example_subdag_operator.section-1 to None, run_after=None
[2023-04-23T01:26:41.267+0200] {logging_mixin.py:137} INFO - [2023-04-23T01:26:41.267+0200] {dag.py:3452} INFO - Setting next_dagrun for example_subdag_operator.section-2 to None, run_after=None
[2023-04-23T01:26:41.271+0200] {logging_mixin.py:137} INFO - [2023-04-23T01:26:41.271+0200] {dag.py:2705} INFO - Sync 2 DAGs
[2023-04-23T01:26:41.274+0200] {logging_mixin.py:137} INFO - [2023-04-23T01:26:41.274+0200] {dag.py:3452} INFO - Setting next_dagrun for example_subdag_operator.section-1 to None, run_after=None
[2023-04-23T01:26:41.274+0200] {logging_mixin.py:137} INFO - [2023-04-23T01:26:41.274+0200] {dag.py:3452} INFO - Setting next_dagrun for example_subdag_operator.section-2 to None, run_after=None
[2023-04-23T01:26:41.287+0200] {processor.py:175} INFO - Processing /Users/siddalingkattimani/dbt_env/lib/python3.11/site-packages/airflow/example_dags/example_subdag_operator.py took 0.751 seconds
[2023-04-23T01:28:47.977+0200] {processor.py:153} INFO - Started process (PID=48081) to work on /Users/siddalingkattimani/dbt_env/lib/python3.11/site-packages/airflow/example_dags/example_subdag_operator.py
[2023-04-23T01:28:47.981+0200] {processor.py:743} INFO - Processing file /Users/siddalingkattimani/dbt_env/lib/python3.11/site-packages/airflow/example_dags/example_subdag_operator.py for tasks to queue
[2023-04-23T01:28:47.981+0200] {logging_mixin.py:137} INFO - [2023-04-23T01:28:47.981+0200] {dagbag.py:532} INFO - Filling up the DagBag from /Users/siddalingkattimani/dbt_env/lib/python3.11/site-packages/airflow/example_dags/example_subdag_operator.py
[2023-04-23T01:28:48.650+0200] {processor.py:753} INFO - DAG(s) dict_keys(['example_subdag_operator.section-1', 'example_subdag_operator.section-2', 'example_subdag_operator']) retrieved from /Users/siddalingkattimani/dbt_env/lib/python3.11/site-packages/airflow/example_dags/example_subdag_operator.py
[2023-04-23T01:28:48.745+0200] {logging_mixin.py:137} INFO - [2023-04-23T01:28:48.745+0200] {dag.py:2705} INFO - Sync 3 DAGs
[2023-04-23T01:28:48.765+0200] {logging_mixin.py:137} INFO - [2023-04-23T01:28:48.765+0200] {dag.py:3452} INFO - Setting next_dagrun for example_subdag_operator to 2022-01-01T00:00:00+00:00, run_after=2022-01-01T00:00:00+00:00
[2023-04-23T01:28:48.768+0200] {logging_mixin.py:137} INFO - [2023-04-23T01:28:48.768+0200] {dag.py:3452} INFO - Setting next_dagrun for example_subdag_operator.section-1 to None, run_after=None
[2023-04-23T01:28:48.769+0200] {logging_mixin.py:137} INFO - [2023-04-23T01:28:48.769+0200] {dag.py:3452} INFO - Setting next_dagrun for example_subdag_operator.section-2 to None, run_after=None
[2023-04-23T01:28:48.775+0200] {logging_mixin.py:137} INFO - [2023-04-23T01:28:48.775+0200] {dag.py:2705} INFO - Sync 2 DAGs
[2023-04-23T01:28:48.779+0200] {logging_mixin.py:137} INFO - [2023-04-23T01:28:48.779+0200] {dag.py:3452} INFO - Setting next_dagrun for example_subdag_operator.section-1 to None, run_after=None
[2023-04-23T01:28:48.779+0200] {logging_mixin.py:137} INFO - [2023-04-23T01:28:48.779+0200] {dag.py:3452} INFO - Setting next_dagrun for example_subdag_operator.section-2 to None, run_after=None
[2023-04-23T01:28:48.794+0200] {processor.py:175} INFO - Processing /Users/siddalingkattimani/dbt_env/lib/python3.11/site-packages/airflow/example_dags/example_subdag_operator.py took 0.818 seconds
[2023-04-23T01:30:49.012+0200] {processor.py:153} INFO - Started process (PID=48129) to work on /Users/siddalingkattimani/dbt_env/lib/python3.11/site-packages/airflow/example_dags/example_subdag_operator.py
[2023-04-23T01:30:49.015+0200] {processor.py:743} INFO - Processing file /Users/siddalingkattimani/dbt_env/lib/python3.11/site-packages/airflow/example_dags/example_subdag_operator.py for tasks to queue
[2023-04-23T01:30:49.016+0200] {logging_mixin.py:137} INFO - [2023-04-23T01:30:49.016+0200] {dagbag.py:532} INFO - Filling up the DagBag from /Users/siddalingkattimani/dbt_env/lib/python3.11/site-packages/airflow/example_dags/example_subdag_operator.py
[2023-04-23T01:30:49.752+0200] {processor.py:753} INFO - DAG(s) dict_keys(['example_subdag_operator.section-1', 'example_subdag_operator.section-2', 'example_subdag_operator']) retrieved from /Users/siddalingkattimani/dbt_env/lib/python3.11/site-packages/airflow/example_dags/example_subdag_operator.py
[2023-04-23T01:30:49.820+0200] {logging_mixin.py:137} INFO - [2023-04-23T01:30:49.819+0200] {dag.py:2705} INFO - Sync 3 DAGs
[2023-04-23T01:30:49.834+0200] {logging_mixin.py:137} INFO - [2023-04-23T01:30:49.834+0200] {dag.py:3452} INFO - Setting next_dagrun for example_subdag_operator to 2022-01-01T00:00:00+00:00, run_after=2022-01-01T00:00:00+00:00
[2023-04-23T01:30:49.837+0200] {logging_mixin.py:137} INFO - [2023-04-23T01:30:49.836+0200] {dag.py:3452} INFO - Setting next_dagrun for example_subdag_operator.section-1 to None, run_after=None
[2023-04-23T01:30:49.837+0200] {logging_mixin.py:137} INFO - [2023-04-23T01:30:49.837+0200] {dag.py:3452} INFO - Setting next_dagrun for example_subdag_operator.section-2 to None, run_after=None
[2023-04-23T01:30:49.841+0200] {logging_mixin.py:137} INFO - [2023-04-23T01:30:49.841+0200] {dag.py:2705} INFO - Sync 2 DAGs
[2023-04-23T01:30:49.844+0200] {logging_mixin.py:137} INFO - [2023-04-23T01:30:49.844+0200] {dag.py:3452} INFO - Setting next_dagrun for example_subdag_operator.section-1 to None, run_after=None
[2023-04-23T01:30:49.844+0200] {logging_mixin.py:137} INFO - [2023-04-23T01:30:49.844+0200] {dag.py:3452} INFO - Setting next_dagrun for example_subdag_operator.section-2 to None, run_after=None
[2023-04-23T01:30:49.856+0200] {processor.py:175} INFO - Processing /Users/siddalingkattimani/dbt_env/lib/python3.11/site-packages/airflow/example_dags/example_subdag_operator.py took 0.845 seconds
[2023-04-23T01:32:52.034+0200] {processor.py:153} INFO - Started process (PID=48178) to work on /Users/siddalingkattimani/dbt_env/lib/python3.11/site-packages/airflow/example_dags/example_subdag_operator.py
[2023-04-23T01:32:52.038+0200] {processor.py:743} INFO - Processing file /Users/siddalingkattimani/dbt_env/lib/python3.11/site-packages/airflow/example_dags/example_subdag_operator.py for tasks to queue
[2023-04-23T01:32:52.039+0200] {logging_mixin.py:137} INFO - [2023-04-23T01:32:52.039+0200] {dagbag.py:532} INFO - Filling up the DagBag from /Users/siddalingkattimani/dbt_env/lib/python3.11/site-packages/airflow/example_dags/example_subdag_operator.py
[2023-04-23T01:32:52.709+0200] {processor.py:753} INFO - DAG(s) dict_keys(['example_subdag_operator.section-1', 'example_subdag_operator.section-2', 'example_subdag_operator']) retrieved from /Users/siddalingkattimani/dbt_env/lib/python3.11/site-packages/airflow/example_dags/example_subdag_operator.py
[2023-04-23T01:32:52.780+0200] {logging_mixin.py:137} INFO - [2023-04-23T01:32:52.780+0200] {dag.py:2705} INFO - Sync 3 DAGs
[2023-04-23T01:32:52.798+0200] {logging_mixin.py:137} INFO - [2023-04-23T01:32:52.798+0200] {dag.py:3452} INFO - Setting next_dagrun for example_subdag_operator to 2022-01-01T00:00:00+00:00, run_after=2022-01-01T00:00:00+00:00
[2023-04-23T01:32:52.801+0200] {logging_mixin.py:137} INFO - [2023-04-23T01:32:52.801+0200] {dag.py:3452} INFO - Setting next_dagrun for example_subdag_operator.section-1 to None, run_after=None
[2023-04-23T01:32:52.803+0200] {logging_mixin.py:137} INFO - [2023-04-23T01:32:52.802+0200] {dag.py:3452} INFO - Setting next_dagrun for example_subdag_operator.section-2 to None, run_after=None
[2023-04-23T01:32:52.809+0200] {logging_mixin.py:137} INFO - [2023-04-23T01:32:52.809+0200] {dag.py:2705} INFO - Sync 2 DAGs
[2023-04-23T01:32:52.813+0200] {logging_mixin.py:137} INFO - [2023-04-23T01:32:52.813+0200] {dag.py:3452} INFO - Setting next_dagrun for example_subdag_operator.section-1 to None, run_after=None
[2023-04-23T01:32:52.813+0200] {logging_mixin.py:137} INFO - [2023-04-23T01:32:52.813+0200] {dag.py:3452} INFO - Setting next_dagrun for example_subdag_operator.section-2 to None, run_after=None
[2023-04-23T01:32:52.837+0200] {processor.py:175} INFO - Processing /Users/siddalingkattimani/dbt_env/lib/python3.11/site-packages/airflow/example_dags/example_subdag_operator.py took 0.804 seconds
[2023-04-23T01:34:59.038+0200] {processor.py:153} INFO - Started process (PID=48226) to work on /Users/siddalingkattimani/dbt_env/lib/python3.11/site-packages/airflow/example_dags/example_subdag_operator.py
[2023-04-23T01:34:59.041+0200] {processor.py:743} INFO - Processing file /Users/siddalingkattimani/dbt_env/lib/python3.11/site-packages/airflow/example_dags/example_subdag_operator.py for tasks to queue
[2023-04-23T01:34:59.041+0200] {logging_mixin.py:137} INFO - [2023-04-23T01:34:59.041+0200] {dagbag.py:532} INFO - Filling up the DagBag from /Users/siddalingkattimani/dbt_env/lib/python3.11/site-packages/airflow/example_dags/example_subdag_operator.py
[2023-04-23T01:34:59.685+0200] {processor.py:753} INFO - DAG(s) dict_keys(['example_subdag_operator.section-1', 'example_subdag_operator.section-2', 'example_subdag_operator']) retrieved from /Users/siddalingkattimani/dbt_env/lib/python3.11/site-packages/airflow/example_dags/example_subdag_operator.py
[2023-04-23T01:34:59.749+0200] {logging_mixin.py:137} INFO - [2023-04-23T01:34:59.749+0200] {dag.py:2705} INFO - Sync 3 DAGs
[2023-04-23T01:34:59.762+0200] {logging_mixin.py:137} INFO - [2023-04-23T01:34:59.761+0200] {dag.py:3452} INFO - Setting next_dagrun for example_subdag_operator to 2022-01-01T00:00:00+00:00, run_after=2022-01-01T00:00:00+00:00
[2023-04-23T01:34:59.764+0200] {logging_mixin.py:137} INFO - [2023-04-23T01:34:59.764+0200] {dag.py:3452} INFO - Setting next_dagrun for example_subdag_operator.section-1 to None, run_after=None
[2023-04-23T01:34:59.765+0200] {logging_mixin.py:137} INFO - [2023-04-23T01:34:59.765+0200] {dag.py:3452} INFO - Setting next_dagrun for example_subdag_operator.section-2 to None, run_after=None
[2023-04-23T01:34:59.769+0200] {logging_mixin.py:137} INFO - [2023-04-23T01:34:59.769+0200] {dag.py:2705} INFO - Sync 2 DAGs
[2023-04-23T01:34:59.772+0200] {logging_mixin.py:137} INFO - [2023-04-23T01:34:59.772+0200] {dag.py:3452} INFO - Setting next_dagrun for example_subdag_operator.section-1 to None, run_after=None
[2023-04-23T01:34:59.772+0200] {logging_mixin.py:137} INFO - [2023-04-23T01:34:59.772+0200] {dag.py:3452} INFO - Setting next_dagrun for example_subdag_operator.section-2 to None, run_after=None
[2023-04-23T01:34:59.795+0200] {processor.py:175} INFO - Processing /Users/siddalingkattimani/dbt_env/lib/python3.11/site-packages/airflow/example_dags/example_subdag_operator.py took 0.758 seconds
