[2023-04-23T00:44:22.910+0200] {processor.py:153} INFO - Started process (PID=46775) to work on /Users/siddalingkattimani/dbt_env/lib/python3.11/site-packages/airflow/example_dags/example_sla_dag.py
[2023-04-23T00:44:22.913+0200] {processor.py:743} INFO - Processing file /Users/siddalingkattimani/dbt_env/lib/python3.11/site-packages/airflow/example_dags/example_sla_dag.py for tasks to queue
[2023-04-23T00:44:22.913+0200] {logging_mixin.py:137} INFO - [2023-04-23T00:44:22.913+0200] {dagbag.py:532} INFO - Filling up the DagBag from /Users/siddalingkattimani/dbt_env/lib/python3.11/site-packages/airflow/example_dags/example_sla_dag.py
[2023-04-23T00:44:22.950+0200] {processor.py:753} INFO - DAG(s) dict_keys(['example_sla_dag']) retrieved from /Users/siddalingkattimani/dbt_env/lib/python3.11/site-packages/airflow/example_dags/example_sla_dag.py
[2023-04-23T00:44:23.705+0200] {logging_mixin.py:137} INFO - [2023-04-23T00:44:23.705+0200] {manager.py:504} INFO - Created Permission View: can delete on DAG:example_sla_dag
[2023-04-23T00:44:23.713+0200] {logging_mixin.py:137} INFO - [2023-04-23T00:44:23.713+0200] {manager.py:504} INFO - Created Permission View: can read on DAG:example_sla_dag
[2023-04-23T00:44:23.718+0200] {logging_mixin.py:137} INFO - [2023-04-23T00:44:23.718+0200] {manager.py:504} INFO - Created Permission View: can edit on DAG:example_sla_dag
[2023-04-23T00:44:23.718+0200] {logging_mixin.py:137} INFO - [2023-04-23T00:44:23.718+0200] {dag.py:2705} INFO - Sync 1 DAGs
[2023-04-23T00:44:23.728+0200] {logging_mixin.py:137} INFO - [2023-04-23T00:44:23.727+0200] {dag.py:2726} INFO - Creating ORM DAG for example_sla_dag
[2023-04-23T00:44:23.737+0200] {logging_mixin.py:137} INFO - [2023-04-23T00:44:23.737+0200] {dag.py:3452} INFO - Setting next_dagrun for example_sla_dag to 2023-04-22T22:42:00+00:00, run_after=2023-04-22T22:44:00+00:00
[2023-04-23T00:44:23.753+0200] {processor.py:175} INFO - Processing /Users/siddalingkattimani/dbt_env/lib/python3.11/site-packages/airflow/example_dags/example_sla_dag.py took 0.844 seconds
[2023-04-23T00:46:21.415+0200] {processor.py:153} INFO - Started process (PID=46820) to work on /Users/siddalingkattimani/dbt_env/lib/python3.11/site-packages/airflow/example_dags/example_sla_dag.py
[2023-04-23T00:46:21.418+0200] {processor.py:743} INFO - Processing file /Users/siddalingkattimani/dbt_env/lib/python3.11/site-packages/airflow/example_dags/example_sla_dag.py for tasks to queue
[2023-04-23T00:46:21.418+0200] {logging_mixin.py:137} INFO - [2023-04-23T00:46:21.418+0200] {dagbag.py:532} INFO - Filling up the DagBag from /Users/siddalingkattimani/dbt_env/lib/python3.11/site-packages/airflow/example_dags/example_sla_dag.py
[2023-04-23T00:46:21.455+0200] {processor.py:753} INFO - DAG(s) dict_keys(['example_sla_dag']) retrieved from /Users/siddalingkattimani/dbt_env/lib/python3.11/site-packages/airflow/example_dags/example_sla_dag.py
[2023-04-23T00:46:22.089+0200] {logging_mixin.py:137} INFO - [2023-04-23T00:46:22.089+0200] {dag.py:2705} INFO - Sync 1 DAGs
[2023-04-23T00:46:22.105+0200] {logging_mixin.py:137} INFO - [2023-04-23T00:46:22.105+0200] {dag.py:3452} INFO - Setting next_dagrun for example_sla_dag to 2023-04-22T22:44:00+00:00, run_after=2023-04-22T22:46:00+00:00
[2023-04-23T00:46:22.122+0200] {processor.py:175} INFO - Processing /Users/siddalingkattimani/dbt_env/lib/python3.11/site-packages/airflow/example_dags/example_sla_dag.py took 0.708 seconds
[2023-04-23T00:48:23.844+0200] {processor.py:153} INFO - Started process (PID=46866) to work on /Users/siddalingkattimani/dbt_env/lib/python3.11/site-packages/airflow/example_dags/example_sla_dag.py
[2023-04-23T00:48:23.847+0200] {processor.py:743} INFO - Processing file /Users/siddalingkattimani/dbt_env/lib/python3.11/site-packages/airflow/example_dags/example_sla_dag.py for tasks to queue
[2023-04-23T00:48:23.848+0200] {logging_mixin.py:137} INFO - [2023-04-23T00:48:23.848+0200] {dagbag.py:532} INFO - Filling up the DagBag from /Users/siddalingkattimani/dbt_env/lib/python3.11/site-packages/airflow/example_dags/example_sla_dag.py
[2023-04-23T00:48:23.886+0200] {processor.py:753} INFO - DAG(s) dict_keys(['example_sla_dag']) retrieved from /Users/siddalingkattimani/dbt_env/lib/python3.11/site-packages/airflow/example_dags/example_sla_dag.py
[2023-04-23T00:48:24.568+0200] {logging_mixin.py:137} INFO - [2023-04-23T00:48:24.568+0200] {dag.py:2705} INFO - Sync 1 DAGs
[2023-04-23T00:48:24.586+0200] {logging_mixin.py:137} INFO - [2023-04-23T00:48:24.586+0200] {dag.py:3452} INFO - Setting next_dagrun for example_sla_dag to 2023-04-22T22:46:00+00:00, run_after=2023-04-22T22:48:00+00:00
[2023-04-23T00:48:24.603+0200] {processor.py:175} INFO - Processing /Users/siddalingkattimani/dbt_env/lib/python3.11/site-packages/airflow/example_dags/example_sla_dag.py took 0.760 seconds
[2023-04-23T00:50:24.501+0200] {processor.py:153} INFO - Started process (PID=46912) to work on /Users/siddalingkattimani/dbt_env/lib/python3.11/site-packages/airflow/example_dags/example_sla_dag.py
[2023-04-23T00:50:24.504+0200] {processor.py:743} INFO - Processing file /Users/siddalingkattimani/dbt_env/lib/python3.11/site-packages/airflow/example_dags/example_sla_dag.py for tasks to queue
[2023-04-23T00:50:24.504+0200] {logging_mixin.py:137} INFO - [2023-04-23T00:50:24.504+0200] {dagbag.py:532} INFO - Filling up the DagBag from /Users/siddalingkattimani/dbt_env/lib/python3.11/site-packages/airflow/example_dags/example_sla_dag.py
[2023-04-23T00:50:24.543+0200] {processor.py:753} INFO - DAG(s) dict_keys(['example_sla_dag']) retrieved from /Users/siddalingkattimani/dbt_env/lib/python3.11/site-packages/airflow/example_dags/example_sla_dag.py
[2023-04-23T00:50:25.216+0200] {logging_mixin.py:137} INFO - [2023-04-23T00:50:25.215+0200] {dag.py:2705} INFO - Sync 1 DAGs
[2023-04-23T00:50:25.233+0200] {logging_mixin.py:137} INFO - [2023-04-23T00:50:25.233+0200] {dag.py:3452} INFO - Setting next_dagrun for example_sla_dag to 2023-04-22T22:48:00+00:00, run_after=2023-04-22T22:50:00+00:00
[2023-04-23T00:50:25.252+0200] {processor.py:175} INFO - Processing /Users/siddalingkattimani/dbt_env/lib/python3.11/site-packages/airflow/example_dags/example_sla_dag.py took 0.751 seconds
[2023-04-23T00:52:39.161+0200] {processor.py:153} INFO - Started process (PID=46973) to work on /Users/siddalingkattimani/dbt_env/lib/python3.11/site-packages/airflow/example_dags/example_sla_dag.py
[2023-04-23T00:52:39.164+0200] {processor.py:743} INFO - Processing file /Users/siddalingkattimani/dbt_env/lib/python3.11/site-packages/airflow/example_dags/example_sla_dag.py for tasks to queue
[2023-04-23T00:52:39.164+0200] {logging_mixin.py:137} INFO - [2023-04-23T00:52:39.164+0200] {dagbag.py:532} INFO - Filling up the DagBag from /Users/siddalingkattimani/dbt_env/lib/python3.11/site-packages/airflow/example_dags/example_sla_dag.py
[2023-04-23T00:52:39.211+0200] {processor.py:753} INFO - DAG(s) dict_keys(['example_sla_dag']) retrieved from /Users/siddalingkattimani/dbt_env/lib/python3.11/site-packages/airflow/example_dags/example_sla_dag.py
[2023-04-23T00:52:39.931+0200] {logging_mixin.py:137} INFO - [2023-04-23T00:52:39.930+0200] {dag.py:2705} INFO - Sync 1 DAGs
[2023-04-23T00:52:39.952+0200] {logging_mixin.py:137} INFO - [2023-04-23T00:52:39.952+0200] {dag.py:3452} INFO - Setting next_dagrun for example_sla_dag to 2023-04-22T22:50:00+00:00, run_after=2023-04-22T22:52:00+00:00
[2023-04-23T00:52:39.974+0200] {processor.py:175} INFO - Processing /Users/siddalingkattimani/dbt_env/lib/python3.11/site-packages/airflow/example_dags/example_sla_dag.py took 0.813 seconds
[2023-04-23T00:54:37.020+0200] {processor.py:153} INFO - Started process (PID=47038) to work on /Users/siddalingkattimani/dbt_env/lib/python3.11/site-packages/airflow/example_dags/example_sla_dag.py
[2023-04-23T00:54:37.023+0200] {processor.py:743} INFO - Processing file /Users/siddalingkattimani/dbt_env/lib/python3.11/site-packages/airflow/example_dags/example_sla_dag.py for tasks to queue
[2023-04-23T00:54:37.023+0200] {logging_mixin.py:137} INFO - [2023-04-23T00:54:37.023+0200] {dagbag.py:532} INFO - Filling up the DagBag from /Users/siddalingkattimani/dbt_env/lib/python3.11/site-packages/airflow/example_dags/example_sla_dag.py
[2023-04-23T00:54:37.061+0200] {processor.py:753} INFO - DAG(s) dict_keys(['example_sla_dag']) retrieved from /Users/siddalingkattimani/dbt_env/lib/python3.11/site-packages/airflow/example_dags/example_sla_dag.py
[2023-04-23T00:54:37.721+0200] {logging_mixin.py:137} INFO - [2023-04-23T00:54:37.721+0200] {dag.py:2705} INFO - Sync 1 DAGs
[2023-04-23T00:54:37.737+0200] {logging_mixin.py:137} INFO - [2023-04-23T00:54:37.737+0200] {dag.py:3452} INFO - Setting next_dagrun for example_sla_dag to 2023-04-22T22:52:00+00:00, run_after=2023-04-22T22:54:00+00:00
[2023-04-23T00:54:37.756+0200] {processor.py:175} INFO - Processing /Users/siddalingkattimani/dbt_env/lib/python3.11/site-packages/airflow/example_dags/example_sla_dag.py took 0.737 seconds
[2023-04-23T00:56:39.468+0200] {processor.py:153} INFO - Started process (PID=47088) to work on /Users/siddalingkattimani/dbt_env/lib/python3.11/site-packages/airflow/example_dags/example_sla_dag.py
[2023-04-23T00:56:39.472+0200] {processor.py:743} INFO - Processing file /Users/siddalingkattimani/dbt_env/lib/python3.11/site-packages/airflow/example_dags/example_sla_dag.py for tasks to queue
[2023-04-23T00:56:39.473+0200] {logging_mixin.py:137} INFO - [2023-04-23T00:56:39.473+0200] {dagbag.py:532} INFO - Filling up the DagBag from /Users/siddalingkattimani/dbt_env/lib/python3.11/site-packages/airflow/example_dags/example_sla_dag.py
[2023-04-23T00:56:39.524+0200] {processor.py:753} INFO - DAG(s) dict_keys(['example_sla_dag']) retrieved from /Users/siddalingkattimani/dbt_env/lib/python3.11/site-packages/airflow/example_dags/example_sla_dag.py
[2023-04-23T00:56:40.284+0200] {logging_mixin.py:137} INFO - [2023-04-23T00:56:40.284+0200] {dag.py:2705} INFO - Sync 1 DAGs
[2023-04-23T00:56:40.301+0200] {logging_mixin.py:137} INFO - [2023-04-23T00:56:40.301+0200] {dag.py:3452} INFO - Setting next_dagrun for example_sla_dag to 2023-04-22T22:54:00+00:00, run_after=2023-04-22T22:56:00+00:00
[2023-04-23T00:56:40.318+0200] {processor.py:175} INFO - Processing /Users/siddalingkattimani/dbt_env/lib/python3.11/site-packages/airflow/example_dags/example_sla_dag.py took 0.851 seconds
[2023-04-23T00:58:50.290+0200] {processor.py:153} INFO - Started process (PID=47141) to work on /Users/siddalingkattimani/dbt_env/lib/python3.11/site-packages/airflow/example_dags/example_sla_dag.py
[2023-04-23T00:58:50.296+0200] {processor.py:743} INFO - Processing file /Users/siddalingkattimani/dbt_env/lib/python3.11/site-packages/airflow/example_dags/example_sla_dag.py for tasks to queue
[2023-04-23T00:58:50.296+0200] {logging_mixin.py:137} INFO - [2023-04-23T00:58:50.296+0200] {dagbag.py:532} INFO - Filling up the DagBag from /Users/siddalingkattimani/dbt_env/lib/python3.11/site-packages/airflow/example_dags/example_sla_dag.py
[2023-04-23T00:58:50.374+0200] {processor.py:753} INFO - DAG(s) dict_keys(['example_sla_dag']) retrieved from /Users/siddalingkattimani/dbt_env/lib/python3.11/site-packages/airflow/example_dags/example_sla_dag.py
[2023-04-23T00:58:51.375+0200] {logging_mixin.py:137} INFO - [2023-04-23T00:58:51.375+0200] {dag.py:2705} INFO - Sync 1 DAGs
[2023-04-23T00:58:51.392+0200] {logging_mixin.py:137} INFO - [2023-04-23T00:58:51.392+0200] {dag.py:3452} INFO - Setting next_dagrun for example_sla_dag to 2023-04-22T22:56:00+00:00, run_after=2023-04-22T22:58:00+00:00
[2023-04-23T00:58:51.410+0200] {processor.py:175} INFO - Processing /Users/siddalingkattimani/dbt_env/lib/python3.11/site-packages/airflow/example_dags/example_sla_dag.py took 1.122 seconds
[2023-04-23T01:00:53.393+0200] {processor.py:153} INFO - Started process (PID=47187) to work on /Users/siddalingkattimani/dbt_env/lib/python3.11/site-packages/airflow/example_dags/example_sla_dag.py
[2023-04-23T01:00:53.397+0200] {processor.py:743} INFO - Processing file /Users/siddalingkattimani/dbt_env/lib/python3.11/site-packages/airflow/example_dags/example_sla_dag.py for tasks to queue
[2023-04-23T01:00:53.398+0200] {logging_mixin.py:137} INFO - [2023-04-23T01:00:53.397+0200] {dagbag.py:532} INFO - Filling up the DagBag from /Users/siddalingkattimani/dbt_env/lib/python3.11/site-packages/airflow/example_dags/example_sla_dag.py
[2023-04-23T01:00:53.442+0200] {processor.py:753} INFO - DAG(s) dict_keys(['example_sla_dag']) retrieved from /Users/siddalingkattimani/dbt_env/lib/python3.11/site-packages/airflow/example_dags/example_sla_dag.py
[2023-04-23T01:00:54.103+0200] {logging_mixin.py:137} INFO - [2023-04-23T01:00:54.102+0200] {dag.py:2705} INFO - Sync 1 DAGs
[2023-04-23T01:00:54.119+0200] {logging_mixin.py:137} INFO - [2023-04-23T01:00:54.119+0200] {dag.py:3452} INFO - Setting next_dagrun for example_sla_dag to 2023-04-22T22:58:00+00:00, run_after=2023-04-22T23:00:00+00:00
[2023-04-23T01:00:54.136+0200] {processor.py:175} INFO - Processing /Users/siddalingkattimani/dbt_env/lib/python3.11/site-packages/airflow/example_dags/example_sla_dag.py took 0.744 seconds
[2023-04-23T01:03:11.739+0200] {processor.py:153} INFO - Started process (PID=47235) to work on /Users/siddalingkattimani/dbt_env/lib/python3.11/site-packages/airflow/example_dags/example_sla_dag.py
[2023-04-23T01:03:11.744+0200] {processor.py:743} INFO - Processing file /Users/siddalingkattimani/dbt_env/lib/python3.11/site-packages/airflow/example_dags/example_sla_dag.py for tasks to queue
[2023-04-23T01:03:11.745+0200] {logging_mixin.py:137} INFO - [2023-04-23T01:03:11.745+0200] {dagbag.py:532} INFO - Filling up the DagBag from /Users/siddalingkattimani/dbt_env/lib/python3.11/site-packages/airflow/example_dags/example_sla_dag.py
[2023-04-23T01:03:11.783+0200] {processor.py:753} INFO - DAG(s) dict_keys(['example_sla_dag']) retrieved from /Users/siddalingkattimani/dbt_env/lib/python3.11/site-packages/airflow/example_dags/example_sla_dag.py
[2023-04-23T01:03:12.405+0200] {logging_mixin.py:137} INFO - [2023-04-23T01:03:12.405+0200] {dag.py:2705} INFO - Sync 1 DAGs
[2023-04-23T01:03:12.422+0200] {logging_mixin.py:137} INFO - [2023-04-23T01:03:12.422+0200] {dag.py:3452} INFO - Setting next_dagrun for example_sla_dag to 2023-04-22T23:00:00+00:00, run_after=2023-04-22T23:02:00+00:00
[2023-04-23T01:03:12.439+0200] {processor.py:175} INFO - Processing /Users/siddalingkattimani/dbt_env/lib/python3.11/site-packages/airflow/example_dags/example_sla_dag.py took 0.701 seconds
[2023-04-23T01:05:11.831+0200] {processor.py:153} INFO - Started process (PID=47322) to work on /Users/siddalingkattimani/dbt_env/lib/python3.11/site-packages/airflow/example_dags/example_sla_dag.py
[2023-04-23T01:05:11.855+0200] {processor.py:743} INFO - Processing file /Users/siddalingkattimani/dbt_env/lib/python3.11/site-packages/airflow/example_dags/example_sla_dag.py for tasks to queue
[2023-04-23T01:05:11.858+0200] {logging_mixin.py:137} INFO - [2023-04-23T01:05:11.856+0200] {dagbag.py:532} INFO - Filling up the DagBag from /Users/siddalingkattimani/dbt_env/lib/python3.11/site-packages/airflow/example_dags/example_sla_dag.py
[2023-04-23T01:05:11.970+0200] {processor.py:753} INFO - DAG(s) dict_keys(['example_sla_dag']) retrieved from /Users/siddalingkattimani/dbt_env/lib/python3.11/site-packages/airflow/example_dags/example_sla_dag.py
[2023-04-23T01:05:13.152+0200] {logging_mixin.py:137} INFO - [2023-04-23T01:05:13.152+0200] {dag.py:2705} INFO - Sync 1 DAGs
[2023-04-23T01:05:13.210+0200] {logging_mixin.py:137} INFO - [2023-04-23T01:05:13.209+0200] {dag.py:3452} INFO - Setting next_dagrun for example_sla_dag to 2023-04-22T23:02:00+00:00, run_after=2023-04-22T23:04:00+00:00
[2023-04-23T01:05:13.253+0200] {processor.py:175} INFO - Processing /Users/siddalingkattimani/dbt_env/lib/python3.11/site-packages/airflow/example_dags/example_sla_dag.py took 1.423 seconds
[2023-04-23T01:07:41.791+0200] {processor.py:153} INFO - Started process (PID=47434) to work on /Users/siddalingkattimani/dbt_env/lib/python3.11/site-packages/airflow/example_dags/example_sla_dag.py
[2023-04-23T01:07:41.798+0200] {processor.py:743} INFO - Processing file /Users/siddalingkattimani/dbt_env/lib/python3.11/site-packages/airflow/example_dags/example_sla_dag.py for tasks to queue
[2023-04-23T01:07:41.799+0200] {logging_mixin.py:137} INFO - [2023-04-23T01:07:41.799+0200] {dagbag.py:532} INFO - Filling up the DagBag from /Users/siddalingkattimani/dbt_env/lib/python3.11/site-packages/airflow/example_dags/example_sla_dag.py
[2023-04-23T01:07:41.891+0200] {processor.py:753} INFO - DAG(s) dict_keys(['example_sla_dag']) retrieved from /Users/siddalingkattimani/dbt_env/lib/python3.11/site-packages/airflow/example_dags/example_sla_dag.py
[2023-04-23T01:07:42.638+0200] {logging_mixin.py:137} INFO - [2023-04-23T01:07:42.638+0200] {dag.py:2705} INFO - Sync 1 DAGs
[2023-04-23T01:07:42.659+0200] {logging_mixin.py:137} INFO - [2023-04-23T01:07:42.659+0200] {dag.py:3452} INFO - Setting next_dagrun for example_sla_dag to 2023-04-22T23:04:00+00:00, run_after=2023-04-22T23:06:00+00:00
[2023-04-23T01:07:42.677+0200] {processor.py:175} INFO - Processing /Users/siddalingkattimani/dbt_env/lib/python3.11/site-packages/airflow/example_dags/example_sla_dag.py took 0.887 seconds
[2023-04-23T01:10:15.827+0200] {processor.py:153} INFO - Started process (PID=47641) to work on /Users/siddalingkattimani/dbt_env/lib/python3.11/site-packages/airflow/example_dags/example_sla_dag.py
[2023-04-23T01:10:15.833+0200] {processor.py:743} INFO - Processing file /Users/siddalingkattimani/dbt_env/lib/python3.11/site-packages/airflow/example_dags/example_sla_dag.py for tasks to queue
[2023-04-23T01:10:15.834+0200] {logging_mixin.py:137} INFO - [2023-04-23T01:10:15.834+0200] {dagbag.py:532} INFO - Filling up the DagBag from /Users/siddalingkattimani/dbt_env/lib/python3.11/site-packages/airflow/example_dags/example_sla_dag.py
[2023-04-23T01:10:15.937+0200] {processor.py:753} INFO - DAG(s) dict_keys(['example_sla_dag']) retrieved from /Users/siddalingkattimani/dbt_env/lib/python3.11/site-packages/airflow/example_dags/example_sla_dag.py
[2023-04-23T01:10:16.758+0200] {logging_mixin.py:137} INFO - [2023-04-23T01:10:16.758+0200] {dag.py:2705} INFO - Sync 1 DAGs
[2023-04-23T01:10:16.775+0200] {logging_mixin.py:137} INFO - [2023-04-23T01:10:16.775+0200] {dag.py:3452} INFO - Setting next_dagrun for example_sla_dag to 2023-04-22T23:08:00+00:00, run_after=2023-04-22T23:10:00+00:00
[2023-04-23T01:10:16.794+0200] {processor.py:175} INFO - Processing /Users/siddalingkattimani/dbt_env/lib/python3.11/site-packages/airflow/example_dags/example_sla_dag.py took 0.968 seconds
[2023-04-23T01:12:29.408+0200] {processor.py:153} INFO - Started process (PID=47687) to work on /Users/siddalingkattimani/dbt_env/lib/python3.11/site-packages/airflow/example_dags/example_sla_dag.py
[2023-04-23T01:12:29.412+0200] {processor.py:743} INFO - Processing file /Users/siddalingkattimani/dbt_env/lib/python3.11/site-packages/airflow/example_dags/example_sla_dag.py for tasks to queue
[2023-04-23T01:12:29.413+0200] {logging_mixin.py:137} INFO - [2023-04-23T01:12:29.412+0200] {dagbag.py:532} INFO - Filling up the DagBag from /Users/siddalingkattimani/dbt_env/lib/python3.11/site-packages/airflow/example_dags/example_sla_dag.py
[2023-04-23T01:12:29.487+0200] {processor.py:753} INFO - DAG(s) dict_keys(['example_sla_dag']) retrieved from /Users/siddalingkattimani/dbt_env/lib/python3.11/site-packages/airflow/example_dags/example_sla_dag.py
[2023-04-23T01:12:30.295+0200] {logging_mixin.py:137} INFO - [2023-04-23T01:12:30.295+0200] {dag.py:2705} INFO - Sync 1 DAGs
[2023-04-23T01:12:30.311+0200] {logging_mixin.py:137} INFO - [2023-04-23T01:12:30.311+0200] {dag.py:3452} INFO - Setting next_dagrun for example_sla_dag to 2023-04-22T23:10:00+00:00, run_after=2023-04-22T23:12:00+00:00
[2023-04-23T01:12:30.328+0200] {processor.py:175} INFO - Processing /Users/siddalingkattimani/dbt_env/lib/python3.11/site-packages/airflow/example_dags/example_sla_dag.py took 0.920 seconds
[2023-04-23T01:14:27.802+0200] {processor.py:153} INFO - Started process (PID=47734) to work on /Users/siddalingkattimani/dbt_env/lib/python3.11/site-packages/airflow/example_dags/example_sla_dag.py
[2023-04-23T01:14:27.807+0200] {processor.py:743} INFO - Processing file /Users/siddalingkattimani/dbt_env/lib/python3.11/site-packages/airflow/example_dags/example_sla_dag.py for tasks to queue
[2023-04-23T01:14:27.807+0200] {logging_mixin.py:137} INFO - [2023-04-23T01:14:27.807+0200] {dagbag.py:532} INFO - Filling up the DagBag from /Users/siddalingkattimani/dbt_env/lib/python3.11/site-packages/airflow/example_dags/example_sla_dag.py
[2023-04-23T01:14:27.900+0200] {processor.py:753} INFO - DAG(s) dict_keys(['example_sla_dag']) retrieved from /Users/siddalingkattimani/dbt_env/lib/python3.11/site-packages/airflow/example_dags/example_sla_dag.py
[2023-04-23T01:14:28.651+0200] {logging_mixin.py:137} INFO - [2023-04-23T01:14:28.651+0200] {dag.py:2705} INFO - Sync 1 DAGs
[2023-04-23T01:14:28.669+0200] {logging_mixin.py:137} INFO - [2023-04-23T01:14:28.669+0200] {dag.py:3452} INFO - Setting next_dagrun for example_sla_dag to 2023-04-22T23:12:00+00:00, run_after=2023-04-22T23:14:00+00:00
[2023-04-23T01:14:28.688+0200] {processor.py:175} INFO - Processing /Users/siddalingkattimani/dbt_env/lib/python3.11/site-packages/airflow/example_dags/example_sla_dag.py took 0.887 seconds
[2023-04-23T01:16:32.975+0200] {processor.py:153} INFO - Started process (PID=47781) to work on /Users/siddalingkattimani/dbt_env/lib/python3.11/site-packages/airflow/example_dags/example_sla_dag.py
[2023-04-23T01:16:32.978+0200] {processor.py:743} INFO - Processing file /Users/siddalingkattimani/dbt_env/lib/python3.11/site-packages/airflow/example_dags/example_sla_dag.py for tasks to queue
[2023-04-23T01:16:32.978+0200] {logging_mixin.py:137} INFO - [2023-04-23T01:16:32.978+0200] {dagbag.py:532} INFO - Filling up the DagBag from /Users/siddalingkattimani/dbt_env/lib/python3.11/site-packages/airflow/example_dags/example_sla_dag.py
[2023-04-23T01:16:33.050+0200] {processor.py:753} INFO - DAG(s) dict_keys(['example_sla_dag']) retrieved from /Users/siddalingkattimani/dbt_env/lib/python3.11/site-packages/airflow/example_dags/example_sla_dag.py
[2023-04-23T01:16:33.679+0200] {logging_mixin.py:137} INFO - [2023-04-23T01:16:33.679+0200] {dag.py:2705} INFO - Sync 1 DAGs
[2023-04-23T01:16:33.694+0200] {logging_mixin.py:137} INFO - [2023-04-23T01:16:33.694+0200] {dag.py:3452} INFO - Setting next_dagrun for example_sla_dag to 2023-04-22T23:14:00+00:00, run_after=2023-04-22T23:16:00+00:00
[2023-04-23T01:16:33.711+0200] {processor.py:175} INFO - Processing /Users/siddalingkattimani/dbt_env/lib/python3.11/site-packages/airflow/example_dags/example_sla_dag.py took 0.737 seconds
[2023-04-23T01:18:35.817+0200] {processor.py:153} INFO - Started process (PID=47826) to work on /Users/siddalingkattimani/dbt_env/lib/python3.11/site-packages/airflow/example_dags/example_sla_dag.py
[2023-04-23T01:18:35.823+0200] {processor.py:743} INFO - Processing file /Users/siddalingkattimani/dbt_env/lib/python3.11/site-packages/airflow/example_dags/example_sla_dag.py for tasks to queue
[2023-04-23T01:18:35.824+0200] {logging_mixin.py:137} INFO - [2023-04-23T01:18:35.824+0200] {dagbag.py:532} INFO - Filling up the DagBag from /Users/siddalingkattimani/dbt_env/lib/python3.11/site-packages/airflow/example_dags/example_sla_dag.py
[2023-04-23T01:18:35.921+0200] {processor.py:753} INFO - DAG(s) dict_keys(['example_sla_dag']) retrieved from /Users/siddalingkattimani/dbt_env/lib/python3.11/site-packages/airflow/example_dags/example_sla_dag.py
[2023-04-23T01:18:36.683+0200] {logging_mixin.py:137} INFO - [2023-04-23T01:18:36.683+0200] {dag.py:2705} INFO - Sync 1 DAGs
[2023-04-23T01:18:36.698+0200] {logging_mixin.py:137} INFO - [2023-04-23T01:18:36.698+0200] {dag.py:3452} INFO - Setting next_dagrun for example_sla_dag to 2023-04-22T23:16:00+00:00, run_after=2023-04-22T23:18:00+00:00
[2023-04-23T01:18:36.716+0200] {processor.py:175} INFO - Processing /Users/siddalingkattimani/dbt_env/lib/python3.11/site-packages/airflow/example_dags/example_sla_dag.py took 0.900 seconds
[2023-04-23T01:20:41.824+0200] {processor.py:153} INFO - Started process (PID=47871) to work on /Users/siddalingkattimani/dbt_env/lib/python3.11/site-packages/airflow/example_dags/example_sla_dag.py
[2023-04-23T01:20:41.828+0200] {processor.py:743} INFO - Processing file /Users/siddalingkattimani/dbt_env/lib/python3.11/site-packages/airflow/example_dags/example_sla_dag.py for tasks to queue
[2023-04-23T01:20:41.828+0200] {logging_mixin.py:137} INFO - [2023-04-23T01:20:41.828+0200] {dagbag.py:532} INFO - Filling up the DagBag from /Users/siddalingkattimani/dbt_env/lib/python3.11/site-packages/airflow/example_dags/example_sla_dag.py
[2023-04-23T01:20:41.905+0200] {processor.py:753} INFO - DAG(s) dict_keys(['example_sla_dag']) retrieved from /Users/siddalingkattimani/dbt_env/lib/python3.11/site-packages/airflow/example_dags/example_sla_dag.py
[2023-04-23T01:20:42.713+0200] {logging_mixin.py:137} INFO - [2023-04-23T01:20:42.713+0200] {dag.py:2705} INFO - Sync 1 DAGs
[2023-04-23T01:20:42.735+0200] {logging_mixin.py:137} INFO - [2023-04-23T01:20:42.735+0200] {dag.py:3452} INFO - Setting next_dagrun for example_sla_dag to 2023-04-22T23:18:00+00:00, run_after=2023-04-22T23:20:00+00:00
[2023-04-23T01:20:42.757+0200] {processor.py:175} INFO - Processing /Users/siddalingkattimani/dbt_env/lib/python3.11/site-packages/airflow/example_dags/example_sla_dag.py took 0.934 seconds
[2023-04-23T01:22:45.569+0200] {processor.py:153} INFO - Started process (PID=47918) to work on /Users/siddalingkattimani/dbt_env/lib/python3.11/site-packages/airflow/example_dags/example_sla_dag.py
[2023-04-23T01:22:45.572+0200] {processor.py:743} INFO - Processing file /Users/siddalingkattimani/dbt_env/lib/python3.11/site-packages/airflow/example_dags/example_sla_dag.py for tasks to queue
[2023-04-23T01:22:45.573+0200] {logging_mixin.py:137} INFO - [2023-04-23T01:22:45.572+0200] {dagbag.py:532} INFO - Filling up the DagBag from /Users/siddalingkattimani/dbt_env/lib/python3.11/site-packages/airflow/example_dags/example_sla_dag.py
[2023-04-23T01:22:45.658+0200] {processor.py:753} INFO - DAG(s) dict_keys(['example_sla_dag']) retrieved from /Users/siddalingkattimani/dbt_env/lib/python3.11/site-packages/airflow/example_dags/example_sla_dag.py
[2023-04-23T01:22:46.328+0200] {logging_mixin.py:137} INFO - [2023-04-23T01:22:46.328+0200] {dag.py:2705} INFO - Sync 1 DAGs
[2023-04-23T01:22:46.344+0200] {logging_mixin.py:137} INFO - [2023-04-23T01:22:46.343+0200] {dag.py:3452} INFO - Setting next_dagrun for example_sla_dag to 2023-04-22T23:20:00+00:00, run_after=2023-04-22T23:22:00+00:00
[2023-04-23T01:22:46.361+0200] {processor.py:175} INFO - Processing /Users/siddalingkattimani/dbt_env/lib/python3.11/site-packages/airflow/example_dags/example_sla_dag.py took 0.793 seconds
[2023-04-23T01:24:43.589+0200] {processor.py:153} INFO - Started process (PID=47970) to work on /Users/siddalingkattimani/dbt_env/lib/python3.11/site-packages/airflow/example_dags/example_sla_dag.py
[2023-04-23T01:24:43.592+0200] {processor.py:743} INFO - Processing file /Users/siddalingkattimani/dbt_env/lib/python3.11/site-packages/airflow/example_dags/example_sla_dag.py for tasks to queue
[2023-04-23T01:24:43.593+0200] {logging_mixin.py:137} INFO - [2023-04-23T01:24:43.593+0200] {dagbag.py:532} INFO - Filling up the DagBag from /Users/siddalingkattimani/dbt_env/lib/python3.11/site-packages/airflow/example_dags/example_sla_dag.py
[2023-04-23T01:24:43.664+0200] {processor.py:753} INFO - DAG(s) dict_keys(['example_sla_dag']) retrieved from /Users/siddalingkattimani/dbt_env/lib/python3.11/site-packages/airflow/example_dags/example_sla_dag.py
[2023-04-23T01:24:44.278+0200] {logging_mixin.py:137} INFO - [2023-04-23T01:24:44.278+0200] {dag.py:2705} INFO - Sync 1 DAGs
[2023-04-23T01:24:44.293+0200] {logging_mixin.py:137} INFO - [2023-04-23T01:24:44.293+0200] {dag.py:3452} INFO - Setting next_dagrun for example_sla_dag to 2023-04-22T23:22:00+00:00, run_after=2023-04-22T23:24:00+00:00
[2023-04-23T01:24:44.312+0200] {processor.py:175} INFO - Processing /Users/siddalingkattimani/dbt_env/lib/python3.11/site-packages/airflow/example_dags/example_sla_dag.py took 0.723 seconds
[2023-04-23T01:26:43.418+0200] {processor.py:153} INFO - Started process (PID=48035) to work on /Users/siddalingkattimani/dbt_env/lib/python3.11/site-packages/airflow/example_dags/example_sla_dag.py
[2023-04-23T01:26:43.421+0200] {processor.py:743} INFO - Processing file /Users/siddalingkattimani/dbt_env/lib/python3.11/site-packages/airflow/example_dags/example_sla_dag.py for tasks to queue
[2023-04-23T01:26:43.421+0200] {logging_mixin.py:137} INFO - [2023-04-23T01:26:43.421+0200] {dagbag.py:532} INFO - Filling up the DagBag from /Users/siddalingkattimani/dbt_env/lib/python3.11/site-packages/airflow/example_dags/example_sla_dag.py
[2023-04-23T01:26:43.490+0200] {processor.py:753} INFO - DAG(s) dict_keys(['example_sla_dag']) retrieved from /Users/siddalingkattimani/dbt_env/lib/python3.11/site-packages/airflow/example_dags/example_sla_dag.py
[2023-04-23T01:26:44.382+0200] {logging_mixin.py:137} INFO - [2023-04-23T01:26:44.381+0200] {dag.py:2705} INFO - Sync 1 DAGs
[2023-04-23T01:26:44.398+0200] {logging_mixin.py:137} INFO - [2023-04-23T01:26:44.397+0200] {dag.py:3452} INFO - Setting next_dagrun for example_sla_dag to 2023-04-22T23:24:00+00:00, run_after=2023-04-22T23:26:00+00:00
[2023-04-23T01:26:44.414+0200] {processor.py:175} INFO - Processing /Users/siddalingkattimani/dbt_env/lib/python3.11/site-packages/airflow/example_dags/example_sla_dag.py took 0.997 seconds
[2023-04-23T01:28:51.147+0200] {processor.py:153} INFO - Started process (PID=48082) to work on /Users/siddalingkattimani/dbt_env/lib/python3.11/site-packages/airflow/example_dags/example_sla_dag.py
[2023-04-23T01:28:51.151+0200] {processor.py:743} INFO - Processing file /Users/siddalingkattimani/dbt_env/lib/python3.11/site-packages/airflow/example_dags/example_sla_dag.py for tasks to queue
[2023-04-23T01:28:51.151+0200] {logging_mixin.py:137} INFO - [2023-04-23T01:28:51.151+0200] {dagbag.py:532} INFO - Filling up the DagBag from /Users/siddalingkattimani/dbt_env/lib/python3.11/site-packages/airflow/example_dags/example_sla_dag.py
[2023-04-23T01:28:51.235+0200] {processor.py:753} INFO - DAG(s) dict_keys(['example_sla_dag']) retrieved from /Users/siddalingkattimani/dbt_env/lib/python3.11/site-packages/airflow/example_dags/example_sla_dag.py
[2023-04-23T01:28:51.966+0200] {logging_mixin.py:137} INFO - [2023-04-23T01:28:51.966+0200] {dag.py:2705} INFO - Sync 1 DAGs
[2023-04-23T01:28:51.982+0200] {logging_mixin.py:137} INFO - [2023-04-23T01:28:51.982+0200] {dag.py:3452} INFO - Setting next_dagrun for example_sla_dag to 2023-04-22T23:26:00+00:00, run_after=2023-04-22T23:28:00+00:00
[2023-04-23T01:28:52.000+0200] {processor.py:175} INFO - Processing /Users/siddalingkattimani/dbt_env/lib/python3.11/site-packages/airflow/example_dags/example_sla_dag.py took 0.854 seconds
[2023-04-23T01:30:52.060+0200] {processor.py:153} INFO - Started process (PID=48131) to work on /Users/siddalingkattimani/dbt_env/lib/python3.11/site-packages/airflow/example_dags/example_sla_dag.py
[2023-04-23T01:30:52.063+0200] {processor.py:743} INFO - Processing file /Users/siddalingkattimani/dbt_env/lib/python3.11/site-packages/airflow/example_dags/example_sla_dag.py for tasks to queue
[2023-04-23T01:30:52.063+0200] {logging_mixin.py:137} INFO - [2023-04-23T01:30:52.063+0200] {dagbag.py:532} INFO - Filling up the DagBag from /Users/siddalingkattimani/dbt_env/lib/python3.11/site-packages/airflow/example_dags/example_sla_dag.py
[2023-04-23T01:30:52.134+0200] {processor.py:753} INFO - DAG(s) dict_keys(['example_sla_dag']) retrieved from /Users/siddalingkattimani/dbt_env/lib/python3.11/site-packages/airflow/example_dags/example_sla_dag.py
[2023-04-23T01:30:52.734+0200] {logging_mixin.py:137} INFO - [2023-04-23T01:30:52.734+0200] {dag.py:2705} INFO - Sync 1 DAGs
[2023-04-23T01:30:52.750+0200] {logging_mixin.py:137} INFO - [2023-04-23T01:30:52.750+0200] {dag.py:3452} INFO - Setting next_dagrun for example_sla_dag to 2023-04-22T23:28:00+00:00, run_after=2023-04-22T23:30:00+00:00
[2023-04-23T01:30:52.766+0200] {processor.py:175} INFO - Processing /Users/siddalingkattimani/dbt_env/lib/python3.11/site-packages/airflow/example_dags/example_sla_dag.py took 0.707 seconds
[2023-04-23T01:32:55.143+0200] {processor.py:153} INFO - Started process (PID=48179) to work on /Users/siddalingkattimani/dbt_env/lib/python3.11/site-packages/airflow/example_dags/example_sla_dag.py
[2023-04-23T01:32:55.146+0200] {processor.py:743} INFO - Processing file /Users/siddalingkattimani/dbt_env/lib/python3.11/site-packages/airflow/example_dags/example_sla_dag.py for tasks to queue
[2023-04-23T01:32:55.147+0200] {logging_mixin.py:137} INFO - [2023-04-23T01:32:55.146+0200] {dagbag.py:532} INFO - Filling up the DagBag from /Users/siddalingkattimani/dbt_env/lib/python3.11/site-packages/airflow/example_dags/example_sla_dag.py
[2023-04-23T01:32:55.235+0200] {processor.py:753} INFO - DAG(s) dict_keys(['example_sla_dag']) retrieved from /Users/siddalingkattimani/dbt_env/lib/python3.11/site-packages/airflow/example_dags/example_sla_dag.py
[2023-04-23T01:32:56.244+0200] {logging_mixin.py:137} INFO - [2023-04-23T01:32:56.243+0200] {dag.py:2705} INFO - Sync 1 DAGs
[2023-04-23T01:32:56.286+0200] {logging_mixin.py:137} INFO - [2023-04-23T01:32:56.278+0200] {dag.py:3452} INFO - Setting next_dagrun for example_sla_dag to 2023-04-22T23:30:00+00:00, run_after=2023-04-22T23:32:00+00:00
[2023-04-23T01:32:56.319+0200] {processor.py:175} INFO - Processing /Users/siddalingkattimani/dbt_env/lib/python3.11/site-packages/airflow/example_dags/example_sla_dag.py took 1.178 seconds
[2023-04-23T01:35:01.915+0200] {processor.py:153} INFO - Started process (PID=48227) to work on /Users/siddalingkattimani/dbt_env/lib/python3.11/site-packages/airflow/example_dags/example_sla_dag.py
[2023-04-23T01:35:01.917+0200] {processor.py:743} INFO - Processing file /Users/siddalingkattimani/dbt_env/lib/python3.11/site-packages/airflow/example_dags/example_sla_dag.py for tasks to queue
[2023-04-23T01:35:01.918+0200] {logging_mixin.py:137} INFO - [2023-04-23T01:35:01.918+0200] {dagbag.py:532} INFO - Filling up the DagBag from /Users/siddalingkattimani/dbt_env/lib/python3.11/site-packages/airflow/example_dags/example_sla_dag.py
[2023-04-23T01:35:01.990+0200] {processor.py:753} INFO - DAG(s) dict_keys(['example_sla_dag']) retrieved from /Users/siddalingkattimani/dbt_env/lib/python3.11/site-packages/airflow/example_dags/example_sla_dag.py
[2023-04-23T01:35:02.584+0200] {logging_mixin.py:137} INFO - [2023-04-23T01:35:02.583+0200] {dag.py:2705} INFO - Sync 1 DAGs
[2023-04-23T01:35:02.598+0200] {logging_mixin.py:137} INFO - [2023-04-23T01:35:02.598+0200] {dag.py:3452} INFO - Setting next_dagrun for example_sla_dag to 2023-04-22T23:32:00+00:00, run_after=2023-04-22T23:34:00+00:00
[2023-04-23T01:35:02.616+0200] {processor.py:175} INFO - Processing /Users/siddalingkattimani/dbt_env/lib/python3.11/site-packages/airflow/example_dags/example_sla_dag.py took 0.702 seconds
