[2023-04-23T00:44:36.835+0200] {processor.py:153} INFO - Started process (PID=46780) to work on /Users/siddalingkattimani/dbt_env/lib/python3.11/site-packages/airflow/example_dags/example_sensor_decorator.py
[2023-04-23T00:44:36.837+0200] {processor.py:743} INFO - Processing file /Users/siddalingkattimani/dbt_env/lib/python3.11/site-packages/airflow/example_dags/example_sensor_decorator.py for tasks to queue
[2023-04-23T00:44:36.838+0200] {logging_mixin.py:137} INFO - [2023-04-23T00:44:36.838+0200] {dagbag.py:532} INFO - Filling up the DagBag from /Users/siddalingkattimani/dbt_env/lib/python3.11/site-packages/airflow/example_dags/example_sensor_decorator.py
[2023-04-23T00:44:36.873+0200] {processor.py:753} INFO - DAG(s) dict_keys(['example_sensor_decorator']) retrieved from /Users/siddalingkattimani/dbt_env/lib/python3.11/site-packages/airflow/example_dags/example_sensor_decorator.py
[2023-04-23T00:44:37.610+0200] {logging_mixin.py:137} INFO - [2023-04-23T00:44:37.609+0200] {manager.py:504} INFO - Created Permission View: can edit on DAG:example_sensor_decorator
[2023-04-23T00:44:37.616+0200] {logging_mixin.py:137} INFO - [2023-04-23T00:44:37.616+0200] {manager.py:504} INFO - Created Permission View: can delete on DAG:example_sensor_decorator
[2023-04-23T00:44:37.621+0200] {logging_mixin.py:137} INFO - [2023-04-23T00:44:37.621+0200] {manager.py:504} INFO - Created Permission View: can read on DAG:example_sensor_decorator
[2023-04-23T00:44:37.622+0200] {logging_mixin.py:137} INFO - [2023-04-23T00:44:37.622+0200] {dag.py:2705} INFO - Sync 1 DAGs
[2023-04-23T00:44:37.629+0200] {logging_mixin.py:137} INFO - [2023-04-23T00:44:37.629+0200] {dag.py:2726} INFO - Creating ORM DAG for example_sensor_decorator
[2023-04-23T00:44:37.636+0200] {logging_mixin.py:137} INFO - [2023-04-23T00:44:37.635+0200] {dag.py:3452} INFO - Setting next_dagrun for example_sensor_decorator to None, run_after=None
[2023-04-23T00:44:37.651+0200] {processor.py:175} INFO - Processing /Users/siddalingkattimani/dbt_env/lib/python3.11/site-packages/airflow/example_dags/example_sensor_decorator.py took 0.817 seconds
[2023-04-23T00:46:34.559+0200] {processor.py:153} INFO - Started process (PID=46825) to work on /Users/siddalingkattimani/dbt_env/lib/python3.11/site-packages/airflow/example_dags/example_sensor_decorator.py
[2023-04-23T00:46:34.562+0200] {processor.py:743} INFO - Processing file /Users/siddalingkattimani/dbt_env/lib/python3.11/site-packages/airflow/example_dags/example_sensor_decorator.py for tasks to queue
[2023-04-23T00:46:34.563+0200] {logging_mixin.py:137} INFO - [2023-04-23T00:46:34.563+0200] {dagbag.py:532} INFO - Filling up the DagBag from /Users/siddalingkattimani/dbt_env/lib/python3.11/site-packages/airflow/example_dags/example_sensor_decorator.py
[2023-04-23T00:46:34.598+0200] {processor.py:753} INFO - DAG(s) dict_keys(['example_sensor_decorator']) retrieved from /Users/siddalingkattimani/dbt_env/lib/python3.11/site-packages/airflow/example_dags/example_sensor_decorator.py
[2023-04-23T00:46:35.288+0200] {logging_mixin.py:137} INFO - [2023-04-23T00:46:35.288+0200] {dag.py:2705} INFO - Sync 1 DAGs
[2023-04-23T00:46:35.302+0200] {logging_mixin.py:137} INFO - [2023-04-23T00:46:35.302+0200] {dag.py:3452} INFO - Setting next_dagrun for example_sensor_decorator to None, run_after=None
[2023-04-23T00:46:35.320+0200] {processor.py:175} INFO - Processing /Users/siddalingkattimani/dbt_env/lib/python3.11/site-packages/airflow/example_dags/example_sensor_decorator.py took 0.761 seconds
[2023-04-23T00:48:38.348+0200] {processor.py:153} INFO - Started process (PID=46871) to work on /Users/siddalingkattimani/dbt_env/lib/python3.11/site-packages/airflow/example_dags/example_sensor_decorator.py
[2023-04-23T00:48:38.351+0200] {processor.py:743} INFO - Processing file /Users/siddalingkattimani/dbt_env/lib/python3.11/site-packages/airflow/example_dags/example_sensor_decorator.py for tasks to queue
[2023-04-23T00:48:38.351+0200] {logging_mixin.py:137} INFO - [2023-04-23T00:48:38.351+0200] {dagbag.py:532} INFO - Filling up the DagBag from /Users/siddalingkattimani/dbt_env/lib/python3.11/site-packages/airflow/example_dags/example_sensor_decorator.py
[2023-04-23T00:48:38.392+0200] {processor.py:753} INFO - DAG(s) dict_keys(['example_sensor_decorator']) retrieved from /Users/siddalingkattimani/dbt_env/lib/python3.11/site-packages/airflow/example_dags/example_sensor_decorator.py
[2023-04-23T00:48:39.109+0200] {logging_mixin.py:137} INFO - [2023-04-23T00:48:39.109+0200] {dag.py:2705} INFO - Sync 1 DAGs
[2023-04-23T00:48:39.124+0200] {logging_mixin.py:137} INFO - [2023-04-23T00:48:39.123+0200] {dag.py:3452} INFO - Setting next_dagrun for example_sensor_decorator to None, run_after=None
[2023-04-23T00:48:39.142+0200] {processor.py:175} INFO - Processing /Users/siddalingkattimani/dbt_env/lib/python3.11/site-packages/airflow/example_dags/example_sensor_decorator.py took 0.795 seconds
[2023-04-23T00:50:38.484+0200] {processor.py:153} INFO - Started process (PID=46917) to work on /Users/siddalingkattimani/dbt_env/lib/python3.11/site-packages/airflow/example_dags/example_sensor_decorator.py
[2023-04-23T00:50:38.487+0200] {processor.py:743} INFO - Processing file /Users/siddalingkattimani/dbt_env/lib/python3.11/site-packages/airflow/example_dags/example_sensor_decorator.py for tasks to queue
[2023-04-23T00:50:38.487+0200] {logging_mixin.py:137} INFO - [2023-04-23T00:50:38.487+0200] {dagbag.py:532} INFO - Filling up the DagBag from /Users/siddalingkattimani/dbt_env/lib/python3.11/site-packages/airflow/example_dags/example_sensor_decorator.py
[2023-04-23T00:50:38.526+0200] {processor.py:753} INFO - DAG(s) dict_keys(['example_sensor_decorator']) retrieved from /Users/siddalingkattimani/dbt_env/lib/python3.11/site-packages/airflow/example_dags/example_sensor_decorator.py
[2023-04-23T00:50:39.225+0200] {logging_mixin.py:137} INFO - [2023-04-23T00:50:39.224+0200] {dag.py:2705} INFO - Sync 1 DAGs
[2023-04-23T00:50:39.238+0200] {logging_mixin.py:137} INFO - [2023-04-23T00:50:39.238+0200] {dag.py:3452} INFO - Setting next_dagrun for example_sensor_decorator to None, run_after=None
[2023-04-23T00:50:39.256+0200] {processor.py:175} INFO - Processing /Users/siddalingkattimani/dbt_env/lib/python3.11/site-packages/airflow/example_dags/example_sensor_decorator.py took 0.772 seconds
[2023-04-23T00:52:51.093+0200] {processor.py:153} INFO - Started process (PID=46979) to work on /Users/siddalingkattimani/dbt_env/lib/python3.11/site-packages/airflow/example_dags/example_sensor_decorator.py
[2023-04-23T00:52:51.098+0200] {processor.py:743} INFO - Processing file /Users/siddalingkattimani/dbt_env/lib/python3.11/site-packages/airflow/example_dags/example_sensor_decorator.py for tasks to queue
[2023-04-23T00:52:51.100+0200] {logging_mixin.py:137} INFO - [2023-04-23T00:52:51.099+0200] {dagbag.py:532} INFO - Filling up the DagBag from /Users/siddalingkattimani/dbt_env/lib/python3.11/site-packages/airflow/example_dags/example_sensor_decorator.py
[2023-04-23T00:52:51.177+0200] {processor.py:753} INFO - DAG(s) dict_keys(['example_sensor_decorator']) retrieved from /Users/siddalingkattimani/dbt_env/lib/python3.11/site-packages/airflow/example_dags/example_sensor_decorator.py
[2023-04-23T00:52:51.972+0200] {logging_mixin.py:137} INFO - [2023-04-23T00:52:51.972+0200] {dag.py:2705} INFO - Sync 1 DAGs
[2023-04-23T00:52:51.987+0200] {logging_mixin.py:137} INFO - [2023-04-23T00:52:51.987+0200] {dag.py:3452} INFO - Setting next_dagrun for example_sensor_decorator to None, run_after=None
[2023-04-23T00:52:52.005+0200] {processor.py:175} INFO - Processing /Users/siddalingkattimani/dbt_env/lib/python3.11/site-packages/airflow/example_dags/example_sensor_decorator.py took 0.913 seconds
[2023-04-23T00:54:48.197+0200] {processor.py:153} INFO - Started process (PID=47045) to work on /Users/siddalingkattimani/dbt_env/lib/python3.11/site-packages/airflow/example_dags/example_sensor_decorator.py
[2023-04-23T00:54:48.200+0200] {processor.py:743} INFO - Processing file /Users/siddalingkattimani/dbt_env/lib/python3.11/site-packages/airflow/example_dags/example_sensor_decorator.py for tasks to queue
[2023-04-23T00:54:48.200+0200] {logging_mixin.py:137} INFO - [2023-04-23T00:54:48.200+0200] {dagbag.py:532} INFO - Filling up the DagBag from /Users/siddalingkattimani/dbt_env/lib/python3.11/site-packages/airflow/example_dags/example_sensor_decorator.py
[2023-04-23T00:54:48.246+0200] {processor.py:753} INFO - DAG(s) dict_keys(['example_sensor_decorator']) retrieved from /Users/siddalingkattimani/dbt_env/lib/python3.11/site-packages/airflow/example_dags/example_sensor_decorator.py
[2023-04-23T00:54:49.023+0200] {logging_mixin.py:137} INFO - [2023-04-23T00:54:49.022+0200] {dag.py:2705} INFO - Sync 1 DAGs
[2023-04-23T00:54:49.037+0200] {logging_mixin.py:137} INFO - [2023-04-23T00:54:49.036+0200] {dag.py:3452} INFO - Setting next_dagrun for example_sensor_decorator to None, run_after=None
[2023-04-23T00:54:49.055+0200] {processor.py:175} INFO - Processing /Users/siddalingkattimani/dbt_env/lib/python3.11/site-packages/airflow/example_dags/example_sensor_decorator.py took 0.859 seconds
[2023-04-23T00:56:54.389+0200] {processor.py:153} INFO - Started process (PID=47095) to work on /Users/siddalingkattimani/dbt_env/lib/python3.11/site-packages/airflow/example_dags/example_sensor_decorator.py
[2023-04-23T00:56:54.393+0200] {processor.py:743} INFO - Processing file /Users/siddalingkattimani/dbt_env/lib/python3.11/site-packages/airflow/example_dags/example_sensor_decorator.py for tasks to queue
[2023-04-23T00:56:54.394+0200] {logging_mixin.py:137} INFO - [2023-04-23T00:56:54.393+0200] {dagbag.py:532} INFO - Filling up the DagBag from /Users/siddalingkattimani/dbt_env/lib/python3.11/site-packages/airflow/example_dags/example_sensor_decorator.py
[2023-04-23T00:56:54.460+0200] {processor.py:753} INFO - DAG(s) dict_keys(['example_sensor_decorator']) retrieved from /Users/siddalingkattimani/dbt_env/lib/python3.11/site-packages/airflow/example_dags/example_sensor_decorator.py
[2023-04-23T00:56:55.707+0200] {logging_mixin.py:137} INFO - [2023-04-23T00:56:55.707+0200] {dag.py:2705} INFO - Sync 1 DAGs
[2023-04-23T00:56:55.726+0200] {logging_mixin.py:137} INFO - [2023-04-23T00:56:55.726+0200] {dag.py:3452} INFO - Setting next_dagrun for example_sensor_decorator to None, run_after=None
[2023-04-23T00:56:55.747+0200] {processor.py:175} INFO - Processing /Users/siddalingkattimani/dbt_env/lib/python3.11/site-packages/airflow/example_dags/example_sensor_decorator.py took 1.359 seconds
[2023-04-23T00:59:04.394+0200] {processor.py:153} INFO - Started process (PID=47146) to work on /Users/siddalingkattimani/dbt_env/lib/python3.11/site-packages/airflow/example_dags/example_sensor_decorator.py
[2023-04-23T00:59:04.399+0200] {processor.py:743} INFO - Processing file /Users/siddalingkattimani/dbt_env/lib/python3.11/site-packages/airflow/example_dags/example_sensor_decorator.py for tasks to queue
[2023-04-23T00:59:04.399+0200] {logging_mixin.py:137} INFO - [2023-04-23T00:59:04.399+0200] {dagbag.py:532} INFO - Filling up the DagBag from /Users/siddalingkattimani/dbt_env/lib/python3.11/site-packages/airflow/example_dags/example_sensor_decorator.py
[2023-04-23T00:59:04.445+0200] {processor.py:753} INFO - DAG(s) dict_keys(['example_sensor_decorator']) retrieved from /Users/siddalingkattimani/dbt_env/lib/python3.11/site-packages/airflow/example_dags/example_sensor_decorator.py
[2023-04-23T00:59:05.310+0200] {logging_mixin.py:137} INFO - [2023-04-23T00:59:05.309+0200] {dag.py:2705} INFO - Sync 1 DAGs
[2023-04-23T00:59:05.325+0200] {logging_mixin.py:137} INFO - [2023-04-23T00:59:05.325+0200] {dag.py:3452} INFO - Setting next_dagrun for example_sensor_decorator to None, run_after=None
[2023-04-23T00:59:05.345+0200] {processor.py:175} INFO - Processing /Users/siddalingkattimani/dbt_env/lib/python3.11/site-packages/airflow/example_dags/example_sensor_decorator.py took 0.951 seconds
[2023-04-23T01:01:13.363+0200] {processor.py:153} INFO - Started process (PID=47194) to work on /Users/siddalingkattimani/dbt_env/lib/python3.11/site-packages/airflow/example_dags/example_sensor_decorator.py
[2023-04-23T01:01:13.369+0200] {processor.py:743} INFO - Processing file /Users/siddalingkattimani/dbt_env/lib/python3.11/site-packages/airflow/example_dags/example_sensor_decorator.py for tasks to queue
[2023-04-23T01:01:13.369+0200] {logging_mixin.py:137} INFO - [2023-04-23T01:01:13.369+0200] {dagbag.py:532} INFO - Filling up the DagBag from /Users/siddalingkattimani/dbt_env/lib/python3.11/site-packages/airflow/example_dags/example_sensor_decorator.py
[2023-04-23T01:01:13.423+0200] {processor.py:753} INFO - DAG(s) dict_keys(['example_sensor_decorator']) retrieved from /Users/siddalingkattimani/dbt_env/lib/python3.11/site-packages/airflow/example_dags/example_sensor_decorator.py
[2023-04-23T01:01:14.593+0200] {logging_mixin.py:137} INFO - [2023-04-23T01:01:14.592+0200] {dag.py:2705} INFO - Sync 1 DAGs
[2023-04-23T01:01:14.613+0200] {logging_mixin.py:137} INFO - [2023-04-23T01:01:14.613+0200] {dag.py:3452} INFO - Setting next_dagrun for example_sensor_decorator to None, run_after=None
[2023-04-23T01:01:14.656+0200] {processor.py:175} INFO - Processing /Users/siddalingkattimani/dbt_env/lib/python3.11/site-packages/airflow/example_dags/example_sensor_decorator.py took 1.294 seconds
[2023-04-23T01:03:25.504+0200] {processor.py:153} INFO - Started process (PID=47240) to work on /Users/siddalingkattimani/dbt_env/lib/python3.11/site-packages/airflow/example_dags/example_sensor_decorator.py
[2023-04-23T01:03:25.507+0200] {processor.py:743} INFO - Processing file /Users/siddalingkattimani/dbt_env/lib/python3.11/site-packages/airflow/example_dags/example_sensor_decorator.py for tasks to queue
[2023-04-23T01:03:25.508+0200] {logging_mixin.py:137} INFO - [2023-04-23T01:03:25.507+0200] {dagbag.py:532} INFO - Filling up the DagBag from /Users/siddalingkattimani/dbt_env/lib/python3.11/site-packages/airflow/example_dags/example_sensor_decorator.py
[2023-04-23T01:03:25.547+0200] {processor.py:753} INFO - DAG(s) dict_keys(['example_sensor_decorator']) retrieved from /Users/siddalingkattimani/dbt_env/lib/python3.11/site-packages/airflow/example_dags/example_sensor_decorator.py
[2023-04-23T01:03:26.219+0200] {logging_mixin.py:137} INFO - [2023-04-23T01:03:26.219+0200] {dag.py:2705} INFO - Sync 1 DAGs
[2023-04-23T01:03:26.232+0200] {logging_mixin.py:137} INFO - [2023-04-23T01:03:26.232+0200] {dag.py:3452} INFO - Setting next_dagrun for example_sensor_decorator to None, run_after=None
[2023-04-23T01:03:26.248+0200] {processor.py:175} INFO - Processing /Users/siddalingkattimani/dbt_env/lib/python3.11/site-packages/airflow/example_dags/example_sensor_decorator.py took 0.744 seconds
[2023-04-23T01:05:34.856+0200] {processor.py:153} INFO - Started process (PID=47340) to work on /Users/siddalingkattimani/dbt_env/lib/python3.11/site-packages/airflow/example_dags/example_sensor_decorator.py
[2023-04-23T01:05:34.863+0200] {processor.py:743} INFO - Processing file /Users/siddalingkattimani/dbt_env/lib/python3.11/site-packages/airflow/example_dags/example_sensor_decorator.py for tasks to queue
[2023-04-23T01:05:34.865+0200] {logging_mixin.py:137} INFO - [2023-04-23T01:05:34.865+0200] {dagbag.py:532} INFO - Filling up the DagBag from /Users/siddalingkattimani/dbt_env/lib/python3.11/site-packages/airflow/example_dags/example_sensor_decorator.py
[2023-04-23T01:05:34.961+0200] {processor.py:753} INFO - DAG(s) dict_keys(['example_sensor_decorator']) retrieved from /Users/siddalingkattimani/dbt_env/lib/python3.11/site-packages/airflow/example_dags/example_sensor_decorator.py
[2023-04-23T01:05:37.862+0200] {logging_mixin.py:137} INFO - [2023-04-23T01:05:37.862+0200] {dag.py:2705} INFO - Sync 1 DAGs
[2023-04-23T01:05:37.882+0200] {logging_mixin.py:137} INFO - [2023-04-23T01:05:37.881+0200] {dag.py:3452} INFO - Setting next_dagrun for example_sensor_decorator to None, run_after=None
[2023-04-23T01:05:37.903+0200] {processor.py:175} INFO - Processing /Users/siddalingkattimani/dbt_env/lib/python3.11/site-packages/airflow/example_dags/example_sensor_decorator.py took 3.050 seconds
[2023-04-23T01:07:57.704+0200] {processor.py:153} INFO - Started process (PID=47467) to work on /Users/siddalingkattimani/dbt_env/lib/python3.11/site-packages/airflow/example_dags/example_sensor_decorator.py
[2023-04-23T01:07:57.710+0200] {processor.py:743} INFO - Processing file /Users/siddalingkattimani/dbt_env/lib/python3.11/site-packages/airflow/example_dags/example_sensor_decorator.py for tasks to queue
[2023-04-23T01:07:57.711+0200] {logging_mixin.py:137} INFO - [2023-04-23T01:07:57.710+0200] {dagbag.py:532} INFO - Filling up the DagBag from /Users/siddalingkattimani/dbt_env/lib/python3.11/site-packages/airflow/example_dags/example_sensor_decorator.py
[2023-04-23T01:07:57.835+0200] {processor.py:753} INFO - DAG(s) dict_keys(['example_sensor_decorator']) retrieved from /Users/siddalingkattimani/dbt_env/lib/python3.11/site-packages/airflow/example_dags/example_sensor_decorator.py
[2023-04-23T01:07:59.312+0200] {logging_mixin.py:137} INFO - [2023-04-23T01:07:59.312+0200] {dag.py:2705} INFO - Sync 1 DAGs
[2023-04-23T01:07:59.330+0200] {logging_mixin.py:137} INFO - [2023-04-23T01:07:59.329+0200] {dag.py:3452} INFO - Setting next_dagrun for example_sensor_decorator to None, run_after=None
[2023-04-23T01:07:59.357+0200] {processor.py:175} INFO - Processing /Users/siddalingkattimani/dbt_env/lib/python3.11/site-packages/airflow/example_dags/example_sensor_decorator.py took 1.656 seconds
[2023-04-23T01:10:32.638+0200] {processor.py:153} INFO - Started process (PID=47646) to work on /Users/siddalingkattimani/dbt_env/lib/python3.11/site-packages/airflow/example_dags/example_sensor_decorator.py
[2023-04-23T01:10:32.644+0200] {processor.py:743} INFO - Processing file /Users/siddalingkattimani/dbt_env/lib/python3.11/site-packages/airflow/example_dags/example_sensor_decorator.py for tasks to queue
[2023-04-23T01:10:32.645+0200] {logging_mixin.py:137} INFO - [2023-04-23T01:10:32.645+0200] {dagbag.py:532} INFO - Filling up the DagBag from /Users/siddalingkattimani/dbt_env/lib/python3.11/site-packages/airflow/example_dags/example_sensor_decorator.py
[2023-04-23T01:10:32.751+0200] {processor.py:753} INFO - DAG(s) dict_keys(['example_sensor_decorator']) retrieved from /Users/siddalingkattimani/dbt_env/lib/python3.11/site-packages/airflow/example_dags/example_sensor_decorator.py
[2023-04-23T01:10:33.711+0200] {logging_mixin.py:137} INFO - [2023-04-23T01:10:33.711+0200] {dag.py:2705} INFO - Sync 1 DAGs
[2023-04-23T01:10:33.776+0200] {logging_mixin.py:137} INFO - [2023-04-23T01:10:33.776+0200] {dag.py:3452} INFO - Setting next_dagrun for example_sensor_decorator to None, run_after=None
[2023-04-23T01:10:33.900+0200] {processor.py:175} INFO - Processing /Users/siddalingkattimani/dbt_env/lib/python3.11/site-packages/airflow/example_dags/example_sensor_decorator.py took 1.264 seconds
[2023-04-23T01:12:41.476+0200] {processor.py:153} INFO - Started process (PID=47692) to work on /Users/siddalingkattimani/dbt_env/lib/python3.11/site-packages/airflow/example_dags/example_sensor_decorator.py
[2023-04-23T01:12:41.480+0200] {processor.py:743} INFO - Processing file /Users/siddalingkattimani/dbt_env/lib/python3.11/site-packages/airflow/example_dags/example_sensor_decorator.py for tasks to queue
[2023-04-23T01:12:41.481+0200] {logging_mixin.py:137} INFO - [2023-04-23T01:12:41.481+0200] {dagbag.py:532} INFO - Filling up the DagBag from /Users/siddalingkattimani/dbt_env/lib/python3.11/site-packages/airflow/example_dags/example_sensor_decorator.py
[2023-04-23T01:12:41.550+0200] {processor.py:753} INFO - DAG(s) dict_keys(['example_sensor_decorator']) retrieved from /Users/siddalingkattimani/dbt_env/lib/python3.11/site-packages/airflow/example_dags/example_sensor_decorator.py
[2023-04-23T01:12:42.214+0200] {logging_mixin.py:137} INFO - [2023-04-23T01:12:42.214+0200] {dag.py:2705} INFO - Sync 1 DAGs
[2023-04-23T01:12:42.226+0200] {logging_mixin.py:137} INFO - [2023-04-23T01:12:42.226+0200] {dag.py:3452} INFO - Setting next_dagrun for example_sensor_decorator to None, run_after=None
[2023-04-23T01:12:42.255+0200] {processor.py:175} INFO - Processing /Users/siddalingkattimani/dbt_env/lib/python3.11/site-packages/airflow/example_dags/example_sensor_decorator.py took 0.780 seconds
[2023-04-23T01:14:43.023+0200] {processor.py:153} INFO - Started process (PID=47741) to work on /Users/siddalingkattimani/dbt_env/lib/python3.11/site-packages/airflow/example_dags/example_sensor_decorator.py
[2023-04-23T01:14:43.027+0200] {processor.py:743} INFO - Processing file /Users/siddalingkattimani/dbt_env/lib/python3.11/site-packages/airflow/example_dags/example_sensor_decorator.py for tasks to queue
[2023-04-23T01:14:43.027+0200] {logging_mixin.py:137} INFO - [2023-04-23T01:14:43.027+0200] {dagbag.py:532} INFO - Filling up the DagBag from /Users/siddalingkattimani/dbt_env/lib/python3.11/site-packages/airflow/example_dags/example_sensor_decorator.py
[2023-04-23T01:14:43.101+0200] {processor.py:753} INFO - DAG(s) dict_keys(['example_sensor_decorator']) retrieved from /Users/siddalingkattimani/dbt_env/lib/python3.11/site-packages/airflow/example_dags/example_sensor_decorator.py
[2023-04-23T01:14:43.776+0200] {logging_mixin.py:137} INFO - [2023-04-23T01:14:43.776+0200] {dag.py:2705} INFO - Sync 1 DAGs
[2023-04-23T01:14:43.789+0200] {logging_mixin.py:137} INFO - [2023-04-23T01:14:43.788+0200] {dag.py:3452} INFO - Setting next_dagrun for example_sensor_decorator to None, run_after=None
[2023-04-23T01:14:43.805+0200] {processor.py:175} INFO - Processing /Users/siddalingkattimani/dbt_env/lib/python3.11/site-packages/airflow/example_dags/example_sensor_decorator.py took 0.784 seconds
[2023-04-23T01:16:48.687+0200] {processor.py:153} INFO - Started process (PID=47786) to work on /Users/siddalingkattimani/dbt_env/lib/python3.11/site-packages/airflow/example_dags/example_sensor_decorator.py
[2023-04-23T01:16:48.691+0200] {processor.py:743} INFO - Processing file /Users/siddalingkattimani/dbt_env/lib/python3.11/site-packages/airflow/example_dags/example_sensor_decorator.py for tasks to queue
[2023-04-23T01:16:48.692+0200] {logging_mixin.py:137} INFO - [2023-04-23T01:16:48.692+0200] {dagbag.py:532} INFO - Filling up the DagBag from /Users/siddalingkattimani/dbt_env/lib/python3.11/site-packages/airflow/example_dags/example_sensor_decorator.py
[2023-04-23T01:16:48.777+0200] {processor.py:753} INFO - DAG(s) dict_keys(['example_sensor_decorator']) retrieved from /Users/siddalingkattimani/dbt_env/lib/python3.11/site-packages/airflow/example_dags/example_sensor_decorator.py
[2023-04-23T01:16:49.444+0200] {logging_mixin.py:137} INFO - [2023-04-23T01:16:49.444+0200] {dag.py:2705} INFO - Sync 1 DAGs
[2023-04-23T01:16:49.457+0200] {logging_mixin.py:137} INFO - [2023-04-23T01:16:49.457+0200] {dag.py:3452} INFO - Setting next_dagrun for example_sensor_decorator to None, run_after=None
[2023-04-23T01:16:49.475+0200] {processor.py:175} INFO - Processing /Users/siddalingkattimani/dbt_env/lib/python3.11/site-packages/airflow/example_dags/example_sensor_decorator.py took 0.789 seconds
[2023-04-23T01:18:51.361+0200] {processor.py:153} INFO - Started process (PID=47832) to work on /Users/siddalingkattimani/dbt_env/lib/python3.11/site-packages/airflow/example_dags/example_sensor_decorator.py
[2023-04-23T01:18:51.364+0200] {processor.py:743} INFO - Processing file /Users/siddalingkattimani/dbt_env/lib/python3.11/site-packages/airflow/example_dags/example_sensor_decorator.py for tasks to queue
[2023-04-23T01:18:51.364+0200] {logging_mixin.py:137} INFO - [2023-04-23T01:18:51.364+0200] {dagbag.py:532} INFO - Filling up the DagBag from /Users/siddalingkattimani/dbt_env/lib/python3.11/site-packages/airflow/example_dags/example_sensor_decorator.py
[2023-04-23T01:18:51.441+0200] {processor.py:753} INFO - DAG(s) dict_keys(['example_sensor_decorator']) retrieved from /Users/siddalingkattimani/dbt_env/lib/python3.11/site-packages/airflow/example_dags/example_sensor_decorator.py
[2023-04-23T01:18:52.174+0200] {logging_mixin.py:137} INFO - [2023-04-23T01:18:52.173+0200] {dag.py:2705} INFO - Sync 1 DAGs
[2023-04-23T01:18:52.187+0200] {logging_mixin.py:137} INFO - [2023-04-23T01:18:52.187+0200] {dag.py:3452} INFO - Setting next_dagrun for example_sensor_decorator to None, run_after=None
[2023-04-23T01:18:52.207+0200] {processor.py:175} INFO - Processing /Users/siddalingkattimani/dbt_env/lib/python3.11/site-packages/airflow/example_dags/example_sensor_decorator.py took 0.846 seconds
[2023-04-23T01:20:56.716+0200] {processor.py:153} INFO - Started process (PID=47877) to work on /Users/siddalingkattimani/dbt_env/lib/python3.11/site-packages/airflow/example_dags/example_sensor_decorator.py
[2023-04-23T01:20:56.719+0200] {processor.py:743} INFO - Processing file /Users/siddalingkattimani/dbt_env/lib/python3.11/site-packages/airflow/example_dags/example_sensor_decorator.py for tasks to queue
[2023-04-23T01:20:56.720+0200] {logging_mixin.py:137} INFO - [2023-04-23T01:20:56.720+0200] {dagbag.py:532} INFO - Filling up the DagBag from /Users/siddalingkattimani/dbt_env/lib/python3.11/site-packages/airflow/example_dags/example_sensor_decorator.py
[2023-04-23T01:20:56.805+0200] {processor.py:753} INFO - DAG(s) dict_keys(['example_sensor_decorator']) retrieved from /Users/siddalingkattimani/dbt_env/lib/python3.11/site-packages/airflow/example_dags/example_sensor_decorator.py
[2023-04-23T01:20:57.472+0200] {logging_mixin.py:137} INFO - [2023-04-23T01:20:57.472+0200] {dag.py:2705} INFO - Sync 1 DAGs
[2023-04-23T01:20:57.489+0200] {logging_mixin.py:137} INFO - [2023-04-23T01:20:57.489+0200] {dag.py:3452} INFO - Setting next_dagrun for example_sensor_decorator to None, run_after=None
[2023-04-23T01:20:57.511+0200] {processor.py:175} INFO - Processing /Users/siddalingkattimani/dbt_env/lib/python3.11/site-packages/airflow/example_dags/example_sensor_decorator.py took 0.796 seconds
[2023-04-23T01:22:58.135+0200] {processor.py:153} INFO - Started process (PID=47924) to work on /Users/siddalingkattimani/dbt_env/lib/python3.11/site-packages/airflow/example_dags/example_sensor_decorator.py
[2023-04-23T01:22:58.140+0200] {processor.py:743} INFO - Processing file /Users/siddalingkattimani/dbt_env/lib/python3.11/site-packages/airflow/example_dags/example_sensor_decorator.py for tasks to queue
[2023-04-23T01:22:58.140+0200] {logging_mixin.py:137} INFO - [2023-04-23T01:22:58.140+0200] {dagbag.py:532} INFO - Filling up the DagBag from /Users/siddalingkattimani/dbt_env/lib/python3.11/site-packages/airflow/example_dags/example_sensor_decorator.py
[2023-04-23T01:22:58.211+0200] {processor.py:753} INFO - DAG(s) dict_keys(['example_sensor_decorator']) retrieved from /Users/siddalingkattimani/dbt_env/lib/python3.11/site-packages/airflow/example_dags/example_sensor_decorator.py
[2023-04-23T01:22:58.845+0200] {logging_mixin.py:137} INFO - [2023-04-23T01:22:58.845+0200] {dag.py:2705} INFO - Sync 1 DAGs
[2023-04-23T01:22:58.859+0200] {logging_mixin.py:137} INFO - [2023-04-23T01:22:58.858+0200] {dag.py:3452} INFO - Setting next_dagrun for example_sensor_decorator to None, run_after=None
[2023-04-23T01:22:58.876+0200] {processor.py:175} INFO - Processing /Users/siddalingkattimani/dbt_env/lib/python3.11/site-packages/airflow/example_dags/example_sensor_decorator.py took 0.741 seconds
[2023-04-23T01:24:56.471+0200] {processor.py:153} INFO - Started process (PID=47976) to work on /Users/siddalingkattimani/dbt_env/lib/python3.11/site-packages/airflow/example_dags/example_sensor_decorator.py
[2023-04-23T01:24:56.474+0200] {processor.py:743} INFO - Processing file /Users/siddalingkattimani/dbt_env/lib/python3.11/site-packages/airflow/example_dags/example_sensor_decorator.py for tasks to queue
[2023-04-23T01:24:56.475+0200] {logging_mixin.py:137} INFO - [2023-04-23T01:24:56.475+0200] {dagbag.py:532} INFO - Filling up the DagBag from /Users/siddalingkattimani/dbt_env/lib/python3.11/site-packages/airflow/example_dags/example_sensor_decorator.py
[2023-04-23T01:24:56.558+0200] {processor.py:753} INFO - DAG(s) dict_keys(['example_sensor_decorator']) retrieved from /Users/siddalingkattimani/dbt_env/lib/python3.11/site-packages/airflow/example_dags/example_sensor_decorator.py
[2023-04-23T01:24:57.396+0200] {logging_mixin.py:137} INFO - [2023-04-23T01:24:57.395+0200] {dag.py:2705} INFO - Sync 1 DAGs
[2023-04-23T01:24:57.411+0200] {logging_mixin.py:137} INFO - [2023-04-23T01:24:57.411+0200] {dag.py:3452} INFO - Setting next_dagrun for example_sensor_decorator to None, run_after=None
[2023-04-23T01:24:57.431+0200] {processor.py:175} INFO - Processing /Users/siddalingkattimani/dbt_env/lib/python3.11/site-packages/airflow/example_dags/example_sensor_decorator.py took 0.961 seconds
[2023-04-23T01:26:57.985+0200] {processor.py:153} INFO - Started process (PID=48041) to work on /Users/siddalingkattimani/dbt_env/lib/python3.11/site-packages/airflow/example_dags/example_sensor_decorator.py
[2023-04-23T01:26:57.990+0200] {processor.py:743} INFO - Processing file /Users/siddalingkattimani/dbt_env/lib/python3.11/site-packages/airflow/example_dags/example_sensor_decorator.py for tasks to queue
[2023-04-23T01:26:57.990+0200] {logging_mixin.py:137} INFO - [2023-04-23T01:26:57.990+0200] {dagbag.py:532} INFO - Filling up the DagBag from /Users/siddalingkattimani/dbt_env/lib/python3.11/site-packages/airflow/example_dags/example_sensor_decorator.py
[2023-04-23T01:26:58.081+0200] {processor.py:753} INFO - DAG(s) dict_keys(['example_sensor_decorator']) retrieved from /Users/siddalingkattimani/dbt_env/lib/python3.11/site-packages/airflow/example_dags/example_sensor_decorator.py
[2023-04-23T01:26:58.894+0200] {logging_mixin.py:137} INFO - [2023-04-23T01:26:58.893+0200] {dag.py:2705} INFO - Sync 1 DAGs
[2023-04-23T01:26:58.908+0200] {logging_mixin.py:137} INFO - [2023-04-23T01:26:58.908+0200] {dag.py:3452} INFO - Setting next_dagrun for example_sensor_decorator to None, run_after=None
[2023-04-23T01:26:58.929+0200] {processor.py:175} INFO - Processing /Users/siddalingkattimani/dbt_env/lib/python3.11/site-packages/airflow/example_dags/example_sensor_decorator.py took 0.945 seconds
[2023-04-23T01:29:06.065+0200] {processor.py:153} INFO - Started process (PID=48089) to work on /Users/siddalingkattimani/dbt_env/lib/python3.11/site-packages/airflow/example_dags/example_sensor_decorator.py
[2023-04-23T01:29:06.070+0200] {processor.py:743} INFO - Processing file /Users/siddalingkattimani/dbt_env/lib/python3.11/site-packages/airflow/example_dags/example_sensor_decorator.py for tasks to queue
[2023-04-23T01:29:06.070+0200] {logging_mixin.py:137} INFO - [2023-04-23T01:29:06.070+0200] {dagbag.py:532} INFO - Filling up the DagBag from /Users/siddalingkattimani/dbt_env/lib/python3.11/site-packages/airflow/example_dags/example_sensor_decorator.py
[2023-04-23T01:29:06.160+0200] {processor.py:753} INFO - DAG(s) dict_keys(['example_sensor_decorator']) retrieved from /Users/siddalingkattimani/dbt_env/lib/python3.11/site-packages/airflow/example_dags/example_sensor_decorator.py
[2023-04-23T01:29:06.990+0200] {logging_mixin.py:137} INFO - [2023-04-23T01:29:06.990+0200] {dag.py:2705} INFO - Sync 1 DAGs
[2023-04-23T01:29:07.008+0200] {logging_mixin.py:137} INFO - [2023-04-23T01:29:07.008+0200] {dag.py:3452} INFO - Setting next_dagrun for example_sensor_decorator to None, run_after=None
[2023-04-23T01:29:07.034+0200] {processor.py:175} INFO - Processing /Users/siddalingkattimani/dbt_env/lib/python3.11/site-packages/airflow/example_dags/example_sensor_decorator.py took 0.969 seconds
[2023-04-23T01:31:06.171+0200] {processor.py:153} INFO - Started process (PID=48136) to work on /Users/siddalingkattimani/dbt_env/lib/python3.11/site-packages/airflow/example_dags/example_sensor_decorator.py
[2023-04-23T01:31:06.176+0200] {processor.py:743} INFO - Processing file /Users/siddalingkattimani/dbt_env/lib/python3.11/site-packages/airflow/example_dags/example_sensor_decorator.py for tasks to queue
[2023-04-23T01:31:06.177+0200] {logging_mixin.py:137} INFO - [2023-04-23T01:31:06.177+0200] {dagbag.py:532} INFO - Filling up the DagBag from /Users/siddalingkattimani/dbt_env/lib/python3.11/site-packages/airflow/example_dags/example_sensor_decorator.py
[2023-04-23T01:31:06.286+0200] {processor.py:753} INFO - DAG(s) dict_keys(['example_sensor_decorator']) retrieved from /Users/siddalingkattimani/dbt_env/lib/python3.11/site-packages/airflow/example_dags/example_sensor_decorator.py
[2023-04-23T01:31:07.066+0200] {logging_mixin.py:137} INFO - [2023-04-23T01:31:07.065+0200] {dag.py:2705} INFO - Sync 1 DAGs
[2023-04-23T01:31:07.079+0200] {logging_mixin.py:137} INFO - [2023-04-23T01:31:07.079+0200] {dag.py:3452} INFO - Setting next_dagrun for example_sensor_decorator to None, run_after=None
[2023-04-23T01:31:07.095+0200] {processor.py:175} INFO - Processing /Users/siddalingkattimani/dbt_env/lib/python3.11/site-packages/airflow/example_dags/example_sensor_decorator.py took 0.925 seconds
[2023-04-23T01:33:11.321+0200] {processor.py:153} INFO - Started process (PID=48184) to work on /Users/siddalingkattimani/dbt_env/lib/python3.11/site-packages/airflow/example_dags/example_sensor_decorator.py
[2023-04-23T01:33:11.325+0200] {processor.py:743} INFO - Processing file /Users/siddalingkattimani/dbt_env/lib/python3.11/site-packages/airflow/example_dags/example_sensor_decorator.py for tasks to queue
[2023-04-23T01:33:11.326+0200] {logging_mixin.py:137} INFO - [2023-04-23T01:33:11.326+0200] {dagbag.py:532} INFO - Filling up the DagBag from /Users/siddalingkattimani/dbt_env/lib/python3.11/site-packages/airflow/example_dags/example_sensor_decorator.py
[2023-04-23T01:33:11.418+0200] {processor.py:753} INFO - DAG(s) dict_keys(['example_sensor_decorator']) retrieved from /Users/siddalingkattimani/dbt_env/lib/python3.11/site-packages/airflow/example_dags/example_sensor_decorator.py
[2023-04-23T01:33:12.200+0200] {logging_mixin.py:137} INFO - [2023-04-23T01:33:12.200+0200] {dag.py:2705} INFO - Sync 1 DAGs
[2023-04-23T01:33:12.214+0200] {logging_mixin.py:137} INFO - [2023-04-23T01:33:12.214+0200] {dag.py:3452} INFO - Setting next_dagrun for example_sensor_decorator to None, run_after=None
[2023-04-23T01:33:12.233+0200] {processor.py:175} INFO - Processing /Users/siddalingkattimani/dbt_env/lib/python3.11/site-packages/airflow/example_dags/example_sensor_decorator.py took 0.913 seconds
[2023-04-23T01:35:15.874+0200] {processor.py:153} INFO - Started process (PID=48232) to work on /Users/siddalingkattimani/dbt_env/lib/python3.11/site-packages/airflow/example_dags/example_sensor_decorator.py
[2023-04-23T01:35:15.877+0200] {processor.py:743} INFO - Processing file /Users/siddalingkattimani/dbt_env/lib/python3.11/site-packages/airflow/example_dags/example_sensor_decorator.py for tasks to queue
[2023-04-23T01:35:15.878+0200] {logging_mixin.py:137} INFO - [2023-04-23T01:35:15.878+0200] {dagbag.py:532} INFO - Filling up the DagBag from /Users/siddalingkattimani/dbt_env/lib/python3.11/site-packages/airflow/example_dags/example_sensor_decorator.py
[2023-04-23T01:35:15.945+0200] {processor.py:753} INFO - DAG(s) dict_keys(['example_sensor_decorator']) retrieved from /Users/siddalingkattimani/dbt_env/lib/python3.11/site-packages/airflow/example_dags/example_sensor_decorator.py
[2023-04-23T01:35:16.629+0200] {logging_mixin.py:137} INFO - [2023-04-23T01:35:16.628+0200] {dag.py:2705} INFO - Sync 1 DAGs
[2023-04-23T01:35:16.641+0200] {logging_mixin.py:137} INFO - [2023-04-23T01:35:16.641+0200] {dag.py:3452} INFO - Setting next_dagrun for example_sensor_decorator to None, run_after=None
[2023-04-23T01:35:16.658+0200] {processor.py:175} INFO - Processing /Users/siddalingkattimani/dbt_env/lib/python3.11/site-packages/airflow/example_dags/example_sensor_decorator.py took 0.785 seconds
