[2023-04-23T00:44:16.006+0200] {processor.py:153} INFO - Started process (PID=46772) to work on /Users/siddalingkattimani/dbt_env/lib/python3.11/site-packages/airflow/example_dags/example_task_group.py
[2023-04-23T00:44:16.009+0200] {processor.py:743} INFO - Processing file /Users/siddalingkattimani/dbt_env/lib/python3.11/site-packages/airflow/example_dags/example_task_group.py for tasks to queue
[2023-04-23T00:44:16.009+0200] {logging_mixin.py:137} INFO - [2023-04-23T00:44:16.009+0200] {dagbag.py:532} INFO - Filling up the DagBag from /Users/siddalingkattimani/dbt_env/lib/python3.11/site-packages/airflow/example_dags/example_task_group.py
[2023-04-23T00:44:16.030+0200] {processor.py:753} INFO - DAG(s) dict_keys(['example_task_group']) retrieved from /Users/siddalingkattimani/dbt_env/lib/python3.11/site-packages/airflow/example_dags/example_task_group.py
[2023-04-23T00:44:16.864+0200] {logging_mixin.py:137} INFO - [2023-04-23T00:44:16.864+0200] {manager.py:504} INFO - Created Permission View: can edit on DAG:example_task_group
[2023-04-23T00:44:16.874+0200] {logging_mixin.py:137} INFO - [2023-04-23T00:44:16.874+0200] {manager.py:504} INFO - Created Permission View: can read on DAG:example_task_group
[2023-04-23T00:44:16.879+0200] {logging_mixin.py:137} INFO - [2023-04-23T00:44:16.879+0200] {manager.py:504} INFO - Created Permission View: can delete on DAG:example_task_group
[2023-04-23T00:44:16.880+0200] {logging_mixin.py:137} INFO - [2023-04-23T00:44:16.879+0200] {dag.py:2705} INFO - Sync 1 DAGs
[2023-04-23T00:44:16.892+0200] {logging_mixin.py:137} INFO - [2023-04-23T00:44:16.891+0200] {dag.py:2726} INFO - Creating ORM DAG for example_task_group
[2023-04-23T00:44:16.900+0200] {logging_mixin.py:137} INFO - [2023-04-23T00:44:16.900+0200] {dag.py:3452} INFO - Setting next_dagrun for example_task_group to 2023-04-21T22:44:16.900161+00:00, run_after=2023-04-22T22:44:16.900161+00:00
[2023-04-23T00:44:16.919+0200] {processor.py:175} INFO - Processing /Users/siddalingkattimani/dbt_env/lib/python3.11/site-packages/airflow/example_dags/example_task_group.py took 0.914 seconds
[2023-04-23T00:46:16.603+0200] {processor.py:153} INFO - Started process (PID=46818) to work on /Users/siddalingkattimani/dbt_env/lib/python3.11/site-packages/airflow/example_dags/example_task_group.py
[2023-04-23T00:46:16.606+0200] {processor.py:743} INFO - Processing file /Users/siddalingkattimani/dbt_env/lib/python3.11/site-packages/airflow/example_dags/example_task_group.py for tasks to queue
[2023-04-23T00:46:16.607+0200] {logging_mixin.py:137} INFO - [2023-04-23T00:46:16.607+0200] {dagbag.py:532} INFO - Filling up the DagBag from /Users/siddalingkattimani/dbt_env/lib/python3.11/site-packages/airflow/example_dags/example_task_group.py
[2023-04-23T00:46:16.626+0200] {processor.py:753} INFO - DAG(s) dict_keys(['example_task_group']) retrieved from /Users/siddalingkattimani/dbt_env/lib/python3.11/site-packages/airflow/example_dags/example_task_group.py
[2023-04-23T00:46:17.423+0200] {logging_mixin.py:137} INFO - [2023-04-23T00:46:17.422+0200] {dag.py:2705} INFO - Sync 1 DAGs
[2023-04-23T00:46:17.439+0200] {logging_mixin.py:137} INFO - [2023-04-23T00:46:17.439+0200] {dag.py:3452} INFO - Setting next_dagrun for example_task_group to 2023-04-21T22:46:17.439649+00:00, run_after=2023-04-22T22:46:17.439649+00:00
[2023-04-23T00:46:17.461+0200] {processor.py:175} INFO - Processing /Users/siddalingkattimani/dbt_env/lib/python3.11/site-packages/airflow/example_dags/example_task_group.py took 0.859 seconds
[2023-04-23T00:48:16.687+0200] {processor.py:153} INFO - Started process (PID=46864) to work on /Users/siddalingkattimani/dbt_env/lib/python3.11/site-packages/airflow/example_dags/example_task_group.py
[2023-04-23T00:48:16.690+0200] {processor.py:743} INFO - Processing file /Users/siddalingkattimani/dbt_env/lib/python3.11/site-packages/airflow/example_dags/example_task_group.py for tasks to queue
[2023-04-23T00:48:16.690+0200] {logging_mixin.py:137} INFO - [2023-04-23T00:48:16.690+0200] {dagbag.py:532} INFO - Filling up the DagBag from /Users/siddalingkattimani/dbt_env/lib/python3.11/site-packages/airflow/example_dags/example_task_group.py
[2023-04-23T00:48:16.713+0200] {processor.py:753} INFO - DAG(s) dict_keys(['example_task_group']) retrieved from /Users/siddalingkattimani/dbt_env/lib/python3.11/site-packages/airflow/example_dags/example_task_group.py
[2023-04-23T00:48:17.675+0200] {logging_mixin.py:137} INFO - [2023-04-23T00:48:17.674+0200] {dag.py:2705} INFO - Sync 1 DAGs
[2023-04-23T00:48:17.688+0200] {logging_mixin.py:137} INFO - [2023-04-23T00:48:17.688+0200] {dag.py:3452} INFO - Setting next_dagrun for example_task_group to 2023-04-21T22:48:17.688643+00:00, run_after=2023-04-22T22:48:17.688643+00:00
[2023-04-23T00:48:17.709+0200] {processor.py:175} INFO - Processing /Users/siddalingkattimani/dbt_env/lib/python3.11/site-packages/airflow/example_dags/example_task_group.py took 1.024 seconds
[2023-04-23T00:50:18.758+0200] {processor.py:153} INFO - Started process (PID=46910) to work on /Users/siddalingkattimani/dbt_env/lib/python3.11/site-packages/airflow/example_dags/example_task_group.py
[2023-04-23T00:50:18.761+0200] {processor.py:743} INFO - Processing file /Users/siddalingkattimani/dbt_env/lib/python3.11/site-packages/airflow/example_dags/example_task_group.py for tasks to queue
[2023-04-23T00:50:18.761+0200] {logging_mixin.py:137} INFO - [2023-04-23T00:50:18.761+0200] {dagbag.py:532} INFO - Filling up the DagBag from /Users/siddalingkattimani/dbt_env/lib/python3.11/site-packages/airflow/example_dags/example_task_group.py
[2023-04-23T00:50:18.783+0200] {processor.py:753} INFO - DAG(s) dict_keys(['example_task_group']) retrieved from /Users/siddalingkattimani/dbt_env/lib/python3.11/site-packages/airflow/example_dags/example_task_group.py
[2023-04-23T00:50:19.584+0200] {logging_mixin.py:137} INFO - [2023-04-23T00:50:19.584+0200] {dag.py:2705} INFO - Sync 1 DAGs
[2023-04-23T00:50:19.601+0200] {logging_mixin.py:137} INFO - [2023-04-23T00:50:19.601+0200] {dag.py:3452} INFO - Setting next_dagrun for example_task_group to 2023-04-21T22:50:19.601479+00:00, run_after=2023-04-22T22:50:19.601479+00:00
[2023-04-23T00:50:19.623+0200] {processor.py:175} INFO - Processing /Users/siddalingkattimani/dbt_env/lib/python3.11/site-packages/airflow/example_dags/example_task_group.py took 0.866 seconds
[2023-04-23T00:52:33.609+0200] {processor.py:153} INFO - Started process (PID=46971) to work on /Users/siddalingkattimani/dbt_env/lib/python3.11/site-packages/airflow/example_dags/example_task_group.py
[2023-04-23T00:52:33.614+0200] {processor.py:743} INFO - Processing file /Users/siddalingkattimani/dbt_env/lib/python3.11/site-packages/airflow/example_dags/example_task_group.py for tasks to queue
[2023-04-23T00:52:33.615+0200] {logging_mixin.py:137} INFO - [2023-04-23T00:52:33.615+0200] {dagbag.py:532} INFO - Filling up the DagBag from /Users/siddalingkattimani/dbt_env/lib/python3.11/site-packages/airflow/example_dags/example_task_group.py
[2023-04-23T00:52:33.640+0200] {processor.py:753} INFO - DAG(s) dict_keys(['example_task_group']) retrieved from /Users/siddalingkattimani/dbt_env/lib/python3.11/site-packages/airflow/example_dags/example_task_group.py
[2023-04-23T00:52:34.497+0200] {logging_mixin.py:137} INFO - [2023-04-23T00:52:34.496+0200] {dag.py:2705} INFO - Sync 1 DAGs
[2023-04-23T00:52:34.520+0200] {logging_mixin.py:137} INFO - [2023-04-23T00:52:34.520+0200] {dag.py:3452} INFO - Setting next_dagrun for example_task_group to 2023-04-21T22:52:34.520156+00:00, run_after=2023-04-22T22:52:34.520156+00:00
[2023-04-23T00:52:34.562+0200] {processor.py:175} INFO - Processing /Users/siddalingkattimani/dbt_env/lib/python3.11/site-packages/airflow/example_dags/example_task_group.py took 0.954 seconds
[2023-04-23T00:54:32.221+0200] {processor.py:153} INFO - Started process (PID=47036) to work on /Users/siddalingkattimani/dbt_env/lib/python3.11/site-packages/airflow/example_dags/example_task_group.py
[2023-04-23T00:54:32.224+0200] {processor.py:743} INFO - Processing file /Users/siddalingkattimani/dbt_env/lib/python3.11/site-packages/airflow/example_dags/example_task_group.py for tasks to queue
[2023-04-23T00:54:32.224+0200] {logging_mixin.py:137} INFO - [2023-04-23T00:54:32.224+0200] {dagbag.py:532} INFO - Filling up the DagBag from /Users/siddalingkattimani/dbt_env/lib/python3.11/site-packages/airflow/example_dags/example_task_group.py
[2023-04-23T00:54:32.244+0200] {processor.py:753} INFO - DAG(s) dict_keys(['example_task_group']) retrieved from /Users/siddalingkattimani/dbt_env/lib/python3.11/site-packages/airflow/example_dags/example_task_group.py
[2023-04-23T00:54:32.915+0200] {logging_mixin.py:137} INFO - [2023-04-23T00:54:32.915+0200] {dag.py:2705} INFO - Sync 1 DAGs
[2023-04-23T00:54:32.928+0200] {logging_mixin.py:137} INFO - [2023-04-23T00:54:32.928+0200] {dag.py:3452} INFO - Setting next_dagrun for example_task_group to 2023-04-21T22:54:32.927977+00:00, run_after=2023-04-22T22:54:32.927977+00:00
[2023-04-23T00:54:32.947+0200] {processor.py:175} INFO - Processing /Users/siddalingkattimani/dbt_env/lib/python3.11/site-packages/airflow/example_dags/example_task_group.py took 0.726 seconds
[2023-04-23T00:56:31.222+0200] {processor.py:153} INFO - Started process (PID=47086) to work on /Users/siddalingkattimani/dbt_env/lib/python3.11/site-packages/airflow/example_dags/example_task_group.py
[2023-04-23T00:56:31.226+0200] {processor.py:743} INFO - Processing file /Users/siddalingkattimani/dbt_env/lib/python3.11/site-packages/airflow/example_dags/example_task_group.py for tasks to queue
[2023-04-23T00:56:31.226+0200] {logging_mixin.py:137} INFO - [2023-04-23T00:56:31.226+0200] {dagbag.py:532} INFO - Filling up the DagBag from /Users/siddalingkattimani/dbt_env/lib/python3.11/site-packages/airflow/example_dags/example_task_group.py
[2023-04-23T00:56:31.254+0200] {processor.py:753} INFO - DAG(s) dict_keys(['example_task_group']) retrieved from /Users/siddalingkattimani/dbt_env/lib/python3.11/site-packages/airflow/example_dags/example_task_group.py
[2023-04-23T00:56:33.029+0200] {logging_mixin.py:137} INFO - [2023-04-23T00:56:33.029+0200] {dag.py:2705} INFO - Sync 1 DAGs
[2023-04-23T00:56:33.052+0200] {logging_mixin.py:137} INFO - [2023-04-23T00:56:33.052+0200] {dag.py:3452} INFO - Setting next_dagrun for example_task_group to 2023-04-21T22:56:33.052505+00:00, run_after=2023-04-22T22:56:33.052505+00:00
[2023-04-23T00:56:33.088+0200] {processor.py:175} INFO - Processing /Users/siddalingkattimani/dbt_env/lib/python3.11/site-packages/airflow/example_dags/example_task_group.py took 1.867 seconds
[2023-04-23T00:58:43.870+0200] {processor.py:153} INFO - Started process (PID=47138) to work on /Users/siddalingkattimani/dbt_env/lib/python3.11/site-packages/airflow/example_dags/example_task_group.py
[2023-04-23T00:58:43.875+0200] {processor.py:743} INFO - Processing file /Users/siddalingkattimani/dbt_env/lib/python3.11/site-packages/airflow/example_dags/example_task_group.py for tasks to queue
[2023-04-23T00:58:43.876+0200] {logging_mixin.py:137} INFO - [2023-04-23T00:58:43.876+0200] {dagbag.py:532} INFO - Filling up the DagBag from /Users/siddalingkattimani/dbt_env/lib/python3.11/site-packages/airflow/example_dags/example_task_group.py
[2023-04-23T00:58:43.896+0200] {processor.py:753} INFO - DAG(s) dict_keys(['example_task_group']) retrieved from /Users/siddalingkattimani/dbt_env/lib/python3.11/site-packages/airflow/example_dags/example_task_group.py
[2023-04-23T00:58:45.111+0200] {logging_mixin.py:137} INFO - [2023-04-23T00:58:45.111+0200] {dag.py:2705} INFO - Sync 1 DAGs
[2023-04-23T00:58:45.136+0200] {logging_mixin.py:137} INFO - [2023-04-23T00:58:45.136+0200] {dag.py:3452} INFO - Setting next_dagrun for example_task_group to 2023-04-21T22:58:45.136193+00:00, run_after=2023-04-22T22:58:45.136193+00:00
[2023-04-23T00:58:45.162+0200] {processor.py:175} INFO - Processing /Users/siddalingkattimani/dbt_env/lib/python3.11/site-packages/airflow/example_dags/example_task_group.py took 1.292 seconds
[2023-04-23T01:00:47.245+0200] {processor.py:153} INFO - Started process (PID=47185) to work on /Users/siddalingkattimani/dbt_env/lib/python3.11/site-packages/airflow/example_dags/example_task_group.py
[2023-04-23T01:00:47.249+0200] {processor.py:743} INFO - Processing file /Users/siddalingkattimani/dbt_env/lib/python3.11/site-packages/airflow/example_dags/example_task_group.py for tasks to queue
[2023-04-23T01:00:47.249+0200] {logging_mixin.py:137} INFO - [2023-04-23T01:00:47.249+0200] {dagbag.py:532} INFO - Filling up the DagBag from /Users/siddalingkattimani/dbt_env/lib/python3.11/site-packages/airflow/example_dags/example_task_group.py
[2023-04-23T01:00:47.271+0200] {processor.py:753} INFO - DAG(s) dict_keys(['example_task_group']) retrieved from /Users/siddalingkattimani/dbt_env/lib/python3.11/site-packages/airflow/example_dags/example_task_group.py
[2023-04-23T01:00:47.999+0200] {logging_mixin.py:137} INFO - [2023-04-23T01:00:47.999+0200] {dag.py:2705} INFO - Sync 1 DAGs
[2023-04-23T01:00:48.014+0200] {logging_mixin.py:137} INFO - [2023-04-23T01:00:48.014+0200] {dag.py:3452} INFO - Setting next_dagrun for example_task_group to 2023-04-21T23:00:48.014202+00:00, run_after=2023-04-22T23:00:48.014202+00:00
[2023-04-23T01:00:48.034+0200] {processor.py:175} INFO - Processing /Users/siddalingkattimani/dbt_env/lib/python3.11/site-packages/airflow/example_dags/example_task_group.py took 0.790 seconds
[2023-04-23T01:03:05.905+0200] {processor.py:153} INFO - Started process (PID=47233) to work on /Users/siddalingkattimani/dbt_env/lib/python3.11/site-packages/airflow/example_dags/example_task_group.py
[2023-04-23T01:03:05.909+0200] {processor.py:743} INFO - Processing file /Users/siddalingkattimani/dbt_env/lib/python3.11/site-packages/airflow/example_dags/example_task_group.py for tasks to queue
[2023-04-23T01:03:05.911+0200] {logging_mixin.py:137} INFO - [2023-04-23T01:03:05.911+0200] {dagbag.py:532} INFO - Filling up the DagBag from /Users/siddalingkattimani/dbt_env/lib/python3.11/site-packages/airflow/example_dags/example_task_group.py
[2023-04-23T01:03:05.961+0200] {processor.py:753} INFO - DAG(s) dict_keys(['example_task_group']) retrieved from /Users/siddalingkattimani/dbt_env/lib/python3.11/site-packages/airflow/example_dags/example_task_group.py
[2023-04-23T01:03:06.630+0200] {logging_mixin.py:137} INFO - [2023-04-23T01:03:06.630+0200] {dag.py:2705} INFO - Sync 1 DAGs
[2023-04-23T01:03:06.643+0200] {logging_mixin.py:137} INFO - [2023-04-23T01:03:06.643+0200] {dag.py:3452} INFO - Setting next_dagrun for example_task_group to 2023-04-21T23:03:06.643106+00:00, run_after=2023-04-22T23:03:06.643106+00:00
[2023-04-23T01:03:06.660+0200] {processor.py:175} INFO - Processing /Users/siddalingkattimani/dbt_env/lib/python3.11/site-packages/airflow/example_dags/example_task_group.py took 0.756 seconds
[2023-04-23T01:05:06.029+0200] {processor.py:153} INFO - Started process (PID=47314) to work on /Users/siddalingkattimani/dbt_env/lib/python3.11/site-packages/airflow/example_dags/example_task_group.py
[2023-04-23T01:05:06.034+0200] {processor.py:743} INFO - Processing file /Users/siddalingkattimani/dbt_env/lib/python3.11/site-packages/airflow/example_dags/example_task_group.py for tasks to queue
[2023-04-23T01:05:06.035+0200] {logging_mixin.py:137} INFO - [2023-04-23T01:05:06.034+0200] {dagbag.py:532} INFO - Filling up the DagBag from /Users/siddalingkattimani/dbt_env/lib/python3.11/site-packages/airflow/example_dags/example_task_group.py
[2023-04-23T01:05:06.069+0200] {processor.py:753} INFO - DAG(s) dict_keys(['example_task_group']) retrieved from /Users/siddalingkattimani/dbt_env/lib/python3.11/site-packages/airflow/example_dags/example_task_group.py
[2023-04-23T01:05:06.896+0200] {logging_mixin.py:137} INFO - [2023-04-23T01:05:06.896+0200] {dag.py:2705} INFO - Sync 1 DAGs
[2023-04-23T01:05:06.910+0200] {logging_mixin.py:137} INFO - [2023-04-23T01:05:06.910+0200] {dag.py:3452} INFO - Setting next_dagrun for example_task_group to 2023-04-21T23:05:06.909851+00:00, run_after=2023-04-22T23:05:06.909851+00:00
[2023-04-23T01:05:06.930+0200] {processor.py:175} INFO - Processing /Users/siddalingkattimani/dbt_env/lib/python3.11/site-packages/airflow/example_dags/example_task_group.py took 0.903 seconds
[2023-04-23T01:07:35.987+0200] {processor.py:153} INFO - Started process (PID=47425) to work on /Users/siddalingkattimani/dbt_env/lib/python3.11/site-packages/airflow/example_dags/example_task_group.py
[2023-04-23T01:07:35.994+0200] {processor.py:743} INFO - Processing file /Users/siddalingkattimani/dbt_env/lib/python3.11/site-packages/airflow/example_dags/example_task_group.py for tasks to queue
[2023-04-23T01:07:35.994+0200] {logging_mixin.py:137} INFO - [2023-04-23T01:07:35.994+0200] {dagbag.py:532} INFO - Filling up the DagBag from /Users/siddalingkattimani/dbt_env/lib/python3.11/site-packages/airflow/example_dags/example_task_group.py
[2023-04-23T01:07:36.020+0200] {processor.py:753} INFO - DAG(s) dict_keys(['example_task_group']) retrieved from /Users/siddalingkattimani/dbt_env/lib/python3.11/site-packages/airflow/example_dags/example_task_group.py
[2023-04-23T01:07:36.825+0200] {logging_mixin.py:137} INFO - [2023-04-23T01:07:36.825+0200] {dag.py:2705} INFO - Sync 1 DAGs
[2023-04-23T01:07:36.841+0200] {logging_mixin.py:137} INFO - [2023-04-23T01:07:36.841+0200] {dag.py:3452} INFO - Setting next_dagrun for example_task_group to 2023-04-21T23:07:36.841332+00:00, run_after=2023-04-22T23:07:36.841332+00:00
[2023-04-23T01:07:36.863+0200] {processor.py:175} INFO - Processing /Users/siddalingkattimani/dbt_env/lib/python3.11/site-packages/airflow/example_dags/example_task_group.py took 0.876 seconds
[2023-04-23T01:10:08.996+0200] {processor.py:153} INFO - Started process (PID=47639) to work on /Users/siddalingkattimani/dbt_env/lib/python3.11/site-packages/airflow/example_dags/example_task_group.py
[2023-04-23T01:10:09.003+0200] {processor.py:743} INFO - Processing file /Users/siddalingkattimani/dbt_env/lib/python3.11/site-packages/airflow/example_dags/example_task_group.py for tasks to queue
[2023-04-23T01:10:09.004+0200] {logging_mixin.py:137} INFO - [2023-04-23T01:10:09.004+0200] {dagbag.py:532} INFO - Filling up the DagBag from /Users/siddalingkattimani/dbt_env/lib/python3.11/site-packages/airflow/example_dags/example_task_group.py
[2023-04-23T01:10:09.044+0200] {processor.py:753} INFO - DAG(s) dict_keys(['example_task_group']) retrieved from /Users/siddalingkattimani/dbt_env/lib/python3.11/site-packages/airflow/example_dags/example_task_group.py
[2023-04-23T01:10:10.156+0200] {logging_mixin.py:137} INFO - [2023-04-23T01:10:10.156+0200] {dag.py:2705} INFO - Sync 1 DAGs
[2023-04-23T01:10:10.177+0200] {logging_mixin.py:137} INFO - [2023-04-23T01:10:10.176+0200] {dag.py:3452} INFO - Setting next_dagrun for example_task_group to 2023-04-21T23:10:10.176693+00:00, run_after=2023-04-22T23:10:10.176693+00:00
[2023-04-23T01:10:10.204+0200] {processor.py:175} INFO - Processing /Users/siddalingkattimani/dbt_env/lib/python3.11/site-packages/airflow/example_dags/example_task_group.py took 1.209 seconds
[2023-04-23T01:12:23.522+0200] {processor.py:153} INFO - Started process (PID=47685) to work on /Users/siddalingkattimani/dbt_env/lib/python3.11/site-packages/airflow/example_dags/example_task_group.py
[2023-04-23T01:12:23.526+0200] {processor.py:743} INFO - Processing file /Users/siddalingkattimani/dbt_env/lib/python3.11/site-packages/airflow/example_dags/example_task_group.py for tasks to queue
[2023-04-23T01:12:23.527+0200] {logging_mixin.py:137} INFO - [2023-04-23T01:12:23.527+0200] {dagbag.py:532} INFO - Filling up the DagBag from /Users/siddalingkattimani/dbt_env/lib/python3.11/site-packages/airflow/example_dags/example_task_group.py
[2023-04-23T01:12:23.549+0200] {processor.py:753} INFO - DAG(s) dict_keys(['example_task_group']) retrieved from /Users/siddalingkattimani/dbt_env/lib/python3.11/site-packages/airflow/example_dags/example_task_group.py
[2023-04-23T01:12:24.199+0200] {logging_mixin.py:137} INFO - [2023-04-23T01:12:24.199+0200] {dag.py:2705} INFO - Sync 1 DAGs
[2023-04-23T01:12:24.213+0200] {logging_mixin.py:137} INFO - [2023-04-23T01:12:24.213+0200] {dag.py:3452} INFO - Setting next_dagrun for example_task_group to 2023-04-21T23:12:24.212958+00:00, run_after=2023-04-22T23:12:24.212958+00:00
[2023-04-23T01:12:24.231+0200] {processor.py:175} INFO - Processing /Users/siddalingkattimani/dbt_env/lib/python3.11/site-packages/airflow/example_dags/example_task_group.py took 0.709 seconds
[2023-04-23T01:14:21.557+0200] {processor.py:153} INFO - Started process (PID=47732) to work on /Users/siddalingkattimani/dbt_env/lib/python3.11/site-packages/airflow/example_dags/example_task_group.py
[2023-04-23T01:14:21.560+0200] {processor.py:743} INFO - Processing file /Users/siddalingkattimani/dbt_env/lib/python3.11/site-packages/airflow/example_dags/example_task_group.py for tasks to queue
[2023-04-23T01:14:21.561+0200] {logging_mixin.py:137} INFO - [2023-04-23T01:14:21.561+0200] {dagbag.py:532} INFO - Filling up the DagBag from /Users/siddalingkattimani/dbt_env/lib/python3.11/site-packages/airflow/example_dags/example_task_group.py
[2023-04-23T01:14:21.585+0200] {processor.py:753} INFO - DAG(s) dict_keys(['example_task_group']) retrieved from /Users/siddalingkattimani/dbt_env/lib/python3.11/site-packages/airflow/example_dags/example_task_group.py
[2023-04-23T01:14:22.398+0200] {logging_mixin.py:137} INFO - [2023-04-23T01:14:22.398+0200] {dag.py:2705} INFO - Sync 1 DAGs
[2023-04-23T01:14:22.412+0200] {logging_mixin.py:137} INFO - [2023-04-23T01:14:22.412+0200] {dag.py:3452} INFO - Setting next_dagrun for example_task_group to 2023-04-21T23:14:22.412204+00:00, run_after=2023-04-22T23:14:22.412204+00:00
[2023-04-23T01:14:22.428+0200] {processor.py:175} INFO - Processing /Users/siddalingkattimani/dbt_env/lib/python3.11/site-packages/airflow/example_dags/example_task_group.py took 0.872 seconds
[2023-04-23T01:16:27.956+0200] {processor.py:153} INFO - Started process (PID=47779) to work on /Users/siddalingkattimani/dbt_env/lib/python3.11/site-packages/airflow/example_dags/example_task_group.py
[2023-04-23T01:16:27.959+0200] {processor.py:743} INFO - Processing file /Users/siddalingkattimani/dbt_env/lib/python3.11/site-packages/airflow/example_dags/example_task_group.py for tasks to queue
[2023-04-23T01:16:27.959+0200] {logging_mixin.py:137} INFO - [2023-04-23T01:16:27.959+0200] {dagbag.py:532} INFO - Filling up the DagBag from /Users/siddalingkattimani/dbt_env/lib/python3.11/site-packages/airflow/example_dags/example_task_group.py
[2023-04-23T01:16:27.979+0200] {processor.py:753} INFO - DAG(s) dict_keys(['example_task_group']) retrieved from /Users/siddalingkattimani/dbt_env/lib/python3.11/site-packages/airflow/example_dags/example_task_group.py
[2023-04-23T01:16:28.626+0200] {logging_mixin.py:137} INFO - [2023-04-23T01:16:28.625+0200] {dag.py:2705} INFO - Sync 1 DAGs
[2023-04-23T01:16:28.639+0200] {logging_mixin.py:137} INFO - [2023-04-23T01:16:28.639+0200] {dag.py:3452} INFO - Setting next_dagrun for example_task_group to 2023-04-21T23:16:28.639212+00:00, run_after=2023-04-22T23:16:28.639212+00:00
[2023-04-23T01:16:28.657+0200] {processor.py:175} INFO - Processing /Users/siddalingkattimani/dbt_env/lib/python3.11/site-packages/airflow/example_dags/example_task_group.py took 0.701 seconds
[2023-04-23T01:18:30.300+0200] {processor.py:153} INFO - Started process (PID=47824) to work on /Users/siddalingkattimani/dbt_env/lib/python3.11/site-packages/airflow/example_dags/example_task_group.py
[2023-04-23T01:18:30.304+0200] {processor.py:743} INFO - Processing file /Users/siddalingkattimani/dbt_env/lib/python3.11/site-packages/airflow/example_dags/example_task_group.py for tasks to queue
[2023-04-23T01:18:30.304+0200] {logging_mixin.py:137} INFO - [2023-04-23T01:18:30.304+0200] {dagbag.py:532} INFO - Filling up the DagBag from /Users/siddalingkattimani/dbt_env/lib/python3.11/site-packages/airflow/example_dags/example_task_group.py
[2023-04-23T01:18:30.337+0200] {processor.py:753} INFO - DAG(s) dict_keys(['example_task_group']) retrieved from /Users/siddalingkattimani/dbt_env/lib/python3.11/site-packages/airflow/example_dags/example_task_group.py
[2023-04-23T01:18:31.095+0200] {logging_mixin.py:137} INFO - [2023-04-23T01:18:31.095+0200] {dag.py:2705} INFO - Sync 1 DAGs
[2023-04-23T01:18:31.113+0200] {logging_mixin.py:137} INFO - [2023-04-23T01:18:31.113+0200] {dag.py:3452} INFO - Setting next_dagrun for example_task_group to 2023-04-21T23:18:31.113222+00:00, run_after=2023-04-22T23:18:31.113222+00:00
[2023-04-23T01:18:31.135+0200] {processor.py:175} INFO - Processing /Users/siddalingkattimani/dbt_env/lib/python3.11/site-packages/airflow/example_dags/example_task_group.py took 0.836 seconds
[2023-04-23T01:20:35.884+0200] {processor.py:153} INFO - Started process (PID=47869) to work on /Users/siddalingkattimani/dbt_env/lib/python3.11/site-packages/airflow/example_dags/example_task_group.py
[2023-04-23T01:20:35.888+0200] {processor.py:743} INFO - Processing file /Users/siddalingkattimani/dbt_env/lib/python3.11/site-packages/airflow/example_dags/example_task_group.py for tasks to queue
[2023-04-23T01:20:35.889+0200] {logging_mixin.py:137} INFO - [2023-04-23T01:20:35.888+0200] {dagbag.py:532} INFO - Filling up the DagBag from /Users/siddalingkattimani/dbt_env/lib/python3.11/site-packages/airflow/example_dags/example_task_group.py
[2023-04-23T01:20:35.912+0200] {processor.py:753} INFO - DAG(s) dict_keys(['example_task_group']) retrieved from /Users/siddalingkattimani/dbt_env/lib/python3.11/site-packages/airflow/example_dags/example_task_group.py
[2023-04-23T01:20:36.623+0200] {logging_mixin.py:137} INFO - [2023-04-23T01:20:36.622+0200] {dag.py:2705} INFO - Sync 1 DAGs
[2023-04-23T01:20:36.637+0200] {logging_mixin.py:137} INFO - [2023-04-23T01:20:36.637+0200] {dag.py:3452} INFO - Setting next_dagrun for example_task_group to 2023-04-21T23:20:36.637504+00:00, run_after=2023-04-22T23:20:36.637504+00:00
[2023-04-23T01:20:36.655+0200] {processor.py:175} INFO - Processing /Users/siddalingkattimani/dbt_env/lib/python3.11/site-packages/airflow/example_dags/example_task_group.py took 0.771 seconds
[2023-04-23T01:22:39.629+0200] {processor.py:153} INFO - Started process (PID=47916) to work on /Users/siddalingkattimani/dbt_env/lib/python3.11/site-packages/airflow/example_dags/example_task_group.py
[2023-04-23T01:22:39.633+0200] {processor.py:743} INFO - Processing file /Users/siddalingkattimani/dbt_env/lib/python3.11/site-packages/airflow/example_dags/example_task_group.py for tasks to queue
[2023-04-23T01:22:39.633+0200] {logging_mixin.py:137} INFO - [2023-04-23T01:22:39.633+0200] {dagbag.py:532} INFO - Filling up the DagBag from /Users/siddalingkattimani/dbt_env/lib/python3.11/site-packages/airflow/example_dags/example_task_group.py
[2023-04-23T01:22:39.659+0200] {processor.py:753} INFO - DAG(s) dict_keys(['example_task_group']) retrieved from /Users/siddalingkattimani/dbt_env/lib/python3.11/site-packages/airflow/example_dags/example_task_group.py
[2023-04-23T01:22:40.374+0200] {logging_mixin.py:137} INFO - [2023-04-23T01:22:40.374+0200] {dag.py:2705} INFO - Sync 1 DAGs
[2023-04-23T01:22:40.391+0200] {logging_mixin.py:137} INFO - [2023-04-23T01:22:40.391+0200] {dag.py:3452} INFO - Setting next_dagrun for example_task_group to 2023-04-21T23:22:40.391278+00:00, run_after=2023-04-22T23:22:40.391278+00:00
[2023-04-23T01:22:40.412+0200] {processor.py:175} INFO - Processing /Users/siddalingkattimani/dbt_env/lib/python3.11/site-packages/airflow/example_dags/example_task_group.py took 0.784 seconds
[2023-04-23T01:24:37.714+0200] {processor.py:153} INFO - Started process (PID=47968) to work on /Users/siddalingkattimani/dbt_env/lib/python3.11/site-packages/airflow/example_dags/example_task_group.py
[2023-04-23T01:24:37.717+0200] {processor.py:743} INFO - Processing file /Users/siddalingkattimani/dbt_env/lib/python3.11/site-packages/airflow/example_dags/example_task_group.py for tasks to queue
[2023-04-23T01:24:37.718+0200] {logging_mixin.py:137} INFO - [2023-04-23T01:24:37.717+0200] {dagbag.py:532} INFO - Filling up the DagBag from /Users/siddalingkattimani/dbt_env/lib/python3.11/site-packages/airflow/example_dags/example_task_group.py
[2023-04-23T01:24:37.739+0200] {processor.py:753} INFO - DAG(s) dict_keys(['example_task_group']) retrieved from /Users/siddalingkattimani/dbt_env/lib/python3.11/site-packages/airflow/example_dags/example_task_group.py
[2023-04-23T01:24:38.425+0200] {logging_mixin.py:137} INFO - [2023-04-23T01:24:38.425+0200] {dag.py:2705} INFO - Sync 1 DAGs
[2023-04-23T01:24:38.439+0200] {logging_mixin.py:137} INFO - [2023-04-23T01:24:38.439+0200] {dag.py:3452} INFO - Setting next_dagrun for example_task_group to 2023-04-21T23:24:38.439323+00:00, run_after=2023-04-22T23:24:38.439323+00:00
[2023-04-23T01:24:38.458+0200] {processor.py:175} INFO - Processing /Users/siddalingkattimani/dbt_env/lib/python3.11/site-packages/airflow/example_dags/example_task_group.py took 0.744 seconds
[2023-04-23T01:26:37.718+0200] {processor.py:153} INFO - Started process (PID=48033) to work on /Users/siddalingkattimani/dbt_env/lib/python3.11/site-packages/airflow/example_dags/example_task_group.py
[2023-04-23T01:26:37.721+0200] {processor.py:743} INFO - Processing file /Users/siddalingkattimani/dbt_env/lib/python3.11/site-packages/airflow/example_dags/example_task_group.py for tasks to queue
[2023-04-23T01:26:37.722+0200] {logging_mixin.py:137} INFO - [2023-04-23T01:26:37.722+0200] {dagbag.py:532} INFO - Filling up the DagBag from /Users/siddalingkattimani/dbt_env/lib/python3.11/site-packages/airflow/example_dags/example_task_group.py
[2023-04-23T01:26:37.742+0200] {processor.py:753} INFO - DAG(s) dict_keys(['example_task_group']) retrieved from /Users/siddalingkattimani/dbt_env/lib/python3.11/site-packages/airflow/example_dags/example_task_group.py
[2023-04-23T01:26:38.411+0200] {logging_mixin.py:137} INFO - [2023-04-23T01:26:38.411+0200] {dag.py:2705} INFO - Sync 1 DAGs
[2023-04-23T01:26:38.425+0200] {logging_mixin.py:137} INFO - [2023-04-23T01:26:38.424+0200] {dag.py:3452} INFO - Setting next_dagrun for example_task_group to 2023-04-21T23:26:38.424855+00:00, run_after=2023-04-22T23:26:38.424855+00:00
[2023-04-23T01:26:38.443+0200] {processor.py:175} INFO - Processing /Users/siddalingkattimani/dbt_env/lib/python3.11/site-packages/airflow/example_dags/example_task_group.py took 0.725 seconds
[2023-04-23T01:28:45.063+0200] {processor.py:153} INFO - Started process (PID=48080) to work on /Users/siddalingkattimani/dbt_env/lib/python3.11/site-packages/airflow/example_dags/example_task_group.py
[2023-04-23T01:28:45.066+0200] {processor.py:743} INFO - Processing file /Users/siddalingkattimani/dbt_env/lib/python3.11/site-packages/airflow/example_dags/example_task_group.py for tasks to queue
[2023-04-23T01:28:45.066+0200] {logging_mixin.py:137} INFO - [2023-04-23T01:28:45.066+0200] {dagbag.py:532} INFO - Filling up the DagBag from /Users/siddalingkattimani/dbt_env/lib/python3.11/site-packages/airflow/example_dags/example_task_group.py
[2023-04-23T01:28:45.088+0200] {processor.py:753} INFO - DAG(s) dict_keys(['example_task_group']) retrieved from /Users/siddalingkattimani/dbt_env/lib/python3.11/site-packages/airflow/example_dags/example_task_group.py
[2023-04-23T01:28:45.766+0200] {logging_mixin.py:137} INFO - [2023-04-23T01:28:45.766+0200] {dag.py:2705} INFO - Sync 1 DAGs
[2023-04-23T01:28:45.779+0200] {logging_mixin.py:137} INFO - [2023-04-23T01:28:45.779+0200] {dag.py:3452} INFO - Setting next_dagrun for example_task_group to 2023-04-21T23:28:45.779241+00:00, run_after=2023-04-22T23:28:45.779241+00:00
[2023-04-23T01:28:45.796+0200] {processor.py:175} INFO - Processing /Users/siddalingkattimani/dbt_env/lib/python3.11/site-packages/airflow/example_dags/example_task_group.py took 0.735 seconds
[2023-04-23T01:30:45.903+0200] {processor.py:153} INFO - Started process (PID=48127) to work on /Users/siddalingkattimani/dbt_env/lib/python3.11/site-packages/airflow/example_dags/example_task_group.py
[2023-04-23T01:30:45.906+0200] {processor.py:743} INFO - Processing file /Users/siddalingkattimani/dbt_env/lib/python3.11/site-packages/airflow/example_dags/example_task_group.py for tasks to queue
[2023-04-23T01:30:45.906+0200] {logging_mixin.py:137} INFO - [2023-04-23T01:30:45.906+0200] {dagbag.py:532} INFO - Filling up the DagBag from /Users/siddalingkattimani/dbt_env/lib/python3.11/site-packages/airflow/example_dags/example_task_group.py
[2023-04-23T01:30:45.929+0200] {processor.py:753} INFO - DAG(s) dict_keys(['example_task_group']) retrieved from /Users/siddalingkattimani/dbt_env/lib/python3.11/site-packages/airflow/example_dags/example_task_group.py
[2023-04-23T01:30:46.625+0200] {logging_mixin.py:137} INFO - [2023-04-23T01:30:46.624+0200] {dag.py:2705} INFO - Sync 1 DAGs
[2023-04-23T01:30:46.638+0200] {logging_mixin.py:137} INFO - [2023-04-23T01:30:46.637+0200] {dag.py:3452} INFO - Setting next_dagrun for example_task_group to 2023-04-21T23:30:46.637759+00:00, run_after=2023-04-22T23:30:46.637759+00:00
[2023-04-23T01:30:46.654+0200] {processor.py:175} INFO - Processing /Users/siddalingkattimani/dbt_env/lib/python3.11/site-packages/airflow/example_dags/example_task_group.py took 0.752 seconds
[2023-04-23T01:32:49.626+0200] {processor.py:153} INFO - Started process (PID=48177) to work on /Users/siddalingkattimani/dbt_env/lib/python3.11/site-packages/airflow/example_dags/example_task_group.py
[2023-04-23T01:32:49.630+0200] {processor.py:743} INFO - Processing file /Users/siddalingkattimani/dbt_env/lib/python3.11/site-packages/airflow/example_dags/example_task_group.py for tasks to queue
[2023-04-23T01:32:49.630+0200] {logging_mixin.py:137} INFO - [2023-04-23T01:32:49.630+0200] {dagbag.py:532} INFO - Filling up the DagBag from /Users/siddalingkattimani/dbt_env/lib/python3.11/site-packages/airflow/example_dags/example_task_group.py
[2023-04-23T01:32:49.652+0200] {processor.py:753} INFO - DAG(s) dict_keys(['example_task_group']) retrieved from /Users/siddalingkattimani/dbt_env/lib/python3.11/site-packages/airflow/example_dags/example_task_group.py
[2023-04-23T01:32:50.403+0200] {logging_mixin.py:137} INFO - [2023-04-23T01:32:50.403+0200] {dag.py:2705} INFO - Sync 1 DAGs
[2023-04-23T01:32:50.417+0200] {logging_mixin.py:137} INFO - [2023-04-23T01:32:50.417+0200] {dag.py:3452} INFO - Setting next_dagrun for example_task_group to 2023-04-21T23:32:50.417315+00:00, run_after=2023-04-22T23:32:50.417315+00:00
[2023-04-23T01:32:50.433+0200] {processor.py:175} INFO - Processing /Users/siddalingkattimani/dbt_env/lib/python3.11/site-packages/airflow/example_dags/example_task_group.py took 0.808 seconds
[2023-04-23T01:34:56.254+0200] {processor.py:153} INFO - Started process (PID=48225) to work on /Users/siddalingkattimani/dbt_env/lib/python3.11/site-packages/airflow/example_dags/example_task_group.py
[2023-04-23T01:34:56.257+0200] {processor.py:743} INFO - Processing file /Users/siddalingkattimani/dbt_env/lib/python3.11/site-packages/airflow/example_dags/example_task_group.py for tasks to queue
[2023-04-23T01:34:56.257+0200] {logging_mixin.py:137} INFO - [2023-04-23T01:34:56.257+0200] {dagbag.py:532} INFO - Filling up the DagBag from /Users/siddalingkattimani/dbt_env/lib/python3.11/site-packages/airflow/example_dags/example_task_group.py
[2023-04-23T01:34:56.278+0200] {processor.py:753} INFO - DAG(s) dict_keys(['example_task_group']) retrieved from /Users/siddalingkattimani/dbt_env/lib/python3.11/site-packages/airflow/example_dags/example_task_group.py
[2023-04-23T01:34:56.914+0200] {logging_mixin.py:137} INFO - [2023-04-23T01:34:56.914+0200] {dag.py:2705} INFO - Sync 1 DAGs
[2023-04-23T01:34:56.927+0200] {logging_mixin.py:137} INFO - [2023-04-23T01:34:56.927+0200] {dag.py:3452} INFO - Setting next_dagrun for example_task_group to 2023-04-21T23:34:56.927543+00:00, run_after=2023-04-22T23:34:56.927543+00:00
[2023-04-23T01:34:56.945+0200] {processor.py:175} INFO - Processing /Users/siddalingkattimani/dbt_env/lib/python3.11/site-packages/airflow/example_dags/example_task_group.py took 0.691 seconds
