[2023-04-23T00:44:55.904+0200] {processor.py:153} INFO - Started process (PID=46788) to work on /Users/siddalingkattimani/dbt_env/lib/python3.11/site-packages/airflow/example_dags/example_latest_only.py
[2023-04-23T00:44:55.907+0200] {processor.py:743} INFO - Processing file /Users/siddalingkattimani/dbt_env/lib/python3.11/site-packages/airflow/example_dags/example_latest_only.py for tasks to queue
[2023-04-23T00:44:55.907+0200] {logging_mixin.py:137} INFO - [2023-04-23T00:44:55.907+0200] {dagbag.py:532} INFO - Filling up the DagBag from /Users/siddalingkattimani/dbt_env/lib/python3.11/site-packages/airflow/example_dags/example_latest_only.py
[2023-04-23T00:44:55.925+0200] {processor.py:753} INFO - DAG(s) dict_keys(['latest_only']) retrieved from /Users/siddalingkattimani/dbt_env/lib/python3.11/site-packages/airflow/example_dags/example_latest_only.py
[2023-04-23T00:44:56.820+0200] {logging_mixin.py:137} INFO - [2023-04-23T00:44:56.820+0200] {manager.py:504} INFO - Created Permission View: can edit on DAG:latest_only
[2023-04-23T00:44:56.831+0200] {logging_mixin.py:137} INFO - [2023-04-23T00:44:56.830+0200] {manager.py:504} INFO - Created Permission View: can delete on DAG:latest_only
[2023-04-23T00:44:56.838+0200] {logging_mixin.py:137} INFO - [2023-04-23T00:44:56.838+0200] {manager.py:504} INFO - Created Permission View: can read on DAG:latest_only
[2023-04-23T00:44:56.838+0200] {logging_mixin.py:137} INFO - [2023-04-23T00:44:56.838+0200] {dag.py:2705} INFO - Sync 1 DAGs
[2023-04-23T00:44:56.853+0200] {logging_mixin.py:137} INFO - [2023-04-23T00:44:56.852+0200] {dag.py:2726} INFO - Creating ORM DAG for latest_only
[2023-04-23T00:44:56.863+0200] {logging_mixin.py:137} INFO - [2023-04-23T00:44:56.863+0200] {dag.py:3452} INFO - Setting next_dagrun for latest_only to 2023-04-22T18:44:56.863403+00:00, run_after=2023-04-22T22:44:56.863403+00:00
[2023-04-23T00:44:56.884+0200] {processor.py:175} INFO - Processing /Users/siddalingkattimani/dbt_env/lib/python3.11/site-packages/airflow/example_dags/example_latest_only.py took 0.981 seconds
[2023-04-23T00:46:55.153+0200] {processor.py:153} INFO - Started process (PID=46835) to work on /Users/siddalingkattimani/dbt_env/lib/python3.11/site-packages/airflow/example_dags/example_latest_only.py
[2023-04-23T00:46:55.156+0200] {processor.py:743} INFO - Processing file /Users/siddalingkattimani/dbt_env/lib/python3.11/site-packages/airflow/example_dags/example_latest_only.py for tasks to queue
[2023-04-23T00:46:55.157+0200] {logging_mixin.py:137} INFO - [2023-04-23T00:46:55.156+0200] {dagbag.py:532} INFO - Filling up the DagBag from /Users/siddalingkattimani/dbt_env/lib/python3.11/site-packages/airflow/example_dags/example_latest_only.py
[2023-04-23T00:46:55.174+0200] {processor.py:753} INFO - DAG(s) dict_keys(['latest_only']) retrieved from /Users/siddalingkattimani/dbt_env/lib/python3.11/site-packages/airflow/example_dags/example_latest_only.py
[2023-04-23T00:46:56.265+0200] {logging_mixin.py:137} INFO - [2023-04-23T00:46:56.265+0200] {dag.py:2705} INFO - Sync 1 DAGs
[2023-04-23T00:46:56.278+0200] {logging_mixin.py:137} INFO - [2023-04-23T00:46:56.278+0200] {dag.py:3452} INFO - Setting next_dagrun for latest_only to 2023-04-22T18:46:56.278444+00:00, run_after=2023-04-22T22:46:56.278444+00:00
[2023-04-23T00:46:56.296+0200] {processor.py:175} INFO - Processing /Users/siddalingkattimani/dbt_env/lib/python3.11/site-packages/airflow/example_dags/example_latest_only.py took 1.143 seconds
[2023-04-23T00:48:57.999+0200] {processor.py:153} INFO - Started process (PID=46880) to work on /Users/siddalingkattimani/dbt_env/lib/python3.11/site-packages/airflow/example_dags/example_latest_only.py
[2023-04-23T00:48:58.002+0200] {processor.py:743} INFO - Processing file /Users/siddalingkattimani/dbt_env/lib/python3.11/site-packages/airflow/example_dags/example_latest_only.py for tasks to queue
[2023-04-23T00:48:58.002+0200] {logging_mixin.py:137} INFO - [2023-04-23T00:48:58.002+0200] {dagbag.py:532} INFO - Filling up the DagBag from /Users/siddalingkattimani/dbt_env/lib/python3.11/site-packages/airflow/example_dags/example_latest_only.py
[2023-04-23T00:48:58.021+0200] {processor.py:753} INFO - DAG(s) dict_keys(['latest_only']) retrieved from /Users/siddalingkattimani/dbt_env/lib/python3.11/site-packages/airflow/example_dags/example_latest_only.py
[2023-04-23T00:48:58.716+0200] {logging_mixin.py:137} INFO - [2023-04-23T00:48:58.715+0200] {dag.py:2705} INFO - Sync 1 DAGs
[2023-04-23T00:48:58.730+0200] {logging_mixin.py:137} INFO - [2023-04-23T00:48:58.730+0200] {dag.py:3452} INFO - Setting next_dagrun for latest_only to 2023-04-22T18:48:58.730165+00:00, run_after=2023-04-22T22:48:58.730165+00:00
[2023-04-23T00:48:58.752+0200] {processor.py:175} INFO - Processing /Users/siddalingkattimani/dbt_env/lib/python3.11/site-packages/airflow/example_dags/example_latest_only.py took 0.753 seconds
[2023-04-23T00:50:59.931+0200] {processor.py:153} INFO - Started process (PID=46925) to work on /Users/siddalingkattimani/dbt_env/lib/python3.11/site-packages/airflow/example_dags/example_latest_only.py
[2023-04-23T00:50:59.938+0200] {processor.py:743} INFO - Processing file /Users/siddalingkattimani/dbt_env/lib/python3.11/site-packages/airflow/example_dags/example_latest_only.py for tasks to queue
[2023-04-23T00:50:59.940+0200] {logging_mixin.py:137} INFO - [2023-04-23T00:50:59.939+0200] {dagbag.py:532} INFO - Filling up the DagBag from /Users/siddalingkattimani/dbt_env/lib/python3.11/site-packages/airflow/example_dags/example_latest_only.py
[2023-04-23T00:50:59.972+0200] {processor.py:753} INFO - DAG(s) dict_keys(['latest_only']) retrieved from /Users/siddalingkattimani/dbt_env/lib/python3.11/site-packages/airflow/example_dags/example_latest_only.py
[2023-04-23T00:51:00.746+0200] {logging_mixin.py:137} INFO - [2023-04-23T00:51:00.746+0200] {dag.py:2705} INFO - Sync 1 DAGs
[2023-04-23T00:51:00.760+0200] {logging_mixin.py:137} INFO - [2023-04-23T00:51:00.760+0200] {dag.py:3452} INFO - Setting next_dagrun for latest_only to 2023-04-22T18:51:00.760454+00:00, run_after=2023-04-22T22:51:00.760454+00:00
[2023-04-23T00:51:00.782+0200] {processor.py:175} INFO - Processing /Users/siddalingkattimani/dbt_env/lib/python3.11/site-packages/airflow/example_dags/example_latest_only.py took 0.852 seconds
[2023-04-23T00:53:11.109+0200] {processor.py:153} INFO - Started process (PID=46986) to work on /Users/siddalingkattimani/dbt_env/lib/python3.11/site-packages/airflow/example_dags/example_latest_only.py
[2023-04-23T00:53:11.111+0200] {processor.py:743} INFO - Processing file /Users/siddalingkattimani/dbt_env/lib/python3.11/site-packages/airflow/example_dags/example_latest_only.py for tasks to queue
[2023-04-23T00:53:11.112+0200] {logging_mixin.py:137} INFO - [2023-04-23T00:53:11.112+0200] {dagbag.py:532} INFO - Filling up the DagBag from /Users/siddalingkattimani/dbt_env/lib/python3.11/site-packages/airflow/example_dags/example_latest_only.py
[2023-04-23T00:53:11.129+0200] {processor.py:753} INFO - DAG(s) dict_keys(['latest_only']) retrieved from /Users/siddalingkattimani/dbt_env/lib/python3.11/site-packages/airflow/example_dags/example_latest_only.py
[2023-04-23T00:53:11.782+0200] {logging_mixin.py:137} INFO - [2023-04-23T00:53:11.781+0200] {dag.py:2705} INFO - Sync 1 DAGs
[2023-04-23T00:53:11.794+0200] {logging_mixin.py:137} INFO - [2023-04-23T00:53:11.794+0200] {dag.py:3452} INFO - Setting next_dagrun for latest_only to 2023-04-22T18:53:11.794303+00:00, run_after=2023-04-22T22:53:11.794303+00:00
[2023-04-23T00:53:11.813+0200] {processor.py:175} INFO - Processing /Users/siddalingkattimani/dbt_env/lib/python3.11/site-packages/airflow/example_dags/example_latest_only.py took 0.705 seconds
[2023-04-23T00:55:09.602+0200] {processor.py:153} INFO - Started process (PID=47053) to work on /Users/siddalingkattimani/dbt_env/lib/python3.11/site-packages/airflow/example_dags/example_latest_only.py
[2023-04-23T00:55:09.608+0200] {processor.py:743} INFO - Processing file /Users/siddalingkattimani/dbt_env/lib/python3.11/site-packages/airflow/example_dags/example_latest_only.py for tasks to queue
[2023-04-23T00:55:09.609+0200] {logging_mixin.py:137} INFO - [2023-04-23T00:55:09.608+0200] {dagbag.py:532} INFO - Filling up the DagBag from /Users/siddalingkattimani/dbt_env/lib/python3.11/site-packages/airflow/example_dags/example_latest_only.py
[2023-04-23T00:55:09.631+0200] {processor.py:753} INFO - DAG(s) dict_keys(['latest_only']) retrieved from /Users/siddalingkattimani/dbt_env/lib/python3.11/site-packages/airflow/example_dags/example_latest_only.py
[2023-04-23T00:55:10.338+0200] {logging_mixin.py:137} INFO - [2023-04-23T00:55:10.337+0200] {dag.py:2705} INFO - Sync 1 DAGs
[2023-04-23T00:55:10.352+0200] {logging_mixin.py:137} INFO - [2023-04-23T00:55:10.352+0200] {dag.py:3452} INFO - Setting next_dagrun for latest_only to 2023-04-22T18:55:10.352067+00:00, run_after=2023-04-22T22:55:10.352067+00:00
[2023-04-23T00:55:10.373+0200] {processor.py:175} INFO - Processing /Users/siddalingkattimani/dbt_env/lib/python3.11/site-packages/airflow/example_dags/example_latest_only.py took 0.771 seconds
[2023-04-23T00:57:20.503+0200] {processor.py:153} INFO - Started process (PID=47107) to work on /Users/siddalingkattimani/dbt_env/lib/python3.11/site-packages/airflow/example_dags/example_latest_only.py
[2023-04-23T00:57:20.508+0200] {processor.py:743} INFO - Processing file /Users/siddalingkattimani/dbt_env/lib/python3.11/site-packages/airflow/example_dags/example_latest_only.py for tasks to queue
[2023-04-23T00:57:20.508+0200] {logging_mixin.py:137} INFO - [2023-04-23T00:57:20.508+0200] {dagbag.py:532} INFO - Filling up the DagBag from /Users/siddalingkattimani/dbt_env/lib/python3.11/site-packages/airflow/example_dags/example_latest_only.py
[2023-04-23T00:57:20.532+0200] {processor.py:753} INFO - DAG(s) dict_keys(['latest_only']) retrieved from /Users/siddalingkattimani/dbt_env/lib/python3.11/site-packages/airflow/example_dags/example_latest_only.py
[2023-04-23T00:57:21.545+0200] {logging_mixin.py:137} INFO - [2023-04-23T00:57:21.544+0200] {dag.py:2705} INFO - Sync 1 DAGs
[2023-04-23T00:57:21.559+0200] {logging_mixin.py:137} INFO - [2023-04-23T00:57:21.559+0200] {dag.py:3452} INFO - Setting next_dagrun for latest_only to 2023-04-22T18:57:21.559687+00:00, run_after=2023-04-22T22:57:21.559687+00:00
[2023-04-23T00:57:21.578+0200] {processor.py:175} INFO - Processing /Users/siddalingkattimani/dbt_env/lib/python3.11/site-packages/airflow/example_dags/example_latest_only.py took 1.076 seconds
[2023-04-23T00:59:27.304+0200] {processor.py:153} INFO - Started process (PID=47154) to work on /Users/siddalingkattimani/dbt_env/lib/python3.11/site-packages/airflow/example_dags/example_latest_only.py
[2023-04-23T00:59:27.308+0200] {processor.py:743} INFO - Processing file /Users/siddalingkattimani/dbt_env/lib/python3.11/site-packages/airflow/example_dags/example_latest_only.py for tasks to queue
[2023-04-23T00:59:27.309+0200] {logging_mixin.py:137} INFO - [2023-04-23T00:59:27.309+0200] {dagbag.py:532} INFO - Filling up the DagBag from /Users/siddalingkattimani/dbt_env/lib/python3.11/site-packages/airflow/example_dags/example_latest_only.py
[2023-04-23T00:59:27.347+0200] {processor.py:753} INFO - DAG(s) dict_keys(['latest_only']) retrieved from /Users/siddalingkattimani/dbt_env/lib/python3.11/site-packages/airflow/example_dags/example_latest_only.py
[2023-04-23T00:59:28.261+0200] {logging_mixin.py:137} INFO - [2023-04-23T00:59:28.261+0200] {dag.py:2705} INFO - Sync 1 DAGs
[2023-04-23T00:59:28.277+0200] {logging_mixin.py:137} INFO - [2023-04-23T00:59:28.277+0200] {dag.py:3452} INFO - Setting next_dagrun for latest_only to 2023-04-22T18:59:28.276994+00:00, run_after=2023-04-22T22:59:28.276994+00:00
[2023-04-23T00:59:28.300+0200] {processor.py:175} INFO - Processing /Users/siddalingkattimani/dbt_env/lib/python3.11/site-packages/airflow/example_dags/example_latest_only.py took 0.996 seconds
[2023-04-23T01:01:42.735+0200] {processor.py:153} INFO - Started process (PID=47202) to work on /Users/siddalingkattimani/dbt_env/lib/python3.11/site-packages/airflow/example_dags/example_latest_only.py
[2023-04-23T01:01:42.739+0200] {processor.py:743} INFO - Processing file /Users/siddalingkattimani/dbt_env/lib/python3.11/site-packages/airflow/example_dags/example_latest_only.py for tasks to queue
[2023-04-23T01:01:42.740+0200] {logging_mixin.py:137} INFO - [2023-04-23T01:01:42.740+0200] {dagbag.py:532} INFO - Filling up the DagBag from /Users/siddalingkattimani/dbt_env/lib/python3.11/site-packages/airflow/example_dags/example_latest_only.py
[2023-04-23T01:01:42.760+0200] {processor.py:753} INFO - DAG(s) dict_keys(['latest_only']) retrieved from /Users/siddalingkattimani/dbt_env/lib/python3.11/site-packages/airflow/example_dags/example_latest_only.py
[2023-04-23T01:01:43.855+0200] {logging_mixin.py:137} INFO - [2023-04-23T01:01:43.855+0200] {dag.py:2705} INFO - Sync 1 DAGs
[2023-04-23T01:01:43.870+0200] {logging_mixin.py:137} INFO - [2023-04-23T01:01:43.870+0200] {dag.py:3452} INFO - Setting next_dagrun for latest_only to 2023-04-22T19:01:43.870109+00:00, run_after=2023-04-22T23:01:43.870109+00:00
[2023-04-23T01:01:43.890+0200] {processor.py:175} INFO - Processing /Users/siddalingkattimani/dbt_env/lib/python3.11/site-packages/airflow/example_dags/example_latest_only.py took 1.156 seconds
[2023-04-23T01:03:44.992+0200] {processor.py:153} INFO - Started process (PID=47247) to work on /Users/siddalingkattimani/dbt_env/lib/python3.11/site-packages/airflow/example_dags/example_latest_only.py
[2023-04-23T01:03:44.995+0200] {processor.py:743} INFO - Processing file /Users/siddalingkattimani/dbt_env/lib/python3.11/site-packages/airflow/example_dags/example_latest_only.py for tasks to queue
[2023-04-23T01:03:44.995+0200] {logging_mixin.py:137} INFO - [2023-04-23T01:03:44.995+0200] {dagbag.py:532} INFO - Filling up the DagBag from /Users/siddalingkattimani/dbt_env/lib/python3.11/site-packages/airflow/example_dags/example_latest_only.py
[2023-04-23T01:03:45.012+0200] {processor.py:753} INFO - DAG(s) dict_keys(['latest_only']) retrieved from /Users/siddalingkattimani/dbt_env/lib/python3.11/site-packages/airflow/example_dags/example_latest_only.py
[2023-04-23T01:03:45.674+0200] {logging_mixin.py:137} INFO - [2023-04-23T01:03:45.674+0200] {dag.py:2705} INFO - Sync 1 DAGs
[2023-04-23T01:03:45.687+0200] {logging_mixin.py:137} INFO - [2023-04-23T01:03:45.687+0200] {dag.py:3452} INFO - Setting next_dagrun for latest_only to 2023-04-22T19:03:45.687665+00:00, run_after=2023-04-22T23:03:45.687665+00:00
[2023-04-23T01:03:45.705+0200] {processor.py:175} INFO - Processing /Users/siddalingkattimani/dbt_env/lib/python3.11/site-packages/airflow/example_dags/example_latest_only.py took 0.714 seconds
[2023-04-23T01:05:58.099+0200] {processor.py:153} INFO - Started process (PID=47355) to work on /Users/siddalingkattimani/dbt_env/lib/python3.11/site-packages/airflow/example_dags/example_latest_only.py
[2023-04-23T01:05:58.103+0200] {processor.py:743} INFO - Processing file /Users/siddalingkattimani/dbt_env/lib/python3.11/site-packages/airflow/example_dags/example_latest_only.py for tasks to queue
[2023-04-23T01:05:58.104+0200] {logging_mixin.py:137} INFO - [2023-04-23T01:05:58.103+0200] {dagbag.py:532} INFO - Filling up the DagBag from /Users/siddalingkattimani/dbt_env/lib/python3.11/site-packages/airflow/example_dags/example_latest_only.py
[2023-04-23T01:05:58.122+0200] {processor.py:753} INFO - DAG(s) dict_keys(['latest_only']) retrieved from /Users/siddalingkattimani/dbt_env/lib/python3.11/site-packages/airflow/example_dags/example_latest_only.py
[2023-04-23T01:05:58.837+0200] {logging_mixin.py:137} INFO - [2023-04-23T01:05:58.836+0200] {dag.py:2705} INFO - Sync 1 DAGs
[2023-04-23T01:05:58.849+0200] {logging_mixin.py:137} INFO - [2023-04-23T01:05:58.849+0200] {dag.py:3452} INFO - Setting next_dagrun for latest_only to 2023-04-22T19:05:58.849621+00:00, run_after=2023-04-22T23:05:58.849621+00:00
[2023-04-23T01:05:58.868+0200] {processor.py:175} INFO - Processing /Users/siddalingkattimani/dbt_env/lib/python3.11/site-packages/airflow/example_dags/example_latest_only.py took 0.770 seconds
[2023-04-23T01:08:25.100+0200] {processor.py:153} INFO - Started process (PID=47521) to work on /Users/siddalingkattimani/dbt_env/lib/python3.11/site-packages/airflow/example_dags/example_latest_only.py
[2023-04-23T01:08:25.105+0200] {processor.py:743} INFO - Processing file /Users/siddalingkattimani/dbt_env/lib/python3.11/site-packages/airflow/example_dags/example_latest_only.py for tasks to queue
[2023-04-23T01:08:25.106+0200] {logging_mixin.py:137} INFO - [2023-04-23T01:08:25.106+0200] {dagbag.py:532} INFO - Filling up the DagBag from /Users/siddalingkattimani/dbt_env/lib/python3.11/site-packages/airflow/example_dags/example_latest_only.py
[2023-04-23T01:08:25.128+0200] {processor.py:753} INFO - DAG(s) dict_keys(['latest_only']) retrieved from /Users/siddalingkattimani/dbt_env/lib/python3.11/site-packages/airflow/example_dags/example_latest_only.py
[2023-04-23T01:08:26.277+0200] {logging_mixin.py:137} INFO - [2023-04-23T01:08:26.277+0200] {dag.py:2705} INFO - Sync 1 DAGs
[2023-04-23T01:08:26.297+0200] {logging_mixin.py:137} INFO - [2023-04-23T01:08:26.297+0200] {dag.py:3452} INFO - Setting next_dagrun for latest_only to 2023-04-22T19:08:26.297091+00:00, run_after=2023-04-22T23:08:26.297091+00:00
[2023-04-23T01:08:26.319+0200] {processor.py:175} INFO - Processing /Users/siddalingkattimani/dbt_env/lib/python3.11/site-packages/airflow/example_dags/example_latest_only.py took 1.219 seconds
[2023-04-23T01:10:56.569+0200] {processor.py:153} INFO - Started process (PID=47656) to work on /Users/siddalingkattimani/dbt_env/lib/python3.11/site-packages/airflow/example_dags/example_latest_only.py
[2023-04-23T01:10:56.574+0200] {processor.py:743} INFO - Processing file /Users/siddalingkattimani/dbt_env/lib/python3.11/site-packages/airflow/example_dags/example_latest_only.py for tasks to queue
[2023-04-23T01:10:56.575+0200] {logging_mixin.py:137} INFO - [2023-04-23T01:10:56.575+0200] {dagbag.py:532} INFO - Filling up the DagBag from /Users/siddalingkattimani/dbt_env/lib/python3.11/site-packages/airflow/example_dags/example_latest_only.py
[2023-04-23T01:10:56.609+0200] {processor.py:753} INFO - DAG(s) dict_keys(['latest_only']) retrieved from /Users/siddalingkattimani/dbt_env/lib/python3.11/site-packages/airflow/example_dags/example_latest_only.py
[2023-04-23T01:10:57.455+0200] {logging_mixin.py:137} INFO - [2023-04-23T01:10:57.455+0200] {dag.py:2705} INFO - Sync 1 DAGs
[2023-04-23T01:10:57.470+0200] {logging_mixin.py:137} INFO - [2023-04-23T01:10:57.470+0200] {dag.py:3452} INFO - Setting next_dagrun for latest_only to 2023-04-22T19:10:57.470194+00:00, run_after=2023-04-22T23:10:57.470194+00:00
[2023-04-23T01:10:57.487+0200] {processor.py:175} INFO - Processing /Users/siddalingkattimani/dbt_env/lib/python3.11/site-packages/airflow/example_dags/example_latest_only.py took 0.919 seconds
[2023-04-23T01:13:02.342+0200] {processor.py:153} INFO - Started process (PID=47701) to work on /Users/siddalingkattimani/dbt_env/lib/python3.11/site-packages/airflow/example_dags/example_latest_only.py
[2023-04-23T01:13:02.345+0200] {processor.py:743} INFO - Processing file /Users/siddalingkattimani/dbt_env/lib/python3.11/site-packages/airflow/example_dags/example_latest_only.py for tasks to queue
[2023-04-23T01:13:02.346+0200] {logging_mixin.py:137} INFO - [2023-04-23T01:13:02.346+0200] {dagbag.py:532} INFO - Filling up the DagBag from /Users/siddalingkattimani/dbt_env/lib/python3.11/site-packages/airflow/example_dags/example_latest_only.py
[2023-04-23T01:13:02.367+0200] {processor.py:753} INFO - DAG(s) dict_keys(['latest_only']) retrieved from /Users/siddalingkattimani/dbt_env/lib/python3.11/site-packages/airflow/example_dags/example_latest_only.py
[2023-04-23T01:13:03.194+0200] {logging_mixin.py:137} INFO - [2023-04-23T01:13:03.193+0200] {dag.py:2705} INFO - Sync 1 DAGs
[2023-04-23T01:13:03.210+0200] {logging_mixin.py:137} INFO - [2023-04-23T01:13:03.210+0200] {dag.py:3452} INFO - Setting next_dagrun for latest_only to 2023-04-22T19:13:03.210642+00:00, run_after=2023-04-22T23:13:03.210642+00:00
[2023-04-23T01:13:03.228+0200] {processor.py:175} INFO - Processing /Users/siddalingkattimani/dbt_env/lib/python3.11/site-packages/airflow/example_dags/example_latest_only.py took 0.887 seconds
[2023-04-23T01:15:05.811+0200] {processor.py:153} INFO - Started process (PID=47749) to work on /Users/siddalingkattimani/dbt_env/lib/python3.11/site-packages/airflow/example_dags/example_latest_only.py
[2023-04-23T01:15:05.815+0200] {processor.py:743} INFO - Processing file /Users/siddalingkattimani/dbt_env/lib/python3.11/site-packages/airflow/example_dags/example_latest_only.py for tasks to queue
[2023-04-23T01:15:05.815+0200] {logging_mixin.py:137} INFO - [2023-04-23T01:15:05.815+0200] {dagbag.py:532} INFO - Filling up the DagBag from /Users/siddalingkattimani/dbt_env/lib/python3.11/site-packages/airflow/example_dags/example_latest_only.py
[2023-04-23T01:15:05.836+0200] {processor.py:753} INFO - DAG(s) dict_keys(['latest_only']) retrieved from /Users/siddalingkattimani/dbt_env/lib/python3.11/site-packages/airflow/example_dags/example_latest_only.py
[2023-04-23T01:15:06.506+0200] {logging_mixin.py:137} INFO - [2023-04-23T01:15:06.506+0200] {dag.py:2705} INFO - Sync 1 DAGs
[2023-04-23T01:15:06.520+0200] {logging_mixin.py:137} INFO - [2023-04-23T01:15:06.520+0200] {dag.py:3452} INFO - Setting next_dagrun for latest_only to 2023-04-22T19:15:06.520049+00:00, run_after=2023-04-22T23:15:06.520049+00:00
[2023-04-23T01:15:06.537+0200] {processor.py:175} INFO - Processing /Users/siddalingkattimani/dbt_env/lib/python3.11/site-packages/airflow/example_dags/example_latest_only.py took 0.727 seconds
[2023-04-23T01:17:09.451+0200] {processor.py:153} INFO - Started process (PID=47794) to work on /Users/siddalingkattimani/dbt_env/lib/python3.11/site-packages/airflow/example_dags/example_latest_only.py
[2023-04-23T01:17:09.457+0200] {processor.py:743} INFO - Processing file /Users/siddalingkattimani/dbt_env/lib/python3.11/site-packages/airflow/example_dags/example_latest_only.py for tasks to queue
[2023-04-23T01:17:09.457+0200] {logging_mixin.py:137} INFO - [2023-04-23T01:17:09.457+0200] {dagbag.py:532} INFO - Filling up the DagBag from /Users/siddalingkattimani/dbt_env/lib/python3.11/site-packages/airflow/example_dags/example_latest_only.py
[2023-04-23T01:17:09.527+0200] {processor.py:753} INFO - DAG(s) dict_keys(['latest_only']) retrieved from /Users/siddalingkattimani/dbt_env/lib/python3.11/site-packages/airflow/example_dags/example_latest_only.py
[2023-04-23T01:17:10.481+0200] {logging_mixin.py:137} INFO - [2023-04-23T01:17:10.481+0200] {dag.py:2705} INFO - Sync 1 DAGs
[2023-04-23T01:17:10.495+0200] {logging_mixin.py:137} INFO - [2023-04-23T01:17:10.495+0200] {dag.py:3452} INFO - Setting next_dagrun for latest_only to 2023-04-22T19:17:10.495198+00:00, run_after=2023-04-22T23:17:10.495198+00:00
[2023-04-23T01:17:10.511+0200] {processor.py:175} INFO - Processing /Users/siddalingkattimani/dbt_env/lib/python3.11/site-packages/airflow/example_dags/example_latest_only.py took 1.060 seconds
[2023-04-23T01:19:11.191+0200] {processor.py:153} INFO - Started process (PID=47839) to work on /Users/siddalingkattimani/dbt_env/lib/python3.11/site-packages/airflow/example_dags/example_latest_only.py
[2023-04-23T01:19:11.194+0200] {processor.py:743} INFO - Processing file /Users/siddalingkattimani/dbt_env/lib/python3.11/site-packages/airflow/example_dags/example_latest_only.py for tasks to queue
[2023-04-23T01:19:11.194+0200] {logging_mixin.py:137} INFO - [2023-04-23T01:19:11.194+0200] {dagbag.py:532} INFO - Filling up the DagBag from /Users/siddalingkattimani/dbt_env/lib/python3.11/site-packages/airflow/example_dags/example_latest_only.py
[2023-04-23T01:19:11.216+0200] {processor.py:753} INFO - DAG(s) dict_keys(['latest_only']) retrieved from /Users/siddalingkattimani/dbt_env/lib/python3.11/site-packages/airflow/example_dags/example_latest_only.py
[2023-04-23T01:19:11.949+0200] {logging_mixin.py:137} INFO - [2023-04-23T01:19:11.949+0200] {dag.py:2705} INFO - Sync 1 DAGs
[2023-04-23T01:19:11.964+0200] {logging_mixin.py:137} INFO - [2023-04-23T01:19:11.963+0200] {dag.py:3452} INFO - Setting next_dagrun for latest_only to 2023-04-22T19:19:11.963732+00:00, run_after=2023-04-22T23:19:11.963732+00:00
[2023-04-23T01:19:11.982+0200] {processor.py:175} INFO - Processing /Users/siddalingkattimani/dbt_env/lib/python3.11/site-packages/airflow/example_dags/example_latest_only.py took 0.792 seconds
[2023-04-23T01:21:16.733+0200] {processor.py:153} INFO - Started process (PID=47885) to work on /Users/siddalingkattimani/dbt_env/lib/python3.11/site-packages/airflow/example_dags/example_latest_only.py
[2023-04-23T01:21:16.736+0200] {processor.py:743} INFO - Processing file /Users/siddalingkattimani/dbt_env/lib/python3.11/site-packages/airflow/example_dags/example_latest_only.py for tasks to queue
[2023-04-23T01:21:16.736+0200] {logging_mixin.py:137} INFO - [2023-04-23T01:21:16.736+0200] {dagbag.py:532} INFO - Filling up the DagBag from /Users/siddalingkattimani/dbt_env/lib/python3.11/site-packages/airflow/example_dags/example_latest_only.py
[2023-04-23T01:21:16.756+0200] {processor.py:753} INFO - DAG(s) dict_keys(['latest_only']) retrieved from /Users/siddalingkattimani/dbt_env/lib/python3.11/site-packages/airflow/example_dags/example_latest_only.py
[2023-04-23T01:21:17.730+0200] {logging_mixin.py:137} INFO - [2023-04-23T01:21:17.730+0200] {dag.py:2705} INFO - Sync 1 DAGs
[2023-04-23T01:21:17.746+0200] {logging_mixin.py:137} INFO - [2023-04-23T01:21:17.746+0200] {dag.py:3452} INFO - Setting next_dagrun for latest_only to 2023-04-22T19:21:17.746449+00:00, run_after=2023-04-22T23:21:17.746449+00:00
[2023-04-23T01:21:17.766+0200] {processor.py:175} INFO - Processing /Users/siddalingkattimani/dbt_env/lib/python3.11/site-packages/airflow/example_dags/example_latest_only.py took 1.034 seconds
[2023-04-23T01:23:18.495+0200] {processor.py:153} INFO - Started process (PID=47932) to work on /Users/siddalingkattimani/dbt_env/lib/python3.11/site-packages/airflow/example_dags/example_latest_only.py
[2023-04-23T01:23:18.499+0200] {processor.py:743} INFO - Processing file /Users/siddalingkattimani/dbt_env/lib/python3.11/site-packages/airflow/example_dags/example_latest_only.py for tasks to queue
[2023-04-23T01:23:18.500+0200] {logging_mixin.py:137} INFO - [2023-04-23T01:23:18.500+0200] {dagbag.py:532} INFO - Filling up the DagBag from /Users/siddalingkattimani/dbt_env/lib/python3.11/site-packages/airflow/example_dags/example_latest_only.py
[2023-04-23T01:23:18.545+0200] {processor.py:753} INFO - DAG(s) dict_keys(['latest_only']) retrieved from /Users/siddalingkattimani/dbt_env/lib/python3.11/site-packages/airflow/example_dags/example_latest_only.py
[2023-04-23T01:23:19.287+0200] {logging_mixin.py:137} INFO - [2023-04-23T01:23:19.287+0200] {dag.py:2705} INFO - Sync 1 DAGs
[2023-04-23T01:23:19.300+0200] {logging_mixin.py:137} INFO - [2023-04-23T01:23:19.300+0200] {dag.py:3452} INFO - Setting next_dagrun for latest_only to 2023-04-22T19:23:19.300519+00:00, run_after=2023-04-22T23:23:19.300519+00:00
[2023-04-23T01:23:19.316+0200] {processor.py:175} INFO - Processing /Users/siddalingkattimani/dbt_env/lib/python3.11/site-packages/airflow/example_dags/example_latest_only.py took 0.823 seconds
[2023-04-23T01:25:17.431+0200] {processor.py:153} INFO - Started process (PID=48002) to work on /Users/siddalingkattimani/dbt_env/lib/python3.11/site-packages/airflow/example_dags/example_latest_only.py
[2023-04-23T01:25:17.434+0200] {processor.py:743} INFO - Processing file /Users/siddalingkattimani/dbt_env/lib/python3.11/site-packages/airflow/example_dags/example_latest_only.py for tasks to queue
[2023-04-23T01:25:17.435+0200] {logging_mixin.py:137} INFO - [2023-04-23T01:25:17.435+0200] {dagbag.py:532} INFO - Filling up the DagBag from /Users/siddalingkattimani/dbt_env/lib/python3.11/site-packages/airflow/example_dags/example_latest_only.py
[2023-04-23T01:25:17.454+0200] {processor.py:753} INFO - DAG(s) dict_keys(['latest_only']) retrieved from /Users/siddalingkattimani/dbt_env/lib/python3.11/site-packages/airflow/example_dags/example_latest_only.py
[2023-04-23T01:25:18.135+0200] {logging_mixin.py:137} INFO - [2023-04-23T01:25:18.135+0200] {dag.py:2705} INFO - Sync 1 DAGs
[2023-04-23T01:25:18.148+0200] {logging_mixin.py:137} INFO - [2023-04-23T01:25:18.147+0200] {dag.py:3452} INFO - Setting next_dagrun for latest_only to 2023-04-22T19:25:18.147790+00:00, run_after=2023-04-22T23:25:18.147790+00:00
[2023-04-23T01:25:18.165+0200] {processor.py:175} INFO - Processing /Users/siddalingkattimani/dbt_env/lib/python3.11/site-packages/airflow/example_dags/example_latest_only.py took 0.734 seconds
[2023-04-23T01:27:18.567+0200] {processor.py:153} INFO - Started process (PID=48048) to work on /Users/siddalingkattimani/dbt_env/lib/python3.11/site-packages/airflow/example_dags/example_latest_only.py
[2023-04-23T01:27:18.571+0200] {processor.py:743} INFO - Processing file /Users/siddalingkattimani/dbt_env/lib/python3.11/site-packages/airflow/example_dags/example_latest_only.py for tasks to queue
[2023-04-23T01:27:18.571+0200] {logging_mixin.py:137} INFO - [2023-04-23T01:27:18.571+0200] {dagbag.py:532} INFO - Filling up the DagBag from /Users/siddalingkattimani/dbt_env/lib/python3.11/site-packages/airflow/example_dags/example_latest_only.py
[2023-04-23T01:27:18.595+0200] {processor.py:753} INFO - DAG(s) dict_keys(['latest_only']) retrieved from /Users/siddalingkattimani/dbt_env/lib/python3.11/site-packages/airflow/example_dags/example_latest_only.py
[2023-04-23T01:27:19.472+0200] {logging_mixin.py:137} INFO - [2023-04-23T01:27:19.472+0200] {dag.py:2705} INFO - Sync 1 DAGs
[2023-04-23T01:27:19.486+0200] {logging_mixin.py:137} INFO - [2023-04-23T01:27:19.486+0200] {dag.py:3452} INFO - Setting next_dagrun for latest_only to 2023-04-22T19:27:19.485938+00:00, run_after=2023-04-22T23:27:19.485938+00:00
[2023-04-23T01:27:19.501+0200] {processor.py:175} INFO - Processing /Users/siddalingkattimani/dbt_env/lib/python3.11/site-packages/airflow/example_dags/example_latest_only.py took 0.935 seconds
[2023-04-23T01:29:28.116+0200] {processor.py:153} INFO - Started process (PID=48096) to work on /Users/siddalingkattimani/dbt_env/lib/python3.11/site-packages/airflow/example_dags/example_latest_only.py
[2023-04-23T01:29:28.119+0200] {processor.py:743} INFO - Processing file /Users/siddalingkattimani/dbt_env/lib/python3.11/site-packages/airflow/example_dags/example_latest_only.py for tasks to queue
[2023-04-23T01:29:28.120+0200] {logging_mixin.py:137} INFO - [2023-04-23T01:29:28.119+0200] {dagbag.py:532} INFO - Filling up the DagBag from /Users/siddalingkattimani/dbt_env/lib/python3.11/site-packages/airflow/example_dags/example_latest_only.py
[2023-04-23T01:29:28.141+0200] {processor.py:753} INFO - DAG(s) dict_keys(['latest_only']) retrieved from /Users/siddalingkattimani/dbt_env/lib/python3.11/site-packages/airflow/example_dags/example_latest_only.py
[2023-04-23T01:29:29.125+0200] {logging_mixin.py:137} INFO - [2023-04-23T01:29:29.124+0200] {dag.py:2705} INFO - Sync 1 DAGs
[2023-04-23T01:29:29.140+0200] {logging_mixin.py:137} INFO - [2023-04-23T01:29:29.140+0200] {dag.py:3452} INFO - Setting next_dagrun for latest_only to 2023-04-22T19:29:29.139859+00:00, run_after=2023-04-22T23:29:29.139859+00:00
[2023-04-23T01:29:29.158+0200] {processor.py:175} INFO - Processing /Users/siddalingkattimani/dbt_env/lib/python3.11/site-packages/airflow/example_dags/example_latest_only.py took 1.043 seconds
[2023-04-23T01:31:26.378+0200] {processor.py:153} INFO - Started process (PID=48143) to work on /Users/siddalingkattimani/dbt_env/lib/python3.11/site-packages/airflow/example_dags/example_latest_only.py
[2023-04-23T01:31:26.381+0200] {processor.py:743} INFO - Processing file /Users/siddalingkattimani/dbt_env/lib/python3.11/site-packages/airflow/example_dags/example_latest_only.py for tasks to queue
[2023-04-23T01:31:26.382+0200] {logging_mixin.py:137} INFO - [2023-04-23T01:31:26.382+0200] {dagbag.py:532} INFO - Filling up the DagBag from /Users/siddalingkattimani/dbt_env/lib/python3.11/site-packages/airflow/example_dags/example_latest_only.py
[2023-04-23T01:31:26.402+0200] {processor.py:753} INFO - DAG(s) dict_keys(['latest_only']) retrieved from /Users/siddalingkattimani/dbt_env/lib/python3.11/site-packages/airflow/example_dags/example_latest_only.py
[2023-04-23T01:31:27.081+0200] {logging_mixin.py:137} INFO - [2023-04-23T01:31:27.080+0200] {dag.py:2705} INFO - Sync 1 DAGs
[2023-04-23T01:31:27.094+0200] {logging_mixin.py:137} INFO - [2023-04-23T01:31:27.094+0200] {dag.py:3452} INFO - Setting next_dagrun for latest_only to 2023-04-22T19:31:27.093878+00:00, run_after=2023-04-22T23:31:27.093878+00:00
[2023-04-23T01:31:27.120+0200] {processor.py:175} INFO - Processing /Users/siddalingkattimani/dbt_env/lib/python3.11/site-packages/airflow/example_dags/example_latest_only.py took 0.743 seconds
[2023-04-23T01:33:31.780+0200] {processor.py:153} INFO - Started process (PID=48191) to work on /Users/siddalingkattimani/dbt_env/lib/python3.11/site-packages/airflow/example_dags/example_latest_only.py
[2023-04-23T01:33:31.784+0200] {processor.py:743} INFO - Processing file /Users/siddalingkattimani/dbt_env/lib/python3.11/site-packages/airflow/example_dags/example_latest_only.py for tasks to queue
[2023-04-23T01:33:31.784+0200] {logging_mixin.py:137} INFO - [2023-04-23T01:33:31.784+0200] {dagbag.py:532} INFO - Filling up the DagBag from /Users/siddalingkattimani/dbt_env/lib/python3.11/site-packages/airflow/example_dags/example_latest_only.py
[2023-04-23T01:33:31.811+0200] {processor.py:753} INFO - DAG(s) dict_keys(['latest_only']) retrieved from /Users/siddalingkattimani/dbt_env/lib/python3.11/site-packages/airflow/example_dags/example_latest_only.py
[2023-04-23T01:33:32.541+0200] {logging_mixin.py:137} INFO - [2023-04-23T01:33:32.540+0200] {dag.py:2705} INFO - Sync 1 DAGs
[2023-04-23T01:33:32.559+0200] {logging_mixin.py:137} INFO - [2023-04-23T01:33:32.559+0200] {dag.py:3452} INFO - Setting next_dagrun for latest_only to 2023-04-22T19:33:32.559403+00:00, run_after=2023-04-22T23:33:32.559403+00:00
[2023-04-23T01:33:32.579+0200] {processor.py:175} INFO - Processing /Users/siddalingkattimani/dbt_env/lib/python3.11/site-packages/airflow/example_dags/example_latest_only.py took 0.800 seconds
[2023-04-23T01:35:39.414+0200] {processor.py:153} INFO - Started process (PID=48242) to work on /Users/siddalingkattimani/dbt_env/lib/python3.11/site-packages/airflow/example_dags/example_latest_only.py
[2023-04-23T01:35:39.417+0200] {processor.py:743} INFO - Processing file /Users/siddalingkattimani/dbt_env/lib/python3.11/site-packages/airflow/example_dags/example_latest_only.py for tasks to queue
[2023-04-23T01:35:39.418+0200] {logging_mixin.py:137} INFO - [2023-04-23T01:35:39.418+0200] {dagbag.py:532} INFO - Filling up the DagBag from /Users/siddalingkattimani/dbt_env/lib/python3.11/site-packages/airflow/example_dags/example_latest_only.py
[2023-04-23T01:35:39.437+0200] {processor.py:753} INFO - DAG(s) dict_keys(['latest_only']) retrieved from /Users/siddalingkattimani/dbt_env/lib/python3.11/site-packages/airflow/example_dags/example_latest_only.py
[2023-04-23T01:35:40.087+0200] {logging_mixin.py:137} INFO - [2023-04-23T01:35:40.086+0200] {dag.py:2705} INFO - Sync 1 DAGs
[2023-04-23T01:35:40.100+0200] {logging_mixin.py:137} INFO - [2023-04-23T01:35:40.100+0200] {dag.py:3452} INFO - Setting next_dagrun for latest_only to 2023-04-22T19:35:40.099973+00:00, run_after=2023-04-22T23:35:40.099973+00:00
[2023-04-23T01:35:40.115+0200] {processor.py:175} INFO - Processing /Users/siddalingkattimani/dbt_env/lib/python3.11/site-packages/airflow/example_dags/example_latest_only.py took 0.702 seconds
