[2023-04-23T00:44:12.835+0200] {processor.py:153} INFO - Started process (PID=46771) to work on /Users/siddalingkattimani/dbt_env/lib/python3.11/site-packages/airflow/example_dags/example_task_group_decorator.py
[2023-04-23T00:44:12.838+0200] {processor.py:743} INFO - Processing file /Users/siddalingkattimani/dbt_env/lib/python3.11/site-packages/airflow/example_dags/example_task_group_decorator.py for tasks to queue
[2023-04-23T00:44:12.838+0200] {logging_mixin.py:137} INFO - [2023-04-23T00:44:12.838+0200] {dagbag.py:532} INFO - Filling up the DagBag from /Users/siddalingkattimani/dbt_env/lib/python3.11/site-packages/airflow/example_dags/example_task_group_decorator.py
[2023-04-23T00:44:12.877+0200] {processor.py:753} INFO - DAG(s) dict_keys(['example_task_group_decorator']) retrieved from /Users/siddalingkattimani/dbt_env/lib/python3.11/site-packages/airflow/example_dags/example_task_group_decorator.py
[2023-04-23T00:44:13.649+0200] {logging_mixin.py:137} INFO - [2023-04-23T00:44:13.648+0200] {manager.py:504} INFO - Created Permission View: can delete on DAG:example_task_group_decorator
[2023-04-23T00:44:13.661+0200] {logging_mixin.py:137} INFO - [2023-04-23T00:44:13.660+0200] {manager.py:504} INFO - Created Permission View: can read on DAG:example_task_group_decorator
[2023-04-23T00:44:13.667+0200] {logging_mixin.py:137} INFO - [2023-04-23T00:44:13.667+0200] {manager.py:504} INFO - Created Permission View: can edit on DAG:example_task_group_decorator
[2023-04-23T00:44:13.668+0200] {logging_mixin.py:137} INFO - [2023-04-23T00:44:13.668+0200] {dag.py:2705} INFO - Sync 1 DAGs
[2023-04-23T00:44:13.682+0200] {logging_mixin.py:137} INFO - [2023-04-23T00:44:13.681+0200] {dag.py:2726} INFO - Creating ORM DAG for example_task_group_decorator
[2023-04-23T00:44:13.693+0200] {logging_mixin.py:137} INFO - [2023-04-23T00:44:13.693+0200] {dag.py:3452} INFO - Setting next_dagrun for example_task_group_decorator to 2023-04-21T22:44:13.693709+00:00, run_after=2023-04-22T22:44:13.693709+00:00
[2023-04-23T00:44:13.718+0200] {processor.py:175} INFO - Processing /Users/siddalingkattimani/dbt_env/lib/python3.11/site-packages/airflow/example_dags/example_task_group_decorator.py took 0.883 seconds
[2023-04-23T00:46:14.575+0200] {processor.py:153} INFO - Started process (PID=46817) to work on /Users/siddalingkattimani/dbt_env/lib/python3.11/site-packages/airflow/example_dags/example_task_group_decorator.py
[2023-04-23T00:46:14.578+0200] {processor.py:743} INFO - Processing file /Users/siddalingkattimani/dbt_env/lib/python3.11/site-packages/airflow/example_dags/example_task_group_decorator.py for tasks to queue
[2023-04-23T00:46:14.579+0200] {logging_mixin.py:137} INFO - [2023-04-23T00:46:14.579+0200] {dagbag.py:532} INFO - Filling up the DagBag from /Users/siddalingkattimani/dbt_env/lib/python3.11/site-packages/airflow/example_dags/example_task_group_decorator.py
[2023-04-23T00:46:14.620+0200] {processor.py:753} INFO - DAG(s) dict_keys(['example_task_group_decorator']) retrieved from /Users/siddalingkattimani/dbt_env/lib/python3.11/site-packages/airflow/example_dags/example_task_group_decorator.py
[2023-04-23T00:46:15.279+0200] {logging_mixin.py:137} INFO - [2023-04-23T00:46:15.279+0200] {dag.py:2705} INFO - Sync 1 DAGs
[2023-04-23T00:46:15.294+0200] {logging_mixin.py:137} INFO - [2023-04-23T00:46:15.294+0200] {dag.py:3452} INFO - Setting next_dagrun for example_task_group_decorator to 2023-04-21T22:46:15.293994+00:00, run_after=2023-04-22T22:46:15.293994+00:00
[2023-04-23T00:46:15.325+0200] {processor.py:175} INFO - Processing /Users/siddalingkattimani/dbt_env/lib/python3.11/site-packages/airflow/example_dags/example_task_group_decorator.py took 0.750 seconds
[2023-04-23T00:48:13.802+0200] {processor.py:153} INFO - Started process (PID=46863) to work on /Users/siddalingkattimani/dbt_env/lib/python3.11/site-packages/airflow/example_dags/example_task_group_decorator.py
[2023-04-23T00:48:13.806+0200] {processor.py:743} INFO - Processing file /Users/siddalingkattimani/dbt_env/lib/python3.11/site-packages/airflow/example_dags/example_task_group_decorator.py for tasks to queue
[2023-04-23T00:48:13.806+0200] {logging_mixin.py:137} INFO - [2023-04-23T00:48:13.806+0200] {dagbag.py:532} INFO - Filling up the DagBag from /Users/siddalingkattimani/dbt_env/lib/python3.11/site-packages/airflow/example_dags/example_task_group_decorator.py
[2023-04-23T00:48:13.853+0200] {processor.py:753} INFO - DAG(s) dict_keys(['example_task_group_decorator']) retrieved from /Users/siddalingkattimani/dbt_env/lib/python3.11/site-packages/airflow/example_dags/example_task_group_decorator.py
[2023-04-23T00:48:14.542+0200] {logging_mixin.py:137} INFO - [2023-04-23T00:48:14.542+0200] {dag.py:2705} INFO - Sync 1 DAGs
[2023-04-23T00:48:14.556+0200] {logging_mixin.py:137} INFO - [2023-04-23T00:48:14.556+0200] {dag.py:3452} INFO - Setting next_dagrun for example_task_group_decorator to 2023-04-21T22:48:14.556664+00:00, run_after=2023-04-22T22:48:14.556664+00:00
[2023-04-23T00:48:14.575+0200] {processor.py:175} INFO - Processing /Users/siddalingkattimani/dbt_env/lib/python3.11/site-packages/airflow/example_dags/example_task_group_decorator.py took 0.773 seconds
[2023-04-23T00:50:15.859+0200] {processor.py:153} INFO - Started process (PID=46909) to work on /Users/siddalingkattimani/dbt_env/lib/python3.11/site-packages/airflow/example_dags/example_task_group_decorator.py
[2023-04-23T00:50:15.861+0200] {processor.py:743} INFO - Processing file /Users/siddalingkattimani/dbt_env/lib/python3.11/site-packages/airflow/example_dags/example_task_group_decorator.py for tasks to queue
[2023-04-23T00:50:15.862+0200] {logging_mixin.py:137} INFO - [2023-04-23T00:50:15.862+0200] {dagbag.py:532} INFO - Filling up the DagBag from /Users/siddalingkattimani/dbt_env/lib/python3.11/site-packages/airflow/example_dags/example_task_group_decorator.py
[2023-04-23T00:50:15.901+0200] {processor.py:753} INFO - DAG(s) dict_keys(['example_task_group_decorator']) retrieved from /Users/siddalingkattimani/dbt_env/lib/python3.11/site-packages/airflow/example_dags/example_task_group_decorator.py
[2023-04-23T00:50:16.554+0200] {logging_mixin.py:137} INFO - [2023-04-23T00:50:16.554+0200] {dag.py:2705} INFO - Sync 1 DAGs
[2023-04-23T00:50:16.568+0200] {logging_mixin.py:137} INFO - [2023-04-23T00:50:16.568+0200] {dag.py:3452} INFO - Setting next_dagrun for example_task_group_decorator to 2023-04-21T22:50:16.568643+00:00, run_after=2023-04-22T22:50:16.568643+00:00
[2023-04-23T00:50:16.587+0200] {processor.py:175} INFO - Processing /Users/siddalingkattimani/dbt_env/lib/python3.11/site-packages/airflow/example_dags/example_task_group_decorator.py took 0.729 seconds
[2023-04-23T00:52:30.617+0200] {processor.py:153} INFO - Started process (PID=46970) to work on /Users/siddalingkattimani/dbt_env/lib/python3.11/site-packages/airflow/example_dags/example_task_group_decorator.py
[2023-04-23T00:52:30.620+0200] {processor.py:743} INFO - Processing file /Users/siddalingkattimani/dbt_env/lib/python3.11/site-packages/airflow/example_dags/example_task_group_decorator.py for tasks to queue
[2023-04-23T00:52:30.620+0200] {logging_mixin.py:137} INFO - [2023-04-23T00:52:30.620+0200] {dagbag.py:532} INFO - Filling up the DagBag from /Users/siddalingkattimani/dbt_env/lib/python3.11/site-packages/airflow/example_dags/example_task_group_decorator.py
[2023-04-23T00:52:30.664+0200] {processor.py:753} INFO - DAG(s) dict_keys(['example_task_group_decorator']) retrieved from /Users/siddalingkattimani/dbt_env/lib/python3.11/site-packages/airflow/example_dags/example_task_group_decorator.py
[2023-04-23T00:52:31.435+0200] {logging_mixin.py:137} INFO - [2023-04-23T00:52:31.435+0200] {dag.py:2705} INFO - Sync 1 DAGs
[2023-04-23T00:52:31.450+0200] {logging_mixin.py:137} INFO - [2023-04-23T00:52:31.450+0200] {dag.py:3452} INFO - Setting next_dagrun for example_task_group_decorator to 2023-04-21T22:52:31.450202+00:00, run_after=2023-04-22T22:52:31.450202+00:00
[2023-04-23T00:52:31.467+0200] {processor.py:175} INFO - Processing /Users/siddalingkattimani/dbt_env/lib/python3.11/site-packages/airflow/example_dags/example_task_group_decorator.py took 0.852 seconds
[2023-04-23T00:54:29.401+0200] {processor.py:153} INFO - Started process (PID=47035) to work on /Users/siddalingkattimani/dbt_env/lib/python3.11/site-packages/airflow/example_dags/example_task_group_decorator.py
[2023-04-23T00:54:29.404+0200] {processor.py:743} INFO - Processing file /Users/siddalingkattimani/dbt_env/lib/python3.11/site-packages/airflow/example_dags/example_task_group_decorator.py for tasks to queue
[2023-04-23T00:54:29.404+0200] {logging_mixin.py:137} INFO - [2023-04-23T00:54:29.404+0200] {dagbag.py:532} INFO - Filling up the DagBag from /Users/siddalingkattimani/dbt_env/lib/python3.11/site-packages/airflow/example_dags/example_task_group_decorator.py
[2023-04-23T00:54:29.447+0200] {processor.py:753} INFO - DAG(s) dict_keys(['example_task_group_decorator']) retrieved from /Users/siddalingkattimani/dbt_env/lib/python3.11/site-packages/airflow/example_dags/example_task_group_decorator.py
[2023-04-23T00:54:30.132+0200] {logging_mixin.py:137} INFO - [2023-04-23T00:54:30.132+0200] {dag.py:2705} INFO - Sync 1 DAGs
[2023-04-23T00:54:30.150+0200] {logging_mixin.py:137} INFO - [2023-04-23T00:54:30.150+0200] {dag.py:3452} INFO - Setting next_dagrun for example_task_group_decorator to 2023-04-21T22:54:30.149993+00:00, run_after=2023-04-22T22:54:30.149993+00:00
[2023-04-23T00:54:30.169+0200] {processor.py:175} INFO - Processing /Users/siddalingkattimani/dbt_env/lib/python3.11/site-packages/airflow/example_dags/example_task_group_decorator.py took 0.769 seconds
[2023-04-23T00:56:28.047+0200] {processor.py:153} INFO - Started process (PID=47084) to work on /Users/siddalingkattimani/dbt_env/lib/python3.11/site-packages/airflow/example_dags/example_task_group_decorator.py
[2023-04-23T00:56:28.051+0200] {processor.py:743} INFO - Processing file /Users/siddalingkattimani/dbt_env/lib/python3.11/site-packages/airflow/example_dags/example_task_group_decorator.py for tasks to queue
[2023-04-23T00:56:28.052+0200] {logging_mixin.py:137} INFO - [2023-04-23T00:56:28.052+0200] {dagbag.py:532} INFO - Filling up the DagBag from /Users/siddalingkattimani/dbt_env/lib/python3.11/site-packages/airflow/example_dags/example_task_group_decorator.py
[2023-04-23T00:56:28.096+0200] {processor.py:753} INFO - DAG(s) dict_keys(['example_task_group_decorator']) retrieved from /Users/siddalingkattimani/dbt_env/lib/python3.11/site-packages/airflow/example_dags/example_task_group_decorator.py
[2023-04-23T00:56:28.933+0200] {logging_mixin.py:137} INFO - [2023-04-23T00:56:28.932+0200] {dag.py:2705} INFO - Sync 1 DAGs
[2023-04-23T00:56:28.958+0200] {logging_mixin.py:137} INFO - [2023-04-23T00:56:28.958+0200] {dag.py:3452} INFO - Setting next_dagrun for example_task_group_decorator to 2023-04-21T22:56:28.958682+00:00, run_after=2023-04-22T22:56:28.958682+00:00
[2023-04-23T00:56:28.981+0200] {processor.py:175} INFO - Processing /Users/siddalingkattimani/dbt_env/lib/python3.11/site-packages/airflow/example_dags/example_task_group_decorator.py took 0.934 seconds
[2023-04-23T00:58:41.045+0200] {processor.py:153} INFO - Started process (PID=47137) to work on /Users/siddalingkattimani/dbt_env/lib/python3.11/site-packages/airflow/example_dags/example_task_group_decorator.py
[2023-04-23T00:58:41.050+0200] {processor.py:743} INFO - Processing file /Users/siddalingkattimani/dbt_env/lib/python3.11/site-packages/airflow/example_dags/example_task_group_decorator.py for tasks to queue
[2023-04-23T00:58:41.050+0200] {logging_mixin.py:137} INFO - [2023-04-23T00:58:41.050+0200] {dagbag.py:532} INFO - Filling up the DagBag from /Users/siddalingkattimani/dbt_env/lib/python3.11/site-packages/airflow/example_dags/example_task_group_decorator.py
[2023-04-23T00:58:41.090+0200] {processor.py:753} INFO - DAG(s) dict_keys(['example_task_group_decorator']) retrieved from /Users/siddalingkattimani/dbt_env/lib/python3.11/site-packages/airflow/example_dags/example_task_group_decorator.py
[2023-04-23T00:58:41.786+0200] {logging_mixin.py:137} INFO - [2023-04-23T00:58:41.786+0200] {dag.py:2705} INFO - Sync 1 DAGs
[2023-04-23T00:58:41.802+0200] {logging_mixin.py:137} INFO - [2023-04-23T00:58:41.802+0200] {dag.py:3452} INFO - Setting next_dagrun for example_task_group_decorator to 2023-04-21T22:58:41.802215+00:00, run_after=2023-04-22T22:58:41.802215+00:00
[2023-04-23T00:58:41.821+0200] {processor.py:175} INFO - Processing /Users/siddalingkattimani/dbt_env/lib/python3.11/site-packages/airflow/example_dags/example_task_group_decorator.py took 0.777 seconds
[2023-04-23T01:00:44.306+0200] {processor.py:153} INFO - Started process (PID=47184) to work on /Users/siddalingkattimani/dbt_env/lib/python3.11/site-packages/airflow/example_dags/example_task_group_decorator.py
[2023-04-23T01:00:44.312+0200] {processor.py:743} INFO - Processing file /Users/siddalingkattimani/dbt_env/lib/python3.11/site-packages/airflow/example_dags/example_task_group_decorator.py for tasks to queue
[2023-04-23T01:00:44.313+0200] {logging_mixin.py:137} INFO - [2023-04-23T01:00:44.313+0200] {dagbag.py:532} INFO - Filling up the DagBag from /Users/siddalingkattimani/dbt_env/lib/python3.11/site-packages/airflow/example_dags/example_task_group_decorator.py
[2023-04-23T01:00:44.358+0200] {processor.py:753} INFO - DAG(s) dict_keys(['example_task_group_decorator']) retrieved from /Users/siddalingkattimani/dbt_env/lib/python3.11/site-packages/airflow/example_dags/example_task_group_decorator.py
[2023-04-23T01:00:45.012+0200] {logging_mixin.py:137} INFO - [2023-04-23T01:00:45.011+0200] {dag.py:2705} INFO - Sync 1 DAGs
[2023-04-23T01:00:45.025+0200] {logging_mixin.py:137} INFO - [2023-04-23T01:00:45.025+0200] {dag.py:3452} INFO - Setting next_dagrun for example_task_group_decorator to 2023-04-21T23:00:45.025568+00:00, run_after=2023-04-22T23:00:45.025568+00:00
[2023-04-23T01:00:45.045+0200] {processor.py:175} INFO - Processing /Users/siddalingkattimani/dbt_env/lib/python3.11/site-packages/airflow/example_dags/example_task_group_decorator.py took 0.740 seconds
[2023-04-23T01:03:03.392+0200] {processor.py:153} INFO - Started process (PID=47232) to work on /Users/siddalingkattimani/dbt_env/lib/python3.11/site-packages/airflow/example_dags/example_task_group_decorator.py
[2023-04-23T01:03:03.397+0200] {processor.py:743} INFO - Processing file /Users/siddalingkattimani/dbt_env/lib/python3.11/site-packages/airflow/example_dags/example_task_group_decorator.py for tasks to queue
[2023-04-23T01:03:03.398+0200] {logging_mixin.py:137} INFO - [2023-04-23T01:03:03.397+0200] {dagbag.py:532} INFO - Filling up the DagBag from /Users/siddalingkattimani/dbt_env/lib/python3.11/site-packages/airflow/example_dags/example_task_group_decorator.py
[2023-04-23T01:03:03.438+0200] {processor.py:753} INFO - DAG(s) dict_keys(['example_task_group_decorator']) retrieved from /Users/siddalingkattimani/dbt_env/lib/python3.11/site-packages/airflow/example_dags/example_task_group_decorator.py
[2023-04-23T01:03:04.079+0200] {logging_mixin.py:137} INFO - [2023-04-23T01:03:04.079+0200] {dag.py:2705} INFO - Sync 1 DAGs
[2023-04-23T01:03:04.095+0200] {logging_mixin.py:137} INFO - [2023-04-23T01:03:04.094+0200] {dag.py:3452} INFO - Setting next_dagrun for example_task_group_decorator to 2023-04-21T23:03:04.094810+00:00, run_after=2023-04-22T23:03:04.094810+00:00
[2023-04-23T01:03:04.112+0200] {processor.py:175} INFO - Processing /Users/siddalingkattimani/dbt_env/lib/python3.11/site-packages/airflow/example_dags/example_task_group_decorator.py took 0.720 seconds
[2023-04-23T01:05:02.367+0200] {processor.py:153} INFO - Started process (PID=47281) to work on /Users/siddalingkattimani/dbt_env/lib/python3.11/site-packages/airflow/example_dags/example_task_group_decorator.py
[2023-04-23T01:05:02.371+0200] {processor.py:743} INFO - Processing file /Users/siddalingkattimani/dbt_env/lib/python3.11/site-packages/airflow/example_dags/example_task_group_decorator.py for tasks to queue
[2023-04-23T01:05:02.371+0200] {logging_mixin.py:137} INFO - [2023-04-23T01:05:02.371+0200] {dagbag.py:532} INFO - Filling up the DagBag from /Users/siddalingkattimani/dbt_env/lib/python3.11/site-packages/airflow/example_dags/example_task_group_decorator.py
[2023-04-23T01:05:02.439+0200] {processor.py:753} INFO - DAG(s) dict_keys(['example_task_group_decorator']) retrieved from /Users/siddalingkattimani/dbt_env/lib/python3.11/site-packages/airflow/example_dags/example_task_group_decorator.py
[2023-04-23T01:05:03.432+0200] {logging_mixin.py:137} INFO - [2023-04-23T01:05:03.432+0200] {dag.py:2705} INFO - Sync 1 DAGs
[2023-04-23T01:05:03.454+0200] {logging_mixin.py:137} INFO - [2023-04-23T01:05:03.454+0200] {dag.py:3452} INFO - Setting next_dagrun for example_task_group_decorator to 2023-04-21T23:05:03.453910+00:00, run_after=2023-04-22T23:05:03.453910+00:00
[2023-04-23T01:05:03.483+0200] {processor.py:175} INFO - Processing /Users/siddalingkattimani/dbt_env/lib/python3.11/site-packages/airflow/example_dags/example_task_group_decorator.py took 1.117 seconds
[2023-04-23T01:07:32.847+0200] {processor.py:153} INFO - Started process (PID=47418) to work on /Users/siddalingkattimani/dbt_env/lib/python3.11/site-packages/airflow/example_dags/example_task_group_decorator.py
[2023-04-23T01:07:32.852+0200] {processor.py:743} INFO - Processing file /Users/siddalingkattimani/dbt_env/lib/python3.11/site-packages/airflow/example_dags/example_task_group_decorator.py for tasks to queue
[2023-04-23T01:07:32.853+0200] {logging_mixin.py:137} INFO - [2023-04-23T01:07:32.852+0200] {dagbag.py:532} INFO - Filling up the DagBag from /Users/siddalingkattimani/dbt_env/lib/python3.11/site-packages/airflow/example_dags/example_task_group_decorator.py
[2023-04-23T01:07:32.941+0200] {processor.py:753} INFO - DAG(s) dict_keys(['example_task_group_decorator']) retrieved from /Users/siddalingkattimani/dbt_env/lib/python3.11/site-packages/airflow/example_dags/example_task_group_decorator.py
[2023-04-23T01:07:33.710+0200] {logging_mixin.py:137} INFO - [2023-04-23T01:07:33.710+0200] {dag.py:2705} INFO - Sync 1 DAGs
[2023-04-23T01:07:33.724+0200] {logging_mixin.py:137} INFO - [2023-04-23T01:07:33.723+0200] {dag.py:3452} INFO - Setting next_dagrun for example_task_group_decorator to 2023-04-21T23:07:33.723850+00:00, run_after=2023-04-22T23:07:33.723850+00:00
[2023-04-23T01:07:33.742+0200] {processor.py:175} INFO - Processing /Users/siddalingkattimani/dbt_env/lib/python3.11/site-packages/airflow/example_dags/example_task_group_decorator.py took 0.897 seconds
[2023-04-23T01:10:06.366+0200] {processor.py:153} INFO - Started process (PID=47638) to work on /Users/siddalingkattimani/dbt_env/lib/python3.11/site-packages/airflow/example_dags/example_task_group_decorator.py
[2023-04-23T01:10:06.371+0200] {processor.py:743} INFO - Processing file /Users/siddalingkattimani/dbt_env/lib/python3.11/site-packages/airflow/example_dags/example_task_group_decorator.py for tasks to queue
[2023-04-23T01:10:06.371+0200] {logging_mixin.py:137} INFO - [2023-04-23T01:10:06.371+0200] {dagbag.py:532} INFO - Filling up the DagBag from /Users/siddalingkattimani/dbt_env/lib/python3.11/site-packages/airflow/example_dags/example_task_group_decorator.py
[2023-04-23T01:10:06.460+0200] {processor.py:753} INFO - DAG(s) dict_keys(['example_task_group_decorator']) retrieved from /Users/siddalingkattimani/dbt_env/lib/python3.11/site-packages/airflow/example_dags/example_task_group_decorator.py
[2023-04-23T01:10:07.207+0200] {logging_mixin.py:137} INFO - [2023-04-23T01:10:07.206+0200] {dag.py:2705} INFO - Sync 1 DAGs
[2023-04-23T01:10:07.221+0200] {logging_mixin.py:137} INFO - [2023-04-23T01:10:07.221+0200] {dag.py:3452} INFO - Setting next_dagrun for example_task_group_decorator to 2023-04-21T23:10:07.221481+00:00, run_after=2023-04-22T23:10:07.221481+00:00
[2023-04-23T01:10:07.238+0200] {processor.py:175} INFO - Processing /Users/siddalingkattimani/dbt_env/lib/python3.11/site-packages/airflow/example_dags/example_task_group_decorator.py took 0.874 seconds
[2023-04-23T01:12:20.441+0200] {processor.py:153} INFO - Started process (PID=47684) to work on /Users/siddalingkattimani/dbt_env/lib/python3.11/site-packages/airflow/example_dags/example_task_group_decorator.py
[2023-04-23T01:12:20.444+0200] {processor.py:743} INFO - Processing file /Users/siddalingkattimani/dbt_env/lib/python3.11/site-packages/airflow/example_dags/example_task_group_decorator.py for tasks to queue
[2023-04-23T01:12:20.445+0200] {logging_mixin.py:137} INFO - [2023-04-23T01:12:20.445+0200] {dagbag.py:532} INFO - Filling up the DagBag from /Users/siddalingkattimani/dbt_env/lib/python3.11/site-packages/airflow/example_dags/example_task_group_decorator.py
[2023-04-23T01:12:20.521+0200] {processor.py:753} INFO - DAG(s) dict_keys(['example_task_group_decorator']) retrieved from /Users/siddalingkattimani/dbt_env/lib/python3.11/site-packages/airflow/example_dags/example_task_group_decorator.py
[2023-04-23T01:12:21.130+0200] {logging_mixin.py:137} INFO - [2023-04-23T01:12:21.130+0200] {dag.py:2705} INFO - Sync 1 DAGs
[2023-04-23T01:12:21.144+0200] {logging_mixin.py:137} INFO - [2023-04-23T01:12:21.144+0200] {dag.py:3452} INFO - Setting next_dagrun for example_task_group_decorator to 2023-04-21T23:12:21.144144+00:00, run_after=2023-04-22T23:12:21.144144+00:00
[2023-04-23T01:12:21.161+0200] {processor.py:175} INFO - Processing /Users/siddalingkattimani/dbt_env/lib/python3.11/site-packages/airflow/example_dags/example_task_group_decorator.py took 0.721 seconds
[2023-04-23T01:14:18.359+0200] {processor.py:153} INFO - Started process (PID=47731) to work on /Users/siddalingkattimani/dbt_env/lib/python3.11/site-packages/airflow/example_dags/example_task_group_decorator.py
[2023-04-23T01:14:18.362+0200] {processor.py:743} INFO - Processing file /Users/siddalingkattimani/dbt_env/lib/python3.11/site-packages/airflow/example_dags/example_task_group_decorator.py for tasks to queue
[2023-04-23T01:14:18.363+0200] {logging_mixin.py:137} INFO - [2023-04-23T01:14:18.363+0200] {dagbag.py:532} INFO - Filling up the DagBag from /Users/siddalingkattimani/dbt_env/lib/python3.11/site-packages/airflow/example_dags/example_task_group_decorator.py
[2023-04-23T01:14:18.435+0200] {processor.py:753} INFO - DAG(s) dict_keys(['example_task_group_decorator']) retrieved from /Users/siddalingkattimani/dbt_env/lib/python3.11/site-packages/airflow/example_dags/example_task_group_decorator.py
[2023-04-23T01:14:19.106+0200] {logging_mixin.py:137} INFO - [2023-04-23T01:14:19.105+0200] {dag.py:2705} INFO - Sync 1 DAGs
[2023-04-23T01:14:19.121+0200] {logging_mixin.py:137} INFO - [2023-04-23T01:14:19.121+0200] {dag.py:3452} INFO - Setting next_dagrun for example_task_group_decorator to 2023-04-21T23:14:19.121126+00:00, run_after=2023-04-22T23:14:19.121126+00:00
[2023-04-23T01:14:19.139+0200] {processor.py:175} INFO - Processing /Users/siddalingkattimani/dbt_env/lib/python3.11/site-packages/airflow/example_dags/example_task_group_decorator.py took 0.780 seconds
[2023-04-23T01:16:25.105+0200] {processor.py:153} INFO - Started process (PID=47778) to work on /Users/siddalingkattimani/dbt_env/lib/python3.11/site-packages/airflow/example_dags/example_task_group_decorator.py
[2023-04-23T01:16:25.108+0200] {processor.py:743} INFO - Processing file /Users/siddalingkattimani/dbt_env/lib/python3.11/site-packages/airflow/example_dags/example_task_group_decorator.py for tasks to queue
[2023-04-23T01:16:25.108+0200] {logging_mixin.py:137} INFO - [2023-04-23T01:16:25.108+0200] {dagbag.py:532} INFO - Filling up the DagBag from /Users/siddalingkattimani/dbt_env/lib/python3.11/site-packages/airflow/example_dags/example_task_group_decorator.py
[2023-04-23T01:16:25.184+0200] {processor.py:753} INFO - DAG(s) dict_keys(['example_task_group_decorator']) retrieved from /Users/siddalingkattimani/dbt_env/lib/python3.11/site-packages/airflow/example_dags/example_task_group_decorator.py
[2023-04-23T01:16:25.807+0200] {logging_mixin.py:137} INFO - [2023-04-23T01:16:25.806+0200] {dag.py:2705} INFO - Sync 1 DAGs
[2023-04-23T01:16:25.819+0200] {logging_mixin.py:137} INFO - [2023-04-23T01:16:25.819+0200] {dag.py:3452} INFO - Setting next_dagrun for example_task_group_decorator to 2023-04-21T23:16:25.819380+00:00, run_after=2023-04-22T23:16:25.819380+00:00
[2023-04-23T01:16:25.836+0200] {processor.py:175} INFO - Processing /Users/siddalingkattimani/dbt_env/lib/python3.11/site-packages/airflow/example_dags/example_task_group_decorator.py took 0.732 seconds
[2023-04-23T01:18:27.830+0200] {processor.py:153} INFO - Started process (PID=47823) to work on /Users/siddalingkattimani/dbt_env/lib/python3.11/site-packages/airflow/example_dags/example_task_group_decorator.py
[2023-04-23T01:18:27.834+0200] {processor.py:743} INFO - Processing file /Users/siddalingkattimani/dbt_env/lib/python3.11/site-packages/airflow/example_dags/example_task_group_decorator.py for tasks to queue
[2023-04-23T01:18:27.834+0200] {logging_mixin.py:137} INFO - [2023-04-23T01:18:27.834+0200] {dagbag.py:532} INFO - Filling up the DagBag from /Users/siddalingkattimani/dbt_env/lib/python3.11/site-packages/airflow/example_dags/example_task_group_decorator.py
[2023-04-23T01:18:27.908+0200] {processor.py:753} INFO - DAG(s) dict_keys(['example_task_group_decorator']) retrieved from /Users/siddalingkattimani/dbt_env/lib/python3.11/site-packages/airflow/example_dags/example_task_group_decorator.py
[2023-04-23T01:18:28.708+0200] {logging_mixin.py:137} INFO - [2023-04-23T01:18:28.707+0200] {dag.py:2705} INFO - Sync 1 DAGs
[2023-04-23T01:18:28.722+0200] {logging_mixin.py:137} INFO - [2023-04-23T01:18:28.722+0200] {dag.py:3452} INFO - Setting next_dagrun for example_task_group_decorator to 2023-04-21T23:18:28.722581+00:00, run_after=2023-04-22T23:18:28.722581+00:00
[2023-04-23T01:18:28.741+0200] {processor.py:175} INFO - Processing /Users/siddalingkattimani/dbt_env/lib/python3.11/site-packages/airflow/example_dags/example_task_group_decorator.py took 0.912 seconds
[2023-04-23T01:20:32.832+0200] {processor.py:153} INFO - Started process (PID=47868) to work on /Users/siddalingkattimani/dbt_env/lib/python3.11/site-packages/airflow/example_dags/example_task_group_decorator.py
[2023-04-23T01:20:32.835+0200] {processor.py:743} INFO - Processing file /Users/siddalingkattimani/dbt_env/lib/python3.11/site-packages/airflow/example_dags/example_task_group_decorator.py for tasks to queue
[2023-04-23T01:20:32.836+0200] {logging_mixin.py:137} INFO - [2023-04-23T01:20:32.836+0200] {dagbag.py:532} INFO - Filling up the DagBag from /Users/siddalingkattimani/dbt_env/lib/python3.11/site-packages/airflow/example_dags/example_task_group_decorator.py
[2023-04-23T01:20:32.948+0200] {processor.py:753} INFO - DAG(s) dict_keys(['example_task_group_decorator']) retrieved from /Users/siddalingkattimani/dbt_env/lib/python3.11/site-packages/airflow/example_dags/example_task_group_decorator.py
[2023-04-23T01:20:33.565+0200] {logging_mixin.py:137} INFO - [2023-04-23T01:20:33.565+0200] {dag.py:2705} INFO - Sync 1 DAGs
[2023-04-23T01:20:33.578+0200] {logging_mixin.py:137} INFO - [2023-04-23T01:20:33.578+0200] {dag.py:3452} INFO - Setting next_dagrun for example_task_group_decorator to 2023-04-21T23:20:33.578090+00:00, run_after=2023-04-22T23:20:33.578090+00:00
[2023-04-23T01:20:33.593+0200] {processor.py:175} INFO - Processing /Users/siddalingkattimani/dbt_env/lib/python3.11/site-packages/airflow/example_dags/example_task_group_decorator.py took 0.762 seconds
[2023-04-23T01:22:36.459+0200] {processor.py:153} INFO - Started process (PID=47915) to work on /Users/siddalingkattimani/dbt_env/lib/python3.11/site-packages/airflow/example_dags/example_task_group_decorator.py
[2023-04-23T01:22:36.462+0200] {processor.py:743} INFO - Processing file /Users/siddalingkattimani/dbt_env/lib/python3.11/site-packages/airflow/example_dags/example_task_group_decorator.py for tasks to queue
[2023-04-23T01:22:36.463+0200] {logging_mixin.py:137} INFO - [2023-04-23T01:22:36.463+0200] {dagbag.py:532} INFO - Filling up the DagBag from /Users/siddalingkattimani/dbt_env/lib/python3.11/site-packages/airflow/example_dags/example_task_group_decorator.py
[2023-04-23T01:22:36.540+0200] {processor.py:753} INFO - DAG(s) dict_keys(['example_task_group_decorator']) retrieved from /Users/siddalingkattimani/dbt_env/lib/python3.11/site-packages/airflow/example_dags/example_task_group_decorator.py
[2023-04-23T01:22:37.173+0200] {logging_mixin.py:137} INFO - [2023-04-23T01:22:37.173+0200] {dag.py:2705} INFO - Sync 1 DAGs
[2023-04-23T01:22:37.202+0200] {logging_mixin.py:137} INFO - [2023-04-23T01:22:37.202+0200] {dag.py:3452} INFO - Setting next_dagrun for example_task_group_decorator to 2023-04-21T23:22:37.202381+00:00, run_after=2023-04-22T23:22:37.202381+00:00
[2023-04-23T01:22:37.260+0200] {processor.py:175} INFO - Processing /Users/siddalingkattimani/dbt_env/lib/python3.11/site-packages/airflow/example_dags/example_task_group_decorator.py took 0.802 seconds
[2023-04-23T01:24:34.705+0200] {processor.py:153} INFO - Started process (PID=47967) to work on /Users/siddalingkattimani/dbt_env/lib/python3.11/site-packages/airflow/example_dags/example_task_group_decorator.py
[2023-04-23T01:24:34.708+0200] {processor.py:743} INFO - Processing file /Users/siddalingkattimani/dbt_env/lib/python3.11/site-packages/airflow/example_dags/example_task_group_decorator.py for tasks to queue
[2023-04-23T01:24:34.709+0200] {logging_mixin.py:137} INFO - [2023-04-23T01:24:34.709+0200] {dagbag.py:532} INFO - Filling up the DagBag from /Users/siddalingkattimani/dbt_env/lib/python3.11/site-packages/airflow/example_dags/example_task_group_decorator.py
[2023-04-23T01:24:34.788+0200] {processor.py:753} INFO - DAG(s) dict_keys(['example_task_group_decorator']) retrieved from /Users/siddalingkattimani/dbt_env/lib/python3.11/site-packages/airflow/example_dags/example_task_group_decorator.py
[2023-04-23T01:24:35.448+0200] {logging_mixin.py:137} INFO - [2023-04-23T01:24:35.448+0200] {dag.py:2705} INFO - Sync 1 DAGs
[2023-04-23T01:24:35.461+0200] {logging_mixin.py:137} INFO - [2023-04-23T01:24:35.460+0200] {dag.py:3452} INFO - Setting next_dagrun for example_task_group_decorator to 2023-04-21T23:24:35.460757+00:00, run_after=2023-04-22T23:24:35.460757+00:00
[2023-04-23T01:24:35.478+0200] {processor.py:175} INFO - Processing /Users/siddalingkattimani/dbt_env/lib/python3.11/site-packages/airflow/example_dags/example_task_group_decorator.py took 0.774 seconds
[2023-04-23T01:26:34.855+0200] {processor.py:153} INFO - Started process (PID=48032) to work on /Users/siddalingkattimani/dbt_env/lib/python3.11/site-packages/airflow/example_dags/example_task_group_decorator.py
[2023-04-23T01:26:34.859+0200] {processor.py:743} INFO - Processing file /Users/siddalingkattimani/dbt_env/lib/python3.11/site-packages/airflow/example_dags/example_task_group_decorator.py for tasks to queue
[2023-04-23T01:26:34.859+0200] {logging_mixin.py:137} INFO - [2023-04-23T01:26:34.859+0200] {dagbag.py:532} INFO - Filling up the DagBag from /Users/siddalingkattimani/dbt_env/lib/python3.11/site-packages/airflow/example_dags/example_task_group_decorator.py
[2023-04-23T01:26:34.946+0200] {processor.py:753} INFO - DAG(s) dict_keys(['example_task_group_decorator']) retrieved from /Users/siddalingkattimani/dbt_env/lib/python3.11/site-packages/airflow/example_dags/example_task_group_decorator.py
[2023-04-23T01:26:35.553+0200] {logging_mixin.py:137} INFO - [2023-04-23T01:26:35.553+0200] {dag.py:2705} INFO - Sync 1 DAGs
[2023-04-23T01:26:35.566+0200] {logging_mixin.py:137} INFO - [2023-04-23T01:26:35.566+0200] {dag.py:3452} INFO - Setting next_dagrun for example_task_group_decorator to 2023-04-21T23:26:35.566298+00:00, run_after=2023-04-22T23:26:35.566298+00:00
[2023-04-23T01:26:35.582+0200] {processor.py:175} INFO - Processing /Users/siddalingkattimani/dbt_env/lib/python3.11/site-packages/airflow/example_dags/example_task_group_decorator.py took 0.727 seconds
[2023-04-23T01:28:42.144+0200] {processor.py:153} INFO - Started process (PID=48079) to work on /Users/siddalingkattimani/dbt_env/lib/python3.11/site-packages/airflow/example_dags/example_task_group_decorator.py
[2023-04-23T01:28:42.147+0200] {processor.py:743} INFO - Processing file /Users/siddalingkattimani/dbt_env/lib/python3.11/site-packages/airflow/example_dags/example_task_group_decorator.py for tasks to queue
[2023-04-23T01:28:42.148+0200] {logging_mixin.py:137} INFO - [2023-04-23T01:28:42.148+0200] {dagbag.py:532} INFO - Filling up the DagBag from /Users/siddalingkattimani/dbt_env/lib/python3.11/site-packages/airflow/example_dags/example_task_group_decorator.py
[2023-04-23T01:28:42.223+0200] {processor.py:753} INFO - DAG(s) dict_keys(['example_task_group_decorator']) retrieved from /Users/siddalingkattimani/dbt_env/lib/python3.11/site-packages/airflow/example_dags/example_task_group_decorator.py
[2023-04-23T01:28:42.905+0200] {logging_mixin.py:137} INFO - [2023-04-23T01:28:42.905+0200] {dag.py:2705} INFO - Sync 1 DAGs
[2023-04-23T01:28:42.918+0200] {logging_mixin.py:137} INFO - [2023-04-23T01:28:42.918+0200] {dag.py:3452} INFO - Setting next_dagrun for example_task_group_decorator to 2023-04-21T23:28:42.918057+00:00, run_after=2023-04-22T23:28:42.918057+00:00
[2023-04-23T01:28:42.936+0200] {processor.py:175} INFO - Processing /Users/siddalingkattimani/dbt_env/lib/python3.11/site-packages/airflow/example_dags/example_task_group_decorator.py took 0.792 seconds
[2023-04-23T01:30:42.920+0200] {processor.py:153} INFO - Started process (PID=48126) to work on /Users/siddalingkattimani/dbt_env/lib/python3.11/site-packages/airflow/example_dags/example_task_group_decorator.py
[2023-04-23T01:30:42.923+0200] {processor.py:743} INFO - Processing file /Users/siddalingkattimani/dbt_env/lib/python3.11/site-packages/airflow/example_dags/example_task_group_decorator.py for tasks to queue
[2023-04-23T01:30:42.923+0200] {logging_mixin.py:137} INFO - [2023-04-23T01:30:42.923+0200] {dagbag.py:532} INFO - Filling up the DagBag from /Users/siddalingkattimani/dbt_env/lib/python3.11/site-packages/airflow/example_dags/example_task_group_decorator.py
[2023-04-23T01:30:42.993+0200] {processor.py:753} INFO - DAG(s) dict_keys(['example_task_group_decorator']) retrieved from /Users/siddalingkattimani/dbt_env/lib/python3.11/site-packages/airflow/example_dags/example_task_group_decorator.py
[2023-04-23T01:30:43.616+0200] {logging_mixin.py:137} INFO - [2023-04-23T01:30:43.616+0200] {dag.py:2705} INFO - Sync 1 DAGs
[2023-04-23T01:30:43.630+0200] {logging_mixin.py:137} INFO - [2023-04-23T01:30:43.630+0200] {dag.py:3452} INFO - Setting next_dagrun for example_task_group_decorator to 2023-04-21T23:30:43.630051+00:00, run_after=2023-04-22T23:30:43.630051+00:00
[2023-04-23T01:30:43.648+0200] {processor.py:175} INFO - Processing /Users/siddalingkattimani/dbt_env/lib/python3.11/site-packages/airflow/example_dags/example_task_group_decorator.py took 0.728 seconds
[2023-04-23T01:32:46.348+0200] {processor.py:153} INFO - Started process (PID=48175) to work on /Users/siddalingkattimani/dbt_env/lib/python3.11/site-packages/airflow/example_dags/example_task_group_decorator.py
[2023-04-23T01:32:46.351+0200] {processor.py:743} INFO - Processing file /Users/siddalingkattimani/dbt_env/lib/python3.11/site-packages/airflow/example_dags/example_task_group_decorator.py for tasks to queue
[2023-04-23T01:32:46.352+0200] {logging_mixin.py:137} INFO - [2023-04-23T01:32:46.352+0200] {dagbag.py:532} INFO - Filling up the DagBag from /Users/siddalingkattimani/dbt_env/lib/python3.11/site-packages/airflow/example_dags/example_task_group_decorator.py
[2023-04-23T01:32:46.509+0200] {processor.py:753} INFO - DAG(s) dict_keys(['example_task_group_decorator']) retrieved from /Users/siddalingkattimani/dbt_env/lib/python3.11/site-packages/airflow/example_dags/example_task_group_decorator.py
[2023-04-23T01:32:47.312+0200] {logging_mixin.py:137} INFO - [2023-04-23T01:32:47.312+0200] {dag.py:2705} INFO - Sync 1 DAGs
[2023-04-23T01:32:47.328+0200] {logging_mixin.py:137} INFO - [2023-04-23T01:32:47.327+0200] {dag.py:3452} INFO - Setting next_dagrun for example_task_group_decorator to 2023-04-21T23:32:47.327807+00:00, run_after=2023-04-22T23:32:47.327807+00:00
[2023-04-23T01:32:47.346+0200] {processor.py:175} INFO - Processing /Users/siddalingkattimani/dbt_env/lib/python3.11/site-packages/airflow/example_dags/example_task_group_decorator.py took 0.999 seconds
[2023-04-23T01:34:53.449+0200] {processor.py:153} INFO - Started process (PID=48224) to work on /Users/siddalingkattimani/dbt_env/lib/python3.11/site-packages/airflow/example_dags/example_task_group_decorator.py
[2023-04-23T01:34:53.452+0200] {processor.py:743} INFO - Processing file /Users/siddalingkattimani/dbt_env/lib/python3.11/site-packages/airflow/example_dags/example_task_group_decorator.py for tasks to queue
[2023-04-23T01:34:53.453+0200] {logging_mixin.py:137} INFO - [2023-04-23T01:34:53.453+0200] {dagbag.py:532} INFO - Filling up the DagBag from /Users/siddalingkattimani/dbt_env/lib/python3.11/site-packages/airflow/example_dags/example_task_group_decorator.py
[2023-04-23T01:34:53.525+0200] {processor.py:753} INFO - DAG(s) dict_keys(['example_task_group_decorator']) retrieved from /Users/siddalingkattimani/dbt_env/lib/python3.11/site-packages/airflow/example_dags/example_task_group_decorator.py
[2023-04-23T01:34:54.125+0200] {logging_mixin.py:137} INFO - [2023-04-23T01:34:54.125+0200] {dag.py:2705} INFO - Sync 1 DAGs
[2023-04-23T01:34:54.139+0200] {logging_mixin.py:137} INFO - [2023-04-23T01:34:54.139+0200] {dag.py:3452} INFO - Setting next_dagrun for example_task_group_decorator to 2023-04-21T23:34:54.139079+00:00, run_after=2023-04-22T23:34:54.139079+00:00
[2023-04-23T01:34:54.157+0200] {processor.py:175} INFO - Processing /Users/siddalingkattimani/dbt_env/lib/python3.11/site-packages/airflow/example_dags/example_task_group_decorator.py took 0.709 seconds
