[2023-04-23T00:44:31.740+0200] {processor.py:153} INFO - Started process (PID=46778) to work on /Users/siddalingkattimani/dbt_env/lib/python3.11/site-packages/airflow/example_dags/example_short_circuit_decorator.py
[2023-04-23T00:44:31.743+0200] {processor.py:743} INFO - Processing file /Users/siddalingkattimani/dbt_env/lib/python3.11/site-packages/airflow/example_dags/example_short_circuit_decorator.py for tasks to queue
[2023-04-23T00:44:31.743+0200] {logging_mixin.py:137} INFO - [2023-04-23T00:44:31.743+0200] {dagbag.py:532} INFO - Filling up the DagBag from /Users/siddalingkattimani/dbt_env/lib/python3.11/site-packages/airflow/example_dags/example_short_circuit_decorator.py
[2023-04-23T00:44:31.782+0200] {processor.py:753} INFO - DAG(s) dict_keys(['example_short_circuit_decorator']) retrieved from /Users/siddalingkattimani/dbt_env/lib/python3.11/site-packages/airflow/example_dags/example_short_circuit_decorator.py
[2023-04-23T00:44:32.490+0200] {logging_mixin.py:137} INFO - [2023-04-23T00:44:32.490+0200] {manager.py:504} INFO - Created Permission View: can edit on DAG:example_short_circuit_decorator
[2023-04-23T00:44:32.497+0200] {logging_mixin.py:137} INFO - [2023-04-23T00:44:32.497+0200] {manager.py:504} INFO - Created Permission View: can delete on DAG:example_short_circuit_decorator
[2023-04-23T00:44:32.503+0200] {logging_mixin.py:137} INFO - [2023-04-23T00:44:32.503+0200] {manager.py:504} INFO - Created Permission View: can read on DAG:example_short_circuit_decorator
[2023-04-23T00:44:32.504+0200] {logging_mixin.py:137} INFO - [2023-04-23T00:44:32.504+0200] {dag.py:2705} INFO - Sync 1 DAGs
[2023-04-23T00:44:32.512+0200] {logging_mixin.py:137} INFO - [2023-04-23T00:44:32.512+0200] {dag.py:2726} INFO - Creating ORM DAG for example_short_circuit_decorator
[2023-04-23T00:44:32.518+0200] {logging_mixin.py:137} INFO - [2023-04-23T00:44:32.518+0200] {dag.py:3452} INFO - Setting next_dagrun for example_short_circuit_decorator to 2023-04-21T22:44:32.518469+00:00, run_after=2023-04-22T22:44:32.518469+00:00
[2023-04-23T00:44:32.533+0200] {processor.py:175} INFO - Processing /Users/siddalingkattimani/dbt_env/lib/python3.11/site-packages/airflow/example_dags/example_short_circuit_decorator.py took 0.794 seconds
[2023-04-23T00:46:28.532+0200] {processor.py:153} INFO - Started process (PID=46823) to work on /Users/siddalingkattimani/dbt_env/lib/python3.11/site-packages/airflow/example_dags/example_short_circuit_decorator.py
[2023-04-23T00:46:28.537+0200] {processor.py:743} INFO - Processing file /Users/siddalingkattimani/dbt_env/lib/python3.11/site-packages/airflow/example_dags/example_short_circuit_decorator.py for tasks to queue
[2023-04-23T00:46:28.537+0200] {logging_mixin.py:137} INFO - [2023-04-23T00:46:28.537+0200] {dagbag.py:532} INFO - Filling up the DagBag from /Users/siddalingkattimani/dbt_env/lib/python3.11/site-packages/airflow/example_dags/example_short_circuit_decorator.py
[2023-04-23T00:46:28.587+0200] {processor.py:753} INFO - DAG(s) dict_keys(['example_short_circuit_decorator']) retrieved from /Users/siddalingkattimani/dbt_env/lib/python3.11/site-packages/airflow/example_dags/example_short_circuit_decorator.py
[2023-04-23T00:46:29.432+0200] {logging_mixin.py:137} INFO - [2023-04-23T00:46:29.432+0200] {dag.py:2705} INFO - Sync 1 DAGs
[2023-04-23T00:46:29.449+0200] {logging_mixin.py:137} INFO - [2023-04-23T00:46:29.449+0200] {dag.py:3452} INFO - Setting next_dagrun for example_short_circuit_decorator to 2023-04-21T22:46:29.448954+00:00, run_after=2023-04-22T22:46:29.448954+00:00
[2023-04-23T00:46:29.469+0200] {processor.py:175} INFO - Processing /Users/siddalingkattimani/dbt_env/lib/python3.11/site-packages/airflow/example_dags/example_short_circuit_decorator.py took 0.937 seconds
[2023-04-23T00:48:32.595+0200] {processor.py:153} INFO - Started process (PID=46869) to work on /Users/siddalingkattimani/dbt_env/lib/python3.11/site-packages/airflow/example_dags/example_short_circuit_decorator.py
[2023-04-23T00:48:32.598+0200] {processor.py:743} INFO - Processing file /Users/siddalingkattimani/dbt_env/lib/python3.11/site-packages/airflow/example_dags/example_short_circuit_decorator.py for tasks to queue
[2023-04-23T00:48:32.598+0200] {logging_mixin.py:137} INFO - [2023-04-23T00:48:32.598+0200] {dagbag.py:532} INFO - Filling up the DagBag from /Users/siddalingkattimani/dbt_env/lib/python3.11/site-packages/airflow/example_dags/example_short_circuit_decorator.py
[2023-04-23T00:48:32.635+0200] {processor.py:753} INFO - DAG(s) dict_keys(['example_short_circuit_decorator']) retrieved from /Users/siddalingkattimani/dbt_env/lib/python3.11/site-packages/airflow/example_dags/example_short_circuit_decorator.py
[2023-04-23T00:48:33.298+0200] {logging_mixin.py:137} INFO - [2023-04-23T00:48:33.297+0200] {dag.py:2705} INFO - Sync 1 DAGs
[2023-04-23T00:48:33.315+0200] {logging_mixin.py:137} INFO - [2023-04-23T00:48:33.315+0200] {dag.py:3452} INFO - Setting next_dagrun for example_short_circuit_decorator to 2023-04-21T22:48:33.314907+00:00, run_after=2023-04-22T22:48:33.314907+00:00
[2023-04-23T00:48:33.333+0200] {processor.py:175} INFO - Processing /Users/siddalingkattimani/dbt_env/lib/python3.11/site-packages/airflow/example_dags/example_short_circuit_decorator.py took 0.739 seconds
[2023-04-23T00:50:33.324+0200] {processor.py:153} INFO - Started process (PID=46915) to work on /Users/siddalingkattimani/dbt_env/lib/python3.11/site-packages/airflow/example_dags/example_short_circuit_decorator.py
[2023-04-23T00:50:33.327+0200] {processor.py:743} INFO - Processing file /Users/siddalingkattimani/dbt_env/lib/python3.11/site-packages/airflow/example_dags/example_short_circuit_decorator.py for tasks to queue
[2023-04-23T00:50:33.328+0200] {logging_mixin.py:137} INFO - [2023-04-23T00:50:33.328+0200] {dagbag.py:532} INFO - Filling up the DagBag from /Users/siddalingkattimani/dbt_env/lib/python3.11/site-packages/airflow/example_dags/example_short_circuit_decorator.py
[2023-04-23T00:50:33.369+0200] {processor.py:753} INFO - DAG(s) dict_keys(['example_short_circuit_decorator']) retrieved from /Users/siddalingkattimani/dbt_env/lib/python3.11/site-packages/airflow/example_dags/example_short_circuit_decorator.py
[2023-04-23T00:50:34.038+0200] {logging_mixin.py:137} INFO - [2023-04-23T00:50:34.037+0200] {dag.py:2705} INFO - Sync 1 DAGs
[2023-04-23T00:50:34.052+0200] {logging_mixin.py:137} INFO - [2023-04-23T00:50:34.052+0200] {dag.py:3452} INFO - Setting next_dagrun for example_short_circuit_decorator to 2023-04-21T22:50:34.051913+00:00, run_after=2023-04-22T22:50:34.051913+00:00
[2023-04-23T00:50:34.069+0200] {processor.py:175} INFO - Processing /Users/siddalingkattimani/dbt_env/lib/python3.11/site-packages/airflow/example_dags/example_short_circuit_decorator.py took 0.745 seconds
[2023-04-23T00:52:46.048+0200] {processor.py:153} INFO - Started process (PID=46976) to work on /Users/siddalingkattimani/dbt_env/lib/python3.11/site-packages/airflow/example_dags/example_short_circuit_decorator.py
[2023-04-23T00:52:46.053+0200] {processor.py:743} INFO - Processing file /Users/siddalingkattimani/dbt_env/lib/python3.11/site-packages/airflow/example_dags/example_short_circuit_decorator.py for tasks to queue
[2023-04-23T00:52:46.053+0200] {logging_mixin.py:137} INFO - [2023-04-23T00:52:46.053+0200] {dagbag.py:532} INFO - Filling up the DagBag from /Users/siddalingkattimani/dbt_env/lib/python3.11/site-packages/airflow/example_dags/example_short_circuit_decorator.py
[2023-04-23T00:52:46.129+0200] {processor.py:753} INFO - DAG(s) dict_keys(['example_short_circuit_decorator']) retrieved from /Users/siddalingkattimani/dbt_env/lib/python3.11/site-packages/airflow/example_dags/example_short_circuit_decorator.py
[2023-04-23T00:52:46.796+0200] {logging_mixin.py:137} INFO - [2023-04-23T00:52:46.795+0200] {dag.py:2705} INFO - Sync 1 DAGs
[2023-04-23T00:52:46.811+0200] {logging_mixin.py:137} INFO - [2023-04-23T00:52:46.811+0200] {dag.py:3452} INFO - Setting next_dagrun for example_short_circuit_decorator to 2023-04-21T22:52:46.811410+00:00, run_after=2023-04-22T22:52:46.811410+00:00
[2023-04-23T00:52:46.829+0200] {processor.py:175} INFO - Processing /Users/siddalingkattimani/dbt_env/lib/python3.11/site-packages/airflow/example_dags/example_short_circuit_decorator.py took 0.782 seconds
[2023-04-23T00:54:44.144+0200] {processor.py:153} INFO - Started process (PID=47042) to work on /Users/siddalingkattimani/dbt_env/lib/python3.11/site-packages/airflow/example_dags/example_short_circuit_decorator.py
[2023-04-23T00:54:44.148+0200] {processor.py:743} INFO - Processing file /Users/siddalingkattimani/dbt_env/lib/python3.11/site-packages/airflow/example_dags/example_short_circuit_decorator.py for tasks to queue
[2023-04-23T00:54:44.148+0200] {logging_mixin.py:137} INFO - [2023-04-23T00:54:44.148+0200] {dagbag.py:532} INFO - Filling up the DagBag from /Users/siddalingkattimani/dbt_env/lib/python3.11/site-packages/airflow/example_dags/example_short_circuit_decorator.py
[2023-04-23T00:54:44.194+0200] {processor.py:753} INFO - DAG(s) dict_keys(['example_short_circuit_decorator']) retrieved from /Users/siddalingkattimani/dbt_env/lib/python3.11/site-packages/airflow/example_dags/example_short_circuit_decorator.py
[2023-04-23T00:54:44.856+0200] {logging_mixin.py:137} INFO - [2023-04-23T00:54:44.856+0200] {dag.py:2705} INFO - Sync 1 DAGs
[2023-04-23T00:54:44.872+0200] {logging_mixin.py:137} INFO - [2023-04-23T00:54:44.872+0200] {dag.py:3452} INFO - Setting next_dagrun for example_short_circuit_decorator to 2023-04-21T22:54:44.871959+00:00, run_after=2023-04-22T22:54:44.871959+00:00
[2023-04-23T00:54:44.890+0200] {processor.py:175} INFO - Processing /Users/siddalingkattimani/dbt_env/lib/python3.11/site-packages/airflow/example_dags/example_short_circuit_decorator.py took 0.746 seconds
[2023-04-23T00:56:49.099+0200] {processor.py:153} INFO - Started process (PID=47092) to work on /Users/siddalingkattimani/dbt_env/lib/python3.11/site-packages/airflow/example_dags/example_short_circuit_decorator.py
[2023-04-23T00:56:49.103+0200] {processor.py:743} INFO - Processing file /Users/siddalingkattimani/dbt_env/lib/python3.11/site-packages/airflow/example_dags/example_short_circuit_decorator.py for tasks to queue
[2023-04-23T00:56:49.103+0200] {logging_mixin.py:137} INFO - [2023-04-23T00:56:49.103+0200] {dagbag.py:532} INFO - Filling up the DagBag from /Users/siddalingkattimani/dbt_env/lib/python3.11/site-packages/airflow/example_dags/example_short_circuit_decorator.py
[2023-04-23T00:56:49.147+0200] {processor.py:753} INFO - DAG(s) dict_keys(['example_short_circuit_decorator']) retrieved from /Users/siddalingkattimani/dbt_env/lib/python3.11/site-packages/airflow/example_dags/example_short_circuit_decorator.py
[2023-04-23T00:56:49.875+0200] {logging_mixin.py:137} INFO - [2023-04-23T00:56:49.874+0200] {dag.py:2705} INFO - Sync 1 DAGs
[2023-04-23T00:56:49.889+0200] {logging_mixin.py:137} INFO - [2023-04-23T00:56:49.889+0200] {dag.py:3452} INFO - Setting next_dagrun for example_short_circuit_decorator to 2023-04-21T22:56:49.889091+00:00, run_after=2023-04-22T22:56:49.889091+00:00
[2023-04-23T00:56:49.906+0200] {processor.py:175} INFO - Processing /Users/siddalingkattimani/dbt_env/lib/python3.11/site-packages/airflow/example_dags/example_short_circuit_decorator.py took 0.808 seconds
[2023-04-23T00:58:58.992+0200] {processor.py:153} INFO - Started process (PID=47144) to work on /Users/siddalingkattimani/dbt_env/lib/python3.11/site-packages/airflow/example_dags/example_short_circuit_decorator.py
[2023-04-23T00:58:58.997+0200] {processor.py:743} INFO - Processing file /Users/siddalingkattimani/dbt_env/lib/python3.11/site-packages/airflow/example_dags/example_short_circuit_decorator.py for tasks to queue
[2023-04-23T00:58:58.998+0200] {logging_mixin.py:137} INFO - [2023-04-23T00:58:58.997+0200] {dagbag.py:532} INFO - Filling up the DagBag from /Users/siddalingkattimani/dbt_env/lib/python3.11/site-packages/airflow/example_dags/example_short_circuit_decorator.py
[2023-04-23T00:58:59.068+0200] {processor.py:753} INFO - DAG(s) dict_keys(['example_short_circuit_decorator']) retrieved from /Users/siddalingkattimani/dbt_env/lib/python3.11/site-packages/airflow/example_dags/example_short_circuit_decorator.py
[2023-04-23T00:58:59.730+0200] {logging_mixin.py:137} INFO - [2023-04-23T00:58:59.729+0200] {dag.py:2705} INFO - Sync 1 DAGs
[2023-04-23T00:58:59.744+0200] {logging_mixin.py:137} INFO - [2023-04-23T00:58:59.744+0200] {dag.py:3452} INFO - Setting next_dagrun for example_short_circuit_decorator to 2023-04-21T22:58:59.744577+00:00, run_after=2023-04-22T22:58:59.744577+00:00
[2023-04-23T00:58:59.762+0200] {processor.py:175} INFO - Processing /Users/siddalingkattimani/dbt_env/lib/python3.11/site-packages/airflow/example_dags/example_short_circuit_decorator.py took 0.771 seconds
[2023-04-23T01:01:03.651+0200] {processor.py:153} INFO - Started process (PID=47191) to work on /Users/siddalingkattimani/dbt_env/lib/python3.11/site-packages/airflow/example_dags/example_short_circuit_decorator.py
[2023-04-23T01:01:03.663+0200] {processor.py:743} INFO - Processing file /Users/siddalingkattimani/dbt_env/lib/python3.11/site-packages/airflow/example_dags/example_short_circuit_decorator.py for tasks to queue
[2023-04-23T01:01:03.664+0200] {logging_mixin.py:137} INFO - [2023-04-23T01:01:03.664+0200] {dagbag.py:532} INFO - Filling up the DagBag from /Users/siddalingkattimani/dbt_env/lib/python3.11/site-packages/airflow/example_dags/example_short_circuit_decorator.py
[2023-04-23T01:01:03.787+0200] {processor.py:753} INFO - DAG(s) dict_keys(['example_short_circuit_decorator']) retrieved from /Users/siddalingkattimani/dbt_env/lib/python3.11/site-packages/airflow/example_dags/example_short_circuit_decorator.py
[2023-04-23T01:01:06.367+0200] {logging_mixin.py:137} INFO - [2023-04-23T01:01:06.367+0200] {dag.py:2705} INFO - Sync 1 DAGs
[2023-04-23T01:01:06.419+0200] {logging_mixin.py:137} INFO - [2023-04-23T01:01:06.419+0200] {dag.py:3452} INFO - Setting next_dagrun for example_short_circuit_decorator to 2023-04-21T23:01:06.418876+00:00, run_after=2023-04-22T23:01:06.418876+00:00
[2023-04-23T01:01:06.475+0200] {processor.py:175} INFO - Processing /Users/siddalingkattimani/dbt_env/lib/python3.11/site-packages/airflow/example_dags/example_short_circuit_decorator.py took 2.826 seconds
[2023-04-23T01:03:20.533+0200] {processor.py:153} INFO - Started process (PID=47238) to work on /Users/siddalingkattimani/dbt_env/lib/python3.11/site-packages/airflow/example_dags/example_short_circuit_decorator.py
[2023-04-23T01:03:20.538+0200] {processor.py:743} INFO - Processing file /Users/siddalingkattimani/dbt_env/lib/python3.11/site-packages/airflow/example_dags/example_short_circuit_decorator.py for tasks to queue
[2023-04-23T01:03:20.539+0200] {logging_mixin.py:137} INFO - [2023-04-23T01:03:20.539+0200] {dagbag.py:532} INFO - Filling up the DagBag from /Users/siddalingkattimani/dbt_env/lib/python3.11/site-packages/airflow/example_dags/example_short_circuit_decorator.py
[2023-04-23T01:03:20.577+0200] {processor.py:753} INFO - DAG(s) dict_keys(['example_short_circuit_decorator']) retrieved from /Users/siddalingkattimani/dbt_env/lib/python3.11/site-packages/airflow/example_dags/example_short_circuit_decorator.py
[2023-04-23T01:03:21.223+0200] {logging_mixin.py:137} INFO - [2023-04-23T01:03:21.223+0200] {dag.py:2705} INFO - Sync 1 DAGs
[2023-04-23T01:03:21.237+0200] {logging_mixin.py:137} INFO - [2023-04-23T01:03:21.237+0200] {dag.py:3452} INFO - Setting next_dagrun for example_short_circuit_decorator to 2023-04-21T23:03:21.237232+00:00, run_after=2023-04-22T23:03:21.237232+00:00
[2023-04-23T01:03:21.253+0200] {processor.py:175} INFO - Processing /Users/siddalingkattimani/dbt_env/lib/python3.11/site-packages/airflow/example_dags/example_short_circuit_decorator.py took 0.720 seconds
[2023-04-23T01:05:25.154+0200] {processor.py:153} INFO - Started process (PID=47335) to work on /Users/siddalingkattimani/dbt_env/lib/python3.11/site-packages/airflow/example_dags/example_short_circuit_decorator.py
[2023-04-23T01:05:25.162+0200] {processor.py:743} INFO - Processing file /Users/siddalingkattimani/dbt_env/lib/python3.11/site-packages/airflow/example_dags/example_short_circuit_decorator.py for tasks to queue
[2023-04-23T01:05:25.163+0200] {logging_mixin.py:137} INFO - [2023-04-23T01:05:25.162+0200] {dagbag.py:532} INFO - Filling up the DagBag from /Users/siddalingkattimani/dbt_env/lib/python3.11/site-packages/airflow/example_dags/example_short_circuit_decorator.py
[2023-04-23T01:05:25.266+0200] {processor.py:753} INFO - DAG(s) dict_keys(['example_short_circuit_decorator']) retrieved from /Users/siddalingkattimani/dbt_env/lib/python3.11/site-packages/airflow/example_dags/example_short_circuit_decorator.py
[2023-04-23T01:05:26.797+0200] {logging_mixin.py:137} INFO - [2023-04-23T01:05:26.797+0200] {dag.py:2705} INFO - Sync 1 DAGs
[2023-04-23T01:05:26.814+0200] {logging_mixin.py:137} INFO - [2023-04-23T01:05:26.813+0200] {dag.py:3452} INFO - Setting next_dagrun for example_short_circuit_decorator to 2023-04-21T23:05:26.813815+00:00, run_after=2023-04-22T23:05:26.813815+00:00
[2023-04-23T01:05:26.834+0200] {processor.py:175} INFO - Processing /Users/siddalingkattimani/dbt_env/lib/python3.11/site-packages/airflow/example_dags/example_short_circuit_decorator.py took 1.681 seconds
[2023-04-23T01:07:50.826+0200] {processor.py:153} INFO - Started process (PID=47459) to work on /Users/siddalingkattimani/dbt_env/lib/python3.11/site-packages/airflow/example_dags/example_short_circuit_decorator.py
[2023-04-23T01:07:50.830+0200] {processor.py:743} INFO - Processing file /Users/siddalingkattimani/dbt_env/lib/python3.11/site-packages/airflow/example_dags/example_short_circuit_decorator.py for tasks to queue
[2023-04-23T01:07:50.831+0200] {logging_mixin.py:137} INFO - [2023-04-23T01:07:50.831+0200] {dagbag.py:532} INFO - Filling up the DagBag from /Users/siddalingkattimani/dbt_env/lib/python3.11/site-packages/airflow/example_dags/example_short_circuit_decorator.py
[2023-04-23T01:07:50.923+0200] {processor.py:753} INFO - DAG(s) dict_keys(['example_short_circuit_decorator']) retrieved from /Users/siddalingkattimani/dbt_env/lib/python3.11/site-packages/airflow/example_dags/example_short_circuit_decorator.py
[2023-04-23T01:07:51.699+0200] {logging_mixin.py:137} INFO - [2023-04-23T01:07:51.699+0200] {dag.py:2705} INFO - Sync 1 DAGs
[2023-04-23T01:07:51.714+0200] {logging_mixin.py:137} INFO - [2023-04-23T01:07:51.714+0200] {dag.py:3452} INFO - Setting next_dagrun for example_short_circuit_decorator to 2023-04-21T23:07:51.714057+00:00, run_after=2023-04-22T23:07:51.714057+00:00
[2023-04-23T01:07:51.732+0200] {processor.py:175} INFO - Processing /Users/siddalingkattimani/dbt_env/lib/python3.11/site-packages/airflow/example_dags/example_short_circuit_decorator.py took 0.907 seconds
[2023-04-23T01:10:25.039+0200] {processor.py:153} INFO - Started process (PID=47644) to work on /Users/siddalingkattimani/dbt_env/lib/python3.11/site-packages/airflow/example_dags/example_short_circuit_decorator.py
[2023-04-23T01:10:25.044+0200] {processor.py:743} INFO - Processing file /Users/siddalingkattimani/dbt_env/lib/python3.11/site-packages/airflow/example_dags/example_short_circuit_decorator.py for tasks to queue
[2023-04-23T01:10:25.044+0200] {logging_mixin.py:137} INFO - [2023-04-23T01:10:25.044+0200] {dagbag.py:532} INFO - Filling up the DagBag from /Users/siddalingkattimani/dbt_env/lib/python3.11/site-packages/airflow/example_dags/example_short_circuit_decorator.py
[2023-04-23T01:10:25.129+0200] {processor.py:753} INFO - DAG(s) dict_keys(['example_short_circuit_decorator']) retrieved from /Users/siddalingkattimani/dbt_env/lib/python3.11/site-packages/airflow/example_dags/example_short_circuit_decorator.py
[2023-04-23T01:10:25.977+0200] {logging_mixin.py:137} INFO - [2023-04-23T01:10:25.977+0200] {dag.py:2705} INFO - Sync 1 DAGs
[2023-04-23T01:10:25.993+0200] {logging_mixin.py:137} INFO - [2023-04-23T01:10:25.992+0200] {dag.py:3452} INFO - Setting next_dagrun for example_short_circuit_decorator to 2023-04-21T23:10:25.992731+00:00, run_after=2023-04-22T23:10:25.992731+00:00
[2023-04-23T01:10:26.012+0200] {processor.py:175} INFO - Processing /Users/siddalingkattimani/dbt_env/lib/python3.11/site-packages/airflow/example_dags/example_short_circuit_decorator.py took 0.974 seconds
[2023-04-23T01:12:36.433+0200] {processor.py:153} INFO - Started process (PID=47690) to work on /Users/siddalingkattimani/dbt_env/lib/python3.11/site-packages/airflow/example_dags/example_short_circuit_decorator.py
[2023-04-23T01:12:36.438+0200] {processor.py:743} INFO - Processing file /Users/siddalingkattimani/dbt_env/lib/python3.11/site-packages/airflow/example_dags/example_short_circuit_decorator.py for tasks to queue
[2023-04-23T01:12:36.438+0200] {logging_mixin.py:137} INFO - [2023-04-23T01:12:36.438+0200] {dagbag.py:532} INFO - Filling up the DagBag from /Users/siddalingkattimani/dbt_env/lib/python3.11/site-packages/airflow/example_dags/example_short_circuit_decorator.py
[2023-04-23T01:12:36.513+0200] {processor.py:753} INFO - DAG(s) dict_keys(['example_short_circuit_decorator']) retrieved from /Users/siddalingkattimani/dbt_env/lib/python3.11/site-packages/airflow/example_dags/example_short_circuit_decorator.py
[2023-04-23T01:12:37.116+0200] {logging_mixin.py:137} INFO - [2023-04-23T01:12:37.116+0200] {dag.py:2705} INFO - Sync 1 DAGs
[2023-04-23T01:12:37.128+0200] {logging_mixin.py:137} INFO - [2023-04-23T01:12:37.128+0200] {dag.py:3452} INFO - Setting next_dagrun for example_short_circuit_decorator to 2023-04-21T23:12:37.128550+00:00, run_after=2023-04-22T23:12:37.128550+00:00
[2023-04-23T01:12:37.145+0200] {processor.py:175} INFO - Processing /Users/siddalingkattimani/dbt_env/lib/python3.11/site-packages/airflow/example_dags/example_short_circuit_decorator.py took 0.713 seconds
[2023-04-23T01:14:36.919+0200] {processor.py:153} INFO - Started process (PID=47739) to work on /Users/siddalingkattimani/dbt_env/lib/python3.11/site-packages/airflow/example_dags/example_short_circuit_decorator.py
[2023-04-23T01:14:36.922+0200] {processor.py:743} INFO - Processing file /Users/siddalingkattimani/dbt_env/lib/python3.11/site-packages/airflow/example_dags/example_short_circuit_decorator.py for tasks to queue
[2023-04-23T01:14:36.923+0200] {logging_mixin.py:137} INFO - [2023-04-23T01:14:36.922+0200] {dagbag.py:532} INFO - Filling up the DagBag from /Users/siddalingkattimani/dbt_env/lib/python3.11/site-packages/airflow/example_dags/example_short_circuit_decorator.py
[2023-04-23T01:14:36.999+0200] {processor.py:753} INFO - DAG(s) dict_keys(['example_short_circuit_decorator']) retrieved from /Users/siddalingkattimani/dbt_env/lib/python3.11/site-packages/airflow/example_dags/example_short_circuit_decorator.py
[2023-04-23T01:14:37.637+0200] {logging_mixin.py:137} INFO - [2023-04-23T01:14:37.637+0200] {dag.py:2705} INFO - Sync 1 DAGs
[2023-04-23T01:14:37.652+0200] {logging_mixin.py:137} INFO - [2023-04-23T01:14:37.652+0200] {dag.py:3452} INFO - Setting next_dagrun for example_short_circuit_decorator to 2023-04-21T23:14:37.652528+00:00, run_after=2023-04-22T23:14:37.652528+00:00
[2023-04-23T01:14:37.672+0200] {processor.py:175} INFO - Processing /Users/siddalingkattimani/dbt_env/lib/python3.11/site-packages/airflow/example_dags/example_short_circuit_decorator.py took 0.754 seconds
[2023-04-23T01:16:42.475+0200] {processor.py:153} INFO - Started process (PID=47784) to work on /Users/siddalingkattimani/dbt_env/lib/python3.11/site-packages/airflow/example_dags/example_short_circuit_decorator.py
[2023-04-23T01:16:42.480+0200] {processor.py:743} INFO - Processing file /Users/siddalingkattimani/dbt_env/lib/python3.11/site-packages/airflow/example_dags/example_short_circuit_decorator.py for tasks to queue
[2023-04-23T01:16:42.480+0200] {logging_mixin.py:137} INFO - [2023-04-23T01:16:42.480+0200] {dagbag.py:532} INFO - Filling up the DagBag from /Users/siddalingkattimani/dbt_env/lib/python3.11/site-packages/airflow/example_dags/example_short_circuit_decorator.py
[2023-04-23T01:16:42.575+0200] {processor.py:753} INFO - DAG(s) dict_keys(['example_short_circuit_decorator']) retrieved from /Users/siddalingkattimani/dbt_env/lib/python3.11/site-packages/airflow/example_dags/example_short_circuit_decorator.py
[2023-04-23T01:16:43.272+0200] {logging_mixin.py:137} INFO - [2023-04-23T01:16:43.271+0200] {dag.py:2705} INFO - Sync 1 DAGs
[2023-04-23T01:16:43.288+0200] {logging_mixin.py:137} INFO - [2023-04-23T01:16:43.287+0200] {dag.py:3452} INFO - Setting next_dagrun for example_short_circuit_decorator to 2023-04-21T23:16:43.287743+00:00, run_after=2023-04-22T23:16:43.287743+00:00
[2023-04-23T01:16:43.307+0200] {processor.py:175} INFO - Processing /Users/siddalingkattimani/dbt_env/lib/python3.11/site-packages/airflow/example_dags/example_short_circuit_decorator.py took 0.833 seconds
[2023-04-23T01:18:45.305+0200] {processor.py:153} INFO - Started process (PID=47829) to work on /Users/siddalingkattimani/dbt_env/lib/python3.11/site-packages/airflow/example_dags/example_short_circuit_decorator.py
[2023-04-23T01:18:45.308+0200] {processor.py:743} INFO - Processing file /Users/siddalingkattimani/dbt_env/lib/python3.11/site-packages/airflow/example_dags/example_short_circuit_decorator.py for tasks to queue
[2023-04-23T01:18:45.309+0200] {logging_mixin.py:137} INFO - [2023-04-23T01:18:45.309+0200] {dagbag.py:532} INFO - Filling up the DagBag from /Users/siddalingkattimani/dbt_env/lib/python3.11/site-packages/airflow/example_dags/example_short_circuit_decorator.py
[2023-04-23T01:18:45.381+0200] {processor.py:753} INFO - DAG(s) dict_keys(['example_short_circuit_decorator']) retrieved from /Users/siddalingkattimani/dbt_env/lib/python3.11/site-packages/airflow/example_dags/example_short_circuit_decorator.py
[2023-04-23T01:18:45.990+0200] {logging_mixin.py:137} INFO - [2023-04-23T01:18:45.989+0200] {dag.py:2705} INFO - Sync 1 DAGs
[2023-04-23T01:18:46.003+0200] {logging_mixin.py:137} INFO - [2023-04-23T01:18:46.003+0200] {dag.py:3452} INFO - Setting next_dagrun for example_short_circuit_decorator to 2023-04-21T23:18:46.003546+00:00, run_after=2023-04-22T23:18:46.003546+00:00
[2023-04-23T01:18:46.021+0200] {processor.py:175} INFO - Processing /Users/siddalingkattimani/dbt_env/lib/python3.11/site-packages/airflow/example_dags/example_short_circuit_decorator.py took 0.717 seconds
[2023-04-23T01:20:50.487+0200] {processor.py:153} INFO - Started process (PID=47875) to work on /Users/siddalingkattimani/dbt_env/lib/python3.11/site-packages/airflow/example_dags/example_short_circuit_decorator.py
[2023-04-23T01:20:50.490+0200] {processor.py:743} INFO - Processing file /Users/siddalingkattimani/dbt_env/lib/python3.11/site-packages/airflow/example_dags/example_short_circuit_decorator.py for tasks to queue
[2023-04-23T01:20:50.491+0200] {logging_mixin.py:137} INFO - [2023-04-23T01:20:50.491+0200] {dagbag.py:532} INFO - Filling up the DagBag from /Users/siddalingkattimani/dbt_env/lib/python3.11/site-packages/airflow/example_dags/example_short_circuit_decorator.py
[2023-04-23T01:20:50.569+0200] {processor.py:753} INFO - DAG(s) dict_keys(['example_short_circuit_decorator']) retrieved from /Users/siddalingkattimani/dbt_env/lib/python3.11/site-packages/airflow/example_dags/example_short_circuit_decorator.py
[2023-04-23T01:20:51.250+0200] {logging_mixin.py:137} INFO - [2023-04-23T01:20:51.250+0200] {dag.py:2705} INFO - Sync 1 DAGs
[2023-04-23T01:20:51.270+0200] {logging_mixin.py:137} INFO - [2023-04-23T01:20:51.270+0200] {dag.py:3452} INFO - Setting next_dagrun for example_short_circuit_decorator to 2023-04-21T23:20:51.270584+00:00, run_after=2023-04-22T23:20:51.270584+00:00
[2023-04-23T01:20:51.289+0200] {processor.py:175} INFO - Processing /Users/siddalingkattimani/dbt_env/lib/python3.11/site-packages/airflow/example_dags/example_short_circuit_decorator.py took 0.803 seconds
[2023-04-23T01:22:53.503+0200] {processor.py:153} INFO - Started process (PID=47922) to work on /Users/siddalingkattimani/dbt_env/lib/python3.11/site-packages/airflow/example_dags/example_short_circuit_decorator.py
[2023-04-23T01:22:53.506+0200] {processor.py:743} INFO - Processing file /Users/siddalingkattimani/dbt_env/lib/python3.11/site-packages/airflow/example_dags/example_short_circuit_decorator.py for tasks to queue
[2023-04-23T01:22:53.506+0200] {logging_mixin.py:137} INFO - [2023-04-23T01:22:53.506+0200] {dagbag.py:532} INFO - Filling up the DagBag from /Users/siddalingkattimani/dbt_env/lib/python3.11/site-packages/airflow/example_dags/example_short_circuit_decorator.py
[2023-04-23T01:22:53.578+0200] {processor.py:753} INFO - DAG(s) dict_keys(['example_short_circuit_decorator']) retrieved from /Users/siddalingkattimani/dbt_env/lib/python3.11/site-packages/airflow/example_dags/example_short_circuit_decorator.py
[2023-04-23T01:22:54.176+0200] {logging_mixin.py:137} INFO - [2023-04-23T01:22:54.176+0200] {dag.py:2705} INFO - Sync 1 DAGs
[2023-04-23T01:22:54.189+0200] {logging_mixin.py:137} INFO - [2023-04-23T01:22:54.189+0200] {dag.py:3452} INFO - Setting next_dagrun for example_short_circuit_decorator to 2023-04-21T23:22:54.189574+00:00, run_after=2023-04-22T23:22:54.189574+00:00
[2023-04-23T01:22:54.206+0200] {processor.py:175} INFO - Processing /Users/siddalingkattimani/dbt_env/lib/python3.11/site-packages/airflow/example_dags/example_short_circuit_decorator.py took 0.704 seconds
[2023-04-23T01:24:51.501+0200] {processor.py:153} INFO - Started process (PID=47974) to work on /Users/siddalingkattimani/dbt_env/lib/python3.11/site-packages/airflow/example_dags/example_short_circuit_decorator.py
[2023-04-23T01:24:51.504+0200] {processor.py:743} INFO - Processing file /Users/siddalingkattimani/dbt_env/lib/python3.11/site-packages/airflow/example_dags/example_short_circuit_decorator.py for tasks to queue
[2023-04-23T01:24:51.504+0200] {logging_mixin.py:137} INFO - [2023-04-23T01:24:51.504+0200] {dagbag.py:532} INFO - Filling up the DagBag from /Users/siddalingkattimani/dbt_env/lib/python3.11/site-packages/airflow/example_dags/example_short_circuit_decorator.py
[2023-04-23T01:24:51.576+0200] {processor.py:753} INFO - DAG(s) dict_keys(['example_short_circuit_decorator']) retrieved from /Users/siddalingkattimani/dbt_env/lib/python3.11/site-packages/airflow/example_dags/example_short_circuit_decorator.py
[2023-04-23T01:24:52.246+0200] {logging_mixin.py:137} INFO - [2023-04-23T01:24:52.245+0200] {dag.py:2705} INFO - Sync 1 DAGs
[2023-04-23T01:24:52.261+0200] {logging_mixin.py:137} INFO - [2023-04-23T01:24:52.261+0200] {dag.py:3452} INFO - Setting next_dagrun for example_short_circuit_decorator to 2023-04-21T23:24:52.260911+00:00, run_after=2023-04-22T23:24:52.260911+00:00
[2023-04-23T01:24:52.279+0200] {processor.py:175} INFO - Processing /Users/siddalingkattimani/dbt_env/lib/python3.11/site-packages/airflow/example_dags/example_short_circuit_decorator.py took 0.779 seconds
[2023-04-23T01:26:52.167+0200] {processor.py:153} INFO - Started process (PID=48039) to work on /Users/siddalingkattimani/dbt_env/lib/python3.11/site-packages/airflow/example_dags/example_short_circuit_decorator.py
[2023-04-23T01:26:52.169+0200] {processor.py:743} INFO - Processing file /Users/siddalingkattimani/dbt_env/lib/python3.11/site-packages/airflow/example_dags/example_short_circuit_decorator.py for tasks to queue
[2023-04-23T01:26:52.170+0200] {logging_mixin.py:137} INFO - [2023-04-23T01:26:52.170+0200] {dagbag.py:532} INFO - Filling up the DagBag from /Users/siddalingkattimani/dbt_env/lib/python3.11/site-packages/airflow/example_dags/example_short_circuit_decorator.py
[2023-04-23T01:26:52.241+0200] {processor.py:753} INFO - DAG(s) dict_keys(['example_short_circuit_decorator']) retrieved from /Users/siddalingkattimani/dbt_env/lib/python3.11/site-packages/airflow/example_dags/example_short_circuit_decorator.py
[2023-04-23T01:26:52.847+0200] {logging_mixin.py:137} INFO - [2023-04-23T01:26:52.847+0200] {dag.py:2705} INFO - Sync 1 DAGs
[2023-04-23T01:26:52.860+0200] {logging_mixin.py:137} INFO - [2023-04-23T01:26:52.860+0200] {dag.py:3452} INFO - Setting next_dagrun for example_short_circuit_decorator to 2023-04-21T23:26:52.860060+00:00, run_after=2023-04-22T23:26:52.860060+00:00
[2023-04-23T01:26:52.877+0200] {processor.py:175} INFO - Processing /Users/siddalingkattimani/dbt_env/lib/python3.11/site-packages/airflow/example_dags/example_short_circuit_decorator.py took 0.711 seconds
[2023-04-23T01:29:00.076+0200] {processor.py:153} INFO - Started process (PID=48086) to work on /Users/siddalingkattimani/dbt_env/lib/python3.11/site-packages/airflow/example_dags/example_short_circuit_decorator.py
[2023-04-23T01:29:00.079+0200] {processor.py:743} INFO - Processing file /Users/siddalingkattimani/dbt_env/lib/python3.11/site-packages/airflow/example_dags/example_short_circuit_decorator.py for tasks to queue
[2023-04-23T01:29:00.080+0200] {logging_mixin.py:137} INFO - [2023-04-23T01:29:00.080+0200] {dagbag.py:532} INFO - Filling up the DagBag from /Users/siddalingkattimani/dbt_env/lib/python3.11/site-packages/airflow/example_dags/example_short_circuit_decorator.py
[2023-04-23T01:29:00.153+0200] {processor.py:753} INFO - DAG(s) dict_keys(['example_short_circuit_decorator']) retrieved from /Users/siddalingkattimani/dbt_env/lib/python3.11/site-packages/airflow/example_dags/example_short_circuit_decorator.py
[2023-04-23T01:29:00.784+0200] {logging_mixin.py:137} INFO - [2023-04-23T01:29:00.784+0200] {dag.py:2705} INFO - Sync 1 DAGs
[2023-04-23T01:29:00.799+0200] {logging_mixin.py:137} INFO - [2023-04-23T01:29:00.799+0200] {dag.py:3452} INFO - Setting next_dagrun for example_short_circuit_decorator to 2023-04-21T23:29:00.799074+00:00, run_after=2023-04-22T23:29:00.799074+00:00
[2023-04-23T01:29:00.815+0200] {processor.py:175} INFO - Processing /Users/siddalingkattimani/dbt_env/lib/python3.11/site-packages/airflow/example_dags/example_short_circuit_decorator.py took 0.740 seconds
[2023-04-23T01:31:00.453+0200] {processor.py:153} INFO - Started process (PID=48134) to work on /Users/siddalingkattimani/dbt_env/lib/python3.11/site-packages/airflow/example_dags/example_short_circuit_decorator.py
[2023-04-23T01:31:00.456+0200] {processor.py:743} INFO - Processing file /Users/siddalingkattimani/dbt_env/lib/python3.11/site-packages/airflow/example_dags/example_short_circuit_decorator.py for tasks to queue
[2023-04-23T01:31:00.457+0200] {logging_mixin.py:137} INFO - [2023-04-23T01:31:00.457+0200] {dagbag.py:532} INFO - Filling up the DagBag from /Users/siddalingkattimani/dbt_env/lib/python3.11/site-packages/airflow/example_dags/example_short_circuit_decorator.py
[2023-04-23T01:31:00.530+0200] {processor.py:753} INFO - DAG(s) dict_keys(['example_short_circuit_decorator']) retrieved from /Users/siddalingkattimani/dbt_env/lib/python3.11/site-packages/airflow/example_dags/example_short_circuit_decorator.py
[2023-04-23T01:31:01.143+0200] {logging_mixin.py:137} INFO - [2023-04-23T01:31:01.142+0200] {dag.py:2705} INFO - Sync 1 DAGs
[2023-04-23T01:31:01.157+0200] {logging_mixin.py:137} INFO - [2023-04-23T01:31:01.157+0200] {dag.py:3452} INFO - Setting next_dagrun for example_short_circuit_decorator to 2023-04-21T23:31:01.157108+00:00, run_after=2023-04-22T23:31:01.157108+00:00
[2023-04-23T01:31:01.175+0200] {processor.py:175} INFO - Processing /Users/siddalingkattimani/dbt_env/lib/python3.11/site-packages/airflow/example_dags/example_short_circuit_decorator.py took 0.722 seconds
[2023-04-23T01:33:04.429+0200] {processor.py:153} INFO - Started process (PID=48182) to work on /Users/siddalingkattimani/dbt_env/lib/python3.11/site-packages/airflow/example_dags/example_short_circuit_decorator.py
[2023-04-23T01:33:04.433+0200] {processor.py:743} INFO - Processing file /Users/siddalingkattimani/dbt_env/lib/python3.11/site-packages/airflow/example_dags/example_short_circuit_decorator.py for tasks to queue
[2023-04-23T01:33:04.435+0200] {logging_mixin.py:137} INFO - [2023-04-23T01:33:04.434+0200] {dagbag.py:532} INFO - Filling up the DagBag from /Users/siddalingkattimani/dbt_env/lib/python3.11/site-packages/airflow/example_dags/example_short_circuit_decorator.py
[2023-04-23T01:33:04.548+0200] {processor.py:753} INFO - DAG(s) dict_keys(['example_short_circuit_decorator']) retrieved from /Users/siddalingkattimani/dbt_env/lib/python3.11/site-packages/airflow/example_dags/example_short_circuit_decorator.py
[2023-04-23T01:33:05.546+0200] {logging_mixin.py:137} INFO - [2023-04-23T01:33:05.546+0200] {dag.py:2705} INFO - Sync 1 DAGs
[2023-04-23T01:33:05.560+0200] {logging_mixin.py:137} INFO - [2023-04-23T01:33:05.560+0200] {dag.py:3452} INFO - Setting next_dagrun for example_short_circuit_decorator to 2023-04-21T23:33:05.560444+00:00, run_after=2023-04-22T23:33:05.560444+00:00
[2023-04-23T01:33:05.579+0200] {processor.py:175} INFO - Processing /Users/siddalingkattimani/dbt_env/lib/python3.11/site-packages/airflow/example_dags/example_short_circuit_decorator.py took 1.151 seconds
[2023-04-23T01:35:10.273+0200] {processor.py:153} INFO - Started process (PID=48230) to work on /Users/siddalingkattimani/dbt_env/lib/python3.11/site-packages/airflow/example_dags/example_short_circuit_decorator.py
[2023-04-23T01:35:10.276+0200] {processor.py:743} INFO - Processing file /Users/siddalingkattimani/dbt_env/lib/python3.11/site-packages/airflow/example_dags/example_short_circuit_decorator.py for tasks to queue
[2023-04-23T01:35:10.277+0200] {logging_mixin.py:137} INFO - [2023-04-23T01:35:10.276+0200] {dagbag.py:532} INFO - Filling up the DagBag from /Users/siddalingkattimani/dbt_env/lib/python3.11/site-packages/airflow/example_dags/example_short_circuit_decorator.py
[2023-04-23T01:35:10.346+0200] {processor.py:753} INFO - DAG(s) dict_keys(['example_short_circuit_decorator']) retrieved from /Users/siddalingkattimani/dbt_env/lib/python3.11/site-packages/airflow/example_dags/example_short_circuit_decorator.py
[2023-04-23T01:35:10.935+0200] {logging_mixin.py:137} INFO - [2023-04-23T01:35:10.935+0200] {dag.py:2705} INFO - Sync 1 DAGs
[2023-04-23T01:35:10.948+0200] {logging_mixin.py:137} INFO - [2023-04-23T01:35:10.948+0200] {dag.py:3452} INFO - Setting next_dagrun for example_short_circuit_decorator to 2023-04-21T23:35:10.948360+00:00, run_after=2023-04-22T23:35:10.948360+00:00
[2023-04-23T01:35:10.966+0200] {processor.py:175} INFO - Processing /Users/siddalingkattimani/dbt_env/lib/python3.11/site-packages/airflow/example_dags/example_short_circuit_decorator.py took 0.693 seconds
