[2023-04-23T00:44:59.266+0200] {processor.py:153} INFO - Started process (PID=46789) to work on /Users/siddalingkattimani/dbt_env/lib/python3.11/site-packages/airflow/example_dags/example_kubernetes_executor.py
[2023-04-23T00:44:59.270+0200] {processor.py:743} INFO - Processing file /Users/siddalingkattimani/dbt_env/lib/python3.11/site-packages/airflow/example_dags/example_kubernetes_executor.py for tasks to queue
[2023-04-23T00:44:59.271+0200] {logging_mixin.py:137} INFO - [2023-04-23T00:44:59.271+0200] {dagbag.py:532} INFO - Filling up the DagBag from /Users/siddalingkattimani/dbt_env/lib/python3.11/site-packages/airflow/example_dags/example_kubernetes_executor.py
[2023-04-23T00:44:59.315+0200] {logging_mixin.py:137} INFO - [2023-04-23T00:44:59.314+0200] {example_kubernetes_executor.py:41} WARNING - The example_kubernetes_executor example DAG requires the kubernetes provider. Please install it with: pip install apache-airflow[cncf.kubernetes]
[2023-04-23T00:44:59.315+0200] {processor.py:755} WARNING - No viable dags retrieved from /Users/siddalingkattimani/dbt_env/lib/python3.11/site-packages/airflow/example_dags/example_kubernetes_executor.py
[2023-04-23T00:44:59.965+0200] {processor.py:175} INFO - Processing /Users/siddalingkattimani/dbt_env/lib/python3.11/site-packages/airflow/example_dags/example_kubernetes_executor.py took 0.701 seconds
[2023-04-23T00:46:58.402+0200] {processor.py:153} INFO - Started process (PID=46836) to work on /Users/siddalingkattimani/dbt_env/lib/python3.11/site-packages/airflow/example_dags/example_kubernetes_executor.py
[2023-04-23T00:46:58.405+0200] {processor.py:743} INFO - Processing file /Users/siddalingkattimani/dbt_env/lib/python3.11/site-packages/airflow/example_dags/example_kubernetes_executor.py for tasks to queue
[2023-04-23T00:46:58.405+0200] {logging_mixin.py:137} INFO - [2023-04-23T00:46:58.405+0200] {dagbag.py:532} INFO - Filling up the DagBag from /Users/siddalingkattimani/dbt_env/lib/python3.11/site-packages/airflow/example_dags/example_kubernetes_executor.py
[2023-04-23T00:46:58.442+0200] {logging_mixin.py:137} INFO - [2023-04-23T00:46:58.441+0200] {example_kubernetes_executor.py:41} WARNING - The example_kubernetes_executor example DAG requires the kubernetes provider. Please install it with: pip install apache-airflow[cncf.kubernetes]
[2023-04-23T00:46:58.442+0200] {processor.py:755} WARNING - No viable dags retrieved from /Users/siddalingkattimani/dbt_env/lib/python3.11/site-packages/airflow/example_dags/example_kubernetes_executor.py
[2023-04-23T00:46:59.289+0200] {processor.py:175} INFO - Processing /Users/siddalingkattimani/dbt_env/lib/python3.11/site-packages/airflow/example_dags/example_kubernetes_executor.py took 0.888 seconds
[2023-04-23T00:49:00.598+0200] {processor.py:153} INFO - Started process (PID=46881) to work on /Users/siddalingkattimani/dbt_env/lib/python3.11/site-packages/airflow/example_dags/example_kubernetes_executor.py
[2023-04-23T00:49:00.601+0200] {processor.py:743} INFO - Processing file /Users/siddalingkattimani/dbt_env/lib/python3.11/site-packages/airflow/example_dags/example_kubernetes_executor.py for tasks to queue
[2023-04-23T00:49:00.602+0200] {logging_mixin.py:137} INFO - [2023-04-23T00:49:00.601+0200] {dagbag.py:532} INFO - Filling up the DagBag from /Users/siddalingkattimani/dbt_env/lib/python3.11/site-packages/airflow/example_dags/example_kubernetes_executor.py
[2023-04-23T00:49:00.632+0200] {logging_mixin.py:137} INFO - [2023-04-23T00:49:00.632+0200] {example_kubernetes_executor.py:41} WARNING - The example_kubernetes_executor example DAG requires the kubernetes provider. Please install it with: pip install apache-airflow[cncf.kubernetes]
[2023-04-23T00:49:00.633+0200] {processor.py:755} WARNING - No viable dags retrieved from /Users/siddalingkattimani/dbt_env/lib/python3.11/site-packages/airflow/example_dags/example_kubernetes_executor.py
[2023-04-23T00:49:01.265+0200] {processor.py:175} INFO - Processing /Users/siddalingkattimani/dbt_env/lib/python3.11/site-packages/airflow/example_dags/example_kubernetes_executor.py took 0.667 seconds
[2023-04-23T00:51:02.462+0200] {processor.py:153} INFO - Started process (PID=46927) to work on /Users/siddalingkattimani/dbt_env/lib/python3.11/site-packages/airflow/example_dags/example_kubernetes_executor.py
[2023-04-23T00:51:02.465+0200] {processor.py:743} INFO - Processing file /Users/siddalingkattimani/dbt_env/lib/python3.11/site-packages/airflow/example_dags/example_kubernetes_executor.py for tasks to queue
[2023-04-23T00:51:02.465+0200] {logging_mixin.py:137} INFO - [2023-04-23T00:51:02.465+0200] {dagbag.py:532} INFO - Filling up the DagBag from /Users/siddalingkattimani/dbt_env/lib/python3.11/site-packages/airflow/example_dags/example_kubernetes_executor.py
[2023-04-23T00:51:02.500+0200] {logging_mixin.py:137} INFO - [2023-04-23T00:51:02.500+0200] {example_kubernetes_executor.py:41} WARNING - The example_kubernetes_executor example DAG requires the kubernetes provider. Please install it with: pip install apache-airflow[cncf.kubernetes]
[2023-04-23T00:51:02.500+0200] {processor.py:755} WARNING - No viable dags retrieved from /Users/siddalingkattimani/dbt_env/lib/python3.11/site-packages/airflow/example_dags/example_kubernetes_executor.py
[2023-04-23T00:51:03.390+0200] {processor.py:175} INFO - Processing /Users/siddalingkattimani/dbt_env/lib/python3.11/site-packages/airflow/example_dags/example_kubernetes_executor.py took 0.928 seconds
[2023-04-23T00:53:13.899+0200] {processor.py:153} INFO - Started process (PID=46987) to work on /Users/siddalingkattimani/dbt_env/lib/python3.11/site-packages/airflow/example_dags/example_kubernetes_executor.py
[2023-04-23T00:53:13.902+0200] {processor.py:743} INFO - Processing file /Users/siddalingkattimani/dbt_env/lib/python3.11/site-packages/airflow/example_dags/example_kubernetes_executor.py for tasks to queue
[2023-04-23T00:53:13.902+0200] {logging_mixin.py:137} INFO - [2023-04-23T00:53:13.902+0200] {dagbag.py:532} INFO - Filling up the DagBag from /Users/siddalingkattimani/dbt_env/lib/python3.11/site-packages/airflow/example_dags/example_kubernetes_executor.py
[2023-04-23T00:53:13.935+0200] {logging_mixin.py:137} INFO - [2023-04-23T00:53:13.935+0200] {example_kubernetes_executor.py:41} WARNING - The example_kubernetes_executor example DAG requires the kubernetes provider. Please install it with: pip install apache-airflow[cncf.kubernetes]
[2023-04-23T00:53:13.935+0200] {processor.py:755} WARNING - No viable dags retrieved from /Users/siddalingkattimani/dbt_env/lib/python3.11/site-packages/airflow/example_dags/example_kubernetes_executor.py
[2023-04-23T00:53:14.686+0200] {processor.py:175} INFO - Processing /Users/siddalingkattimani/dbt_env/lib/python3.11/site-packages/airflow/example_dags/example_kubernetes_executor.py took 0.788 seconds
[2023-04-23T00:55:12.458+0200] {processor.py:153} INFO - Started process (PID=47054) to work on /Users/siddalingkattimani/dbt_env/lib/python3.11/site-packages/airflow/example_dags/example_kubernetes_executor.py
[2023-04-23T00:55:12.462+0200] {processor.py:743} INFO - Processing file /Users/siddalingkattimani/dbt_env/lib/python3.11/site-packages/airflow/example_dags/example_kubernetes_executor.py for tasks to queue
[2023-04-23T00:55:12.462+0200] {logging_mixin.py:137} INFO - [2023-04-23T00:55:12.462+0200] {dagbag.py:532} INFO - Filling up the DagBag from /Users/siddalingkattimani/dbt_env/lib/python3.11/site-packages/airflow/example_dags/example_kubernetes_executor.py
[2023-04-23T00:55:12.497+0200] {logging_mixin.py:137} INFO - [2023-04-23T00:55:12.497+0200] {example_kubernetes_executor.py:41} WARNING - The example_kubernetes_executor example DAG requires the kubernetes provider. Please install it with: pip install apache-airflow[cncf.kubernetes]
[2023-04-23T00:55:12.497+0200] {processor.py:755} WARNING - No viable dags retrieved from /Users/siddalingkattimani/dbt_env/lib/python3.11/site-packages/airflow/example_dags/example_kubernetes_executor.py
[2023-04-23T00:55:13.860+0200] {processor.py:175} INFO - Processing /Users/siddalingkattimani/dbt_env/lib/python3.11/site-packages/airflow/example_dags/example_kubernetes_executor.py took 1.402 seconds
[2023-04-23T00:57:23.770+0200] {processor.py:153} INFO - Started process (PID=47108) to work on /Users/siddalingkattimani/dbt_env/lib/python3.11/site-packages/airflow/example_dags/example_kubernetes_executor.py
[2023-04-23T00:57:23.774+0200] {processor.py:743} INFO - Processing file /Users/siddalingkattimani/dbt_env/lib/python3.11/site-packages/airflow/example_dags/example_kubernetes_executor.py for tasks to queue
[2023-04-23T00:57:23.775+0200] {logging_mixin.py:137} INFO - [2023-04-23T00:57:23.775+0200] {dagbag.py:532} INFO - Filling up the DagBag from /Users/siddalingkattimani/dbt_env/lib/python3.11/site-packages/airflow/example_dags/example_kubernetes_executor.py
[2023-04-23T00:57:23.819+0200] {logging_mixin.py:137} INFO - [2023-04-23T00:57:23.819+0200] {example_kubernetes_executor.py:41} WARNING - The example_kubernetes_executor example DAG requires the kubernetes provider. Please install it with: pip install apache-airflow[cncf.kubernetes]
[2023-04-23T00:57:23.820+0200] {processor.py:755} WARNING - No viable dags retrieved from /Users/siddalingkattimani/dbt_env/lib/python3.11/site-packages/airflow/example_dags/example_kubernetes_executor.py
[2023-04-23T00:57:24.662+0200] {processor.py:175} INFO - Processing /Users/siddalingkattimani/dbt_env/lib/python3.11/site-packages/airflow/example_dags/example_kubernetes_executor.py took 0.894 seconds
[2023-04-23T00:59:30.463+0200] {processor.py:153} INFO - Started process (PID=47155) to work on /Users/siddalingkattimani/dbt_env/lib/python3.11/site-packages/airflow/example_dags/example_kubernetes_executor.py
[2023-04-23T00:59:30.468+0200] {processor.py:743} INFO - Processing file /Users/siddalingkattimani/dbt_env/lib/python3.11/site-packages/airflow/example_dags/example_kubernetes_executor.py for tasks to queue
[2023-04-23T00:59:30.468+0200] {logging_mixin.py:137} INFO - [2023-04-23T00:59:30.468+0200] {dagbag.py:532} INFO - Filling up the DagBag from /Users/siddalingkattimani/dbt_env/lib/python3.11/site-packages/airflow/example_dags/example_kubernetes_executor.py
[2023-04-23T00:59:30.503+0200] {logging_mixin.py:137} INFO - [2023-04-23T00:59:30.503+0200] {example_kubernetes_executor.py:41} WARNING - The example_kubernetes_executor example DAG requires the kubernetes provider. Please install it with: pip install apache-airflow[cncf.kubernetes]
[2023-04-23T00:59:30.503+0200] {processor.py:755} WARNING - No viable dags retrieved from /Users/siddalingkattimani/dbt_env/lib/python3.11/site-packages/airflow/example_dags/example_kubernetes_executor.py
[2023-04-23T00:59:31.167+0200] {processor.py:175} INFO - Processing /Users/siddalingkattimani/dbt_env/lib/python3.11/site-packages/airflow/example_dags/example_kubernetes_executor.py took 0.704 seconds
[2023-04-23T01:01:45.956+0200] {processor.py:153} INFO - Started process (PID=47203) to work on /Users/siddalingkattimani/dbt_env/lib/python3.11/site-packages/airflow/example_dags/example_kubernetes_executor.py
[2023-04-23T01:01:45.961+0200] {processor.py:743} INFO - Processing file /Users/siddalingkattimani/dbt_env/lib/python3.11/site-packages/airflow/example_dags/example_kubernetes_executor.py for tasks to queue
[2023-04-23T01:01:45.961+0200] {logging_mixin.py:137} INFO - [2023-04-23T01:01:45.961+0200] {dagbag.py:532} INFO - Filling up the DagBag from /Users/siddalingkattimani/dbt_env/lib/python3.11/site-packages/airflow/example_dags/example_kubernetes_executor.py
[2023-04-23T01:01:45.995+0200] {logging_mixin.py:137} INFO - [2023-04-23T01:01:45.995+0200] {example_kubernetes_executor.py:41} WARNING - The example_kubernetes_executor example DAG requires the kubernetes provider. Please install it with: pip install apache-airflow[cncf.kubernetes]
[2023-04-23T01:01:45.995+0200] {processor.py:755} WARNING - No viable dags retrieved from /Users/siddalingkattimani/dbt_env/lib/python3.11/site-packages/airflow/example_dags/example_kubernetes_executor.py
[2023-04-23T01:01:46.703+0200] {processor.py:175} INFO - Processing /Users/siddalingkattimani/dbt_env/lib/python3.11/site-packages/airflow/example_dags/example_kubernetes_executor.py took 0.747 seconds
[2023-04-23T01:03:47.792+0200] {processor.py:153} INFO - Started process (PID=47248) to work on /Users/siddalingkattimani/dbt_env/lib/python3.11/site-packages/airflow/example_dags/example_kubernetes_executor.py
[2023-04-23T01:03:47.795+0200] {processor.py:743} INFO - Processing file /Users/siddalingkattimani/dbt_env/lib/python3.11/site-packages/airflow/example_dags/example_kubernetes_executor.py for tasks to queue
[2023-04-23T01:03:47.795+0200] {logging_mixin.py:137} INFO - [2023-04-23T01:03:47.795+0200] {dagbag.py:532} INFO - Filling up the DagBag from /Users/siddalingkattimani/dbt_env/lib/python3.11/site-packages/airflow/example_dags/example_kubernetes_executor.py
[2023-04-23T01:03:47.825+0200] {logging_mixin.py:137} INFO - [2023-04-23T01:03:47.825+0200] {example_kubernetes_executor.py:41} WARNING - The example_kubernetes_executor example DAG requires the kubernetes provider. Please install it with: pip install apache-airflow[cncf.kubernetes]
[2023-04-23T01:03:47.825+0200] {processor.py:755} WARNING - No viable dags retrieved from /Users/siddalingkattimani/dbt_env/lib/python3.11/site-packages/airflow/example_dags/example_kubernetes_executor.py
[2023-04-23T01:03:48.450+0200] {processor.py:175} INFO - Processing /Users/siddalingkattimani/dbt_env/lib/python3.11/site-packages/airflow/example_dags/example_kubernetes_executor.py took 0.658 seconds
[2023-04-23T01:06:00.913+0200] {processor.py:153} INFO - Started process (PID=47356) to work on /Users/siddalingkattimani/dbt_env/lib/python3.11/site-packages/airflow/example_dags/example_kubernetes_executor.py
[2023-04-23T01:06:00.918+0200] {processor.py:743} INFO - Processing file /Users/siddalingkattimani/dbt_env/lib/python3.11/site-packages/airflow/example_dags/example_kubernetes_executor.py for tasks to queue
[2023-04-23T01:06:00.918+0200] {logging_mixin.py:137} INFO - [2023-04-23T01:06:00.918+0200] {dagbag.py:532} INFO - Filling up the DagBag from /Users/siddalingkattimani/dbt_env/lib/python3.11/site-packages/airflow/example_dags/example_kubernetes_executor.py
[2023-04-23T01:06:00.951+0200] {logging_mixin.py:137} INFO - [2023-04-23T01:06:00.950+0200] {example_kubernetes_executor.py:41} WARNING - The example_kubernetes_executor example DAG requires the kubernetes provider. Please install it with: pip install apache-airflow[cncf.kubernetes]
[2023-04-23T01:06:00.951+0200] {processor.py:755} WARNING - No viable dags retrieved from /Users/siddalingkattimani/dbt_env/lib/python3.11/site-packages/airflow/example_dags/example_kubernetes_executor.py
[2023-04-23T01:06:01.650+0200] {processor.py:175} INFO - Processing /Users/siddalingkattimani/dbt_env/lib/python3.11/site-packages/airflow/example_dags/example_kubernetes_executor.py took 0.737 seconds
[2023-04-23T01:08:28.817+0200] {processor.py:153} INFO - Started process (PID=47524) to work on /Users/siddalingkattimani/dbt_env/lib/python3.11/site-packages/airflow/example_dags/example_kubernetes_executor.py
[2023-04-23T01:08:28.822+0200] {processor.py:743} INFO - Processing file /Users/siddalingkattimani/dbt_env/lib/python3.11/site-packages/airflow/example_dags/example_kubernetes_executor.py for tasks to queue
[2023-04-23T01:08:28.822+0200] {logging_mixin.py:137} INFO - [2023-04-23T01:08:28.822+0200] {dagbag.py:532} INFO - Filling up the DagBag from /Users/siddalingkattimani/dbt_env/lib/python3.11/site-packages/airflow/example_dags/example_kubernetes_executor.py
[2023-04-23T01:08:28.889+0200] {logging_mixin.py:137} INFO - [2023-04-23T01:08:28.889+0200] {example_kubernetes_executor.py:41} WARNING - The example_kubernetes_executor example DAG requires the kubernetes provider. Please install it with: pip install apache-airflow[cncf.kubernetes]
[2023-04-23T01:08:28.890+0200] {processor.py:755} WARNING - No viable dags retrieved from /Users/siddalingkattimani/dbt_env/lib/python3.11/site-packages/airflow/example_dags/example_kubernetes_executor.py
[2023-04-23T01:08:29.947+0200] {processor.py:175} INFO - Processing /Users/siddalingkattimani/dbt_env/lib/python3.11/site-packages/airflow/example_dags/example_kubernetes_executor.py took 1.131 seconds
[2023-04-23T01:10:59.656+0200] {processor.py:153} INFO - Started process (PID=47657) to work on /Users/siddalingkattimani/dbt_env/lib/python3.11/site-packages/airflow/example_dags/example_kubernetes_executor.py
[2023-04-23T01:10:59.661+0200] {processor.py:743} INFO - Processing file /Users/siddalingkattimani/dbt_env/lib/python3.11/site-packages/airflow/example_dags/example_kubernetes_executor.py for tasks to queue
[2023-04-23T01:10:59.661+0200] {logging_mixin.py:137} INFO - [2023-04-23T01:10:59.661+0200] {dagbag.py:532} INFO - Filling up the DagBag from /Users/siddalingkattimani/dbt_env/lib/python3.11/site-packages/airflow/example_dags/example_kubernetes_executor.py
[2023-04-23T01:10:59.704+0200] {logging_mixin.py:137} INFO - [2023-04-23T01:10:59.704+0200] {example_kubernetes_executor.py:41} WARNING - The example_kubernetes_executor example DAG requires the kubernetes provider. Please install it with: pip install apache-airflow[cncf.kubernetes]
[2023-04-23T01:10:59.704+0200] {processor.py:755} WARNING - No viable dags retrieved from /Users/siddalingkattimani/dbt_env/lib/python3.11/site-packages/airflow/example_dags/example_kubernetes_executor.py
[2023-04-23T01:11:00.375+0200] {processor.py:175} INFO - Processing /Users/siddalingkattimani/dbt_env/lib/python3.11/site-packages/airflow/example_dags/example_kubernetes_executor.py took 0.719 seconds
[2023-04-23T01:13:04.992+0200] {processor.py:153} INFO - Started process (PID=47702) to work on /Users/siddalingkattimani/dbt_env/lib/python3.11/site-packages/airflow/example_dags/example_kubernetes_executor.py
[2023-04-23T01:13:04.995+0200] {processor.py:743} INFO - Processing file /Users/siddalingkattimani/dbt_env/lib/python3.11/site-packages/airflow/example_dags/example_kubernetes_executor.py for tasks to queue
[2023-04-23T01:13:04.996+0200] {logging_mixin.py:137} INFO - [2023-04-23T01:13:04.996+0200] {dagbag.py:532} INFO - Filling up the DagBag from /Users/siddalingkattimani/dbt_env/lib/python3.11/site-packages/airflow/example_dags/example_kubernetes_executor.py
[2023-04-23T01:13:05.035+0200] {logging_mixin.py:137} INFO - [2023-04-23T01:13:05.035+0200] {example_kubernetes_executor.py:41} WARNING - The example_kubernetes_executor example DAG requires the kubernetes provider. Please install it with: pip install apache-airflow[cncf.kubernetes]
[2023-04-23T01:13:05.035+0200] {processor.py:755} WARNING - No viable dags retrieved from /Users/siddalingkattimani/dbt_env/lib/python3.11/site-packages/airflow/example_dags/example_kubernetes_executor.py
[2023-04-23T01:13:05.808+0200] {processor.py:175} INFO - Processing /Users/siddalingkattimani/dbt_env/lib/python3.11/site-packages/airflow/example_dags/example_kubernetes_executor.py took 0.816 seconds
[2023-04-23T01:15:08.957+0200] {processor.py:153} INFO - Started process (PID=47750) to work on /Users/siddalingkattimani/dbt_env/lib/python3.11/site-packages/airflow/example_dags/example_kubernetes_executor.py
[2023-04-23T01:15:08.961+0200] {processor.py:743} INFO - Processing file /Users/siddalingkattimani/dbt_env/lib/python3.11/site-packages/airflow/example_dags/example_kubernetes_executor.py for tasks to queue
[2023-04-23T01:15:08.962+0200] {logging_mixin.py:137} INFO - [2023-04-23T01:15:08.962+0200] {dagbag.py:532} INFO - Filling up the DagBag from /Users/siddalingkattimani/dbt_env/lib/python3.11/site-packages/airflow/example_dags/example_kubernetes_executor.py
[2023-04-23T01:15:09.010+0200] {logging_mixin.py:137} INFO - [2023-04-23T01:15:09.010+0200] {example_kubernetes_executor.py:41} WARNING - The example_kubernetes_executor example DAG requires the kubernetes provider. Please install it with: pip install apache-airflow[cncf.kubernetes]
[2023-04-23T01:15:09.010+0200] {processor.py:755} WARNING - No viable dags retrieved from /Users/siddalingkattimani/dbt_env/lib/python3.11/site-packages/airflow/example_dags/example_kubernetes_executor.py
[2023-04-23T01:15:09.671+0200] {processor.py:175} INFO - Processing /Users/siddalingkattimani/dbt_env/lib/python3.11/site-packages/airflow/example_dags/example_kubernetes_executor.py took 0.714 seconds
[2023-04-23T01:17:13.072+0200] {processor.py:153} INFO - Started process (PID=47795) to work on /Users/siddalingkattimani/dbt_env/lib/python3.11/site-packages/airflow/example_dags/example_kubernetes_executor.py
[2023-04-23T01:17:13.077+0200] {processor.py:743} INFO - Processing file /Users/siddalingkattimani/dbt_env/lib/python3.11/site-packages/airflow/example_dags/example_kubernetes_executor.py for tasks to queue
[2023-04-23T01:17:13.077+0200] {logging_mixin.py:137} INFO - [2023-04-23T01:17:13.077+0200] {dagbag.py:532} INFO - Filling up the DagBag from /Users/siddalingkattimani/dbt_env/lib/python3.11/site-packages/airflow/example_dags/example_kubernetes_executor.py
[2023-04-23T01:17:13.133+0200] {logging_mixin.py:137} INFO - [2023-04-23T01:17:13.133+0200] {example_kubernetes_executor.py:41} WARNING - The example_kubernetes_executor example DAG requires the kubernetes provider. Please install it with: pip install apache-airflow[cncf.kubernetes]
[2023-04-23T01:17:13.133+0200] {processor.py:755} WARNING - No viable dags retrieved from /Users/siddalingkattimani/dbt_env/lib/python3.11/site-packages/airflow/example_dags/example_kubernetes_executor.py
[2023-04-23T01:17:13.785+0200] {processor.py:175} INFO - Processing /Users/siddalingkattimani/dbt_env/lib/python3.11/site-packages/airflow/example_dags/example_kubernetes_executor.py took 0.714 seconds
[2023-04-23T01:19:14.190+0200] {processor.py:153} INFO - Started process (PID=47840) to work on /Users/siddalingkattimani/dbt_env/lib/python3.11/site-packages/airflow/example_dags/example_kubernetes_executor.py
[2023-04-23T01:19:14.193+0200] {processor.py:743} INFO - Processing file /Users/siddalingkattimani/dbt_env/lib/python3.11/site-packages/airflow/example_dags/example_kubernetes_executor.py for tasks to queue
[2023-04-23T01:19:14.193+0200] {logging_mixin.py:137} INFO - [2023-04-23T01:19:14.193+0200] {dagbag.py:532} INFO - Filling up the DagBag from /Users/siddalingkattimani/dbt_env/lib/python3.11/site-packages/airflow/example_dags/example_kubernetes_executor.py
[2023-04-23T01:19:14.231+0200] {logging_mixin.py:137} INFO - [2023-04-23T01:19:14.230+0200] {example_kubernetes_executor.py:41} WARNING - The example_kubernetes_executor example DAG requires the kubernetes provider. Please install it with: pip install apache-airflow[cncf.kubernetes]
[2023-04-23T01:19:14.231+0200] {processor.py:755} WARNING - No viable dags retrieved from /Users/siddalingkattimani/dbt_env/lib/python3.11/site-packages/airflow/example_dags/example_kubernetes_executor.py
[2023-04-23T01:19:14.847+0200] {processor.py:175} INFO - Processing /Users/siddalingkattimani/dbt_env/lib/python3.11/site-packages/airflow/example_dags/example_kubernetes_executor.py took 0.658 seconds
[2023-04-23T01:21:20.042+0200] {processor.py:153} INFO - Started process (PID=47886) to work on /Users/siddalingkattimani/dbt_env/lib/python3.11/site-packages/airflow/example_dags/example_kubernetes_executor.py
[2023-04-23T01:21:20.046+0200] {processor.py:743} INFO - Processing file /Users/siddalingkattimani/dbt_env/lib/python3.11/site-packages/airflow/example_dags/example_kubernetes_executor.py for tasks to queue
[2023-04-23T01:21:20.046+0200] {logging_mixin.py:137} INFO - [2023-04-23T01:21:20.046+0200] {dagbag.py:532} INFO - Filling up the DagBag from /Users/siddalingkattimani/dbt_env/lib/python3.11/site-packages/airflow/example_dags/example_kubernetes_executor.py
[2023-04-23T01:21:20.089+0200] {logging_mixin.py:137} INFO - [2023-04-23T01:21:20.089+0200] {example_kubernetes_executor.py:41} WARNING - The example_kubernetes_executor example DAG requires the kubernetes provider. Please install it with: pip install apache-airflow[cncf.kubernetes]
[2023-04-23T01:21:20.089+0200] {processor.py:755} WARNING - No viable dags retrieved from /Users/siddalingkattimani/dbt_env/lib/python3.11/site-packages/airflow/example_dags/example_kubernetes_executor.py
[2023-04-23T01:21:20.859+0200] {processor.py:175} INFO - Processing /Users/siddalingkattimani/dbt_env/lib/python3.11/site-packages/airflow/example_dags/example_kubernetes_executor.py took 0.818 seconds
[2023-04-23T01:23:21.518+0200] {processor.py:153} INFO - Started process (PID=47935) to work on /Users/siddalingkattimani/dbt_env/lib/python3.11/site-packages/airflow/example_dags/example_kubernetes_executor.py
[2023-04-23T01:23:21.521+0200] {processor.py:743} INFO - Processing file /Users/siddalingkattimani/dbt_env/lib/python3.11/site-packages/airflow/example_dags/example_kubernetes_executor.py for tasks to queue
[2023-04-23T01:23:21.521+0200] {logging_mixin.py:137} INFO - [2023-04-23T01:23:21.521+0200] {dagbag.py:532} INFO - Filling up the DagBag from /Users/siddalingkattimani/dbt_env/lib/python3.11/site-packages/airflow/example_dags/example_kubernetes_executor.py
[2023-04-23T01:23:21.567+0200] {logging_mixin.py:137} INFO - [2023-04-23T01:23:21.567+0200] {example_kubernetes_executor.py:41} WARNING - The example_kubernetes_executor example DAG requires the kubernetes provider. Please install it with: pip install apache-airflow[cncf.kubernetes]
[2023-04-23T01:23:21.567+0200] {processor.py:755} WARNING - No viable dags retrieved from /Users/siddalingkattimani/dbt_env/lib/python3.11/site-packages/airflow/example_dags/example_kubernetes_executor.py
[2023-04-23T01:23:22.246+0200] {processor.py:175} INFO - Processing /Users/siddalingkattimani/dbt_env/lib/python3.11/site-packages/airflow/example_dags/example_kubernetes_executor.py took 0.728 seconds
[2023-04-23T01:25:20.317+0200] {processor.py:153} INFO - Started process (PID=48003) to work on /Users/siddalingkattimani/dbt_env/lib/python3.11/site-packages/airflow/example_dags/example_kubernetes_executor.py
[2023-04-23T01:25:20.321+0200] {processor.py:743} INFO - Processing file /Users/siddalingkattimani/dbt_env/lib/python3.11/site-packages/airflow/example_dags/example_kubernetes_executor.py for tasks to queue
[2023-04-23T01:25:20.322+0200] {logging_mixin.py:137} INFO - [2023-04-23T01:25:20.322+0200] {dagbag.py:532} INFO - Filling up the DagBag from /Users/siddalingkattimani/dbt_env/lib/python3.11/site-packages/airflow/example_dags/example_kubernetes_executor.py
[2023-04-23T01:25:20.362+0200] {logging_mixin.py:137} INFO - [2023-04-23T01:25:20.362+0200] {example_kubernetes_executor.py:41} WARNING - The example_kubernetes_executor example DAG requires the kubernetes provider. Please install it with: pip install apache-airflow[cncf.kubernetes]
[2023-04-23T01:25:20.362+0200] {processor.py:755} WARNING - No viable dags retrieved from /Users/siddalingkattimani/dbt_env/lib/python3.11/site-packages/airflow/example_dags/example_kubernetes_executor.py
[2023-04-23T01:25:20.977+0200] {processor.py:175} INFO - Processing /Users/siddalingkattimani/dbt_env/lib/python3.11/site-packages/airflow/example_dags/example_kubernetes_executor.py took 0.660 seconds
[2023-04-23T01:27:21.808+0200] {processor.py:153} INFO - Started process (PID=48049) to work on /Users/siddalingkattimani/dbt_env/lib/python3.11/site-packages/airflow/example_dags/example_kubernetes_executor.py
[2023-04-23T01:27:21.811+0200] {processor.py:743} INFO - Processing file /Users/siddalingkattimani/dbt_env/lib/python3.11/site-packages/airflow/example_dags/example_kubernetes_executor.py for tasks to queue
[2023-04-23T01:27:21.812+0200] {logging_mixin.py:137} INFO - [2023-04-23T01:27:21.812+0200] {dagbag.py:532} INFO - Filling up the DagBag from /Users/siddalingkattimani/dbt_env/lib/python3.11/site-packages/airflow/example_dags/example_kubernetes_executor.py
[2023-04-23T01:27:21.854+0200] {logging_mixin.py:137} INFO - [2023-04-23T01:27:21.854+0200] {example_kubernetes_executor.py:41} WARNING - The example_kubernetes_executor example DAG requires the kubernetes provider. Please install it with: pip install apache-airflow[cncf.kubernetes]
[2023-04-23T01:27:21.855+0200] {processor.py:755} WARNING - No viable dags retrieved from /Users/siddalingkattimani/dbt_env/lib/python3.11/site-packages/airflow/example_dags/example_kubernetes_executor.py
[2023-04-23T01:27:22.847+0200] {processor.py:175} INFO - Processing /Users/siddalingkattimani/dbt_env/lib/python3.11/site-packages/airflow/example_dags/example_kubernetes_executor.py took 1.040 seconds
[2023-04-23T01:29:31.256+0200] {processor.py:153} INFO - Started process (PID=48097) to work on /Users/siddalingkattimani/dbt_env/lib/python3.11/site-packages/airflow/example_dags/example_kubernetes_executor.py
[2023-04-23T01:29:31.260+0200] {processor.py:743} INFO - Processing file /Users/siddalingkattimani/dbt_env/lib/python3.11/site-packages/airflow/example_dags/example_kubernetes_executor.py for tasks to queue
[2023-04-23T01:29:31.260+0200] {logging_mixin.py:137} INFO - [2023-04-23T01:29:31.260+0200] {dagbag.py:532} INFO - Filling up the DagBag from /Users/siddalingkattimani/dbt_env/lib/python3.11/site-packages/airflow/example_dags/example_kubernetes_executor.py
[2023-04-23T01:29:31.298+0200] {logging_mixin.py:137} INFO - [2023-04-23T01:29:31.297+0200] {example_kubernetes_executor.py:41} WARNING - The example_kubernetes_executor example DAG requires the kubernetes provider. Please install it with: pip install apache-airflow[cncf.kubernetes]
[2023-04-23T01:29:31.298+0200] {processor.py:755} WARNING - No viable dags retrieved from /Users/siddalingkattimani/dbt_env/lib/python3.11/site-packages/airflow/example_dags/example_kubernetes_executor.py
[2023-04-23T01:29:31.944+0200] {processor.py:175} INFO - Processing /Users/siddalingkattimani/dbt_env/lib/python3.11/site-packages/airflow/example_dags/example_kubernetes_executor.py took 0.689 seconds
[2023-04-23T01:31:29.226+0200] {processor.py:153} INFO - Started process (PID=48144) to work on /Users/siddalingkattimani/dbt_env/lib/python3.11/site-packages/airflow/example_dags/example_kubernetes_executor.py
[2023-04-23T01:31:29.229+0200] {processor.py:743} INFO - Processing file /Users/siddalingkattimani/dbt_env/lib/python3.11/site-packages/airflow/example_dags/example_kubernetes_executor.py for tasks to queue
[2023-04-23T01:31:29.229+0200] {logging_mixin.py:137} INFO - [2023-04-23T01:31:29.229+0200] {dagbag.py:532} INFO - Filling up the DagBag from /Users/siddalingkattimani/dbt_env/lib/python3.11/site-packages/airflow/example_dags/example_kubernetes_executor.py
[2023-04-23T01:31:29.263+0200] {logging_mixin.py:137} INFO - [2023-04-23T01:31:29.262+0200] {example_kubernetes_executor.py:41} WARNING - The example_kubernetes_executor example DAG requires the kubernetes provider. Please install it with: pip install apache-airflow[cncf.kubernetes]
[2023-04-23T01:31:29.263+0200] {processor.py:755} WARNING - No viable dags retrieved from /Users/siddalingkattimani/dbt_env/lib/python3.11/site-packages/airflow/example_dags/example_kubernetes_executor.py
[2023-04-23T01:31:29.875+0200] {processor.py:175} INFO - Processing /Users/siddalingkattimani/dbt_env/lib/python3.11/site-packages/airflow/example_dags/example_kubernetes_executor.py took 0.651 seconds
[2023-04-23T01:33:34.902+0200] {processor.py:153} INFO - Started process (PID=48192) to work on /Users/siddalingkattimani/dbt_env/lib/python3.11/site-packages/airflow/example_dags/example_kubernetes_executor.py
[2023-04-23T01:33:34.905+0200] {processor.py:743} INFO - Processing file /Users/siddalingkattimani/dbt_env/lib/python3.11/site-packages/airflow/example_dags/example_kubernetes_executor.py for tasks to queue
[2023-04-23T01:33:34.906+0200] {logging_mixin.py:137} INFO - [2023-04-23T01:33:34.906+0200] {dagbag.py:532} INFO - Filling up the DagBag from /Users/siddalingkattimani/dbt_env/lib/python3.11/site-packages/airflow/example_dags/example_kubernetes_executor.py
[2023-04-23T01:33:34.947+0200] {logging_mixin.py:137} INFO - [2023-04-23T01:33:34.947+0200] {example_kubernetes_executor.py:41} WARNING - The example_kubernetes_executor example DAG requires the kubernetes provider. Please install it with: pip install apache-airflow[cncf.kubernetes]
[2023-04-23T01:33:34.947+0200] {processor.py:755} WARNING - No viable dags retrieved from /Users/siddalingkattimani/dbt_env/lib/python3.11/site-packages/airflow/example_dags/example_kubernetes_executor.py
[2023-04-23T01:33:35.641+0200] {processor.py:175} INFO - Processing /Users/siddalingkattimani/dbt_env/lib/python3.11/site-packages/airflow/example_dags/example_kubernetes_executor.py took 0.740 seconds
[2023-04-23T01:35:41.870+0200] {processor.py:153} INFO - Started process (PID=48243) to work on /Users/siddalingkattimani/dbt_env/lib/python3.11/site-packages/airflow/example_dags/example_kubernetes_executor.py
[2023-04-23T01:35:41.873+0200] {processor.py:743} INFO - Processing file /Users/siddalingkattimani/dbt_env/lib/python3.11/site-packages/airflow/example_dags/example_kubernetes_executor.py for tasks to queue
[2023-04-23T01:35:41.873+0200] {logging_mixin.py:137} INFO - [2023-04-23T01:35:41.873+0200] {dagbag.py:532} INFO - Filling up the DagBag from /Users/siddalingkattimani/dbt_env/lib/python3.11/site-packages/airflow/example_dags/example_kubernetes_executor.py
[2023-04-23T01:35:41.915+0200] {logging_mixin.py:137} INFO - [2023-04-23T01:35:41.915+0200] {example_kubernetes_executor.py:41} WARNING - The example_kubernetes_executor example DAG requires the kubernetes provider. Please install it with: pip install apache-airflow[cncf.kubernetes]
[2023-04-23T01:35:41.915+0200] {processor.py:755} WARNING - No viable dags retrieved from /Users/siddalingkattimani/dbt_env/lib/python3.11/site-packages/airflow/example_dags/example_kubernetes_executor.py
[2023-04-23T01:35:42.629+0200] {processor.py:175} INFO - Processing /Users/siddalingkattimani/dbt_env/lib/python3.11/site-packages/airflow/example_dags/example_kubernetes_executor.py took 0.760 seconds
