[2023-04-23T00:45:13.499+0200] {processor.py:153} INFO - Started process (PID=46794) to work on /Users/siddalingkattimani/dbt_env/lib/python3.11/site-packages/airflow/example_dags/example_complex.py
[2023-04-23T00:45:13.503+0200] {processor.py:743} INFO - Processing file /Users/siddalingkattimani/dbt_env/lib/python3.11/site-packages/airflow/example_dags/example_complex.py for tasks to queue
[2023-04-23T00:45:13.503+0200] {logging_mixin.py:137} INFO - [2023-04-23T00:45:13.503+0200] {dagbag.py:532} INFO - Filling up the DagBag from /Users/siddalingkattimani/dbt_env/lib/python3.11/site-packages/airflow/example_dags/example_complex.py
[2023-04-23T00:45:13.519+0200] {logging_mixin.py:137} INFO - [2023-04-23T00:45:13.519+0200] {taskmixin.py:211} WARNING - Dependency <Task(BashOperator): create_entry_group>, delete_entry_group already registered for DAG: example_complex
[2023-04-23T00:45:13.519+0200] {logging_mixin.py:137} INFO - [2023-04-23T00:45:13.519+0200] {taskmixin.py:211} WARNING - Dependency <Task(BashOperator): delete_entry_group>, create_entry_group already registered for DAG: example_complex
[2023-04-23T00:45:13.519+0200] {logging_mixin.py:137} INFO - [2023-04-23T00:45:13.519+0200] {taskmixin.py:211} WARNING - Dependency <Task(BashOperator): create_entry_gcs>, delete_entry already registered for DAG: example_complex
[2023-04-23T00:45:13.520+0200] {logging_mixin.py:137} INFO - [2023-04-23T00:45:13.520+0200] {taskmixin.py:211} WARNING - Dependency <Task(BashOperator): delete_entry>, create_entry_gcs already registered for DAG: example_complex
[2023-04-23T00:45:13.520+0200] {logging_mixin.py:137} INFO - [2023-04-23T00:45:13.520+0200] {taskmixin.py:211} WARNING - Dependency <Task(BashOperator): create_tag>, delete_tag already registered for DAG: example_complex
[2023-04-23T00:45:13.520+0200] {logging_mixin.py:137} INFO - [2023-04-23T00:45:13.520+0200] {taskmixin.py:211} WARNING - Dependency <Task(BashOperator): delete_tag>, create_tag already registered for DAG: example_complex
[2023-04-23T00:45:13.526+0200] {processor.py:753} INFO - DAG(s) dict_keys(['example_complex']) retrieved from /Users/siddalingkattimani/dbt_env/lib/python3.11/site-packages/airflow/example_dags/example_complex.py
[2023-04-23T00:45:14.324+0200] {logging_mixin.py:137} INFO - [2023-04-23T00:45:14.324+0200] {manager.py:504} INFO - Created Permission View: can delete on DAG:example_complex
[2023-04-23T00:45:14.331+0200] {logging_mixin.py:137} INFO - [2023-04-23T00:45:14.330+0200] {manager.py:504} INFO - Created Permission View: can edit on DAG:example_complex
[2023-04-23T00:45:14.336+0200] {logging_mixin.py:137} INFO - [2023-04-23T00:45:14.336+0200] {manager.py:504} INFO - Created Permission View: can read on DAG:example_complex
[2023-04-23T00:45:14.337+0200] {logging_mixin.py:137} INFO - [2023-04-23T00:45:14.337+0200] {dag.py:2705} INFO - Sync 1 DAGs
[2023-04-23T00:45:14.346+0200] {logging_mixin.py:137} INFO - [2023-04-23T00:45:14.345+0200] {dag.py:2726} INFO - Creating ORM DAG for example_complex
[2023-04-23T00:45:14.353+0200] {logging_mixin.py:137} INFO - [2023-04-23T00:45:14.352+0200] {dag.py:3452} INFO - Setting next_dagrun for example_complex to None, run_after=None
[2023-04-23T00:45:14.367+0200] {processor.py:175} INFO - Processing /Users/siddalingkattimani/dbt_env/lib/python3.11/site-packages/airflow/example_dags/example_complex.py took 0.869 seconds
[2023-04-23T00:47:12.230+0200] {processor.py:153} INFO - Started process (PID=46841) to work on /Users/siddalingkattimani/dbt_env/lib/python3.11/site-packages/airflow/example_dags/example_complex.py
[2023-04-23T00:47:12.233+0200] {processor.py:743} INFO - Processing file /Users/siddalingkattimani/dbt_env/lib/python3.11/site-packages/airflow/example_dags/example_complex.py for tasks to queue
[2023-04-23T00:47:12.234+0200] {logging_mixin.py:137} INFO - [2023-04-23T00:47:12.233+0200] {dagbag.py:532} INFO - Filling up the DagBag from /Users/siddalingkattimani/dbt_env/lib/python3.11/site-packages/airflow/example_dags/example_complex.py
[2023-04-23T00:47:12.250+0200] {logging_mixin.py:137} INFO - [2023-04-23T00:47:12.250+0200] {taskmixin.py:211} WARNING - Dependency <Task(BashOperator): create_entry_group>, delete_entry_group already registered for DAG: example_complex
[2023-04-23T00:47:12.250+0200] {logging_mixin.py:137} INFO - [2023-04-23T00:47:12.250+0200] {taskmixin.py:211} WARNING - Dependency <Task(BashOperator): delete_entry_group>, create_entry_group already registered for DAG: example_complex
[2023-04-23T00:47:12.250+0200] {logging_mixin.py:137} INFO - [2023-04-23T00:47:12.250+0200] {taskmixin.py:211} WARNING - Dependency <Task(BashOperator): create_entry_gcs>, delete_entry already registered for DAG: example_complex
[2023-04-23T00:47:12.251+0200] {logging_mixin.py:137} INFO - [2023-04-23T00:47:12.251+0200] {taskmixin.py:211} WARNING - Dependency <Task(BashOperator): delete_entry>, create_entry_gcs already registered for DAG: example_complex
[2023-04-23T00:47:12.251+0200] {logging_mixin.py:137} INFO - [2023-04-23T00:47:12.251+0200] {taskmixin.py:211} WARNING - Dependency <Task(BashOperator): create_tag>, delete_tag already registered for DAG: example_complex
[2023-04-23T00:47:12.251+0200] {logging_mixin.py:137} INFO - [2023-04-23T00:47:12.251+0200] {taskmixin.py:211} WARNING - Dependency <Task(BashOperator): delete_tag>, create_tag already registered for DAG: example_complex
[2023-04-23T00:47:12.258+0200] {processor.py:753} INFO - DAG(s) dict_keys(['example_complex']) retrieved from /Users/siddalingkattimani/dbt_env/lib/python3.11/site-packages/airflow/example_dags/example_complex.py
[2023-04-23T00:47:12.895+0200] {logging_mixin.py:137} INFO - [2023-04-23T00:47:12.895+0200] {dag.py:2705} INFO - Sync 1 DAGs
[2023-04-23T00:47:12.910+0200] {logging_mixin.py:137} INFO - [2023-04-23T00:47:12.910+0200] {dag.py:3452} INFO - Setting next_dagrun for example_complex to None, run_after=None
[2023-04-23T00:47:12.929+0200] {processor.py:175} INFO - Processing /Users/siddalingkattimani/dbt_env/lib/python3.11/site-packages/airflow/example_dags/example_complex.py took 0.699 seconds
[2023-04-23T00:49:14.944+0200] {processor.py:153} INFO - Started process (PID=46886) to work on /Users/siddalingkattimani/dbt_env/lib/python3.11/site-packages/airflow/example_dags/example_complex.py
[2023-04-23T00:49:14.948+0200] {processor.py:743} INFO - Processing file /Users/siddalingkattimani/dbt_env/lib/python3.11/site-packages/airflow/example_dags/example_complex.py for tasks to queue
[2023-04-23T00:49:14.949+0200] {logging_mixin.py:137} INFO - [2023-04-23T00:49:14.948+0200] {dagbag.py:532} INFO - Filling up the DagBag from /Users/siddalingkattimani/dbt_env/lib/python3.11/site-packages/airflow/example_dags/example_complex.py
[2023-04-23T00:49:14.965+0200] {logging_mixin.py:137} INFO - [2023-04-23T00:49:14.965+0200] {taskmixin.py:211} WARNING - Dependency <Task(BashOperator): create_entry_group>, delete_entry_group already registered for DAG: example_complex
[2023-04-23T00:49:14.966+0200] {logging_mixin.py:137} INFO - [2023-04-23T00:49:14.966+0200] {taskmixin.py:211} WARNING - Dependency <Task(BashOperator): delete_entry_group>, create_entry_group already registered for DAG: example_complex
[2023-04-23T00:49:14.966+0200] {logging_mixin.py:137} INFO - [2023-04-23T00:49:14.966+0200] {taskmixin.py:211} WARNING - Dependency <Task(BashOperator): create_entry_gcs>, delete_entry already registered for DAG: example_complex
[2023-04-23T00:49:14.966+0200] {logging_mixin.py:137} INFO - [2023-04-23T00:49:14.966+0200] {taskmixin.py:211} WARNING - Dependency <Task(BashOperator): delete_entry>, create_entry_gcs already registered for DAG: example_complex
[2023-04-23T00:49:14.966+0200] {logging_mixin.py:137} INFO - [2023-04-23T00:49:14.966+0200] {taskmixin.py:211} WARNING - Dependency <Task(BashOperator): create_tag>, delete_tag already registered for DAG: example_complex
[2023-04-23T00:49:14.966+0200] {logging_mixin.py:137} INFO - [2023-04-23T00:49:14.966+0200] {taskmixin.py:211} WARNING - Dependency <Task(BashOperator): delete_tag>, create_tag already registered for DAG: example_complex
[2023-04-23T00:49:14.974+0200] {processor.py:753} INFO - DAG(s) dict_keys(['example_complex']) retrieved from /Users/siddalingkattimani/dbt_env/lib/python3.11/site-packages/airflow/example_dags/example_complex.py
[2023-04-23T00:49:15.696+0200] {logging_mixin.py:137} INFO - [2023-04-23T00:49:15.696+0200] {dag.py:2705} INFO - Sync 1 DAGs
[2023-04-23T00:49:15.712+0200] {logging_mixin.py:137} INFO - [2023-04-23T00:49:15.712+0200] {dag.py:3452} INFO - Setting next_dagrun for example_complex to None, run_after=None
[2023-04-23T00:49:15.730+0200] {processor.py:175} INFO - Processing /Users/siddalingkattimani/dbt_env/lib/python3.11/site-packages/airflow/example_dags/example_complex.py took 0.787 seconds
[2023-04-23T00:51:20.507+0200] {processor.py:153} INFO - Started process (PID=46937) to work on /Users/siddalingkattimani/dbt_env/lib/python3.11/site-packages/airflow/example_dags/example_complex.py
[2023-04-23T00:51:20.513+0200] {processor.py:743} INFO - Processing file /Users/siddalingkattimani/dbt_env/lib/python3.11/site-packages/airflow/example_dags/example_complex.py for tasks to queue
[2023-04-23T00:51:20.514+0200] {logging_mixin.py:137} INFO - [2023-04-23T00:51:20.514+0200] {dagbag.py:532} INFO - Filling up the DagBag from /Users/siddalingkattimani/dbt_env/lib/python3.11/site-packages/airflow/example_dags/example_complex.py
[2023-04-23T00:51:20.553+0200] {logging_mixin.py:137} INFO - [2023-04-23T00:51:20.553+0200] {taskmixin.py:211} WARNING - Dependency <Task(BashOperator): create_entry_group>, delete_entry_group already registered for DAG: example_complex
[2023-04-23T00:51:20.554+0200] {logging_mixin.py:137} INFO - [2023-04-23T00:51:20.554+0200] {taskmixin.py:211} WARNING - Dependency <Task(BashOperator): delete_entry_group>, create_entry_group already registered for DAG: example_complex
[2023-04-23T00:51:20.555+0200] {logging_mixin.py:137} INFO - [2023-04-23T00:51:20.554+0200] {taskmixin.py:211} WARNING - Dependency <Task(BashOperator): create_entry_gcs>, delete_entry already registered for DAG: example_complex
[2023-04-23T00:51:20.555+0200] {logging_mixin.py:137} INFO - [2023-04-23T00:51:20.555+0200] {taskmixin.py:211} WARNING - Dependency <Task(BashOperator): delete_entry>, create_entry_gcs already registered for DAG: example_complex
[2023-04-23T00:51:20.555+0200] {logging_mixin.py:137} INFO - [2023-04-23T00:51:20.555+0200] {taskmixin.py:211} WARNING - Dependency <Task(BashOperator): create_tag>, delete_tag already registered for DAG: example_complex
[2023-04-23T00:51:20.556+0200] {logging_mixin.py:137} INFO - [2023-04-23T00:51:20.556+0200] {taskmixin.py:211} WARNING - Dependency <Task(BashOperator): delete_tag>, create_tag already registered for DAG: example_complex
[2023-04-23T00:51:20.570+0200] {processor.py:753} INFO - DAG(s) dict_keys(['example_complex']) retrieved from /Users/siddalingkattimani/dbt_env/lib/python3.11/site-packages/airflow/example_dags/example_complex.py
[2023-04-23T00:51:21.474+0200] {logging_mixin.py:137} INFO - [2023-04-23T00:51:21.474+0200] {dag.py:2705} INFO - Sync 1 DAGs
[2023-04-23T00:51:21.496+0200] {logging_mixin.py:137} INFO - [2023-04-23T00:51:21.496+0200] {dag.py:3452} INFO - Setting next_dagrun for example_complex to None, run_after=None
[2023-04-23T00:51:21.522+0200] {processor.py:175} INFO - Processing /Users/siddalingkattimani/dbt_env/lib/python3.11/site-packages/airflow/example_dags/example_complex.py took 1.016 seconds
[2023-04-23T00:53:28.944+0200] {processor.py:153} INFO - Started process (PID=46993) to work on /Users/siddalingkattimani/dbt_env/lib/python3.11/site-packages/airflow/example_dags/example_complex.py
[2023-04-23T00:53:28.949+0200] {processor.py:743} INFO - Processing file /Users/siddalingkattimani/dbt_env/lib/python3.11/site-packages/airflow/example_dags/example_complex.py for tasks to queue
[2023-04-23T00:53:28.949+0200] {logging_mixin.py:137} INFO - [2023-04-23T00:53:28.949+0200] {dagbag.py:532} INFO - Filling up the DagBag from /Users/siddalingkattimani/dbt_env/lib/python3.11/site-packages/airflow/example_dags/example_complex.py
[2023-04-23T00:53:28.978+0200] {logging_mixin.py:137} INFO - [2023-04-23T00:53:28.977+0200] {taskmixin.py:211} WARNING - Dependency <Task(BashOperator): create_entry_group>, delete_entry_group already registered for DAG: example_complex
[2023-04-23T00:53:28.978+0200] {logging_mixin.py:137} INFO - [2023-04-23T00:53:28.978+0200] {taskmixin.py:211} WARNING - Dependency <Task(BashOperator): delete_entry_group>, create_entry_group already registered for DAG: example_complex
[2023-04-23T00:53:28.979+0200] {logging_mixin.py:137} INFO - [2023-04-23T00:53:28.979+0200] {taskmixin.py:211} WARNING - Dependency <Task(BashOperator): create_entry_gcs>, delete_entry already registered for DAG: example_complex
[2023-04-23T00:53:28.980+0200] {logging_mixin.py:137} INFO - [2023-04-23T00:53:28.979+0200] {taskmixin.py:211} WARNING - Dependency <Task(BashOperator): delete_entry>, create_entry_gcs already registered for DAG: example_complex
[2023-04-23T00:53:28.981+0200] {logging_mixin.py:137} INFO - [2023-04-23T00:53:28.980+0200] {taskmixin.py:211} WARNING - Dependency <Task(BashOperator): create_tag>, delete_tag already registered for DAG: example_complex
[2023-04-23T00:53:28.981+0200] {logging_mixin.py:137} INFO - [2023-04-23T00:53:28.981+0200] {taskmixin.py:211} WARNING - Dependency <Task(BashOperator): delete_tag>, create_tag already registered for DAG: example_complex
[2023-04-23T00:53:28.991+0200] {processor.py:753} INFO - DAG(s) dict_keys(['example_complex']) retrieved from /Users/siddalingkattimani/dbt_env/lib/python3.11/site-packages/airflow/example_dags/example_complex.py
[2023-04-23T00:53:29.916+0200] {logging_mixin.py:137} INFO - [2023-04-23T00:53:29.916+0200] {dag.py:2705} INFO - Sync 1 DAGs
[2023-04-23T00:53:29.931+0200] {logging_mixin.py:137} INFO - [2023-04-23T00:53:29.931+0200] {dag.py:3452} INFO - Setting next_dagrun for example_complex to None, run_after=None
[2023-04-23T00:53:29.966+0200] {processor.py:175} INFO - Processing /Users/siddalingkattimani/dbt_env/lib/python3.11/site-packages/airflow/example_dags/example_complex.py took 1.023 seconds
[2023-04-23T00:55:31.232+0200] {processor.py:153} INFO - Started process (PID=47062) to work on /Users/siddalingkattimani/dbt_env/lib/python3.11/site-packages/airflow/example_dags/example_complex.py
[2023-04-23T00:55:31.237+0200] {processor.py:743} INFO - Processing file /Users/siddalingkattimani/dbt_env/lib/python3.11/site-packages/airflow/example_dags/example_complex.py for tasks to queue
[2023-04-23T00:55:31.239+0200] {logging_mixin.py:137} INFO - [2023-04-23T00:55:31.238+0200] {dagbag.py:532} INFO - Filling up the DagBag from /Users/siddalingkattimani/dbt_env/lib/python3.11/site-packages/airflow/example_dags/example_complex.py
[2023-04-23T00:55:31.258+0200] {logging_mixin.py:137} INFO - [2023-04-23T00:55:31.258+0200] {taskmixin.py:211} WARNING - Dependency <Task(BashOperator): create_entry_group>, delete_entry_group already registered for DAG: example_complex
[2023-04-23T00:55:31.258+0200] {logging_mixin.py:137} INFO - [2023-04-23T00:55:31.258+0200] {taskmixin.py:211} WARNING - Dependency <Task(BashOperator): delete_entry_group>, create_entry_group already registered for DAG: example_complex
[2023-04-23T00:55:31.259+0200] {logging_mixin.py:137} INFO - [2023-04-23T00:55:31.259+0200] {taskmixin.py:211} WARNING - Dependency <Task(BashOperator): create_entry_gcs>, delete_entry already registered for DAG: example_complex
[2023-04-23T00:55:31.259+0200] {logging_mixin.py:137} INFO - [2023-04-23T00:55:31.259+0200] {taskmixin.py:211} WARNING - Dependency <Task(BashOperator): delete_entry>, create_entry_gcs already registered for DAG: example_complex
[2023-04-23T00:55:31.259+0200] {logging_mixin.py:137} INFO - [2023-04-23T00:55:31.259+0200] {taskmixin.py:211} WARNING - Dependency <Task(BashOperator): create_tag>, delete_tag already registered for DAG: example_complex
[2023-04-23T00:55:31.259+0200] {logging_mixin.py:137} INFO - [2023-04-23T00:55:31.259+0200] {taskmixin.py:211} WARNING - Dependency <Task(BashOperator): delete_tag>, create_tag already registered for DAG: example_complex
[2023-04-23T00:55:31.266+0200] {processor.py:753} INFO - DAG(s) dict_keys(['example_complex']) retrieved from /Users/siddalingkattimani/dbt_env/lib/python3.11/site-packages/airflow/example_dags/example_complex.py
[2023-04-23T00:55:31.975+0200] {logging_mixin.py:137} INFO - [2023-04-23T00:55:31.975+0200] {dag.py:2705} INFO - Sync 1 DAGs
[2023-04-23T00:55:31.989+0200] {logging_mixin.py:137} INFO - [2023-04-23T00:55:31.989+0200] {dag.py:3452} INFO - Setting next_dagrun for example_complex to None, run_after=None
[2023-04-23T00:55:32.007+0200] {processor.py:175} INFO - Processing /Users/siddalingkattimani/dbt_env/lib/python3.11/site-packages/airflow/example_dags/example_complex.py took 0.775 seconds
[2023-04-23T00:57:38.541+0200] {processor.py:153} INFO - Started process (PID=47113) to work on /Users/siddalingkattimani/dbt_env/lib/python3.11/site-packages/airflow/example_dags/example_complex.py
[2023-04-23T00:57:38.545+0200] {processor.py:743} INFO - Processing file /Users/siddalingkattimani/dbt_env/lib/python3.11/site-packages/airflow/example_dags/example_complex.py for tasks to queue
[2023-04-23T00:57:38.546+0200] {logging_mixin.py:137} INFO - [2023-04-23T00:57:38.546+0200] {dagbag.py:532} INFO - Filling up the DagBag from /Users/siddalingkattimani/dbt_env/lib/python3.11/site-packages/airflow/example_dags/example_complex.py
[2023-04-23T00:57:38.564+0200] {logging_mixin.py:137} INFO - [2023-04-23T00:57:38.564+0200] {taskmixin.py:211} WARNING - Dependency <Task(BashOperator): create_entry_group>, delete_entry_group already registered for DAG: example_complex
[2023-04-23T00:57:38.565+0200] {logging_mixin.py:137} INFO - [2023-04-23T00:57:38.565+0200] {taskmixin.py:211} WARNING - Dependency <Task(BashOperator): delete_entry_group>, create_entry_group already registered for DAG: example_complex
[2023-04-23T00:57:38.565+0200] {logging_mixin.py:137} INFO - [2023-04-23T00:57:38.565+0200] {taskmixin.py:211} WARNING - Dependency <Task(BashOperator): create_entry_gcs>, delete_entry already registered for DAG: example_complex
[2023-04-23T00:57:38.565+0200] {logging_mixin.py:137} INFO - [2023-04-23T00:57:38.565+0200] {taskmixin.py:211} WARNING - Dependency <Task(BashOperator): delete_entry>, create_entry_gcs already registered for DAG: example_complex
[2023-04-23T00:57:38.565+0200] {logging_mixin.py:137} INFO - [2023-04-23T00:57:38.565+0200] {taskmixin.py:211} WARNING - Dependency <Task(BashOperator): create_tag>, delete_tag already registered for DAG: example_complex
[2023-04-23T00:57:38.565+0200] {logging_mixin.py:137} INFO - [2023-04-23T00:57:38.565+0200] {taskmixin.py:211} WARNING - Dependency <Task(BashOperator): delete_tag>, create_tag already registered for DAG: example_complex
[2023-04-23T00:57:38.573+0200] {processor.py:753} INFO - DAG(s) dict_keys(['example_complex']) retrieved from /Users/siddalingkattimani/dbt_env/lib/python3.11/site-packages/airflow/example_dags/example_complex.py
[2023-04-23T00:57:39.313+0200] {logging_mixin.py:137} INFO - [2023-04-23T00:57:39.313+0200] {dag.py:2705} INFO - Sync 1 DAGs
[2023-04-23T00:57:39.328+0200] {logging_mixin.py:137} INFO - [2023-04-23T00:57:39.327+0200] {dag.py:3452} INFO - Setting next_dagrun for example_complex to None, run_after=None
[2023-04-23T00:57:39.346+0200] {processor.py:175} INFO - Processing /Users/siddalingkattimani/dbt_env/lib/python3.11/site-packages/airflow/example_dags/example_complex.py took 0.806 seconds
[2023-04-23T00:59:44.918+0200] {processor.py:153} INFO - Started process (PID=47161) to work on /Users/siddalingkattimani/dbt_env/lib/python3.11/site-packages/airflow/example_dags/example_complex.py
[2023-04-23T00:59:44.922+0200] {processor.py:743} INFO - Processing file /Users/siddalingkattimani/dbt_env/lib/python3.11/site-packages/airflow/example_dags/example_complex.py for tasks to queue
[2023-04-23T00:59:44.924+0200] {logging_mixin.py:137} INFO - [2023-04-23T00:59:44.924+0200] {dagbag.py:532} INFO - Filling up the DagBag from /Users/siddalingkattimani/dbt_env/lib/python3.11/site-packages/airflow/example_dags/example_complex.py
[2023-04-23T00:59:44.957+0200] {logging_mixin.py:137} INFO - [2023-04-23T00:59:44.957+0200] {taskmixin.py:211} WARNING - Dependency <Task(BashOperator): create_entry_group>, delete_entry_group already registered for DAG: example_complex
[2023-04-23T00:59:44.958+0200] {logging_mixin.py:137} INFO - [2023-04-23T00:59:44.957+0200] {taskmixin.py:211} WARNING - Dependency <Task(BashOperator): delete_entry_group>, create_entry_group already registered for DAG: example_complex
[2023-04-23T00:59:44.958+0200] {logging_mixin.py:137} INFO - [2023-04-23T00:59:44.958+0200] {taskmixin.py:211} WARNING - Dependency <Task(BashOperator): create_entry_gcs>, delete_entry already registered for DAG: example_complex
[2023-04-23T00:59:44.958+0200] {logging_mixin.py:137} INFO - [2023-04-23T00:59:44.958+0200] {taskmixin.py:211} WARNING - Dependency <Task(BashOperator): delete_entry>, create_entry_gcs already registered for DAG: example_complex
[2023-04-23T00:59:44.959+0200] {logging_mixin.py:137} INFO - [2023-04-23T00:59:44.958+0200] {taskmixin.py:211} WARNING - Dependency <Task(BashOperator): create_tag>, delete_tag already registered for DAG: example_complex
[2023-04-23T00:59:44.959+0200] {logging_mixin.py:137} INFO - [2023-04-23T00:59:44.959+0200] {taskmixin.py:211} WARNING - Dependency <Task(BashOperator): delete_tag>, create_tag already registered for DAG: example_complex
[2023-04-23T00:59:44.969+0200] {processor.py:753} INFO - DAG(s) dict_keys(['example_complex']) retrieved from /Users/siddalingkattimani/dbt_env/lib/python3.11/site-packages/airflow/example_dags/example_complex.py
[2023-04-23T00:59:45.662+0200] {logging_mixin.py:137} INFO - [2023-04-23T00:59:45.661+0200] {dag.py:2705} INFO - Sync 1 DAGs
[2023-04-23T00:59:45.676+0200] {logging_mixin.py:137} INFO - [2023-04-23T00:59:45.675+0200] {dag.py:3452} INFO - Setting next_dagrun for example_complex to None, run_after=None
[2023-04-23T00:59:45.694+0200] {processor.py:175} INFO - Processing /Users/siddalingkattimani/dbt_env/lib/python3.11/site-packages/airflow/example_dags/example_complex.py took 0.777 seconds
[2023-04-23T01:02:03.871+0200] {processor.py:153} INFO - Started process (PID=47209) to work on /Users/siddalingkattimani/dbt_env/lib/python3.11/site-packages/airflow/example_dags/example_complex.py
[2023-04-23T01:02:03.876+0200] {processor.py:743} INFO - Processing file /Users/siddalingkattimani/dbt_env/lib/python3.11/site-packages/airflow/example_dags/example_complex.py for tasks to queue
[2023-04-23T01:02:03.878+0200] {logging_mixin.py:137} INFO - [2023-04-23T01:02:03.878+0200] {dagbag.py:532} INFO - Filling up the DagBag from /Users/siddalingkattimani/dbt_env/lib/python3.11/site-packages/airflow/example_dags/example_complex.py
[2023-04-23T01:02:03.899+0200] {logging_mixin.py:137} INFO - [2023-04-23T01:02:03.899+0200] {taskmixin.py:211} WARNING - Dependency <Task(BashOperator): create_entry_group>, delete_entry_group already registered for DAG: example_complex
[2023-04-23T01:02:03.899+0200] {logging_mixin.py:137} INFO - [2023-04-23T01:02:03.899+0200] {taskmixin.py:211} WARNING - Dependency <Task(BashOperator): delete_entry_group>, create_entry_group already registered for DAG: example_complex
[2023-04-23T01:02:03.900+0200] {logging_mixin.py:137} INFO - [2023-04-23T01:02:03.900+0200] {taskmixin.py:211} WARNING - Dependency <Task(BashOperator): create_entry_gcs>, delete_entry already registered for DAG: example_complex
[2023-04-23T01:02:03.900+0200] {logging_mixin.py:137} INFO - [2023-04-23T01:02:03.900+0200] {taskmixin.py:211} WARNING - Dependency <Task(BashOperator): delete_entry>, create_entry_gcs already registered for DAG: example_complex
[2023-04-23T01:02:03.900+0200] {logging_mixin.py:137} INFO - [2023-04-23T01:02:03.900+0200] {taskmixin.py:211} WARNING - Dependency <Task(BashOperator): create_tag>, delete_tag already registered for DAG: example_complex
[2023-04-23T01:02:03.900+0200] {logging_mixin.py:137} INFO - [2023-04-23T01:02:03.900+0200] {taskmixin.py:211} WARNING - Dependency <Task(BashOperator): delete_tag>, create_tag already registered for DAG: example_complex
[2023-04-23T01:02:03.908+0200] {processor.py:753} INFO - DAG(s) dict_keys(['example_complex']) retrieved from /Users/siddalingkattimani/dbt_env/lib/python3.11/site-packages/airflow/example_dags/example_complex.py
[2023-04-23T01:02:04.655+0200] {logging_mixin.py:137} INFO - [2023-04-23T01:02:04.655+0200] {dag.py:2705} INFO - Sync 1 DAGs
[2023-04-23T01:02:04.671+0200] {logging_mixin.py:137} INFO - [2023-04-23T01:02:04.670+0200] {dag.py:3452} INFO - Setting next_dagrun for example_complex to None, run_after=None
[2023-04-23T01:02:04.688+0200] {processor.py:175} INFO - Processing /Users/siddalingkattimani/dbt_env/lib/python3.11/site-packages/airflow/example_dags/example_complex.py took 0.818 seconds
[2023-04-23T01:04:02.156+0200] {processor.py:153} INFO - Started process (PID=47254) to work on /Users/siddalingkattimani/dbt_env/lib/python3.11/site-packages/airflow/example_dags/example_complex.py
[2023-04-23T01:04:02.159+0200] {processor.py:743} INFO - Processing file /Users/siddalingkattimani/dbt_env/lib/python3.11/site-packages/airflow/example_dags/example_complex.py for tasks to queue
[2023-04-23T01:04:02.159+0200] {logging_mixin.py:137} INFO - [2023-04-23T01:04:02.159+0200] {dagbag.py:532} INFO - Filling up the DagBag from /Users/siddalingkattimani/dbt_env/lib/python3.11/site-packages/airflow/example_dags/example_complex.py
[2023-04-23T01:04:02.175+0200] {logging_mixin.py:137} INFO - [2023-04-23T01:04:02.175+0200] {taskmixin.py:211} WARNING - Dependency <Task(BashOperator): create_entry_group>, delete_entry_group already registered for DAG: example_complex
[2023-04-23T01:04:02.175+0200] {logging_mixin.py:137} INFO - [2023-04-23T01:04:02.175+0200] {taskmixin.py:211} WARNING - Dependency <Task(BashOperator): delete_entry_group>, create_entry_group already registered for DAG: example_complex
[2023-04-23T01:04:02.175+0200] {logging_mixin.py:137} INFO - [2023-04-23T01:04:02.175+0200] {taskmixin.py:211} WARNING - Dependency <Task(BashOperator): create_entry_gcs>, delete_entry already registered for DAG: example_complex
[2023-04-23T01:04:02.175+0200] {logging_mixin.py:137} INFO - [2023-04-23T01:04:02.175+0200] {taskmixin.py:211} WARNING - Dependency <Task(BashOperator): delete_entry>, create_entry_gcs already registered for DAG: example_complex
[2023-04-23T01:04:02.175+0200] {logging_mixin.py:137} INFO - [2023-04-23T01:04:02.175+0200] {taskmixin.py:211} WARNING - Dependency <Task(BashOperator): create_tag>, delete_tag already registered for DAG: example_complex
[2023-04-23T01:04:02.176+0200] {logging_mixin.py:137} INFO - [2023-04-23T01:04:02.176+0200] {taskmixin.py:211} WARNING - Dependency <Task(BashOperator): delete_tag>, create_tag already registered for DAG: example_complex
[2023-04-23T01:04:02.183+0200] {processor.py:753} INFO - DAG(s) dict_keys(['example_complex']) retrieved from /Users/siddalingkattimani/dbt_env/lib/python3.11/site-packages/airflow/example_dags/example_complex.py
[2023-04-23T01:04:02.896+0200] {logging_mixin.py:137} INFO - [2023-04-23T01:04:02.896+0200] {dag.py:2705} INFO - Sync 1 DAGs
[2023-04-23T01:04:02.910+0200] {logging_mixin.py:137} INFO - [2023-04-23T01:04:02.910+0200] {dag.py:3452} INFO - Setting next_dagrun for example_complex to None, run_after=None
[2023-04-23T01:04:02.928+0200] {processor.py:175} INFO - Processing /Users/siddalingkattimani/dbt_env/lib/python3.11/site-packages/airflow/example_dags/example_complex.py took 0.773 seconds
[2023-04-23T01:06:14.986+0200] {processor.py:153} INFO - Started process (PID=47361) to work on /Users/siddalingkattimani/dbt_env/lib/python3.11/site-packages/airflow/example_dags/example_complex.py
[2023-04-23T01:06:14.991+0200] {processor.py:743} INFO - Processing file /Users/siddalingkattimani/dbt_env/lib/python3.11/site-packages/airflow/example_dags/example_complex.py for tasks to queue
[2023-04-23T01:06:14.991+0200] {logging_mixin.py:137} INFO - [2023-04-23T01:06:14.991+0200] {dagbag.py:532} INFO - Filling up the DagBag from /Users/siddalingkattimani/dbt_env/lib/python3.11/site-packages/airflow/example_dags/example_complex.py
[2023-04-23T01:06:15.019+0200] {logging_mixin.py:137} INFO - [2023-04-23T01:06:15.019+0200] {taskmixin.py:211} WARNING - Dependency <Task(BashOperator): create_entry_group>, delete_entry_group already registered for DAG: example_complex
[2023-04-23T01:06:15.019+0200] {logging_mixin.py:137} INFO - [2023-04-23T01:06:15.019+0200] {taskmixin.py:211} WARNING - Dependency <Task(BashOperator): delete_entry_group>, create_entry_group already registered for DAG: example_complex
[2023-04-23T01:06:15.020+0200] {logging_mixin.py:137} INFO - [2023-04-23T01:06:15.019+0200] {taskmixin.py:211} WARNING - Dependency <Task(BashOperator): create_entry_gcs>, delete_entry already registered for DAG: example_complex
[2023-04-23T01:06:15.020+0200] {logging_mixin.py:137} INFO - [2023-04-23T01:06:15.020+0200] {taskmixin.py:211} WARNING - Dependency <Task(BashOperator): delete_entry>, create_entry_gcs already registered for DAG: example_complex
[2023-04-23T01:06:15.020+0200] {logging_mixin.py:137} INFO - [2023-04-23T01:06:15.020+0200] {taskmixin.py:211} WARNING - Dependency <Task(BashOperator): create_tag>, delete_tag already registered for DAG: example_complex
[2023-04-23T01:06:15.020+0200] {logging_mixin.py:137} INFO - [2023-04-23T01:06:15.020+0200] {taskmixin.py:211} WARNING - Dependency <Task(BashOperator): delete_tag>, create_tag already registered for DAG: example_complex
[2023-04-23T01:06:15.030+0200] {processor.py:753} INFO - DAG(s) dict_keys(['example_complex']) retrieved from /Users/siddalingkattimani/dbt_env/lib/python3.11/site-packages/airflow/example_dags/example_complex.py
[2023-04-23T01:06:15.837+0200] {logging_mixin.py:137} INFO - [2023-04-23T01:06:15.836+0200] {dag.py:2705} INFO - Sync 1 DAGs
[2023-04-23T01:06:15.853+0200] {logging_mixin.py:137} INFO - [2023-04-23T01:06:15.853+0200] {dag.py:3452} INFO - Setting next_dagrun for example_complex to None, run_after=None
[2023-04-23T01:06:15.872+0200] {processor.py:175} INFO - Processing /Users/siddalingkattimani/dbt_env/lib/python3.11/site-packages/airflow/example_dags/example_complex.py took 0.887 seconds
[2023-04-23T01:08:47.453+0200] {processor.py:153} INFO - Started process (PID=47546) to work on /Users/siddalingkattimani/dbt_env/lib/python3.11/site-packages/airflow/example_dags/example_complex.py
[2023-04-23T01:08:47.457+0200] {processor.py:743} INFO - Processing file /Users/siddalingkattimani/dbt_env/lib/python3.11/site-packages/airflow/example_dags/example_complex.py for tasks to queue
[2023-04-23T01:08:47.458+0200] {logging_mixin.py:137} INFO - [2023-04-23T01:08:47.458+0200] {dagbag.py:532} INFO - Filling up the DagBag from /Users/siddalingkattimani/dbt_env/lib/python3.11/site-packages/airflow/example_dags/example_complex.py
[2023-04-23T01:08:47.480+0200] {logging_mixin.py:137} INFO - [2023-04-23T01:08:47.479+0200] {taskmixin.py:211} WARNING - Dependency <Task(BashOperator): create_entry_group>, delete_entry_group already registered for DAG: example_complex
[2023-04-23T01:08:47.480+0200] {logging_mixin.py:137} INFO - [2023-04-23T01:08:47.480+0200] {taskmixin.py:211} WARNING - Dependency <Task(BashOperator): delete_entry_group>, create_entry_group already registered for DAG: example_complex
[2023-04-23T01:08:47.480+0200] {logging_mixin.py:137} INFO - [2023-04-23T01:08:47.480+0200] {taskmixin.py:211} WARNING - Dependency <Task(BashOperator): create_entry_gcs>, delete_entry already registered for DAG: example_complex
[2023-04-23T01:08:47.480+0200] {logging_mixin.py:137} INFO - [2023-04-23T01:08:47.480+0200] {taskmixin.py:211} WARNING - Dependency <Task(BashOperator): delete_entry>, create_entry_gcs already registered for DAG: example_complex
[2023-04-23T01:08:47.481+0200] {logging_mixin.py:137} INFO - [2023-04-23T01:08:47.481+0200] {taskmixin.py:211} WARNING - Dependency <Task(BashOperator): create_tag>, delete_tag already registered for DAG: example_complex
[2023-04-23T01:08:47.481+0200] {logging_mixin.py:137} INFO - [2023-04-23T01:08:47.481+0200] {taskmixin.py:211} WARNING - Dependency <Task(BashOperator): delete_tag>, create_tag already registered for DAG: example_complex
[2023-04-23T01:08:47.493+0200] {processor.py:753} INFO - DAG(s) dict_keys(['example_complex']) retrieved from /Users/siddalingkattimani/dbt_env/lib/python3.11/site-packages/airflow/example_dags/example_complex.py
[2023-04-23T01:08:48.310+0200] {logging_mixin.py:137} INFO - [2023-04-23T01:08:48.310+0200] {dag.py:2705} INFO - Sync 1 DAGs
[2023-04-23T01:08:48.325+0200] {logging_mixin.py:137} INFO - [2023-04-23T01:08:48.324+0200] {dag.py:3452} INFO - Setting next_dagrun for example_complex to None, run_after=None
[2023-04-23T01:08:48.345+0200] {processor.py:175} INFO - Processing /Users/siddalingkattimani/dbt_env/lib/python3.11/site-packages/airflow/example_dags/example_complex.py took 0.893 seconds
[2023-04-23T01:11:18.944+0200] {processor.py:153} INFO - Started process (PID=47662) to work on /Users/siddalingkattimani/dbt_env/lib/python3.11/site-packages/airflow/example_dags/example_complex.py
[2023-04-23T01:11:18.948+0200] {processor.py:743} INFO - Processing file /Users/siddalingkattimani/dbt_env/lib/python3.11/site-packages/airflow/example_dags/example_complex.py for tasks to queue
[2023-04-23T01:11:18.949+0200] {logging_mixin.py:137} INFO - [2023-04-23T01:11:18.949+0200] {dagbag.py:532} INFO - Filling up the DagBag from /Users/siddalingkattimani/dbt_env/lib/python3.11/site-packages/airflow/example_dags/example_complex.py
[2023-04-23T01:11:18.976+0200] {logging_mixin.py:137} INFO - [2023-04-23T01:11:18.975+0200] {taskmixin.py:211} WARNING - Dependency <Task(BashOperator): create_entry_group>, delete_entry_group already registered for DAG: example_complex
[2023-04-23T01:11:18.976+0200] {logging_mixin.py:137} INFO - [2023-04-23T01:11:18.976+0200] {taskmixin.py:211} WARNING - Dependency <Task(BashOperator): delete_entry_group>, create_entry_group already registered for DAG: example_complex
[2023-04-23T01:11:18.976+0200] {logging_mixin.py:137} INFO - [2023-04-23T01:11:18.976+0200] {taskmixin.py:211} WARNING - Dependency <Task(BashOperator): create_entry_gcs>, delete_entry already registered for DAG: example_complex
[2023-04-23T01:11:18.977+0200] {logging_mixin.py:137} INFO - [2023-04-23T01:11:18.977+0200] {taskmixin.py:211} WARNING - Dependency <Task(BashOperator): delete_entry>, create_entry_gcs already registered for DAG: example_complex
[2023-04-23T01:11:18.977+0200] {logging_mixin.py:137} INFO - [2023-04-23T01:11:18.977+0200] {taskmixin.py:211} WARNING - Dependency <Task(BashOperator): create_tag>, delete_tag already registered for DAG: example_complex
[2023-04-23T01:11:18.977+0200] {logging_mixin.py:137} INFO - [2023-04-23T01:11:18.977+0200] {taskmixin.py:211} WARNING - Dependency <Task(BashOperator): delete_tag>, create_tag already registered for DAG: example_complex
[2023-04-23T01:11:18.987+0200] {processor.py:753} INFO - DAG(s) dict_keys(['example_complex']) retrieved from /Users/siddalingkattimani/dbt_env/lib/python3.11/site-packages/airflow/example_dags/example_complex.py
[2023-04-23T01:11:19.998+0200] {logging_mixin.py:137} INFO - [2023-04-23T01:11:19.998+0200] {dag.py:2705} INFO - Sync 1 DAGs
[2023-04-23T01:11:20.026+0200] {logging_mixin.py:137} INFO - [2023-04-23T01:11:20.026+0200] {dag.py:3452} INFO - Setting next_dagrun for example_complex to None, run_after=None
[2023-04-23T01:11:20.052+0200] {processor.py:175} INFO - Processing /Users/siddalingkattimani/dbt_env/lib/python3.11/site-packages/airflow/example_dags/example_complex.py took 1.109 seconds
[2023-04-23T01:13:19.658+0200] {processor.py:153} INFO - Started process (PID=47707) to work on /Users/siddalingkattimani/dbt_env/lib/python3.11/site-packages/airflow/example_dags/example_complex.py
[2023-04-23T01:13:19.661+0200] {processor.py:743} INFO - Processing file /Users/siddalingkattimani/dbt_env/lib/python3.11/site-packages/airflow/example_dags/example_complex.py for tasks to queue
[2023-04-23T01:13:19.662+0200] {logging_mixin.py:137} INFO - [2023-04-23T01:13:19.662+0200] {dagbag.py:532} INFO - Filling up the DagBag from /Users/siddalingkattimani/dbt_env/lib/python3.11/site-packages/airflow/example_dags/example_complex.py
[2023-04-23T01:13:19.678+0200] {logging_mixin.py:137} INFO - [2023-04-23T01:13:19.678+0200] {taskmixin.py:211} WARNING - Dependency <Task(BashOperator): create_entry_group>, delete_entry_group already registered for DAG: example_complex
[2023-04-23T01:13:19.679+0200] {logging_mixin.py:137} INFO - [2023-04-23T01:13:19.679+0200] {taskmixin.py:211} WARNING - Dependency <Task(BashOperator): delete_entry_group>, create_entry_group already registered for DAG: example_complex
[2023-04-23T01:13:19.679+0200] {logging_mixin.py:137} INFO - [2023-04-23T01:13:19.679+0200] {taskmixin.py:211} WARNING - Dependency <Task(BashOperator): create_entry_gcs>, delete_entry already registered for DAG: example_complex
[2023-04-23T01:13:19.679+0200] {logging_mixin.py:137} INFO - [2023-04-23T01:13:19.679+0200] {taskmixin.py:211} WARNING - Dependency <Task(BashOperator): delete_entry>, create_entry_gcs already registered for DAG: example_complex
[2023-04-23T01:13:19.679+0200] {logging_mixin.py:137} INFO - [2023-04-23T01:13:19.679+0200] {taskmixin.py:211} WARNING - Dependency <Task(BashOperator): create_tag>, delete_tag already registered for DAG: example_complex
[2023-04-23T01:13:19.679+0200] {logging_mixin.py:137} INFO - [2023-04-23T01:13:19.679+0200] {taskmixin.py:211} WARNING - Dependency <Task(BashOperator): delete_tag>, create_tag already registered for DAG: example_complex
[2023-04-23T01:13:19.686+0200] {processor.py:753} INFO - DAG(s) dict_keys(['example_complex']) retrieved from /Users/siddalingkattimani/dbt_env/lib/python3.11/site-packages/airflow/example_dags/example_complex.py
[2023-04-23T01:13:20.343+0200] {logging_mixin.py:137} INFO - [2023-04-23T01:13:20.343+0200] {dag.py:2705} INFO - Sync 1 DAGs
[2023-04-23T01:13:20.357+0200] {logging_mixin.py:137} INFO - [2023-04-23T01:13:20.357+0200] {dag.py:3452} INFO - Setting next_dagrun for example_complex to None, run_after=None
[2023-04-23T01:13:20.374+0200] {processor.py:175} INFO - Processing /Users/siddalingkattimani/dbt_env/lib/python3.11/site-packages/airflow/example_dags/example_complex.py took 0.716 seconds
[2023-04-23T01:15:23.047+0200] {processor.py:153} INFO - Started process (PID=47755) to work on /Users/siddalingkattimani/dbt_env/lib/python3.11/site-packages/airflow/example_dags/example_complex.py
[2023-04-23T01:15:23.051+0200] {processor.py:743} INFO - Processing file /Users/siddalingkattimani/dbt_env/lib/python3.11/site-packages/airflow/example_dags/example_complex.py for tasks to queue
[2023-04-23T01:15:23.051+0200] {logging_mixin.py:137} INFO - [2023-04-23T01:15:23.051+0200] {dagbag.py:532} INFO - Filling up the DagBag from /Users/siddalingkattimani/dbt_env/lib/python3.11/site-packages/airflow/example_dags/example_complex.py
[2023-04-23T01:15:23.069+0200] {logging_mixin.py:137} INFO - [2023-04-23T01:15:23.069+0200] {taskmixin.py:211} WARNING - Dependency <Task(BashOperator): create_entry_group>, delete_entry_group already registered for DAG: example_complex
[2023-04-23T01:15:23.070+0200] {logging_mixin.py:137} INFO - [2023-04-23T01:15:23.070+0200] {taskmixin.py:211} WARNING - Dependency <Task(BashOperator): delete_entry_group>, create_entry_group already registered for DAG: example_complex
[2023-04-23T01:15:23.070+0200] {logging_mixin.py:137} INFO - [2023-04-23T01:15:23.070+0200] {taskmixin.py:211} WARNING - Dependency <Task(BashOperator): create_entry_gcs>, delete_entry already registered for DAG: example_complex
[2023-04-23T01:15:23.070+0200] {logging_mixin.py:137} INFO - [2023-04-23T01:15:23.070+0200] {taskmixin.py:211} WARNING - Dependency <Task(BashOperator): delete_entry>, create_entry_gcs already registered for DAG: example_complex
[2023-04-23T01:15:23.070+0200] {logging_mixin.py:137} INFO - [2023-04-23T01:15:23.070+0200] {taskmixin.py:211} WARNING - Dependency <Task(BashOperator): create_tag>, delete_tag already registered for DAG: example_complex
[2023-04-23T01:15:23.070+0200] {logging_mixin.py:137} INFO - [2023-04-23T01:15:23.070+0200] {taskmixin.py:211} WARNING - Dependency <Task(BashOperator): delete_tag>, create_tag already registered for DAG: example_complex
[2023-04-23T01:15:23.078+0200] {processor.py:753} INFO - DAG(s) dict_keys(['example_complex']) retrieved from /Users/siddalingkattimani/dbt_env/lib/python3.11/site-packages/airflow/example_dags/example_complex.py
[2023-04-23T01:15:23.977+0200] {logging_mixin.py:137} INFO - [2023-04-23T01:15:23.977+0200] {dag.py:2705} INFO - Sync 1 DAGs
[2023-04-23T01:15:23.992+0200] {logging_mixin.py:137} INFO - [2023-04-23T01:15:23.992+0200] {dag.py:3452} INFO - Setting next_dagrun for example_complex to None, run_after=None
[2023-04-23T01:15:24.012+0200] {processor.py:175} INFO - Processing /Users/siddalingkattimani/dbt_env/lib/python3.11/site-packages/airflow/example_dags/example_complex.py took 0.965 seconds
[2023-04-23T01:17:27.968+0200] {processor.py:153} INFO - Started process (PID=47801) to work on /Users/siddalingkattimani/dbt_env/lib/python3.11/site-packages/airflow/example_dags/example_complex.py
[2023-04-23T01:17:27.971+0200] {processor.py:743} INFO - Processing file /Users/siddalingkattimani/dbt_env/lib/python3.11/site-packages/airflow/example_dags/example_complex.py for tasks to queue
[2023-04-23T01:17:27.972+0200] {logging_mixin.py:137} INFO - [2023-04-23T01:17:27.972+0200] {dagbag.py:532} INFO - Filling up the DagBag from /Users/siddalingkattimani/dbt_env/lib/python3.11/site-packages/airflow/example_dags/example_complex.py
[2023-04-23T01:17:27.990+0200] {logging_mixin.py:137} INFO - [2023-04-23T01:17:27.989+0200] {taskmixin.py:211} WARNING - Dependency <Task(BashOperator): create_entry_group>, delete_entry_group already registered for DAG: example_complex
[2023-04-23T01:17:27.990+0200] {logging_mixin.py:137} INFO - [2023-04-23T01:17:27.990+0200] {taskmixin.py:211} WARNING - Dependency <Task(BashOperator): delete_entry_group>, create_entry_group already registered for DAG: example_complex
[2023-04-23T01:17:27.990+0200] {logging_mixin.py:137} INFO - [2023-04-23T01:17:27.990+0200] {taskmixin.py:211} WARNING - Dependency <Task(BashOperator): create_entry_gcs>, delete_entry already registered for DAG: example_complex
[2023-04-23T01:17:27.990+0200] {logging_mixin.py:137} INFO - [2023-04-23T01:17:27.990+0200] {taskmixin.py:211} WARNING - Dependency <Task(BashOperator): delete_entry>, create_entry_gcs already registered for DAG: example_complex
[2023-04-23T01:17:27.990+0200] {logging_mixin.py:137} INFO - [2023-04-23T01:17:27.990+0200] {taskmixin.py:211} WARNING - Dependency <Task(BashOperator): create_tag>, delete_tag already registered for DAG: example_complex
[2023-04-23T01:17:27.990+0200] {logging_mixin.py:137} INFO - [2023-04-23T01:17:27.990+0200] {taskmixin.py:211} WARNING - Dependency <Task(BashOperator): delete_tag>, create_tag already registered for DAG: example_complex
[2023-04-23T01:17:27.997+0200] {processor.py:753} INFO - DAG(s) dict_keys(['example_complex']) retrieved from /Users/siddalingkattimani/dbt_env/lib/python3.11/site-packages/airflow/example_dags/example_complex.py
[2023-04-23T01:17:28.670+0200] {logging_mixin.py:137} INFO - [2023-04-23T01:17:28.669+0200] {dag.py:2705} INFO - Sync 1 DAGs
[2023-04-23T01:17:28.685+0200] {logging_mixin.py:137} INFO - [2023-04-23T01:17:28.685+0200] {dag.py:3452} INFO - Setting next_dagrun for example_complex to None, run_after=None
[2023-04-23T01:17:28.701+0200] {processor.py:175} INFO - Processing /Users/siddalingkattimani/dbt_env/lib/python3.11/site-packages/airflow/example_dags/example_complex.py took 0.734 seconds
[2023-04-23T01:19:28.844+0200] {processor.py:153} INFO - Started process (PID=47846) to work on /Users/siddalingkattimani/dbt_env/lib/python3.11/site-packages/airflow/example_dags/example_complex.py
[2023-04-23T01:19:28.848+0200] {processor.py:743} INFO - Processing file /Users/siddalingkattimani/dbt_env/lib/python3.11/site-packages/airflow/example_dags/example_complex.py for tasks to queue
[2023-04-23T01:19:28.849+0200] {logging_mixin.py:137} INFO - [2023-04-23T01:19:28.849+0200] {dagbag.py:532} INFO - Filling up the DagBag from /Users/siddalingkattimani/dbt_env/lib/python3.11/site-packages/airflow/example_dags/example_complex.py
[2023-04-23T01:19:28.868+0200] {logging_mixin.py:137} INFO - [2023-04-23T01:19:28.868+0200] {taskmixin.py:211} WARNING - Dependency <Task(BashOperator): create_entry_group>, delete_entry_group already registered for DAG: example_complex
[2023-04-23T01:19:28.868+0200] {logging_mixin.py:137} INFO - [2023-04-23T01:19:28.868+0200] {taskmixin.py:211} WARNING - Dependency <Task(BashOperator): delete_entry_group>, create_entry_group already registered for DAG: example_complex
[2023-04-23T01:19:28.868+0200] {logging_mixin.py:137} INFO - [2023-04-23T01:19:28.868+0200] {taskmixin.py:211} WARNING - Dependency <Task(BashOperator): create_entry_gcs>, delete_entry already registered for DAG: example_complex
[2023-04-23T01:19:28.869+0200] {logging_mixin.py:137} INFO - [2023-04-23T01:19:28.869+0200] {taskmixin.py:211} WARNING - Dependency <Task(BashOperator): delete_entry>, create_entry_gcs already registered for DAG: example_complex
[2023-04-23T01:19:28.869+0200] {logging_mixin.py:137} INFO - [2023-04-23T01:19:28.869+0200] {taskmixin.py:211} WARNING - Dependency <Task(BashOperator): create_tag>, delete_tag already registered for DAG: example_complex
[2023-04-23T01:19:28.869+0200] {logging_mixin.py:137} INFO - [2023-04-23T01:19:28.869+0200] {taskmixin.py:211} WARNING - Dependency <Task(BashOperator): delete_tag>, create_tag already registered for DAG: example_complex
[2023-04-23T01:19:28.877+0200] {processor.py:753} INFO - DAG(s) dict_keys(['example_complex']) retrieved from /Users/siddalingkattimani/dbt_env/lib/python3.11/site-packages/airflow/example_dags/example_complex.py
[2023-04-23T01:19:29.727+0200] {logging_mixin.py:137} INFO - [2023-04-23T01:19:29.727+0200] {dag.py:2705} INFO - Sync 1 DAGs
[2023-04-23T01:19:29.744+0200] {logging_mixin.py:137} INFO - [2023-04-23T01:19:29.744+0200] {dag.py:3452} INFO - Setting next_dagrun for example_complex to None, run_after=None
[2023-04-23T01:19:29.767+0200] {processor.py:175} INFO - Processing /Users/siddalingkattimani/dbt_env/lib/python3.11/site-packages/airflow/example_dags/example_complex.py took 0.924 seconds
[2023-04-23T01:21:35.325+0200] {processor.py:153} INFO - Started process (PID=47891) to work on /Users/siddalingkattimani/dbt_env/lib/python3.11/site-packages/airflow/example_dags/example_complex.py
[2023-04-23T01:21:35.328+0200] {processor.py:743} INFO - Processing file /Users/siddalingkattimani/dbt_env/lib/python3.11/site-packages/airflow/example_dags/example_complex.py for tasks to queue
[2023-04-23T01:21:35.329+0200] {logging_mixin.py:137} INFO - [2023-04-23T01:21:35.329+0200] {dagbag.py:532} INFO - Filling up the DagBag from /Users/siddalingkattimani/dbt_env/lib/python3.11/site-packages/airflow/example_dags/example_complex.py
[2023-04-23T01:21:35.349+0200] {logging_mixin.py:137} INFO - [2023-04-23T01:21:35.349+0200] {taskmixin.py:211} WARNING - Dependency <Task(BashOperator): create_entry_group>, delete_entry_group already registered for DAG: example_complex
[2023-04-23T01:21:35.349+0200] {logging_mixin.py:137} INFO - [2023-04-23T01:21:35.349+0200] {taskmixin.py:211} WARNING - Dependency <Task(BashOperator): delete_entry_group>, create_entry_group already registered for DAG: example_complex
[2023-04-23T01:21:35.349+0200] {logging_mixin.py:137} INFO - [2023-04-23T01:21:35.349+0200] {taskmixin.py:211} WARNING - Dependency <Task(BashOperator): create_entry_gcs>, delete_entry already registered for DAG: example_complex
[2023-04-23T01:21:35.350+0200] {logging_mixin.py:137} INFO - [2023-04-23T01:21:35.350+0200] {taskmixin.py:211} WARNING - Dependency <Task(BashOperator): delete_entry>, create_entry_gcs already registered for DAG: example_complex
[2023-04-23T01:21:35.350+0200] {logging_mixin.py:137} INFO - [2023-04-23T01:21:35.350+0200] {taskmixin.py:211} WARNING - Dependency <Task(BashOperator): create_tag>, delete_tag already registered for DAG: example_complex
[2023-04-23T01:21:35.350+0200] {logging_mixin.py:137} INFO - [2023-04-23T01:21:35.350+0200] {taskmixin.py:211} WARNING - Dependency <Task(BashOperator): delete_tag>, create_tag already registered for DAG: example_complex
[2023-04-23T01:21:35.358+0200] {processor.py:753} INFO - DAG(s) dict_keys(['example_complex']) retrieved from /Users/siddalingkattimani/dbt_env/lib/python3.11/site-packages/airflow/example_dags/example_complex.py
[2023-04-23T01:21:36.073+0200] {logging_mixin.py:137} INFO - [2023-04-23T01:21:36.073+0200] {dag.py:2705} INFO - Sync 1 DAGs
[2023-04-23T01:21:36.087+0200] {logging_mixin.py:137} INFO - [2023-04-23T01:21:36.087+0200] {dag.py:3452} INFO - Setting next_dagrun for example_complex to None, run_after=None
[2023-04-23T01:21:36.105+0200] {processor.py:175} INFO - Processing /Users/siddalingkattimani/dbt_env/lib/python3.11/site-packages/airflow/example_dags/example_complex.py took 0.781 seconds
[2023-04-23T01:23:35.555+0200] {processor.py:153} INFO - Started process (PID=47940) to work on /Users/siddalingkattimani/dbt_env/lib/python3.11/site-packages/airflow/example_dags/example_complex.py
[2023-04-23T01:23:35.558+0200] {processor.py:743} INFO - Processing file /Users/siddalingkattimani/dbt_env/lib/python3.11/site-packages/airflow/example_dags/example_complex.py for tasks to queue
[2023-04-23T01:23:35.559+0200] {logging_mixin.py:137} INFO - [2023-04-23T01:23:35.559+0200] {dagbag.py:532} INFO - Filling up the DagBag from /Users/siddalingkattimani/dbt_env/lib/python3.11/site-packages/airflow/example_dags/example_complex.py
[2023-04-23T01:23:35.576+0200] {logging_mixin.py:137} INFO - [2023-04-23T01:23:35.576+0200] {taskmixin.py:211} WARNING - Dependency <Task(BashOperator): create_entry_group>, delete_entry_group already registered for DAG: example_complex
[2023-04-23T01:23:35.577+0200] {logging_mixin.py:137} INFO - [2023-04-23T01:23:35.577+0200] {taskmixin.py:211} WARNING - Dependency <Task(BashOperator): delete_entry_group>, create_entry_group already registered for DAG: example_complex
[2023-04-23T01:23:35.577+0200] {logging_mixin.py:137} INFO - [2023-04-23T01:23:35.577+0200] {taskmixin.py:211} WARNING - Dependency <Task(BashOperator): create_entry_gcs>, delete_entry already registered for DAG: example_complex
[2023-04-23T01:23:35.577+0200] {logging_mixin.py:137} INFO - [2023-04-23T01:23:35.577+0200] {taskmixin.py:211} WARNING - Dependency <Task(BashOperator): delete_entry>, create_entry_gcs already registered for DAG: example_complex
[2023-04-23T01:23:35.577+0200] {logging_mixin.py:137} INFO - [2023-04-23T01:23:35.577+0200] {taskmixin.py:211} WARNING - Dependency <Task(BashOperator): create_tag>, delete_tag already registered for DAG: example_complex
[2023-04-23T01:23:35.577+0200] {logging_mixin.py:137} INFO - [2023-04-23T01:23:35.577+0200] {taskmixin.py:211} WARNING - Dependency <Task(BashOperator): delete_tag>, create_tag already registered for DAG: example_complex
[2023-04-23T01:23:35.585+0200] {processor.py:753} INFO - DAG(s) dict_keys(['example_complex']) retrieved from /Users/siddalingkattimani/dbt_env/lib/python3.11/site-packages/airflow/example_dags/example_complex.py
[2023-04-23T01:23:36.333+0200] {logging_mixin.py:137} INFO - [2023-04-23T01:23:36.333+0200] {dag.py:2705} INFO - Sync 1 DAGs
[2023-04-23T01:23:36.346+0200] {logging_mixin.py:137} INFO - [2023-04-23T01:23:36.346+0200] {dag.py:3452} INFO - Setting next_dagrun for example_complex to None, run_after=None
[2023-04-23T01:23:36.369+0200] {processor.py:175} INFO - Processing /Users/siddalingkattimani/dbt_env/lib/python3.11/site-packages/airflow/example_dags/example_complex.py took 0.814 seconds
[2023-04-23T01:25:33.593+0200] {processor.py:153} INFO - Started process (PID=48009) to work on /Users/siddalingkattimani/dbt_env/lib/python3.11/site-packages/airflow/example_dags/example_complex.py
[2023-04-23T01:25:33.596+0200] {processor.py:743} INFO - Processing file /Users/siddalingkattimani/dbt_env/lib/python3.11/site-packages/airflow/example_dags/example_complex.py for tasks to queue
[2023-04-23T01:25:33.596+0200] {logging_mixin.py:137} INFO - [2023-04-23T01:25:33.596+0200] {dagbag.py:532} INFO - Filling up the DagBag from /Users/siddalingkattimani/dbt_env/lib/python3.11/site-packages/airflow/example_dags/example_complex.py
[2023-04-23T01:25:33.612+0200] {logging_mixin.py:137} INFO - [2023-04-23T01:25:33.612+0200] {taskmixin.py:211} WARNING - Dependency <Task(BashOperator): create_entry_group>, delete_entry_group already registered for DAG: example_complex
[2023-04-23T01:25:33.612+0200] {logging_mixin.py:137} INFO - [2023-04-23T01:25:33.612+0200] {taskmixin.py:211} WARNING - Dependency <Task(BashOperator): delete_entry_group>, create_entry_group already registered for DAG: example_complex
[2023-04-23T01:25:33.613+0200] {logging_mixin.py:137} INFO - [2023-04-23T01:25:33.613+0200] {taskmixin.py:211} WARNING - Dependency <Task(BashOperator): create_entry_gcs>, delete_entry already registered for DAG: example_complex
[2023-04-23T01:25:33.613+0200] {logging_mixin.py:137} INFO - [2023-04-23T01:25:33.613+0200] {taskmixin.py:211} WARNING - Dependency <Task(BashOperator): delete_entry>, create_entry_gcs already registered for DAG: example_complex
[2023-04-23T01:25:33.613+0200] {logging_mixin.py:137} INFO - [2023-04-23T01:25:33.613+0200] {taskmixin.py:211} WARNING - Dependency <Task(BashOperator): create_tag>, delete_tag already registered for DAG: example_complex
[2023-04-23T01:25:33.613+0200] {logging_mixin.py:137} INFO - [2023-04-23T01:25:33.613+0200] {taskmixin.py:211} WARNING - Dependency <Task(BashOperator): delete_tag>, create_tag already registered for DAG: example_complex
[2023-04-23T01:25:33.620+0200] {processor.py:753} INFO - DAG(s) dict_keys(['example_complex']) retrieved from /Users/siddalingkattimani/dbt_env/lib/python3.11/site-packages/airflow/example_dags/example_complex.py
[2023-04-23T01:25:34.260+0200] {logging_mixin.py:137} INFO - [2023-04-23T01:25:34.260+0200] {dag.py:2705} INFO - Sync 1 DAGs
[2023-04-23T01:25:34.272+0200] {logging_mixin.py:137} INFO - [2023-04-23T01:25:34.272+0200] {dag.py:3452} INFO - Setting next_dagrun for example_complex to None, run_after=None
[2023-04-23T01:25:34.288+0200] {processor.py:175} INFO - Processing /Users/siddalingkattimani/dbt_env/lib/python3.11/site-packages/airflow/example_dags/example_complex.py took 0.696 seconds
[2023-04-23T01:27:36.890+0200] {processor.py:153} INFO - Started process (PID=48056) to work on /Users/siddalingkattimani/dbt_env/lib/python3.11/site-packages/airflow/example_dags/example_complex.py
[2023-04-23T01:27:36.894+0200] {processor.py:743} INFO - Processing file /Users/siddalingkattimani/dbt_env/lib/python3.11/site-packages/airflow/example_dags/example_complex.py for tasks to queue
[2023-04-23T01:27:36.895+0200] {logging_mixin.py:137} INFO - [2023-04-23T01:27:36.894+0200] {dagbag.py:532} INFO - Filling up the DagBag from /Users/siddalingkattimani/dbt_env/lib/python3.11/site-packages/airflow/example_dags/example_complex.py
[2023-04-23T01:27:36.912+0200] {logging_mixin.py:137} INFO - [2023-04-23T01:27:36.912+0200] {taskmixin.py:211} WARNING - Dependency <Task(BashOperator): create_entry_group>, delete_entry_group already registered for DAG: example_complex
[2023-04-23T01:27:36.912+0200] {logging_mixin.py:137} INFO - [2023-04-23T01:27:36.912+0200] {taskmixin.py:211} WARNING - Dependency <Task(BashOperator): delete_entry_group>, create_entry_group already registered for DAG: example_complex
[2023-04-23T01:27:36.913+0200] {logging_mixin.py:137} INFO - [2023-04-23T01:27:36.913+0200] {taskmixin.py:211} WARNING - Dependency <Task(BashOperator): create_entry_gcs>, delete_entry already registered for DAG: example_complex
[2023-04-23T01:27:36.913+0200] {logging_mixin.py:137} INFO - [2023-04-23T01:27:36.913+0200] {taskmixin.py:211} WARNING - Dependency <Task(BashOperator): delete_entry>, create_entry_gcs already registered for DAG: example_complex
[2023-04-23T01:27:36.913+0200] {logging_mixin.py:137} INFO - [2023-04-23T01:27:36.913+0200] {taskmixin.py:211} WARNING - Dependency <Task(BashOperator): create_tag>, delete_tag already registered for DAG: example_complex
[2023-04-23T01:27:36.913+0200] {logging_mixin.py:137} INFO - [2023-04-23T01:27:36.913+0200] {taskmixin.py:211} WARNING - Dependency <Task(BashOperator): delete_tag>, create_tag already registered for DAG: example_complex
[2023-04-23T01:27:36.921+0200] {processor.py:753} INFO - DAG(s) dict_keys(['example_complex']) retrieved from /Users/siddalingkattimani/dbt_env/lib/python3.11/site-packages/airflow/example_dags/example_complex.py
[2023-04-23T01:27:37.600+0200] {logging_mixin.py:137} INFO - [2023-04-23T01:27:37.599+0200] {dag.py:2705} INFO - Sync 1 DAGs
[2023-04-23T01:27:37.614+0200] {logging_mixin.py:137} INFO - [2023-04-23T01:27:37.614+0200] {dag.py:3452} INFO - Setting next_dagrun for example_complex to None, run_after=None
[2023-04-23T01:27:37.634+0200] {processor.py:175} INFO - Processing /Users/siddalingkattimani/dbt_env/lib/python3.11/site-packages/airflow/example_dags/example_complex.py took 0.745 seconds
[2023-04-23T01:29:45.630+0200] {processor.py:153} INFO - Started process (PID=48103) to work on /Users/siddalingkattimani/dbt_env/lib/python3.11/site-packages/airflow/example_dags/example_complex.py
[2023-04-23T01:29:45.633+0200] {processor.py:743} INFO - Processing file /Users/siddalingkattimani/dbt_env/lib/python3.11/site-packages/airflow/example_dags/example_complex.py for tasks to queue
[2023-04-23T01:29:45.634+0200] {logging_mixin.py:137} INFO - [2023-04-23T01:29:45.634+0200] {dagbag.py:532} INFO - Filling up the DagBag from /Users/siddalingkattimani/dbt_env/lib/python3.11/site-packages/airflow/example_dags/example_complex.py
[2023-04-23T01:29:45.653+0200] {logging_mixin.py:137} INFO - [2023-04-23T01:29:45.653+0200] {taskmixin.py:211} WARNING - Dependency <Task(BashOperator): create_entry_group>, delete_entry_group already registered for DAG: example_complex
[2023-04-23T01:29:45.653+0200] {logging_mixin.py:137} INFO - [2023-04-23T01:29:45.653+0200] {taskmixin.py:211} WARNING - Dependency <Task(BashOperator): delete_entry_group>, create_entry_group already registered for DAG: example_complex
[2023-04-23T01:29:45.654+0200] {logging_mixin.py:137} INFO - [2023-04-23T01:29:45.654+0200] {taskmixin.py:211} WARNING - Dependency <Task(BashOperator): create_entry_gcs>, delete_entry already registered for DAG: example_complex
[2023-04-23T01:29:45.654+0200] {logging_mixin.py:137} INFO - [2023-04-23T01:29:45.654+0200] {taskmixin.py:211} WARNING - Dependency <Task(BashOperator): delete_entry>, create_entry_gcs already registered for DAG: example_complex
[2023-04-23T01:29:45.654+0200] {logging_mixin.py:137} INFO - [2023-04-23T01:29:45.654+0200] {taskmixin.py:211} WARNING - Dependency <Task(BashOperator): create_tag>, delete_tag already registered for DAG: example_complex
[2023-04-23T01:29:45.654+0200] {logging_mixin.py:137} INFO - [2023-04-23T01:29:45.654+0200] {taskmixin.py:211} WARNING - Dependency <Task(BashOperator): delete_tag>, create_tag already registered for DAG: example_complex
[2023-04-23T01:29:45.662+0200] {processor.py:753} INFO - DAG(s) dict_keys(['example_complex']) retrieved from /Users/siddalingkattimani/dbt_env/lib/python3.11/site-packages/airflow/example_dags/example_complex.py
[2023-04-23T01:29:46.428+0200] {logging_mixin.py:137} INFO - [2023-04-23T01:29:46.428+0200] {dag.py:2705} INFO - Sync 1 DAGs
[2023-04-23T01:29:46.445+0200] {logging_mixin.py:137} INFO - [2023-04-23T01:29:46.445+0200] {dag.py:3452} INFO - Setting next_dagrun for example_complex to None, run_after=None
[2023-04-23T01:29:46.465+0200] {processor.py:175} INFO - Processing /Users/siddalingkattimani/dbt_env/lib/python3.11/site-packages/airflow/example_dags/example_complex.py took 0.836 seconds
[2023-04-23T01:31:43.598+0200] {processor.py:153} INFO - Started process (PID=48150) to work on /Users/siddalingkattimani/dbt_env/lib/python3.11/site-packages/airflow/example_dags/example_complex.py
[2023-04-23T01:31:43.603+0200] {processor.py:743} INFO - Processing file /Users/siddalingkattimani/dbt_env/lib/python3.11/site-packages/airflow/example_dags/example_complex.py for tasks to queue
[2023-04-23T01:31:43.604+0200] {logging_mixin.py:137} INFO - [2023-04-23T01:31:43.604+0200] {dagbag.py:532} INFO - Filling up the DagBag from /Users/siddalingkattimani/dbt_env/lib/python3.11/site-packages/airflow/example_dags/example_complex.py
[2023-04-23T01:31:43.628+0200] {logging_mixin.py:137} INFO - [2023-04-23T01:31:43.628+0200] {taskmixin.py:211} WARNING - Dependency <Task(BashOperator): create_entry_group>, delete_entry_group already registered for DAG: example_complex
[2023-04-23T01:31:43.628+0200] {logging_mixin.py:137} INFO - [2023-04-23T01:31:43.628+0200] {taskmixin.py:211} WARNING - Dependency <Task(BashOperator): delete_entry_group>, create_entry_group already registered for DAG: example_complex
[2023-04-23T01:31:43.629+0200] {logging_mixin.py:137} INFO - [2023-04-23T01:31:43.629+0200] {taskmixin.py:211} WARNING - Dependency <Task(BashOperator): create_entry_gcs>, delete_entry already registered for DAG: example_complex
[2023-04-23T01:31:43.629+0200] {logging_mixin.py:137} INFO - [2023-04-23T01:31:43.629+0200] {taskmixin.py:211} WARNING - Dependency <Task(BashOperator): delete_entry>, create_entry_gcs already registered for DAG: example_complex
[2023-04-23T01:31:43.629+0200] {logging_mixin.py:137} INFO - [2023-04-23T01:31:43.629+0200] {taskmixin.py:211} WARNING - Dependency <Task(BashOperator): create_tag>, delete_tag already registered for DAG: example_complex
[2023-04-23T01:31:43.629+0200] {logging_mixin.py:137} INFO - [2023-04-23T01:31:43.629+0200] {taskmixin.py:211} WARNING - Dependency <Task(BashOperator): delete_tag>, create_tag already registered for DAG: example_complex
[2023-04-23T01:31:43.639+0200] {processor.py:753} INFO - DAG(s) dict_keys(['example_complex']) retrieved from /Users/siddalingkattimani/dbt_env/lib/python3.11/site-packages/airflow/example_dags/example_complex.py
[2023-04-23T01:31:44.417+0200] {logging_mixin.py:137} INFO - [2023-04-23T01:31:44.417+0200] {dag.py:2705} INFO - Sync 1 DAGs
[2023-04-23T01:31:44.434+0200] {logging_mixin.py:137} INFO - [2023-04-23T01:31:44.433+0200] {dag.py:3452} INFO - Setting next_dagrun for example_complex to None, run_after=None
[2023-04-23T01:31:44.454+0200] {processor.py:175} INFO - Processing /Users/siddalingkattimani/dbt_env/lib/python3.11/site-packages/airflow/example_dags/example_complex.py took 0.857 seconds
[2023-04-23T01:33:50.205+0200] {processor.py:153} INFO - Started process (PID=48200) to work on /Users/siddalingkattimani/dbt_env/lib/python3.11/site-packages/airflow/example_dags/example_complex.py
[2023-04-23T01:33:50.209+0200] {processor.py:743} INFO - Processing file /Users/siddalingkattimani/dbt_env/lib/python3.11/site-packages/airflow/example_dags/example_complex.py for tasks to queue
[2023-04-23T01:33:50.210+0200] {logging_mixin.py:137} INFO - [2023-04-23T01:33:50.210+0200] {dagbag.py:532} INFO - Filling up the DagBag from /Users/siddalingkattimani/dbt_env/lib/python3.11/site-packages/airflow/example_dags/example_complex.py
[2023-04-23T01:33:50.231+0200] {logging_mixin.py:137} INFO - [2023-04-23T01:33:50.231+0200] {taskmixin.py:211} WARNING - Dependency <Task(BashOperator): create_entry_group>, delete_entry_group already registered for DAG: example_complex
[2023-04-23T01:33:50.232+0200] {logging_mixin.py:137} INFO - [2023-04-23T01:33:50.232+0200] {taskmixin.py:211} WARNING - Dependency <Task(BashOperator): delete_entry_group>, create_entry_group already registered for DAG: example_complex
[2023-04-23T01:33:50.232+0200] {logging_mixin.py:137} INFO - [2023-04-23T01:33:50.232+0200] {taskmixin.py:211} WARNING - Dependency <Task(BashOperator): create_entry_gcs>, delete_entry already registered for DAG: example_complex
[2023-04-23T01:33:50.232+0200] {logging_mixin.py:137} INFO - [2023-04-23T01:33:50.232+0200] {taskmixin.py:211} WARNING - Dependency <Task(BashOperator): delete_entry>, create_entry_gcs already registered for DAG: example_complex
[2023-04-23T01:33:50.232+0200] {logging_mixin.py:137} INFO - [2023-04-23T01:33:50.232+0200] {taskmixin.py:211} WARNING - Dependency <Task(BashOperator): create_tag>, delete_tag already registered for DAG: example_complex
[2023-04-23T01:33:50.232+0200] {logging_mixin.py:137} INFO - [2023-04-23T01:33:50.232+0200] {taskmixin.py:211} WARNING - Dependency <Task(BashOperator): delete_tag>, create_tag already registered for DAG: example_complex
[2023-04-23T01:33:50.241+0200] {processor.py:753} INFO - DAG(s) dict_keys(['example_complex']) retrieved from /Users/siddalingkattimani/dbt_env/lib/python3.11/site-packages/airflow/example_dags/example_complex.py
[2023-04-23T01:33:51.006+0200] {logging_mixin.py:137} INFO - [2023-04-23T01:33:51.006+0200] {dag.py:2705} INFO - Sync 1 DAGs
[2023-04-23T01:33:51.020+0200] {logging_mixin.py:137} INFO - [2023-04-23T01:33:51.020+0200] {dag.py:3452} INFO - Setting next_dagrun for example_complex to None, run_after=None
[2023-04-23T01:33:51.038+0200] {processor.py:175} INFO - Processing /Users/siddalingkattimani/dbt_env/lib/python3.11/site-packages/airflow/example_dags/example_complex.py took 0.833 seconds
[2023-04-23T01:35:56.820+0200] {processor.py:153} INFO - Started process (PID=48249) to work on /Users/siddalingkattimani/dbt_env/lib/python3.11/site-packages/airflow/example_dags/example_complex.py
[2023-04-23T01:35:56.823+0200] {processor.py:743} INFO - Processing file /Users/siddalingkattimani/dbt_env/lib/python3.11/site-packages/airflow/example_dags/example_complex.py for tasks to queue
[2023-04-23T01:35:56.824+0200] {logging_mixin.py:137} INFO - [2023-04-23T01:35:56.823+0200] {dagbag.py:532} INFO - Filling up the DagBag from /Users/siddalingkattimani/dbt_env/lib/python3.11/site-packages/airflow/example_dags/example_complex.py
[2023-04-23T01:35:56.840+0200] {logging_mixin.py:137} INFO - [2023-04-23T01:35:56.839+0200] {taskmixin.py:211} WARNING - Dependency <Task(BashOperator): create_entry_group>, delete_entry_group already registered for DAG: example_complex
[2023-04-23T01:35:56.840+0200] {logging_mixin.py:137} INFO - [2023-04-23T01:35:56.840+0200] {taskmixin.py:211} WARNING - Dependency <Task(BashOperator): delete_entry_group>, create_entry_group already registered for DAG: example_complex
[2023-04-23T01:35:56.840+0200] {logging_mixin.py:137} INFO - [2023-04-23T01:35:56.840+0200] {taskmixin.py:211} WARNING - Dependency <Task(BashOperator): create_entry_gcs>, delete_entry already registered for DAG: example_complex
[2023-04-23T01:35:56.840+0200] {logging_mixin.py:137} INFO - [2023-04-23T01:35:56.840+0200] {taskmixin.py:211} WARNING - Dependency <Task(BashOperator): delete_entry>, create_entry_gcs already registered for DAG: example_complex
[2023-04-23T01:35:56.840+0200] {logging_mixin.py:137} INFO - [2023-04-23T01:35:56.840+0200] {taskmixin.py:211} WARNING - Dependency <Task(BashOperator): create_tag>, delete_tag already registered for DAG: example_complex
[2023-04-23T01:35:56.840+0200] {logging_mixin.py:137} INFO - [2023-04-23T01:35:56.840+0200] {taskmixin.py:211} WARNING - Dependency <Task(BashOperator): delete_tag>, create_tag already registered for DAG: example_complex
[2023-04-23T01:35:56.848+0200] {processor.py:753} INFO - DAG(s) dict_keys(['example_complex']) retrieved from /Users/siddalingkattimani/dbt_env/lib/python3.11/site-packages/airflow/example_dags/example_complex.py
[2023-04-23T01:35:57.510+0200] {logging_mixin.py:137} INFO - [2023-04-23T01:35:57.509+0200] {dag.py:2705} INFO - Sync 1 DAGs
[2023-04-23T01:35:57.522+0200] {logging_mixin.py:137} INFO - [2023-04-23T01:35:57.522+0200] {dag.py:3452} INFO - Setting next_dagrun for example_complex to None, run_after=None
[2023-04-23T01:35:57.545+0200] {processor.py:175} INFO - Processing /Users/siddalingkattimani/dbt_env/lib/python3.11/site-packages/airflow/example_dags/example_complex.py took 0.725 seconds
