[2023-04-23T00:45:05.127+0200] {processor.py:153} INFO - Started process (PID=46791) to work on /Users/siddalingkattimani/dbt_env/lib/python3.11/site-packages/airflow/example_dags/example_dynamic_task_mapping.py
[2023-04-23T00:45:05.130+0200] {processor.py:743} INFO - Processing file /Users/siddalingkattimani/dbt_env/lib/python3.11/site-packages/airflow/example_dags/example_dynamic_task_mapping.py for tasks to queue
[2023-04-23T00:45:05.130+0200] {logging_mixin.py:137} INFO - [2023-04-23T00:45:05.130+0200] {dagbag.py:532} INFO - Filling up the DagBag from /Users/siddalingkattimani/dbt_env/lib/python3.11/site-packages/airflow/example_dags/example_dynamic_task_mapping.py
[2023-04-23T00:45:05.168+0200] {processor.py:753} INFO - DAG(s) dict_keys(['example_dynamic_task_mapping']) retrieved from /Users/siddalingkattimani/dbt_env/lib/python3.11/site-packages/airflow/example_dags/example_dynamic_task_mapping.py
[2023-04-23T00:45:05.884+0200] {logging_mixin.py:137} INFO - [2023-04-23T00:45:05.884+0200] {manager.py:504} INFO - Created Permission View: can delete on DAG:example_dynamic_task_mapping
[2023-04-23T00:45:05.891+0200] {logging_mixin.py:137} INFO - [2023-04-23T00:45:05.891+0200] {manager.py:504} INFO - Created Permission View: can read on DAG:example_dynamic_task_mapping
[2023-04-23T00:45:05.896+0200] {logging_mixin.py:137} INFO - [2023-04-23T00:45:05.896+0200] {manager.py:504} INFO - Created Permission View: can edit on DAG:example_dynamic_task_mapping
[2023-04-23T00:45:05.897+0200] {logging_mixin.py:137} INFO - [2023-04-23T00:45:05.896+0200] {dag.py:2705} INFO - Sync 1 DAGs
[2023-04-23T00:45:05.906+0200] {logging_mixin.py:137} INFO - [2023-04-23T00:45:05.906+0200] {dag.py:2726} INFO - Creating ORM DAG for example_dynamic_task_mapping
[2023-04-23T00:45:05.912+0200] {logging_mixin.py:137} INFO - [2023-04-23T00:45:05.912+0200] {dag.py:3452} INFO - Setting next_dagrun for example_dynamic_task_mapping to 2022-03-04T00:00:00+00:00, run_after=2022-03-05T00:00:00+00:00
[2023-04-23T00:45:05.926+0200] {processor.py:175} INFO - Processing /Users/siddalingkattimani/dbt_env/lib/python3.11/site-packages/airflow/example_dags/example_dynamic_task_mapping.py took 0.800 seconds
[2023-04-23T00:47:03.707+0200] {processor.py:153} INFO - Started process (PID=46838) to work on /Users/siddalingkattimani/dbt_env/lib/python3.11/site-packages/airflow/example_dags/example_dynamic_task_mapping.py
[2023-04-23T00:47:03.710+0200] {processor.py:743} INFO - Processing file /Users/siddalingkattimani/dbt_env/lib/python3.11/site-packages/airflow/example_dags/example_dynamic_task_mapping.py for tasks to queue
[2023-04-23T00:47:03.710+0200] {logging_mixin.py:137} INFO - [2023-04-23T00:47:03.710+0200] {dagbag.py:532} INFO - Filling up the DagBag from /Users/siddalingkattimani/dbt_env/lib/python3.11/site-packages/airflow/example_dags/example_dynamic_task_mapping.py
[2023-04-23T00:47:03.746+0200] {processor.py:753} INFO - DAG(s) dict_keys(['example_dynamic_task_mapping']) retrieved from /Users/siddalingkattimani/dbt_env/lib/python3.11/site-packages/airflow/example_dags/example_dynamic_task_mapping.py
[2023-04-23T00:47:04.383+0200] {logging_mixin.py:137} INFO - [2023-04-23T00:47:04.383+0200] {dag.py:2705} INFO - Sync 1 DAGs
[2023-04-23T00:47:04.397+0200] {logging_mixin.py:137} INFO - [2023-04-23T00:47:04.397+0200] {dag.py:3452} INFO - Setting next_dagrun for example_dynamic_task_mapping to 2022-03-04T00:00:00+00:00, run_after=2022-03-05T00:00:00+00:00
[2023-04-23T00:47:04.414+0200] {processor.py:175} INFO - Processing /Users/siddalingkattimani/dbt_env/lib/python3.11/site-packages/airflow/example_dags/example_dynamic_task_mapping.py took 0.708 seconds
[2023-04-23T00:49:06.287+0200] {processor.py:153} INFO - Started process (PID=46883) to work on /Users/siddalingkattimani/dbt_env/lib/python3.11/site-packages/airflow/example_dags/example_dynamic_task_mapping.py
[2023-04-23T00:49:06.290+0200] {processor.py:743} INFO - Processing file /Users/siddalingkattimani/dbt_env/lib/python3.11/site-packages/airflow/example_dags/example_dynamic_task_mapping.py for tasks to queue
[2023-04-23T00:49:06.290+0200] {logging_mixin.py:137} INFO - [2023-04-23T00:49:06.290+0200] {dagbag.py:532} INFO - Filling up the DagBag from /Users/siddalingkattimani/dbt_env/lib/python3.11/site-packages/airflow/example_dags/example_dynamic_task_mapping.py
[2023-04-23T00:49:06.327+0200] {processor.py:753} INFO - DAG(s) dict_keys(['example_dynamic_task_mapping']) retrieved from /Users/siddalingkattimani/dbt_env/lib/python3.11/site-packages/airflow/example_dags/example_dynamic_task_mapping.py
[2023-04-23T00:49:07.029+0200] {logging_mixin.py:137} INFO - [2023-04-23T00:49:07.029+0200] {dag.py:2705} INFO - Sync 1 DAGs
[2023-04-23T00:49:07.046+0200] {logging_mixin.py:137} INFO - [2023-04-23T00:49:07.046+0200] {dag.py:3452} INFO - Setting next_dagrun for example_dynamic_task_mapping to 2022-03-04T00:00:00+00:00, run_after=2022-03-05T00:00:00+00:00
[2023-04-23T00:49:07.064+0200] {processor.py:175} INFO - Processing /Users/siddalingkattimani/dbt_env/lib/python3.11/site-packages/airflow/example_dags/example_dynamic_task_mapping.py took 0.778 seconds
[2023-04-23T00:51:10.267+0200] {processor.py:153} INFO - Started process (PID=46934) to work on /Users/siddalingkattimani/dbt_env/lib/python3.11/site-packages/airflow/example_dags/example_dynamic_task_mapping.py
[2023-04-23T00:51:10.271+0200] {processor.py:743} INFO - Processing file /Users/siddalingkattimani/dbt_env/lib/python3.11/site-packages/airflow/example_dags/example_dynamic_task_mapping.py for tasks to queue
[2023-04-23T00:51:10.271+0200] {logging_mixin.py:137} INFO - [2023-04-23T00:51:10.271+0200] {dagbag.py:532} INFO - Filling up the DagBag from /Users/siddalingkattimani/dbt_env/lib/python3.11/site-packages/airflow/example_dags/example_dynamic_task_mapping.py
[2023-04-23T00:51:10.317+0200] {processor.py:753} INFO - DAG(s) dict_keys(['example_dynamic_task_mapping']) retrieved from /Users/siddalingkattimani/dbt_env/lib/python3.11/site-packages/airflow/example_dags/example_dynamic_task_mapping.py
[2023-04-23T00:51:11.003+0200] {logging_mixin.py:137} INFO - [2023-04-23T00:51:11.003+0200] {dag.py:2705} INFO - Sync 1 DAGs
[2023-04-23T00:51:11.018+0200] {logging_mixin.py:137} INFO - [2023-04-23T00:51:11.018+0200] {dag.py:3452} INFO - Setting next_dagrun for example_dynamic_task_mapping to 2022-03-04T00:00:00+00:00, run_after=2022-03-05T00:00:00+00:00
[2023-04-23T00:51:11.035+0200] {processor.py:175} INFO - Processing /Users/siddalingkattimani/dbt_env/lib/python3.11/site-packages/airflow/example_dags/example_dynamic_task_mapping.py took 0.769 seconds
[2023-04-23T00:53:19.759+0200] {processor.py:153} INFO - Started process (PID=46989) to work on /Users/siddalingkattimani/dbt_env/lib/python3.11/site-packages/airflow/example_dags/example_dynamic_task_mapping.py
[2023-04-23T00:53:19.762+0200] {processor.py:743} INFO - Processing file /Users/siddalingkattimani/dbt_env/lib/python3.11/site-packages/airflow/example_dags/example_dynamic_task_mapping.py for tasks to queue
[2023-04-23T00:53:19.763+0200] {logging_mixin.py:137} INFO - [2023-04-23T00:53:19.763+0200] {dagbag.py:532} INFO - Filling up the DagBag from /Users/siddalingkattimani/dbt_env/lib/python3.11/site-packages/airflow/example_dags/example_dynamic_task_mapping.py
[2023-04-23T00:53:19.808+0200] {processor.py:753} INFO - DAG(s) dict_keys(['example_dynamic_task_mapping']) retrieved from /Users/siddalingkattimani/dbt_env/lib/python3.11/site-packages/airflow/example_dags/example_dynamic_task_mapping.py
[2023-04-23T00:53:20.585+0200] {logging_mixin.py:137} INFO - [2023-04-23T00:53:20.584+0200] {dag.py:2705} INFO - Sync 1 DAGs
[2023-04-23T00:53:20.604+0200] {logging_mixin.py:137} INFO - [2023-04-23T00:53:20.603+0200] {dag.py:3452} INFO - Setting next_dagrun for example_dynamic_task_mapping to 2022-03-04T00:00:00+00:00, run_after=2022-03-05T00:00:00+00:00
[2023-04-23T00:53:20.622+0200] {processor.py:175} INFO - Processing /Users/siddalingkattimani/dbt_env/lib/python3.11/site-packages/airflow/example_dags/example_dynamic_task_mapping.py took 0.863 seconds
[2023-04-23T00:55:20.683+0200] {processor.py:153} INFO - Started process (PID=47057) to work on /Users/siddalingkattimani/dbt_env/lib/python3.11/site-packages/airflow/example_dags/example_dynamic_task_mapping.py
[2023-04-23T00:55:20.693+0200] {processor.py:743} INFO - Processing file /Users/siddalingkattimani/dbt_env/lib/python3.11/site-packages/airflow/example_dags/example_dynamic_task_mapping.py for tasks to queue
[2023-04-23T00:55:20.694+0200] {logging_mixin.py:137} INFO - [2023-04-23T00:55:20.694+0200] {dagbag.py:532} INFO - Filling up the DagBag from /Users/siddalingkattimani/dbt_env/lib/python3.11/site-packages/airflow/example_dags/example_dynamic_task_mapping.py
[2023-04-23T00:55:20.774+0200] {processor.py:753} INFO - DAG(s) dict_keys(['example_dynamic_task_mapping']) retrieved from /Users/siddalingkattimani/dbt_env/lib/python3.11/site-packages/airflow/example_dags/example_dynamic_task_mapping.py
[2023-04-23T00:55:21.609+0200] {logging_mixin.py:137} INFO - [2023-04-23T00:55:21.609+0200] {dag.py:2705} INFO - Sync 1 DAGs
[2023-04-23T00:55:21.632+0200] {logging_mixin.py:137} INFO - [2023-04-23T00:55:21.632+0200] {dag.py:3452} INFO - Setting next_dagrun for example_dynamic_task_mapping to 2022-03-04T00:00:00+00:00, run_after=2022-03-05T00:00:00+00:00
[2023-04-23T00:55:21.656+0200] {processor.py:175} INFO - Processing /Users/siddalingkattimani/dbt_env/lib/python3.11/site-packages/airflow/example_dags/example_dynamic_task_mapping.py took 0.975 seconds
[2023-04-23T00:57:29.622+0200] {processor.py:153} INFO - Started process (PID=47110) to work on /Users/siddalingkattimani/dbt_env/lib/python3.11/site-packages/airflow/example_dags/example_dynamic_task_mapping.py
[2023-04-23T00:57:29.627+0200] {processor.py:743} INFO - Processing file /Users/siddalingkattimani/dbt_env/lib/python3.11/site-packages/airflow/example_dags/example_dynamic_task_mapping.py for tasks to queue
[2023-04-23T00:57:29.628+0200] {logging_mixin.py:137} INFO - [2023-04-23T00:57:29.628+0200] {dagbag.py:532} INFO - Filling up the DagBag from /Users/siddalingkattimani/dbt_env/lib/python3.11/site-packages/airflow/example_dags/example_dynamic_task_mapping.py
[2023-04-23T00:57:29.696+0200] {processor.py:753} INFO - DAG(s) dict_keys(['example_dynamic_task_mapping']) retrieved from /Users/siddalingkattimani/dbt_env/lib/python3.11/site-packages/airflow/example_dags/example_dynamic_task_mapping.py
[2023-04-23T00:57:30.771+0200] {logging_mixin.py:137} INFO - [2023-04-23T00:57:30.771+0200] {dag.py:2705} INFO - Sync 1 DAGs
[2023-04-23T00:57:30.787+0200] {logging_mixin.py:137} INFO - [2023-04-23T00:57:30.787+0200] {dag.py:3452} INFO - Setting next_dagrun for example_dynamic_task_mapping to 2022-03-04T00:00:00+00:00, run_after=2022-03-05T00:00:00+00:00
[2023-04-23T00:57:30.804+0200] {processor.py:175} INFO - Processing /Users/siddalingkattimani/dbt_env/lib/python3.11/site-packages/airflow/example_dags/example_dynamic_task_mapping.py took 1.182 seconds
[2023-04-23T00:59:36.252+0200] {processor.py:153} INFO - Started process (PID=47157) to work on /Users/siddalingkattimani/dbt_env/lib/python3.11/site-packages/airflow/example_dags/example_dynamic_task_mapping.py
[2023-04-23T00:59:36.256+0200] {processor.py:743} INFO - Processing file /Users/siddalingkattimani/dbt_env/lib/python3.11/site-packages/airflow/example_dags/example_dynamic_task_mapping.py for tasks to queue
[2023-04-23T00:59:36.256+0200] {logging_mixin.py:137} INFO - [2023-04-23T00:59:36.256+0200] {dagbag.py:532} INFO - Filling up the DagBag from /Users/siddalingkattimani/dbt_env/lib/python3.11/site-packages/airflow/example_dags/example_dynamic_task_mapping.py
[2023-04-23T00:59:36.297+0200] {processor.py:753} INFO - DAG(s) dict_keys(['example_dynamic_task_mapping']) retrieved from /Users/siddalingkattimani/dbt_env/lib/python3.11/site-packages/airflow/example_dags/example_dynamic_task_mapping.py
[2023-04-23T00:59:36.974+0200] {logging_mixin.py:137} INFO - [2023-04-23T00:59:36.973+0200] {dag.py:2705} INFO - Sync 1 DAGs
[2023-04-23T00:59:36.988+0200] {logging_mixin.py:137} INFO - [2023-04-23T00:59:36.988+0200] {dag.py:3452} INFO - Setting next_dagrun for example_dynamic_task_mapping to 2022-03-04T00:00:00+00:00, run_after=2022-03-05T00:00:00+00:00
[2023-04-23T00:59:37.006+0200] {processor.py:175} INFO - Processing /Users/siddalingkattimani/dbt_env/lib/python3.11/site-packages/airflow/example_dags/example_dynamic_task_mapping.py took 0.755 seconds
[2023-04-23T01:01:53.283+0200] {processor.py:153} INFO - Started process (PID=47206) to work on /Users/siddalingkattimani/dbt_env/lib/python3.11/site-packages/airflow/example_dags/example_dynamic_task_mapping.py
[2023-04-23T01:01:53.288+0200] {processor.py:743} INFO - Processing file /Users/siddalingkattimani/dbt_env/lib/python3.11/site-packages/airflow/example_dags/example_dynamic_task_mapping.py for tasks to queue
[2023-04-23T01:01:53.289+0200] {logging_mixin.py:137} INFO - [2023-04-23T01:01:53.289+0200] {dagbag.py:532} INFO - Filling up the DagBag from /Users/siddalingkattimani/dbt_env/lib/python3.11/site-packages/airflow/example_dags/example_dynamic_task_mapping.py
[2023-04-23T01:01:53.328+0200] {processor.py:753} INFO - DAG(s) dict_keys(['example_dynamic_task_mapping']) retrieved from /Users/siddalingkattimani/dbt_env/lib/python3.11/site-packages/airflow/example_dags/example_dynamic_task_mapping.py
[2023-04-23T01:01:54.231+0200] {logging_mixin.py:137} INFO - [2023-04-23T01:01:54.231+0200] {dag.py:2705} INFO - Sync 1 DAGs
[2023-04-23T01:01:54.248+0200] {logging_mixin.py:137} INFO - [2023-04-23T01:01:54.248+0200] {dag.py:3452} INFO - Setting next_dagrun for example_dynamic_task_mapping to 2022-03-04T00:00:00+00:00, run_after=2022-03-05T00:00:00+00:00
[2023-04-23T01:01:54.267+0200] {processor.py:175} INFO - Processing /Users/siddalingkattimani/dbt_env/lib/python3.11/site-packages/airflow/example_dags/example_dynamic_task_mapping.py took 0.985 seconds
[2023-04-23T01:03:53.307+0200] {processor.py:153} INFO - Started process (PID=47250) to work on /Users/siddalingkattimani/dbt_env/lib/python3.11/site-packages/airflow/example_dags/example_dynamic_task_mapping.py
[2023-04-23T01:03:53.310+0200] {processor.py:743} INFO - Processing file /Users/siddalingkattimani/dbt_env/lib/python3.11/site-packages/airflow/example_dags/example_dynamic_task_mapping.py for tasks to queue
[2023-04-23T01:03:53.310+0200] {logging_mixin.py:137} INFO - [2023-04-23T01:03:53.310+0200] {dagbag.py:532} INFO - Filling up the DagBag from /Users/siddalingkattimani/dbt_env/lib/python3.11/site-packages/airflow/example_dags/example_dynamic_task_mapping.py
[2023-04-23T01:03:53.345+0200] {processor.py:753} INFO - DAG(s) dict_keys(['example_dynamic_task_mapping']) retrieved from /Users/siddalingkattimani/dbt_env/lib/python3.11/site-packages/airflow/example_dags/example_dynamic_task_mapping.py
[2023-04-23T01:03:54.007+0200] {logging_mixin.py:137} INFO - [2023-04-23T01:03:54.007+0200] {dag.py:2705} INFO - Sync 1 DAGs
[2023-04-23T01:03:54.023+0200] {logging_mixin.py:137} INFO - [2023-04-23T01:03:54.022+0200] {dag.py:3452} INFO - Setting next_dagrun for example_dynamic_task_mapping to 2022-03-04T00:00:00+00:00, run_after=2022-03-05T00:00:00+00:00
[2023-04-23T01:03:54.040+0200] {processor.py:175} INFO - Processing /Users/siddalingkattimani/dbt_env/lib/python3.11/site-packages/airflow/example_dags/example_dynamic_task_mapping.py took 0.733 seconds
[2023-04-23T01:06:06.619+0200] {processor.py:153} INFO - Started process (PID=47358) to work on /Users/siddalingkattimani/dbt_env/lib/python3.11/site-packages/airflow/example_dags/example_dynamic_task_mapping.py
[2023-04-23T01:06:06.624+0200] {processor.py:743} INFO - Processing file /Users/siddalingkattimani/dbt_env/lib/python3.11/site-packages/airflow/example_dags/example_dynamic_task_mapping.py for tasks to queue
[2023-04-23T01:06:06.625+0200] {logging_mixin.py:137} INFO - [2023-04-23T01:06:06.625+0200] {dagbag.py:532} INFO - Filling up the DagBag from /Users/siddalingkattimani/dbt_env/lib/python3.11/site-packages/airflow/example_dags/example_dynamic_task_mapping.py
[2023-04-23T01:06:06.665+0200] {processor.py:753} INFO - DAG(s) dict_keys(['example_dynamic_task_mapping']) retrieved from /Users/siddalingkattimani/dbt_env/lib/python3.11/site-packages/airflow/example_dags/example_dynamic_task_mapping.py
[2023-04-23T01:06:07.342+0200] {logging_mixin.py:137} INFO - [2023-04-23T01:06:07.342+0200] {dag.py:2705} INFO - Sync 1 DAGs
[2023-04-23T01:06:07.359+0200] {logging_mixin.py:137} INFO - [2023-04-23T01:06:07.359+0200] {dag.py:3452} INFO - Setting next_dagrun for example_dynamic_task_mapping to 2022-03-04T00:00:00+00:00, run_after=2022-03-05T00:00:00+00:00
[2023-04-23T01:06:07.379+0200] {processor.py:175} INFO - Processing /Users/siddalingkattimani/dbt_env/lib/python3.11/site-packages/airflow/example_dags/example_dynamic_task_mapping.py took 0.760 seconds
[2023-04-23T01:08:36.570+0200] {processor.py:153} INFO - Started process (PID=47530) to work on /Users/siddalingkattimani/dbt_env/lib/python3.11/site-packages/airflow/example_dags/example_dynamic_task_mapping.py
[2023-04-23T01:08:36.574+0200] {processor.py:743} INFO - Processing file /Users/siddalingkattimani/dbt_env/lib/python3.11/site-packages/airflow/example_dags/example_dynamic_task_mapping.py for tasks to queue
[2023-04-23T01:08:36.575+0200] {logging_mixin.py:137} INFO - [2023-04-23T01:08:36.575+0200] {dagbag.py:532} INFO - Filling up the DagBag from /Users/siddalingkattimani/dbt_env/lib/python3.11/site-packages/airflow/example_dags/example_dynamic_task_mapping.py
[2023-04-23T01:08:36.671+0200] {processor.py:753} INFO - DAG(s) dict_keys(['example_dynamic_task_mapping']) retrieved from /Users/siddalingkattimani/dbt_env/lib/python3.11/site-packages/airflow/example_dags/example_dynamic_task_mapping.py
[2023-04-23T01:08:37.592+0200] {logging_mixin.py:137} INFO - [2023-04-23T01:08:37.592+0200] {dag.py:2705} INFO - Sync 1 DAGs
[2023-04-23T01:08:37.613+0200] {logging_mixin.py:137} INFO - [2023-04-23T01:08:37.613+0200] {dag.py:3452} INFO - Setting next_dagrun for example_dynamic_task_mapping to 2022-03-04T00:00:00+00:00, run_after=2022-03-05T00:00:00+00:00
[2023-04-23T01:08:37.640+0200] {processor.py:175} INFO - Processing /Users/siddalingkattimani/dbt_env/lib/python3.11/site-packages/airflow/example_dags/example_dynamic_task_mapping.py took 1.071 seconds
[2023-04-23T01:11:06.328+0200] {processor.py:153} INFO - Started process (PID=47659) to work on /Users/siddalingkattimani/dbt_env/lib/python3.11/site-packages/airflow/example_dags/example_dynamic_task_mapping.py
[2023-04-23T01:11:06.334+0200] {processor.py:743} INFO - Processing file /Users/siddalingkattimani/dbt_env/lib/python3.11/site-packages/airflow/example_dags/example_dynamic_task_mapping.py for tasks to queue
[2023-04-23T01:11:06.335+0200] {logging_mixin.py:137} INFO - [2023-04-23T01:11:06.335+0200] {dagbag.py:532} INFO - Filling up the DagBag from /Users/siddalingkattimani/dbt_env/lib/python3.11/site-packages/airflow/example_dags/example_dynamic_task_mapping.py
[2023-04-23T01:11:06.455+0200] {processor.py:753} INFO - DAG(s) dict_keys(['example_dynamic_task_mapping']) retrieved from /Users/siddalingkattimani/dbt_env/lib/python3.11/site-packages/airflow/example_dags/example_dynamic_task_mapping.py
[2023-04-23T01:11:07.468+0200] {logging_mixin.py:137} INFO - [2023-04-23T01:11:07.467+0200] {dag.py:2705} INFO - Sync 1 DAGs
[2023-04-23T01:11:07.493+0200] {logging_mixin.py:137} INFO - [2023-04-23T01:11:07.493+0200] {dag.py:3452} INFO - Setting next_dagrun for example_dynamic_task_mapping to 2022-03-04T00:00:00+00:00, run_after=2022-03-05T00:00:00+00:00
[2023-04-23T01:11:07.534+0200] {processor.py:175} INFO - Processing /Users/siddalingkattimani/dbt_env/lib/python3.11/site-packages/airflow/example_dags/example_dynamic_task_mapping.py took 1.208 seconds
[2023-04-23T01:13:10.183+0200] {processor.py:153} INFO - Started process (PID=47704) to work on /Users/siddalingkattimani/dbt_env/lib/python3.11/site-packages/airflow/example_dags/example_dynamic_task_mapping.py
[2023-04-23T01:13:10.187+0200] {processor.py:743} INFO - Processing file /Users/siddalingkattimani/dbt_env/lib/python3.11/site-packages/airflow/example_dags/example_dynamic_task_mapping.py for tasks to queue
[2023-04-23T01:13:10.187+0200] {logging_mixin.py:137} INFO - [2023-04-23T01:13:10.187+0200] {dagbag.py:532} INFO - Filling up the DagBag from /Users/siddalingkattimani/dbt_env/lib/python3.11/site-packages/airflow/example_dags/example_dynamic_task_mapping.py
[2023-04-23T01:13:10.265+0200] {processor.py:753} INFO - DAG(s) dict_keys(['example_dynamic_task_mapping']) retrieved from /Users/siddalingkattimani/dbt_env/lib/python3.11/site-packages/airflow/example_dags/example_dynamic_task_mapping.py
[2023-04-23T01:13:10.893+0200] {logging_mixin.py:137} INFO - [2023-04-23T01:13:10.893+0200] {dag.py:2705} INFO - Sync 1 DAGs
[2023-04-23T01:13:10.906+0200] {logging_mixin.py:137} INFO - [2023-04-23T01:13:10.905+0200] {dag.py:3452} INFO - Setting next_dagrun for example_dynamic_task_mapping to 2022-03-04T00:00:00+00:00, run_after=2022-03-05T00:00:00+00:00
[2023-04-23T01:13:10.920+0200] {processor.py:175} INFO - Processing /Users/siddalingkattimani/dbt_env/lib/python3.11/site-packages/airflow/example_dags/example_dynamic_task_mapping.py took 0.738 seconds
[2023-04-23T01:15:13.579+0200] {processor.py:153} INFO - Started process (PID=47752) to work on /Users/siddalingkattimani/dbt_env/lib/python3.11/site-packages/airflow/example_dags/example_dynamic_task_mapping.py
[2023-04-23T01:15:13.582+0200] {processor.py:743} INFO - Processing file /Users/siddalingkattimani/dbt_env/lib/python3.11/site-packages/airflow/example_dags/example_dynamic_task_mapping.py for tasks to queue
[2023-04-23T01:15:13.583+0200] {logging_mixin.py:137} INFO - [2023-04-23T01:15:13.583+0200] {dagbag.py:532} INFO - Filling up the DagBag from /Users/siddalingkattimani/dbt_env/lib/python3.11/site-packages/airflow/example_dags/example_dynamic_task_mapping.py
[2023-04-23T01:15:13.676+0200] {processor.py:753} INFO - DAG(s) dict_keys(['example_dynamic_task_mapping']) retrieved from /Users/siddalingkattimani/dbt_env/lib/python3.11/site-packages/airflow/example_dags/example_dynamic_task_mapping.py
[2023-04-23T01:15:14.364+0200] {logging_mixin.py:137} INFO - [2023-04-23T01:15:14.364+0200] {dag.py:2705} INFO - Sync 1 DAGs
[2023-04-23T01:15:14.377+0200] {logging_mixin.py:137} INFO - [2023-04-23T01:15:14.376+0200] {dag.py:3452} INFO - Setting next_dagrun for example_dynamic_task_mapping to 2022-03-04T00:00:00+00:00, run_after=2022-03-05T00:00:00+00:00
[2023-04-23T01:15:14.392+0200] {processor.py:175} INFO - Processing /Users/siddalingkattimani/dbt_env/lib/python3.11/site-packages/airflow/example_dags/example_dynamic_task_mapping.py took 0.814 seconds
[2023-04-23T01:17:19.135+0200] {processor.py:153} INFO - Started process (PID=47797) to work on /Users/siddalingkattimani/dbt_env/lib/python3.11/site-packages/airflow/example_dags/example_dynamic_task_mapping.py
[2023-04-23T01:17:19.138+0200] {processor.py:743} INFO - Processing file /Users/siddalingkattimani/dbt_env/lib/python3.11/site-packages/airflow/example_dags/example_dynamic_task_mapping.py for tasks to queue
[2023-04-23T01:17:19.139+0200] {logging_mixin.py:137} INFO - [2023-04-23T01:17:19.139+0200] {dagbag.py:532} INFO - Filling up the DagBag from /Users/siddalingkattimani/dbt_env/lib/python3.11/site-packages/airflow/example_dags/example_dynamic_task_mapping.py
[2023-04-23T01:17:19.208+0200] {processor.py:753} INFO - DAG(s) dict_keys(['example_dynamic_task_mapping']) retrieved from /Users/siddalingkattimani/dbt_env/lib/python3.11/site-packages/airflow/example_dags/example_dynamic_task_mapping.py
[2023-04-23T01:17:19.832+0200] {logging_mixin.py:137} INFO - [2023-04-23T01:17:19.832+0200] {dag.py:2705} INFO - Sync 1 DAGs
[2023-04-23T01:17:19.846+0200] {logging_mixin.py:137} INFO - [2023-04-23T01:17:19.846+0200] {dag.py:3452} INFO - Setting next_dagrun for example_dynamic_task_mapping to 2022-03-04T00:00:00+00:00, run_after=2022-03-05T00:00:00+00:00
[2023-04-23T01:17:19.861+0200] {processor.py:175} INFO - Processing /Users/siddalingkattimani/dbt_env/lib/python3.11/site-packages/airflow/example_dags/example_dynamic_task_mapping.py took 0.726 seconds
[2023-04-23T01:19:20.159+0200] {processor.py:153} INFO - Started process (PID=47842) to work on /Users/siddalingkattimani/dbt_env/lib/python3.11/site-packages/airflow/example_dags/example_dynamic_task_mapping.py
[2023-04-23T01:19:20.162+0200] {processor.py:743} INFO - Processing file /Users/siddalingkattimani/dbt_env/lib/python3.11/site-packages/airflow/example_dags/example_dynamic_task_mapping.py for tasks to queue
[2023-04-23T01:19:20.163+0200] {logging_mixin.py:137} INFO - [2023-04-23T01:19:20.163+0200] {dagbag.py:532} INFO - Filling up the DagBag from /Users/siddalingkattimani/dbt_env/lib/python3.11/site-packages/airflow/example_dags/example_dynamic_task_mapping.py
[2023-04-23T01:19:20.237+0200] {processor.py:753} INFO - DAG(s) dict_keys(['example_dynamic_task_mapping']) retrieved from /Users/siddalingkattimani/dbt_env/lib/python3.11/site-packages/airflow/example_dags/example_dynamic_task_mapping.py
[2023-04-23T01:19:20.956+0200] {logging_mixin.py:137} INFO - [2023-04-23T01:19:20.956+0200] {dag.py:2705} INFO - Sync 1 DAGs
[2023-04-23T01:19:20.969+0200] {logging_mixin.py:137} INFO - [2023-04-23T01:19:20.969+0200] {dag.py:3452} INFO - Setting next_dagrun for example_dynamic_task_mapping to 2022-03-04T00:00:00+00:00, run_after=2022-03-05T00:00:00+00:00
[2023-04-23T01:19:20.985+0200] {processor.py:175} INFO - Processing /Users/siddalingkattimani/dbt_env/lib/python3.11/site-packages/airflow/example_dags/example_dynamic_task_mapping.py took 0.826 seconds
[2023-04-23T01:21:26.130+0200] {processor.py:153} INFO - Started process (PID=47888) to work on /Users/siddalingkattimani/dbt_env/lib/python3.11/site-packages/airflow/example_dags/example_dynamic_task_mapping.py
[2023-04-23T01:21:26.135+0200] {processor.py:743} INFO - Processing file /Users/siddalingkattimani/dbt_env/lib/python3.11/site-packages/airflow/example_dags/example_dynamic_task_mapping.py for tasks to queue
[2023-04-23T01:21:26.136+0200] {logging_mixin.py:137} INFO - [2023-04-23T01:21:26.135+0200] {dagbag.py:532} INFO - Filling up the DagBag from /Users/siddalingkattimani/dbt_env/lib/python3.11/site-packages/airflow/example_dags/example_dynamic_task_mapping.py
[2023-04-23T01:21:26.296+0200] {processor.py:753} INFO - DAG(s) dict_keys(['example_dynamic_task_mapping']) retrieved from /Users/siddalingkattimani/dbt_env/lib/python3.11/site-packages/airflow/example_dags/example_dynamic_task_mapping.py
[2023-04-23T01:21:26.935+0200] {logging_mixin.py:137} INFO - [2023-04-23T01:21:26.935+0200] {dag.py:2705} INFO - Sync 1 DAGs
[2023-04-23T01:21:26.948+0200] {logging_mixin.py:137} INFO - [2023-04-23T01:21:26.947+0200] {dag.py:3452} INFO - Setting next_dagrun for example_dynamic_task_mapping to 2022-03-04T00:00:00+00:00, run_after=2022-03-05T00:00:00+00:00
[2023-04-23T01:21:26.963+0200] {processor.py:175} INFO - Processing /Users/siddalingkattimani/dbt_env/lib/python3.11/site-packages/airflow/example_dags/example_dynamic_task_mapping.py took 0.835 seconds
[2023-04-23T01:23:26.871+0200] {processor.py:153} INFO - Started process (PID=47937) to work on /Users/siddalingkattimani/dbt_env/lib/python3.11/site-packages/airflow/example_dags/example_dynamic_task_mapping.py
[2023-04-23T01:23:26.874+0200] {processor.py:743} INFO - Processing file /Users/siddalingkattimani/dbt_env/lib/python3.11/site-packages/airflow/example_dags/example_dynamic_task_mapping.py for tasks to queue
[2023-04-23T01:23:26.874+0200] {logging_mixin.py:137} INFO - [2023-04-23T01:23:26.874+0200] {dagbag.py:532} INFO - Filling up the DagBag from /Users/siddalingkattimani/dbt_env/lib/python3.11/site-packages/airflow/example_dags/example_dynamic_task_mapping.py
[2023-04-23T01:23:26.940+0200] {processor.py:753} INFO - DAG(s) dict_keys(['example_dynamic_task_mapping']) retrieved from /Users/siddalingkattimani/dbt_env/lib/python3.11/site-packages/airflow/example_dags/example_dynamic_task_mapping.py
[2023-04-23T01:23:27.589+0200] {logging_mixin.py:137} INFO - [2023-04-23T01:23:27.589+0200] {dag.py:2705} INFO - Sync 1 DAGs
[2023-04-23T01:23:27.602+0200] {logging_mixin.py:137} INFO - [2023-04-23T01:23:27.602+0200] {dag.py:3452} INFO - Setting next_dagrun for example_dynamic_task_mapping to 2022-03-04T00:00:00+00:00, run_after=2022-03-05T00:00:00+00:00
[2023-04-23T01:23:27.617+0200] {processor.py:175} INFO - Processing /Users/siddalingkattimani/dbt_env/lib/python3.11/site-packages/airflow/example_dags/example_dynamic_task_mapping.py took 0.746 seconds
[2023-04-23T01:25:25.565+0200] {processor.py:153} INFO - Started process (PID=48005) to work on /Users/siddalingkattimani/dbt_env/lib/python3.11/site-packages/airflow/example_dags/example_dynamic_task_mapping.py
[2023-04-23T01:25:25.569+0200] {processor.py:743} INFO - Processing file /Users/siddalingkattimani/dbt_env/lib/python3.11/site-packages/airflow/example_dags/example_dynamic_task_mapping.py for tasks to queue
[2023-04-23T01:25:25.569+0200] {logging_mixin.py:137} INFO - [2023-04-23T01:25:25.569+0200] {dagbag.py:532} INFO - Filling up the DagBag from /Users/siddalingkattimani/dbt_env/lib/python3.11/site-packages/airflow/example_dags/example_dynamic_task_mapping.py
[2023-04-23T01:25:25.642+0200] {processor.py:753} INFO - DAG(s) dict_keys(['example_dynamic_task_mapping']) retrieved from /Users/siddalingkattimani/dbt_env/lib/python3.11/site-packages/airflow/example_dags/example_dynamic_task_mapping.py
[2023-04-23T01:25:26.323+0200] {logging_mixin.py:137} INFO - [2023-04-23T01:25:26.323+0200] {dag.py:2705} INFO - Sync 1 DAGs
[2023-04-23T01:25:26.336+0200] {logging_mixin.py:137} INFO - [2023-04-23T01:25:26.336+0200] {dag.py:3452} INFO - Setting next_dagrun for example_dynamic_task_mapping to 2022-03-04T00:00:00+00:00, run_after=2022-03-05T00:00:00+00:00
[2023-04-23T01:25:26.353+0200] {processor.py:175} INFO - Processing /Users/siddalingkattimani/dbt_env/lib/python3.11/site-packages/airflow/example_dags/example_dynamic_task_mapping.py took 0.789 seconds
[2023-04-23T01:27:27.664+0200] {processor.py:153} INFO - Started process (PID=48051) to work on /Users/siddalingkattimani/dbt_env/lib/python3.11/site-packages/airflow/example_dags/example_dynamic_task_mapping.py
[2023-04-23T01:27:27.672+0200] {processor.py:743} INFO - Processing file /Users/siddalingkattimani/dbt_env/lib/python3.11/site-packages/airflow/example_dags/example_dynamic_task_mapping.py for tasks to queue
[2023-04-23T01:27:27.674+0200] {logging_mixin.py:137} INFO - [2023-04-23T01:27:27.674+0200] {dagbag.py:532} INFO - Filling up the DagBag from /Users/siddalingkattimani/dbt_env/lib/python3.11/site-packages/airflow/example_dags/example_dynamic_task_mapping.py
[2023-04-23T01:27:27.768+0200] {processor.py:753} INFO - DAG(s) dict_keys(['example_dynamic_task_mapping']) retrieved from /Users/siddalingkattimani/dbt_env/lib/python3.11/site-packages/airflow/example_dags/example_dynamic_task_mapping.py
[2023-04-23T01:27:28.544+0200] {logging_mixin.py:137} INFO - [2023-04-23T01:27:28.543+0200] {dag.py:2705} INFO - Sync 1 DAGs
[2023-04-23T01:27:28.567+0200] {logging_mixin.py:137} INFO - [2023-04-23T01:27:28.567+0200] {dag.py:3452} INFO - Setting next_dagrun for example_dynamic_task_mapping to 2022-03-04T00:00:00+00:00, run_after=2022-03-05T00:00:00+00:00
[2023-04-23T01:27:28.594+0200] {processor.py:175} INFO - Processing /Users/siddalingkattimani/dbt_env/lib/python3.11/site-packages/airflow/example_dags/example_dynamic_task_mapping.py took 0.930 seconds
[2023-04-23T01:29:36.968+0200] {processor.py:153} INFO - Started process (PID=48099) to work on /Users/siddalingkattimani/dbt_env/lib/python3.11/site-packages/airflow/example_dags/example_dynamic_task_mapping.py
[2023-04-23T01:29:36.972+0200] {processor.py:743} INFO - Processing file /Users/siddalingkattimani/dbt_env/lib/python3.11/site-packages/airflow/example_dags/example_dynamic_task_mapping.py for tasks to queue
[2023-04-23T01:29:36.972+0200] {logging_mixin.py:137} INFO - [2023-04-23T01:29:36.972+0200] {dagbag.py:532} INFO - Filling up the DagBag from /Users/siddalingkattimani/dbt_env/lib/python3.11/site-packages/airflow/example_dags/example_dynamic_task_mapping.py
[2023-04-23T01:29:37.047+0200] {processor.py:753} INFO - DAG(s) dict_keys(['example_dynamic_task_mapping']) retrieved from /Users/siddalingkattimani/dbt_env/lib/python3.11/site-packages/airflow/example_dags/example_dynamic_task_mapping.py
[2023-04-23T01:29:37.665+0200] {logging_mixin.py:137} INFO - [2023-04-23T01:29:37.665+0200] {dag.py:2705} INFO - Sync 1 DAGs
[2023-04-23T01:29:37.679+0200] {logging_mixin.py:137} INFO - [2023-04-23T01:29:37.679+0200] {dag.py:3452} INFO - Setting next_dagrun for example_dynamic_task_mapping to 2022-03-04T00:00:00+00:00, run_after=2022-03-05T00:00:00+00:00
[2023-04-23T01:29:37.695+0200] {processor.py:175} INFO - Processing /Users/siddalingkattimani/dbt_env/lib/python3.11/site-packages/airflow/example_dags/example_dynamic_task_mapping.py took 0.728 seconds
[2023-04-23T01:31:35.298+0200] {processor.py:153} INFO - Started process (PID=48146) to work on /Users/siddalingkattimani/dbt_env/lib/python3.11/site-packages/airflow/example_dags/example_dynamic_task_mapping.py
[2023-04-23T01:31:35.301+0200] {processor.py:743} INFO - Processing file /Users/siddalingkattimani/dbt_env/lib/python3.11/site-packages/airflow/example_dags/example_dynamic_task_mapping.py for tasks to queue
[2023-04-23T01:31:35.302+0200] {logging_mixin.py:137} INFO - [2023-04-23T01:31:35.301+0200] {dagbag.py:532} INFO - Filling up the DagBag from /Users/siddalingkattimani/dbt_env/lib/python3.11/site-packages/airflow/example_dags/example_dynamic_task_mapping.py
[2023-04-23T01:31:35.372+0200] {processor.py:753} INFO - DAG(s) dict_keys(['example_dynamic_task_mapping']) retrieved from /Users/siddalingkattimani/dbt_env/lib/python3.11/site-packages/airflow/example_dags/example_dynamic_task_mapping.py
[2023-04-23T01:31:35.971+0200] {logging_mixin.py:137} INFO - [2023-04-23T01:31:35.971+0200] {dag.py:2705} INFO - Sync 1 DAGs
[2023-04-23T01:31:35.983+0200] {logging_mixin.py:137} INFO - [2023-04-23T01:31:35.983+0200] {dag.py:3452} INFO - Setting next_dagrun for example_dynamic_task_mapping to 2022-03-04T00:00:00+00:00, run_after=2022-03-05T00:00:00+00:00
[2023-04-23T01:31:36.000+0200] {processor.py:175} INFO - Processing /Users/siddalingkattimani/dbt_env/lib/python3.11/site-packages/airflow/example_dags/example_dynamic_task_mapping.py took 0.702 seconds
[2023-04-23T01:33:41.092+0200] {processor.py:153} INFO - Started process (PID=48195) to work on /Users/siddalingkattimani/dbt_env/lib/python3.11/site-packages/airflow/example_dags/example_dynamic_task_mapping.py
[2023-04-23T01:33:41.097+0200] {processor.py:743} INFO - Processing file /Users/siddalingkattimani/dbt_env/lib/python3.11/site-packages/airflow/example_dags/example_dynamic_task_mapping.py for tasks to queue
[2023-04-23T01:33:41.098+0200] {logging_mixin.py:137} INFO - [2023-04-23T01:33:41.097+0200] {dagbag.py:532} INFO - Filling up the DagBag from /Users/siddalingkattimani/dbt_env/lib/python3.11/site-packages/airflow/example_dags/example_dynamic_task_mapping.py
[2023-04-23T01:33:41.196+0200] {processor.py:753} INFO - DAG(s) dict_keys(['example_dynamic_task_mapping']) retrieved from /Users/siddalingkattimani/dbt_env/lib/python3.11/site-packages/airflow/example_dags/example_dynamic_task_mapping.py
[2023-04-23T01:33:41.853+0200] {logging_mixin.py:137} INFO - [2023-04-23T01:33:41.853+0200] {dag.py:2705} INFO - Sync 1 DAGs
[2023-04-23T01:33:41.867+0200] {logging_mixin.py:137} INFO - [2023-04-23T01:33:41.866+0200] {dag.py:3452} INFO - Setting next_dagrun for example_dynamic_task_mapping to 2022-03-04T00:00:00+00:00, run_after=2022-03-05T00:00:00+00:00
[2023-04-23T01:33:41.883+0200] {processor.py:175} INFO - Processing /Users/siddalingkattimani/dbt_env/lib/python3.11/site-packages/airflow/example_dags/example_dynamic_task_mapping.py took 0.792 seconds
[2023-04-23T01:35:48.126+0200] {processor.py:153} INFO - Started process (PID=48245) to work on /Users/siddalingkattimani/dbt_env/lib/python3.11/site-packages/airflow/example_dags/example_dynamic_task_mapping.py
[2023-04-23T01:35:48.130+0200] {processor.py:743} INFO - Processing file /Users/siddalingkattimani/dbt_env/lib/python3.11/site-packages/airflow/example_dags/example_dynamic_task_mapping.py for tasks to queue
[2023-04-23T01:35:48.130+0200] {logging_mixin.py:137} INFO - [2023-04-23T01:35:48.130+0200] {dagbag.py:532} INFO - Filling up the DagBag from /Users/siddalingkattimani/dbt_env/lib/python3.11/site-packages/airflow/example_dags/example_dynamic_task_mapping.py
[2023-04-23T01:35:48.230+0200] {processor.py:753} INFO - DAG(s) dict_keys(['example_dynamic_task_mapping']) retrieved from /Users/siddalingkattimani/dbt_env/lib/python3.11/site-packages/airflow/example_dags/example_dynamic_task_mapping.py
[2023-04-23T01:35:49.115+0200] {logging_mixin.py:137} INFO - [2023-04-23T01:35:49.114+0200] {dag.py:2705} INFO - Sync 1 DAGs
[2023-04-23T01:35:49.132+0200] {logging_mixin.py:137} INFO - [2023-04-23T01:35:49.132+0200] {dag.py:3452} INFO - Setting next_dagrun for example_dynamic_task_mapping to 2022-03-04T00:00:00+00:00, run_after=2022-03-05T00:00:00+00:00
[2023-04-23T01:35:49.154+0200] {processor.py:175} INFO - Processing /Users/siddalingkattimani/dbt_env/lib/python3.11/site-packages/airflow/example_dags/example_dynamic_task_mapping.py took 1.029 seconds
