[2023-04-23T00:45:02.140+0200] {processor.py:153} INFO - Started process (PID=46790) to work on /Users/siddalingkattimani/dbt_env/lib/python3.11/site-packages/airflow/example_dags/example_external_task_marker_dag.py
[2023-04-23T00:45:02.144+0200] {processor.py:743} INFO - Processing file /Users/siddalingkattimani/dbt_env/lib/python3.11/site-packages/airflow/example_dags/example_external_task_marker_dag.py for tasks to queue
[2023-04-23T00:45:02.145+0200] {logging_mixin.py:137} INFO - [2023-04-23T00:45:02.145+0200] {dagbag.py:532} INFO - Filling up the DagBag from /Users/siddalingkattimani/dbt_env/lib/python3.11/site-packages/airflow/example_dags/example_external_task_marker_dag.py
[2023-04-23T00:45:02.165+0200] {processor.py:753} INFO - DAG(s) dict_keys(['example_external_task_marker_parent', 'example_external_task_marker_child']) retrieved from /Users/siddalingkattimani/dbt_env/lib/python3.11/site-packages/airflow/example_dags/example_external_task_marker_dag.py
[2023-04-23T00:45:02.920+0200] {logging_mixin.py:137} INFO - [2023-04-23T00:45:02.919+0200] {manager.py:504} INFO - Created Permission View: can read on DAG:example_external_task_marker_parent
[2023-04-23T00:45:02.926+0200] {logging_mixin.py:137} INFO - [2023-04-23T00:45:02.926+0200] {manager.py:504} INFO - Created Permission View: can delete on DAG:example_external_task_marker_parent
[2023-04-23T00:45:02.931+0200] {logging_mixin.py:137} INFO - [2023-04-23T00:45:02.931+0200] {manager.py:504} INFO - Created Permission View: can edit on DAG:example_external_task_marker_parent
[2023-04-23T00:45:02.993+0200] {logging_mixin.py:137} INFO - [2023-04-23T00:45:02.992+0200] {manager.py:504} INFO - Created Permission View: can read on DAG:example_external_task_marker_child
[2023-04-23T00:45:02.998+0200] {logging_mixin.py:137} INFO - [2023-04-23T00:45:02.998+0200] {manager.py:504} INFO - Created Permission View: can delete on DAG:example_external_task_marker_child
[2023-04-23T00:45:03.003+0200] {logging_mixin.py:137} INFO - [2023-04-23T00:45:03.003+0200] {manager.py:504} INFO - Created Permission View: can edit on DAG:example_external_task_marker_child
[2023-04-23T00:45:03.003+0200] {logging_mixin.py:137} INFO - [2023-04-23T00:45:03.003+0200] {dag.py:2705} INFO - Sync 2 DAGs
[2023-04-23T00:45:03.011+0200] {logging_mixin.py:137} INFO - [2023-04-23T00:45:03.011+0200] {dag.py:2726} INFO - Creating ORM DAG for example_external_task_marker_child
[2023-04-23T00:45:03.011+0200] {logging_mixin.py:137} INFO - [2023-04-23T00:45:03.011+0200] {dag.py:2726} INFO - Creating ORM DAG for example_external_task_marker_parent
[2023-04-23T00:45:03.017+0200] {logging_mixin.py:137} INFO - [2023-04-23T00:45:03.017+0200] {dag.py:3452} INFO - Setting next_dagrun for example_external_task_marker_child to None, run_after=None
[2023-04-23T00:45:03.018+0200] {logging_mixin.py:137} INFO - [2023-04-23T00:45:03.018+0200] {dag.py:3452} INFO - Setting next_dagrun for example_external_task_marker_parent to None, run_after=None
[2023-04-23T00:45:03.033+0200] {processor.py:175} INFO - Processing /Users/siddalingkattimani/dbt_env/lib/python3.11/site-packages/airflow/example_dags/example_external_task_marker_dag.py took 0.893 seconds
[2023-04-23T00:47:01.323+0200] {processor.py:153} INFO - Started process (PID=46837) to work on /Users/siddalingkattimani/dbt_env/lib/python3.11/site-packages/airflow/example_dags/example_external_task_marker_dag.py
[2023-04-23T00:47:01.326+0200] {processor.py:743} INFO - Processing file /Users/siddalingkattimani/dbt_env/lib/python3.11/site-packages/airflow/example_dags/example_external_task_marker_dag.py for tasks to queue
[2023-04-23T00:47:01.327+0200] {logging_mixin.py:137} INFO - [2023-04-23T00:47:01.327+0200] {dagbag.py:532} INFO - Filling up the DagBag from /Users/siddalingkattimani/dbt_env/lib/python3.11/site-packages/airflow/example_dags/example_external_task_marker_dag.py
[2023-04-23T00:47:01.348+0200] {processor.py:753} INFO - DAG(s) dict_keys(['example_external_task_marker_parent', 'example_external_task_marker_child']) retrieved from /Users/siddalingkattimani/dbt_env/lib/python3.11/site-packages/airflow/example_dags/example_external_task_marker_dag.py
[2023-04-23T00:47:02.054+0200] {logging_mixin.py:137} INFO - [2023-04-23T00:47:02.054+0200] {dag.py:2705} INFO - Sync 2 DAGs
[2023-04-23T00:47:02.067+0200] {logging_mixin.py:137} INFO - [2023-04-23T00:47:02.067+0200] {dag.py:3452} INFO - Setting next_dagrun for example_external_task_marker_child to None, run_after=None
[2023-04-23T00:47:02.069+0200] {logging_mixin.py:137} INFO - [2023-04-23T00:47:02.069+0200] {dag.py:3452} INFO - Setting next_dagrun for example_external_task_marker_parent to None, run_after=None
[2023-04-23T00:47:02.085+0200] {processor.py:175} INFO - Processing /Users/siddalingkattimani/dbt_env/lib/python3.11/site-packages/airflow/example_dags/example_external_task_marker_dag.py took 0.763 seconds
[2023-04-23T00:49:03.346+0200] {processor.py:153} INFO - Started process (PID=46882) to work on /Users/siddalingkattimani/dbt_env/lib/python3.11/site-packages/airflow/example_dags/example_external_task_marker_dag.py
[2023-04-23T00:49:03.349+0200] {processor.py:743} INFO - Processing file /Users/siddalingkattimani/dbt_env/lib/python3.11/site-packages/airflow/example_dags/example_external_task_marker_dag.py for tasks to queue
[2023-04-23T00:49:03.350+0200] {logging_mixin.py:137} INFO - [2023-04-23T00:49:03.350+0200] {dagbag.py:532} INFO - Filling up the DagBag from /Users/siddalingkattimani/dbt_env/lib/python3.11/site-packages/airflow/example_dags/example_external_task_marker_dag.py
[2023-04-23T00:49:03.370+0200] {processor.py:753} INFO - DAG(s) dict_keys(['example_external_task_marker_child', 'example_external_task_marker_parent']) retrieved from /Users/siddalingkattimani/dbt_env/lib/python3.11/site-packages/airflow/example_dags/example_external_task_marker_dag.py
[2023-04-23T00:49:04.140+0200] {logging_mixin.py:137} INFO - [2023-04-23T00:49:04.139+0200] {dag.py:2705} INFO - Sync 2 DAGs
[2023-04-23T00:49:04.156+0200] {logging_mixin.py:137} INFO - [2023-04-23T00:49:04.156+0200] {dag.py:3452} INFO - Setting next_dagrun for example_external_task_marker_child to None, run_after=None
[2023-04-23T00:49:04.158+0200] {logging_mixin.py:137} INFO - [2023-04-23T00:49:04.158+0200] {dag.py:3452} INFO - Setting next_dagrun for example_external_task_marker_parent to None, run_after=None
[2023-04-23T00:49:04.175+0200] {processor.py:175} INFO - Processing /Users/siddalingkattimani/dbt_env/lib/python3.11/site-packages/airflow/example_dags/example_external_task_marker_dag.py took 0.830 seconds
[2023-04-23T00:51:05.970+0200] {processor.py:153} INFO - Started process (PID=46928) to work on /Users/siddalingkattimani/dbt_env/lib/python3.11/site-packages/airflow/example_dags/example_external_task_marker_dag.py
[2023-04-23T00:51:05.975+0200] {processor.py:743} INFO - Processing file /Users/siddalingkattimani/dbt_env/lib/python3.11/site-packages/airflow/example_dags/example_external_task_marker_dag.py for tasks to queue
[2023-04-23T00:51:05.976+0200] {logging_mixin.py:137} INFO - [2023-04-23T00:51:05.976+0200] {dagbag.py:532} INFO - Filling up the DagBag from /Users/siddalingkattimani/dbt_env/lib/python3.11/site-packages/airflow/example_dags/example_external_task_marker_dag.py
[2023-04-23T00:51:06.014+0200] {processor.py:753} INFO - DAG(s) dict_keys(['example_external_task_marker_child', 'example_external_task_marker_parent']) retrieved from /Users/siddalingkattimani/dbt_env/lib/python3.11/site-packages/airflow/example_dags/example_external_task_marker_dag.py
[2023-04-23T00:51:07.178+0200] {logging_mixin.py:137} INFO - [2023-04-23T00:51:07.177+0200] {dag.py:2705} INFO - Sync 2 DAGs
[2023-04-23T00:51:07.197+0200] {logging_mixin.py:137} INFO - [2023-04-23T00:51:07.196+0200] {dag.py:3452} INFO - Setting next_dagrun for example_external_task_marker_child to None, run_after=None
[2023-04-23T00:51:07.200+0200] {logging_mixin.py:137} INFO - [2023-04-23T00:51:07.200+0200] {dag.py:3452} INFO - Setting next_dagrun for example_external_task_marker_parent to None, run_after=None
[2023-04-23T00:51:07.221+0200] {processor.py:175} INFO - Processing /Users/siddalingkattimani/dbt_env/lib/python3.11/site-packages/airflow/example_dags/example_external_task_marker_dag.py took 1.253 seconds
[2023-04-23T00:53:16.754+0200] {processor.py:153} INFO - Started process (PID=46988) to work on /Users/siddalingkattimani/dbt_env/lib/python3.11/site-packages/airflow/example_dags/example_external_task_marker_dag.py
[2023-04-23T00:53:16.757+0200] {processor.py:743} INFO - Processing file /Users/siddalingkattimani/dbt_env/lib/python3.11/site-packages/airflow/example_dags/example_external_task_marker_dag.py for tasks to queue
[2023-04-23T00:53:16.758+0200] {logging_mixin.py:137} INFO - [2023-04-23T00:53:16.758+0200] {dagbag.py:532} INFO - Filling up the DagBag from /Users/siddalingkattimani/dbt_env/lib/python3.11/site-packages/airflow/example_dags/example_external_task_marker_dag.py
[2023-04-23T00:53:16.776+0200] {processor.py:753} INFO - DAG(s) dict_keys(['example_external_task_marker_child', 'example_external_task_marker_parent']) retrieved from /Users/siddalingkattimani/dbt_env/lib/python3.11/site-packages/airflow/example_dags/example_external_task_marker_dag.py
[2023-04-23T00:53:18.399+0200] {logging_mixin.py:137} INFO - [2023-04-23T00:53:18.398+0200] {dag.py:2705} INFO - Sync 2 DAGs
[2023-04-23T00:53:18.413+0200] {logging_mixin.py:137} INFO - [2023-04-23T00:53:18.413+0200] {dag.py:3452} INFO - Setting next_dagrun for example_external_task_marker_child to None, run_after=None
[2023-04-23T00:53:18.415+0200] {logging_mixin.py:137} INFO - [2023-04-23T00:53:18.415+0200] {dag.py:3452} INFO - Setting next_dagrun for example_external_task_marker_parent to None, run_after=None
[2023-04-23T00:53:18.432+0200] {processor.py:175} INFO - Processing /Users/siddalingkattimani/dbt_env/lib/python3.11/site-packages/airflow/example_dags/example_external_task_marker_dag.py took 1.679 seconds
[2023-04-23T00:55:16.340+0200] {processor.py:153} INFO - Started process (PID=47055) to work on /Users/siddalingkattimani/dbt_env/lib/python3.11/site-packages/airflow/example_dags/example_external_task_marker_dag.py
[2023-04-23T00:55:16.345+0200] {processor.py:743} INFO - Processing file /Users/siddalingkattimani/dbt_env/lib/python3.11/site-packages/airflow/example_dags/example_external_task_marker_dag.py for tasks to queue
[2023-04-23T00:55:16.345+0200] {logging_mixin.py:137} INFO - [2023-04-23T00:55:16.345+0200] {dagbag.py:532} INFO - Filling up the DagBag from /Users/siddalingkattimani/dbt_env/lib/python3.11/site-packages/airflow/example_dags/example_external_task_marker_dag.py
[2023-04-23T00:55:16.376+0200] {processor.py:753} INFO - DAG(s) dict_keys(['example_external_task_marker_child', 'example_external_task_marker_parent']) retrieved from /Users/siddalingkattimani/dbt_env/lib/python3.11/site-packages/airflow/example_dags/example_external_task_marker_dag.py
[2023-04-23T00:55:17.830+0200] {logging_mixin.py:137} INFO - [2023-04-23T00:55:17.829+0200] {dag.py:2705} INFO - Sync 2 DAGs
[2023-04-23T00:55:17.846+0200] {logging_mixin.py:137} INFO - [2023-04-23T00:55:17.846+0200] {dag.py:3452} INFO - Setting next_dagrun for example_external_task_marker_child to None, run_after=None
[2023-04-23T00:55:17.848+0200] {logging_mixin.py:137} INFO - [2023-04-23T00:55:17.848+0200] {dag.py:3452} INFO - Setting next_dagrun for example_external_task_marker_parent to None, run_after=None
[2023-04-23T00:55:17.865+0200] {processor.py:175} INFO - Processing /Users/siddalingkattimani/dbt_env/lib/python3.11/site-packages/airflow/example_dags/example_external_task_marker_dag.py took 1.527 seconds
[2023-04-23T00:57:26.044+0200] {processor.py:153} INFO - Started process (PID=47109) to work on /Users/siddalingkattimani/dbt_env/lib/python3.11/site-packages/airflow/example_dags/example_external_task_marker_dag.py
[2023-04-23T00:57:26.050+0200] {processor.py:743} INFO - Processing file /Users/siddalingkattimani/dbt_env/lib/python3.11/site-packages/airflow/example_dags/example_external_task_marker_dag.py for tasks to queue
[2023-04-23T00:57:26.051+0200] {logging_mixin.py:137} INFO - [2023-04-23T00:57:26.050+0200] {dagbag.py:532} INFO - Filling up the DagBag from /Users/siddalingkattimani/dbt_env/lib/python3.11/site-packages/airflow/example_dags/example_external_task_marker_dag.py
[2023-04-23T00:57:26.083+0200] {processor.py:753} INFO - DAG(s) dict_keys(['example_external_task_marker_child', 'example_external_task_marker_parent']) retrieved from /Users/siddalingkattimani/dbt_env/lib/python3.11/site-packages/airflow/example_dags/example_external_task_marker_dag.py
[2023-04-23T00:57:27.342+0200] {logging_mixin.py:137} INFO - [2023-04-23T00:57:27.341+0200] {dag.py:2705} INFO - Sync 2 DAGs
[2023-04-23T00:57:27.361+0200] {logging_mixin.py:137} INFO - [2023-04-23T00:57:27.361+0200] {dag.py:3452} INFO - Setting next_dagrun for example_external_task_marker_child to None, run_after=None
[2023-04-23T00:57:27.364+0200] {logging_mixin.py:137} INFO - [2023-04-23T00:57:27.364+0200] {dag.py:3452} INFO - Setting next_dagrun for example_external_task_marker_parent to None, run_after=None
[2023-04-23T00:57:27.384+0200] {processor.py:175} INFO - Processing /Users/siddalingkattimani/dbt_env/lib/python3.11/site-packages/airflow/example_dags/example_external_task_marker_dag.py took 1.340 seconds
[2023-04-23T00:59:33.251+0200] {processor.py:153} INFO - Started process (PID=47156) to work on /Users/siddalingkattimani/dbt_env/lib/python3.11/site-packages/airflow/example_dags/example_external_task_marker_dag.py
[2023-04-23T00:59:33.256+0200] {processor.py:743} INFO - Processing file /Users/siddalingkattimani/dbt_env/lib/python3.11/site-packages/airflow/example_dags/example_external_task_marker_dag.py for tasks to queue
[2023-04-23T00:59:33.256+0200] {logging_mixin.py:137} INFO - [2023-04-23T00:59:33.256+0200] {dagbag.py:532} INFO - Filling up the DagBag from /Users/siddalingkattimani/dbt_env/lib/python3.11/site-packages/airflow/example_dags/example_external_task_marker_dag.py
[2023-04-23T00:59:33.277+0200] {processor.py:753} INFO - DAG(s) dict_keys(['example_external_task_marker_child', 'example_external_task_marker_parent']) retrieved from /Users/siddalingkattimani/dbt_env/lib/python3.11/site-packages/airflow/example_dags/example_external_task_marker_dag.py
[2023-04-23T00:59:34.248+0200] {logging_mixin.py:137} INFO - [2023-04-23T00:59:34.248+0200] {dag.py:2705} INFO - Sync 2 DAGs
[2023-04-23T00:59:34.266+0200] {logging_mixin.py:137} INFO - [2023-04-23T00:59:34.266+0200] {dag.py:3452} INFO - Setting next_dagrun for example_external_task_marker_child to None, run_after=None
[2023-04-23T00:59:34.268+0200] {logging_mixin.py:137} INFO - [2023-04-23T00:59:34.268+0200] {dag.py:3452} INFO - Setting next_dagrun for example_external_task_marker_parent to None, run_after=None
[2023-04-23T00:59:34.283+0200] {processor.py:175} INFO - Processing /Users/siddalingkattimani/dbt_env/lib/python3.11/site-packages/airflow/example_dags/example_external_task_marker_dag.py took 1.033 seconds
[2023-04-23T01:01:49.148+0200] {processor.py:153} INFO - Started process (PID=47205) to work on /Users/siddalingkattimani/dbt_env/lib/python3.11/site-packages/airflow/example_dags/example_external_task_marker_dag.py
[2023-04-23T01:01:49.153+0200] {processor.py:743} INFO - Processing file /Users/siddalingkattimani/dbt_env/lib/python3.11/site-packages/airflow/example_dags/example_external_task_marker_dag.py for tasks to queue
[2023-04-23T01:01:49.154+0200] {logging_mixin.py:137} INFO - [2023-04-23T01:01:49.154+0200] {dagbag.py:532} INFO - Filling up the DagBag from /Users/siddalingkattimani/dbt_env/lib/python3.11/site-packages/airflow/example_dags/example_external_task_marker_dag.py
[2023-04-23T01:01:49.240+0200] {processor.py:753} INFO - DAG(s) dict_keys(['example_external_task_marker_parent', 'example_external_task_marker_child']) retrieved from /Users/siddalingkattimani/dbt_env/lib/python3.11/site-packages/airflow/example_dags/example_external_task_marker_dag.py
[2023-04-23T01:01:50.646+0200] {logging_mixin.py:137} INFO - [2023-04-23T01:01:50.646+0200] {dag.py:2705} INFO - Sync 2 DAGs
[2023-04-23T01:01:50.666+0200] {logging_mixin.py:137} INFO - [2023-04-23T01:01:50.666+0200] {dag.py:3452} INFO - Setting next_dagrun for example_external_task_marker_child to None, run_after=None
[2023-04-23T01:01:50.672+0200] {logging_mixin.py:137} INFO - [2023-04-23T01:01:50.671+0200] {dag.py:3452} INFO - Setting next_dagrun for example_external_task_marker_parent to None, run_after=None
[2023-04-23T01:01:50.697+0200] {processor.py:175} INFO - Processing /Users/siddalingkattimani/dbt_env/lib/python3.11/site-packages/airflow/example_dags/example_external_task_marker_dag.py took 1.550 seconds
[2023-04-23T01:03:50.491+0200] {processor.py:153} INFO - Started process (PID=47249) to work on /Users/siddalingkattimani/dbt_env/lib/python3.11/site-packages/airflow/example_dags/example_external_task_marker_dag.py
[2023-04-23T01:03:50.495+0200] {processor.py:743} INFO - Processing file /Users/siddalingkattimani/dbt_env/lib/python3.11/site-packages/airflow/example_dags/example_external_task_marker_dag.py for tasks to queue
[2023-04-23T01:03:50.495+0200] {logging_mixin.py:137} INFO - [2023-04-23T01:03:50.495+0200] {dagbag.py:532} INFO - Filling up the DagBag from /Users/siddalingkattimani/dbt_env/lib/python3.11/site-packages/airflow/example_dags/example_external_task_marker_dag.py
[2023-04-23T01:03:50.515+0200] {processor.py:753} INFO - DAG(s) dict_keys(['example_external_task_marker_child', 'example_external_task_marker_parent']) retrieved from /Users/siddalingkattimani/dbt_env/lib/python3.11/site-packages/airflow/example_dags/example_external_task_marker_dag.py
[2023-04-23T01:03:51.213+0200] {logging_mixin.py:137} INFO - [2023-04-23T01:03:51.213+0200] {dag.py:2705} INFO - Sync 2 DAGs
[2023-04-23T01:03:51.225+0200] {logging_mixin.py:137} INFO - [2023-04-23T01:03:51.225+0200] {dag.py:3452} INFO - Setting next_dagrun for example_external_task_marker_child to None, run_after=None
[2023-04-23T01:03:51.227+0200] {logging_mixin.py:137} INFO - [2023-04-23T01:03:51.227+0200] {dag.py:3452} INFO - Setting next_dagrun for example_external_task_marker_parent to None, run_after=None
[2023-04-23T01:03:51.245+0200] {processor.py:175} INFO - Processing /Users/siddalingkattimani/dbt_env/lib/python3.11/site-packages/airflow/example_dags/example_external_task_marker_dag.py took 0.754 seconds
[2023-04-23T01:06:03.751+0200] {processor.py:153} INFO - Started process (PID=47357) to work on /Users/siddalingkattimani/dbt_env/lib/python3.11/site-packages/airflow/example_dags/example_external_task_marker_dag.py
[2023-04-23T01:06:03.755+0200] {processor.py:743} INFO - Processing file /Users/siddalingkattimani/dbt_env/lib/python3.11/site-packages/airflow/example_dags/example_external_task_marker_dag.py for tasks to queue
[2023-04-23T01:06:03.757+0200] {logging_mixin.py:137} INFO - [2023-04-23T01:06:03.757+0200] {dagbag.py:532} INFO - Filling up the DagBag from /Users/siddalingkattimani/dbt_env/lib/python3.11/site-packages/airflow/example_dags/example_external_task_marker_dag.py
[2023-04-23T01:06:03.779+0200] {processor.py:753} INFO - DAG(s) dict_keys(['example_external_task_marker_child', 'example_external_task_marker_parent']) retrieved from /Users/siddalingkattimani/dbt_env/lib/python3.11/site-packages/airflow/example_dags/example_external_task_marker_dag.py
[2023-04-23T01:06:04.528+0200] {logging_mixin.py:137} INFO - [2023-04-23T01:06:04.527+0200] {dag.py:2705} INFO - Sync 2 DAGs
[2023-04-23T01:06:04.541+0200] {logging_mixin.py:137} INFO - [2023-04-23T01:06:04.541+0200] {dag.py:3452} INFO - Setting next_dagrun for example_external_task_marker_child to None, run_after=None
[2023-04-23T01:06:04.543+0200] {logging_mixin.py:137} INFO - [2023-04-23T01:06:04.543+0200] {dag.py:3452} INFO - Setting next_dagrun for example_external_task_marker_parent to None, run_after=None
[2023-04-23T01:06:04.564+0200] {processor.py:175} INFO - Processing /Users/siddalingkattimani/dbt_env/lib/python3.11/site-packages/airflow/example_dags/example_external_task_marker_dag.py took 0.814 seconds
[2023-04-23T01:08:32.621+0200] {processor.py:153} INFO - Started process (PID=47525) to work on /Users/siddalingkattimani/dbt_env/lib/python3.11/site-packages/airflow/example_dags/example_external_task_marker_dag.py
[2023-04-23T01:08:32.625+0200] {processor.py:743} INFO - Processing file /Users/siddalingkattimani/dbt_env/lib/python3.11/site-packages/airflow/example_dags/example_external_task_marker_dag.py for tasks to queue
[2023-04-23T01:08:32.626+0200] {logging_mixin.py:137} INFO - [2023-04-23T01:08:32.625+0200] {dagbag.py:532} INFO - Filling up the DagBag from /Users/siddalingkattimani/dbt_env/lib/python3.11/site-packages/airflow/example_dags/example_external_task_marker_dag.py
[2023-04-23T01:08:32.658+0200] {processor.py:753} INFO - DAG(s) dict_keys(['example_external_task_marker_parent', 'example_external_task_marker_child']) retrieved from /Users/siddalingkattimani/dbt_env/lib/python3.11/site-packages/airflow/example_dags/example_external_task_marker_dag.py
[2023-04-23T01:08:33.715+0200] {logging_mixin.py:137} INFO - [2023-04-23T01:08:33.714+0200] {dag.py:2705} INFO - Sync 2 DAGs
[2023-04-23T01:08:33.747+0200] {logging_mixin.py:137} INFO - [2023-04-23T01:08:33.747+0200] {dag.py:3452} INFO - Setting next_dagrun for example_external_task_marker_child to None, run_after=None
[2023-04-23T01:08:33.754+0200] {logging_mixin.py:137} INFO - [2023-04-23T01:08:33.754+0200] {dag.py:3452} INFO - Setting next_dagrun for example_external_task_marker_parent to None, run_after=None
[2023-04-23T01:08:33.778+0200] {processor.py:175} INFO - Processing /Users/siddalingkattimani/dbt_env/lib/python3.11/site-packages/airflow/example_dags/example_external_task_marker_dag.py took 1.158 seconds
[2023-04-23T01:11:02.498+0200] {processor.py:153} INFO - Started process (PID=47658) to work on /Users/siddalingkattimani/dbt_env/lib/python3.11/site-packages/airflow/example_dags/example_external_task_marker_dag.py
[2023-04-23T01:11:02.503+0200] {processor.py:743} INFO - Processing file /Users/siddalingkattimani/dbt_env/lib/python3.11/site-packages/airflow/example_dags/example_external_task_marker_dag.py for tasks to queue
[2023-04-23T01:11:02.504+0200] {logging_mixin.py:137} INFO - [2023-04-23T01:11:02.504+0200] {dagbag.py:532} INFO - Filling up the DagBag from /Users/siddalingkattimani/dbt_env/lib/python3.11/site-packages/airflow/example_dags/example_external_task_marker_dag.py
[2023-04-23T01:11:02.526+0200] {processor.py:753} INFO - DAG(s) dict_keys(['example_external_task_marker_child', 'example_external_task_marker_parent']) retrieved from /Users/siddalingkattimani/dbt_env/lib/python3.11/site-packages/airflow/example_dags/example_external_task_marker_dag.py
[2023-04-23T01:11:03.441+0200] {logging_mixin.py:137} INFO - [2023-04-23T01:11:03.441+0200] {dag.py:2705} INFO - Sync 2 DAGs
[2023-04-23T01:11:03.455+0200] {logging_mixin.py:137} INFO - [2023-04-23T01:11:03.455+0200] {dag.py:3452} INFO - Setting next_dagrun for example_external_task_marker_child to None, run_after=None
[2023-04-23T01:11:03.458+0200] {logging_mixin.py:137} INFO - [2023-04-23T01:11:03.457+0200] {dag.py:3452} INFO - Setting next_dagrun for example_external_task_marker_parent to None, run_after=None
[2023-04-23T01:11:03.473+0200] {processor.py:175} INFO - Processing /Users/siddalingkattimani/dbt_env/lib/python3.11/site-packages/airflow/example_dags/example_external_task_marker_dag.py took 0.975 seconds
[2023-04-23T01:13:07.189+0200] {processor.py:153} INFO - Started process (PID=47703) to work on /Users/siddalingkattimani/dbt_env/lib/python3.11/site-packages/airflow/example_dags/example_external_task_marker_dag.py
[2023-04-23T01:13:07.193+0200] {processor.py:743} INFO - Processing file /Users/siddalingkattimani/dbt_env/lib/python3.11/site-packages/airflow/example_dags/example_external_task_marker_dag.py for tasks to queue
[2023-04-23T01:13:07.194+0200] {logging_mixin.py:137} INFO - [2023-04-23T01:13:07.193+0200] {dagbag.py:532} INFO - Filling up the DagBag from /Users/siddalingkattimani/dbt_env/lib/python3.11/site-packages/airflow/example_dags/example_external_task_marker_dag.py
[2023-04-23T01:13:07.219+0200] {processor.py:753} INFO - DAG(s) dict_keys(['example_external_task_marker_child', 'example_external_task_marker_parent']) retrieved from /Users/siddalingkattimani/dbt_env/lib/python3.11/site-packages/airflow/example_dags/example_external_task_marker_dag.py
[2023-04-23T01:13:07.981+0200] {logging_mixin.py:137} INFO - [2023-04-23T01:13:07.981+0200] {dag.py:2705} INFO - Sync 2 DAGs
[2023-04-23T01:13:07.996+0200] {logging_mixin.py:137} INFO - [2023-04-23T01:13:07.996+0200] {dag.py:3452} INFO - Setting next_dagrun for example_external_task_marker_child to None, run_after=None
[2023-04-23T01:13:07.998+0200] {logging_mixin.py:137} INFO - [2023-04-23T01:13:07.998+0200] {dag.py:3452} INFO - Setting next_dagrun for example_external_task_marker_parent to None, run_after=None
[2023-04-23T01:13:08.026+0200] {processor.py:175} INFO - Processing /Users/siddalingkattimani/dbt_env/lib/python3.11/site-packages/airflow/example_dags/example_external_task_marker_dag.py took 0.838 seconds
[2023-04-23T01:15:11.342+0200] {processor.py:153} INFO - Started process (PID=47751) to work on /Users/siddalingkattimani/dbt_env/lib/python3.11/site-packages/airflow/example_dags/example_external_task_marker_dag.py
[2023-04-23T01:15:11.345+0200] {processor.py:743} INFO - Processing file /Users/siddalingkattimani/dbt_env/lib/python3.11/site-packages/airflow/example_dags/example_external_task_marker_dag.py for tasks to queue
[2023-04-23T01:15:11.345+0200] {logging_mixin.py:137} INFO - [2023-04-23T01:15:11.345+0200] {dagbag.py:532} INFO - Filling up the DagBag from /Users/siddalingkattimani/dbt_env/lib/python3.11/site-packages/airflow/example_dags/example_external_task_marker_dag.py
[2023-04-23T01:15:11.367+0200] {processor.py:753} INFO - DAG(s) dict_keys(['example_external_task_marker_parent', 'example_external_task_marker_child']) retrieved from /Users/siddalingkattimani/dbt_env/lib/python3.11/site-packages/airflow/example_dags/example_external_task_marker_dag.py
[2023-04-23T01:15:12.075+0200] {logging_mixin.py:137} INFO - [2023-04-23T01:15:12.075+0200] {dag.py:2705} INFO - Sync 2 DAGs
[2023-04-23T01:15:12.088+0200] {logging_mixin.py:137} INFO - [2023-04-23T01:15:12.088+0200] {dag.py:3452} INFO - Setting next_dagrun for example_external_task_marker_child to None, run_after=None
[2023-04-23T01:15:12.091+0200] {logging_mixin.py:137} INFO - [2023-04-23T01:15:12.091+0200] {dag.py:3452} INFO - Setting next_dagrun for example_external_task_marker_parent to None, run_after=None
[2023-04-23T01:15:12.105+0200] {processor.py:175} INFO - Processing /Users/siddalingkattimani/dbt_env/lib/python3.11/site-packages/airflow/example_dags/example_external_task_marker_dag.py took 0.765 seconds
[2023-04-23T01:17:15.954+0200] {processor.py:153} INFO - Started process (PID=47796) to work on /Users/siddalingkattimani/dbt_env/lib/python3.11/site-packages/airflow/example_dags/example_external_task_marker_dag.py
[2023-04-23T01:17:15.958+0200] {processor.py:743} INFO - Processing file /Users/siddalingkattimani/dbt_env/lib/python3.11/site-packages/airflow/example_dags/example_external_task_marker_dag.py for tasks to queue
[2023-04-23T01:17:15.959+0200] {logging_mixin.py:137} INFO - [2023-04-23T01:17:15.959+0200] {dagbag.py:532} INFO - Filling up the DagBag from /Users/siddalingkattimani/dbt_env/lib/python3.11/site-packages/airflow/example_dags/example_external_task_marker_dag.py
[2023-04-23T01:17:15.982+0200] {processor.py:753} INFO - DAG(s) dict_keys(['example_external_task_marker_parent', 'example_external_task_marker_child']) retrieved from /Users/siddalingkattimani/dbt_env/lib/python3.11/site-packages/airflow/example_dags/example_external_task_marker_dag.py
[2023-04-23T01:17:16.714+0200] {logging_mixin.py:137} INFO - [2023-04-23T01:17:16.713+0200] {dag.py:2705} INFO - Sync 2 DAGs
[2023-04-23T01:17:16.727+0200] {logging_mixin.py:137} INFO - [2023-04-23T01:17:16.727+0200] {dag.py:3452} INFO - Setting next_dagrun for example_external_task_marker_child to None, run_after=None
[2023-04-23T01:17:16.729+0200] {logging_mixin.py:137} INFO - [2023-04-23T01:17:16.729+0200] {dag.py:3452} INFO - Setting next_dagrun for example_external_task_marker_parent to None, run_after=None
[2023-04-23T01:17:16.746+0200] {processor.py:175} INFO - Processing /Users/siddalingkattimani/dbt_env/lib/python3.11/site-packages/airflow/example_dags/example_external_task_marker_dag.py took 0.793 seconds
[2023-04-23T01:19:16.953+0200] {processor.py:153} INFO - Started process (PID=47841) to work on /Users/siddalingkattimani/dbt_env/lib/python3.11/site-packages/airflow/example_dags/example_external_task_marker_dag.py
[2023-04-23T01:19:16.957+0200] {processor.py:743} INFO - Processing file /Users/siddalingkattimani/dbt_env/lib/python3.11/site-packages/airflow/example_dags/example_external_task_marker_dag.py for tasks to queue
[2023-04-23T01:19:16.958+0200] {logging_mixin.py:137} INFO - [2023-04-23T01:19:16.958+0200] {dagbag.py:532} INFO - Filling up the DagBag from /Users/siddalingkattimani/dbt_env/lib/python3.11/site-packages/airflow/example_dags/example_external_task_marker_dag.py
[2023-04-23T01:19:16.987+0200] {processor.py:753} INFO - DAG(s) dict_keys(['example_external_task_marker_child', 'example_external_task_marker_parent']) retrieved from /Users/siddalingkattimani/dbt_env/lib/python3.11/site-packages/airflow/example_dags/example_external_task_marker_dag.py
[2023-04-23T01:19:17.809+0200] {logging_mixin.py:137} INFO - [2023-04-23T01:19:17.809+0200] {dag.py:2705} INFO - Sync 2 DAGs
[2023-04-23T01:19:17.823+0200] {logging_mixin.py:137} INFO - [2023-04-23T01:19:17.822+0200] {dag.py:3452} INFO - Setting next_dagrun for example_external_task_marker_child to None, run_after=None
[2023-04-23T01:19:17.825+0200] {logging_mixin.py:137} INFO - [2023-04-23T01:19:17.824+0200] {dag.py:3452} INFO - Setting next_dagrun for example_external_task_marker_parent to None, run_after=None
[2023-04-23T01:19:17.840+0200] {processor.py:175} INFO - Processing /Users/siddalingkattimani/dbt_env/lib/python3.11/site-packages/airflow/example_dags/example_external_task_marker_dag.py took 0.888 seconds
[2023-04-23T01:21:23.028+0200] {processor.py:153} INFO - Started process (PID=47887) to work on /Users/siddalingkattimani/dbt_env/lib/python3.11/site-packages/airflow/example_dags/example_external_task_marker_dag.py
[2023-04-23T01:21:23.032+0200] {processor.py:743} INFO - Processing file /Users/siddalingkattimani/dbt_env/lib/python3.11/site-packages/airflow/example_dags/example_external_task_marker_dag.py for tasks to queue
[2023-04-23T01:21:23.032+0200] {logging_mixin.py:137} INFO - [2023-04-23T01:21:23.032+0200] {dagbag.py:532} INFO - Filling up the DagBag from /Users/siddalingkattimani/dbt_env/lib/python3.11/site-packages/airflow/example_dags/example_external_task_marker_dag.py
[2023-04-23T01:21:23.061+0200] {processor.py:753} INFO - DAG(s) dict_keys(['example_external_task_marker_parent', 'example_external_task_marker_child']) retrieved from /Users/siddalingkattimani/dbt_env/lib/python3.11/site-packages/airflow/example_dags/example_external_task_marker_dag.py
[2023-04-23T01:21:23.900+0200] {logging_mixin.py:137} INFO - [2023-04-23T01:21:23.900+0200] {dag.py:2705} INFO - Sync 2 DAGs
[2023-04-23T01:21:23.913+0200] {logging_mixin.py:137} INFO - [2023-04-23T01:21:23.913+0200] {dag.py:3452} INFO - Setting next_dagrun for example_external_task_marker_child to None, run_after=None
[2023-04-23T01:21:23.916+0200] {logging_mixin.py:137} INFO - [2023-04-23T01:21:23.916+0200] {dag.py:3452} INFO - Setting next_dagrun for example_external_task_marker_parent to None, run_after=None
[2023-04-23T01:21:23.932+0200] {processor.py:175} INFO - Processing /Users/siddalingkattimani/dbt_env/lib/python3.11/site-packages/airflow/example_dags/example_external_task_marker_dag.py took 0.904 seconds
[2023-04-23T01:23:24.357+0200] {processor.py:153} INFO - Started process (PID=47936) to work on /Users/siddalingkattimani/dbt_env/lib/python3.11/site-packages/airflow/example_dags/example_external_task_marker_dag.py
[2023-04-23T01:23:24.360+0200] {processor.py:743} INFO - Processing file /Users/siddalingkattimani/dbt_env/lib/python3.11/site-packages/airflow/example_dags/example_external_task_marker_dag.py for tasks to queue
[2023-04-23T01:23:24.360+0200] {logging_mixin.py:137} INFO - [2023-04-23T01:23:24.360+0200] {dagbag.py:532} INFO - Filling up the DagBag from /Users/siddalingkattimani/dbt_env/lib/python3.11/site-packages/airflow/example_dags/example_external_task_marker_dag.py
[2023-04-23T01:23:24.380+0200] {processor.py:753} INFO - DAG(s) dict_keys(['example_external_task_marker_child', 'example_external_task_marker_parent']) retrieved from /Users/siddalingkattimani/dbt_env/lib/python3.11/site-packages/airflow/example_dags/example_external_task_marker_dag.py
[2023-04-23T01:23:25.068+0200] {logging_mixin.py:137} INFO - [2023-04-23T01:23:25.068+0200] {dag.py:2705} INFO - Sync 2 DAGs
[2023-04-23T01:23:25.082+0200] {logging_mixin.py:137} INFO - [2023-04-23T01:23:25.082+0200] {dag.py:3452} INFO - Setting next_dagrun for example_external_task_marker_child to None, run_after=None
[2023-04-23T01:23:25.084+0200] {logging_mixin.py:137} INFO - [2023-04-23T01:23:25.084+0200] {dag.py:3452} INFO - Setting next_dagrun for example_external_task_marker_parent to None, run_after=None
[2023-04-23T01:23:25.100+0200] {processor.py:175} INFO - Processing /Users/siddalingkattimani/dbt_env/lib/python3.11/site-packages/airflow/example_dags/example_external_task_marker_dag.py took 0.744 seconds
[2023-04-23T01:25:22.573+0200] {processor.py:153} INFO - Started process (PID=48004) to work on /Users/siddalingkattimani/dbt_env/lib/python3.11/site-packages/airflow/example_dags/example_external_task_marker_dag.py
[2023-04-23T01:25:22.576+0200] {processor.py:743} INFO - Processing file /Users/siddalingkattimani/dbt_env/lib/python3.11/site-packages/airflow/example_dags/example_external_task_marker_dag.py for tasks to queue
[2023-04-23T01:25:22.576+0200] {logging_mixin.py:137} INFO - [2023-04-23T01:25:22.576+0200] {dagbag.py:532} INFO - Filling up the DagBag from /Users/siddalingkattimani/dbt_env/lib/python3.11/site-packages/airflow/example_dags/example_external_task_marker_dag.py
[2023-04-23T01:25:22.596+0200] {processor.py:753} INFO - DAG(s) dict_keys(['example_external_task_marker_child', 'example_external_task_marker_parent']) retrieved from /Users/siddalingkattimani/dbt_env/lib/python3.11/site-packages/airflow/example_dags/example_external_task_marker_dag.py
[2023-04-23T01:25:23.290+0200] {logging_mixin.py:137} INFO - [2023-04-23T01:25:23.290+0200] {dag.py:2705} INFO - Sync 2 DAGs
[2023-04-23T01:25:23.304+0200] {logging_mixin.py:137} INFO - [2023-04-23T01:25:23.304+0200] {dag.py:3452} INFO - Setting next_dagrun for example_external_task_marker_child to None, run_after=None
[2023-04-23T01:25:23.306+0200] {logging_mixin.py:137} INFO - [2023-04-23T01:25:23.306+0200] {dag.py:3452} INFO - Setting next_dagrun for example_external_task_marker_parent to None, run_after=None
[2023-04-23T01:25:23.322+0200] {processor.py:175} INFO - Processing /Users/siddalingkattimani/dbt_env/lib/python3.11/site-packages/airflow/example_dags/example_external_task_marker_dag.py took 0.750 seconds
[2023-04-23T01:27:25.100+0200] {processor.py:153} INFO - Started process (PID=48050) to work on /Users/siddalingkattimani/dbt_env/lib/python3.11/site-packages/airflow/example_dags/example_external_task_marker_dag.py
[2023-04-23T01:27:25.103+0200] {processor.py:743} INFO - Processing file /Users/siddalingkattimani/dbt_env/lib/python3.11/site-packages/airflow/example_dags/example_external_task_marker_dag.py for tasks to queue
[2023-04-23T01:27:25.103+0200] {logging_mixin.py:137} INFO - [2023-04-23T01:27:25.103+0200] {dagbag.py:532} INFO - Filling up the DagBag from /Users/siddalingkattimani/dbt_env/lib/python3.11/site-packages/airflow/example_dags/example_external_task_marker_dag.py
[2023-04-23T01:27:25.124+0200] {processor.py:753} INFO - DAG(s) dict_keys(['example_external_task_marker_parent', 'example_external_task_marker_child']) retrieved from /Users/siddalingkattimani/dbt_env/lib/python3.11/site-packages/airflow/example_dags/example_external_task_marker_dag.py
[2023-04-23T01:27:25.897+0200] {logging_mixin.py:137} INFO - [2023-04-23T01:27:25.897+0200] {dag.py:2705} INFO - Sync 2 DAGs
[2023-04-23T01:27:25.911+0200] {logging_mixin.py:137} INFO - [2023-04-23T01:27:25.911+0200] {dag.py:3452} INFO - Setting next_dagrun for example_external_task_marker_child to None, run_after=None
[2023-04-23T01:27:25.913+0200] {logging_mixin.py:137} INFO - [2023-04-23T01:27:25.913+0200] {dag.py:3452} INFO - Setting next_dagrun for example_external_task_marker_parent to None, run_after=None
[2023-04-23T01:27:25.928+0200] {processor.py:175} INFO - Processing /Users/siddalingkattimani/dbt_env/lib/python3.11/site-packages/airflow/example_dags/example_external_task_marker_dag.py took 0.829 seconds
[2023-04-23T01:29:34.059+0200] {processor.py:153} INFO - Started process (PID=48098) to work on /Users/siddalingkattimani/dbt_env/lib/python3.11/site-packages/airflow/example_dags/example_external_task_marker_dag.py
[2023-04-23T01:29:34.062+0200] {processor.py:743} INFO - Processing file /Users/siddalingkattimani/dbt_env/lib/python3.11/site-packages/airflow/example_dags/example_external_task_marker_dag.py for tasks to queue
[2023-04-23T01:29:34.063+0200] {logging_mixin.py:137} INFO - [2023-04-23T01:29:34.063+0200] {dagbag.py:532} INFO - Filling up the DagBag from /Users/siddalingkattimani/dbt_env/lib/python3.11/site-packages/airflow/example_dags/example_external_task_marker_dag.py
[2023-04-23T01:29:34.085+0200] {processor.py:753} INFO - DAG(s) dict_keys(['example_external_task_marker_parent', 'example_external_task_marker_child']) retrieved from /Users/siddalingkattimani/dbt_env/lib/python3.11/site-packages/airflow/example_dags/example_external_task_marker_dag.py
[2023-04-23T01:29:34.805+0200] {logging_mixin.py:137} INFO - [2023-04-23T01:29:34.805+0200] {dag.py:2705} INFO - Sync 2 DAGs
[2023-04-23T01:29:34.818+0200] {logging_mixin.py:137} INFO - [2023-04-23T01:29:34.818+0200] {dag.py:3452} INFO - Setting next_dagrun for example_external_task_marker_child to None, run_after=None
[2023-04-23T01:29:34.820+0200] {logging_mixin.py:137} INFO - [2023-04-23T01:29:34.820+0200] {dag.py:3452} INFO - Setting next_dagrun for example_external_task_marker_parent to None, run_after=None
[2023-04-23T01:29:34.835+0200] {processor.py:175} INFO - Processing /Users/siddalingkattimani/dbt_env/lib/python3.11/site-packages/airflow/example_dags/example_external_task_marker_dag.py took 0.777 seconds
[2023-04-23T01:31:32.215+0200] {processor.py:153} INFO - Started process (PID=48145) to work on /Users/siddalingkattimani/dbt_env/lib/python3.11/site-packages/airflow/example_dags/example_external_task_marker_dag.py
[2023-04-23T01:31:32.218+0200] {processor.py:743} INFO - Processing file /Users/siddalingkattimani/dbt_env/lib/python3.11/site-packages/airflow/example_dags/example_external_task_marker_dag.py for tasks to queue
[2023-04-23T01:31:32.218+0200] {logging_mixin.py:137} INFO - [2023-04-23T01:31:32.218+0200] {dagbag.py:532} INFO - Filling up the DagBag from /Users/siddalingkattimani/dbt_env/lib/python3.11/site-packages/airflow/example_dags/example_external_task_marker_dag.py
[2023-04-23T01:31:32.251+0200] {processor.py:753} INFO - DAG(s) dict_keys(['example_external_task_marker_child', 'example_external_task_marker_parent']) retrieved from /Users/siddalingkattimani/dbt_env/lib/python3.11/site-packages/airflow/example_dags/example_external_task_marker_dag.py
[2023-04-23T01:31:33.139+0200] {logging_mixin.py:137} INFO - [2023-04-23T01:31:33.139+0200] {dag.py:2705} INFO - Sync 2 DAGs
[2023-04-23T01:31:33.155+0200] {logging_mixin.py:137} INFO - [2023-04-23T01:31:33.155+0200] {dag.py:3452} INFO - Setting next_dagrun for example_external_task_marker_child to None, run_after=None
[2023-04-23T01:31:33.159+0200] {logging_mixin.py:137} INFO - [2023-04-23T01:31:33.159+0200] {dag.py:3452} INFO - Setting next_dagrun for example_external_task_marker_parent to None, run_after=None
[2023-04-23T01:31:33.176+0200] {processor.py:175} INFO - Processing /Users/siddalingkattimani/dbt_env/lib/python3.11/site-packages/airflow/example_dags/example_external_task_marker_dag.py took 0.962 seconds
[2023-04-23T01:33:37.863+0200] {processor.py:153} INFO - Started process (PID=48193) to work on /Users/siddalingkattimani/dbt_env/lib/python3.11/site-packages/airflow/example_dags/example_external_task_marker_dag.py
[2023-04-23T01:33:37.869+0200] {processor.py:743} INFO - Processing file /Users/siddalingkattimani/dbt_env/lib/python3.11/site-packages/airflow/example_dags/example_external_task_marker_dag.py for tasks to queue
[2023-04-23T01:33:37.869+0200] {logging_mixin.py:137} INFO - [2023-04-23T01:33:37.869+0200] {dagbag.py:532} INFO - Filling up the DagBag from /Users/siddalingkattimani/dbt_env/lib/python3.11/site-packages/airflow/example_dags/example_external_task_marker_dag.py
[2023-04-23T01:33:37.896+0200] {processor.py:753} INFO - DAG(s) dict_keys(['example_external_task_marker_child', 'example_external_task_marker_parent']) retrieved from /Users/siddalingkattimani/dbt_env/lib/python3.11/site-packages/airflow/example_dags/example_external_task_marker_dag.py
[2023-04-23T01:33:38.689+0200] {logging_mixin.py:137} INFO - [2023-04-23T01:33:38.688+0200] {dag.py:2705} INFO - Sync 2 DAGs
[2023-04-23T01:33:38.703+0200] {logging_mixin.py:137} INFO - [2023-04-23T01:33:38.703+0200] {dag.py:3452} INFO - Setting next_dagrun for example_external_task_marker_child to None, run_after=None
[2023-04-23T01:33:38.705+0200] {logging_mixin.py:137} INFO - [2023-04-23T01:33:38.705+0200] {dag.py:3452} INFO - Setting next_dagrun for example_external_task_marker_parent to None, run_after=None
[2023-04-23T01:33:38.720+0200] {processor.py:175} INFO - Processing /Users/siddalingkattimani/dbt_env/lib/python3.11/site-packages/airflow/example_dags/example_external_task_marker_dag.py took 0.858 seconds
[2023-04-23T01:35:44.878+0200] {processor.py:153} INFO - Started process (PID=48244) to work on /Users/siddalingkattimani/dbt_env/lib/python3.11/site-packages/airflow/example_dags/example_external_task_marker_dag.py
[2023-04-23T01:35:44.881+0200] {processor.py:743} INFO - Processing file /Users/siddalingkattimani/dbt_env/lib/python3.11/site-packages/airflow/example_dags/example_external_task_marker_dag.py for tasks to queue
[2023-04-23T01:35:44.882+0200] {logging_mixin.py:137} INFO - [2023-04-23T01:35:44.881+0200] {dagbag.py:532} INFO - Filling up the DagBag from /Users/siddalingkattimani/dbt_env/lib/python3.11/site-packages/airflow/example_dags/example_external_task_marker_dag.py
[2023-04-23T01:35:44.905+0200] {processor.py:753} INFO - DAG(s) dict_keys(['example_external_task_marker_parent', 'example_external_task_marker_child']) retrieved from /Users/siddalingkattimani/dbt_env/lib/python3.11/site-packages/airflow/example_dags/example_external_task_marker_dag.py
[2023-04-23T01:35:45.697+0200] {logging_mixin.py:137} INFO - [2023-04-23T01:35:45.696+0200] {dag.py:2705} INFO - Sync 2 DAGs
[2023-04-23T01:35:45.713+0200] {logging_mixin.py:137} INFO - [2023-04-23T01:35:45.713+0200] {dag.py:3452} INFO - Setting next_dagrun for example_external_task_marker_child to None, run_after=None
[2023-04-23T01:35:45.716+0200] {logging_mixin.py:137} INFO - [2023-04-23T01:35:45.716+0200] {dag.py:3452} INFO - Setting next_dagrun for example_external_task_marker_parent to None, run_after=None
[2023-04-23T01:35:45.738+0200] {processor.py:175} INFO - Processing /Users/siddalingkattimani/dbt_env/lib/python3.11/site-packages/airflow/example_dags/example_external_task_marker_dag.py took 0.861 seconds
