[2023-04-23T00:44:45.371+0200] {processor.py:153} INFO - Started process (PID=46783) to work on /Users/siddalingkattimani/dbt_env/lib/python3.11/site-packages/airflow/example_dags/example_params_ui_tutorial.py
[2023-04-23T00:44:45.374+0200] {processor.py:743} INFO - Processing file /Users/siddalingkattimani/dbt_env/lib/python3.11/site-packages/airflow/example_dags/example_params_ui_tutorial.py for tasks to queue
[2023-04-23T00:44:45.375+0200] {logging_mixin.py:137} INFO - [2023-04-23T00:44:45.375+0200] {dagbag.py:532} INFO - Filling up the DagBag from /Users/siddalingkattimani/dbt_env/lib/python3.11/site-packages/airflow/example_dags/example_params_ui_tutorial.py
[2023-04-23T00:44:45.546+0200] {processor.py:753} INFO - DAG(s) dict_keys(['example_params_ui_tutorial']) retrieved from /Users/siddalingkattimani/dbt_env/lib/python3.11/site-packages/airflow/example_dags/example_params_ui_tutorial.py
[2023-04-23T00:44:46.380+0200] {logging_mixin.py:137} INFO - [2023-04-23T00:44:46.379+0200] {manager.py:504} INFO - Created Permission View: can read on DAG:example_params_ui_tutorial
[2023-04-23T00:44:46.386+0200] {logging_mixin.py:137} INFO - [2023-04-23T00:44:46.386+0200] {manager.py:504} INFO - Created Permission View: can delete on DAG:example_params_ui_tutorial
[2023-04-23T00:44:46.392+0200] {logging_mixin.py:137} INFO - [2023-04-23T00:44:46.391+0200] {manager.py:504} INFO - Created Permission View: can edit on DAG:example_params_ui_tutorial
[2023-04-23T00:44:46.392+0200] {logging_mixin.py:137} INFO - [2023-04-23T00:44:46.392+0200] {dag.py:2705} INFO - Sync 1 DAGs
[2023-04-23T00:44:46.400+0200] {logging_mixin.py:137} INFO - [2023-04-23T00:44:46.400+0200] {dag.py:2726} INFO - Creating ORM DAG for example_params_ui_tutorial
[2023-04-23T00:44:46.406+0200] {logging_mixin.py:137} INFO - [2023-04-23T00:44:46.406+0200] {dag.py:3452} INFO - Setting next_dagrun for example_params_ui_tutorial to None, run_after=None
[2023-04-23T00:44:46.420+0200] {processor.py:175} INFO - Processing /Users/siddalingkattimani/dbt_env/lib/python3.11/site-packages/airflow/example_dags/example_params_ui_tutorial.py took 1.049 seconds
[2023-04-23T00:46:43.863+0200] {processor.py:153} INFO - Started process (PID=46828) to work on /Users/siddalingkattimani/dbt_env/lib/python3.11/site-packages/airflow/example_dags/example_params_ui_tutorial.py
[2023-04-23T00:46:43.867+0200] {processor.py:743} INFO - Processing file /Users/siddalingkattimani/dbt_env/lib/python3.11/site-packages/airflow/example_dags/example_params_ui_tutorial.py for tasks to queue
[2023-04-23T00:46:43.867+0200] {logging_mixin.py:137} INFO - [2023-04-23T00:46:43.867+0200] {dagbag.py:532} INFO - Filling up the DagBag from /Users/siddalingkattimani/dbt_env/lib/python3.11/site-packages/airflow/example_dags/example_params_ui_tutorial.py
[2023-04-23T00:46:43.940+0200] {processor.py:753} INFO - DAG(s) dict_keys(['example_params_ui_tutorial']) retrieved from /Users/siddalingkattimani/dbt_env/lib/python3.11/site-packages/airflow/example_dags/example_params_ui_tutorial.py
[2023-04-23T00:46:44.723+0200] {logging_mixin.py:137} INFO - [2023-04-23T00:46:44.722+0200] {dag.py:2705} INFO - Sync 1 DAGs
[2023-04-23T00:46:44.737+0200] {logging_mixin.py:137} INFO - [2023-04-23T00:46:44.737+0200] {dag.py:3452} INFO - Setting next_dagrun for example_params_ui_tutorial to None, run_after=None
[2023-04-23T00:46:44.753+0200] {processor.py:175} INFO - Processing /Users/siddalingkattimani/dbt_env/lib/python3.11/site-packages/airflow/example_dags/example_params_ui_tutorial.py took 0.891 seconds
[2023-04-23T00:48:46.664+0200] {processor.py:153} INFO - Started process (PID=46874) to work on /Users/siddalingkattimani/dbt_env/lib/python3.11/site-packages/airflow/example_dags/example_params_ui_tutorial.py
[2023-04-23T00:48:46.668+0200] {processor.py:743} INFO - Processing file /Users/siddalingkattimani/dbt_env/lib/python3.11/site-packages/airflow/example_dags/example_params_ui_tutorial.py for tasks to queue
[2023-04-23T00:48:46.668+0200] {logging_mixin.py:137} INFO - [2023-04-23T00:48:46.668+0200] {dagbag.py:532} INFO - Filling up the DagBag from /Users/siddalingkattimani/dbt_env/lib/python3.11/site-packages/airflow/example_dags/example_params_ui_tutorial.py
[2023-04-23T00:48:46.757+0200] {processor.py:753} INFO - DAG(s) dict_keys(['example_params_ui_tutorial']) retrieved from /Users/siddalingkattimani/dbt_env/lib/python3.11/site-packages/airflow/example_dags/example_params_ui_tutorial.py
[2023-04-23T00:48:47.562+0200] {logging_mixin.py:137} INFO - [2023-04-23T00:48:47.562+0200] {dag.py:2705} INFO - Sync 1 DAGs
[2023-04-23T00:48:47.576+0200] {logging_mixin.py:137} INFO - [2023-04-23T00:48:47.576+0200] {dag.py:3452} INFO - Setting next_dagrun for example_params_ui_tutorial to None, run_after=None
[2023-04-23T00:48:47.595+0200] {processor.py:175} INFO - Processing /Users/siddalingkattimani/dbt_env/lib/python3.11/site-packages/airflow/example_dags/example_params_ui_tutorial.py took 0.932 seconds
[2023-04-23T00:50:47.839+0200] {processor.py:153} INFO - Started process (PID=46920) to work on /Users/siddalingkattimani/dbt_env/lib/python3.11/site-packages/airflow/example_dags/example_params_ui_tutorial.py
[2023-04-23T00:50:47.842+0200] {processor.py:743} INFO - Processing file /Users/siddalingkattimani/dbt_env/lib/python3.11/site-packages/airflow/example_dags/example_params_ui_tutorial.py for tasks to queue
[2023-04-23T00:50:47.843+0200] {logging_mixin.py:137} INFO - [2023-04-23T00:50:47.843+0200] {dagbag.py:532} INFO - Filling up the DagBag from /Users/siddalingkattimani/dbt_env/lib/python3.11/site-packages/airflow/example_dags/example_params_ui_tutorial.py
[2023-04-23T00:50:47.948+0200] {processor.py:753} INFO - DAG(s) dict_keys(['example_params_ui_tutorial']) retrieved from /Users/siddalingkattimani/dbt_env/lib/python3.11/site-packages/airflow/example_dags/example_params_ui_tutorial.py
[2023-04-23T00:50:48.874+0200] {logging_mixin.py:137} INFO - [2023-04-23T00:50:48.873+0200] {dag.py:2705} INFO - Sync 1 DAGs
[2023-04-23T00:50:48.895+0200] {logging_mixin.py:137} INFO - [2023-04-23T00:50:48.895+0200] {dag.py:3452} INFO - Setting next_dagrun for example_params_ui_tutorial to None, run_after=None
[2023-04-23T00:50:48.918+0200] {processor.py:175} INFO - Processing /Users/siddalingkattimani/dbt_env/lib/python3.11/site-packages/airflow/example_dags/example_params_ui_tutorial.py took 1.081 seconds
[2023-04-23T00:53:00.010+0200] {processor.py:153} INFO - Started process (PID=46982) to work on /Users/siddalingkattimani/dbt_env/lib/python3.11/site-packages/airflow/example_dags/example_params_ui_tutorial.py
[2023-04-23T00:53:00.013+0200] {processor.py:743} INFO - Processing file /Users/siddalingkattimani/dbt_env/lib/python3.11/site-packages/airflow/example_dags/example_params_ui_tutorial.py for tasks to queue
[2023-04-23T00:53:00.014+0200] {logging_mixin.py:137} INFO - [2023-04-23T00:53:00.014+0200] {dagbag.py:532} INFO - Filling up the DagBag from /Users/siddalingkattimani/dbt_env/lib/python3.11/site-packages/airflow/example_dags/example_params_ui_tutorial.py
[2023-04-23T00:53:00.086+0200] {processor.py:753} INFO - DAG(s) dict_keys(['example_params_ui_tutorial']) retrieved from /Users/siddalingkattimani/dbt_env/lib/python3.11/site-packages/airflow/example_dags/example_params_ui_tutorial.py
[2023-04-23T00:53:00.746+0200] {logging_mixin.py:137} INFO - [2023-04-23T00:53:00.745+0200] {dag.py:2705} INFO - Sync 1 DAGs
[2023-04-23T00:53:00.759+0200] {logging_mixin.py:137} INFO - [2023-04-23T00:53:00.759+0200] {dag.py:3452} INFO - Setting next_dagrun for example_params_ui_tutorial to None, run_after=None
[2023-04-23T00:53:00.787+0200] {processor.py:175} INFO - Processing /Users/siddalingkattimani/dbt_env/lib/python3.11/site-packages/airflow/example_dags/example_params_ui_tutorial.py took 0.778 seconds
[2023-04-23T00:54:57.680+0200] {processor.py:153} INFO - Started process (PID=47049) to work on /Users/siddalingkattimani/dbt_env/lib/python3.11/site-packages/airflow/example_dags/example_params_ui_tutorial.py
[2023-04-23T00:54:57.685+0200] {processor.py:743} INFO - Processing file /Users/siddalingkattimani/dbt_env/lib/python3.11/site-packages/airflow/example_dags/example_params_ui_tutorial.py for tasks to queue
[2023-04-23T00:54:57.686+0200] {logging_mixin.py:137} INFO - [2023-04-23T00:54:57.685+0200] {dagbag.py:532} INFO - Filling up the DagBag from /Users/siddalingkattimani/dbt_env/lib/python3.11/site-packages/airflow/example_dags/example_params_ui_tutorial.py
[2023-04-23T00:54:57.765+0200] {processor.py:753} INFO - DAG(s) dict_keys(['example_params_ui_tutorial']) retrieved from /Users/siddalingkattimani/dbt_env/lib/python3.11/site-packages/airflow/example_dags/example_params_ui_tutorial.py
[2023-04-23T00:54:58.426+0200] {logging_mixin.py:137} INFO - [2023-04-23T00:54:58.425+0200] {dag.py:2705} INFO - Sync 1 DAGs
[2023-04-23T00:54:58.440+0200] {logging_mixin.py:137} INFO - [2023-04-23T00:54:58.440+0200] {dag.py:3452} INFO - Setting next_dagrun for example_params_ui_tutorial to None, run_after=None
[2023-04-23T00:54:58.458+0200] {processor.py:175} INFO - Processing /Users/siddalingkattimani/dbt_env/lib/python3.11/site-packages/airflow/example_dags/example_params_ui_tutorial.py took 0.779 seconds
[2023-04-23T00:57:05.294+0200] {processor.py:153} INFO - Started process (PID=47102) to work on /Users/siddalingkattimani/dbt_env/lib/python3.11/site-packages/airflow/example_dags/example_params_ui_tutorial.py
[2023-04-23T00:57:05.299+0200] {processor.py:743} INFO - Processing file /Users/siddalingkattimani/dbt_env/lib/python3.11/site-packages/airflow/example_dags/example_params_ui_tutorial.py for tasks to queue
[2023-04-23T00:57:05.299+0200] {logging_mixin.py:137} INFO - [2023-04-23T00:57:05.299+0200] {dagbag.py:532} INFO - Filling up the DagBag from /Users/siddalingkattimani/dbt_env/lib/python3.11/site-packages/airflow/example_dags/example_params_ui_tutorial.py
[2023-04-23T00:57:05.381+0200] {processor.py:753} INFO - DAG(s) dict_keys(['example_params_ui_tutorial']) retrieved from /Users/siddalingkattimani/dbt_env/lib/python3.11/site-packages/airflow/example_dags/example_params_ui_tutorial.py
[2023-04-23T00:57:06.071+0200] {logging_mixin.py:137} INFO - [2023-04-23T00:57:06.070+0200] {dag.py:2705} INFO - Sync 1 DAGs
[2023-04-23T00:57:06.084+0200] {logging_mixin.py:137} INFO - [2023-04-23T00:57:06.084+0200] {dag.py:3452} INFO - Setting next_dagrun for example_params_ui_tutorial to None, run_after=None
[2023-04-23T00:57:06.106+0200] {processor.py:175} INFO - Processing /Users/siddalingkattimani/dbt_env/lib/python3.11/site-packages/airflow/example_dags/example_params_ui_tutorial.py took 0.813 seconds
[2023-04-23T00:59:13.597+0200] {processor.py:153} INFO - Started process (PID=47149) to work on /Users/siddalingkattimani/dbt_env/lib/python3.11/site-packages/airflow/example_dags/example_params_ui_tutorial.py
[2023-04-23T00:59:13.601+0200] {processor.py:743} INFO - Processing file /Users/siddalingkattimani/dbt_env/lib/python3.11/site-packages/airflow/example_dags/example_params_ui_tutorial.py for tasks to queue
[2023-04-23T00:59:13.602+0200] {logging_mixin.py:137} INFO - [2023-04-23T00:59:13.602+0200] {dagbag.py:532} INFO - Filling up the DagBag from /Users/siddalingkattimani/dbt_env/lib/python3.11/site-packages/airflow/example_dags/example_params_ui_tutorial.py
[2023-04-23T00:59:13.682+0200] {processor.py:753} INFO - DAG(s) dict_keys(['example_params_ui_tutorial']) retrieved from /Users/siddalingkattimani/dbt_env/lib/python3.11/site-packages/airflow/example_dags/example_params_ui_tutorial.py
[2023-04-23T00:59:14.510+0200] {logging_mixin.py:137} INFO - [2023-04-23T00:59:14.510+0200] {dag.py:2705} INFO - Sync 1 DAGs
[2023-04-23T00:59:14.524+0200] {logging_mixin.py:137} INFO - [2023-04-23T00:59:14.524+0200] {dag.py:3452} INFO - Setting next_dagrun for example_params_ui_tutorial to None, run_after=None
[2023-04-23T00:59:14.540+0200] {processor.py:175} INFO - Processing /Users/siddalingkattimani/dbt_env/lib/python3.11/site-packages/airflow/example_dags/example_params_ui_tutorial.py took 0.944 seconds
[2023-04-23T01:01:28.544+0200] {processor.py:153} INFO - Started process (PID=47197) to work on /Users/siddalingkattimani/dbt_env/lib/python3.11/site-packages/airflow/example_dags/example_params_ui_tutorial.py
[2023-04-23T01:01:28.549+0200] {processor.py:743} INFO - Processing file /Users/siddalingkattimani/dbt_env/lib/python3.11/site-packages/airflow/example_dags/example_params_ui_tutorial.py for tasks to queue
[2023-04-23T01:01:28.550+0200] {logging_mixin.py:137} INFO - [2023-04-23T01:01:28.550+0200] {dagbag.py:532} INFO - Filling up the DagBag from /Users/siddalingkattimani/dbt_env/lib/python3.11/site-packages/airflow/example_dags/example_params_ui_tutorial.py
[2023-04-23T01:01:28.662+0200] {processor.py:753} INFO - DAG(s) dict_keys(['example_params_ui_tutorial']) retrieved from /Users/siddalingkattimani/dbt_env/lib/python3.11/site-packages/airflow/example_dags/example_params_ui_tutorial.py
[2023-04-23T01:01:29.638+0200] {logging_mixin.py:137} INFO - [2023-04-23T01:01:29.638+0200] {dag.py:2705} INFO - Sync 1 DAGs
[2023-04-23T01:01:29.654+0200] {logging_mixin.py:137} INFO - [2023-04-23T01:01:29.654+0200] {dag.py:3452} INFO - Setting next_dagrun for example_params_ui_tutorial to None, run_after=None
[2023-04-23T01:01:29.675+0200] {processor.py:175} INFO - Processing /Users/siddalingkattimani/dbt_env/lib/python3.11/site-packages/airflow/example_dags/example_params_ui_tutorial.py took 1.133 seconds
[2023-04-23T01:03:33.948+0200] {processor.py:153} INFO - Started process (PID=47243) to work on /Users/siddalingkattimani/dbt_env/lib/python3.11/site-packages/airflow/example_dags/example_params_ui_tutorial.py
[2023-04-23T01:03:33.951+0200] {processor.py:743} INFO - Processing file /Users/siddalingkattimani/dbt_env/lib/python3.11/site-packages/airflow/example_dags/example_params_ui_tutorial.py for tasks to queue
[2023-04-23T01:03:33.951+0200] {logging_mixin.py:137} INFO - [2023-04-23T01:03:33.951+0200] {dagbag.py:532} INFO - Filling up the DagBag from /Users/siddalingkattimani/dbt_env/lib/python3.11/site-packages/airflow/example_dags/example_params_ui_tutorial.py
[2023-04-23T01:03:34.034+0200] {processor.py:753} INFO - DAG(s) dict_keys(['example_params_ui_tutorial']) retrieved from /Users/siddalingkattimani/dbt_env/lib/python3.11/site-packages/airflow/example_dags/example_params_ui_tutorial.py
[2023-04-23T01:03:34.673+0200] {logging_mixin.py:137} INFO - [2023-04-23T01:03:34.673+0200] {dag.py:2705} INFO - Sync 1 DAGs
[2023-04-23T01:03:34.686+0200] {logging_mixin.py:137} INFO - [2023-04-23T01:03:34.686+0200] {dag.py:3452} INFO - Setting next_dagrun for example_params_ui_tutorial to None, run_after=None
[2023-04-23T01:03:34.704+0200] {processor.py:175} INFO - Processing /Users/siddalingkattimani/dbt_env/lib/python3.11/site-packages/airflow/example_dags/example_params_ui_tutorial.py took 0.757 seconds
[2023-04-23T01:05:46.850+0200] {processor.py:153} INFO - Started process (PID=47349) to work on /Users/siddalingkattimani/dbt_env/lib/python3.11/site-packages/airflow/example_dags/example_params_ui_tutorial.py
[2023-04-23T01:05:46.855+0200] {processor.py:743} INFO - Processing file /Users/siddalingkattimani/dbt_env/lib/python3.11/site-packages/airflow/example_dags/example_params_ui_tutorial.py for tasks to queue
[2023-04-23T01:05:46.856+0200] {logging_mixin.py:137} INFO - [2023-04-23T01:05:46.856+0200] {dagbag.py:532} INFO - Filling up the DagBag from /Users/siddalingkattimani/dbt_env/lib/python3.11/site-packages/airflow/example_dags/example_params_ui_tutorial.py
[2023-04-23T01:05:46.944+0200] {processor.py:753} INFO - DAG(s) dict_keys(['example_params_ui_tutorial']) retrieved from /Users/siddalingkattimani/dbt_env/lib/python3.11/site-packages/airflow/example_dags/example_params_ui_tutorial.py
[2023-04-23T01:05:47.830+0200] {logging_mixin.py:137} INFO - [2023-04-23T01:05:47.830+0200] {dag.py:2705} INFO - Sync 1 DAGs
[2023-04-23T01:05:47.848+0200] {logging_mixin.py:137} INFO - [2023-04-23T01:05:47.848+0200] {dag.py:3452} INFO - Setting next_dagrun for example_params_ui_tutorial to None, run_after=None
[2023-04-23T01:05:47.868+0200] {processor.py:175} INFO - Processing /Users/siddalingkattimani/dbt_env/lib/python3.11/site-packages/airflow/example_dags/example_params_ui_tutorial.py took 1.019 seconds
[2023-04-23T01:08:09.908+0200] {processor.py:153} INFO - Started process (PID=47493) to work on /Users/siddalingkattimani/dbt_env/lib/python3.11/site-packages/airflow/example_dags/example_params_ui_tutorial.py
[2023-04-23T01:08:09.915+0200] {processor.py:743} INFO - Processing file /Users/siddalingkattimani/dbt_env/lib/python3.11/site-packages/airflow/example_dags/example_params_ui_tutorial.py for tasks to queue
[2023-04-23T01:08:09.916+0200] {logging_mixin.py:137} INFO - [2023-04-23T01:08:09.916+0200] {dagbag.py:532} INFO - Filling up the DagBag from /Users/siddalingkattimani/dbt_env/lib/python3.11/site-packages/airflow/example_dags/example_params_ui_tutorial.py
[2023-04-23T01:08:10.217+0200] {processor.py:753} INFO - DAG(s) dict_keys(['example_params_ui_tutorial']) retrieved from /Users/siddalingkattimani/dbt_env/lib/python3.11/site-packages/airflow/example_dags/example_params_ui_tutorial.py
[2023-04-23T01:08:11.823+0200] {logging_mixin.py:137} INFO - [2023-04-23T01:08:11.822+0200] {dag.py:2705} INFO - Sync 1 DAGs
[2023-04-23T01:08:11.841+0200] {logging_mixin.py:137} INFO - [2023-04-23T01:08:11.841+0200] {dag.py:3452} INFO - Setting next_dagrun for example_params_ui_tutorial to None, run_after=None
[2023-04-23T01:08:11.862+0200] {processor.py:175} INFO - Processing /Users/siddalingkattimani/dbt_env/lib/python3.11/site-packages/airflow/example_dags/example_params_ui_tutorial.py took 1.956 seconds
[2023-04-23T01:10:43.652+0200] {processor.py:153} INFO - Started process (PID=47649) to work on /Users/siddalingkattimani/dbt_env/lib/python3.11/site-packages/airflow/example_dags/example_params_ui_tutorial.py
[2023-04-23T01:10:43.657+0200] {processor.py:743} INFO - Processing file /Users/siddalingkattimani/dbt_env/lib/python3.11/site-packages/airflow/example_dags/example_params_ui_tutorial.py for tasks to queue
[2023-04-23T01:10:43.657+0200] {logging_mixin.py:137} INFO - [2023-04-23T01:10:43.657+0200] {dagbag.py:532} INFO - Filling up the DagBag from /Users/siddalingkattimani/dbt_env/lib/python3.11/site-packages/airflow/example_dags/example_params_ui_tutorial.py
[2023-04-23T01:10:43.779+0200] {processor.py:753} INFO - DAG(s) dict_keys(['example_params_ui_tutorial']) retrieved from /Users/siddalingkattimani/dbt_env/lib/python3.11/site-packages/airflow/example_dags/example_params_ui_tutorial.py
[2023-04-23T01:10:44.425+0200] {logging_mixin.py:137} INFO - [2023-04-23T01:10:44.425+0200] {dag.py:2705} INFO - Sync 1 DAGs
[2023-04-23T01:10:44.440+0200] {logging_mixin.py:137} INFO - [2023-04-23T01:10:44.440+0200] {dag.py:3452} INFO - Setting next_dagrun for example_params_ui_tutorial to None, run_after=None
[2023-04-23T01:10:44.459+0200] {processor.py:175} INFO - Processing /Users/siddalingkattimani/dbt_env/lib/python3.11/site-packages/airflow/example_dags/example_params_ui_tutorial.py took 0.807 seconds
[2023-04-23T01:12:50.243+0200] {processor.py:153} INFO - Started process (PID=47695) to work on /Users/siddalingkattimani/dbt_env/lib/python3.11/site-packages/airflow/example_dags/example_params_ui_tutorial.py
[2023-04-23T01:12:50.247+0200] {processor.py:743} INFO - Processing file /Users/siddalingkattimani/dbt_env/lib/python3.11/site-packages/airflow/example_dags/example_params_ui_tutorial.py for tasks to queue
[2023-04-23T01:12:50.248+0200] {logging_mixin.py:137} INFO - [2023-04-23T01:12:50.248+0200] {dagbag.py:532} INFO - Filling up the DagBag from /Users/siddalingkattimani/dbt_env/lib/python3.11/site-packages/airflow/example_dags/example_params_ui_tutorial.py
[2023-04-23T01:12:50.360+0200] {processor.py:753} INFO - DAG(s) dict_keys(['example_params_ui_tutorial']) retrieved from /Users/siddalingkattimani/dbt_env/lib/python3.11/site-packages/airflow/example_dags/example_params_ui_tutorial.py
[2023-04-23T01:12:50.957+0200] {logging_mixin.py:137} INFO - [2023-04-23T01:12:50.957+0200] {dag.py:2705} INFO - Sync 1 DAGs
[2023-04-23T01:12:50.971+0200] {logging_mixin.py:137} INFO - [2023-04-23T01:12:50.971+0200] {dag.py:3452} INFO - Setting next_dagrun for example_params_ui_tutorial to None, run_after=None
[2023-04-23T01:12:50.989+0200] {processor.py:175} INFO - Processing /Users/siddalingkattimani/dbt_env/lib/python3.11/site-packages/airflow/example_dags/example_params_ui_tutorial.py took 0.746 seconds
[2023-04-23T01:14:52.357+0200] {processor.py:153} INFO - Started process (PID=47745) to work on /Users/siddalingkattimani/dbt_env/lib/python3.11/site-packages/airflow/example_dags/example_params_ui_tutorial.py
[2023-04-23T01:14:52.363+0200] {processor.py:743} INFO - Processing file /Users/siddalingkattimani/dbt_env/lib/python3.11/site-packages/airflow/example_dags/example_params_ui_tutorial.py for tasks to queue
[2023-04-23T01:14:52.364+0200] {logging_mixin.py:137} INFO - [2023-04-23T01:14:52.363+0200] {dagbag.py:532} INFO - Filling up the DagBag from /Users/siddalingkattimani/dbt_env/lib/python3.11/site-packages/airflow/example_dags/example_params_ui_tutorial.py
[2023-04-23T01:14:52.512+0200] {processor.py:753} INFO - DAG(s) dict_keys(['example_params_ui_tutorial']) retrieved from /Users/siddalingkattimani/dbt_env/lib/python3.11/site-packages/airflow/example_dags/example_params_ui_tutorial.py
[2023-04-23T01:14:53.405+0200] {logging_mixin.py:137} INFO - [2023-04-23T01:14:53.404+0200] {dag.py:2705} INFO - Sync 1 DAGs
[2023-04-23T01:14:53.450+0200] {logging_mixin.py:137} INFO - [2023-04-23T01:14:53.450+0200] {dag.py:3452} INFO - Setting next_dagrun for example_params_ui_tutorial to None, run_after=None
[2023-04-23T01:14:53.489+0200] {processor.py:175} INFO - Processing /Users/siddalingkattimani/dbt_env/lib/python3.11/site-packages/airflow/example_dags/example_params_ui_tutorial.py took 1.133 seconds
[2023-04-23T01:16:57.413+0200] {processor.py:153} INFO - Started process (PID=47789) to work on /Users/siddalingkattimani/dbt_env/lib/python3.11/site-packages/airflow/example_dags/example_params_ui_tutorial.py
[2023-04-23T01:16:57.416+0200] {processor.py:743} INFO - Processing file /Users/siddalingkattimani/dbt_env/lib/python3.11/site-packages/airflow/example_dags/example_params_ui_tutorial.py for tasks to queue
[2023-04-23T01:16:57.417+0200] {logging_mixin.py:137} INFO - [2023-04-23T01:16:57.416+0200] {dagbag.py:532} INFO - Filling up the DagBag from /Users/siddalingkattimani/dbt_env/lib/python3.11/site-packages/airflow/example_dags/example_params_ui_tutorial.py
[2023-04-23T01:16:57.527+0200] {processor.py:753} INFO - DAG(s) dict_keys(['example_params_ui_tutorial']) retrieved from /Users/siddalingkattimani/dbt_env/lib/python3.11/site-packages/airflow/example_dags/example_params_ui_tutorial.py
[2023-04-23T01:16:58.148+0200] {logging_mixin.py:137} INFO - [2023-04-23T01:16:58.148+0200] {dag.py:2705} INFO - Sync 1 DAGs
[2023-04-23T01:16:58.162+0200] {logging_mixin.py:137} INFO - [2023-04-23T01:16:58.162+0200] {dag.py:3452} INFO - Setting next_dagrun for example_params_ui_tutorial to None, run_after=None
[2023-04-23T01:16:58.177+0200] {processor.py:175} INFO - Processing /Users/siddalingkattimani/dbt_env/lib/python3.11/site-packages/airflow/example_dags/example_params_ui_tutorial.py took 0.765 seconds
[2023-04-23T01:19:00.161+0200] {processor.py:153} INFO - Started process (PID=47835) to work on /Users/siddalingkattimani/dbt_env/lib/python3.11/site-packages/airflow/example_dags/example_params_ui_tutorial.py
[2023-04-23T01:19:00.164+0200] {processor.py:743} INFO - Processing file /Users/siddalingkattimani/dbt_env/lib/python3.11/site-packages/airflow/example_dags/example_params_ui_tutorial.py for tasks to queue
[2023-04-23T01:19:00.165+0200] {logging_mixin.py:137} INFO - [2023-04-23T01:19:00.165+0200] {dagbag.py:532} INFO - Filling up the DagBag from /Users/siddalingkattimani/dbt_env/lib/python3.11/site-packages/airflow/example_dags/example_params_ui_tutorial.py
[2023-04-23T01:19:00.285+0200] {processor.py:753} INFO - DAG(s) dict_keys(['example_params_ui_tutorial']) retrieved from /Users/siddalingkattimani/dbt_env/lib/python3.11/site-packages/airflow/example_dags/example_params_ui_tutorial.py
[2023-04-23T01:19:00.998+0200] {logging_mixin.py:137} INFO - [2023-04-23T01:19:00.998+0200] {dag.py:2705} INFO - Sync 1 DAGs
[2023-04-23T01:19:01.014+0200] {logging_mixin.py:137} INFO - [2023-04-23T01:19:01.013+0200] {dag.py:3452} INFO - Setting next_dagrun for example_params_ui_tutorial to None, run_after=None
[2023-04-23T01:19:01.030+0200] {processor.py:175} INFO - Processing /Users/siddalingkattimani/dbt_env/lib/python3.11/site-packages/airflow/example_dags/example_params_ui_tutorial.py took 0.870 seconds
[2023-04-23T01:21:05.703+0200] {processor.py:153} INFO - Started process (PID=47880) to work on /Users/siddalingkattimani/dbt_env/lib/python3.11/site-packages/airflow/example_dags/example_params_ui_tutorial.py
[2023-04-23T01:21:05.706+0200] {processor.py:743} INFO - Processing file /Users/siddalingkattimani/dbt_env/lib/python3.11/site-packages/airflow/example_dags/example_params_ui_tutorial.py for tasks to queue
[2023-04-23T01:21:05.707+0200] {logging_mixin.py:137} INFO - [2023-04-23T01:21:05.706+0200] {dagbag.py:532} INFO - Filling up the DagBag from /Users/siddalingkattimani/dbt_env/lib/python3.11/site-packages/airflow/example_dags/example_params_ui_tutorial.py
[2023-04-23T01:21:05.823+0200] {processor.py:753} INFO - DAG(s) dict_keys(['example_params_ui_tutorial']) retrieved from /Users/siddalingkattimani/dbt_env/lib/python3.11/site-packages/airflow/example_dags/example_params_ui_tutorial.py
[2023-04-23T01:21:06.511+0200] {logging_mixin.py:137} INFO - [2023-04-23T01:21:06.510+0200] {dag.py:2705} INFO - Sync 1 DAGs
[2023-04-23T01:21:06.526+0200] {logging_mixin.py:137} INFO - [2023-04-23T01:21:06.526+0200] {dag.py:3452} INFO - Setting next_dagrun for example_params_ui_tutorial to None, run_after=None
[2023-04-23T01:21:06.544+0200] {processor.py:175} INFO - Processing /Users/siddalingkattimani/dbt_env/lib/python3.11/site-packages/airflow/example_dags/example_params_ui_tutorial.py took 0.842 seconds
[2023-04-23T01:23:06.172+0200] {processor.py:153} INFO - Started process (PID=47928) to work on /Users/siddalingkattimani/dbt_env/lib/python3.11/site-packages/airflow/example_dags/example_params_ui_tutorial.py
[2023-04-23T01:23:06.175+0200] {processor.py:743} INFO - Processing file /Users/siddalingkattimani/dbt_env/lib/python3.11/site-packages/airflow/example_dags/example_params_ui_tutorial.py for tasks to queue
[2023-04-23T01:23:06.176+0200] {logging_mixin.py:137} INFO - [2023-04-23T01:23:06.175+0200] {dagbag.py:532} INFO - Filling up the DagBag from /Users/siddalingkattimani/dbt_env/lib/python3.11/site-packages/airflow/example_dags/example_params_ui_tutorial.py
[2023-04-23T01:23:06.276+0200] {processor.py:753} INFO - DAG(s) dict_keys(['example_params_ui_tutorial']) retrieved from /Users/siddalingkattimani/dbt_env/lib/python3.11/site-packages/airflow/example_dags/example_params_ui_tutorial.py
[2023-04-23T01:23:06.886+0200] {logging_mixin.py:137} INFO - [2023-04-23T01:23:06.886+0200] {dag.py:2705} INFO - Sync 1 DAGs
[2023-04-23T01:23:06.900+0200] {logging_mixin.py:137} INFO - [2023-04-23T01:23:06.899+0200] {dag.py:3452} INFO - Setting next_dagrun for example_params_ui_tutorial to None, run_after=None
[2023-04-23T01:23:06.915+0200] {processor.py:175} INFO - Processing /Users/siddalingkattimani/dbt_env/lib/python3.11/site-packages/airflow/example_dags/example_params_ui_tutorial.py took 0.744 seconds
[2023-04-23T01:25:05.540+0200] {processor.py:153} INFO - Started process (PID=47979) to work on /Users/siddalingkattimani/dbt_env/lib/python3.11/site-packages/airflow/example_dags/example_params_ui_tutorial.py
[2023-04-23T01:25:05.543+0200] {processor.py:743} INFO - Processing file /Users/siddalingkattimani/dbt_env/lib/python3.11/site-packages/airflow/example_dags/example_params_ui_tutorial.py for tasks to queue
[2023-04-23T01:25:05.544+0200] {logging_mixin.py:137} INFO - [2023-04-23T01:25:05.544+0200] {dagbag.py:532} INFO - Filling up the DagBag from /Users/siddalingkattimani/dbt_env/lib/python3.11/site-packages/airflow/example_dags/example_params_ui_tutorial.py
[2023-04-23T01:25:05.655+0200] {processor.py:753} INFO - DAG(s) dict_keys(['example_params_ui_tutorial']) retrieved from /Users/siddalingkattimani/dbt_env/lib/python3.11/site-packages/airflow/example_dags/example_params_ui_tutorial.py
[2023-04-23T01:25:06.317+0200] {logging_mixin.py:137} INFO - [2023-04-23T01:25:06.316+0200] {dag.py:2705} INFO - Sync 1 DAGs
[2023-04-23T01:25:06.332+0200] {logging_mixin.py:137} INFO - [2023-04-23T01:25:06.332+0200] {dag.py:3452} INFO - Setting next_dagrun for example_params_ui_tutorial to None, run_after=None
[2023-04-23T01:25:06.349+0200] {processor.py:175} INFO - Processing /Users/siddalingkattimani/dbt_env/lib/python3.11/site-packages/airflow/example_dags/example_params_ui_tutorial.py took 0.810 seconds
[2023-04-23T01:27:06.611+0200] {processor.py:153} INFO - Started process (PID=48044) to work on /Users/siddalingkattimani/dbt_env/lib/python3.11/site-packages/airflow/example_dags/example_params_ui_tutorial.py
[2023-04-23T01:27:06.614+0200] {processor.py:743} INFO - Processing file /Users/siddalingkattimani/dbt_env/lib/python3.11/site-packages/airflow/example_dags/example_params_ui_tutorial.py for tasks to queue
[2023-04-23T01:27:06.615+0200] {logging_mixin.py:137} INFO - [2023-04-23T01:27:06.615+0200] {dagbag.py:532} INFO - Filling up the DagBag from /Users/siddalingkattimani/dbt_env/lib/python3.11/site-packages/airflow/example_dags/example_params_ui_tutorial.py
[2023-04-23T01:27:06.731+0200] {processor.py:753} INFO - DAG(s) dict_keys(['example_params_ui_tutorial']) retrieved from /Users/siddalingkattimani/dbt_env/lib/python3.11/site-packages/airflow/example_dags/example_params_ui_tutorial.py
[2023-04-23T01:27:07.521+0200] {logging_mixin.py:137} INFO - [2023-04-23T01:27:07.521+0200] {dag.py:2705} INFO - Sync 1 DAGs
[2023-04-23T01:27:07.542+0200] {logging_mixin.py:137} INFO - [2023-04-23T01:27:07.542+0200] {dag.py:3452} INFO - Setting next_dagrun for example_params_ui_tutorial to None, run_after=None
[2023-04-23T01:27:07.564+0200] {processor.py:175} INFO - Processing /Users/siddalingkattimani/dbt_env/lib/python3.11/site-packages/airflow/example_dags/example_params_ui_tutorial.py took 0.954 seconds
[2023-04-23T01:29:14.929+0200] {processor.py:153} INFO - Started process (PID=48092) to work on /Users/siddalingkattimani/dbt_env/lib/python3.11/site-packages/airflow/example_dags/example_params_ui_tutorial.py
[2023-04-23T01:29:14.932+0200] {processor.py:743} INFO - Processing file /Users/siddalingkattimani/dbt_env/lib/python3.11/site-packages/airflow/example_dags/example_params_ui_tutorial.py for tasks to queue
[2023-04-23T01:29:14.933+0200] {logging_mixin.py:137} INFO - [2023-04-23T01:29:14.933+0200] {dagbag.py:532} INFO - Filling up the DagBag from /Users/siddalingkattimani/dbt_env/lib/python3.11/site-packages/airflow/example_dags/example_params_ui_tutorial.py
[2023-04-23T01:29:15.058+0200] {processor.py:753} INFO - DAG(s) dict_keys(['example_params_ui_tutorial']) retrieved from /Users/siddalingkattimani/dbt_env/lib/python3.11/site-packages/airflow/example_dags/example_params_ui_tutorial.py
[2023-04-23T01:29:15.718+0200] {logging_mixin.py:137} INFO - [2023-04-23T01:29:15.718+0200] {dag.py:2705} INFO - Sync 1 DAGs
[2023-04-23T01:29:15.732+0200] {logging_mixin.py:137} INFO - [2023-04-23T01:29:15.732+0200] {dag.py:3452} INFO - Setting next_dagrun for example_params_ui_tutorial to None, run_after=None
[2023-04-23T01:29:15.747+0200] {processor.py:175} INFO - Processing /Users/siddalingkattimani/dbt_env/lib/python3.11/site-packages/airflow/example_dags/example_params_ui_tutorial.py took 0.819 seconds
[2023-04-23T01:31:15.503+0200] {processor.py:153} INFO - Started process (PID=48139) to work on /Users/siddalingkattimani/dbt_env/lib/python3.11/site-packages/airflow/example_dags/example_params_ui_tutorial.py
[2023-04-23T01:31:15.506+0200] {processor.py:743} INFO - Processing file /Users/siddalingkattimani/dbt_env/lib/python3.11/site-packages/airflow/example_dags/example_params_ui_tutorial.py for tasks to queue
[2023-04-23T01:31:15.506+0200] {logging_mixin.py:137} INFO - [2023-04-23T01:31:15.506+0200] {dagbag.py:532} INFO - Filling up the DagBag from /Users/siddalingkattimani/dbt_env/lib/python3.11/site-packages/airflow/example_dags/example_params_ui_tutorial.py
[2023-04-23T01:31:15.611+0200] {processor.py:753} INFO - DAG(s) dict_keys(['example_params_ui_tutorial']) retrieved from /Users/siddalingkattimani/dbt_env/lib/python3.11/site-packages/airflow/example_dags/example_params_ui_tutorial.py
[2023-04-23T01:31:16.213+0200] {logging_mixin.py:137} INFO - [2023-04-23T01:31:16.213+0200] {dag.py:2705} INFO - Sync 1 DAGs
[2023-04-23T01:31:16.228+0200] {logging_mixin.py:137} INFO - [2023-04-23T01:31:16.228+0200] {dag.py:3452} INFO - Setting next_dagrun for example_params_ui_tutorial to None, run_after=None
[2023-04-23T01:31:16.245+0200] {processor.py:175} INFO - Processing /Users/siddalingkattimani/dbt_env/lib/python3.11/site-packages/airflow/example_dags/example_params_ui_tutorial.py took 0.743 seconds
[2023-04-23T01:33:19.940+0200] {processor.py:153} INFO - Started process (PID=48187) to work on /Users/siddalingkattimani/dbt_env/lib/python3.11/site-packages/airflow/example_dags/example_params_ui_tutorial.py
[2023-04-23T01:33:19.943+0200] {processor.py:743} INFO - Processing file /Users/siddalingkattimani/dbt_env/lib/python3.11/site-packages/airflow/example_dags/example_params_ui_tutorial.py for tasks to queue
[2023-04-23T01:33:19.944+0200] {logging_mixin.py:137} INFO - [2023-04-23T01:33:19.944+0200] {dagbag.py:532} INFO - Filling up the DagBag from /Users/siddalingkattimani/dbt_env/lib/python3.11/site-packages/airflow/example_dags/example_params_ui_tutorial.py
[2023-04-23T01:33:20.066+0200] {processor.py:753} INFO - DAG(s) dict_keys(['example_params_ui_tutorial']) retrieved from /Users/siddalingkattimani/dbt_env/lib/python3.11/site-packages/airflow/example_dags/example_params_ui_tutorial.py
[2023-04-23T01:33:20.759+0200] {logging_mixin.py:137} INFO - [2023-04-23T01:33:20.759+0200] {dag.py:2705} INFO - Sync 1 DAGs
[2023-04-23T01:33:20.777+0200] {logging_mixin.py:137} INFO - [2023-04-23T01:33:20.777+0200] {dag.py:3452} INFO - Setting next_dagrun for example_params_ui_tutorial to None, run_after=None
[2023-04-23T01:33:20.795+0200] {processor.py:175} INFO - Processing /Users/siddalingkattimani/dbt_env/lib/python3.11/site-packages/airflow/example_dags/example_params_ui_tutorial.py took 0.856 seconds
[2023-04-23T01:35:25.399+0200] {processor.py:153} INFO - Started process (PID=48235) to work on /Users/siddalingkattimani/dbt_env/lib/python3.11/site-packages/airflow/example_dags/example_params_ui_tutorial.py
[2023-04-23T01:35:25.402+0200] {processor.py:743} INFO - Processing file /Users/siddalingkattimani/dbt_env/lib/python3.11/site-packages/airflow/example_dags/example_params_ui_tutorial.py for tasks to queue
[2023-04-23T01:35:25.403+0200] {logging_mixin.py:137} INFO - [2023-04-23T01:35:25.403+0200] {dagbag.py:532} INFO - Filling up the DagBag from /Users/siddalingkattimani/dbt_env/lib/python3.11/site-packages/airflow/example_dags/example_params_ui_tutorial.py
[2023-04-23T01:35:25.529+0200] {processor.py:753} INFO - DAG(s) dict_keys(['example_params_ui_tutorial']) retrieved from /Users/siddalingkattimani/dbt_env/lib/python3.11/site-packages/airflow/example_dags/example_params_ui_tutorial.py
[2023-04-23T01:35:26.327+0200] {logging_mixin.py:137} INFO - [2023-04-23T01:35:26.326+0200] {dag.py:2705} INFO - Sync 1 DAGs
[2023-04-23T01:35:26.345+0200] {logging_mixin.py:137} INFO - [2023-04-23T01:35:26.345+0200] {dag.py:3452} INFO - Setting next_dagrun for example_params_ui_tutorial to None, run_after=None
[2023-04-23T01:35:26.367+0200] {processor.py:175} INFO - Processing /Users/siddalingkattimani/dbt_env/lib/python3.11/site-packages/airflow/example_dags/example_params_ui_tutorial.py took 0.969 seconds
