[2023-04-23T00:45:10.645+0200] {processor.py:153} INFO - Started process (PID=46793) to work on /Users/siddalingkattimani/dbt_env/lib/python3.11/site-packages/airflow/example_dags/example_dag_decorator.py
[2023-04-23T00:45:10.649+0200] {processor.py:743} INFO - Processing file /Users/siddalingkattimani/dbt_env/lib/python3.11/site-packages/airflow/example_dags/example_dag_decorator.py for tasks to queue
[2023-04-23T00:45:10.649+0200] {logging_mixin.py:137} INFO - [2023-04-23T00:45:10.649+0200] {dagbag.py:532} INFO - Filling up the DagBag from /Users/siddalingkattimani/dbt_env/lib/python3.11/site-packages/airflow/example_dags/example_dag_decorator.py
[2023-04-23T00:45:10.736+0200] {logging_mixin.py:137} INFO - [2023-04-23T00:45:10.736+0200] {taskmixin.py:211} WARNING - Dependency <Task(_PythonDecoratedOperator): prepare_email>, send_email already registered for DAG: example_dag_decorator
[2023-04-23T00:45:10.736+0200] {logging_mixin.py:137} INFO - [2023-04-23T00:45:10.736+0200] {taskmixin.py:211} WARNING - Dependency <Task(EmailOperator): send_email>, prepare_email already registered for DAG: example_dag_decorator
[2023-04-23T00:45:10.767+0200] {processor.py:753} INFO - DAG(s) dict_keys(['example_dag_decorator']) retrieved from /Users/siddalingkattimani/dbt_env/lib/python3.11/site-packages/airflow/example_dags/example_dag_decorator.py
[2023-04-23T00:45:11.406+0200] {logging_mixin.py:137} INFO - [2023-04-23T00:45:11.406+0200] {manager.py:504} INFO - Created Permission View: can read on DAG:example_dag_decorator
[2023-04-23T00:45:11.414+0200] {logging_mixin.py:137} INFO - [2023-04-23T00:45:11.414+0200] {manager.py:504} INFO - Created Permission View: can edit on DAG:example_dag_decorator
[2023-04-23T00:45:11.419+0200] {logging_mixin.py:137} INFO - [2023-04-23T00:45:11.419+0200] {manager.py:504} INFO - Created Permission View: can delete on DAG:example_dag_decorator
[2023-04-23T00:45:11.419+0200] {logging_mixin.py:137} INFO - [2023-04-23T00:45:11.419+0200] {dag.py:2705} INFO - Sync 1 DAGs
[2023-04-23T00:45:11.427+0200] {logging_mixin.py:137} INFO - [2023-04-23T00:45:11.427+0200] {dag.py:2726} INFO - Creating ORM DAG for example_dag_decorator
[2023-04-23T00:45:11.433+0200] {logging_mixin.py:137} INFO - [2023-04-23T00:45:11.432+0200] {dag.py:3452} INFO - Setting next_dagrun for example_dag_decorator to None, run_after=None
[2023-04-23T00:45:11.448+0200] {processor.py:175} INFO - Processing /Users/siddalingkattimani/dbt_env/lib/python3.11/site-packages/airflow/example_dags/example_dag_decorator.py took 0.803 seconds
[2023-04-23T00:47:09.427+0200] {processor.py:153} INFO - Started process (PID=46840) to work on /Users/siddalingkattimani/dbt_env/lib/python3.11/site-packages/airflow/example_dags/example_dag_decorator.py
[2023-04-23T00:47:09.430+0200] {processor.py:743} INFO - Processing file /Users/siddalingkattimani/dbt_env/lib/python3.11/site-packages/airflow/example_dags/example_dag_decorator.py for tasks to queue
[2023-04-23T00:47:09.430+0200] {logging_mixin.py:137} INFO - [2023-04-23T00:47:09.430+0200] {dagbag.py:532} INFO - Filling up the DagBag from /Users/siddalingkattimani/dbt_env/lib/python3.11/site-packages/airflow/example_dags/example_dag_decorator.py
[2023-04-23T00:47:09.519+0200] {logging_mixin.py:137} INFO - [2023-04-23T00:47:09.519+0200] {taskmixin.py:211} WARNING - Dependency <Task(_PythonDecoratedOperator): prepare_email>, send_email already registered for DAG: example_dag_decorator
[2023-04-23T00:47:09.519+0200] {logging_mixin.py:137} INFO - [2023-04-23T00:47:09.519+0200] {taskmixin.py:211} WARNING - Dependency <Task(EmailOperator): send_email>, prepare_email already registered for DAG: example_dag_decorator
[2023-04-23T00:47:09.542+0200] {processor.py:753} INFO - DAG(s) dict_keys(['example_dag_decorator']) retrieved from /Users/siddalingkattimani/dbt_env/lib/python3.11/site-packages/airflow/example_dags/example_dag_decorator.py
[2023-04-23T00:47:10.121+0200] {logging_mixin.py:137} INFO - [2023-04-23T00:47:10.121+0200] {dag.py:2705} INFO - Sync 1 DAGs
[2023-04-23T00:47:10.133+0200] {logging_mixin.py:137} INFO - [2023-04-23T00:47:10.133+0200] {dag.py:3452} INFO - Setting next_dagrun for example_dag_decorator to None, run_after=None
[2023-04-23T00:47:10.153+0200] {processor.py:175} INFO - Processing /Users/siddalingkattimani/dbt_env/lib/python3.11/site-packages/airflow/example_dags/example_dag_decorator.py took 0.727 seconds
[2023-04-23T00:49:12.005+0200] {processor.py:153} INFO - Started process (PID=46885) to work on /Users/siddalingkattimani/dbt_env/lib/python3.11/site-packages/airflow/example_dags/example_dag_decorator.py
[2023-04-23T00:49:12.008+0200] {processor.py:743} INFO - Processing file /Users/siddalingkattimani/dbt_env/lib/python3.11/site-packages/airflow/example_dags/example_dag_decorator.py for tasks to queue
[2023-04-23T00:49:12.008+0200] {logging_mixin.py:137} INFO - [2023-04-23T00:49:12.008+0200] {dagbag.py:532} INFO - Filling up the DagBag from /Users/siddalingkattimani/dbt_env/lib/python3.11/site-packages/airflow/example_dags/example_dag_decorator.py
[2023-04-23T00:49:12.100+0200] {logging_mixin.py:137} INFO - [2023-04-23T00:49:12.100+0200] {taskmixin.py:211} WARNING - Dependency <Task(_PythonDecoratedOperator): prepare_email>, send_email already registered for DAG: example_dag_decorator
[2023-04-23T00:49:12.101+0200] {logging_mixin.py:137} INFO - [2023-04-23T00:49:12.101+0200] {taskmixin.py:211} WARNING - Dependency <Task(EmailOperator): send_email>, prepare_email already registered for DAG: example_dag_decorator
[2023-04-23T00:49:12.127+0200] {processor.py:753} INFO - DAG(s) dict_keys(['example_dag_decorator']) retrieved from /Users/siddalingkattimani/dbt_env/lib/python3.11/site-packages/airflow/example_dags/example_dag_decorator.py
[2023-04-23T00:49:12.763+0200] {logging_mixin.py:137} INFO - [2023-04-23T00:49:12.763+0200] {dag.py:2705} INFO - Sync 1 DAGs
[2023-04-23T00:49:12.776+0200] {logging_mixin.py:137} INFO - [2023-04-23T00:49:12.776+0200] {dag.py:3452} INFO - Setting next_dagrun for example_dag_decorator to None, run_after=None
[2023-04-23T00:49:12.795+0200] {processor.py:175} INFO - Processing /Users/siddalingkattimani/dbt_env/lib/python3.11/site-packages/airflow/example_dags/example_dag_decorator.py took 0.791 seconds
[2023-04-23T00:51:16.077+0200] {processor.py:153} INFO - Started process (PID=46936) to work on /Users/siddalingkattimani/dbt_env/lib/python3.11/site-packages/airflow/example_dags/example_dag_decorator.py
[2023-04-23T00:51:16.082+0200] {processor.py:743} INFO - Processing file /Users/siddalingkattimani/dbt_env/lib/python3.11/site-packages/airflow/example_dags/example_dag_decorator.py for tasks to queue
[2023-04-23T00:51:16.083+0200] {logging_mixin.py:137} INFO - [2023-04-23T00:51:16.083+0200] {dagbag.py:532} INFO - Filling up the DagBag from /Users/siddalingkattimani/dbt_env/lib/python3.11/site-packages/airflow/example_dags/example_dag_decorator.py
[2023-04-23T00:51:16.220+0200] {logging_mixin.py:137} INFO - [2023-04-23T00:51:16.220+0200] {taskmixin.py:211} WARNING - Dependency <Task(_PythonDecoratedOperator): prepare_email>, send_email already registered for DAG: example_dag_decorator
[2023-04-23T00:51:16.220+0200] {logging_mixin.py:137} INFO - [2023-04-23T00:51:16.220+0200] {taskmixin.py:211} WARNING - Dependency <Task(EmailOperator): send_email>, prepare_email already registered for DAG: example_dag_decorator
[2023-04-23T00:51:16.259+0200] {processor.py:753} INFO - DAG(s) dict_keys(['example_dag_decorator']) retrieved from /Users/siddalingkattimani/dbt_env/lib/python3.11/site-packages/airflow/example_dags/example_dag_decorator.py
[2023-04-23T00:51:16.998+0200] {logging_mixin.py:137} INFO - [2023-04-23T00:51:16.998+0200] {dag.py:2705} INFO - Sync 1 DAGs
[2023-04-23T00:51:17.014+0200] {logging_mixin.py:137} INFO - [2023-04-23T00:51:17.013+0200] {dag.py:3452} INFO - Setting next_dagrun for example_dag_decorator to None, run_after=None
[2023-04-23T00:51:17.100+0200] {processor.py:175} INFO - Processing /Users/siddalingkattimani/dbt_env/lib/python3.11/site-packages/airflow/example_dags/example_dag_decorator.py took 1.024 seconds
[2023-04-23T00:53:25.760+0200] {processor.py:153} INFO - Started process (PID=46992) to work on /Users/siddalingkattimani/dbt_env/lib/python3.11/site-packages/airflow/example_dags/example_dag_decorator.py
[2023-04-23T00:53:25.763+0200] {processor.py:743} INFO - Processing file /Users/siddalingkattimani/dbt_env/lib/python3.11/site-packages/airflow/example_dags/example_dag_decorator.py for tasks to queue
[2023-04-23T00:53:25.763+0200] {logging_mixin.py:137} INFO - [2023-04-23T00:53:25.763+0200] {dagbag.py:532} INFO - Filling up the DagBag from /Users/siddalingkattimani/dbt_env/lib/python3.11/site-packages/airflow/example_dags/example_dag_decorator.py
[2023-04-23T00:53:25.858+0200] {logging_mixin.py:137} INFO - [2023-04-23T00:53:25.858+0200] {taskmixin.py:211} WARNING - Dependency <Task(_PythonDecoratedOperator): prepare_email>, send_email already registered for DAG: example_dag_decorator
[2023-04-23T00:53:25.859+0200] {logging_mixin.py:137} INFO - [2023-04-23T00:53:25.859+0200] {taskmixin.py:211} WARNING - Dependency <Task(EmailOperator): send_email>, prepare_email already registered for DAG: example_dag_decorator
[2023-04-23T00:53:25.886+0200] {processor.py:753} INFO - DAG(s) dict_keys(['example_dag_decorator']) retrieved from /Users/siddalingkattimani/dbt_env/lib/python3.11/site-packages/airflow/example_dags/example_dag_decorator.py
[2023-04-23T00:53:26.642+0200] {logging_mixin.py:137} INFO - [2023-04-23T00:53:26.641+0200] {dag.py:2705} INFO - Sync 1 DAGs
[2023-04-23T00:53:26.661+0200] {logging_mixin.py:137} INFO - [2023-04-23T00:53:26.661+0200] {dag.py:3452} INFO - Setting next_dagrun for example_dag_decorator to None, run_after=None
[2023-04-23T00:53:26.683+0200] {processor.py:175} INFO - Processing /Users/siddalingkattimani/dbt_env/lib/python3.11/site-packages/airflow/example_dags/example_dag_decorator.py took 0.924 seconds
[2023-04-23T00:55:28.349+0200] {processor.py:153} INFO - Started process (PID=47061) to work on /Users/siddalingkattimani/dbt_env/lib/python3.11/site-packages/airflow/example_dags/example_dag_decorator.py
[2023-04-23T00:55:28.354+0200] {processor.py:743} INFO - Processing file /Users/siddalingkattimani/dbt_env/lib/python3.11/site-packages/airflow/example_dags/example_dag_decorator.py for tasks to queue
[2023-04-23T00:55:28.356+0200] {logging_mixin.py:137} INFO - [2023-04-23T00:55:28.355+0200] {dagbag.py:532} INFO - Filling up the DagBag from /Users/siddalingkattimani/dbt_env/lib/python3.11/site-packages/airflow/example_dags/example_dag_decorator.py
[2023-04-23T00:55:28.462+0200] {logging_mixin.py:137} INFO - [2023-04-23T00:55:28.461+0200] {taskmixin.py:211} WARNING - Dependency <Task(_PythonDecoratedOperator): prepare_email>, send_email already registered for DAG: example_dag_decorator
[2023-04-23T00:55:28.462+0200] {logging_mixin.py:137} INFO - [2023-04-23T00:55:28.462+0200] {taskmixin.py:211} WARNING - Dependency <Task(EmailOperator): send_email>, prepare_email already registered for DAG: example_dag_decorator
[2023-04-23T00:55:28.494+0200] {processor.py:753} INFO - DAG(s) dict_keys(['example_dag_decorator']) retrieved from /Users/siddalingkattimani/dbt_env/lib/python3.11/site-packages/airflow/example_dags/example_dag_decorator.py
[2023-04-23T00:55:29.151+0200] {logging_mixin.py:137} INFO - [2023-04-23T00:55:29.151+0200] {dag.py:2705} INFO - Sync 1 DAGs
[2023-04-23T00:55:29.164+0200] {logging_mixin.py:137} INFO - [2023-04-23T00:55:29.164+0200] {dag.py:3452} INFO - Setting next_dagrun for example_dag_decorator to None, run_after=None
[2023-04-23T00:55:29.181+0200] {processor.py:175} INFO - Processing /Users/siddalingkattimani/dbt_env/lib/python3.11/site-packages/airflow/example_dags/example_dag_decorator.py took 0.832 seconds
[2023-04-23T00:57:35.866+0200] {processor.py:153} INFO - Started process (PID=47112) to work on /Users/siddalingkattimani/dbt_env/lib/python3.11/site-packages/airflow/example_dags/example_dag_decorator.py
[2023-04-23T00:57:35.872+0200] {processor.py:743} INFO - Processing file /Users/siddalingkattimani/dbt_env/lib/python3.11/site-packages/airflow/example_dags/example_dag_decorator.py for tasks to queue
[2023-04-23T00:57:35.872+0200] {logging_mixin.py:137} INFO - [2023-04-23T00:57:35.872+0200] {dagbag.py:532} INFO - Filling up the DagBag from /Users/siddalingkattimani/dbt_env/lib/python3.11/site-packages/airflow/example_dags/example_dag_decorator.py
[2023-04-23T00:57:35.972+0200] {logging_mixin.py:137} INFO - [2023-04-23T00:57:35.971+0200] {taskmixin.py:211} WARNING - Dependency <Task(_PythonDecoratedOperator): prepare_email>, send_email already registered for DAG: example_dag_decorator
[2023-04-23T00:57:35.972+0200] {logging_mixin.py:137} INFO - [2023-04-23T00:57:35.972+0200] {taskmixin.py:211} WARNING - Dependency <Task(EmailOperator): send_email>, prepare_email already registered for DAG: example_dag_decorator
[2023-04-23T00:57:35.998+0200] {processor.py:753} INFO - DAG(s) dict_keys(['example_dag_decorator']) retrieved from /Users/siddalingkattimani/dbt_env/lib/python3.11/site-packages/airflow/example_dags/example_dag_decorator.py
[2023-04-23T00:57:36.611+0200] {logging_mixin.py:137} INFO - [2023-04-23T00:57:36.610+0200] {dag.py:2705} INFO - Sync 1 DAGs
[2023-04-23T00:57:36.627+0200] {logging_mixin.py:137} INFO - [2023-04-23T00:57:36.627+0200] {dag.py:3452} INFO - Setting next_dagrun for example_dag_decorator to None, run_after=None
[2023-04-23T00:57:36.649+0200] {processor.py:175} INFO - Processing /Users/siddalingkattimani/dbt_env/lib/python3.11/site-packages/airflow/example_dags/example_dag_decorator.py took 0.783 seconds
[2023-04-23T00:59:41.943+0200] {processor.py:153} INFO - Started process (PID=47159) to work on /Users/siddalingkattimani/dbt_env/lib/python3.11/site-packages/airflow/example_dags/example_dag_decorator.py
[2023-04-23T00:59:41.948+0200] {processor.py:743} INFO - Processing file /Users/siddalingkattimani/dbt_env/lib/python3.11/site-packages/airflow/example_dags/example_dag_decorator.py for tasks to queue
[2023-04-23T00:59:41.948+0200] {logging_mixin.py:137} INFO - [2023-04-23T00:59:41.948+0200] {dagbag.py:532} INFO - Filling up the DagBag from /Users/siddalingkattimani/dbt_env/lib/python3.11/site-packages/airflow/example_dags/example_dag_decorator.py
[2023-04-23T00:59:42.047+0200] {logging_mixin.py:137} INFO - [2023-04-23T00:59:42.047+0200] {taskmixin.py:211} WARNING - Dependency <Task(_PythonDecoratedOperator): prepare_email>, send_email already registered for DAG: example_dag_decorator
[2023-04-23T00:59:42.048+0200] {logging_mixin.py:137} INFO - [2023-04-23T00:59:42.047+0200] {taskmixin.py:211} WARNING - Dependency <Task(EmailOperator): send_email>, prepare_email already registered for DAG: example_dag_decorator
[2023-04-23T00:59:42.073+0200] {processor.py:753} INFO - DAG(s) dict_keys(['example_dag_decorator']) retrieved from /Users/siddalingkattimani/dbt_env/lib/python3.11/site-packages/airflow/example_dags/example_dag_decorator.py
[2023-04-23T00:59:42.678+0200] {logging_mixin.py:137} INFO - [2023-04-23T00:59:42.678+0200] {dag.py:2705} INFO - Sync 1 DAGs
[2023-04-23T00:59:42.691+0200] {logging_mixin.py:137} INFO - [2023-04-23T00:59:42.691+0200] {dag.py:3452} INFO - Setting next_dagrun for example_dag_decorator to None, run_after=None
[2023-04-23T00:59:42.712+0200] {processor.py:175} INFO - Processing /Users/siddalingkattimani/dbt_env/lib/python3.11/site-packages/airflow/example_dags/example_dag_decorator.py took 0.769 seconds
[2023-04-23T01:02:00.390+0200] {processor.py:153} INFO - Started process (PID=47208) to work on /Users/siddalingkattimani/dbt_env/lib/python3.11/site-packages/airflow/example_dags/example_dag_decorator.py
[2023-04-23T01:02:00.397+0200] {processor.py:743} INFO - Processing file /Users/siddalingkattimani/dbt_env/lib/python3.11/site-packages/airflow/example_dags/example_dag_decorator.py for tasks to queue
[2023-04-23T01:02:00.398+0200] {logging_mixin.py:137} INFO - [2023-04-23T01:02:00.398+0200] {dagbag.py:532} INFO - Filling up the DagBag from /Users/siddalingkattimani/dbt_env/lib/python3.11/site-packages/airflow/example_dags/example_dag_decorator.py
[2023-04-23T01:02:00.563+0200] {logging_mixin.py:137} INFO - [2023-04-23T01:02:00.562+0200] {taskmixin.py:211} WARNING - Dependency <Task(_PythonDecoratedOperator): prepare_email>, send_email already registered for DAG: example_dag_decorator
[2023-04-23T01:02:00.563+0200] {logging_mixin.py:137} INFO - [2023-04-23T01:02:00.563+0200] {taskmixin.py:211} WARNING - Dependency <Task(EmailOperator): send_email>, prepare_email already registered for DAG: example_dag_decorator
[2023-04-23T01:02:00.605+0200] {processor.py:753} INFO - DAG(s) dict_keys(['example_dag_decorator']) retrieved from /Users/siddalingkattimani/dbt_env/lib/python3.11/site-packages/airflow/example_dags/example_dag_decorator.py
[2023-04-23T01:02:01.693+0200] {logging_mixin.py:137} INFO - [2023-04-23T01:02:01.692+0200] {dag.py:2705} INFO - Sync 1 DAGs
[2023-04-23T01:02:01.717+0200] {logging_mixin.py:137} INFO - [2023-04-23T01:02:01.716+0200] {dag.py:3452} INFO - Setting next_dagrun for example_dag_decorator to None, run_after=None
[2023-04-23T01:02:01.748+0200] {processor.py:175} INFO - Processing /Users/siddalingkattimani/dbt_env/lib/python3.11/site-packages/airflow/example_dags/example_dag_decorator.py took 1.359 seconds
[2023-04-23T01:03:59.223+0200] {processor.py:153} INFO - Started process (PID=47253) to work on /Users/siddalingkattimani/dbt_env/lib/python3.11/site-packages/airflow/example_dags/example_dag_decorator.py
[2023-04-23T01:03:59.226+0200] {processor.py:743} INFO - Processing file /Users/siddalingkattimani/dbt_env/lib/python3.11/site-packages/airflow/example_dags/example_dag_decorator.py for tasks to queue
[2023-04-23T01:03:59.226+0200] {logging_mixin.py:137} INFO - [2023-04-23T01:03:59.226+0200] {dagbag.py:532} INFO - Filling up the DagBag from /Users/siddalingkattimani/dbt_env/lib/python3.11/site-packages/airflow/example_dags/example_dag_decorator.py
[2023-04-23T01:03:59.338+0200] {logging_mixin.py:137} INFO - [2023-04-23T01:03:59.338+0200] {taskmixin.py:211} WARNING - Dependency <Task(_PythonDecoratedOperator): prepare_email>, send_email already registered for DAG: example_dag_decorator
[2023-04-23T01:03:59.338+0200] {logging_mixin.py:137} INFO - [2023-04-23T01:03:59.338+0200] {taskmixin.py:211} WARNING - Dependency <Task(EmailOperator): send_email>, prepare_email already registered for DAG: example_dag_decorator
[2023-04-23T01:03:59.366+0200] {processor.py:753} INFO - DAG(s) dict_keys(['example_dag_decorator']) retrieved from /Users/siddalingkattimani/dbt_env/lib/python3.11/site-packages/airflow/example_dags/example_dag_decorator.py
[2023-04-23T01:04:00.042+0200] {logging_mixin.py:137} INFO - [2023-04-23T01:04:00.042+0200] {dag.py:2705} INFO - Sync 1 DAGs
[2023-04-23T01:04:00.058+0200] {logging_mixin.py:137} INFO - [2023-04-23T01:04:00.058+0200] {dag.py:3452} INFO - Setting next_dagrun for example_dag_decorator to None, run_after=None
[2023-04-23T01:04:00.076+0200] {processor.py:175} INFO - Processing /Users/siddalingkattimani/dbt_env/lib/python3.11/site-packages/airflow/example_dags/example_dag_decorator.py took 0.855 seconds
[2023-04-23T01:06:12.086+0200] {processor.py:153} INFO - Started process (PID=47360) to work on /Users/siddalingkattimani/dbt_env/lib/python3.11/site-packages/airflow/example_dags/example_dag_decorator.py
[2023-04-23T01:06:12.091+0200] {processor.py:743} INFO - Processing file /Users/siddalingkattimani/dbt_env/lib/python3.11/site-packages/airflow/example_dags/example_dag_decorator.py for tasks to queue
[2023-04-23T01:06:12.092+0200] {logging_mixin.py:137} INFO - [2023-04-23T01:06:12.092+0200] {dagbag.py:532} INFO - Filling up the DagBag from /Users/siddalingkattimani/dbt_env/lib/python3.11/site-packages/airflow/example_dags/example_dag_decorator.py
[2023-04-23T01:06:12.182+0200] {logging_mixin.py:137} INFO - [2023-04-23T01:06:12.182+0200] {taskmixin.py:211} WARNING - Dependency <Task(_PythonDecoratedOperator): prepare_email>, send_email already registered for DAG: example_dag_decorator
[2023-04-23T01:06:12.182+0200] {logging_mixin.py:137} INFO - [2023-04-23T01:06:12.182+0200] {taskmixin.py:211} WARNING - Dependency <Task(EmailOperator): send_email>, prepare_email already registered for DAG: example_dag_decorator
[2023-04-23T01:06:12.206+0200] {processor.py:753} INFO - DAG(s) dict_keys(['example_dag_decorator']) retrieved from /Users/siddalingkattimani/dbt_env/lib/python3.11/site-packages/airflow/example_dags/example_dag_decorator.py
[2023-04-23T01:06:12.826+0200] {logging_mixin.py:137} INFO - [2023-04-23T01:06:12.826+0200] {dag.py:2705} INFO - Sync 1 DAGs
[2023-04-23T01:06:12.839+0200] {logging_mixin.py:137} INFO - [2023-04-23T01:06:12.839+0200] {dag.py:3452} INFO - Setting next_dagrun for example_dag_decorator to None, run_after=None
[2023-04-23T01:06:12.856+0200] {processor.py:175} INFO - Processing /Users/siddalingkattimani/dbt_env/lib/python3.11/site-packages/airflow/example_dags/example_dag_decorator.py took 0.771 seconds
[2023-04-23T01:08:44.215+0200] {processor.py:153} INFO - Started process (PID=47545) to work on /Users/siddalingkattimani/dbt_env/lib/python3.11/site-packages/airflow/example_dags/example_dag_decorator.py
[2023-04-23T01:08:44.219+0200] {processor.py:743} INFO - Processing file /Users/siddalingkattimani/dbt_env/lib/python3.11/site-packages/airflow/example_dags/example_dag_decorator.py for tasks to queue
[2023-04-23T01:08:44.220+0200] {logging_mixin.py:137} INFO - [2023-04-23T01:08:44.220+0200] {dagbag.py:532} INFO - Filling up the DagBag from /Users/siddalingkattimani/dbt_env/lib/python3.11/site-packages/airflow/example_dags/example_dag_decorator.py
[2023-04-23T01:08:44.380+0200] {logging_mixin.py:137} INFO - [2023-04-23T01:08:44.380+0200] {taskmixin.py:211} WARNING - Dependency <Task(_PythonDecoratedOperator): prepare_email>, send_email already registered for DAG: example_dag_decorator
[2023-04-23T01:08:44.380+0200] {logging_mixin.py:137} INFO - [2023-04-23T01:08:44.380+0200] {taskmixin.py:211} WARNING - Dependency <Task(EmailOperator): send_email>, prepare_email already registered for DAG: example_dag_decorator
[2023-04-23T01:08:44.415+0200] {processor.py:753} INFO - DAG(s) dict_keys(['example_dag_decorator']) retrieved from /Users/siddalingkattimani/dbt_env/lib/python3.11/site-packages/airflow/example_dags/example_dag_decorator.py
[2023-04-23T01:08:45.110+0200] {logging_mixin.py:137} INFO - [2023-04-23T01:08:45.110+0200] {dag.py:2705} INFO - Sync 1 DAGs
[2023-04-23T01:08:45.124+0200] {logging_mixin.py:137} INFO - [2023-04-23T01:08:45.124+0200] {dag.py:3452} INFO - Setting next_dagrun for example_dag_decorator to None, run_after=None
[2023-04-23T01:08:45.147+0200] {processor.py:175} INFO - Processing /Users/siddalingkattimani/dbt_env/lib/python3.11/site-packages/airflow/example_dags/example_dag_decorator.py took 0.932 seconds
[2023-04-23T01:11:13.917+0200] {processor.py:153} INFO - Started process (PID=47661) to work on /Users/siddalingkattimani/dbt_env/lib/python3.11/site-packages/airflow/example_dags/example_dag_decorator.py
[2023-04-23T01:11:13.922+0200] {processor.py:743} INFO - Processing file /Users/siddalingkattimani/dbt_env/lib/python3.11/site-packages/airflow/example_dags/example_dag_decorator.py for tasks to queue
[2023-04-23T01:11:13.923+0200] {logging_mixin.py:137} INFO - [2023-04-23T01:11:13.923+0200] {dagbag.py:532} INFO - Filling up the DagBag from /Users/siddalingkattimani/dbt_env/lib/python3.11/site-packages/airflow/example_dags/example_dag_decorator.py
[2023-04-23T01:11:14.056+0200] {logging_mixin.py:137} INFO - [2023-04-23T01:11:14.056+0200] {taskmixin.py:211} WARNING - Dependency <Task(_PythonDecoratedOperator): prepare_email>, send_email already registered for DAG: example_dag_decorator
[2023-04-23T01:11:14.057+0200] {logging_mixin.py:137} INFO - [2023-04-23T01:11:14.057+0200] {taskmixin.py:211} WARNING - Dependency <Task(EmailOperator): send_email>, prepare_email already registered for DAG: example_dag_decorator
[2023-04-23T01:11:14.091+0200] {processor.py:753} INFO - DAG(s) dict_keys(['example_dag_decorator']) retrieved from /Users/siddalingkattimani/dbt_env/lib/python3.11/site-packages/airflow/example_dags/example_dag_decorator.py
[2023-04-23T01:11:14.655+0200] {logging_mixin.py:137} INFO - [2023-04-23T01:11:14.655+0200] {dag.py:2705} INFO - Sync 1 DAGs
[2023-04-23T01:11:14.670+0200] {logging_mixin.py:137} INFO - [2023-04-23T01:11:14.669+0200] {dag.py:3452} INFO - Setting next_dagrun for example_dag_decorator to None, run_after=None
[2023-04-23T01:11:14.694+0200] {processor.py:175} INFO - Processing /Users/siddalingkattimani/dbt_env/lib/python3.11/site-packages/airflow/example_dags/example_dag_decorator.py took 0.778 seconds
[2023-04-23T01:13:16.025+0200] {processor.py:153} INFO - Started process (PID=47706) to work on /Users/siddalingkattimani/dbt_env/lib/python3.11/site-packages/airflow/example_dags/example_dag_decorator.py
[2023-04-23T01:13:16.029+0200] {processor.py:743} INFO - Processing file /Users/siddalingkattimani/dbt_env/lib/python3.11/site-packages/airflow/example_dags/example_dag_decorator.py for tasks to queue
[2023-04-23T01:13:16.029+0200] {logging_mixin.py:137} INFO - [2023-04-23T01:13:16.029+0200] {dagbag.py:532} INFO - Filling up the DagBag from /Users/siddalingkattimani/dbt_env/lib/python3.11/site-packages/airflow/example_dags/example_dag_decorator.py
[2023-04-23T01:13:16.149+0200] {logging_mixin.py:137} INFO - [2023-04-23T01:13:16.149+0200] {taskmixin.py:211} WARNING - Dependency <Task(_PythonDecoratedOperator): prepare_email>, send_email already registered for DAG: example_dag_decorator
[2023-04-23T01:13:16.150+0200] {logging_mixin.py:137} INFO - [2023-04-23T01:13:16.150+0200] {taskmixin.py:211} WARNING - Dependency <Task(EmailOperator): send_email>, prepare_email already registered for DAG: example_dag_decorator
[2023-04-23T01:13:16.176+0200] {processor.py:753} INFO - DAG(s) dict_keys(['example_dag_decorator']) retrieved from /Users/siddalingkattimani/dbt_env/lib/python3.11/site-packages/airflow/example_dags/example_dag_decorator.py
[2023-04-23T01:13:17.261+0200] {logging_mixin.py:137} INFO - [2023-04-23T01:13:17.260+0200] {dag.py:2705} INFO - Sync 1 DAGs
[2023-04-23T01:13:17.276+0200] {logging_mixin.py:137} INFO - [2023-04-23T01:13:17.276+0200] {dag.py:3452} INFO - Setting next_dagrun for example_dag_decorator to None, run_after=None
[2023-04-23T01:13:17.297+0200] {processor.py:175} INFO - Processing /Users/siddalingkattimani/dbt_env/lib/python3.11/site-packages/airflow/example_dags/example_dag_decorator.py took 1.273 seconds
[2023-04-23T01:15:19.939+0200] {processor.py:153} INFO - Started process (PID=47754) to work on /Users/siddalingkattimani/dbt_env/lib/python3.11/site-packages/airflow/example_dags/example_dag_decorator.py
[2023-04-23T01:15:19.943+0200] {processor.py:743} INFO - Processing file /Users/siddalingkattimani/dbt_env/lib/python3.11/site-packages/airflow/example_dags/example_dag_decorator.py for tasks to queue
[2023-04-23T01:15:19.943+0200] {logging_mixin.py:137} INFO - [2023-04-23T01:15:19.943+0200] {dagbag.py:532} INFO - Filling up the DagBag from /Users/siddalingkattimani/dbt_env/lib/python3.11/site-packages/airflow/example_dags/example_dag_decorator.py
[2023-04-23T01:15:20.081+0200] {logging_mixin.py:137} INFO - [2023-04-23T01:15:20.081+0200] {taskmixin.py:211} WARNING - Dependency <Task(_PythonDecoratedOperator): prepare_email>, send_email already registered for DAG: example_dag_decorator
[2023-04-23T01:15:20.081+0200] {logging_mixin.py:137} INFO - [2023-04-23T01:15:20.081+0200] {taskmixin.py:211} WARNING - Dependency <Task(EmailOperator): send_email>, prepare_email already registered for DAG: example_dag_decorator
[2023-04-23T01:15:20.111+0200] {processor.py:753} INFO - DAG(s) dict_keys(['example_dag_decorator']) retrieved from /Users/siddalingkattimani/dbt_env/lib/python3.11/site-packages/airflow/example_dags/example_dag_decorator.py
[2023-04-23T01:15:20.771+0200] {logging_mixin.py:137} INFO - [2023-04-23T01:15:20.771+0200] {dag.py:2705} INFO - Sync 1 DAGs
[2023-04-23T01:15:20.785+0200] {logging_mixin.py:137} INFO - [2023-04-23T01:15:20.785+0200] {dag.py:3452} INFO - Setting next_dagrun for example_dag_decorator to None, run_after=None
[2023-04-23T01:15:20.802+0200] {processor.py:175} INFO - Processing /Users/siddalingkattimani/dbt_env/lib/python3.11/site-packages/airflow/example_dags/example_dag_decorator.py took 0.864 seconds
[2023-04-23T01:17:24.826+0200] {processor.py:153} INFO - Started process (PID=47800) to work on /Users/siddalingkattimani/dbt_env/lib/python3.11/site-packages/airflow/example_dags/example_dag_decorator.py
[2023-04-23T01:17:24.829+0200] {processor.py:743} INFO - Processing file /Users/siddalingkattimani/dbt_env/lib/python3.11/site-packages/airflow/example_dags/example_dag_decorator.py for tasks to queue
[2023-04-23T01:17:24.829+0200] {logging_mixin.py:137} INFO - [2023-04-23T01:17:24.829+0200] {dagbag.py:532} INFO - Filling up the DagBag from /Users/siddalingkattimani/dbt_env/lib/python3.11/site-packages/airflow/example_dags/example_dag_decorator.py
[2023-04-23T01:17:24.950+0200] {logging_mixin.py:137} INFO - [2023-04-23T01:17:24.949+0200] {taskmixin.py:211} WARNING - Dependency <Task(_PythonDecoratedOperator): prepare_email>, send_email already registered for DAG: example_dag_decorator
[2023-04-23T01:17:24.950+0200] {logging_mixin.py:137} INFO - [2023-04-23T01:17:24.950+0200] {taskmixin.py:211} WARNING - Dependency <Task(EmailOperator): send_email>, prepare_email already registered for DAG: example_dag_decorator
[2023-04-23T01:17:24.977+0200] {processor.py:753} INFO - DAG(s) dict_keys(['example_dag_decorator']) retrieved from /Users/siddalingkattimani/dbt_env/lib/python3.11/site-packages/airflow/example_dags/example_dag_decorator.py
[2023-04-23T01:17:25.576+0200] {logging_mixin.py:137} INFO - [2023-04-23T01:17:25.576+0200] {dag.py:2705} INFO - Sync 1 DAGs
[2023-04-23T01:17:25.590+0200] {logging_mixin.py:137} INFO - [2023-04-23T01:17:25.590+0200] {dag.py:3452} INFO - Setting next_dagrun for example_dag_decorator to None, run_after=None
[2023-04-23T01:17:25.619+0200] {processor.py:175} INFO - Processing /Users/siddalingkattimani/dbt_env/lib/python3.11/site-packages/airflow/example_dags/example_dag_decorator.py took 0.793 seconds
[2023-04-23T01:19:25.532+0200] {processor.py:153} INFO - Started process (PID=47844) to work on /Users/siddalingkattimani/dbt_env/lib/python3.11/site-packages/airflow/example_dags/example_dag_decorator.py
[2023-04-23T01:19:25.536+0200] {processor.py:743} INFO - Processing file /Users/siddalingkattimani/dbt_env/lib/python3.11/site-packages/airflow/example_dags/example_dag_decorator.py for tasks to queue
[2023-04-23T01:19:25.536+0200] {logging_mixin.py:137} INFO - [2023-04-23T01:19:25.536+0200] {dagbag.py:532} INFO - Filling up the DagBag from /Users/siddalingkattimani/dbt_env/lib/python3.11/site-packages/airflow/example_dags/example_dag_decorator.py
[2023-04-23T01:19:25.747+0200] {logging_mixin.py:137} INFO - [2023-04-23T01:19:25.747+0200] {taskmixin.py:211} WARNING - Dependency <Task(_PythonDecoratedOperator): prepare_email>, send_email already registered for DAG: example_dag_decorator
[2023-04-23T01:19:25.747+0200] {logging_mixin.py:137} INFO - [2023-04-23T01:19:25.747+0200] {taskmixin.py:211} WARNING - Dependency <Task(EmailOperator): send_email>, prepare_email already registered for DAG: example_dag_decorator
[2023-04-23T01:19:25.798+0200] {processor.py:753} INFO - DAG(s) dict_keys(['example_dag_decorator']) retrieved from /Users/siddalingkattimani/dbt_env/lib/python3.11/site-packages/airflow/example_dags/example_dag_decorator.py
[2023-04-23T01:19:26.427+0200] {logging_mixin.py:137} INFO - [2023-04-23T01:19:26.427+0200] {dag.py:2705} INFO - Sync 1 DAGs
[2023-04-23T01:19:26.450+0200] {logging_mixin.py:137} INFO - [2023-04-23T01:19:26.450+0200] {dag.py:3452} INFO - Setting next_dagrun for example_dag_decorator to None, run_after=None
[2023-04-23T01:19:26.475+0200] {processor.py:175} INFO - Processing /Users/siddalingkattimani/dbt_env/lib/python3.11/site-packages/airflow/example_dags/example_dag_decorator.py took 0.944 seconds
[2023-04-23T01:21:32.320+0200] {processor.py:153} INFO - Started process (PID=47890) to work on /Users/siddalingkattimani/dbt_env/lib/python3.11/site-packages/airflow/example_dags/example_dag_decorator.py
[2023-04-23T01:21:32.324+0200] {processor.py:743} INFO - Processing file /Users/siddalingkattimani/dbt_env/lib/python3.11/site-packages/airflow/example_dags/example_dag_decorator.py for tasks to queue
[2023-04-23T01:21:32.325+0200] {logging_mixin.py:137} INFO - [2023-04-23T01:21:32.325+0200] {dagbag.py:532} INFO - Filling up the DagBag from /Users/siddalingkattimani/dbt_env/lib/python3.11/site-packages/airflow/example_dags/example_dag_decorator.py
[2023-04-23T01:21:32.462+0200] {logging_mixin.py:137} INFO - [2023-04-23T01:21:32.462+0200] {taskmixin.py:211} WARNING - Dependency <Task(_PythonDecoratedOperator): prepare_email>, send_email already registered for DAG: example_dag_decorator
[2023-04-23T01:21:32.463+0200] {logging_mixin.py:137} INFO - [2023-04-23T01:21:32.463+0200] {taskmixin.py:211} WARNING - Dependency <Task(EmailOperator): send_email>, prepare_email already registered for DAG: example_dag_decorator
[2023-04-23T01:21:32.493+0200] {processor.py:753} INFO - DAG(s) dict_keys(['example_dag_decorator']) retrieved from /Users/siddalingkattimani/dbt_env/lib/python3.11/site-packages/airflow/example_dags/example_dag_decorator.py
[2023-04-23T01:21:33.098+0200] {logging_mixin.py:137} INFO - [2023-04-23T01:21:33.098+0200] {dag.py:2705} INFO - Sync 1 DAGs
[2023-04-23T01:21:33.113+0200] {logging_mixin.py:137} INFO - [2023-04-23T01:21:33.112+0200] {dag.py:3452} INFO - Setting next_dagrun for example_dag_decorator to None, run_after=None
[2023-04-23T01:21:33.132+0200] {processor.py:175} INFO - Processing /Users/siddalingkattimani/dbt_env/lib/python3.11/site-packages/airflow/example_dags/example_dag_decorator.py took 0.813 seconds
[2023-04-23T01:23:32.562+0200] {processor.py:153} INFO - Started process (PID=47939) to work on /Users/siddalingkattimani/dbt_env/lib/python3.11/site-packages/airflow/example_dags/example_dag_decorator.py
[2023-04-23T01:23:32.564+0200] {processor.py:743} INFO - Processing file /Users/siddalingkattimani/dbt_env/lib/python3.11/site-packages/airflow/example_dags/example_dag_decorator.py for tasks to queue
[2023-04-23T01:23:32.565+0200] {logging_mixin.py:137} INFO - [2023-04-23T01:23:32.565+0200] {dagbag.py:532} INFO - Filling up the DagBag from /Users/siddalingkattimani/dbt_env/lib/python3.11/site-packages/airflow/example_dags/example_dag_decorator.py
[2023-04-23T01:23:32.688+0200] {logging_mixin.py:137} INFO - [2023-04-23T01:23:32.688+0200] {taskmixin.py:211} WARNING - Dependency <Task(_PythonDecoratedOperator): prepare_email>, send_email already registered for DAG: example_dag_decorator
[2023-04-23T01:23:32.689+0200] {logging_mixin.py:137} INFO - [2023-04-23T01:23:32.689+0200] {taskmixin.py:211} WARNING - Dependency <Task(EmailOperator): send_email>, prepare_email already registered for DAG: example_dag_decorator
[2023-04-23T01:23:32.716+0200] {processor.py:753} INFO - DAG(s) dict_keys(['example_dag_decorator']) retrieved from /Users/siddalingkattimani/dbt_env/lib/python3.11/site-packages/airflow/example_dags/example_dag_decorator.py
[2023-04-23T01:23:33.251+0200] {logging_mixin.py:137} INFO - [2023-04-23T01:23:33.250+0200] {dag.py:2705} INFO - Sync 1 DAGs
[2023-04-23T01:23:33.264+0200] {logging_mixin.py:137} INFO - [2023-04-23T01:23:33.264+0200] {dag.py:3452} INFO - Setting next_dagrun for example_dag_decorator to None, run_after=None
[2023-04-23T01:23:33.283+0200] {processor.py:175} INFO - Processing /Users/siddalingkattimani/dbt_env/lib/python3.11/site-packages/airflow/example_dags/example_dag_decorator.py took 0.722 seconds
[2023-04-23T01:25:30.698+0200] {processor.py:153} INFO - Started process (PID=48008) to work on /Users/siddalingkattimani/dbt_env/lib/python3.11/site-packages/airflow/example_dags/example_dag_decorator.py
[2023-04-23T01:25:30.702+0200] {processor.py:743} INFO - Processing file /Users/siddalingkattimani/dbt_env/lib/python3.11/site-packages/airflow/example_dags/example_dag_decorator.py for tasks to queue
[2023-04-23T01:25:30.702+0200] {logging_mixin.py:137} INFO - [2023-04-23T01:25:30.702+0200] {dagbag.py:532} INFO - Filling up the DagBag from /Users/siddalingkattimani/dbt_env/lib/python3.11/site-packages/airflow/example_dags/example_dag_decorator.py
[2023-04-23T01:25:30.834+0200] {logging_mixin.py:137} INFO - [2023-04-23T01:25:30.834+0200] {taskmixin.py:211} WARNING - Dependency <Task(_PythonDecoratedOperator): prepare_email>, send_email already registered for DAG: example_dag_decorator
[2023-04-23T01:25:30.834+0200] {logging_mixin.py:137} INFO - [2023-04-23T01:25:30.834+0200] {taskmixin.py:211} WARNING - Dependency <Task(EmailOperator): send_email>, prepare_email already registered for DAG: example_dag_decorator
[2023-04-23T01:25:30.860+0200] {processor.py:753} INFO - DAG(s) dict_keys(['example_dag_decorator']) retrieved from /Users/siddalingkattimani/dbt_env/lib/python3.11/site-packages/airflow/example_dags/example_dag_decorator.py
[2023-04-23T01:25:31.409+0200] {logging_mixin.py:137} INFO - [2023-04-23T01:25:31.409+0200] {dag.py:2705} INFO - Sync 1 DAGs
[2023-04-23T01:25:31.422+0200] {logging_mixin.py:137} INFO - [2023-04-23T01:25:31.422+0200] {dag.py:3452} INFO - Setting next_dagrun for example_dag_decorator to None, run_after=None
[2023-04-23T01:25:31.438+0200] {processor.py:175} INFO - Processing /Users/siddalingkattimani/dbt_env/lib/python3.11/site-packages/airflow/example_dags/example_dag_decorator.py took 0.741 seconds
[2023-04-23T01:27:33.899+0200] {processor.py:153} INFO - Started process (PID=48055) to work on /Users/siddalingkattimani/dbt_env/lib/python3.11/site-packages/airflow/example_dags/example_dag_decorator.py
[2023-04-23T01:27:33.903+0200] {processor.py:743} INFO - Processing file /Users/siddalingkattimani/dbt_env/lib/python3.11/site-packages/airflow/example_dags/example_dag_decorator.py for tasks to queue
[2023-04-23T01:27:33.903+0200] {logging_mixin.py:137} INFO - [2023-04-23T01:27:33.903+0200] {dagbag.py:532} INFO - Filling up the DagBag from /Users/siddalingkattimani/dbt_env/lib/python3.11/site-packages/airflow/example_dags/example_dag_decorator.py
[2023-04-23T01:27:34.038+0200] {logging_mixin.py:137} INFO - [2023-04-23T01:27:34.038+0200] {taskmixin.py:211} WARNING - Dependency <Task(_PythonDecoratedOperator): prepare_email>, send_email already registered for DAG: example_dag_decorator
[2023-04-23T01:27:34.038+0200] {logging_mixin.py:137} INFO - [2023-04-23T01:27:34.038+0200] {taskmixin.py:211} WARNING - Dependency <Task(EmailOperator): send_email>, prepare_email already registered for DAG: example_dag_decorator
[2023-04-23T01:27:34.068+0200] {processor.py:753} INFO - DAG(s) dict_keys(['example_dag_decorator']) retrieved from /Users/siddalingkattimani/dbt_env/lib/python3.11/site-packages/airflow/example_dags/example_dag_decorator.py
[2023-04-23T01:27:34.628+0200] {logging_mixin.py:137} INFO - [2023-04-23T01:27:34.627+0200] {dag.py:2705} INFO - Sync 1 DAGs
[2023-04-23T01:27:34.641+0200] {logging_mixin.py:137} INFO - [2023-04-23T01:27:34.641+0200] {dag.py:3452} INFO - Setting next_dagrun for example_dag_decorator to None, run_after=None
[2023-04-23T01:27:34.658+0200] {processor.py:175} INFO - Processing /Users/siddalingkattimani/dbt_env/lib/python3.11/site-packages/airflow/example_dags/example_dag_decorator.py took 0.759 seconds
[2023-04-23T01:29:42.391+0200] {processor.py:153} INFO - Started process (PID=48102) to work on /Users/siddalingkattimani/dbt_env/lib/python3.11/site-packages/airflow/example_dags/example_dag_decorator.py
[2023-04-23T01:29:42.396+0200] {processor.py:743} INFO - Processing file /Users/siddalingkattimani/dbt_env/lib/python3.11/site-packages/airflow/example_dags/example_dag_decorator.py for tasks to queue
[2023-04-23T01:29:42.397+0200] {logging_mixin.py:137} INFO - [2023-04-23T01:29:42.397+0200] {dagbag.py:532} INFO - Filling up the DagBag from /Users/siddalingkattimani/dbt_env/lib/python3.11/site-packages/airflow/example_dags/example_dag_decorator.py
[2023-04-23T01:29:42.564+0200] {logging_mixin.py:137} INFO - [2023-04-23T01:29:42.564+0200] {taskmixin.py:211} WARNING - Dependency <Task(_PythonDecoratedOperator): prepare_email>, send_email already registered for DAG: example_dag_decorator
[2023-04-23T01:29:42.565+0200] {logging_mixin.py:137} INFO - [2023-04-23T01:29:42.565+0200] {taskmixin.py:211} WARNING - Dependency <Task(EmailOperator): send_email>, prepare_email already registered for DAG: example_dag_decorator
[2023-04-23T01:29:42.594+0200] {processor.py:753} INFO - DAG(s) dict_keys(['example_dag_decorator']) retrieved from /Users/siddalingkattimani/dbt_env/lib/python3.11/site-packages/airflow/example_dags/example_dag_decorator.py
[2023-04-23T01:29:43.255+0200] {logging_mixin.py:137} INFO - [2023-04-23T01:29:43.255+0200] {dag.py:2705} INFO - Sync 1 DAGs
[2023-04-23T01:29:43.272+0200] {logging_mixin.py:137} INFO - [2023-04-23T01:29:43.272+0200] {dag.py:3452} INFO - Setting next_dagrun for example_dag_decorator to None, run_after=None
[2023-04-23T01:29:43.293+0200] {processor.py:175} INFO - Processing /Users/siddalingkattimani/dbt_env/lib/python3.11/site-packages/airflow/example_dags/example_dag_decorator.py took 0.903 seconds
[2023-04-23T01:31:40.486+0200] {processor.py:153} INFO - Started process (PID=48148) to work on /Users/siddalingkattimani/dbt_env/lib/python3.11/site-packages/airflow/example_dags/example_dag_decorator.py
[2023-04-23T01:31:40.489+0200] {processor.py:743} INFO - Processing file /Users/siddalingkattimani/dbt_env/lib/python3.11/site-packages/airflow/example_dags/example_dag_decorator.py for tasks to queue
[2023-04-23T01:31:40.490+0200] {logging_mixin.py:137} INFO - [2023-04-23T01:31:40.490+0200] {dagbag.py:532} INFO - Filling up the DagBag from /Users/siddalingkattimani/dbt_env/lib/python3.11/site-packages/airflow/example_dags/example_dag_decorator.py
[2023-04-23T01:31:40.622+0200] {logging_mixin.py:137} INFO - [2023-04-23T01:31:40.622+0200] {taskmixin.py:211} WARNING - Dependency <Task(_PythonDecoratedOperator): prepare_email>, send_email already registered for DAG: example_dag_decorator
[2023-04-23T01:31:40.623+0200] {logging_mixin.py:137} INFO - [2023-04-23T01:31:40.623+0200] {taskmixin.py:211} WARNING - Dependency <Task(EmailOperator): send_email>, prepare_email already registered for DAG: example_dag_decorator
[2023-04-23T01:31:40.650+0200] {processor.py:753} INFO - DAG(s) dict_keys(['example_dag_decorator']) retrieved from /Users/siddalingkattimani/dbt_env/lib/python3.11/site-packages/airflow/example_dags/example_dag_decorator.py
[2023-04-23T01:31:41.242+0200] {logging_mixin.py:137} INFO - [2023-04-23T01:31:41.242+0200] {dag.py:2705} INFO - Sync 1 DAGs
[2023-04-23T01:31:41.258+0200] {logging_mixin.py:137} INFO - [2023-04-23T01:31:41.258+0200] {dag.py:3452} INFO - Setting next_dagrun for example_dag_decorator to None, run_after=None
[2023-04-23T01:31:41.277+0200] {processor.py:175} INFO - Processing /Users/siddalingkattimani/dbt_env/lib/python3.11/site-packages/airflow/example_dags/example_dag_decorator.py took 0.792 seconds
[2023-04-23T01:33:47.183+0200] {processor.py:153} INFO - Started process (PID=48198) to work on /Users/siddalingkattimani/dbt_env/lib/python3.11/site-packages/airflow/example_dags/example_dag_decorator.py
[2023-04-23T01:33:47.186+0200] {processor.py:743} INFO - Processing file /Users/siddalingkattimani/dbt_env/lib/python3.11/site-packages/airflow/example_dags/example_dag_decorator.py for tasks to queue
[2023-04-23T01:33:47.187+0200] {logging_mixin.py:137} INFO - [2023-04-23T01:33:47.187+0200] {dagbag.py:532} INFO - Filling up the DagBag from /Users/siddalingkattimani/dbt_env/lib/python3.11/site-packages/airflow/example_dags/example_dag_decorator.py
[2023-04-23T01:33:47.316+0200] {logging_mixin.py:137} INFO - [2023-04-23T01:33:47.316+0200] {taskmixin.py:211} WARNING - Dependency <Task(_PythonDecoratedOperator): prepare_email>, send_email already registered for DAG: example_dag_decorator
[2023-04-23T01:33:47.317+0200] {logging_mixin.py:137} INFO - [2023-04-23T01:33:47.317+0200] {taskmixin.py:211} WARNING - Dependency <Task(EmailOperator): send_email>, prepare_email already registered for DAG: example_dag_decorator
[2023-04-23T01:33:47.345+0200] {processor.py:753} INFO - DAG(s) dict_keys(['example_dag_decorator']) retrieved from /Users/siddalingkattimani/dbt_env/lib/python3.11/site-packages/airflow/example_dags/example_dag_decorator.py
[2023-04-23T01:33:47.909+0200] {logging_mixin.py:137} INFO - [2023-04-23T01:33:47.909+0200] {dag.py:2705} INFO - Sync 1 DAGs
[2023-04-23T01:33:47.924+0200] {logging_mixin.py:137} INFO - [2023-04-23T01:33:47.924+0200] {dag.py:3452} INFO - Setting next_dagrun for example_dag_decorator to None, run_after=None
[2023-04-23T01:33:47.942+0200] {processor.py:175} INFO - Processing /Users/siddalingkattimani/dbt_env/lib/python3.11/site-packages/airflow/example_dags/example_dag_decorator.py took 0.759 seconds
[2023-04-23T01:35:53.780+0200] {processor.py:153} INFO - Started process (PID=48248) to work on /Users/siddalingkattimani/dbt_env/lib/python3.11/site-packages/airflow/example_dags/example_dag_decorator.py
[2023-04-23T01:35:53.783+0200] {processor.py:743} INFO - Processing file /Users/siddalingkattimani/dbt_env/lib/python3.11/site-packages/airflow/example_dags/example_dag_decorator.py for tasks to queue
[2023-04-23T01:35:53.784+0200] {logging_mixin.py:137} INFO - [2023-04-23T01:35:53.784+0200] {dagbag.py:532} INFO - Filling up the DagBag from /Users/siddalingkattimani/dbt_env/lib/python3.11/site-packages/airflow/example_dags/example_dag_decorator.py
[2023-04-23T01:35:53.916+0200] {logging_mixin.py:137} INFO - [2023-04-23T01:35:53.915+0200] {taskmixin.py:211} WARNING - Dependency <Task(_PythonDecoratedOperator): prepare_email>, send_email already registered for DAG: example_dag_decorator
[2023-04-23T01:35:53.916+0200] {logging_mixin.py:137} INFO - [2023-04-23T01:35:53.916+0200] {taskmixin.py:211} WARNING - Dependency <Task(EmailOperator): send_email>, prepare_email already registered for DAG: example_dag_decorator
[2023-04-23T01:35:53.946+0200] {processor.py:753} INFO - DAG(s) dict_keys(['example_dag_decorator']) retrieved from /Users/siddalingkattimani/dbt_env/lib/python3.11/site-packages/airflow/example_dags/example_dag_decorator.py
[2023-04-23T01:35:54.559+0200] {logging_mixin.py:137} INFO - [2023-04-23T01:35:54.559+0200] {dag.py:2705} INFO - Sync 1 DAGs
[2023-04-23T01:35:54.575+0200] {logging_mixin.py:137} INFO - [2023-04-23T01:35:54.575+0200] {dag.py:3452} INFO - Setting next_dagrun for example_dag_decorator to None, run_after=None
[2023-04-23T01:35:54.595+0200] {processor.py:175} INFO - Processing /Users/siddalingkattimani/dbt_env/lib/python3.11/site-packages/airflow/example_dags/example_dag_decorator.py took 0.815 seconds
