[2023-04-23T00:45:25.212+0200] {processor.py:153} INFO - Started process (PID=46798) to work on /Users/siddalingkattimani/dbt_env/lib/python3.11/site-packages/airflow/example_dags/example_branch_labels.py
[2023-04-23T00:45:25.215+0200] {processor.py:743} INFO - Processing file /Users/siddalingkattimani/dbt_env/lib/python3.11/site-packages/airflow/example_dags/example_branch_labels.py for tasks to queue
[2023-04-23T00:45:25.216+0200] {logging_mixin.py:137} INFO - [2023-04-23T00:45:25.216+0200] {dagbag.py:532} INFO - Filling up the DagBag from /Users/siddalingkattimani/dbt_env/lib/python3.11/site-packages/airflow/example_dags/example_branch_labels.py
[2023-04-23T00:45:25.239+0200] {processor.py:753} INFO - DAG(s) dict_keys(['example_branch_labels']) retrieved from /Users/siddalingkattimani/dbt_env/lib/python3.11/site-packages/airflow/example_dags/example_branch_labels.py
[2023-04-23T00:45:25.985+0200] {logging_mixin.py:137} INFO - [2023-04-23T00:45:25.985+0200] {manager.py:504} INFO - Created Permission View: can edit on DAG:example_branch_labels
[2023-04-23T00:45:25.994+0200] {logging_mixin.py:137} INFO - [2023-04-23T00:45:25.993+0200] {manager.py:504} INFO - Created Permission View: can delete on DAG:example_branch_labels
[2023-04-23T00:45:26.000+0200] {logging_mixin.py:137} INFO - [2023-04-23T00:45:25.999+0200] {manager.py:504} INFO - Created Permission View: can read on DAG:example_branch_labels
[2023-04-23T00:45:26.000+0200] {logging_mixin.py:137} INFO - [2023-04-23T00:45:26.000+0200] {dag.py:2705} INFO - Sync 1 DAGs
[2023-04-23T00:45:26.008+0200] {logging_mixin.py:137} INFO - [2023-04-23T00:45:26.008+0200] {dag.py:2726} INFO - Creating ORM DAG for example_branch_labels
[2023-04-23T00:45:26.024+0200] {logging_mixin.py:137} INFO - [2023-04-23T00:45:26.024+0200] {dag.py:3452} INFO - Setting next_dagrun for example_branch_labels to 2023-04-21T00:00:00+00:00, run_after=2023-04-22T00:00:00+00:00
[2023-04-23T00:45:26.040+0200] {processor.py:175} INFO - Processing /Users/siddalingkattimani/dbt_env/lib/python3.11/site-packages/airflow/example_dags/example_branch_labels.py took 0.829 seconds
[2023-04-23T00:47:24.608+0200] {processor.py:153} INFO - Started process (PID=46845) to work on /Users/siddalingkattimani/dbt_env/lib/python3.11/site-packages/airflow/example_dags/example_branch_labels.py
[2023-04-23T00:47:24.611+0200] {processor.py:743} INFO - Processing file /Users/siddalingkattimani/dbt_env/lib/python3.11/site-packages/airflow/example_dags/example_branch_labels.py for tasks to queue
[2023-04-23T00:47:24.612+0200] {logging_mixin.py:137} INFO - [2023-04-23T00:47:24.611+0200] {dagbag.py:532} INFO - Filling up the DagBag from /Users/siddalingkattimani/dbt_env/lib/python3.11/site-packages/airflow/example_dags/example_branch_labels.py
[2023-04-23T00:47:24.630+0200] {processor.py:753} INFO - DAG(s) dict_keys(['example_branch_labels']) retrieved from /Users/siddalingkattimani/dbt_env/lib/python3.11/site-packages/airflow/example_dags/example_branch_labels.py
[2023-04-23T00:47:25.317+0200] {logging_mixin.py:137} INFO - [2023-04-23T00:47:25.316+0200] {dag.py:2705} INFO - Sync 1 DAGs
[2023-04-23T00:47:25.332+0200] {logging_mixin.py:137} INFO - [2023-04-23T00:47:25.332+0200] {dag.py:3452} INFO - Setting next_dagrun for example_branch_labels to 2023-04-21T00:00:00+00:00, run_after=2023-04-22T00:00:00+00:00
[2023-04-23T00:47:25.349+0200] {processor.py:175} INFO - Processing /Users/siddalingkattimani/dbt_env/lib/python3.11/site-packages/airflow/example_dags/example_branch_labels.py took 0.742 seconds
[2023-04-23T00:49:26.479+0200] {processor.py:153} INFO - Started process (PID=46890) to work on /Users/siddalingkattimani/dbt_env/lib/python3.11/site-packages/airflow/example_dags/example_branch_labels.py
[2023-04-23T00:49:26.481+0200] {processor.py:743} INFO - Processing file /Users/siddalingkattimani/dbt_env/lib/python3.11/site-packages/airflow/example_dags/example_branch_labels.py for tasks to queue
[2023-04-23T00:49:26.482+0200] {logging_mixin.py:137} INFO - [2023-04-23T00:49:26.482+0200] {dagbag.py:532} INFO - Filling up the DagBag from /Users/siddalingkattimani/dbt_env/lib/python3.11/site-packages/airflow/example_dags/example_branch_labels.py
[2023-04-23T00:49:26.500+0200] {processor.py:753} INFO - DAG(s) dict_keys(['example_branch_labels']) retrieved from /Users/siddalingkattimani/dbt_env/lib/python3.11/site-packages/airflow/example_dags/example_branch_labels.py
[2023-04-23T00:49:27.261+0200] {logging_mixin.py:137} INFO - [2023-04-23T00:49:27.261+0200] {dag.py:2705} INFO - Sync 1 DAGs
[2023-04-23T00:49:27.277+0200] {logging_mixin.py:137} INFO - [2023-04-23T00:49:27.277+0200] {dag.py:3452} INFO - Setting next_dagrun for example_branch_labels to 2023-04-21T00:00:00+00:00, run_after=2023-04-22T00:00:00+00:00
[2023-04-23T00:49:27.294+0200] {processor.py:175} INFO - Processing /Users/siddalingkattimani/dbt_env/lib/python3.11/site-packages/airflow/example_dags/example_branch_labels.py took 0.816 seconds
[2023-04-23T00:51:39.223+0200] {processor.py:153} INFO - Started process (PID=46952) to work on /Users/siddalingkattimani/dbt_env/lib/python3.11/site-packages/airflow/example_dags/example_branch_labels.py
[2023-04-23T00:51:39.226+0200] {processor.py:743} INFO - Processing file /Users/siddalingkattimani/dbt_env/lib/python3.11/site-packages/airflow/example_dags/example_branch_labels.py for tasks to queue
[2023-04-23T00:51:39.226+0200] {logging_mixin.py:137} INFO - [2023-04-23T00:51:39.226+0200] {dagbag.py:532} INFO - Filling up the DagBag from /Users/siddalingkattimani/dbt_env/lib/python3.11/site-packages/airflow/example_dags/example_branch_labels.py
[2023-04-23T00:51:39.247+0200] {processor.py:753} INFO - DAG(s) dict_keys(['example_branch_labels']) retrieved from /Users/siddalingkattimani/dbt_env/lib/python3.11/site-packages/airflow/example_dags/example_branch_labels.py
[2023-04-23T00:51:39.965+0200] {logging_mixin.py:137} INFO - [2023-04-23T00:51:39.964+0200] {dag.py:2705} INFO - Sync 1 DAGs
[2023-04-23T00:51:39.980+0200] {logging_mixin.py:137} INFO - [2023-04-23T00:51:39.979+0200] {dag.py:3452} INFO - Setting next_dagrun for example_branch_labels to 2023-04-21T00:00:00+00:00, run_after=2023-04-22T00:00:00+00:00
[2023-04-23T00:51:40.004+0200] {processor.py:175} INFO - Processing /Users/siddalingkattimani/dbt_env/lib/python3.11/site-packages/airflow/example_dags/example_branch_labels.py took 0.782 seconds
[2023-04-23T00:53:40.358+0200] {processor.py:153} INFO - Started process (PID=46997) to work on /Users/siddalingkattimani/dbt_env/lib/python3.11/site-packages/airflow/example_dags/example_branch_labels.py
[2023-04-23T00:53:40.361+0200] {processor.py:743} INFO - Processing file /Users/siddalingkattimani/dbt_env/lib/python3.11/site-packages/airflow/example_dags/example_branch_labels.py for tasks to queue
[2023-04-23T00:53:40.362+0200] {logging_mixin.py:137} INFO - [2023-04-23T00:53:40.362+0200] {dagbag.py:532} INFO - Filling up the DagBag from /Users/siddalingkattimani/dbt_env/lib/python3.11/site-packages/airflow/example_dags/example_branch_labels.py
[2023-04-23T00:53:40.383+0200] {processor.py:753} INFO - DAG(s) dict_keys(['example_branch_labels']) retrieved from /Users/siddalingkattimani/dbt_env/lib/python3.11/site-packages/airflow/example_dags/example_branch_labels.py
[2023-04-23T00:53:41.141+0200] {logging_mixin.py:137} INFO - [2023-04-23T00:53:41.140+0200] {dag.py:2705} INFO - Sync 1 DAGs
[2023-04-23T00:53:41.159+0200] {logging_mixin.py:137} INFO - [2023-04-23T00:53:41.158+0200] {dag.py:3452} INFO - Setting next_dagrun for example_branch_labels to 2023-04-21T00:00:00+00:00, run_after=2023-04-22T00:00:00+00:00
[2023-04-23T00:53:41.180+0200] {processor.py:175} INFO - Processing /Users/siddalingkattimani/dbt_env/lib/python3.11/site-packages/airflow/example_dags/example_branch_labels.py took 0.822 seconds
[2023-04-23T00:55:43.161+0200] {processor.py:153} INFO - Started process (PID=47066) to work on /Users/siddalingkattimani/dbt_env/lib/python3.11/site-packages/airflow/example_dags/example_branch_labels.py
[2023-04-23T00:55:43.166+0200] {processor.py:743} INFO - Processing file /Users/siddalingkattimani/dbt_env/lib/python3.11/site-packages/airflow/example_dags/example_branch_labels.py for tasks to queue
[2023-04-23T00:55:43.168+0200] {logging_mixin.py:137} INFO - [2023-04-23T00:55:43.168+0200] {dagbag.py:532} INFO - Filling up the DagBag from /Users/siddalingkattimani/dbt_env/lib/python3.11/site-packages/airflow/example_dags/example_branch_labels.py
[2023-04-23T00:55:43.191+0200] {processor.py:753} INFO - DAG(s) dict_keys(['example_branch_labels']) retrieved from /Users/siddalingkattimani/dbt_env/lib/python3.11/site-packages/airflow/example_dags/example_branch_labels.py
[2023-04-23T00:55:43.856+0200] {logging_mixin.py:137} INFO - [2023-04-23T00:55:43.856+0200] {dag.py:2705} INFO - Sync 1 DAGs
[2023-04-23T00:55:43.870+0200] {logging_mixin.py:137} INFO - [2023-04-23T00:55:43.870+0200] {dag.py:3452} INFO - Setting next_dagrun for example_branch_labels to 2023-04-21T00:00:00+00:00, run_after=2023-04-22T00:00:00+00:00
[2023-04-23T00:55:43.887+0200] {processor.py:175} INFO - Processing /Users/siddalingkattimani/dbt_env/lib/python3.11/site-packages/airflow/example_dags/example_branch_labels.py took 0.726 seconds
[2023-04-23T00:57:50.614+0200] {processor.py:153} INFO - Started process (PID=47118) to work on /Users/siddalingkattimani/dbt_env/lib/python3.11/site-packages/airflow/example_dags/example_branch_labels.py
[2023-04-23T00:57:50.618+0200] {processor.py:743} INFO - Processing file /Users/siddalingkattimani/dbt_env/lib/python3.11/site-packages/airflow/example_dags/example_branch_labels.py for tasks to queue
[2023-04-23T00:57:50.618+0200] {logging_mixin.py:137} INFO - [2023-04-23T00:57:50.618+0200] {dagbag.py:532} INFO - Filling up the DagBag from /Users/siddalingkattimani/dbt_env/lib/python3.11/site-packages/airflow/example_dags/example_branch_labels.py
[2023-04-23T00:57:50.657+0200] {processor.py:753} INFO - DAG(s) dict_keys(['example_branch_labels']) retrieved from /Users/siddalingkattimani/dbt_env/lib/python3.11/site-packages/airflow/example_dags/example_branch_labels.py
[2023-04-23T00:57:51.434+0200] {logging_mixin.py:137} INFO - [2023-04-23T00:57:51.433+0200] {dag.py:2705} INFO - Sync 1 DAGs
[2023-04-23T00:57:51.449+0200] {logging_mixin.py:137} INFO - [2023-04-23T00:57:51.449+0200] {dag.py:3452} INFO - Setting next_dagrun for example_branch_labels to 2023-04-21T00:00:00+00:00, run_after=2023-04-22T00:00:00+00:00
[2023-04-23T00:57:51.469+0200] {processor.py:175} INFO - Processing /Users/siddalingkattimani/dbt_env/lib/python3.11/site-packages/airflow/example_dags/example_branch_labels.py took 0.856 seconds
[2023-04-23T00:59:55.235+0200] {processor.py:153} INFO - Started process (PID=47166) to work on /Users/siddalingkattimani/dbt_env/lib/python3.11/site-packages/airflow/example_dags/example_branch_labels.py
[2023-04-23T00:59:55.239+0200] {processor.py:743} INFO - Processing file /Users/siddalingkattimani/dbt_env/lib/python3.11/site-packages/airflow/example_dags/example_branch_labels.py for tasks to queue
[2023-04-23T00:59:55.240+0200] {logging_mixin.py:137} INFO - [2023-04-23T00:59:55.240+0200] {dagbag.py:532} INFO - Filling up the DagBag from /Users/siddalingkattimani/dbt_env/lib/python3.11/site-packages/airflow/example_dags/example_branch_labels.py
[2023-04-23T00:59:55.261+0200] {processor.py:753} INFO - DAG(s) dict_keys(['example_branch_labels']) retrieved from /Users/siddalingkattimani/dbt_env/lib/python3.11/site-packages/airflow/example_dags/example_branch_labels.py
[2023-04-23T00:59:55.967+0200] {logging_mixin.py:137} INFO - [2023-04-23T00:59:55.967+0200] {dag.py:2705} INFO - Sync 1 DAGs
[2023-04-23T00:59:55.983+0200] {logging_mixin.py:137} INFO - [2023-04-23T00:59:55.983+0200] {dag.py:3452} INFO - Setting next_dagrun for example_branch_labels to 2023-04-21T00:00:00+00:00, run_after=2023-04-22T00:00:00+00:00
[2023-04-23T00:59:56.000+0200] {processor.py:175} INFO - Processing /Users/siddalingkattimani/dbt_env/lib/python3.11/site-packages/airflow/example_dags/example_branch_labels.py took 0.766 seconds
[2023-04-23T01:02:13.604+0200] {processor.py:153} INFO - Started process (PID=47213) to work on /Users/siddalingkattimani/dbt_env/lib/python3.11/site-packages/airflow/example_dags/example_branch_labels.py
[2023-04-23T01:02:13.609+0200] {processor.py:743} INFO - Processing file /Users/siddalingkattimani/dbt_env/lib/python3.11/site-packages/airflow/example_dags/example_branch_labels.py for tasks to queue
[2023-04-23T01:02:13.610+0200] {logging_mixin.py:137} INFO - [2023-04-23T01:02:13.609+0200] {dagbag.py:532} INFO - Filling up the DagBag from /Users/siddalingkattimani/dbt_env/lib/python3.11/site-packages/airflow/example_dags/example_branch_labels.py
[2023-04-23T01:02:13.632+0200] {processor.py:753} INFO - DAG(s) dict_keys(['example_branch_labels']) retrieved from /Users/siddalingkattimani/dbt_env/lib/python3.11/site-packages/airflow/example_dags/example_branch_labels.py
[2023-04-23T01:02:14.367+0200] {logging_mixin.py:137} INFO - [2023-04-23T01:02:14.367+0200] {dag.py:2705} INFO - Sync 1 DAGs
[2023-04-23T01:02:14.389+0200] {logging_mixin.py:137} INFO - [2023-04-23T01:02:14.389+0200] {dag.py:3452} INFO - Setting next_dagrun for example_branch_labels to 2023-04-21T00:00:00+00:00, run_after=2023-04-22T00:00:00+00:00
[2023-04-23T01:02:14.415+0200] {processor.py:175} INFO - Processing /Users/siddalingkattimani/dbt_env/lib/python3.11/site-packages/airflow/example_dags/example_branch_labels.py took 0.811 seconds
[2023-04-23T01:04:13.175+0200] {processor.py:153} INFO - Started process (PID=47259) to work on /Users/siddalingkattimani/dbt_env/lib/python3.11/site-packages/airflow/example_dags/example_branch_labels.py
[2023-04-23T01:04:13.180+0200] {processor.py:743} INFO - Processing file /Users/siddalingkattimani/dbt_env/lib/python3.11/site-packages/airflow/example_dags/example_branch_labels.py for tasks to queue
[2023-04-23T01:04:13.180+0200] {logging_mixin.py:137} INFO - [2023-04-23T01:04:13.180+0200] {dagbag.py:532} INFO - Filling up the DagBag from /Users/siddalingkattimani/dbt_env/lib/python3.11/site-packages/airflow/example_dags/example_branch_labels.py
[2023-04-23T01:04:13.201+0200] {processor.py:753} INFO - DAG(s) dict_keys(['example_branch_labels']) retrieved from /Users/siddalingkattimani/dbt_env/lib/python3.11/site-packages/airflow/example_dags/example_branch_labels.py
[2023-04-23T01:04:13.922+0200] {logging_mixin.py:137} INFO - [2023-04-23T01:04:13.922+0200] {dag.py:2705} INFO - Sync 1 DAGs
[2023-04-23T01:04:13.939+0200] {logging_mixin.py:137} INFO - [2023-04-23T01:04:13.939+0200] {dag.py:3452} INFO - Setting next_dagrun for example_branch_labels to 2023-04-21T00:00:00+00:00, run_after=2023-04-22T00:00:00+00:00
[2023-04-23T01:04:13.964+0200] {processor.py:175} INFO - Processing /Users/siddalingkattimani/dbt_env/lib/python3.11/site-packages/airflow/example_dags/example_branch_labels.py took 0.790 seconds
[2023-04-23T01:06:26.426+0200] {processor.py:153} INFO - Started process (PID=47365) to work on /Users/siddalingkattimani/dbt_env/lib/python3.11/site-packages/airflow/example_dags/example_branch_labels.py
[2023-04-23T01:06:26.433+0200] {processor.py:743} INFO - Processing file /Users/siddalingkattimani/dbt_env/lib/python3.11/site-packages/airflow/example_dags/example_branch_labels.py for tasks to queue
[2023-04-23T01:06:26.433+0200] {logging_mixin.py:137} INFO - [2023-04-23T01:06:26.433+0200] {dagbag.py:532} INFO - Filling up the DagBag from /Users/siddalingkattimani/dbt_env/lib/python3.11/site-packages/airflow/example_dags/example_branch_labels.py
[2023-04-23T01:06:26.464+0200] {processor.py:753} INFO - DAG(s) dict_keys(['example_branch_labels']) retrieved from /Users/siddalingkattimani/dbt_env/lib/python3.11/site-packages/airflow/example_dags/example_branch_labels.py
[2023-04-23T01:06:27.423+0200] {logging_mixin.py:137} INFO - [2023-04-23T01:06:27.422+0200] {dag.py:2705} INFO - Sync 1 DAGs
[2023-04-23T01:06:27.447+0200] {logging_mixin.py:137} INFO - [2023-04-23T01:06:27.447+0200] {dag.py:3452} INFO - Setting next_dagrun for example_branch_labels to 2023-04-21T00:00:00+00:00, run_after=2023-04-22T00:00:00+00:00
[2023-04-23T01:06:27.473+0200] {processor.py:175} INFO - Processing /Users/siddalingkattimani/dbt_env/lib/python3.11/site-packages/airflow/example_dags/example_branch_labels.py took 1.047 seconds
[2023-04-23T01:09:00.936+0200] {processor.py:153} INFO - Started process (PID=47590) to work on /Users/siddalingkattimani/dbt_env/lib/python3.11/site-packages/airflow/example_dags/example_branch_labels.py
[2023-04-23T01:09:00.943+0200] {processor.py:743} INFO - Processing file /Users/siddalingkattimani/dbt_env/lib/python3.11/site-packages/airflow/example_dags/example_branch_labels.py for tasks to queue
[2023-04-23T01:09:00.944+0200] {logging_mixin.py:137} INFO - [2023-04-23T01:09:00.944+0200] {dagbag.py:532} INFO - Filling up the DagBag from /Users/siddalingkattimani/dbt_env/lib/python3.11/site-packages/airflow/example_dags/example_branch_labels.py
[2023-04-23T01:09:00.973+0200] {processor.py:753} INFO - DAG(s) dict_keys(['example_branch_labels']) retrieved from /Users/siddalingkattimani/dbt_env/lib/python3.11/site-packages/airflow/example_dags/example_branch_labels.py
[2023-04-23T01:09:01.863+0200] {logging_mixin.py:137} INFO - [2023-04-23T01:09:01.863+0200] {dag.py:2705} INFO - Sync 1 DAGs
[2023-04-23T01:09:01.881+0200] {logging_mixin.py:137} INFO - [2023-04-23T01:09:01.881+0200] {dag.py:3452} INFO - Setting next_dagrun for example_branch_labels to 2023-04-21T00:00:00+00:00, run_after=2023-04-22T00:00:00+00:00
[2023-04-23T01:09:01.903+0200] {processor.py:175} INFO - Processing /Users/siddalingkattimani/dbt_env/lib/python3.11/site-packages/airflow/example_dags/example_branch_labels.py took 0.967 seconds
[2023-04-23T01:11:30.590+0200] {processor.py:153} INFO - Started process (PID=47666) to work on /Users/siddalingkattimani/dbt_env/lib/python3.11/site-packages/airflow/example_dags/example_branch_labels.py
[2023-04-23T01:11:30.594+0200] {processor.py:743} INFO - Processing file /Users/siddalingkattimani/dbt_env/lib/python3.11/site-packages/airflow/example_dags/example_branch_labels.py for tasks to queue
[2023-04-23T01:11:30.595+0200] {logging_mixin.py:137} INFO - [2023-04-23T01:11:30.594+0200] {dagbag.py:532} INFO - Filling up the DagBag from /Users/siddalingkattimani/dbt_env/lib/python3.11/site-packages/airflow/example_dags/example_branch_labels.py
[2023-04-23T01:11:30.617+0200] {processor.py:753} INFO - DAG(s) dict_keys(['example_branch_labels']) retrieved from /Users/siddalingkattimani/dbt_env/lib/python3.11/site-packages/airflow/example_dags/example_branch_labels.py
[2023-04-23T01:11:31.309+0200] {logging_mixin.py:137} INFO - [2023-04-23T01:11:31.309+0200] {dag.py:2705} INFO - Sync 1 DAGs
[2023-04-23T01:11:31.331+0200] {logging_mixin.py:137} INFO - [2023-04-23T01:11:31.331+0200] {dag.py:3452} INFO - Setting next_dagrun for example_branch_labels to 2023-04-21T00:00:00+00:00, run_after=2023-04-22T00:00:00+00:00
[2023-04-23T01:11:31.350+0200] {processor.py:175} INFO - Processing /Users/siddalingkattimani/dbt_env/lib/python3.11/site-packages/airflow/example_dags/example_branch_labels.py took 0.761 seconds
[2023-04-23T01:13:31.383+0200] {processor.py:153} INFO - Started process (PID=47712) to work on /Users/siddalingkattimani/dbt_env/lib/python3.11/site-packages/airflow/example_dags/example_branch_labels.py
[2023-04-23T01:13:31.386+0200] {processor.py:743} INFO - Processing file /Users/siddalingkattimani/dbt_env/lib/python3.11/site-packages/airflow/example_dags/example_branch_labels.py for tasks to queue
[2023-04-23T01:13:31.386+0200] {logging_mixin.py:137} INFO - [2023-04-23T01:13:31.386+0200] {dagbag.py:532} INFO - Filling up the DagBag from /Users/siddalingkattimani/dbt_env/lib/python3.11/site-packages/airflow/example_dags/example_branch_labels.py
[2023-04-23T01:13:31.406+0200] {processor.py:753} INFO - DAG(s) dict_keys(['example_branch_labels']) retrieved from /Users/siddalingkattimani/dbt_env/lib/python3.11/site-packages/airflow/example_dags/example_branch_labels.py
[2023-04-23T01:13:32.096+0200] {logging_mixin.py:137} INFO - [2023-04-23T01:13:32.096+0200] {dag.py:2705} INFO - Sync 1 DAGs
[2023-04-23T01:13:32.113+0200] {logging_mixin.py:137} INFO - [2023-04-23T01:13:32.113+0200] {dag.py:3452} INFO - Setting next_dagrun for example_branch_labels to 2023-04-21T00:00:00+00:00, run_after=2023-04-22T00:00:00+00:00
[2023-04-23T01:13:32.128+0200] {processor.py:175} INFO - Processing /Users/siddalingkattimani/dbt_env/lib/python3.11/site-packages/airflow/example_dags/example_branch_labels.py took 0.747 seconds
[2023-04-23T01:15:35.161+0200] {processor.py:153} INFO - Started process (PID=47759) to work on /Users/siddalingkattimani/dbt_env/lib/python3.11/site-packages/airflow/example_dags/example_branch_labels.py
[2023-04-23T01:15:35.164+0200] {processor.py:743} INFO - Processing file /Users/siddalingkattimani/dbt_env/lib/python3.11/site-packages/airflow/example_dags/example_branch_labels.py for tasks to queue
[2023-04-23T01:15:35.165+0200] {logging_mixin.py:137} INFO - [2023-04-23T01:15:35.165+0200] {dagbag.py:532} INFO - Filling up the DagBag from /Users/siddalingkattimani/dbt_env/lib/python3.11/site-packages/airflow/example_dags/example_branch_labels.py
[2023-04-23T01:15:35.188+0200] {processor.py:753} INFO - DAG(s) dict_keys(['example_branch_labels']) retrieved from /Users/siddalingkattimani/dbt_env/lib/python3.11/site-packages/airflow/example_dags/example_branch_labels.py
[2023-04-23T01:15:35.874+0200] {logging_mixin.py:137} INFO - [2023-04-23T01:15:35.874+0200] {dag.py:2705} INFO - Sync 1 DAGs
[2023-04-23T01:15:35.890+0200] {logging_mixin.py:137} INFO - [2023-04-23T01:15:35.890+0200] {dag.py:3452} INFO - Setting next_dagrun for example_branch_labels to 2023-04-21T00:00:00+00:00, run_after=2023-04-22T00:00:00+00:00
[2023-04-23T01:15:35.905+0200] {processor.py:175} INFO - Processing /Users/siddalingkattimani/dbt_env/lib/python3.11/site-packages/airflow/example_dags/example_branch_labels.py took 0.745 seconds
[2023-04-23T01:17:39.511+0200] {processor.py:153} INFO - Started process (PID=47805) to work on /Users/siddalingkattimani/dbt_env/lib/python3.11/site-packages/airflow/example_dags/example_branch_labels.py
[2023-04-23T01:17:39.514+0200] {processor.py:743} INFO - Processing file /Users/siddalingkattimani/dbt_env/lib/python3.11/site-packages/airflow/example_dags/example_branch_labels.py for tasks to queue
[2023-04-23T01:17:39.514+0200] {logging_mixin.py:137} INFO - [2023-04-23T01:17:39.514+0200] {dagbag.py:532} INFO - Filling up the DagBag from /Users/siddalingkattimani/dbt_env/lib/python3.11/site-packages/airflow/example_dags/example_branch_labels.py
[2023-04-23T01:17:39.536+0200] {processor.py:753} INFO - DAG(s) dict_keys(['example_branch_labels']) retrieved from /Users/siddalingkattimani/dbt_env/lib/python3.11/site-packages/airflow/example_dags/example_branch_labels.py
[2023-04-23T01:17:40.226+0200] {logging_mixin.py:137} INFO - [2023-04-23T01:17:40.226+0200] {dag.py:2705} INFO - Sync 1 DAGs
[2023-04-23T01:17:40.242+0200] {logging_mixin.py:137} INFO - [2023-04-23T01:17:40.241+0200] {dag.py:3452} INFO - Setting next_dagrun for example_branch_labels to 2023-04-21T00:00:00+00:00, run_after=2023-04-22T00:00:00+00:00
[2023-04-23T01:17:40.257+0200] {processor.py:175} INFO - Processing /Users/siddalingkattimani/dbt_env/lib/python3.11/site-packages/airflow/example_dags/example_branch_labels.py took 0.747 seconds
[2023-04-23T01:19:41.068+0200] {processor.py:153} INFO - Started process (PID=47850) to work on /Users/siddalingkattimani/dbt_env/lib/python3.11/site-packages/airflow/example_dags/example_branch_labels.py
[2023-04-23T01:19:41.071+0200] {processor.py:743} INFO - Processing file /Users/siddalingkattimani/dbt_env/lib/python3.11/site-packages/airflow/example_dags/example_branch_labels.py for tasks to queue
[2023-04-23T01:19:41.072+0200] {logging_mixin.py:137} INFO - [2023-04-23T01:19:41.071+0200] {dagbag.py:532} INFO - Filling up the DagBag from /Users/siddalingkattimani/dbt_env/lib/python3.11/site-packages/airflow/example_dags/example_branch_labels.py
[2023-04-23T01:19:41.099+0200] {processor.py:753} INFO - DAG(s) dict_keys(['example_branch_labels']) retrieved from /Users/siddalingkattimani/dbt_env/lib/python3.11/site-packages/airflow/example_dags/example_branch_labels.py
[2023-04-23T01:19:41.867+0200] {logging_mixin.py:137} INFO - [2023-04-23T01:19:41.867+0200] {dag.py:2705} INFO - Sync 1 DAGs
[2023-04-23T01:19:41.884+0200] {logging_mixin.py:137} INFO - [2023-04-23T01:19:41.884+0200] {dag.py:3452} INFO - Setting next_dagrun for example_branch_labels to 2023-04-21T00:00:00+00:00, run_after=2023-04-22T00:00:00+00:00
[2023-04-23T01:19:41.902+0200] {processor.py:175} INFO - Processing /Users/siddalingkattimani/dbt_env/lib/python3.11/site-packages/airflow/example_dags/example_branch_labels.py took 0.835 seconds
[2023-04-23T01:21:47.769+0200] {processor.py:153} INFO - Started process (PID=47896) to work on /Users/siddalingkattimani/dbt_env/lib/python3.11/site-packages/airflow/example_dags/example_branch_labels.py
[2023-04-23T01:21:47.772+0200] {processor.py:743} INFO - Processing file /Users/siddalingkattimani/dbt_env/lib/python3.11/site-packages/airflow/example_dags/example_branch_labels.py for tasks to queue
[2023-04-23T01:21:47.772+0200] {logging_mixin.py:137} INFO - [2023-04-23T01:21:47.772+0200] {dagbag.py:532} INFO - Filling up the DagBag from /Users/siddalingkattimani/dbt_env/lib/python3.11/site-packages/airflow/example_dags/example_branch_labels.py
[2023-04-23T01:21:47.793+0200] {processor.py:753} INFO - DAG(s) dict_keys(['example_branch_labels']) retrieved from /Users/siddalingkattimani/dbt_env/lib/python3.11/site-packages/airflow/example_dags/example_branch_labels.py
[2023-04-23T01:21:48.456+0200] {logging_mixin.py:137} INFO - [2023-04-23T01:21:48.456+0200] {dag.py:2705} INFO - Sync 1 DAGs
[2023-04-23T01:21:48.473+0200] {logging_mixin.py:137} INFO - [2023-04-23T01:21:48.473+0200] {dag.py:3452} INFO - Setting next_dagrun for example_branch_labels to 2023-04-21T00:00:00+00:00, run_after=2023-04-22T00:00:00+00:00
[2023-04-23T01:21:48.490+0200] {processor.py:175} INFO - Processing /Users/siddalingkattimani/dbt_env/lib/python3.11/site-packages/airflow/example_dags/example_branch_labels.py took 0.721 seconds
[2023-04-23T01:23:46.556+0200] {processor.py:153} INFO - Started process (PID=47944) to work on /Users/siddalingkattimani/dbt_env/lib/python3.11/site-packages/airflow/example_dags/example_branch_labels.py
[2023-04-23T01:23:46.559+0200] {processor.py:743} INFO - Processing file /Users/siddalingkattimani/dbt_env/lib/python3.11/site-packages/airflow/example_dags/example_branch_labels.py for tasks to queue
[2023-04-23T01:23:46.559+0200] {logging_mixin.py:137} INFO - [2023-04-23T01:23:46.559+0200] {dagbag.py:532} INFO - Filling up the DagBag from /Users/siddalingkattimani/dbt_env/lib/python3.11/site-packages/airflow/example_dags/example_branch_labels.py
[2023-04-23T01:23:46.579+0200] {processor.py:753} INFO - DAG(s) dict_keys(['example_branch_labels']) retrieved from /Users/siddalingkattimani/dbt_env/lib/python3.11/site-packages/airflow/example_dags/example_branch_labels.py
[2023-04-23T01:23:47.324+0200] {logging_mixin.py:137} INFO - [2023-04-23T01:23:47.324+0200] {dag.py:2705} INFO - Sync 1 DAGs
[2023-04-23T01:23:47.339+0200] {logging_mixin.py:137} INFO - [2023-04-23T01:23:47.339+0200] {dag.py:3452} INFO - Setting next_dagrun for example_branch_labels to 2023-04-21T00:00:00+00:00, run_after=2023-04-22T00:00:00+00:00
[2023-04-23T01:23:47.355+0200] {processor.py:175} INFO - Processing /Users/siddalingkattimani/dbt_env/lib/python3.11/site-packages/airflow/example_dags/example_branch_labels.py took 0.800 seconds
[2023-04-23T01:25:44.535+0200] {processor.py:153} INFO - Started process (PID=48013) to work on /Users/siddalingkattimani/dbt_env/lib/python3.11/site-packages/airflow/example_dags/example_branch_labels.py
[2023-04-23T01:25:44.538+0200] {processor.py:743} INFO - Processing file /Users/siddalingkattimani/dbt_env/lib/python3.11/site-packages/airflow/example_dags/example_branch_labels.py for tasks to queue
[2023-04-23T01:25:44.539+0200] {logging_mixin.py:137} INFO - [2023-04-23T01:25:44.539+0200] {dagbag.py:532} INFO - Filling up the DagBag from /Users/siddalingkattimani/dbt_env/lib/python3.11/site-packages/airflow/example_dags/example_branch_labels.py
[2023-04-23T01:25:44.560+0200] {processor.py:753} INFO - DAG(s) dict_keys(['example_branch_labels']) retrieved from /Users/siddalingkattimani/dbt_env/lib/python3.11/site-packages/airflow/example_dags/example_branch_labels.py
[2023-04-23T01:25:45.221+0200] {logging_mixin.py:137} INFO - [2023-04-23T01:25:45.221+0200] {dag.py:2705} INFO - Sync 1 DAGs
[2023-04-23T01:25:45.237+0200] {logging_mixin.py:137} INFO - [2023-04-23T01:25:45.237+0200] {dag.py:3452} INFO - Setting next_dagrun for example_branch_labels to 2023-04-21T00:00:00+00:00, run_after=2023-04-22T00:00:00+00:00
[2023-04-23T01:25:45.255+0200] {processor.py:175} INFO - Processing /Users/siddalingkattimani/dbt_env/lib/python3.11/site-packages/airflow/example_dags/example_branch_labels.py took 0.720 seconds
[2023-04-23T01:27:49.694+0200] {processor.py:153} INFO - Started process (PID=48060) to work on /Users/siddalingkattimani/dbt_env/lib/python3.11/site-packages/airflow/example_dags/example_branch_labels.py
[2023-04-23T01:27:49.698+0200] {processor.py:743} INFO - Processing file /Users/siddalingkattimani/dbt_env/lib/python3.11/site-packages/airflow/example_dags/example_branch_labels.py for tasks to queue
[2023-04-23T01:27:49.698+0200] {logging_mixin.py:137} INFO - [2023-04-23T01:27:49.698+0200] {dagbag.py:532} INFO - Filling up the DagBag from /Users/siddalingkattimani/dbt_env/lib/python3.11/site-packages/airflow/example_dags/example_branch_labels.py
[2023-04-23T01:27:49.722+0200] {processor.py:753} INFO - DAG(s) dict_keys(['example_branch_labels']) retrieved from /Users/siddalingkattimani/dbt_env/lib/python3.11/site-packages/airflow/example_dags/example_branch_labels.py
[2023-04-23T01:27:50.433+0200] {logging_mixin.py:137} INFO - [2023-04-23T01:27:50.432+0200] {dag.py:2705} INFO - Sync 1 DAGs
[2023-04-23T01:27:50.447+0200] {logging_mixin.py:137} INFO - [2023-04-23T01:27:50.447+0200] {dag.py:3452} INFO - Setting next_dagrun for example_branch_labels to 2023-04-21T00:00:00+00:00, run_after=2023-04-22T00:00:00+00:00
[2023-04-23T01:27:50.463+0200] {processor.py:175} INFO - Processing /Users/siddalingkattimani/dbt_env/lib/python3.11/site-packages/airflow/example_dags/example_branch_labels.py took 0.770 seconds
[2023-04-23T01:29:57.337+0200] {processor.py:153} INFO - Started process (PID=48108) to work on /Users/siddalingkattimani/dbt_env/lib/python3.11/site-packages/airflow/example_dags/example_branch_labels.py
[2023-04-23T01:29:57.341+0200] {processor.py:743} INFO - Processing file /Users/siddalingkattimani/dbt_env/lib/python3.11/site-packages/airflow/example_dags/example_branch_labels.py for tasks to queue
[2023-04-23T01:29:57.341+0200] {logging_mixin.py:137} INFO - [2023-04-23T01:29:57.341+0200] {dagbag.py:532} INFO - Filling up the DagBag from /Users/siddalingkattimani/dbt_env/lib/python3.11/site-packages/airflow/example_dags/example_branch_labels.py
[2023-04-23T01:29:57.362+0200] {processor.py:753} INFO - DAG(s) dict_keys(['example_branch_labels']) retrieved from /Users/siddalingkattimani/dbt_env/lib/python3.11/site-packages/airflow/example_dags/example_branch_labels.py
[2023-04-23T01:29:58.015+0200] {logging_mixin.py:137} INFO - [2023-04-23T01:29:58.015+0200] {dag.py:2705} INFO - Sync 1 DAGs
[2023-04-23T01:29:58.030+0200] {logging_mixin.py:137} INFO - [2023-04-23T01:29:58.030+0200] {dag.py:3452} INFO - Setting next_dagrun for example_branch_labels to 2023-04-21T00:00:00+00:00, run_after=2023-04-22T00:00:00+00:00
[2023-04-23T01:29:58.046+0200] {processor.py:175} INFO - Processing /Users/siddalingkattimani/dbt_env/lib/python3.11/site-packages/airflow/example_dags/example_branch_labels.py took 0.709 seconds
[2023-04-23T01:31:55.712+0200] {processor.py:153} INFO - Started process (PID=48155) to work on /Users/siddalingkattimani/dbt_env/lib/python3.11/site-packages/airflow/example_dags/example_branch_labels.py
[2023-04-23T01:31:55.715+0200] {processor.py:743} INFO - Processing file /Users/siddalingkattimani/dbt_env/lib/python3.11/site-packages/airflow/example_dags/example_branch_labels.py for tasks to queue
[2023-04-23T01:31:55.716+0200] {logging_mixin.py:137} INFO - [2023-04-23T01:31:55.716+0200] {dagbag.py:532} INFO - Filling up the DagBag from /Users/siddalingkattimani/dbt_env/lib/python3.11/site-packages/airflow/example_dags/example_branch_labels.py
[2023-04-23T01:31:55.738+0200] {processor.py:753} INFO - DAG(s) dict_keys(['example_branch_labels']) retrieved from /Users/siddalingkattimani/dbt_env/lib/python3.11/site-packages/airflow/example_dags/example_branch_labels.py
[2023-04-23T01:31:56.406+0200] {logging_mixin.py:137} INFO - [2023-04-23T01:31:56.406+0200] {dag.py:2705} INFO - Sync 1 DAGs
[2023-04-23T01:31:56.421+0200] {logging_mixin.py:137} INFO - [2023-04-23T01:31:56.421+0200] {dag.py:3452} INFO - Setting next_dagrun for example_branch_labels to 2023-04-21T00:00:00+00:00, run_after=2023-04-22T00:00:00+00:00
[2023-04-23T01:31:56.437+0200] {processor.py:175} INFO - Processing /Users/siddalingkattimani/dbt_env/lib/python3.11/site-packages/airflow/example_dags/example_branch_labels.py took 0.726 seconds
[2023-04-23T01:34:02.051+0200] {processor.py:153} INFO - Started process (PID=48204) to work on /Users/siddalingkattimani/dbt_env/lib/python3.11/site-packages/airflow/example_dags/example_branch_labels.py
[2023-04-23T01:34:02.057+0200] {processor.py:743} INFO - Processing file /Users/siddalingkattimani/dbt_env/lib/python3.11/site-packages/airflow/example_dags/example_branch_labels.py for tasks to queue
[2023-04-23T01:34:02.058+0200] {logging_mixin.py:137} INFO - [2023-04-23T01:34:02.057+0200] {dagbag.py:532} INFO - Filling up the DagBag from /Users/siddalingkattimani/dbt_env/lib/python3.11/site-packages/airflow/example_dags/example_branch_labels.py
[2023-04-23T01:34:02.087+0200] {processor.py:753} INFO - DAG(s) dict_keys(['example_branch_labels']) retrieved from /Users/siddalingkattimani/dbt_env/lib/python3.11/site-packages/airflow/example_dags/example_branch_labels.py
[2023-04-23T01:34:02.775+0200] {logging_mixin.py:137} INFO - [2023-04-23T01:34:02.775+0200] {dag.py:2705} INFO - Sync 1 DAGs
[2023-04-23T01:34:02.792+0200] {logging_mixin.py:137} INFO - [2023-04-23T01:34:02.792+0200] {dag.py:3452} INFO - Setting next_dagrun for example_branch_labels to 2023-04-21T00:00:00+00:00, run_after=2023-04-22T00:00:00+00:00
[2023-04-23T01:34:02.809+0200] {processor.py:175} INFO - Processing /Users/siddalingkattimani/dbt_env/lib/python3.11/site-packages/airflow/example_dags/example_branch_labels.py took 0.759 seconds
