[2023-04-23T00:44:34.610+0200] {processor.py:153} INFO - Started process (PID=46779) to work on /Users/siddalingkattimani/dbt_env/lib/python3.11/site-packages/airflow/example_dags/example_sensors.py
[2023-04-23T00:44:34.613+0200] {processor.py:743} INFO - Processing file /Users/siddalingkattimani/dbt_env/lib/python3.11/site-packages/airflow/example_dags/example_sensors.py for tasks to queue
[2023-04-23T00:44:34.613+0200] {logging_mixin.py:137} INFO - [2023-04-23T00:44:34.613+0200] {dagbag.py:532} INFO - Filling up the DagBag from /Users/siddalingkattimani/dbt_env/lib/python3.11/site-packages/airflow/example_dags/example_sensors.py
[2023-04-23T00:44:34.638+0200] {processor.py:753} INFO - DAG(s) dict_keys(['example_sensors']) retrieved from /Users/siddalingkattimani/dbt_env/lib/python3.11/site-packages/airflow/example_dags/example_sensors.py
[2023-04-23T00:44:35.377+0200] {logging_mixin.py:137} INFO - [2023-04-23T00:44:35.376+0200] {manager.py:504} INFO - Created Permission View: can delete on DAG:example_sensors
[2023-04-23T00:44:35.383+0200] {logging_mixin.py:137} INFO - [2023-04-23T00:44:35.383+0200] {manager.py:504} INFO - Created Permission View: can read on DAG:example_sensors
[2023-04-23T00:44:35.389+0200] {logging_mixin.py:137} INFO - [2023-04-23T00:44:35.389+0200] {manager.py:504} INFO - Created Permission View: can edit on DAG:example_sensors
[2023-04-23T00:44:35.389+0200] {logging_mixin.py:137} INFO - [2023-04-23T00:44:35.389+0200] {dag.py:2705} INFO - Sync 1 DAGs
[2023-04-23T00:44:35.397+0200] {logging_mixin.py:137} INFO - [2023-04-23T00:44:35.397+0200] {dag.py:2726} INFO - Creating ORM DAG for example_sensors
[2023-04-23T00:44:35.403+0200] {logging_mixin.py:137} INFO - [2023-04-23T00:44:35.403+0200] {dag.py:3452} INFO - Setting next_dagrun for example_sensors to None, run_after=None
[2023-04-23T00:44:35.427+0200] {processor.py:175} INFO - Processing /Users/siddalingkattimani/dbt_env/lib/python3.11/site-packages/airflow/example_dags/example_sensors.py took 0.818 seconds
[2023-04-23T00:46:31.632+0200] {processor.py:153} INFO - Started process (PID=46824) to work on /Users/siddalingkattimani/dbt_env/lib/python3.11/site-packages/airflow/example_dags/example_sensors.py
[2023-04-23T00:46:31.635+0200] {processor.py:743} INFO - Processing file /Users/siddalingkattimani/dbt_env/lib/python3.11/site-packages/airflow/example_dags/example_sensors.py for tasks to queue
[2023-04-23T00:46:31.636+0200] {logging_mixin.py:137} INFO - [2023-04-23T00:46:31.636+0200] {dagbag.py:532} INFO - Filling up the DagBag from /Users/siddalingkattimani/dbt_env/lib/python3.11/site-packages/airflow/example_dags/example_sensors.py
[2023-04-23T00:46:31.661+0200] {processor.py:753} INFO - DAG(s) dict_keys(['example_sensors']) retrieved from /Users/siddalingkattimani/dbt_env/lib/python3.11/site-packages/airflow/example_dags/example_sensors.py
[2023-04-23T00:46:32.428+0200] {logging_mixin.py:137} INFO - [2023-04-23T00:46:32.428+0200] {dag.py:2705} INFO - Sync 1 DAGs
[2023-04-23T00:46:32.448+0200] {logging_mixin.py:137} INFO - [2023-04-23T00:46:32.448+0200] {dag.py:3452} INFO - Setting next_dagrun for example_sensors to None, run_after=None
[2023-04-23T00:46:32.466+0200] {processor.py:175} INFO - Processing /Users/siddalingkattimani/dbt_env/lib/python3.11/site-packages/airflow/example_dags/example_sensors.py took 0.835 seconds
[2023-04-23T00:48:35.441+0200] {processor.py:153} INFO - Started process (PID=46870) to work on /Users/siddalingkattimani/dbt_env/lib/python3.11/site-packages/airflow/example_dags/example_sensors.py
[2023-04-23T00:48:35.445+0200] {processor.py:743} INFO - Processing file /Users/siddalingkattimani/dbt_env/lib/python3.11/site-packages/airflow/example_dags/example_sensors.py for tasks to queue
[2023-04-23T00:48:35.445+0200] {logging_mixin.py:137} INFO - [2023-04-23T00:48:35.445+0200] {dagbag.py:532} INFO - Filling up the DagBag from /Users/siddalingkattimani/dbt_env/lib/python3.11/site-packages/airflow/example_dags/example_sensors.py
[2023-04-23T00:48:35.472+0200] {processor.py:753} INFO - DAG(s) dict_keys(['example_sensors']) retrieved from /Users/siddalingkattimani/dbt_env/lib/python3.11/site-packages/airflow/example_dags/example_sensors.py
[2023-04-23T00:48:36.236+0200] {logging_mixin.py:137} INFO - [2023-04-23T00:48:36.236+0200] {dag.py:2705} INFO - Sync 1 DAGs
[2023-04-23T00:48:36.250+0200] {logging_mixin.py:137} INFO - [2023-04-23T00:48:36.250+0200] {dag.py:3452} INFO - Setting next_dagrun for example_sensors to None, run_after=None
[2023-04-23T00:48:36.266+0200] {processor.py:175} INFO - Processing /Users/siddalingkattimani/dbt_env/lib/python3.11/site-packages/airflow/example_dags/example_sensors.py took 0.826 seconds
[2023-04-23T00:50:36.110+0200] {processor.py:153} INFO - Started process (PID=46916) to work on /Users/siddalingkattimani/dbt_env/lib/python3.11/site-packages/airflow/example_dags/example_sensors.py
[2023-04-23T00:50:36.113+0200] {processor.py:743} INFO - Processing file /Users/siddalingkattimani/dbt_env/lib/python3.11/site-packages/airflow/example_dags/example_sensors.py for tasks to queue
[2023-04-23T00:50:36.114+0200] {logging_mixin.py:137} INFO - [2023-04-23T00:50:36.114+0200] {dagbag.py:532} INFO - Filling up the DagBag from /Users/siddalingkattimani/dbt_env/lib/python3.11/site-packages/airflow/example_dags/example_sensors.py
[2023-04-23T00:50:36.139+0200] {processor.py:753} INFO - DAG(s) dict_keys(['example_sensors']) retrieved from /Users/siddalingkattimani/dbt_env/lib/python3.11/site-packages/airflow/example_dags/example_sensors.py
[2023-04-23T00:50:36.857+0200] {logging_mixin.py:137} INFO - [2023-04-23T00:50:36.857+0200] {dag.py:2705} INFO - Sync 1 DAGs
[2023-04-23T00:50:36.870+0200] {logging_mixin.py:137} INFO - [2023-04-23T00:50:36.870+0200] {dag.py:3452} INFO - Setting next_dagrun for example_sensors to None, run_after=None
[2023-04-23T00:50:36.887+0200] {processor.py:175} INFO - Processing /Users/siddalingkattimani/dbt_env/lib/python3.11/site-packages/airflow/example_dags/example_sensors.py took 0.777 seconds
[2023-04-23T00:52:48.117+0200] {processor.py:153} INFO - Started process (PID=46977) to work on /Users/siddalingkattimani/dbt_env/lib/python3.11/site-packages/airflow/example_dags/example_sensors.py
[2023-04-23T00:52:48.120+0200] {processor.py:743} INFO - Processing file /Users/siddalingkattimani/dbt_env/lib/python3.11/site-packages/airflow/example_dags/example_sensors.py for tasks to queue
[2023-04-23T00:52:48.120+0200] {logging_mixin.py:137} INFO - [2023-04-23T00:52:48.120+0200] {dagbag.py:532} INFO - Filling up the DagBag from /Users/siddalingkattimani/dbt_env/lib/python3.11/site-packages/airflow/example_dags/example_sensors.py
[2023-04-23T00:52:48.146+0200] {processor.py:753} INFO - DAG(s) dict_keys(['example_sensors']) retrieved from /Users/siddalingkattimani/dbt_env/lib/python3.11/site-packages/airflow/example_dags/example_sensors.py
[2023-04-23T00:52:48.892+0200] {logging_mixin.py:137} INFO - [2023-04-23T00:52:48.891+0200] {dag.py:2705} INFO - Sync 1 DAGs
[2023-04-23T00:52:48.907+0200] {logging_mixin.py:137} INFO - [2023-04-23T00:52:48.907+0200] {dag.py:3452} INFO - Setting next_dagrun for example_sensors to None, run_after=None
[2023-04-23T00:52:48.923+0200] {processor.py:175} INFO - Processing /Users/siddalingkattimani/dbt_env/lib/python3.11/site-packages/airflow/example_dags/example_sensors.py took 0.807 seconds
[2023-04-23T00:54:46.042+0200] {processor.py:153} INFO - Started process (PID=47044) to work on /Users/siddalingkattimani/dbt_env/lib/python3.11/site-packages/airflow/example_dags/example_sensors.py
[2023-04-23T00:54:46.046+0200] {processor.py:743} INFO - Processing file /Users/siddalingkattimani/dbt_env/lib/python3.11/site-packages/airflow/example_dags/example_sensors.py for tasks to queue
[2023-04-23T00:54:46.047+0200] {logging_mixin.py:137} INFO - [2023-04-23T00:54:46.046+0200] {dagbag.py:532} INFO - Filling up the DagBag from /Users/siddalingkattimani/dbt_env/lib/python3.11/site-packages/airflow/example_dags/example_sensors.py
[2023-04-23T00:54:46.074+0200] {processor.py:753} INFO - DAG(s) dict_keys(['example_sensors']) retrieved from /Users/siddalingkattimani/dbt_env/lib/python3.11/site-packages/airflow/example_dags/example_sensors.py
[2023-04-23T00:54:46.819+0200] {logging_mixin.py:137} INFO - [2023-04-23T00:54:46.819+0200] {dag.py:2705} INFO - Sync 1 DAGs
[2023-04-23T00:54:46.833+0200] {logging_mixin.py:137} INFO - [2023-04-23T00:54:46.833+0200] {dag.py:3452} INFO - Setting next_dagrun for example_sensors to None, run_after=None
[2023-04-23T00:54:46.852+0200] {processor.py:175} INFO - Processing /Users/siddalingkattimani/dbt_env/lib/python3.11/site-packages/airflow/example_dags/example_sensors.py took 0.811 seconds
[2023-04-23T00:56:51.370+0200] {processor.py:153} INFO - Started process (PID=47093) to work on /Users/siddalingkattimani/dbt_env/lib/python3.11/site-packages/airflow/example_dags/example_sensors.py
[2023-04-23T00:56:51.375+0200] {processor.py:743} INFO - Processing file /Users/siddalingkattimani/dbt_env/lib/python3.11/site-packages/airflow/example_dags/example_sensors.py for tasks to queue
[2023-04-23T00:56:51.376+0200] {logging_mixin.py:137} INFO - [2023-04-23T00:56:51.375+0200] {dagbag.py:532} INFO - Filling up the DagBag from /Users/siddalingkattimani/dbt_env/lib/python3.11/site-packages/airflow/example_dags/example_sensors.py
[2023-04-23T00:56:51.413+0200] {processor.py:753} INFO - DAG(s) dict_keys(['example_sensors']) retrieved from /Users/siddalingkattimani/dbt_env/lib/python3.11/site-packages/airflow/example_dags/example_sensors.py
[2023-04-23T00:56:52.159+0200] {logging_mixin.py:137} INFO - [2023-04-23T00:56:52.158+0200] {dag.py:2705} INFO - Sync 1 DAGs
[2023-04-23T00:56:52.172+0200] {logging_mixin.py:137} INFO - [2023-04-23T00:56:52.172+0200] {dag.py:3452} INFO - Setting next_dagrun for example_sensors to None, run_after=None
[2023-04-23T00:56:52.189+0200] {processor.py:175} INFO - Processing /Users/siddalingkattimani/dbt_env/lib/python3.11/site-packages/airflow/example_dags/example_sensors.py took 0.820 seconds
[2023-04-23T00:59:01.954+0200] {processor.py:153} INFO - Started process (PID=47145) to work on /Users/siddalingkattimani/dbt_env/lib/python3.11/site-packages/airflow/example_dags/example_sensors.py
[2023-04-23T00:59:01.960+0200] {processor.py:743} INFO - Processing file /Users/siddalingkattimani/dbt_env/lib/python3.11/site-packages/airflow/example_dags/example_sensors.py for tasks to queue
[2023-04-23T00:59:01.960+0200] {logging_mixin.py:137} INFO - [2023-04-23T00:59:01.960+0200] {dagbag.py:532} INFO - Filling up the DagBag from /Users/siddalingkattimani/dbt_env/lib/python3.11/site-packages/airflow/example_dags/example_sensors.py
[2023-04-23T00:59:02.001+0200] {processor.py:753} INFO - DAG(s) dict_keys(['example_sensors']) retrieved from /Users/siddalingkattimani/dbt_env/lib/python3.11/site-packages/airflow/example_dags/example_sensors.py
[2023-04-23T00:59:02.876+0200] {logging_mixin.py:137} INFO - [2023-04-23T00:59:02.876+0200] {dag.py:2705} INFO - Sync 1 DAGs
[2023-04-23T00:59:02.891+0200] {logging_mixin.py:137} INFO - [2023-04-23T00:59:02.891+0200] {dag.py:3452} INFO - Setting next_dagrun for example_sensors to None, run_after=None
[2023-04-23T00:59:02.908+0200] {processor.py:175} INFO - Processing /Users/siddalingkattimani/dbt_env/lib/python3.11/site-packages/airflow/example_dags/example_sensors.py took 0.954 seconds
[2023-04-23T01:01:09.166+0200] {processor.py:153} INFO - Started process (PID=47192) to work on /Users/siddalingkattimani/dbt_env/lib/python3.11/site-packages/airflow/example_dags/example_sensors.py
[2023-04-23T01:01:09.170+0200] {processor.py:743} INFO - Processing file /Users/siddalingkattimani/dbt_env/lib/python3.11/site-packages/airflow/example_dags/example_sensors.py for tasks to queue
[2023-04-23T01:01:09.171+0200] {logging_mixin.py:137} INFO - [2023-04-23T01:01:09.171+0200] {dagbag.py:532} INFO - Filling up the DagBag from /Users/siddalingkattimani/dbt_env/lib/python3.11/site-packages/airflow/example_dags/example_sensors.py
[2023-04-23T01:01:09.234+0200] {processor.py:753} INFO - DAG(s) dict_keys(['example_sensors']) retrieved from /Users/siddalingkattimani/dbt_env/lib/python3.11/site-packages/airflow/example_dags/example_sensors.py
[2023-04-23T01:01:10.313+0200] {logging_mixin.py:137} INFO - [2023-04-23T01:01:10.313+0200] {dag.py:2705} INFO - Sync 1 DAGs
[2023-04-23T01:01:10.339+0200] {logging_mixin.py:137} INFO - [2023-04-23T01:01:10.338+0200] {dag.py:3452} INFO - Setting next_dagrun for example_sensors to None, run_after=None
[2023-04-23T01:01:10.380+0200] {processor.py:175} INFO - Processing /Users/siddalingkattimani/dbt_env/lib/python3.11/site-packages/airflow/example_dags/example_sensors.py took 1.215 seconds
[2023-04-23T01:03:22.715+0200] {processor.py:153} INFO - Started process (PID=47239) to work on /Users/siddalingkattimani/dbt_env/lib/python3.11/site-packages/airflow/example_dags/example_sensors.py
[2023-04-23T01:03:22.719+0200] {processor.py:743} INFO - Processing file /Users/siddalingkattimani/dbt_env/lib/python3.11/site-packages/airflow/example_dags/example_sensors.py for tasks to queue
[2023-04-23T01:03:22.720+0200] {logging_mixin.py:137} INFO - [2023-04-23T01:03:22.720+0200] {dagbag.py:532} INFO - Filling up the DagBag from /Users/siddalingkattimani/dbt_env/lib/python3.11/site-packages/airflow/example_dags/example_sensors.py
[2023-04-23T01:03:22.750+0200] {processor.py:753} INFO - DAG(s) dict_keys(['example_sensors']) retrieved from /Users/siddalingkattimani/dbt_env/lib/python3.11/site-packages/airflow/example_dags/example_sensors.py
[2023-04-23T01:03:23.445+0200] {logging_mixin.py:137} INFO - [2023-04-23T01:03:23.445+0200] {dag.py:2705} INFO - Sync 1 DAGs
[2023-04-23T01:03:23.458+0200] {logging_mixin.py:137} INFO - [2023-04-23T01:03:23.457+0200] {dag.py:3452} INFO - Setting next_dagrun for example_sensors to None, run_after=None
[2023-04-23T01:03:23.475+0200] {processor.py:175} INFO - Processing /Users/siddalingkattimani/dbt_env/lib/python3.11/site-packages/airflow/example_dags/example_sensors.py took 0.761 seconds
[2023-04-23T01:05:29.421+0200] {processor.py:153} INFO - Started process (PID=47337) to work on /Users/siddalingkattimani/dbt_env/lib/python3.11/site-packages/airflow/example_dags/example_sensors.py
[2023-04-23T01:05:29.426+0200] {processor.py:743} INFO - Processing file /Users/siddalingkattimani/dbt_env/lib/python3.11/site-packages/airflow/example_dags/example_sensors.py for tasks to queue
[2023-04-23T01:05:29.427+0200] {logging_mixin.py:137} INFO - [2023-04-23T01:05:29.427+0200] {dagbag.py:532} INFO - Filling up the DagBag from /Users/siddalingkattimani/dbt_env/lib/python3.11/site-packages/airflow/example_dags/example_sensors.py
[2023-04-23T01:05:29.481+0200] {processor.py:753} INFO - DAG(s) dict_keys(['example_sensors']) retrieved from /Users/siddalingkattimani/dbt_env/lib/python3.11/site-packages/airflow/example_dags/example_sensors.py
[2023-04-23T01:05:30.631+0200] {logging_mixin.py:137} INFO - [2023-04-23T01:05:30.630+0200] {dag.py:2705} INFO - Sync 1 DAGs
[2023-04-23T01:05:30.661+0200] {logging_mixin.py:137} INFO - [2023-04-23T01:05:30.660+0200] {dag.py:3452} INFO - Setting next_dagrun for example_sensors to None, run_after=None
[2023-04-23T01:05:30.697+0200] {processor.py:175} INFO - Processing /Users/siddalingkattimani/dbt_env/lib/python3.11/site-packages/airflow/example_dags/example_sensors.py took 1.278 seconds
[2023-04-23T01:07:53.924+0200] {processor.py:153} INFO - Started process (PID=47464) to work on /Users/siddalingkattimani/dbt_env/lib/python3.11/site-packages/airflow/example_dags/example_sensors.py
[2023-04-23T01:07:53.928+0200] {processor.py:743} INFO - Processing file /Users/siddalingkattimani/dbt_env/lib/python3.11/site-packages/airflow/example_dags/example_sensors.py for tasks to queue
[2023-04-23T01:07:53.928+0200] {logging_mixin.py:137} INFO - [2023-04-23T01:07:53.928+0200] {dagbag.py:532} INFO - Filling up the DagBag from /Users/siddalingkattimani/dbt_env/lib/python3.11/site-packages/airflow/example_dags/example_sensors.py
[2023-04-23T01:07:53.970+0200] {processor.py:753} INFO - DAG(s) dict_keys(['example_sensors']) retrieved from /Users/siddalingkattimani/dbt_env/lib/python3.11/site-packages/airflow/example_dags/example_sensors.py
[2023-04-23T01:07:54.773+0200] {logging_mixin.py:137} INFO - [2023-04-23T01:07:54.773+0200] {dag.py:2705} INFO - Sync 1 DAGs
[2023-04-23T01:07:54.790+0200] {logging_mixin.py:137} INFO - [2023-04-23T01:07:54.790+0200] {dag.py:3452} INFO - Setting next_dagrun for example_sensors to None, run_after=None
[2023-04-23T01:07:54.807+0200] {processor.py:175} INFO - Processing /Users/siddalingkattimani/dbt_env/lib/python3.11/site-packages/airflow/example_dags/example_sensors.py took 0.884 seconds
[2023-04-23T01:10:28.699+0200] {processor.py:153} INFO - Started process (PID=47645) to work on /Users/siddalingkattimani/dbt_env/lib/python3.11/site-packages/airflow/example_dags/example_sensors.py
[2023-04-23T01:10:28.705+0200] {processor.py:743} INFO - Processing file /Users/siddalingkattimani/dbt_env/lib/python3.11/site-packages/airflow/example_dags/example_sensors.py for tasks to queue
[2023-04-23T01:10:28.706+0200] {logging_mixin.py:137} INFO - [2023-04-23T01:10:28.706+0200] {dagbag.py:532} INFO - Filling up the DagBag from /Users/siddalingkattimani/dbt_env/lib/python3.11/site-packages/airflow/example_dags/example_sensors.py
[2023-04-23T01:10:28.758+0200] {processor.py:753} INFO - DAG(s) dict_keys(['example_sensors']) retrieved from /Users/siddalingkattimani/dbt_env/lib/python3.11/site-packages/airflow/example_dags/example_sensors.py
[2023-04-23T01:10:29.974+0200] {logging_mixin.py:137} INFO - [2023-04-23T01:10:29.974+0200] {dag.py:2705} INFO - Sync 1 DAGs
[2023-04-23T01:10:29.999+0200] {logging_mixin.py:137} INFO - [2023-04-23T01:10:29.999+0200] {dag.py:3452} INFO - Setting next_dagrun for example_sensors to None, run_after=None
[2023-04-23T01:10:30.034+0200] {processor.py:175} INFO - Processing /Users/siddalingkattimani/dbt_env/lib/python3.11/site-packages/airflow/example_dags/example_sensors.py took 1.336 seconds
[2023-04-23T01:12:39.278+0200] {processor.py:153} INFO - Started process (PID=47691) to work on /Users/siddalingkattimani/dbt_env/lib/python3.11/site-packages/airflow/example_dags/example_sensors.py
[2023-04-23T01:12:39.283+0200] {processor.py:743} INFO - Processing file /Users/siddalingkattimani/dbt_env/lib/python3.11/site-packages/airflow/example_dags/example_sensors.py for tasks to queue
[2023-04-23T01:12:39.283+0200] {logging_mixin.py:137} INFO - [2023-04-23T01:12:39.283+0200] {dagbag.py:532} INFO - Filling up the DagBag from /Users/siddalingkattimani/dbt_env/lib/python3.11/site-packages/airflow/example_dags/example_sensors.py
[2023-04-23T01:12:39.319+0200] {processor.py:753} INFO - DAG(s) dict_keys(['example_sensors']) retrieved from /Users/siddalingkattimani/dbt_env/lib/python3.11/site-packages/airflow/example_dags/example_sensors.py
[2023-04-23T01:12:40.034+0200] {logging_mixin.py:137} INFO - [2023-04-23T01:12:40.034+0200] {dag.py:2705} INFO - Sync 1 DAGs
[2023-04-23T01:12:40.049+0200] {logging_mixin.py:137} INFO - [2023-04-23T01:12:40.049+0200] {dag.py:3452} INFO - Setting next_dagrun for example_sensors to None, run_after=None
[2023-04-23T01:12:40.076+0200] {processor.py:175} INFO - Processing /Users/siddalingkattimani/dbt_env/lib/python3.11/site-packages/airflow/example_dags/example_sensors.py took 0.798 seconds
[2023-04-23T01:14:39.931+0200] {processor.py:153} INFO - Started process (PID=47740) to work on /Users/siddalingkattimani/dbt_env/lib/python3.11/site-packages/airflow/example_dags/example_sensors.py
[2023-04-23T01:14:39.935+0200] {processor.py:743} INFO - Processing file /Users/siddalingkattimani/dbt_env/lib/python3.11/site-packages/airflow/example_dags/example_sensors.py for tasks to queue
[2023-04-23T01:14:39.935+0200] {logging_mixin.py:137} INFO - [2023-04-23T01:14:39.935+0200] {dagbag.py:532} INFO - Filling up the DagBag from /Users/siddalingkattimani/dbt_env/lib/python3.11/site-packages/airflow/example_dags/example_sensors.py
[2023-04-23T01:14:39.969+0200] {processor.py:753} INFO - DAG(s) dict_keys(['example_sensors']) retrieved from /Users/siddalingkattimani/dbt_env/lib/python3.11/site-packages/airflow/example_dags/example_sensors.py
[2023-04-23T01:14:40.692+0200] {logging_mixin.py:137} INFO - [2023-04-23T01:14:40.692+0200] {dag.py:2705} INFO - Sync 1 DAGs
[2023-04-23T01:14:40.705+0200] {logging_mixin.py:137} INFO - [2023-04-23T01:14:40.705+0200] {dag.py:3452} INFO - Setting next_dagrun for example_sensors to None, run_after=None
[2023-04-23T01:14:40.721+0200] {processor.py:175} INFO - Processing /Users/siddalingkattimani/dbt_env/lib/python3.11/site-packages/airflow/example_dags/example_sensors.py took 0.791 seconds
[2023-04-23T01:16:45.331+0200] {processor.py:153} INFO - Started process (PID=47785) to work on /Users/siddalingkattimani/dbt_env/lib/python3.11/site-packages/airflow/example_dags/example_sensors.py
[2023-04-23T01:16:45.335+0200] {processor.py:743} INFO - Processing file /Users/siddalingkattimani/dbt_env/lib/python3.11/site-packages/airflow/example_dags/example_sensors.py for tasks to queue
[2023-04-23T01:16:45.336+0200] {logging_mixin.py:137} INFO - [2023-04-23T01:16:45.335+0200] {dagbag.py:532} INFO - Filling up the DagBag from /Users/siddalingkattimani/dbt_env/lib/python3.11/site-packages/airflow/example_dags/example_sensors.py
[2023-04-23T01:16:45.413+0200] {processor.py:753} INFO - DAG(s) dict_keys(['example_sensors']) retrieved from /Users/siddalingkattimani/dbt_env/lib/python3.11/site-packages/airflow/example_dags/example_sensors.py
[2023-04-23T01:16:46.407+0200] {logging_mixin.py:137} INFO - [2023-04-23T01:16:46.406+0200] {dag.py:2705} INFO - Sync 1 DAGs
[2023-04-23T01:16:46.423+0200] {logging_mixin.py:137} INFO - [2023-04-23T01:16:46.423+0200] {dag.py:3452} INFO - Setting next_dagrun for example_sensors to None, run_after=None
[2023-04-23T01:16:46.446+0200] {processor.py:175} INFO - Processing /Users/siddalingkattimani/dbt_env/lib/python3.11/site-packages/airflow/example_dags/example_sensors.py took 1.116 seconds
[2023-04-23T01:18:48.296+0200] {processor.py:153} INFO - Started process (PID=47830) to work on /Users/siddalingkattimani/dbt_env/lib/python3.11/site-packages/airflow/example_dags/example_sensors.py
[2023-04-23T01:18:48.301+0200] {processor.py:743} INFO - Processing file /Users/siddalingkattimani/dbt_env/lib/python3.11/site-packages/airflow/example_dags/example_sensors.py for tasks to queue
[2023-04-23T01:18:48.302+0200] {logging_mixin.py:137} INFO - [2023-04-23T01:18:48.302+0200] {dagbag.py:532} INFO - Filling up the DagBag from /Users/siddalingkattimani/dbt_env/lib/python3.11/site-packages/airflow/example_dags/example_sensors.py
[2023-04-23T01:18:48.347+0200] {processor.py:753} INFO - DAG(s) dict_keys(['example_sensors']) retrieved from /Users/siddalingkattimani/dbt_env/lib/python3.11/site-packages/airflow/example_dags/example_sensors.py
[2023-04-23T01:18:49.110+0200] {logging_mixin.py:137} INFO - [2023-04-23T01:18:49.109+0200] {dag.py:2705} INFO - Sync 1 DAGs
[2023-04-23T01:18:49.125+0200] {logging_mixin.py:137} INFO - [2023-04-23T01:18:49.125+0200] {dag.py:3452} INFO - Setting next_dagrun for example_sensors to None, run_after=None
[2023-04-23T01:18:49.141+0200] {processor.py:175} INFO - Processing /Users/siddalingkattimani/dbt_env/lib/python3.11/site-packages/airflow/example_dags/example_sensors.py took 0.847 seconds
[2023-04-23T01:20:53.669+0200] {processor.py:153} INFO - Started process (PID=47876) to work on /Users/siddalingkattimani/dbt_env/lib/python3.11/site-packages/airflow/example_dags/example_sensors.py
[2023-04-23T01:20:53.673+0200] {processor.py:743} INFO - Processing file /Users/siddalingkattimani/dbt_env/lib/python3.11/site-packages/airflow/example_dags/example_sensors.py for tasks to queue
[2023-04-23T01:20:53.673+0200] {logging_mixin.py:137} INFO - [2023-04-23T01:20:53.673+0200] {dagbag.py:532} INFO - Filling up the DagBag from /Users/siddalingkattimani/dbt_env/lib/python3.11/site-packages/airflow/example_dags/example_sensors.py
[2023-04-23T01:20:53.702+0200] {processor.py:753} INFO - DAG(s) dict_keys(['example_sensors']) retrieved from /Users/siddalingkattimani/dbt_env/lib/python3.11/site-packages/airflow/example_dags/example_sensors.py
[2023-04-23T01:20:54.453+0200] {logging_mixin.py:137} INFO - [2023-04-23T01:20:54.453+0200] {dag.py:2705} INFO - Sync 1 DAGs
[2023-04-23T01:20:54.466+0200] {logging_mixin.py:137} INFO - [2023-04-23T01:20:54.466+0200] {dag.py:3452} INFO - Setting next_dagrun for example_sensors to None, run_after=None
[2023-04-23T01:20:54.483+0200] {processor.py:175} INFO - Processing /Users/siddalingkattimani/dbt_env/lib/python3.11/site-packages/airflow/example_dags/example_sensors.py took 0.815 seconds
[2023-04-23T01:22:56.305+0200] {processor.py:153} INFO - Started process (PID=47923) to work on /Users/siddalingkattimani/dbt_env/lib/python3.11/site-packages/airflow/example_dags/example_sensors.py
[2023-04-23T01:22:56.308+0200] {processor.py:743} INFO - Processing file /Users/siddalingkattimani/dbt_env/lib/python3.11/site-packages/airflow/example_dags/example_sensors.py for tasks to queue
[2023-04-23T01:22:56.308+0200] {logging_mixin.py:137} INFO - [2023-04-23T01:22:56.308+0200] {dagbag.py:532} INFO - Filling up the DagBag from /Users/siddalingkattimani/dbt_env/lib/python3.11/site-packages/airflow/example_dags/example_sensors.py
[2023-04-23T01:22:56.335+0200] {processor.py:753} INFO - DAG(s) dict_keys(['example_sensors']) retrieved from /Users/siddalingkattimani/dbt_env/lib/python3.11/site-packages/airflow/example_dags/example_sensors.py
[2023-04-23T01:22:57.020+0200] {logging_mixin.py:137} INFO - [2023-04-23T01:22:57.020+0200] {dag.py:2705} INFO - Sync 1 DAGs
[2023-04-23T01:22:57.033+0200] {logging_mixin.py:137} INFO - [2023-04-23T01:22:57.033+0200] {dag.py:3452} INFO - Setting next_dagrun for example_sensors to None, run_after=None
[2023-04-23T01:22:57.051+0200] {processor.py:175} INFO - Processing /Users/siddalingkattimani/dbt_env/lib/python3.11/site-packages/airflow/example_dags/example_sensors.py took 0.746 seconds
[2023-04-23T01:24:53.448+0200] {processor.py:153} INFO - Started process (PID=47975) to work on /Users/siddalingkattimani/dbt_env/lib/python3.11/site-packages/airflow/example_dags/example_sensors.py
[2023-04-23T01:24:53.452+0200] {processor.py:743} INFO - Processing file /Users/siddalingkattimani/dbt_env/lib/python3.11/site-packages/airflow/example_dags/example_sensors.py for tasks to queue
[2023-04-23T01:24:53.452+0200] {logging_mixin.py:137} INFO - [2023-04-23T01:24:53.452+0200] {dagbag.py:532} INFO - Filling up the DagBag from /Users/siddalingkattimani/dbt_env/lib/python3.11/site-packages/airflow/example_dags/example_sensors.py
[2023-04-23T01:24:53.482+0200] {processor.py:753} INFO - DAG(s) dict_keys(['example_sensors']) retrieved from /Users/siddalingkattimani/dbt_env/lib/python3.11/site-packages/airflow/example_dags/example_sensors.py
[2023-04-23T01:24:54.214+0200] {logging_mixin.py:137} INFO - [2023-04-23T01:24:54.213+0200] {dag.py:2705} INFO - Sync 1 DAGs
[2023-04-23T01:24:54.226+0200] {logging_mixin.py:137} INFO - [2023-04-23T01:24:54.226+0200] {dag.py:3452} INFO - Setting next_dagrun for example_sensors to None, run_after=None
[2023-04-23T01:24:54.243+0200] {processor.py:175} INFO - Processing /Users/siddalingkattimani/dbt_env/lib/python3.11/site-packages/airflow/example_dags/example_sensors.py took 0.796 seconds
[2023-04-23T01:26:54.995+0200] {processor.py:153} INFO - Started process (PID=48040) to work on /Users/siddalingkattimani/dbt_env/lib/python3.11/site-packages/airflow/example_dags/example_sensors.py
[2023-04-23T01:26:54.998+0200] {processor.py:743} INFO - Processing file /Users/siddalingkattimani/dbt_env/lib/python3.11/site-packages/airflow/example_dags/example_sensors.py for tasks to queue
[2023-04-23T01:26:54.998+0200] {logging_mixin.py:137} INFO - [2023-04-23T01:26:54.998+0200] {dagbag.py:532} INFO - Filling up the DagBag from /Users/siddalingkattimani/dbt_env/lib/python3.11/site-packages/airflow/example_dags/example_sensors.py
[2023-04-23T01:26:55.025+0200] {processor.py:753} INFO - DAG(s) dict_keys(['example_sensors']) retrieved from /Users/siddalingkattimani/dbt_env/lib/python3.11/site-packages/airflow/example_dags/example_sensors.py
[2023-04-23T01:26:55.713+0200] {logging_mixin.py:137} INFO - [2023-04-23T01:26:55.713+0200] {dag.py:2705} INFO - Sync 1 DAGs
[2023-04-23T01:26:55.726+0200] {logging_mixin.py:137} INFO - [2023-04-23T01:26:55.726+0200] {dag.py:3452} INFO - Setting next_dagrun for example_sensors to None, run_after=None
[2023-04-23T01:26:55.743+0200] {processor.py:175} INFO - Processing /Users/siddalingkattimani/dbt_env/lib/python3.11/site-packages/airflow/example_dags/example_sensors.py took 0.748 seconds
[2023-04-23T01:29:02.986+0200] {processor.py:153} INFO - Started process (PID=48088) to work on /Users/siddalingkattimani/dbt_env/lib/python3.11/site-packages/airflow/example_dags/example_sensors.py
[2023-04-23T01:29:02.989+0200] {processor.py:743} INFO - Processing file /Users/siddalingkattimani/dbt_env/lib/python3.11/site-packages/airflow/example_dags/example_sensors.py for tasks to queue
[2023-04-23T01:29:02.990+0200] {logging_mixin.py:137} INFO - [2023-04-23T01:29:02.990+0200] {dagbag.py:532} INFO - Filling up the DagBag from /Users/siddalingkattimani/dbt_env/lib/python3.11/site-packages/airflow/example_dags/example_sensors.py
[2023-04-23T01:29:03.020+0200] {processor.py:753} INFO - DAG(s) dict_keys(['example_sensors']) retrieved from /Users/siddalingkattimani/dbt_env/lib/python3.11/site-packages/airflow/example_dags/example_sensors.py
[2023-04-23T01:29:03.743+0200] {logging_mixin.py:137} INFO - [2023-04-23T01:29:03.742+0200] {dag.py:2705} INFO - Sync 1 DAGs
[2023-04-23T01:29:03.755+0200] {logging_mixin.py:137} INFO - [2023-04-23T01:29:03.755+0200] {dag.py:3452} INFO - Setting next_dagrun for example_sensors to None, run_after=None
[2023-04-23T01:29:03.773+0200] {processor.py:175} INFO - Processing /Users/siddalingkattimani/dbt_env/lib/python3.11/site-packages/airflow/example_dags/example_sensors.py took 0.789 seconds
[2023-04-23T01:31:03.304+0200] {processor.py:153} INFO - Started process (PID=48135) to work on /Users/siddalingkattimani/dbt_env/lib/python3.11/site-packages/airflow/example_dags/example_sensors.py
[2023-04-23T01:31:03.306+0200] {processor.py:743} INFO - Processing file /Users/siddalingkattimani/dbt_env/lib/python3.11/site-packages/airflow/example_dags/example_sensors.py for tasks to queue
[2023-04-23T01:31:03.307+0200] {logging_mixin.py:137} INFO - [2023-04-23T01:31:03.307+0200] {dagbag.py:532} INFO - Filling up the DagBag from /Users/siddalingkattimani/dbt_env/lib/python3.11/site-packages/airflow/example_dags/example_sensors.py
[2023-04-23T01:31:03.334+0200] {processor.py:753} INFO - DAG(s) dict_keys(['example_sensors']) retrieved from /Users/siddalingkattimani/dbt_env/lib/python3.11/site-packages/airflow/example_dags/example_sensors.py
[2023-04-23T01:31:04.016+0200] {logging_mixin.py:137} INFO - [2023-04-23T01:31:04.016+0200] {dag.py:2705} INFO - Sync 1 DAGs
[2023-04-23T01:31:04.028+0200] {logging_mixin.py:137} INFO - [2023-04-23T01:31:04.028+0200] {dag.py:3452} INFO - Setting next_dagrun for example_sensors to None, run_after=None
[2023-04-23T01:31:04.047+0200] {processor.py:175} INFO - Processing /Users/siddalingkattimani/dbt_env/lib/python3.11/site-packages/airflow/example_dags/example_sensors.py took 0.744 seconds
[2023-04-23T01:33:07.861+0200] {processor.py:153} INFO - Started process (PID=48183) to work on /Users/siddalingkattimani/dbt_env/lib/python3.11/site-packages/airflow/example_dags/example_sensors.py
[2023-04-23T01:33:07.866+0200] {processor.py:743} INFO - Processing file /Users/siddalingkattimani/dbt_env/lib/python3.11/site-packages/airflow/example_dags/example_sensors.py for tasks to queue
[2023-04-23T01:33:07.867+0200] {logging_mixin.py:137} INFO - [2023-04-23T01:33:07.867+0200] {dagbag.py:532} INFO - Filling up the DagBag from /Users/siddalingkattimani/dbt_env/lib/python3.11/site-packages/airflow/example_dags/example_sensors.py
[2023-04-23T01:33:07.911+0200] {processor.py:753} INFO - DAG(s) dict_keys(['example_sensors']) retrieved from /Users/siddalingkattimani/dbt_env/lib/python3.11/site-packages/airflow/example_dags/example_sensors.py
[2023-04-23T01:33:08.879+0200] {logging_mixin.py:137} INFO - [2023-04-23T01:33:08.878+0200] {dag.py:2705} INFO - Sync 1 DAGs
[2023-04-23T01:33:08.894+0200] {logging_mixin.py:137} INFO - [2023-04-23T01:33:08.893+0200] {dag.py:3452} INFO - Setting next_dagrun for example_sensors to None, run_after=None
[2023-04-23T01:33:08.912+0200] {processor.py:175} INFO - Processing /Users/siddalingkattimani/dbt_env/lib/python3.11/site-packages/airflow/example_dags/example_sensors.py took 1.052 seconds
[2023-04-23T01:35:13.062+0200] {processor.py:153} INFO - Started process (PID=48231) to work on /Users/siddalingkattimani/dbt_env/lib/python3.11/site-packages/airflow/example_dags/example_sensors.py
[2023-04-23T01:35:13.065+0200] {processor.py:743} INFO - Processing file /Users/siddalingkattimani/dbt_env/lib/python3.11/site-packages/airflow/example_dags/example_sensors.py for tasks to queue
[2023-04-23T01:35:13.065+0200] {logging_mixin.py:137} INFO - [2023-04-23T01:35:13.065+0200] {dagbag.py:532} INFO - Filling up the DagBag from /Users/siddalingkattimani/dbt_env/lib/python3.11/site-packages/airflow/example_dags/example_sensors.py
[2023-04-23T01:35:13.093+0200] {processor.py:753} INFO - DAG(s) dict_keys(['example_sensors']) retrieved from /Users/siddalingkattimani/dbt_env/lib/python3.11/site-packages/airflow/example_dags/example_sensors.py
[2023-04-23T01:35:13.758+0200] {logging_mixin.py:137} INFO - [2023-04-23T01:35:13.758+0200] {dag.py:2705} INFO - Sync 1 DAGs
[2023-04-23T01:35:13.771+0200] {logging_mixin.py:137} INFO - [2023-04-23T01:35:13.771+0200] {dag.py:3452} INFO - Setting next_dagrun for example_sensors to None, run_after=None
[2023-04-23T01:35:13.786+0200] {processor.py:175} INFO - Processing /Users/siddalingkattimani/dbt_env/lib/python3.11/site-packages/airflow/example_dags/example_sensors.py took 0.725 seconds
