[2023-04-23T00:44:06.173+0200] {processor.py:153} INFO - Started process (PID=46768) to work on /Users/siddalingkattimani/dbt_env/lib/python3.11/site-packages/airflow/example_dags/example_trigger_controller_dag.py
[2023-04-23T00:44:06.176+0200] {processor.py:743} INFO - Processing file /Users/siddalingkattimani/dbt_env/lib/python3.11/site-packages/airflow/example_dags/example_trigger_controller_dag.py for tasks to queue
[2023-04-23T00:44:06.177+0200] {logging_mixin.py:137} INFO - [2023-04-23T00:44:06.177+0200] {dagbag.py:532} INFO - Filling up the DagBag from /Users/siddalingkattimani/dbt_env/lib/python3.11/site-packages/airflow/example_dags/example_trigger_controller_dag.py
[2023-04-23T00:44:06.196+0200] {processor.py:753} INFO - DAG(s) dict_keys(['example_trigger_controller_dag']) retrieved from /Users/siddalingkattimani/dbt_env/lib/python3.11/site-packages/airflow/example_dags/example_trigger_controller_dag.py
[2023-04-23T00:44:06.953+0200] {logging_mixin.py:137} INFO - [2023-04-23T00:44:06.953+0200] {manager.py:504} INFO - Created Permission View: can edit on DAG:example_trigger_controller_dag
[2023-04-23T00:44:06.962+0200] {logging_mixin.py:137} INFO - [2023-04-23T00:44:06.962+0200] {manager.py:504} INFO - Created Permission View: can delete on DAG:example_trigger_controller_dag
[2023-04-23T00:44:06.968+0200] {logging_mixin.py:137} INFO - [2023-04-23T00:44:06.967+0200] {manager.py:504} INFO - Created Permission View: can read on DAG:example_trigger_controller_dag
[2023-04-23T00:44:06.968+0200] {logging_mixin.py:137} INFO - [2023-04-23T00:44:06.968+0200] {dag.py:2705} INFO - Sync 1 DAGs
[2023-04-23T00:44:06.976+0200] {logging_mixin.py:137} INFO - [2023-04-23T00:44:06.976+0200] {dag.py:2726} INFO - Creating ORM DAG for example_trigger_controller_dag
[2023-04-23T00:44:06.984+0200] {logging_mixin.py:137} INFO - [2023-04-23T00:44:06.984+0200] {dag.py:3452} INFO - Setting next_dagrun for example_trigger_controller_dag to 2021-01-01T00:00:00+00:00, run_after=2021-01-01T00:00:00+00:00
[2023-04-23T00:44:07.000+0200] {processor.py:175} INFO - Processing /Users/siddalingkattimani/dbt_env/lib/python3.11/site-packages/airflow/example_dags/example_trigger_controller_dag.py took 0.827 seconds
[2023-04-23T00:46:08.993+0200] {processor.py:153} INFO - Started process (PID=46815) to work on /Users/siddalingkattimani/dbt_env/lib/python3.11/site-packages/airflow/example_dags/example_trigger_controller_dag.py
[2023-04-23T00:46:08.996+0200] {processor.py:743} INFO - Processing file /Users/siddalingkattimani/dbt_env/lib/python3.11/site-packages/airflow/example_dags/example_trigger_controller_dag.py for tasks to queue
[2023-04-23T00:46:08.997+0200] {logging_mixin.py:137} INFO - [2023-04-23T00:46:08.997+0200] {dagbag.py:532} INFO - Filling up the DagBag from /Users/siddalingkattimani/dbt_env/lib/python3.11/site-packages/airflow/example_dags/example_trigger_controller_dag.py
[2023-04-23T00:46:09.013+0200] {processor.py:753} INFO - DAG(s) dict_keys(['example_trigger_controller_dag']) retrieved from /Users/siddalingkattimani/dbt_env/lib/python3.11/site-packages/airflow/example_dags/example_trigger_controller_dag.py
[2023-04-23T00:46:09.670+0200] {logging_mixin.py:137} INFO - [2023-04-23T00:46:09.670+0200] {dag.py:2705} INFO - Sync 1 DAGs
[2023-04-23T00:46:09.684+0200] {logging_mixin.py:137} INFO - [2023-04-23T00:46:09.684+0200] {dag.py:3452} INFO - Setting next_dagrun for example_trigger_controller_dag to 2021-01-01T00:00:00+00:00, run_after=2021-01-01T00:00:00+00:00
[2023-04-23T00:46:09.721+0200] {processor.py:175} INFO - Processing /Users/siddalingkattimani/dbt_env/lib/python3.11/site-packages/airflow/example_dags/example_trigger_controller_dag.py took 0.728 seconds
[2023-04-23T00:48:07.643+0200] {processor.py:153} INFO - Started process (PID=46861) to work on /Users/siddalingkattimani/dbt_env/lib/python3.11/site-packages/airflow/example_dags/example_trigger_controller_dag.py
[2023-04-23T00:48:07.647+0200] {processor.py:743} INFO - Processing file /Users/siddalingkattimani/dbt_env/lib/python3.11/site-packages/airflow/example_dags/example_trigger_controller_dag.py for tasks to queue
[2023-04-23T00:48:07.647+0200] {logging_mixin.py:137} INFO - [2023-04-23T00:48:07.647+0200] {dagbag.py:532} INFO - Filling up the DagBag from /Users/siddalingkattimani/dbt_env/lib/python3.11/site-packages/airflow/example_dags/example_trigger_controller_dag.py
[2023-04-23T00:48:07.666+0200] {processor.py:753} INFO - DAG(s) dict_keys(['example_trigger_controller_dag']) retrieved from /Users/siddalingkattimani/dbt_env/lib/python3.11/site-packages/airflow/example_dags/example_trigger_controller_dag.py
[2023-04-23T00:48:08.388+0200] {logging_mixin.py:137} INFO - [2023-04-23T00:48:08.388+0200] {dag.py:2705} INFO - Sync 1 DAGs
[2023-04-23T00:48:08.402+0200] {logging_mixin.py:137} INFO - [2023-04-23T00:48:08.402+0200] {dag.py:3452} INFO - Setting next_dagrun for example_trigger_controller_dag to 2021-01-01T00:00:00+00:00, run_after=2021-01-01T00:00:00+00:00
[2023-04-23T00:48:08.420+0200] {processor.py:175} INFO - Processing /Users/siddalingkattimani/dbt_env/lib/python3.11/site-packages/airflow/example_dags/example_trigger_controller_dag.py took 0.778 seconds
[2023-04-23T00:50:10.270+0200] {processor.py:153} INFO - Started process (PID=46907) to work on /Users/siddalingkattimani/dbt_env/lib/python3.11/site-packages/airflow/example_dags/example_trigger_controller_dag.py
[2023-04-23T00:50:10.273+0200] {processor.py:743} INFO - Processing file /Users/siddalingkattimani/dbt_env/lib/python3.11/site-packages/airflow/example_dags/example_trigger_controller_dag.py for tasks to queue
[2023-04-23T00:50:10.274+0200] {logging_mixin.py:137} INFO - [2023-04-23T00:50:10.274+0200] {dagbag.py:532} INFO - Filling up the DagBag from /Users/siddalingkattimani/dbt_env/lib/python3.11/site-packages/airflow/example_dags/example_trigger_controller_dag.py
[2023-04-23T00:50:10.291+0200] {processor.py:753} INFO - DAG(s) dict_keys(['example_trigger_controller_dag']) retrieved from /Users/siddalingkattimani/dbt_env/lib/python3.11/site-packages/airflow/example_dags/example_trigger_controller_dag.py
[2023-04-23T00:50:10.957+0200] {logging_mixin.py:137} INFO - [2023-04-23T00:50:10.956+0200] {dag.py:2705} INFO - Sync 1 DAGs
[2023-04-23T00:50:10.970+0200] {logging_mixin.py:137} INFO - [2023-04-23T00:50:10.970+0200] {dag.py:3452} INFO - Setting next_dagrun for example_trigger_controller_dag to 2021-01-01T00:00:00+00:00, run_after=2021-01-01T00:00:00+00:00
[2023-04-23T00:50:10.988+0200] {processor.py:175} INFO - Processing /Users/siddalingkattimani/dbt_env/lib/python3.11/site-packages/airflow/example_dags/example_trigger_controller_dag.py took 0.718 seconds
[2023-04-23T00:52:24.356+0200] {processor.py:153} INFO - Started process (PID=46968) to work on /Users/siddalingkattimani/dbt_env/lib/python3.11/site-packages/airflow/example_dags/example_trigger_controller_dag.py
[2023-04-23T00:52:24.359+0200] {processor.py:743} INFO - Processing file /Users/siddalingkattimani/dbt_env/lib/python3.11/site-packages/airflow/example_dags/example_trigger_controller_dag.py for tasks to queue
[2023-04-23T00:52:24.360+0200] {logging_mixin.py:137} INFO - [2023-04-23T00:52:24.360+0200] {dagbag.py:532} INFO - Filling up the DagBag from /Users/siddalingkattimani/dbt_env/lib/python3.11/site-packages/airflow/example_dags/example_trigger_controller_dag.py
[2023-04-23T00:52:24.378+0200] {processor.py:753} INFO - DAG(s) dict_keys(['example_trigger_controller_dag']) retrieved from /Users/siddalingkattimani/dbt_env/lib/python3.11/site-packages/airflow/example_dags/example_trigger_controller_dag.py
[2023-04-23T00:52:25.149+0200] {logging_mixin.py:137} INFO - [2023-04-23T00:52:25.149+0200] {dag.py:2705} INFO - Sync 1 DAGs
[2023-04-23T00:52:25.164+0200] {logging_mixin.py:137} INFO - [2023-04-23T00:52:25.164+0200] {dag.py:3452} INFO - Setting next_dagrun for example_trigger_controller_dag to 2021-01-01T00:00:00+00:00, run_after=2021-01-01T00:00:00+00:00
[2023-04-23T00:52:25.184+0200] {processor.py:175} INFO - Processing /Users/siddalingkattimani/dbt_env/lib/python3.11/site-packages/airflow/example_dags/example_trigger_controller_dag.py took 0.828 seconds
[2023-04-23T00:54:24.474+0200] {processor.py:153} INFO - Started process (PID=47033) to work on /Users/siddalingkattimani/dbt_env/lib/python3.11/site-packages/airflow/example_dags/example_trigger_controller_dag.py
[2023-04-23T00:54:24.477+0200] {processor.py:743} INFO - Processing file /Users/siddalingkattimani/dbt_env/lib/python3.11/site-packages/airflow/example_dags/example_trigger_controller_dag.py for tasks to queue
[2023-04-23T00:54:24.477+0200] {logging_mixin.py:137} INFO - [2023-04-23T00:54:24.477+0200] {dagbag.py:532} INFO - Filling up the DagBag from /Users/siddalingkattimani/dbt_env/lib/python3.11/site-packages/airflow/example_dags/example_trigger_controller_dag.py
[2023-04-23T00:54:24.495+0200] {processor.py:753} INFO - DAG(s) dict_keys(['example_trigger_controller_dag']) retrieved from /Users/siddalingkattimani/dbt_env/lib/python3.11/site-packages/airflow/example_dags/example_trigger_controller_dag.py
[2023-04-23T00:54:25.199+0200] {logging_mixin.py:137} INFO - [2023-04-23T00:54:25.199+0200] {dag.py:2705} INFO - Sync 1 DAGs
[2023-04-23T00:54:25.214+0200] {logging_mixin.py:137} INFO - [2023-04-23T00:54:25.214+0200] {dag.py:3452} INFO - Setting next_dagrun for example_trigger_controller_dag to 2021-01-01T00:00:00+00:00, run_after=2021-01-01T00:00:00+00:00
[2023-04-23T00:54:25.233+0200] {processor.py:175} INFO - Processing /Users/siddalingkattimani/dbt_env/lib/python3.11/site-packages/airflow/example_dags/example_trigger_controller_dag.py took 0.760 seconds
[2023-04-23T00:56:21.380+0200] {processor.py:153} INFO - Started process (PID=47082) to work on /Users/siddalingkattimani/dbt_env/lib/python3.11/site-packages/airflow/example_dags/example_trigger_controller_dag.py
[2023-04-23T00:56:21.385+0200] {processor.py:743} INFO - Processing file /Users/siddalingkattimani/dbt_env/lib/python3.11/site-packages/airflow/example_dags/example_trigger_controller_dag.py for tasks to queue
[2023-04-23T00:56:21.386+0200] {logging_mixin.py:137} INFO - [2023-04-23T00:56:21.385+0200] {dagbag.py:532} INFO - Filling up the DagBag from /Users/siddalingkattimani/dbt_env/lib/python3.11/site-packages/airflow/example_dags/example_trigger_controller_dag.py
[2023-04-23T00:56:21.415+0200] {processor.py:753} INFO - DAG(s) dict_keys(['example_trigger_controller_dag']) retrieved from /Users/siddalingkattimani/dbt_env/lib/python3.11/site-packages/airflow/example_dags/example_trigger_controller_dag.py
[2023-04-23T00:56:22.524+0200] {logging_mixin.py:137} INFO - [2023-04-23T00:56:22.524+0200] {dag.py:2705} INFO - Sync 1 DAGs
[2023-04-23T00:56:22.541+0200] {logging_mixin.py:137} INFO - [2023-04-23T00:56:22.541+0200] {dag.py:3452} INFO - Setting next_dagrun for example_trigger_controller_dag to 2021-01-01T00:00:00+00:00, run_after=2021-01-01T00:00:00+00:00
[2023-04-23T00:56:22.562+0200] {processor.py:175} INFO - Processing /Users/siddalingkattimani/dbt_env/lib/python3.11/site-packages/airflow/example_dags/example_trigger_controller_dag.py took 1.183 seconds
[2023-04-23T00:58:35.279+0200] {processor.py:153} INFO - Started process (PID=47135) to work on /Users/siddalingkattimani/dbt_env/lib/python3.11/site-packages/airflow/example_dags/example_trigger_controller_dag.py
[2023-04-23T00:58:35.284+0200] {processor.py:743} INFO - Processing file /Users/siddalingkattimani/dbt_env/lib/python3.11/site-packages/airflow/example_dags/example_trigger_controller_dag.py for tasks to queue
[2023-04-23T00:58:35.284+0200] {logging_mixin.py:137} INFO - [2023-04-23T00:58:35.284+0200] {dagbag.py:532} INFO - Filling up the DagBag from /Users/siddalingkattimani/dbt_env/lib/python3.11/site-packages/airflow/example_dags/example_trigger_controller_dag.py
[2023-04-23T00:58:35.309+0200] {processor.py:753} INFO - DAG(s) dict_keys(['example_trigger_controller_dag']) retrieved from /Users/siddalingkattimani/dbt_env/lib/python3.11/site-packages/airflow/example_dags/example_trigger_controller_dag.py
[2023-04-23T00:58:36.053+0200] {logging_mixin.py:137} INFO - [2023-04-23T00:58:36.053+0200] {dag.py:2705} INFO - Sync 1 DAGs
[2023-04-23T00:58:36.067+0200] {logging_mixin.py:137} INFO - [2023-04-23T00:58:36.067+0200] {dag.py:3452} INFO - Setting next_dagrun for example_trigger_controller_dag to 2021-01-01T00:00:00+00:00, run_after=2021-01-01T00:00:00+00:00
[2023-04-23T00:58:36.087+0200] {processor.py:175} INFO - Processing /Users/siddalingkattimani/dbt_env/lib/python3.11/site-packages/airflow/example_dags/example_trigger_controller_dag.py took 0.809 seconds
[2023-04-23T01:00:38.999+0200] {processor.py:153} INFO - Started process (PID=47182) to work on /Users/siddalingkattimani/dbt_env/lib/python3.11/site-packages/airflow/example_dags/example_trigger_controller_dag.py
[2023-04-23T01:00:39.003+0200] {processor.py:743} INFO - Processing file /Users/siddalingkattimani/dbt_env/lib/python3.11/site-packages/airflow/example_dags/example_trigger_controller_dag.py for tasks to queue
[2023-04-23T01:00:39.003+0200] {logging_mixin.py:137} INFO - [2023-04-23T01:00:39.003+0200] {dagbag.py:532} INFO - Filling up the DagBag from /Users/siddalingkattimani/dbt_env/lib/python3.11/site-packages/airflow/example_dags/example_trigger_controller_dag.py
[2023-04-23T01:00:39.021+0200] {processor.py:753} INFO - DAG(s) dict_keys(['example_trigger_controller_dag']) retrieved from /Users/siddalingkattimani/dbt_env/lib/python3.11/site-packages/airflow/example_dags/example_trigger_controller_dag.py
[2023-04-23T01:00:39.721+0200] {logging_mixin.py:137} INFO - [2023-04-23T01:00:39.721+0200] {dag.py:2705} INFO - Sync 1 DAGs
[2023-04-23T01:00:39.734+0200] {logging_mixin.py:137} INFO - [2023-04-23T01:00:39.733+0200] {dag.py:3452} INFO - Setting next_dagrun for example_trigger_controller_dag to 2021-01-01T00:00:00+00:00, run_after=2021-01-01T00:00:00+00:00
[2023-04-23T01:00:39.751+0200] {processor.py:175} INFO - Processing /Users/siddalingkattimani/dbt_env/lib/python3.11/site-packages/airflow/example_dags/example_trigger_controller_dag.py took 0.753 seconds
[2023-04-23T01:02:57.657+0200] {processor.py:153} INFO - Started process (PID=47230) to work on /Users/siddalingkattimani/dbt_env/lib/python3.11/site-packages/airflow/example_dags/example_trigger_controller_dag.py
[2023-04-23T01:02:57.661+0200] {processor.py:743} INFO - Processing file /Users/siddalingkattimani/dbt_env/lib/python3.11/site-packages/airflow/example_dags/example_trigger_controller_dag.py for tasks to queue
[2023-04-23T01:02:57.662+0200] {logging_mixin.py:137} INFO - [2023-04-23T01:02:57.662+0200] {dagbag.py:532} INFO - Filling up the DagBag from /Users/siddalingkattimani/dbt_env/lib/python3.11/site-packages/airflow/example_dags/example_trigger_controller_dag.py
[2023-04-23T01:02:57.680+0200] {processor.py:753} INFO - DAG(s) dict_keys(['example_trigger_controller_dag']) retrieved from /Users/siddalingkattimani/dbt_env/lib/python3.11/site-packages/airflow/example_dags/example_trigger_controller_dag.py
[2023-04-23T01:02:58.392+0200] {logging_mixin.py:137} INFO - [2023-04-23T01:02:58.391+0200] {dag.py:2705} INFO - Sync 1 DAGs
[2023-04-23T01:02:58.405+0200] {logging_mixin.py:137} INFO - [2023-04-23T01:02:58.404+0200] {dag.py:3452} INFO - Setting next_dagrun for example_trigger_controller_dag to 2021-01-01T00:00:00+00:00, run_after=2021-01-01T00:00:00+00:00
[2023-04-23T01:02:58.424+0200] {processor.py:175} INFO - Processing /Users/siddalingkattimani/dbt_env/lib/python3.11/site-packages/airflow/example_dags/example_trigger_controller_dag.py took 0.767 seconds
[2023-04-23T01:04:56.590+0200] {processor.py:153} INFO - Started process (PID=47278) to work on /Users/siddalingkattimani/dbt_env/lib/python3.11/site-packages/airflow/example_dags/example_trigger_controller_dag.py
[2023-04-23T01:04:56.593+0200] {processor.py:743} INFO - Processing file /Users/siddalingkattimani/dbt_env/lib/python3.11/site-packages/airflow/example_dags/example_trigger_controller_dag.py for tasks to queue
[2023-04-23T01:04:56.594+0200] {logging_mixin.py:137} INFO - [2023-04-23T01:04:56.594+0200] {dagbag.py:532} INFO - Filling up the DagBag from /Users/siddalingkattimani/dbt_env/lib/python3.11/site-packages/airflow/example_dags/example_trigger_controller_dag.py
[2023-04-23T01:04:56.613+0200] {processor.py:753} INFO - DAG(s) dict_keys(['example_trigger_controller_dag']) retrieved from /Users/siddalingkattimani/dbt_env/lib/python3.11/site-packages/airflow/example_dags/example_trigger_controller_dag.py
[2023-04-23T01:04:57.502+0200] {logging_mixin.py:137} INFO - [2023-04-23T01:04:57.502+0200] {dag.py:2705} INFO - Sync 1 DAGs
[2023-04-23T01:04:57.517+0200] {logging_mixin.py:137} INFO - [2023-04-23T01:04:57.516+0200] {dag.py:3452} INFO - Setting next_dagrun for example_trigger_controller_dag to 2021-01-01T00:00:00+00:00, run_after=2021-01-01T00:00:00+00:00
[2023-04-23T01:04:57.538+0200] {processor.py:175} INFO - Processing /Users/siddalingkattimani/dbt_env/lib/python3.11/site-packages/airflow/example_dags/example_trigger_controller_dag.py took 0.949 seconds
[2023-04-23T01:07:26.330+0200] {processor.py:153} INFO - Started process (PID=47411) to work on /Users/siddalingkattimani/dbt_env/lib/python3.11/site-packages/airflow/example_dags/example_trigger_controller_dag.py
[2023-04-23T01:07:26.334+0200] {processor.py:743} INFO - Processing file /Users/siddalingkattimani/dbt_env/lib/python3.11/site-packages/airflow/example_dags/example_trigger_controller_dag.py for tasks to queue
[2023-04-23T01:07:26.335+0200] {logging_mixin.py:137} INFO - [2023-04-23T01:07:26.335+0200] {dagbag.py:532} INFO - Filling up the DagBag from /Users/siddalingkattimani/dbt_env/lib/python3.11/site-packages/airflow/example_dags/example_trigger_controller_dag.py
[2023-04-23T01:07:26.361+0200] {processor.py:753} INFO - DAG(s) dict_keys(['example_trigger_controller_dag']) retrieved from /Users/siddalingkattimani/dbt_env/lib/python3.11/site-packages/airflow/example_dags/example_trigger_controller_dag.py
[2023-04-23T01:07:27.171+0200] {logging_mixin.py:137} INFO - [2023-04-23T01:07:27.170+0200] {dag.py:2705} INFO - Sync 1 DAGs
[2023-04-23T01:07:27.183+0200] {logging_mixin.py:137} INFO - [2023-04-23T01:07:27.183+0200] {dag.py:3452} INFO - Setting next_dagrun for example_trigger_controller_dag to 2021-01-01T00:00:00+00:00, run_after=2021-01-01T00:00:00+00:00
[2023-04-23T01:07:27.204+0200] {processor.py:175} INFO - Processing /Users/siddalingkattimani/dbt_env/lib/python3.11/site-packages/airflow/example_dags/example_trigger_controller_dag.py took 0.875 seconds
[2023-04-23T01:10:00.129+0200] {processor.py:153} INFO - Started process (PID=47636) to work on /Users/siddalingkattimani/dbt_env/lib/python3.11/site-packages/airflow/example_dags/example_trigger_controller_dag.py
[2023-04-23T01:10:00.133+0200] {processor.py:743} INFO - Processing file /Users/siddalingkattimani/dbt_env/lib/python3.11/site-packages/airflow/example_dags/example_trigger_controller_dag.py for tasks to queue
[2023-04-23T01:10:00.134+0200] {logging_mixin.py:137} INFO - [2023-04-23T01:10:00.134+0200] {dagbag.py:532} INFO - Filling up the DagBag from /Users/siddalingkattimani/dbt_env/lib/python3.11/site-packages/airflow/example_dags/example_trigger_controller_dag.py
[2023-04-23T01:10:00.157+0200] {processor.py:753} INFO - DAG(s) dict_keys(['example_trigger_controller_dag']) retrieved from /Users/siddalingkattimani/dbt_env/lib/python3.11/site-packages/airflow/example_dags/example_trigger_controller_dag.py
[2023-04-23T01:10:00.993+0200] {logging_mixin.py:137} INFO - [2023-04-23T01:10:00.993+0200] {dag.py:2705} INFO - Sync 1 DAGs
[2023-04-23T01:10:01.006+0200] {logging_mixin.py:137} INFO - [2023-04-23T01:10:01.006+0200] {dag.py:3452} INFO - Setting next_dagrun for example_trigger_controller_dag to 2021-01-01T00:00:00+00:00, run_after=2021-01-01T00:00:00+00:00
[2023-04-23T01:10:01.025+0200] {processor.py:175} INFO - Processing /Users/siddalingkattimani/dbt_env/lib/python3.11/site-packages/airflow/example_dags/example_trigger_controller_dag.py took 0.897 seconds
[2023-04-23T01:12:14.346+0200] {processor.py:153} INFO - Started process (PID=47682) to work on /Users/siddalingkattimani/dbt_env/lib/python3.11/site-packages/airflow/example_dags/example_trigger_controller_dag.py
[2023-04-23T01:12:14.350+0200] {processor.py:743} INFO - Processing file /Users/siddalingkattimani/dbt_env/lib/python3.11/site-packages/airflow/example_dags/example_trigger_controller_dag.py for tasks to queue
[2023-04-23T01:12:14.351+0200] {logging_mixin.py:137} INFO - [2023-04-23T01:12:14.350+0200] {dagbag.py:532} INFO - Filling up the DagBag from /Users/siddalingkattimani/dbt_env/lib/python3.11/site-packages/airflow/example_dags/example_trigger_controller_dag.py
[2023-04-23T01:12:14.369+0200] {processor.py:753} INFO - DAG(s) dict_keys(['example_trigger_controller_dag']) retrieved from /Users/siddalingkattimani/dbt_env/lib/python3.11/site-packages/airflow/example_dags/example_trigger_controller_dag.py
[2023-04-23T01:12:15.018+0200] {logging_mixin.py:137} INFO - [2023-04-23T01:12:15.018+0200] {dag.py:2705} INFO - Sync 1 DAGs
[2023-04-23T01:12:15.030+0200] {logging_mixin.py:137} INFO - [2023-04-23T01:12:15.030+0200] {dag.py:3452} INFO - Setting next_dagrun for example_trigger_controller_dag to 2021-01-01T00:00:00+00:00, run_after=2021-01-01T00:00:00+00:00
[2023-04-23T01:12:15.048+0200] {processor.py:175} INFO - Processing /Users/siddalingkattimani/dbt_env/lib/python3.11/site-packages/airflow/example_dags/example_trigger_controller_dag.py took 0.703 seconds
[2023-04-23T01:14:13.384+0200] {processor.py:153} INFO - Started process (PID=47729) to work on /Users/siddalingkattimani/dbt_env/lib/python3.11/site-packages/airflow/example_dags/example_trigger_controller_dag.py
[2023-04-23T01:14:13.388+0200] {processor.py:743} INFO - Processing file /Users/siddalingkattimani/dbt_env/lib/python3.11/site-packages/airflow/example_dags/example_trigger_controller_dag.py for tasks to queue
[2023-04-23T01:14:13.389+0200] {logging_mixin.py:137} INFO - [2023-04-23T01:14:13.389+0200] {dagbag.py:532} INFO - Filling up the DagBag from /Users/siddalingkattimani/dbt_env/lib/python3.11/site-packages/airflow/example_dags/example_trigger_controller_dag.py
[2023-04-23T01:14:13.407+0200] {processor.py:753} INFO - DAG(s) dict_keys(['example_trigger_controller_dag']) retrieved from /Users/siddalingkattimani/dbt_env/lib/python3.11/site-packages/airflow/example_dags/example_trigger_controller_dag.py
[2023-04-23T01:14:14.056+0200] {logging_mixin.py:137} INFO - [2023-04-23T01:14:14.056+0200] {dag.py:2705} INFO - Sync 1 DAGs
[2023-04-23T01:14:14.070+0200] {logging_mixin.py:137} INFO - [2023-04-23T01:14:14.070+0200] {dag.py:3452} INFO - Setting next_dagrun for example_trigger_controller_dag to 2021-01-01T00:00:00+00:00, run_after=2021-01-01T00:00:00+00:00
[2023-04-23T01:14:14.087+0200] {processor.py:175} INFO - Processing /Users/siddalingkattimani/dbt_env/lib/python3.11/site-packages/airflow/example_dags/example_trigger_controller_dag.py took 0.704 seconds
[2023-04-23T01:16:21.125+0200] {processor.py:153} INFO - Started process (PID=47775) to work on /Users/siddalingkattimani/dbt_env/lib/python3.11/site-packages/airflow/example_dags/example_trigger_controller_dag.py
[2023-04-23T01:16:21.128+0200] {processor.py:743} INFO - Processing file /Users/siddalingkattimani/dbt_env/lib/python3.11/site-packages/airflow/example_dags/example_trigger_controller_dag.py for tasks to queue
[2023-04-23T01:16:21.129+0200] {logging_mixin.py:137} INFO - [2023-04-23T01:16:21.129+0200] {dagbag.py:532} INFO - Filling up the DagBag from /Users/siddalingkattimani/dbt_env/lib/python3.11/site-packages/airflow/example_dags/example_trigger_controller_dag.py
[2023-04-23T01:16:21.149+0200] {processor.py:753} INFO - DAG(s) dict_keys(['example_trigger_controller_dag']) retrieved from /Users/siddalingkattimani/dbt_env/lib/python3.11/site-packages/airflow/example_dags/example_trigger_controller_dag.py
[2023-04-23T01:16:21.791+0200] {logging_mixin.py:137} INFO - [2023-04-23T01:16:21.791+0200] {dag.py:2705} INFO - Sync 1 DAGs
[2023-04-23T01:16:21.804+0200] {logging_mixin.py:137} INFO - [2023-04-23T01:16:21.804+0200] {dag.py:3452} INFO - Setting next_dagrun for example_trigger_controller_dag to 2021-01-01T00:00:00+00:00, run_after=2021-01-01T00:00:00+00:00
[2023-04-23T01:16:21.821+0200] {processor.py:175} INFO - Processing /Users/siddalingkattimani/dbt_env/lib/python3.11/site-packages/airflow/example_dags/example_trigger_controller_dag.py took 0.697 seconds
[2023-04-23T01:18:21.276+0200] {processor.py:153} INFO - Started process (PID=47821) to work on /Users/siddalingkattimani/dbt_env/lib/python3.11/site-packages/airflow/example_dags/example_trigger_controller_dag.py
[2023-04-23T01:18:21.279+0200] {processor.py:743} INFO - Processing file /Users/siddalingkattimani/dbt_env/lib/python3.11/site-packages/airflow/example_dags/example_trigger_controller_dag.py for tasks to queue
[2023-04-23T01:18:21.279+0200] {logging_mixin.py:137} INFO - [2023-04-23T01:18:21.279+0200] {dagbag.py:532} INFO - Filling up the DagBag from /Users/siddalingkattimani/dbt_env/lib/python3.11/site-packages/airflow/example_dags/example_trigger_controller_dag.py
[2023-04-23T01:18:21.301+0200] {processor.py:753} INFO - DAG(s) dict_keys(['example_trigger_controller_dag']) retrieved from /Users/siddalingkattimani/dbt_env/lib/python3.11/site-packages/airflow/example_dags/example_trigger_controller_dag.py
[2023-04-23T01:18:22.148+0200] {logging_mixin.py:137} INFO - [2023-04-23T01:18:22.148+0200] {dag.py:2705} INFO - Sync 1 DAGs
[2023-04-23T01:18:22.163+0200] {logging_mixin.py:137} INFO - [2023-04-23T01:18:22.163+0200] {dag.py:3452} INFO - Setting next_dagrun for example_trigger_controller_dag to 2021-01-01T00:00:00+00:00, run_after=2021-01-01T00:00:00+00:00
[2023-04-23T01:18:22.217+0200] {processor.py:175} INFO - Processing /Users/siddalingkattimani/dbt_env/lib/python3.11/site-packages/airflow/example_dags/example_trigger_controller_dag.py took 0.942 seconds
[2023-04-23T01:20:27.599+0200] {processor.py:153} INFO - Started process (PID=47866) to work on /Users/siddalingkattimani/dbt_env/lib/python3.11/site-packages/airflow/example_dags/example_trigger_controller_dag.py
[2023-04-23T01:20:27.603+0200] {processor.py:743} INFO - Processing file /Users/siddalingkattimani/dbt_env/lib/python3.11/site-packages/airflow/example_dags/example_trigger_controller_dag.py for tasks to queue
[2023-04-23T01:20:27.603+0200] {logging_mixin.py:137} INFO - [2023-04-23T01:20:27.603+0200] {dagbag.py:532} INFO - Filling up the DagBag from /Users/siddalingkattimani/dbt_env/lib/python3.11/site-packages/airflow/example_dags/example_trigger_controller_dag.py
[2023-04-23T01:20:27.631+0200] {processor.py:753} INFO - DAG(s) dict_keys(['example_trigger_controller_dag']) retrieved from /Users/siddalingkattimani/dbt_env/lib/python3.11/site-packages/airflow/example_dags/example_trigger_controller_dag.py
[2023-04-23T01:20:28.299+0200] {logging_mixin.py:137} INFO - [2023-04-23T01:20:28.299+0200] {dag.py:2705} INFO - Sync 1 DAGs
[2023-04-23T01:20:28.312+0200] {logging_mixin.py:137} INFO - [2023-04-23T01:20:28.312+0200] {dag.py:3452} INFO - Setting next_dagrun for example_trigger_controller_dag to 2021-01-01T00:00:00+00:00, run_after=2021-01-01T00:00:00+00:00
[2023-04-23T01:20:28.329+0200] {processor.py:175} INFO - Processing /Users/siddalingkattimani/dbt_env/lib/python3.11/site-packages/airflow/example_dags/example_trigger_controller_dag.py took 0.732 seconds
[2023-04-23T01:22:30.745+0200] {processor.py:153} INFO - Started process (PID=47913) to work on /Users/siddalingkattimani/dbt_env/lib/python3.11/site-packages/airflow/example_dags/example_trigger_controller_dag.py
[2023-04-23T01:22:30.748+0200] {processor.py:743} INFO - Processing file /Users/siddalingkattimani/dbt_env/lib/python3.11/site-packages/airflow/example_dags/example_trigger_controller_dag.py for tasks to queue
[2023-04-23T01:22:30.748+0200] {logging_mixin.py:137} INFO - [2023-04-23T01:22:30.748+0200] {dagbag.py:532} INFO - Filling up the DagBag from /Users/siddalingkattimani/dbt_env/lib/python3.11/site-packages/airflow/example_dags/example_trigger_controller_dag.py
[2023-04-23T01:22:30.765+0200] {processor.py:753} INFO - DAG(s) dict_keys(['example_trigger_controller_dag']) retrieved from /Users/siddalingkattimani/dbt_env/lib/python3.11/site-packages/airflow/example_dags/example_trigger_controller_dag.py
[2023-04-23T01:22:31.395+0200] {logging_mixin.py:137} INFO - [2023-04-23T01:22:31.395+0200] {dag.py:2705} INFO - Sync 1 DAGs
[2023-04-23T01:22:31.408+0200] {logging_mixin.py:137} INFO - [2023-04-23T01:22:31.408+0200] {dag.py:3452} INFO - Setting next_dagrun for example_trigger_controller_dag to 2021-01-01T00:00:00+00:00, run_after=2021-01-01T00:00:00+00:00
[2023-04-23T01:22:31.426+0200] {processor.py:175} INFO - Processing /Users/siddalingkattimani/dbt_env/lib/python3.11/site-packages/airflow/example_dags/example_trigger_controller_dag.py took 0.682 seconds
[2023-04-23T01:24:28.760+0200] {processor.py:153} INFO - Started process (PID=47965) to work on /Users/siddalingkattimani/dbt_env/lib/python3.11/site-packages/airflow/example_dags/example_trigger_controller_dag.py
[2023-04-23T01:24:28.763+0200] {processor.py:743} INFO - Processing file /Users/siddalingkattimani/dbt_env/lib/python3.11/site-packages/airflow/example_dags/example_trigger_controller_dag.py for tasks to queue
[2023-04-23T01:24:28.764+0200] {logging_mixin.py:137} INFO - [2023-04-23T01:24:28.764+0200] {dagbag.py:532} INFO - Filling up the DagBag from /Users/siddalingkattimani/dbt_env/lib/python3.11/site-packages/airflow/example_dags/example_trigger_controller_dag.py
[2023-04-23T01:24:28.786+0200] {processor.py:753} INFO - DAG(s) dict_keys(['example_trigger_controller_dag']) retrieved from /Users/siddalingkattimani/dbt_env/lib/python3.11/site-packages/airflow/example_dags/example_trigger_controller_dag.py
[2023-04-23T01:24:29.492+0200] {logging_mixin.py:137} INFO - [2023-04-23T01:24:29.492+0200] {dag.py:2705} INFO - Sync 1 DAGs
[2023-04-23T01:24:29.507+0200] {logging_mixin.py:137} INFO - [2023-04-23T01:24:29.507+0200] {dag.py:3452} INFO - Setting next_dagrun for example_trigger_controller_dag to 2021-01-01T00:00:00+00:00, run_after=2021-01-01T00:00:00+00:00
[2023-04-23T01:24:29.524+0200] {processor.py:175} INFO - Processing /Users/siddalingkattimani/dbt_env/lib/python3.11/site-packages/airflow/example_dags/example_trigger_controller_dag.py took 0.765 seconds
[2023-04-23T01:26:29.079+0200] {processor.py:153} INFO - Started process (PID=48030) to work on /Users/siddalingkattimani/dbt_env/lib/python3.11/site-packages/airflow/example_dags/example_trigger_controller_dag.py
[2023-04-23T01:26:29.083+0200] {processor.py:743} INFO - Processing file /Users/siddalingkattimani/dbt_env/lib/python3.11/site-packages/airflow/example_dags/example_trigger_controller_dag.py for tasks to queue
[2023-04-23T01:26:29.084+0200] {logging_mixin.py:137} INFO - [2023-04-23T01:26:29.084+0200] {dagbag.py:532} INFO - Filling up the DagBag from /Users/siddalingkattimani/dbt_env/lib/python3.11/site-packages/airflow/example_dags/example_trigger_controller_dag.py
[2023-04-23T01:26:29.105+0200] {processor.py:753} INFO - DAG(s) dict_keys(['example_trigger_controller_dag']) retrieved from /Users/siddalingkattimani/dbt_env/lib/python3.11/site-packages/airflow/example_dags/example_trigger_controller_dag.py
[2023-04-23T01:26:29.804+0200] {logging_mixin.py:137} INFO - [2023-04-23T01:26:29.804+0200] {dag.py:2705} INFO - Sync 1 DAGs
[2023-04-23T01:26:29.816+0200] {logging_mixin.py:137} INFO - [2023-04-23T01:26:29.816+0200] {dag.py:3452} INFO - Setting next_dagrun for example_trigger_controller_dag to 2021-01-01T00:00:00+00:00, run_after=2021-01-01T00:00:00+00:00
[2023-04-23T01:26:29.834+0200] {processor.py:175} INFO - Processing /Users/siddalingkattimani/dbt_env/lib/python3.11/site-packages/airflow/example_dags/example_trigger_controller_dag.py took 0.756 seconds
[2023-04-23T01:28:35.847+0200] {processor.py:153} INFO - Started process (PID=48076) to work on /Users/siddalingkattimani/dbt_env/lib/python3.11/site-packages/airflow/example_dags/example_trigger_controller_dag.py
[2023-04-23T01:28:35.851+0200] {processor.py:743} INFO - Processing file /Users/siddalingkattimani/dbt_env/lib/python3.11/site-packages/airflow/example_dags/example_trigger_controller_dag.py for tasks to queue
[2023-04-23T01:28:35.851+0200] {logging_mixin.py:137} INFO - [2023-04-23T01:28:35.851+0200] {dagbag.py:532} INFO - Filling up the DagBag from /Users/siddalingkattimani/dbt_env/lib/python3.11/site-packages/airflow/example_dags/example_trigger_controller_dag.py
[2023-04-23T01:28:35.877+0200] {processor.py:753} INFO - DAG(s) dict_keys(['example_trigger_controller_dag']) retrieved from /Users/siddalingkattimani/dbt_env/lib/python3.11/site-packages/airflow/example_dags/example_trigger_controller_dag.py
[2023-04-23T01:28:36.663+0200] {logging_mixin.py:137} INFO - [2023-04-23T01:28:36.662+0200] {dag.py:2705} INFO - Sync 1 DAGs
[2023-04-23T01:28:36.677+0200] {logging_mixin.py:137} INFO - [2023-04-23T01:28:36.677+0200] {dag.py:3452} INFO - Setting next_dagrun for example_trigger_controller_dag to 2021-01-01T00:00:00+00:00, run_after=2021-01-01T00:00:00+00:00
[2023-04-23T01:28:36.697+0200] {processor.py:175} INFO - Processing /Users/siddalingkattimani/dbt_env/lib/python3.11/site-packages/airflow/example_dags/example_trigger_controller_dag.py took 0.851 seconds
[2023-04-23T01:30:37.166+0200] {processor.py:153} INFO - Started process (PID=48124) to work on /Users/siddalingkattimani/dbt_env/lib/python3.11/site-packages/airflow/example_dags/example_trigger_controller_dag.py
[2023-04-23T01:30:37.169+0200] {processor.py:743} INFO - Processing file /Users/siddalingkattimani/dbt_env/lib/python3.11/site-packages/airflow/example_dags/example_trigger_controller_dag.py for tasks to queue
[2023-04-23T01:30:37.170+0200] {logging_mixin.py:137} INFO - [2023-04-23T01:30:37.170+0200] {dagbag.py:532} INFO - Filling up the DagBag from /Users/siddalingkattimani/dbt_env/lib/python3.11/site-packages/airflow/example_dags/example_trigger_controller_dag.py
[2023-04-23T01:30:37.188+0200] {processor.py:753} INFO - DAG(s) dict_keys(['example_trigger_controller_dag']) retrieved from /Users/siddalingkattimani/dbt_env/lib/python3.11/site-packages/airflow/example_dags/example_trigger_controller_dag.py
[2023-04-23T01:30:37.842+0200] {logging_mixin.py:137} INFO - [2023-04-23T01:30:37.841+0200] {dag.py:2705} INFO - Sync 1 DAGs
[2023-04-23T01:30:37.854+0200] {logging_mixin.py:137} INFO - [2023-04-23T01:30:37.854+0200] {dag.py:3452} INFO - Setting next_dagrun for example_trigger_controller_dag to 2021-01-01T00:00:00+00:00, run_after=2021-01-01T00:00:00+00:00
[2023-04-23T01:30:37.872+0200] {processor.py:175} INFO - Processing /Users/siddalingkattimani/dbt_env/lib/python3.11/site-packages/airflow/example_dags/example_trigger_controller_dag.py took 0.707 seconds
[2023-04-23T01:32:40.154+0200] {processor.py:153} INFO - Started process (PID=48173) to work on /Users/siddalingkattimani/dbt_env/lib/python3.11/site-packages/airflow/example_dags/example_trigger_controller_dag.py
[2023-04-23T01:32:40.157+0200] {processor.py:743} INFO - Processing file /Users/siddalingkattimani/dbt_env/lib/python3.11/site-packages/airflow/example_dags/example_trigger_controller_dag.py for tasks to queue
[2023-04-23T01:32:40.158+0200] {logging_mixin.py:137} INFO - [2023-04-23T01:32:40.158+0200] {dagbag.py:532} INFO - Filling up the DagBag from /Users/siddalingkattimani/dbt_env/lib/python3.11/site-packages/airflow/example_dags/example_trigger_controller_dag.py
[2023-04-23T01:32:40.179+0200] {processor.py:753} INFO - DAG(s) dict_keys(['example_trigger_controller_dag']) retrieved from /Users/siddalingkattimani/dbt_env/lib/python3.11/site-packages/airflow/example_dags/example_trigger_controller_dag.py
[2023-04-23T01:32:40.867+0200] {logging_mixin.py:137} INFO - [2023-04-23T01:32:40.867+0200] {dag.py:2705} INFO - Sync 1 DAGs
[2023-04-23T01:32:40.882+0200] {logging_mixin.py:137} INFO - [2023-04-23T01:32:40.882+0200] {dag.py:3452} INFO - Setting next_dagrun for example_trigger_controller_dag to 2021-01-01T00:00:00+00:00, run_after=2021-01-01T00:00:00+00:00
[2023-04-23T01:32:40.897+0200] {processor.py:175} INFO - Processing /Users/siddalingkattimani/dbt_env/lib/python3.11/site-packages/airflow/example_dags/example_trigger_controller_dag.py took 0.744 seconds
[2023-04-23T01:34:47.694+0200] {processor.py:153} INFO - Started process (PID=48221) to work on /Users/siddalingkattimani/dbt_env/lib/python3.11/site-packages/airflow/example_dags/example_trigger_controller_dag.py
[2023-04-23T01:34:47.697+0200] {processor.py:743} INFO - Processing file /Users/siddalingkattimani/dbt_env/lib/python3.11/site-packages/airflow/example_dags/example_trigger_controller_dag.py for tasks to queue
[2023-04-23T01:34:47.697+0200] {logging_mixin.py:137} INFO - [2023-04-23T01:34:47.697+0200] {dagbag.py:532} INFO - Filling up the DagBag from /Users/siddalingkattimani/dbt_env/lib/python3.11/site-packages/airflow/example_dags/example_trigger_controller_dag.py
[2023-04-23T01:34:47.716+0200] {processor.py:753} INFO - DAG(s) dict_keys(['example_trigger_controller_dag']) retrieved from /Users/siddalingkattimani/dbt_env/lib/python3.11/site-packages/airflow/example_dags/example_trigger_controller_dag.py
[2023-04-23T01:34:48.362+0200] {logging_mixin.py:137} INFO - [2023-04-23T01:34:48.361+0200] {dag.py:2705} INFO - Sync 1 DAGs
[2023-04-23T01:34:48.374+0200] {logging_mixin.py:137} INFO - [2023-04-23T01:34:48.374+0200] {dag.py:3452} INFO - Setting next_dagrun for example_trigger_controller_dag to 2021-01-01T00:00:00+00:00, run_after=2021-01-01T00:00:00+00:00
[2023-04-23T01:34:48.403+0200] {processor.py:175} INFO - Processing /Users/siddalingkattimani/dbt_env/lib/python3.11/site-packages/airflow/example_dags/example_trigger_controller_dag.py took 0.710 seconds
