[2023-04-23T00:45:16.419+0200] {processor.py:153} INFO - Started process (PID=46795) to work on /Users/siddalingkattimani/dbt_env/lib/python3.11/site-packages/airflow/example_dags/example_branch_python_dop_operator_3.py
[2023-04-23T00:45:16.422+0200] {processor.py:743} INFO - Processing file /Users/siddalingkattimani/dbt_env/lib/python3.11/site-packages/airflow/example_dags/example_branch_python_dop_operator_3.py for tasks to queue
[2023-04-23T00:45:16.422+0200] {logging_mixin.py:137} INFO - [2023-04-23T00:45:16.422+0200] {dagbag.py:532} INFO - Filling up the DagBag from /Users/siddalingkattimani/dbt_env/lib/python3.11/site-packages/airflow/example_dags/example_branch_python_dop_operator_3.py
[2023-04-23T00:45:16.460+0200] {processor.py:753} INFO - DAG(s) dict_keys(['example_branch_dop_operator_v3']) retrieved from /Users/siddalingkattimani/dbt_env/lib/python3.11/site-packages/airflow/example_dags/example_branch_python_dop_operator_3.py
[2023-04-23T00:45:17.203+0200] {logging_mixin.py:137} INFO - [2023-04-23T00:45:17.203+0200] {manager.py:504} INFO - Created Permission View: can edit on DAG:example_branch_dop_operator_v3
[2023-04-23T00:45:17.211+0200] {logging_mixin.py:137} INFO - [2023-04-23T00:45:17.211+0200] {manager.py:504} INFO - Created Permission View: can delete on DAG:example_branch_dop_operator_v3
[2023-04-23T00:45:17.218+0200] {logging_mixin.py:137} INFO - [2023-04-23T00:45:17.218+0200] {manager.py:504} INFO - Created Permission View: can read on DAG:example_branch_dop_operator_v3
[2023-04-23T00:45:17.218+0200] {logging_mixin.py:137} INFO - [2023-04-23T00:45:17.218+0200] {dag.py:2705} INFO - Sync 1 DAGs
[2023-04-23T00:45:17.227+0200] {logging_mixin.py:137} INFO - [2023-04-23T00:45:17.227+0200] {dag.py:2726} INFO - Creating ORM DAG for example_branch_dop_operator_v3
[2023-04-23T00:45:17.237+0200] {logging_mixin.py:137} INFO - [2023-04-23T00:45:17.237+0200] {dag.py:3452} INFO - Setting next_dagrun for example_branch_dop_operator_v3 to 2023-04-22T22:44:00+00:00, run_after=2023-04-22T22:45:00+00:00
[2023-04-23T00:45:17.253+0200] {processor.py:175} INFO - Processing /Users/siddalingkattimani/dbt_env/lib/python3.11/site-packages/airflow/example_dags/example_branch_python_dop_operator_3.py took 0.835 seconds
[2023-04-23T00:47:14.949+0200] {processor.py:153} INFO - Started process (PID=46842) to work on /Users/siddalingkattimani/dbt_env/lib/python3.11/site-packages/airflow/example_dags/example_branch_python_dop_operator_3.py
[2023-04-23T00:47:14.951+0200] {processor.py:743} INFO - Processing file /Users/siddalingkattimani/dbt_env/lib/python3.11/site-packages/airflow/example_dags/example_branch_python_dop_operator_3.py for tasks to queue
[2023-04-23T00:47:14.952+0200] {logging_mixin.py:137} INFO - [2023-04-23T00:47:14.952+0200] {dagbag.py:532} INFO - Filling up the DagBag from /Users/siddalingkattimani/dbt_env/lib/python3.11/site-packages/airflow/example_dags/example_branch_python_dop_operator_3.py
[2023-04-23T00:47:14.988+0200] {processor.py:753} INFO - DAG(s) dict_keys(['example_branch_dop_operator_v3']) retrieved from /Users/siddalingkattimani/dbt_env/lib/python3.11/site-packages/airflow/example_dags/example_branch_python_dop_operator_3.py
[2023-04-23T00:47:15.611+0200] {logging_mixin.py:137} INFO - [2023-04-23T00:47:15.610+0200] {dag.py:2705} INFO - Sync 1 DAGs
[2023-04-23T00:47:15.628+0200] {logging_mixin.py:137} INFO - [2023-04-23T00:47:15.628+0200] {dag.py:3452} INFO - Setting next_dagrun for example_branch_dop_operator_v3 to 2023-04-22T22:46:00+00:00, run_after=2023-04-22T22:47:00+00:00
[2023-04-23T00:47:15.647+0200] {processor.py:175} INFO - Processing /Users/siddalingkattimani/dbt_env/lib/python3.11/site-packages/airflow/example_dags/example_branch_python_dop_operator_3.py took 0.699 seconds
[2023-04-23T00:49:17.511+0200] {processor.py:153} INFO - Started process (PID=46887) to work on /Users/siddalingkattimani/dbt_env/lib/python3.11/site-packages/airflow/example_dags/example_branch_python_dop_operator_3.py
[2023-04-23T00:49:17.514+0200] {processor.py:743} INFO - Processing file /Users/siddalingkattimani/dbt_env/lib/python3.11/site-packages/airflow/example_dags/example_branch_python_dop_operator_3.py for tasks to queue
[2023-04-23T00:49:17.515+0200] {logging_mixin.py:137} INFO - [2023-04-23T00:49:17.515+0200] {dagbag.py:532} INFO - Filling up the DagBag from /Users/siddalingkattimani/dbt_env/lib/python3.11/site-packages/airflow/example_dags/example_branch_python_dop_operator_3.py
[2023-04-23T00:49:17.555+0200] {processor.py:753} INFO - DAG(s) dict_keys(['example_branch_dop_operator_v3']) retrieved from /Users/siddalingkattimani/dbt_env/lib/python3.11/site-packages/airflow/example_dags/example_branch_python_dop_operator_3.py
[2023-04-23T00:49:18.245+0200] {logging_mixin.py:137} INFO - [2023-04-23T00:49:18.245+0200] {dag.py:2705} INFO - Sync 1 DAGs
[2023-04-23T00:49:18.264+0200] {logging_mixin.py:137} INFO - [2023-04-23T00:49:18.264+0200] {dag.py:3452} INFO - Setting next_dagrun for example_branch_dop_operator_v3 to 2023-04-22T22:48:00+00:00, run_after=2023-04-22T22:49:00+00:00
[2023-04-23T00:49:18.280+0200] {processor.py:175} INFO - Processing /Users/siddalingkattimani/dbt_env/lib/python3.11/site-packages/airflow/example_dags/example_branch_python_dop_operator_3.py took 0.770 seconds
[2023-04-23T00:51:24.153+0200] {processor.py:153} INFO - Started process (PID=46943) to work on /Users/siddalingkattimani/dbt_env/lib/python3.11/site-packages/airflow/example_dags/example_branch_python_dop_operator_3.py
[2023-04-23T00:51:24.158+0200] {processor.py:743} INFO - Processing file /Users/siddalingkattimani/dbt_env/lib/python3.11/site-packages/airflow/example_dags/example_branch_python_dop_operator_3.py for tasks to queue
[2023-04-23T00:51:24.162+0200] {logging_mixin.py:137} INFO - [2023-04-23T00:51:24.161+0200] {dagbag.py:532} INFO - Filling up the DagBag from /Users/siddalingkattimani/dbt_env/lib/python3.11/site-packages/airflow/example_dags/example_branch_python_dop_operator_3.py
[2023-04-23T00:51:24.250+0200] {processor.py:753} INFO - DAG(s) dict_keys(['example_branch_dop_operator_v3']) retrieved from /Users/siddalingkattimani/dbt_env/lib/python3.11/site-packages/airflow/example_dags/example_branch_python_dop_operator_3.py
[2023-04-23T00:51:26.165+0200] {logging_mixin.py:137} INFO - [2023-04-23T00:51:26.164+0200] {dag.py:2705} INFO - Sync 1 DAGs
[2023-04-23T00:51:26.209+0200] {logging_mixin.py:137} INFO - [2023-04-23T00:51:26.209+0200] {dag.py:3452} INFO - Setting next_dagrun for example_branch_dop_operator_v3 to 2023-04-22T22:50:00+00:00, run_after=2023-04-22T22:51:00+00:00
[2023-04-23T00:51:26.270+0200] {processor.py:175} INFO - Processing /Users/siddalingkattimani/dbt_env/lib/python3.11/site-packages/airflow/example_dags/example_branch_python_dop_operator_3.py took 2.119 seconds
[2023-04-23T00:53:32.055+0200] {processor.py:153} INFO - Started process (PID=46994) to work on /Users/siddalingkattimani/dbt_env/lib/python3.11/site-packages/airflow/example_dags/example_branch_python_dop_operator_3.py
[2023-04-23T00:53:32.058+0200] {processor.py:743} INFO - Processing file /Users/siddalingkattimani/dbt_env/lib/python3.11/site-packages/airflow/example_dags/example_branch_python_dop_operator_3.py for tasks to queue
[2023-04-23T00:53:32.058+0200] {logging_mixin.py:137} INFO - [2023-04-23T00:53:32.058+0200] {dagbag.py:532} INFO - Filling up the DagBag from /Users/siddalingkattimani/dbt_env/lib/python3.11/site-packages/airflow/example_dags/example_branch_python_dop_operator_3.py
[2023-04-23T00:53:32.095+0200] {processor.py:753} INFO - DAG(s) dict_keys(['example_branch_dop_operator_v3']) retrieved from /Users/siddalingkattimani/dbt_env/lib/python3.11/site-packages/airflow/example_dags/example_branch_python_dop_operator_3.py
[2023-04-23T00:53:32.745+0200] {logging_mixin.py:137} INFO - [2023-04-23T00:53:32.745+0200] {dag.py:2705} INFO - Sync 1 DAGs
[2023-04-23T00:53:32.762+0200] {logging_mixin.py:137} INFO - [2023-04-23T00:53:32.762+0200] {dag.py:3452} INFO - Setting next_dagrun for example_branch_dop_operator_v3 to 2023-04-22T22:52:00+00:00, run_after=2023-04-22T22:53:00+00:00
[2023-04-23T00:53:32.779+0200] {processor.py:175} INFO - Processing /Users/siddalingkattimani/dbt_env/lib/python3.11/site-packages/airflow/example_dags/example_branch_python_dop_operator_3.py took 0.724 seconds
[2023-04-23T00:55:34.057+0200] {processor.py:153} INFO - Started process (PID=47063) to work on /Users/siddalingkattimani/dbt_env/lib/python3.11/site-packages/airflow/example_dags/example_branch_python_dop_operator_3.py
[2023-04-23T00:55:34.062+0200] {processor.py:743} INFO - Processing file /Users/siddalingkattimani/dbt_env/lib/python3.11/site-packages/airflow/example_dags/example_branch_python_dop_operator_3.py for tasks to queue
[2023-04-23T00:55:34.063+0200] {logging_mixin.py:137} INFO - [2023-04-23T00:55:34.063+0200] {dagbag.py:532} INFO - Filling up the DagBag from /Users/siddalingkattimani/dbt_env/lib/python3.11/site-packages/airflow/example_dags/example_branch_python_dop_operator_3.py
[2023-04-23T00:55:34.113+0200] {processor.py:753} INFO - DAG(s) dict_keys(['example_branch_dop_operator_v3']) retrieved from /Users/siddalingkattimani/dbt_env/lib/python3.11/site-packages/airflow/example_dags/example_branch_python_dop_operator_3.py
[2023-04-23T00:55:34.766+0200] {logging_mixin.py:137} INFO - [2023-04-23T00:55:34.765+0200] {dag.py:2705} INFO - Sync 1 DAGs
[2023-04-23T00:55:34.784+0200] {logging_mixin.py:137} INFO - [2023-04-23T00:55:34.784+0200] {dag.py:3452} INFO - Setting next_dagrun for example_branch_dop_operator_v3 to 2023-04-22T22:54:00+00:00, run_after=2023-04-22T22:55:00+00:00
[2023-04-23T00:55:34.800+0200] {processor.py:175} INFO - Processing /Users/siddalingkattimani/dbt_env/lib/python3.11/site-packages/airflow/example_dags/example_branch_python_dop_operator_3.py took 0.744 seconds
[2023-04-23T00:57:41.405+0200] {processor.py:153} INFO - Started process (PID=47114) to work on /Users/siddalingkattimani/dbt_env/lib/python3.11/site-packages/airflow/example_dags/example_branch_python_dop_operator_3.py
[2023-04-23T00:57:41.408+0200] {processor.py:743} INFO - Processing file /Users/siddalingkattimani/dbt_env/lib/python3.11/site-packages/airflow/example_dags/example_branch_python_dop_operator_3.py for tasks to queue
[2023-04-23T00:57:41.409+0200] {logging_mixin.py:137} INFO - [2023-04-23T00:57:41.409+0200] {dagbag.py:532} INFO - Filling up the DagBag from /Users/siddalingkattimani/dbt_env/lib/python3.11/site-packages/airflow/example_dags/example_branch_python_dop_operator_3.py
[2023-04-23T00:57:41.451+0200] {processor.py:753} INFO - DAG(s) dict_keys(['example_branch_dop_operator_v3']) retrieved from /Users/siddalingkattimani/dbt_env/lib/python3.11/site-packages/airflow/example_dags/example_branch_python_dop_operator_3.py
[2023-04-23T00:57:42.113+0200] {logging_mixin.py:137} INFO - [2023-04-23T00:57:42.113+0200] {dag.py:2705} INFO - Sync 1 DAGs
[2023-04-23T00:57:42.133+0200] {logging_mixin.py:137} INFO - [2023-04-23T00:57:42.132+0200] {dag.py:3452} INFO - Setting next_dagrun for example_branch_dop_operator_v3 to 2023-04-22T22:56:00+00:00, run_after=2023-04-22T22:57:00+00:00
[2023-04-23T00:57:42.152+0200] {processor.py:175} INFO - Processing /Users/siddalingkattimani/dbt_env/lib/python3.11/site-packages/airflow/example_dags/example_branch_python_dop_operator_3.py took 0.748 seconds
[2023-04-23T00:59:47.772+0200] {processor.py:153} INFO - Started process (PID=47162) to work on /Users/siddalingkattimani/dbt_env/lib/python3.11/site-packages/airflow/example_dags/example_branch_python_dop_operator_3.py
[2023-04-23T00:59:47.776+0200] {processor.py:743} INFO - Processing file /Users/siddalingkattimani/dbt_env/lib/python3.11/site-packages/airflow/example_dags/example_branch_python_dop_operator_3.py for tasks to queue
[2023-04-23T00:59:47.776+0200] {logging_mixin.py:137} INFO - [2023-04-23T00:59:47.776+0200] {dagbag.py:532} INFO - Filling up the DagBag from /Users/siddalingkattimani/dbt_env/lib/python3.11/site-packages/airflow/example_dags/example_branch_python_dop_operator_3.py
[2023-04-23T00:59:47.820+0200] {processor.py:753} INFO - DAG(s) dict_keys(['example_branch_dop_operator_v3']) retrieved from /Users/siddalingkattimani/dbt_env/lib/python3.11/site-packages/airflow/example_dags/example_branch_python_dop_operator_3.py
[2023-04-23T00:59:48.501+0200] {logging_mixin.py:137} INFO - [2023-04-23T00:59:48.501+0200] {dag.py:2705} INFO - Sync 1 DAGs
[2023-04-23T00:59:48.519+0200] {logging_mixin.py:137} INFO - [2023-04-23T00:59:48.519+0200] {dag.py:3452} INFO - Setting next_dagrun for example_branch_dop_operator_v3 to 2023-04-22T22:58:00+00:00, run_after=2023-04-22T22:59:00+00:00
[2023-04-23T00:59:48.536+0200] {processor.py:175} INFO - Processing /Users/siddalingkattimani/dbt_env/lib/python3.11/site-packages/airflow/example_dags/example_branch_python_dop_operator_3.py took 0.765 seconds
[2023-04-23T01:02:06.769+0200] {processor.py:153} INFO - Started process (PID=47210) to work on /Users/siddalingkattimani/dbt_env/lib/python3.11/site-packages/airflow/example_dags/example_branch_python_dop_operator_3.py
[2023-04-23T01:02:06.773+0200] {processor.py:743} INFO - Processing file /Users/siddalingkattimani/dbt_env/lib/python3.11/site-packages/airflow/example_dags/example_branch_python_dop_operator_3.py for tasks to queue
[2023-04-23T01:02:06.774+0200] {logging_mixin.py:137} INFO - [2023-04-23T01:02:06.774+0200] {dagbag.py:532} INFO - Filling up the DagBag from /Users/siddalingkattimani/dbt_env/lib/python3.11/site-packages/airflow/example_dags/example_branch_python_dop_operator_3.py
[2023-04-23T01:02:06.823+0200] {processor.py:753} INFO - DAG(s) dict_keys(['example_branch_dop_operator_v3']) retrieved from /Users/siddalingkattimani/dbt_env/lib/python3.11/site-packages/airflow/example_dags/example_branch_python_dop_operator_3.py
[2023-04-23T01:02:07.507+0200] {logging_mixin.py:137} INFO - [2023-04-23T01:02:07.506+0200] {dag.py:2705} INFO - Sync 1 DAGs
[2023-04-23T01:02:07.526+0200] {logging_mixin.py:137} INFO - [2023-04-23T01:02:07.526+0200] {dag.py:3452} INFO - Setting next_dagrun for example_branch_dop_operator_v3 to 2023-04-22T23:01:00+00:00, run_after=2023-04-22T23:02:00+00:00
[2023-04-23T01:02:07.544+0200] {processor.py:175} INFO - Processing /Users/siddalingkattimani/dbt_env/lib/python3.11/site-packages/airflow/example_dags/example_branch_python_dop_operator_3.py took 0.776 seconds
[2023-04-23T01:04:04.988+0200] {processor.py:153} INFO - Started process (PID=47256) to work on /Users/siddalingkattimani/dbt_env/lib/python3.11/site-packages/airflow/example_dags/example_branch_python_dop_operator_3.py
[2023-04-23T01:04:04.991+0200] {processor.py:743} INFO - Processing file /Users/siddalingkattimani/dbt_env/lib/python3.11/site-packages/airflow/example_dags/example_branch_python_dop_operator_3.py for tasks to queue
[2023-04-23T01:04:04.991+0200] {logging_mixin.py:137} INFO - [2023-04-23T01:04:04.991+0200] {dagbag.py:532} INFO - Filling up the DagBag from /Users/siddalingkattimani/dbt_env/lib/python3.11/site-packages/airflow/example_dags/example_branch_python_dop_operator_3.py
[2023-04-23T01:04:05.033+0200] {processor.py:753} INFO - DAG(s) dict_keys(['example_branch_dop_operator_v3']) retrieved from /Users/siddalingkattimani/dbt_env/lib/python3.11/site-packages/airflow/example_dags/example_branch_python_dop_operator_3.py
[2023-04-23T01:04:05.703+0200] {logging_mixin.py:137} INFO - [2023-04-23T01:04:05.703+0200] {dag.py:2705} INFO - Sync 1 DAGs
[2023-04-23T01:04:05.720+0200] {logging_mixin.py:137} INFO - [2023-04-23T01:04:05.720+0200] {dag.py:3452} INFO - Setting next_dagrun for example_branch_dop_operator_v3 to 2023-04-22T23:03:00+00:00, run_after=2023-04-22T23:04:00+00:00
[2023-04-23T01:04:05.736+0200] {processor.py:175} INFO - Processing /Users/siddalingkattimani/dbt_env/lib/python3.11/site-packages/airflow/example_dags/example_branch_python_dop_operator_3.py took 0.749 seconds
[2023-04-23T01:06:18.013+0200] {processor.py:153} INFO - Started process (PID=47362) to work on /Users/siddalingkattimani/dbt_env/lib/python3.11/site-packages/airflow/example_dags/example_branch_python_dop_operator_3.py
[2023-04-23T01:06:18.018+0200] {processor.py:743} INFO - Processing file /Users/siddalingkattimani/dbt_env/lib/python3.11/site-packages/airflow/example_dags/example_branch_python_dop_operator_3.py for tasks to queue
[2023-04-23T01:06:18.019+0200] {logging_mixin.py:137} INFO - [2023-04-23T01:06:18.018+0200] {dagbag.py:532} INFO - Filling up the DagBag from /Users/siddalingkattimani/dbt_env/lib/python3.11/site-packages/airflow/example_dags/example_branch_python_dop_operator_3.py
[2023-04-23T01:06:18.068+0200] {processor.py:753} INFO - DAG(s) dict_keys(['example_branch_dop_operator_v3']) retrieved from /Users/siddalingkattimani/dbt_env/lib/python3.11/site-packages/airflow/example_dags/example_branch_python_dop_operator_3.py
[2023-04-23T01:06:18.850+0200] {logging_mixin.py:137} INFO - [2023-04-23T01:06:18.850+0200] {dag.py:2705} INFO - Sync 1 DAGs
[2023-04-23T01:06:18.869+0200] {logging_mixin.py:137} INFO - [2023-04-23T01:06:18.868+0200] {dag.py:3452} INFO - Setting next_dagrun for example_branch_dop_operator_v3 to 2023-04-22T23:05:00+00:00, run_after=2023-04-22T23:06:00+00:00
[2023-04-23T01:06:18.886+0200] {processor.py:175} INFO - Processing /Users/siddalingkattimani/dbt_env/lib/python3.11/site-packages/airflow/example_dags/example_branch_python_dop_operator_3.py took 0.874 seconds
[2023-04-23T01:08:51.001+0200] {processor.py:153} INFO - Started process (PID=47552) to work on /Users/siddalingkattimani/dbt_env/lib/python3.11/site-packages/airflow/example_dags/example_branch_python_dop_operator_3.py
[2023-04-23T01:08:51.006+0200] {processor.py:743} INFO - Processing file /Users/siddalingkattimani/dbt_env/lib/python3.11/site-packages/airflow/example_dags/example_branch_python_dop_operator_3.py for tasks to queue
[2023-04-23T01:08:51.008+0200] {logging_mixin.py:137} INFO - [2023-04-23T01:08:51.007+0200] {dagbag.py:532} INFO - Filling up the DagBag from /Users/siddalingkattimani/dbt_env/lib/python3.11/site-packages/airflow/example_dags/example_branch_python_dop_operator_3.py
[2023-04-23T01:08:51.127+0200] {processor.py:753} INFO - DAG(s) dict_keys(['example_branch_dop_operator_v3']) retrieved from /Users/siddalingkattimani/dbt_env/lib/python3.11/site-packages/airflow/example_dags/example_branch_python_dop_operator_3.py
[2023-04-23T01:08:52.296+0200] {logging_mixin.py:137} INFO - [2023-04-23T01:08:52.295+0200] {dag.py:2705} INFO - Sync 1 DAGs
[2023-04-23T01:08:52.330+0200] {logging_mixin.py:137} INFO - [2023-04-23T01:08:52.330+0200] {dag.py:3452} INFO - Setting next_dagrun for example_branch_dop_operator_v3 to 2023-04-22T23:07:00+00:00, run_after=2023-04-22T23:08:00+00:00
[2023-04-23T01:08:52.360+0200] {processor.py:175} INFO - Processing /Users/siddalingkattimani/dbt_env/lib/python3.11/site-packages/airflow/example_dags/example_branch_python_dop_operator_3.py took 1.360 seconds
[2023-04-23T01:11:22.338+0200] {processor.py:153} INFO - Started process (PID=47663) to work on /Users/siddalingkattimani/dbt_env/lib/python3.11/site-packages/airflow/example_dags/example_branch_python_dop_operator_3.py
[2023-04-23T01:11:22.343+0200] {processor.py:743} INFO - Processing file /Users/siddalingkattimani/dbt_env/lib/python3.11/site-packages/airflow/example_dags/example_branch_python_dop_operator_3.py for tasks to queue
[2023-04-23T01:11:22.344+0200] {logging_mixin.py:137} INFO - [2023-04-23T01:11:22.344+0200] {dagbag.py:532} INFO - Filling up the DagBag from /Users/siddalingkattimani/dbt_env/lib/python3.11/site-packages/airflow/example_dags/example_branch_python_dop_operator_3.py
[2023-04-23T01:11:22.426+0200] {processor.py:753} INFO - DAG(s) dict_keys(['example_branch_dop_operator_v3']) retrieved from /Users/siddalingkattimani/dbt_env/lib/python3.11/site-packages/airflow/example_dags/example_branch_python_dop_operator_3.py
[2023-04-23T01:11:23.122+0200] {logging_mixin.py:137} INFO - [2023-04-23T01:11:23.121+0200] {dag.py:2705} INFO - Sync 1 DAGs
[2023-04-23T01:11:23.139+0200] {logging_mixin.py:137} INFO - [2023-04-23T01:11:23.139+0200] {dag.py:3452} INFO - Setting next_dagrun for example_branch_dop_operator_v3 to 2023-04-22T23:10:00+00:00, run_after=2023-04-22T23:11:00+00:00
[2023-04-23T01:11:23.156+0200] {processor.py:175} INFO - Processing /Users/siddalingkattimani/dbt_env/lib/python3.11/site-packages/airflow/example_dags/example_branch_python_dop_operator_3.py took 0.818 seconds
[2023-04-23T01:13:22.582+0200] {processor.py:153} INFO - Started process (PID=47709) to work on /Users/siddalingkattimani/dbt_env/lib/python3.11/site-packages/airflow/example_dags/example_branch_python_dop_operator_3.py
[2023-04-23T01:13:22.586+0200] {processor.py:743} INFO - Processing file /Users/siddalingkattimani/dbt_env/lib/python3.11/site-packages/airflow/example_dags/example_branch_python_dop_operator_3.py for tasks to queue
[2023-04-23T01:13:22.586+0200] {logging_mixin.py:137} INFO - [2023-04-23T01:13:22.586+0200] {dagbag.py:532} INFO - Filling up the DagBag from /Users/siddalingkattimani/dbt_env/lib/python3.11/site-packages/airflow/example_dags/example_branch_python_dop_operator_3.py
[2023-04-23T01:13:22.657+0200] {processor.py:753} INFO - DAG(s) dict_keys(['example_branch_dop_operator_v3']) retrieved from /Users/siddalingkattimani/dbt_env/lib/python3.11/site-packages/airflow/example_dags/example_branch_python_dop_operator_3.py
[2023-04-23T01:13:23.377+0200] {logging_mixin.py:137} INFO - [2023-04-23T01:13:23.377+0200] {dag.py:2705} INFO - Sync 1 DAGs
[2023-04-23T01:13:23.395+0200] {logging_mixin.py:137} INFO - [2023-04-23T01:13:23.395+0200] {dag.py:3452} INFO - Setting next_dagrun for example_branch_dop_operator_v3 to 2023-04-22T23:12:00+00:00, run_after=2023-04-22T23:13:00+00:00
[2023-04-23T01:13:23.412+0200] {processor.py:175} INFO - Processing /Users/siddalingkattimani/dbt_env/lib/python3.11/site-packages/airflow/example_dags/example_branch_python_dop_operator_3.py took 0.831 seconds
[2023-04-23T01:15:26.454+0200] {processor.py:153} INFO - Started process (PID=47756) to work on /Users/siddalingkattimani/dbt_env/lib/python3.11/site-packages/airflow/example_dags/example_branch_python_dop_operator_3.py
[2023-04-23T01:15:26.457+0200] {processor.py:743} INFO - Processing file /Users/siddalingkattimani/dbt_env/lib/python3.11/site-packages/airflow/example_dags/example_branch_python_dop_operator_3.py for tasks to queue
[2023-04-23T01:15:26.458+0200] {logging_mixin.py:137} INFO - [2023-04-23T01:15:26.458+0200] {dagbag.py:532} INFO - Filling up the DagBag from /Users/siddalingkattimani/dbt_env/lib/python3.11/site-packages/airflow/example_dags/example_branch_python_dop_operator_3.py
[2023-04-23T01:15:26.553+0200] {processor.py:753} INFO - DAG(s) dict_keys(['example_branch_dop_operator_v3']) retrieved from /Users/siddalingkattimani/dbt_env/lib/python3.11/site-packages/airflow/example_dags/example_branch_python_dop_operator_3.py
[2023-04-23T01:15:27.401+0200] {logging_mixin.py:137} INFO - [2023-04-23T01:15:27.401+0200] {dag.py:2705} INFO - Sync 1 DAGs
[2023-04-23T01:15:27.426+0200] {logging_mixin.py:137} INFO - [2023-04-23T01:15:27.426+0200] {dag.py:3452} INFO - Setting next_dagrun for example_branch_dop_operator_v3 to 2023-04-22T23:14:00+00:00, run_after=2023-04-22T23:15:00+00:00
[2023-04-23T01:15:27.452+0200] {processor.py:175} INFO - Processing /Users/siddalingkattimani/dbt_env/lib/python3.11/site-packages/airflow/example_dags/example_branch_python_dop_operator_3.py took 0.999 seconds
[2023-04-23T01:17:30.910+0200] {processor.py:153} INFO - Started process (PID=47802) to work on /Users/siddalingkattimani/dbt_env/lib/python3.11/site-packages/airflow/example_dags/example_branch_python_dop_operator_3.py
[2023-04-23T01:17:30.913+0200] {processor.py:743} INFO - Processing file /Users/siddalingkattimani/dbt_env/lib/python3.11/site-packages/airflow/example_dags/example_branch_python_dop_operator_3.py for tasks to queue
[2023-04-23T01:17:30.913+0200] {logging_mixin.py:137} INFO - [2023-04-23T01:17:30.913+0200] {dagbag.py:532} INFO - Filling up the DagBag from /Users/siddalingkattimani/dbt_env/lib/python3.11/site-packages/airflow/example_dags/example_branch_python_dop_operator_3.py
[2023-04-23T01:17:30.989+0200] {processor.py:753} INFO - DAG(s) dict_keys(['example_branch_dop_operator_v3']) retrieved from /Users/siddalingkattimani/dbt_env/lib/python3.11/site-packages/airflow/example_dags/example_branch_python_dop_operator_3.py
[2023-04-23T01:17:31.602+0200] {logging_mixin.py:137} INFO - [2023-04-23T01:17:31.602+0200] {dag.py:2705} INFO - Sync 1 DAGs
[2023-04-23T01:17:31.620+0200] {logging_mixin.py:137} INFO - [2023-04-23T01:17:31.619+0200] {dag.py:3452} INFO - Setting next_dagrun for example_branch_dop_operator_v3 to 2023-04-22T23:16:00+00:00, run_after=2023-04-22T23:17:00+00:00
[2023-04-23T01:17:31.637+0200] {processor.py:175} INFO - Processing /Users/siddalingkattimani/dbt_env/lib/python3.11/site-packages/airflow/example_dags/example_branch_python_dop_operator_3.py took 0.728 seconds
[2023-04-23T01:19:32.140+0200] {processor.py:153} INFO - Started process (PID=47847) to work on /Users/siddalingkattimani/dbt_env/lib/python3.11/site-packages/airflow/example_dags/example_branch_python_dop_operator_3.py
[2023-04-23T01:19:32.143+0200] {processor.py:743} INFO - Processing file /Users/siddalingkattimani/dbt_env/lib/python3.11/site-packages/airflow/example_dags/example_branch_python_dop_operator_3.py for tasks to queue
[2023-04-23T01:19:32.144+0200] {logging_mixin.py:137} INFO - [2023-04-23T01:19:32.144+0200] {dagbag.py:532} INFO - Filling up the DagBag from /Users/siddalingkattimani/dbt_env/lib/python3.11/site-packages/airflow/example_dags/example_branch_python_dop_operator_3.py
[2023-04-23T01:19:32.242+0200] {processor.py:753} INFO - DAG(s) dict_keys(['example_branch_dop_operator_v3']) retrieved from /Users/siddalingkattimani/dbt_env/lib/python3.11/site-packages/airflow/example_dags/example_branch_python_dop_operator_3.py
[2023-04-23T01:19:33.125+0200] {logging_mixin.py:137} INFO - [2023-04-23T01:19:33.125+0200] {dag.py:2705} INFO - Sync 1 DAGs
[2023-04-23T01:19:33.155+0200] {logging_mixin.py:137} INFO - [2023-04-23T01:19:33.155+0200] {dag.py:3452} INFO - Setting next_dagrun for example_branch_dop_operator_v3 to 2023-04-22T23:18:00+00:00, run_after=2023-04-22T23:19:00+00:00
[2023-04-23T01:19:33.186+0200] {processor.py:175} INFO - Processing /Users/siddalingkattimani/dbt_env/lib/python3.11/site-packages/airflow/example_dags/example_branch_python_dop_operator_3.py took 1.047 seconds
[2023-04-23T01:21:38.558+0200] {processor.py:153} INFO - Started process (PID=47892) to work on /Users/siddalingkattimani/dbt_env/lib/python3.11/site-packages/airflow/example_dags/example_branch_python_dop_operator_3.py
[2023-04-23T01:21:38.561+0200] {processor.py:743} INFO - Processing file /Users/siddalingkattimani/dbt_env/lib/python3.11/site-packages/airflow/example_dags/example_branch_python_dop_operator_3.py for tasks to queue
[2023-04-23T01:21:38.562+0200] {logging_mixin.py:137} INFO - [2023-04-23T01:21:38.562+0200] {dagbag.py:532} INFO - Filling up the DagBag from /Users/siddalingkattimani/dbt_env/lib/python3.11/site-packages/airflow/example_dags/example_branch_python_dop_operator_3.py
[2023-04-23T01:21:38.700+0200] {processor.py:753} INFO - DAG(s) dict_keys(['example_branch_dop_operator_v3']) retrieved from /Users/siddalingkattimani/dbt_env/lib/python3.11/site-packages/airflow/example_dags/example_branch_python_dop_operator_3.py
[2023-04-23T01:21:39.679+0200] {logging_mixin.py:137} INFO - [2023-04-23T01:21:39.679+0200] {dag.py:2705} INFO - Sync 1 DAGs
[2023-04-23T01:21:39.696+0200] {logging_mixin.py:137} INFO - [2023-04-23T01:21:39.696+0200] {dag.py:3452} INFO - Setting next_dagrun for example_branch_dop_operator_v3 to 2023-04-22T23:20:00+00:00, run_after=2023-04-22T23:21:00+00:00
[2023-04-23T01:21:39.714+0200] {processor.py:175} INFO - Processing /Users/siddalingkattimani/dbt_env/lib/python3.11/site-packages/airflow/example_dags/example_branch_python_dop_operator_3.py took 1.157 seconds
[2023-04-23T01:23:38.473+0200] {processor.py:153} INFO - Started process (PID=47941) to work on /Users/siddalingkattimani/dbt_env/lib/python3.11/site-packages/airflow/example_dags/example_branch_python_dop_operator_3.py
[2023-04-23T01:23:38.476+0200] {processor.py:743} INFO - Processing file /Users/siddalingkattimani/dbt_env/lib/python3.11/site-packages/airflow/example_dags/example_branch_python_dop_operator_3.py for tasks to queue
[2023-04-23T01:23:38.476+0200] {logging_mixin.py:137} INFO - [2023-04-23T01:23:38.476+0200] {dagbag.py:532} INFO - Filling up the DagBag from /Users/siddalingkattimani/dbt_env/lib/python3.11/site-packages/airflow/example_dags/example_branch_python_dop_operator_3.py
[2023-04-23T01:23:38.555+0200] {processor.py:753} INFO - DAG(s) dict_keys(['example_branch_dop_operator_v3']) retrieved from /Users/siddalingkattimani/dbt_env/lib/python3.11/site-packages/airflow/example_dags/example_branch_python_dop_operator_3.py
[2023-04-23T01:23:39.250+0200] {logging_mixin.py:137} INFO - [2023-04-23T01:23:39.250+0200] {dag.py:2705} INFO - Sync 1 DAGs
[2023-04-23T01:23:39.267+0200] {logging_mixin.py:137} INFO - [2023-04-23T01:23:39.267+0200] {dag.py:3452} INFO - Setting next_dagrun for example_branch_dop_operator_v3 to 2023-04-22T23:22:00+00:00, run_after=2023-04-22T23:23:00+00:00
[2023-04-23T01:23:39.285+0200] {processor.py:175} INFO - Processing /Users/siddalingkattimani/dbt_env/lib/python3.11/site-packages/airflow/example_dags/example_branch_python_dop_operator_3.py took 0.813 seconds
[2023-04-23T01:25:35.406+0200] {processor.py:153} INFO - Started process (PID=48010) to work on /Users/siddalingkattimani/dbt_env/lib/python3.11/site-packages/airflow/example_dags/example_branch_python_dop_operator_3.py
[2023-04-23T01:25:35.409+0200] {processor.py:743} INFO - Processing file /Users/siddalingkattimani/dbt_env/lib/python3.11/site-packages/airflow/example_dags/example_branch_python_dop_operator_3.py for tasks to queue
[2023-04-23T01:25:35.409+0200] {logging_mixin.py:137} INFO - [2023-04-23T01:25:35.409+0200] {dagbag.py:532} INFO - Filling up the DagBag from /Users/siddalingkattimani/dbt_env/lib/python3.11/site-packages/airflow/example_dags/example_branch_python_dop_operator_3.py
[2023-04-23T01:25:35.483+0200] {processor.py:753} INFO - DAG(s) dict_keys(['example_branch_dop_operator_v3']) retrieved from /Users/siddalingkattimani/dbt_env/lib/python3.11/site-packages/airflow/example_dags/example_branch_python_dop_operator_3.py
[2023-04-23T01:25:36.110+0200] {logging_mixin.py:137} INFO - [2023-04-23T01:25:36.110+0200] {dag.py:2705} INFO - Sync 1 DAGs
[2023-04-23T01:25:36.126+0200] {logging_mixin.py:137} INFO - [2023-04-23T01:25:36.125+0200] {dag.py:3452} INFO - Setting next_dagrun for example_branch_dop_operator_v3 to 2023-04-22T23:24:00+00:00, run_after=2023-04-22T23:25:00+00:00
[2023-04-23T01:25:36.143+0200] {processor.py:175} INFO - Processing /Users/siddalingkattimani/dbt_env/lib/python3.11/site-packages/airflow/example_dags/example_branch_python_dop_operator_3.py took 0.738 seconds
[2023-04-23T01:27:39.772+0200] {processor.py:153} INFO - Started process (PID=48057) to work on /Users/siddalingkattimani/dbt_env/lib/python3.11/site-packages/airflow/example_dags/example_branch_python_dop_operator_3.py
[2023-04-23T01:27:39.775+0200] {processor.py:743} INFO - Processing file /Users/siddalingkattimani/dbt_env/lib/python3.11/site-packages/airflow/example_dags/example_branch_python_dop_operator_3.py for tasks to queue
[2023-04-23T01:27:39.776+0200] {logging_mixin.py:137} INFO - [2023-04-23T01:27:39.776+0200] {dagbag.py:532} INFO - Filling up the DagBag from /Users/siddalingkattimani/dbt_env/lib/python3.11/site-packages/airflow/example_dags/example_branch_python_dop_operator_3.py
[2023-04-23T01:27:39.848+0200] {processor.py:753} INFO - DAG(s) dict_keys(['example_branch_dop_operator_v3']) retrieved from /Users/siddalingkattimani/dbt_env/lib/python3.11/site-packages/airflow/example_dags/example_branch_python_dop_operator_3.py
[2023-04-23T01:27:40.450+0200] {logging_mixin.py:137} INFO - [2023-04-23T01:27:40.450+0200] {dag.py:2705} INFO - Sync 1 DAGs
[2023-04-23T01:27:40.467+0200] {logging_mixin.py:137} INFO - [2023-04-23T01:27:40.467+0200] {dag.py:3452} INFO - Setting next_dagrun for example_branch_dop_operator_v3 to 2023-04-22T23:26:00+00:00, run_after=2023-04-22T23:27:00+00:00
[2023-04-23T01:27:40.484+0200] {processor.py:175} INFO - Processing /Users/siddalingkattimani/dbt_env/lib/python3.11/site-packages/airflow/example_dags/example_branch_python_dop_operator_3.py took 0.713 seconds
[2023-04-23T01:29:48.719+0200] {processor.py:153} INFO - Started process (PID=48105) to work on /Users/siddalingkattimani/dbt_env/lib/python3.11/site-packages/airflow/example_dags/example_branch_python_dop_operator_3.py
[2023-04-23T01:29:48.723+0200] {processor.py:743} INFO - Processing file /Users/siddalingkattimani/dbt_env/lib/python3.11/site-packages/airflow/example_dags/example_branch_python_dop_operator_3.py for tasks to queue
[2023-04-23T01:29:48.724+0200] {logging_mixin.py:137} INFO - [2023-04-23T01:29:48.724+0200] {dagbag.py:532} INFO - Filling up the DagBag from /Users/siddalingkattimani/dbt_env/lib/python3.11/site-packages/airflow/example_dags/example_branch_python_dop_operator_3.py
[2023-04-23T01:29:48.826+0200] {processor.py:753} INFO - DAG(s) dict_keys(['example_branch_dop_operator_v3']) retrieved from /Users/siddalingkattimani/dbt_env/lib/python3.11/site-packages/airflow/example_dags/example_branch_python_dop_operator_3.py
[2023-04-23T01:29:49.443+0200] {logging_mixin.py:137} INFO - [2023-04-23T01:29:49.442+0200] {dag.py:2705} INFO - Sync 1 DAGs
[2023-04-23T01:29:49.461+0200] {logging_mixin.py:137} INFO - [2023-04-23T01:29:49.461+0200] {dag.py:3452} INFO - Setting next_dagrun for example_branch_dop_operator_v3 to 2023-04-22T23:28:00+00:00, run_after=2023-04-22T23:29:00+00:00
[2023-04-23T01:29:49.480+0200] {processor.py:175} INFO - Processing /Users/siddalingkattimani/dbt_env/lib/python3.11/site-packages/airflow/example_dags/example_branch_python_dop_operator_3.py took 0.763 seconds
[2023-04-23T01:31:46.659+0200] {processor.py:153} INFO - Started process (PID=48151) to work on /Users/siddalingkattimani/dbt_env/lib/python3.11/site-packages/airflow/example_dags/example_branch_python_dop_operator_3.py
[2023-04-23T01:31:46.662+0200] {processor.py:743} INFO - Processing file /Users/siddalingkattimani/dbt_env/lib/python3.11/site-packages/airflow/example_dags/example_branch_python_dop_operator_3.py for tasks to queue
[2023-04-23T01:31:46.663+0200] {logging_mixin.py:137} INFO - [2023-04-23T01:31:46.663+0200] {dagbag.py:532} INFO - Filling up the DagBag from /Users/siddalingkattimani/dbt_env/lib/python3.11/site-packages/airflow/example_dags/example_branch_python_dop_operator_3.py
[2023-04-23T01:31:46.744+0200] {processor.py:753} INFO - DAG(s) dict_keys(['example_branch_dop_operator_v3']) retrieved from /Users/siddalingkattimani/dbt_env/lib/python3.11/site-packages/airflow/example_dags/example_branch_python_dop_operator_3.py
[2023-04-23T01:31:47.573+0200] {logging_mixin.py:137} INFO - [2023-04-23T01:31:47.573+0200] {dag.py:2705} INFO - Sync 1 DAGs
[2023-04-23T01:31:47.592+0200] {logging_mixin.py:137} INFO - [2023-04-23T01:31:47.592+0200] {dag.py:3452} INFO - Setting next_dagrun for example_branch_dop_operator_v3 to 2023-04-22T23:30:00+00:00, run_after=2023-04-22T23:31:00+00:00
[2023-04-23T01:31:47.610+0200] {processor.py:175} INFO - Processing /Users/siddalingkattimani/dbt_env/lib/python3.11/site-packages/airflow/example_dags/example_branch_python_dop_operator_3.py took 0.952 seconds
[2023-04-23T01:33:53.113+0200] {processor.py:153} INFO - Started process (PID=48201) to work on /Users/siddalingkattimani/dbt_env/lib/python3.11/site-packages/airflow/example_dags/example_branch_python_dop_operator_3.py
[2023-04-23T01:33:53.116+0200] {processor.py:743} INFO - Processing file /Users/siddalingkattimani/dbt_env/lib/python3.11/site-packages/airflow/example_dags/example_branch_python_dop_operator_3.py for tasks to queue
[2023-04-23T01:33:53.116+0200] {logging_mixin.py:137} INFO - [2023-04-23T01:33:53.116+0200] {dagbag.py:532} INFO - Filling up the DagBag from /Users/siddalingkattimani/dbt_env/lib/python3.11/site-packages/airflow/example_dags/example_branch_python_dop_operator_3.py
[2023-04-23T01:33:53.192+0200] {processor.py:753} INFO - DAG(s) dict_keys(['example_branch_dop_operator_v3']) retrieved from /Users/siddalingkattimani/dbt_env/lib/python3.11/site-packages/airflow/example_dags/example_branch_python_dop_operator_3.py
[2023-04-23T01:33:53.868+0200] {logging_mixin.py:137} INFO - [2023-04-23T01:33:53.868+0200] {dag.py:2705} INFO - Sync 1 DAGs
[2023-04-23T01:33:53.884+0200] {logging_mixin.py:137} INFO - [2023-04-23T01:33:53.884+0200] {dag.py:3452} INFO - Setting next_dagrun for example_branch_dop_operator_v3 to 2023-04-22T23:32:00+00:00, run_after=2023-04-22T23:33:00+00:00
[2023-04-23T01:33:53.904+0200] {processor.py:175} INFO - Processing /Users/siddalingkattimani/dbt_env/lib/python3.11/site-packages/airflow/example_dags/example_branch_python_dop_operator_3.py took 0.792 seconds
