[2023-04-23T00:45:19.437+0200] {processor.py:153} INFO - Started process (PID=46796) to work on /Users/siddalingkattimani/dbt_env/lib/python3.11/site-packages/airflow/example_dags/example_branch_operator_decorator.py
[2023-04-23T00:45:19.440+0200] {processor.py:743} INFO - Processing file /Users/siddalingkattimani/dbt_env/lib/python3.11/site-packages/airflow/example_dags/example_branch_operator_decorator.py for tasks to queue
[2023-04-23T00:45:19.441+0200] {logging_mixin.py:137} INFO - [2023-04-23T00:45:19.441+0200] {dagbag.py:532} INFO - Filling up the DagBag from /Users/siddalingkattimani/dbt_env/lib/python3.11/site-packages/airflow/example_dags/example_branch_operator_decorator.py
[2023-04-23T00:45:19.479+0200] {processor.py:753} INFO - DAG(s) dict_keys(['example_branch_python_operator_decorator']) retrieved from /Users/siddalingkattimani/dbt_env/lib/python3.11/site-packages/airflow/example_dags/example_branch_operator_decorator.py
[2023-04-23T00:45:20.209+0200] {logging_mixin.py:137} INFO - [2023-04-23T00:45:20.209+0200] {manager.py:504} INFO - Created Permission View: can delete on DAG:example_branch_python_operator_decorator
[2023-04-23T00:45:20.216+0200] {logging_mixin.py:137} INFO - [2023-04-23T00:45:20.215+0200] {manager.py:504} INFO - Created Permission View: can edit on DAG:example_branch_python_operator_decorator
[2023-04-23T00:45:20.223+0200] {logging_mixin.py:137} INFO - [2023-04-23T00:45:20.222+0200] {manager.py:504} INFO - Created Permission View: can read on DAG:example_branch_python_operator_decorator
[2023-04-23T00:45:20.223+0200] {logging_mixin.py:137} INFO - [2023-04-23T00:45:20.223+0200] {dag.py:2705} INFO - Sync 1 DAGs
[2023-04-23T00:45:20.231+0200] {logging_mixin.py:137} INFO - [2023-04-23T00:45:20.231+0200] {dag.py:2726} INFO - Creating ORM DAG for example_branch_python_operator_decorator
[2023-04-23T00:45:20.238+0200] {logging_mixin.py:137} INFO - [2023-04-23T00:45:20.238+0200] {dag.py:3452} INFO - Setting next_dagrun for example_branch_python_operator_decorator to 2023-04-21T00:00:00+00:00, run_after=2023-04-22T00:00:00+00:00
[2023-04-23T00:45:20.255+0200] {processor.py:175} INFO - Processing /Users/siddalingkattimani/dbt_env/lib/python3.11/site-packages/airflow/example_dags/example_branch_operator_decorator.py took 0.819 seconds
[2023-04-23T00:47:17.768+0200] {processor.py:153} INFO - Started process (PID=46843) to work on /Users/siddalingkattimani/dbt_env/lib/python3.11/site-packages/airflow/example_dags/example_branch_operator_decorator.py
[2023-04-23T00:47:17.771+0200] {processor.py:743} INFO - Processing file /Users/siddalingkattimani/dbt_env/lib/python3.11/site-packages/airflow/example_dags/example_branch_operator_decorator.py for tasks to queue
[2023-04-23T00:47:17.772+0200] {logging_mixin.py:137} INFO - [2023-04-23T00:47:17.772+0200] {dagbag.py:532} INFO - Filling up the DagBag from /Users/siddalingkattimani/dbt_env/lib/python3.11/site-packages/airflow/example_dags/example_branch_operator_decorator.py
[2023-04-23T00:47:17.815+0200] {processor.py:753} INFO - DAG(s) dict_keys(['example_branch_python_operator_decorator']) retrieved from /Users/siddalingkattimani/dbt_env/lib/python3.11/site-packages/airflow/example_dags/example_branch_operator_decorator.py
[2023-04-23T00:47:18.469+0200] {logging_mixin.py:137} INFO - [2023-04-23T00:47:18.469+0200] {dag.py:2705} INFO - Sync 1 DAGs
[2023-04-23T00:47:18.484+0200] {logging_mixin.py:137} INFO - [2023-04-23T00:47:18.484+0200] {dag.py:3452} INFO - Setting next_dagrun for example_branch_python_operator_decorator to 2023-04-21T00:00:00+00:00, run_after=2023-04-22T00:00:00+00:00
[2023-04-23T00:47:18.501+0200] {processor.py:175} INFO - Processing /Users/siddalingkattimani/dbt_env/lib/python3.11/site-packages/airflow/example_dags/example_branch_operator_decorator.py took 0.734 seconds
[2023-04-23T00:49:20.435+0200] {processor.py:153} INFO - Started process (PID=46888) to work on /Users/siddalingkattimani/dbt_env/lib/python3.11/site-packages/airflow/example_dags/example_branch_operator_decorator.py
[2023-04-23T00:49:20.438+0200] {processor.py:743} INFO - Processing file /Users/siddalingkattimani/dbt_env/lib/python3.11/site-packages/airflow/example_dags/example_branch_operator_decorator.py for tasks to queue
[2023-04-23T00:49:20.439+0200] {logging_mixin.py:137} INFO - [2023-04-23T00:49:20.438+0200] {dagbag.py:532} INFO - Filling up the DagBag from /Users/siddalingkattimani/dbt_env/lib/python3.11/site-packages/airflow/example_dags/example_branch_operator_decorator.py
[2023-04-23T00:49:20.482+0200] {processor.py:753} INFO - DAG(s) dict_keys(['example_branch_python_operator_decorator']) retrieved from /Users/siddalingkattimani/dbt_env/lib/python3.11/site-packages/airflow/example_dags/example_branch_operator_decorator.py
[2023-04-23T00:49:21.136+0200] {logging_mixin.py:137} INFO - [2023-04-23T00:49:21.136+0200] {dag.py:2705} INFO - Sync 1 DAGs
[2023-04-23T00:49:21.152+0200] {logging_mixin.py:137} INFO - [2023-04-23T00:49:21.151+0200] {dag.py:3452} INFO - Setting next_dagrun for example_branch_python_operator_decorator to 2023-04-21T00:00:00+00:00, run_after=2023-04-22T00:00:00+00:00
[2023-04-23T00:49:21.194+0200] {processor.py:175} INFO - Processing /Users/siddalingkattimani/dbt_env/lib/python3.11/site-packages/airflow/example_dags/example_branch_operator_decorator.py took 0.760 seconds
[2023-04-23T00:51:30.285+0200] {processor.py:153} INFO - Started process (PID=46946) to work on /Users/siddalingkattimani/dbt_env/lib/python3.11/site-packages/airflow/example_dags/example_branch_operator_decorator.py
[2023-04-23T00:51:30.293+0200] {processor.py:743} INFO - Processing file /Users/siddalingkattimani/dbt_env/lib/python3.11/site-packages/airflow/example_dags/example_branch_operator_decorator.py for tasks to queue
[2023-04-23T00:51:30.295+0200] {logging_mixin.py:137} INFO - [2023-04-23T00:51:30.294+0200] {dagbag.py:532} INFO - Filling up the DagBag from /Users/siddalingkattimani/dbt_env/lib/python3.11/site-packages/airflow/example_dags/example_branch_operator_decorator.py
[2023-04-23T00:51:30.532+0200] {processor.py:753} INFO - DAG(s) dict_keys(['example_branch_python_operator_decorator']) retrieved from /Users/siddalingkattimani/dbt_env/lib/python3.11/site-packages/airflow/example_dags/example_branch_operator_decorator.py
[2023-04-23T00:51:32.929+0200] {logging_mixin.py:137} INFO - [2023-04-23T00:51:32.928+0200] {dag.py:2705} INFO - Sync 1 DAGs
[2023-04-23T00:51:32.976+0200] {logging_mixin.py:137} INFO - [2023-04-23T00:51:32.976+0200] {dag.py:3452} INFO - Setting next_dagrun for example_branch_python_operator_decorator to 2023-04-21T00:00:00+00:00, run_after=2023-04-22T00:00:00+00:00
[2023-04-23T00:51:33.090+0200] {processor.py:175} INFO - Processing /Users/siddalingkattimani/dbt_env/lib/python3.11/site-packages/airflow/example_dags/example_branch_operator_decorator.py took 2.807 seconds
[2023-04-23T00:53:34.545+0200] {processor.py:153} INFO - Started process (PID=46995) to work on /Users/siddalingkattimani/dbt_env/lib/python3.11/site-packages/airflow/example_dags/example_branch_operator_decorator.py
[2023-04-23T00:53:34.548+0200] {processor.py:743} INFO - Processing file /Users/siddalingkattimani/dbt_env/lib/python3.11/site-packages/airflow/example_dags/example_branch_operator_decorator.py for tasks to queue
[2023-04-23T00:53:34.548+0200] {logging_mixin.py:137} INFO - [2023-04-23T00:53:34.548+0200] {dagbag.py:532} INFO - Filling up the DagBag from /Users/siddalingkattimani/dbt_env/lib/python3.11/site-packages/airflow/example_dags/example_branch_operator_decorator.py
[2023-04-23T00:53:34.588+0200] {processor.py:753} INFO - DAG(s) dict_keys(['example_branch_python_operator_decorator']) retrieved from /Users/siddalingkattimani/dbt_env/lib/python3.11/site-packages/airflow/example_dags/example_branch_operator_decorator.py
[2023-04-23T00:53:35.293+0200] {logging_mixin.py:137} INFO - [2023-04-23T00:53:35.293+0200] {dag.py:2705} INFO - Sync 1 DAGs
[2023-04-23T00:53:35.310+0200] {logging_mixin.py:137} INFO - [2023-04-23T00:53:35.309+0200] {dag.py:3452} INFO - Setting next_dagrun for example_branch_python_operator_decorator to 2023-04-21T00:00:00+00:00, run_after=2023-04-22T00:00:00+00:00
[2023-04-23T00:53:35.328+0200] {processor.py:175} INFO - Processing /Users/siddalingkattimani/dbt_env/lib/python3.11/site-packages/airflow/example_dags/example_branch_operator_decorator.py took 0.784 seconds
[2023-04-23T00:55:37.167+0200] {processor.py:153} INFO - Started process (PID=47064) to work on /Users/siddalingkattimani/dbt_env/lib/python3.11/site-packages/airflow/example_dags/example_branch_operator_decorator.py
[2023-04-23T00:55:37.173+0200] {processor.py:743} INFO - Processing file /Users/siddalingkattimani/dbt_env/lib/python3.11/site-packages/airflow/example_dags/example_branch_operator_decorator.py for tasks to queue
[2023-04-23T00:55:37.174+0200] {logging_mixin.py:137} INFO - [2023-04-23T00:55:37.174+0200] {dagbag.py:532} INFO - Filling up the DagBag from /Users/siddalingkattimani/dbt_env/lib/python3.11/site-packages/airflow/example_dags/example_branch_operator_decorator.py
[2023-04-23T00:55:37.245+0200] {processor.py:753} INFO - DAG(s) dict_keys(['example_branch_python_operator_decorator']) retrieved from /Users/siddalingkattimani/dbt_env/lib/python3.11/site-packages/airflow/example_dags/example_branch_operator_decorator.py
[2023-04-23T00:55:38.210+0200] {logging_mixin.py:137} INFO - [2023-04-23T00:55:38.209+0200] {dag.py:2705} INFO - Sync 1 DAGs
[2023-04-23T00:55:38.236+0200] {logging_mixin.py:137} INFO - [2023-04-23T00:55:38.235+0200] {dag.py:3452} INFO - Setting next_dagrun for example_branch_python_operator_decorator to 2023-04-21T00:00:00+00:00, run_after=2023-04-22T00:00:00+00:00
[2023-04-23T00:55:38.263+0200] {processor.py:175} INFO - Processing /Users/siddalingkattimani/dbt_env/lib/python3.11/site-packages/airflow/example_dags/example_branch_operator_decorator.py took 1.097 seconds
[2023-04-23T00:57:43.894+0200] {processor.py:153} INFO - Started process (PID=47115) to work on /Users/siddalingkattimani/dbt_env/lib/python3.11/site-packages/airflow/example_dags/example_branch_operator_decorator.py
[2023-04-23T00:57:43.900+0200] {processor.py:743} INFO - Processing file /Users/siddalingkattimani/dbt_env/lib/python3.11/site-packages/airflow/example_dags/example_branch_operator_decorator.py for tasks to queue
[2023-04-23T00:57:43.901+0200] {logging_mixin.py:137} INFO - [2023-04-23T00:57:43.900+0200] {dagbag.py:532} INFO - Filling up the DagBag from /Users/siddalingkattimani/dbt_env/lib/python3.11/site-packages/airflow/example_dags/example_branch_operator_decorator.py
[2023-04-23T00:57:43.944+0200] {processor.py:753} INFO - DAG(s) dict_keys(['example_branch_python_operator_decorator']) retrieved from /Users/siddalingkattimani/dbt_env/lib/python3.11/site-packages/airflow/example_dags/example_branch_operator_decorator.py
[2023-04-23T00:57:44.815+0200] {logging_mixin.py:137} INFO - [2023-04-23T00:57:44.814+0200] {dag.py:2705} INFO - Sync 1 DAGs
[2023-04-23T00:57:44.841+0200] {logging_mixin.py:137} INFO - [2023-04-23T00:57:44.841+0200] {dag.py:3452} INFO - Setting next_dagrun for example_branch_python_operator_decorator to 2023-04-21T00:00:00+00:00, run_after=2023-04-22T00:00:00+00:00
[2023-04-23T00:57:44.868+0200] {processor.py:175} INFO - Processing /Users/siddalingkattimani/dbt_env/lib/python3.11/site-packages/airflow/example_dags/example_branch_operator_decorator.py took 0.974 seconds
[2023-04-23T00:59:50.621+0200] {processor.py:153} INFO - Started process (PID=47164) to work on /Users/siddalingkattimani/dbt_env/lib/python3.11/site-packages/airflow/example_dags/example_branch_operator_decorator.py
[2023-04-23T00:59:50.626+0200] {processor.py:743} INFO - Processing file /Users/siddalingkattimani/dbt_env/lib/python3.11/site-packages/airflow/example_dags/example_branch_operator_decorator.py for tasks to queue
[2023-04-23T00:59:50.626+0200] {logging_mixin.py:137} INFO - [2023-04-23T00:59:50.626+0200] {dagbag.py:532} INFO - Filling up the DagBag from /Users/siddalingkattimani/dbt_env/lib/python3.11/site-packages/airflow/example_dags/example_branch_operator_decorator.py
[2023-04-23T00:59:50.668+0200] {processor.py:753} INFO - DAG(s) dict_keys(['example_branch_python_operator_decorator']) retrieved from /Users/siddalingkattimani/dbt_env/lib/python3.11/site-packages/airflow/example_dags/example_branch_operator_decorator.py
[2023-04-23T00:59:51.321+0200] {logging_mixin.py:137} INFO - [2023-04-23T00:59:51.321+0200] {dag.py:2705} INFO - Sync 1 DAGs
[2023-04-23T00:59:51.337+0200] {logging_mixin.py:137} INFO - [2023-04-23T00:59:51.337+0200] {dag.py:3452} INFO - Setting next_dagrun for example_branch_python_operator_decorator to 2023-04-21T00:00:00+00:00, run_after=2023-04-22T00:00:00+00:00
[2023-04-23T00:59:51.355+0200] {processor.py:175} INFO - Processing /Users/siddalingkattimani/dbt_env/lib/python3.11/site-packages/airflow/example_dags/example_branch_operator_decorator.py took 0.734 seconds
[2023-04-23T01:02:08.977+0200] {processor.py:153} INFO - Started process (PID=47211) to work on /Users/siddalingkattimani/dbt_env/lib/python3.11/site-packages/airflow/example_dags/example_branch_operator_decorator.py
[2023-04-23T01:02:08.981+0200] {processor.py:743} INFO - Processing file /Users/siddalingkattimani/dbt_env/lib/python3.11/site-packages/airflow/example_dags/example_branch_operator_decorator.py for tasks to queue
[2023-04-23T01:02:08.981+0200] {logging_mixin.py:137} INFO - [2023-04-23T01:02:08.981+0200] {dagbag.py:532} INFO - Filling up the DagBag from /Users/siddalingkattimani/dbt_env/lib/python3.11/site-packages/airflow/example_dags/example_branch_operator_decorator.py
[2023-04-23T01:02:09.025+0200] {processor.py:753} INFO - DAG(s) dict_keys(['example_branch_python_operator_decorator']) retrieved from /Users/siddalingkattimani/dbt_env/lib/python3.11/site-packages/airflow/example_dags/example_branch_operator_decorator.py
[2023-04-23T01:02:09.704+0200] {logging_mixin.py:137} INFO - [2023-04-23T01:02:09.704+0200] {dag.py:2705} INFO - Sync 1 DAGs
[2023-04-23T01:02:09.722+0200] {logging_mixin.py:137} INFO - [2023-04-23T01:02:09.722+0200] {dag.py:3452} INFO - Setting next_dagrun for example_branch_python_operator_decorator to 2023-04-21T00:00:00+00:00, run_after=2023-04-22T00:00:00+00:00
[2023-04-23T01:02:09.742+0200] {processor.py:175} INFO - Processing /Users/siddalingkattimani/dbt_env/lib/python3.11/site-packages/airflow/example_dags/example_branch_operator_decorator.py took 0.766 seconds
[2023-04-23T01:04:08.104+0200] {processor.py:153} INFO - Started process (PID=47257) to work on /Users/siddalingkattimani/dbt_env/lib/python3.11/site-packages/airflow/example_dags/example_branch_operator_decorator.py
[2023-04-23T01:04:08.108+0200] {processor.py:743} INFO - Processing file /Users/siddalingkattimani/dbt_env/lib/python3.11/site-packages/airflow/example_dags/example_branch_operator_decorator.py for tasks to queue
[2023-04-23T01:04:08.110+0200] {logging_mixin.py:137} INFO - [2023-04-23T01:04:08.109+0200] {dagbag.py:532} INFO - Filling up the DagBag from /Users/siddalingkattimani/dbt_env/lib/python3.11/site-packages/airflow/example_dags/example_branch_operator_decorator.py
[2023-04-23T01:04:08.168+0200] {processor.py:753} INFO - DAG(s) dict_keys(['example_branch_python_operator_decorator']) retrieved from /Users/siddalingkattimani/dbt_env/lib/python3.11/site-packages/airflow/example_dags/example_branch_operator_decorator.py
[2023-04-23T01:04:08.847+0200] {logging_mixin.py:137} INFO - [2023-04-23T01:04:08.847+0200] {dag.py:2705} INFO - Sync 1 DAGs
[2023-04-23T01:04:08.865+0200] {logging_mixin.py:137} INFO - [2023-04-23T01:04:08.865+0200] {dag.py:3452} INFO - Setting next_dagrun for example_branch_python_operator_decorator to 2023-04-21T00:00:00+00:00, run_after=2023-04-22T00:00:00+00:00
[2023-04-23T01:04:08.887+0200] {processor.py:175} INFO - Processing /Users/siddalingkattimani/dbt_env/lib/python3.11/site-packages/airflow/example_dags/example_branch_operator_decorator.py took 0.784 seconds
[2023-04-23T01:06:21.299+0200] {processor.py:153} INFO - Started process (PID=47363) to work on /Users/siddalingkattimani/dbt_env/lib/python3.11/site-packages/airflow/example_dags/example_branch_operator_decorator.py
[2023-04-23T01:06:21.305+0200] {processor.py:743} INFO - Processing file /Users/siddalingkattimani/dbt_env/lib/python3.11/site-packages/airflow/example_dags/example_branch_operator_decorator.py for tasks to queue
[2023-04-23T01:06:21.305+0200] {logging_mixin.py:137} INFO - [2023-04-23T01:06:21.305+0200] {dagbag.py:532} INFO - Filling up the DagBag from /Users/siddalingkattimani/dbt_env/lib/python3.11/site-packages/airflow/example_dags/example_branch_operator_decorator.py
[2023-04-23T01:06:21.361+0200] {processor.py:753} INFO - DAG(s) dict_keys(['example_branch_python_operator_decorator']) retrieved from /Users/siddalingkattimani/dbt_env/lib/python3.11/site-packages/airflow/example_dags/example_branch_operator_decorator.py
[2023-04-23T01:06:22.752+0200] {logging_mixin.py:137} INFO - [2023-04-23T01:06:22.752+0200] {dag.py:2705} INFO - Sync 1 DAGs
[2023-04-23T01:06:22.769+0200] {logging_mixin.py:137} INFO - [2023-04-23T01:06:22.769+0200] {dag.py:3452} INFO - Setting next_dagrun for example_branch_python_operator_decorator to 2023-04-21T00:00:00+00:00, run_after=2023-04-22T00:00:00+00:00
[2023-04-23T01:06:22.790+0200] {processor.py:175} INFO - Processing /Users/siddalingkattimani/dbt_env/lib/python3.11/site-packages/airflow/example_dags/example_branch_operator_decorator.py took 1.492 seconds
[2023-04-23T01:08:54.287+0200] {processor.py:153} INFO - Started process (PID=47586) to work on /Users/siddalingkattimani/dbt_env/lib/python3.11/site-packages/airflow/example_dags/example_branch_operator_decorator.py
[2023-04-23T01:08:54.294+0200] {processor.py:743} INFO - Processing file /Users/siddalingkattimani/dbt_env/lib/python3.11/site-packages/airflow/example_dags/example_branch_operator_decorator.py for tasks to queue
[2023-04-23T01:08:54.296+0200] {logging_mixin.py:137} INFO - [2023-04-23T01:08:54.296+0200] {dagbag.py:532} INFO - Filling up the DagBag from /Users/siddalingkattimani/dbt_env/lib/python3.11/site-packages/airflow/example_dags/example_branch_operator_decorator.py
[2023-04-23T01:08:54.389+0200] {processor.py:753} INFO - DAG(s) dict_keys(['example_branch_python_operator_decorator']) retrieved from /Users/siddalingkattimani/dbt_env/lib/python3.11/site-packages/airflow/example_dags/example_branch_operator_decorator.py
[2023-04-23T01:08:55.265+0200] {logging_mixin.py:137} INFO - [2023-04-23T01:08:55.265+0200] {dag.py:2705} INFO - Sync 1 DAGs
[2023-04-23T01:08:55.282+0200] {logging_mixin.py:137} INFO - [2023-04-23T01:08:55.282+0200] {dag.py:3452} INFO - Setting next_dagrun for example_branch_python_operator_decorator to 2023-04-21T00:00:00+00:00, run_after=2023-04-22T00:00:00+00:00
[2023-04-23T01:08:55.305+0200] {processor.py:175} INFO - Processing /Users/siddalingkattimani/dbt_env/lib/python3.11/site-packages/airflow/example_dags/example_branch_operator_decorator.py took 1.019 seconds
[2023-04-23T01:11:25.295+0200] {processor.py:153} INFO - Started process (PID=47664) to work on /Users/siddalingkattimani/dbt_env/lib/python3.11/site-packages/airflow/example_dags/example_branch_operator_decorator.py
[2023-04-23T01:11:25.299+0200] {processor.py:743} INFO - Processing file /Users/siddalingkattimani/dbt_env/lib/python3.11/site-packages/airflow/example_dags/example_branch_operator_decorator.py for tasks to queue
[2023-04-23T01:11:25.300+0200] {logging_mixin.py:137} INFO - [2023-04-23T01:11:25.300+0200] {dagbag.py:532} INFO - Filling up the DagBag from /Users/siddalingkattimani/dbt_env/lib/python3.11/site-packages/airflow/example_dags/example_branch_operator_decorator.py
[2023-04-23T01:11:25.385+0200] {processor.py:753} INFO - DAG(s) dict_keys(['example_branch_python_operator_decorator']) retrieved from /Users/siddalingkattimani/dbt_env/lib/python3.11/site-packages/airflow/example_dags/example_branch_operator_decorator.py
[2023-04-23T01:11:26.072+0200] {logging_mixin.py:137} INFO - [2023-04-23T01:11:26.072+0200] {dag.py:2705} INFO - Sync 1 DAGs
[2023-04-23T01:11:26.088+0200] {logging_mixin.py:137} INFO - [2023-04-23T01:11:26.088+0200] {dag.py:3452} INFO - Setting next_dagrun for example_branch_python_operator_decorator to 2023-04-21T00:00:00+00:00, run_after=2023-04-22T00:00:00+00:00
[2023-04-23T01:11:26.104+0200] {processor.py:175} INFO - Processing /Users/siddalingkattimani/dbt_env/lib/python3.11/site-packages/airflow/example_dags/example_branch_operator_decorator.py took 0.810 seconds
[2023-04-23T01:13:25.632+0200] {processor.py:153} INFO - Started process (PID=47710) to work on /Users/siddalingkattimani/dbt_env/lib/python3.11/site-packages/airflow/example_dags/example_branch_operator_decorator.py
[2023-04-23T01:13:25.635+0200] {processor.py:743} INFO - Processing file /Users/siddalingkattimani/dbt_env/lib/python3.11/site-packages/airflow/example_dags/example_branch_operator_decorator.py for tasks to queue
[2023-04-23T01:13:25.635+0200] {logging_mixin.py:137} INFO - [2023-04-23T01:13:25.635+0200] {dagbag.py:532} INFO - Filling up the DagBag from /Users/siddalingkattimani/dbt_env/lib/python3.11/site-packages/airflow/example_dags/example_branch_operator_decorator.py
[2023-04-23T01:13:25.708+0200] {processor.py:753} INFO - DAG(s) dict_keys(['example_branch_python_operator_decorator']) retrieved from /Users/siddalingkattimani/dbt_env/lib/python3.11/site-packages/airflow/example_dags/example_branch_operator_decorator.py
[2023-04-23T01:13:26.347+0200] {logging_mixin.py:137} INFO - [2023-04-23T01:13:26.347+0200] {dag.py:2705} INFO - Sync 1 DAGs
[2023-04-23T01:13:26.362+0200] {logging_mixin.py:137} INFO - [2023-04-23T01:13:26.362+0200] {dag.py:3452} INFO - Setting next_dagrun for example_branch_python_operator_decorator to 2023-04-21T00:00:00+00:00, run_after=2023-04-22T00:00:00+00:00
[2023-04-23T01:13:26.380+0200] {processor.py:175} INFO - Processing /Users/siddalingkattimani/dbt_env/lib/python3.11/site-packages/airflow/example_dags/example_branch_operator_decorator.py took 0.749 seconds
[2023-04-23T01:15:29.736+0200] {processor.py:153} INFO - Started process (PID=47757) to work on /Users/siddalingkattimani/dbt_env/lib/python3.11/site-packages/airflow/example_dags/example_branch_operator_decorator.py
[2023-04-23T01:15:29.740+0200] {processor.py:743} INFO - Processing file /Users/siddalingkattimani/dbt_env/lib/python3.11/site-packages/airflow/example_dags/example_branch_operator_decorator.py for tasks to queue
[2023-04-23T01:15:29.740+0200] {logging_mixin.py:137} INFO - [2023-04-23T01:15:29.740+0200] {dagbag.py:532} INFO - Filling up the DagBag from /Users/siddalingkattimani/dbt_env/lib/python3.11/site-packages/airflow/example_dags/example_branch_operator_decorator.py
[2023-04-23T01:15:29.822+0200] {processor.py:753} INFO - DAG(s) dict_keys(['example_branch_python_operator_decorator']) retrieved from /Users/siddalingkattimani/dbt_env/lib/python3.11/site-packages/airflow/example_dags/example_branch_operator_decorator.py
[2023-04-23T01:15:30.655+0200] {logging_mixin.py:137} INFO - [2023-04-23T01:15:30.655+0200] {dag.py:2705} INFO - Sync 1 DAGs
[2023-04-23T01:15:30.673+0200] {logging_mixin.py:137} INFO - [2023-04-23T01:15:30.673+0200] {dag.py:3452} INFO - Setting next_dagrun for example_branch_python_operator_decorator to 2023-04-21T00:00:00+00:00, run_after=2023-04-22T00:00:00+00:00
[2023-04-23T01:15:30.691+0200] {processor.py:175} INFO - Processing /Users/siddalingkattimani/dbt_env/lib/python3.11/site-packages/airflow/example_dags/example_branch_operator_decorator.py took 0.956 seconds
[2023-04-23T01:17:33.767+0200] {processor.py:153} INFO - Started process (PID=47803) to work on /Users/siddalingkattimani/dbt_env/lib/python3.11/site-packages/airflow/example_dags/example_branch_operator_decorator.py
[2023-04-23T01:17:33.770+0200] {processor.py:743} INFO - Processing file /Users/siddalingkattimani/dbt_env/lib/python3.11/site-packages/airflow/example_dags/example_branch_operator_decorator.py for tasks to queue
[2023-04-23T01:17:33.770+0200] {logging_mixin.py:137} INFO - [2023-04-23T01:17:33.770+0200] {dagbag.py:532} INFO - Filling up the DagBag from /Users/siddalingkattimani/dbt_env/lib/python3.11/site-packages/airflow/example_dags/example_branch_operator_decorator.py
[2023-04-23T01:17:33.845+0200] {processor.py:753} INFO - DAG(s) dict_keys(['example_branch_python_operator_decorator']) retrieved from /Users/siddalingkattimani/dbt_env/lib/python3.11/site-packages/airflow/example_dags/example_branch_operator_decorator.py
[2023-04-23T01:17:34.464+0200] {logging_mixin.py:137} INFO - [2023-04-23T01:17:34.464+0200] {dag.py:2705} INFO - Sync 1 DAGs
[2023-04-23T01:17:34.478+0200] {logging_mixin.py:137} INFO - [2023-04-23T01:17:34.478+0200] {dag.py:3452} INFO - Setting next_dagrun for example_branch_python_operator_decorator to 2023-04-21T00:00:00+00:00, run_after=2023-04-22T00:00:00+00:00
[2023-04-23T01:17:34.495+0200] {processor.py:175} INFO - Processing /Users/siddalingkattimani/dbt_env/lib/python3.11/site-packages/airflow/example_dags/example_branch_operator_decorator.py took 0.729 seconds
[2023-04-23T01:19:35.371+0200] {processor.py:153} INFO - Started process (PID=47848) to work on /Users/siddalingkattimani/dbt_env/lib/python3.11/site-packages/airflow/example_dags/example_branch_operator_decorator.py
[2023-04-23T01:19:35.374+0200] {processor.py:743} INFO - Processing file /Users/siddalingkattimani/dbt_env/lib/python3.11/site-packages/airflow/example_dags/example_branch_operator_decorator.py for tasks to queue
[2023-04-23T01:19:35.375+0200] {logging_mixin.py:137} INFO - [2023-04-23T01:19:35.375+0200] {dagbag.py:532} INFO - Filling up the DagBag from /Users/siddalingkattimani/dbt_env/lib/python3.11/site-packages/airflow/example_dags/example_branch_operator_decorator.py
[2023-04-23T01:19:35.463+0200] {processor.py:753} INFO - DAG(s) dict_keys(['example_branch_python_operator_decorator']) retrieved from /Users/siddalingkattimani/dbt_env/lib/python3.11/site-packages/airflow/example_dags/example_branch_operator_decorator.py
[2023-04-23T01:19:36.278+0200] {logging_mixin.py:137} INFO - [2023-04-23T01:19:36.278+0200] {dag.py:2705} INFO - Sync 1 DAGs
[2023-04-23T01:19:36.302+0200] {logging_mixin.py:137} INFO - [2023-04-23T01:19:36.302+0200] {dag.py:3452} INFO - Setting next_dagrun for example_branch_python_operator_decorator to 2023-04-21T00:00:00+00:00, run_after=2023-04-22T00:00:00+00:00
[2023-04-23T01:19:36.321+0200] {processor.py:175} INFO - Processing /Users/siddalingkattimani/dbt_env/lib/python3.11/site-packages/airflow/example_dags/example_branch_operator_decorator.py took 0.951 seconds
[2023-04-23T01:21:41.477+0200] {processor.py:153} INFO - Started process (PID=47893) to work on /Users/siddalingkattimani/dbt_env/lib/python3.11/site-packages/airflow/example_dags/example_branch_operator_decorator.py
[2023-04-23T01:21:41.481+0200] {processor.py:743} INFO - Processing file /Users/siddalingkattimani/dbt_env/lib/python3.11/site-packages/airflow/example_dags/example_branch_operator_decorator.py for tasks to queue
[2023-04-23T01:21:41.482+0200] {logging_mixin.py:137} INFO - [2023-04-23T01:21:41.482+0200] {dagbag.py:532} INFO - Filling up the DagBag from /Users/siddalingkattimani/dbt_env/lib/python3.11/site-packages/airflow/example_dags/example_branch_operator_decorator.py
[2023-04-23T01:21:41.560+0200] {processor.py:753} INFO - DAG(s) dict_keys(['example_branch_python_operator_decorator']) retrieved from /Users/siddalingkattimani/dbt_env/lib/python3.11/site-packages/airflow/example_dags/example_branch_operator_decorator.py
[2023-04-23T01:21:42.227+0200] {logging_mixin.py:137} INFO - [2023-04-23T01:21:42.226+0200] {dag.py:2705} INFO - Sync 1 DAGs
[2023-04-23T01:21:42.248+0200] {logging_mixin.py:137} INFO - [2023-04-23T01:21:42.248+0200] {dag.py:3452} INFO - Setting next_dagrun for example_branch_python_operator_decorator to 2023-04-21T00:00:00+00:00, run_after=2023-04-22T00:00:00+00:00
[2023-04-23T01:21:42.264+0200] {processor.py:175} INFO - Processing /Users/siddalingkattimani/dbt_env/lib/python3.11/site-packages/airflow/example_dags/example_branch_operator_decorator.py took 0.788 seconds
[2023-04-23T01:23:40.939+0200] {processor.py:153} INFO - Started process (PID=47942) to work on /Users/siddalingkattimani/dbt_env/lib/python3.11/site-packages/airflow/example_dags/example_branch_operator_decorator.py
[2023-04-23T01:23:40.942+0200] {processor.py:743} INFO - Processing file /Users/siddalingkattimani/dbt_env/lib/python3.11/site-packages/airflow/example_dags/example_branch_operator_decorator.py for tasks to queue
[2023-04-23T01:23:40.943+0200] {logging_mixin.py:137} INFO - [2023-04-23T01:23:40.943+0200] {dagbag.py:532} INFO - Filling up the DagBag from /Users/siddalingkattimani/dbt_env/lib/python3.11/site-packages/airflow/example_dags/example_branch_operator_decorator.py
[2023-04-23T01:23:41.013+0200] {processor.py:753} INFO - DAG(s) dict_keys(['example_branch_python_operator_decorator']) retrieved from /Users/siddalingkattimani/dbt_env/lib/python3.11/site-packages/airflow/example_dags/example_branch_operator_decorator.py
[2023-04-23T01:23:41.611+0200] {logging_mixin.py:137} INFO - [2023-04-23T01:23:41.611+0200] {dag.py:2705} INFO - Sync 1 DAGs
[2023-04-23T01:23:41.625+0200] {logging_mixin.py:137} INFO - [2023-04-23T01:23:41.625+0200] {dag.py:3452} INFO - Setting next_dagrun for example_branch_python_operator_decorator to 2023-04-21T00:00:00+00:00, run_after=2023-04-22T00:00:00+00:00
[2023-04-23T01:23:41.643+0200] {processor.py:175} INFO - Processing /Users/siddalingkattimani/dbt_env/lib/python3.11/site-packages/airflow/example_dags/example_branch_operator_decorator.py took 0.705 seconds
[2023-04-23T01:25:38.489+0200] {processor.py:153} INFO - Started process (PID=48011) to work on /Users/siddalingkattimani/dbt_env/lib/python3.11/site-packages/airflow/example_dags/example_branch_operator_decorator.py
[2023-04-23T01:25:38.493+0200] {processor.py:743} INFO - Processing file /Users/siddalingkattimani/dbt_env/lib/python3.11/site-packages/airflow/example_dags/example_branch_operator_decorator.py for tasks to queue
[2023-04-23T01:25:38.493+0200] {logging_mixin.py:137} INFO - [2023-04-23T01:25:38.493+0200] {dagbag.py:532} INFO - Filling up the DagBag from /Users/siddalingkattimani/dbt_env/lib/python3.11/site-packages/airflow/example_dags/example_branch_operator_decorator.py
[2023-04-23T01:25:38.687+0200] {processor.py:753} INFO - DAG(s) dict_keys(['example_branch_python_operator_decorator']) retrieved from /Users/siddalingkattimani/dbt_env/lib/python3.11/site-packages/airflow/example_dags/example_branch_operator_decorator.py
[2023-04-23T01:25:39.490+0200] {logging_mixin.py:137} INFO - [2023-04-23T01:25:39.489+0200] {dag.py:2705} INFO - Sync 1 DAGs
[2023-04-23T01:25:39.506+0200] {logging_mixin.py:137} INFO - [2023-04-23T01:25:39.506+0200] {dag.py:3452} INFO - Setting next_dagrun for example_branch_python_operator_decorator to 2023-04-21T00:00:00+00:00, run_after=2023-04-22T00:00:00+00:00
[2023-04-23T01:25:39.525+0200] {processor.py:175} INFO - Processing /Users/siddalingkattimani/dbt_env/lib/python3.11/site-packages/airflow/example_dags/example_branch_operator_decorator.py took 1.038 seconds
[2023-04-23T01:27:42.807+0200] {processor.py:153} INFO - Started process (PID=48058) to work on /Users/siddalingkattimani/dbt_env/lib/python3.11/site-packages/airflow/example_dags/example_branch_operator_decorator.py
[2023-04-23T01:27:42.811+0200] {processor.py:743} INFO - Processing file /Users/siddalingkattimani/dbt_env/lib/python3.11/site-packages/airflow/example_dags/example_branch_operator_decorator.py for tasks to queue
[2023-04-23T01:27:42.811+0200] {logging_mixin.py:137} INFO - [2023-04-23T01:27:42.811+0200] {dagbag.py:532} INFO - Filling up the DagBag from /Users/siddalingkattimani/dbt_env/lib/python3.11/site-packages/airflow/example_dags/example_branch_operator_decorator.py
[2023-04-23T01:27:42.902+0200] {processor.py:753} INFO - DAG(s) dict_keys(['example_branch_python_operator_decorator']) retrieved from /Users/siddalingkattimani/dbt_env/lib/python3.11/site-packages/airflow/example_dags/example_branch_operator_decorator.py
[2023-04-23T01:27:43.644+0200] {logging_mixin.py:137} INFO - [2023-04-23T01:27:43.643+0200] {dag.py:2705} INFO - Sync 1 DAGs
[2023-04-23T01:27:43.727+0200] {logging_mixin.py:137} INFO - [2023-04-23T01:27:43.726+0200] {dag.py:3452} INFO - Setting next_dagrun for example_branch_python_operator_decorator to 2023-04-21T00:00:00+00:00, run_after=2023-04-22T00:00:00+00:00
[2023-04-23T01:27:43.779+0200] {processor.py:175} INFO - Processing /Users/siddalingkattimani/dbt_env/lib/python3.11/site-packages/airflow/example_dags/example_branch_operator_decorator.py took 0.961 seconds
[2023-04-23T01:29:51.619+0200] {processor.py:153} INFO - Started process (PID=48106) to work on /Users/siddalingkattimani/dbt_env/lib/python3.11/site-packages/airflow/example_dags/example_branch_operator_decorator.py
[2023-04-23T01:29:51.622+0200] {processor.py:743} INFO - Processing file /Users/siddalingkattimani/dbt_env/lib/python3.11/site-packages/airflow/example_dags/example_branch_operator_decorator.py for tasks to queue
[2023-04-23T01:29:51.623+0200] {logging_mixin.py:137} INFO - [2023-04-23T01:29:51.623+0200] {dagbag.py:532} INFO - Filling up the DagBag from /Users/siddalingkattimani/dbt_env/lib/python3.11/site-packages/airflow/example_dags/example_branch_operator_decorator.py
[2023-04-23T01:29:51.701+0200] {processor.py:753} INFO - DAG(s) dict_keys(['example_branch_python_operator_decorator']) retrieved from /Users/siddalingkattimani/dbt_env/lib/python3.11/site-packages/airflow/example_dags/example_branch_operator_decorator.py
[2023-04-23T01:29:52.318+0200] {logging_mixin.py:137} INFO - [2023-04-23T01:29:52.318+0200] {dag.py:2705} INFO - Sync 1 DAGs
[2023-04-23T01:29:52.333+0200] {logging_mixin.py:137} INFO - [2023-04-23T01:29:52.333+0200] {dag.py:3452} INFO - Setting next_dagrun for example_branch_python_operator_decorator to 2023-04-21T00:00:00+00:00, run_after=2023-04-22T00:00:00+00:00
[2023-04-23T01:29:52.350+0200] {processor.py:175} INFO - Processing /Users/siddalingkattimani/dbt_env/lib/python3.11/site-packages/airflow/example_dags/example_branch_operator_decorator.py took 0.731 seconds
[2023-04-23T01:31:49.964+0200] {processor.py:153} INFO - Started process (PID=48153) to work on /Users/siddalingkattimani/dbt_env/lib/python3.11/site-packages/airflow/example_dags/example_branch_operator_decorator.py
[2023-04-23T01:31:49.967+0200] {processor.py:743} INFO - Processing file /Users/siddalingkattimani/dbt_env/lib/python3.11/site-packages/airflow/example_dags/example_branch_operator_decorator.py for tasks to queue
[2023-04-23T01:31:49.968+0200] {logging_mixin.py:137} INFO - [2023-04-23T01:31:49.968+0200] {dagbag.py:532} INFO - Filling up the DagBag from /Users/siddalingkattimani/dbt_env/lib/python3.11/site-packages/airflow/example_dags/example_branch_operator_decorator.py
[2023-04-23T01:31:50.046+0200] {processor.py:753} INFO - DAG(s) dict_keys(['example_branch_python_operator_decorator']) retrieved from /Users/siddalingkattimani/dbt_env/lib/python3.11/site-packages/airflow/example_dags/example_branch_operator_decorator.py
[2023-04-23T01:31:50.681+0200] {logging_mixin.py:137} INFO - [2023-04-23T01:31:50.681+0200] {dag.py:2705} INFO - Sync 1 DAGs
[2023-04-23T01:31:50.699+0200] {logging_mixin.py:137} INFO - [2023-04-23T01:31:50.699+0200] {dag.py:3452} INFO - Setting next_dagrun for example_branch_python_operator_decorator to 2023-04-21T00:00:00+00:00, run_after=2023-04-22T00:00:00+00:00
[2023-04-23T01:31:50.714+0200] {processor.py:175} INFO - Processing /Users/siddalingkattimani/dbt_env/lib/python3.11/site-packages/airflow/example_dags/example_branch_operator_decorator.py took 0.751 seconds
[2023-04-23T01:33:56.068+0200] {processor.py:153} INFO - Started process (PID=48202) to work on /Users/siddalingkattimani/dbt_env/lib/python3.11/site-packages/airflow/example_dags/example_branch_operator_decorator.py
[2023-04-23T01:33:56.072+0200] {processor.py:743} INFO - Processing file /Users/siddalingkattimani/dbt_env/lib/python3.11/site-packages/airflow/example_dags/example_branch_operator_decorator.py for tasks to queue
[2023-04-23T01:33:56.072+0200] {logging_mixin.py:137} INFO - [2023-04-23T01:33:56.072+0200] {dagbag.py:532} INFO - Filling up the DagBag from /Users/siddalingkattimani/dbt_env/lib/python3.11/site-packages/airflow/example_dags/example_branch_operator_decorator.py
[2023-04-23T01:33:56.152+0200] {processor.py:753} INFO - DAG(s) dict_keys(['example_branch_python_operator_decorator']) retrieved from /Users/siddalingkattimani/dbt_env/lib/python3.11/site-packages/airflow/example_dags/example_branch_operator_decorator.py
[2023-04-23T01:33:56.792+0200] {logging_mixin.py:137} INFO - [2023-04-23T01:33:56.792+0200] {dag.py:2705} INFO - Sync 1 DAGs
[2023-04-23T01:33:56.808+0200] {logging_mixin.py:137} INFO - [2023-04-23T01:33:56.808+0200] {dag.py:3452} INFO - Setting next_dagrun for example_branch_python_operator_decorator to 2023-04-21T00:00:00+00:00, run_after=2023-04-22T00:00:00+00:00
[2023-04-23T01:33:56.825+0200] {processor.py:175} INFO - Processing /Users/siddalingkattimani/dbt_env/lib/python3.11/site-packages/airflow/example_dags/example_branch_operator_decorator.py took 0.757 seconds
