[2023-04-23T00:44:28.409+0200] {processor.py:153} INFO - Started process (PID=46777) to work on /Users/siddalingkattimani/dbt_env/lib/python3.11/site-packages/airflow/example_dags/example_short_circuit_operator.py
[2023-04-23T00:44:28.416+0200] {processor.py:743} INFO - Processing file /Users/siddalingkattimani/dbt_env/lib/python3.11/site-packages/airflow/example_dags/example_short_circuit_operator.py for tasks to queue
[2023-04-23T00:44:28.417+0200] {logging_mixin.py:137} INFO - [2023-04-23T00:44:28.416+0200] {dagbag.py:532} INFO - Filling up the DagBag from /Users/siddalingkattimani/dbt_env/lib/python3.11/site-packages/airflow/example_dags/example_short_circuit_operator.py
[2023-04-23T00:44:28.476+0200] {processor.py:753} INFO - DAG(s) dict_keys(['example_short_circuit_operator']) retrieved from /Users/siddalingkattimani/dbt_env/lib/python3.11/site-packages/airflow/example_dags/example_short_circuit_operator.py
[2023-04-23T00:44:29.367+0200] {logging_mixin.py:137} INFO - [2023-04-23T00:44:29.367+0200] {manager.py:504} INFO - Created Permission View: can edit on DAG:example_short_circuit_operator
[2023-04-23T00:44:29.375+0200] {logging_mixin.py:137} INFO - [2023-04-23T00:44:29.374+0200] {manager.py:504} INFO - Created Permission View: can delete on DAG:example_short_circuit_operator
[2023-04-23T00:44:29.380+0200] {logging_mixin.py:137} INFO - [2023-04-23T00:44:29.380+0200] {manager.py:504} INFO - Created Permission View: can read on DAG:example_short_circuit_operator
[2023-04-23T00:44:29.380+0200] {logging_mixin.py:137} INFO - [2023-04-23T00:44:29.380+0200] {dag.py:2705} INFO - Sync 1 DAGs
[2023-04-23T00:44:29.389+0200] {logging_mixin.py:137} INFO - [2023-04-23T00:44:29.389+0200] {dag.py:2726} INFO - Creating ORM DAG for example_short_circuit_operator
[2023-04-23T00:44:29.395+0200] {logging_mixin.py:137} INFO - [2023-04-23T00:44:29.395+0200] {dag.py:3452} INFO - Setting next_dagrun for example_short_circuit_operator to 2023-04-21T22:44:29.395646+00:00, run_after=2023-04-22T22:44:29.395646+00:00
[2023-04-23T00:44:29.414+0200] {processor.py:175} INFO - Processing /Users/siddalingkattimani/dbt_env/lib/python3.11/site-packages/airflow/example_dags/example_short_circuit_operator.py took 1.007 seconds
[2023-04-23T00:46:25.426+0200] {processor.py:153} INFO - Started process (PID=46822) to work on /Users/siddalingkattimani/dbt_env/lib/python3.11/site-packages/airflow/example_dags/example_short_circuit_operator.py
[2023-04-23T00:46:25.429+0200] {processor.py:743} INFO - Processing file /Users/siddalingkattimani/dbt_env/lib/python3.11/site-packages/airflow/example_dags/example_short_circuit_operator.py for tasks to queue
[2023-04-23T00:46:25.429+0200] {logging_mixin.py:137} INFO - [2023-04-23T00:46:25.429+0200] {dagbag.py:532} INFO - Filling up the DagBag from /Users/siddalingkattimani/dbt_env/lib/python3.11/site-packages/airflow/example_dags/example_short_circuit_operator.py
[2023-04-23T00:46:25.458+0200] {processor.py:753} INFO - DAG(s) dict_keys(['example_short_circuit_operator']) retrieved from /Users/siddalingkattimani/dbt_env/lib/python3.11/site-packages/airflow/example_dags/example_short_circuit_operator.py
[2023-04-23T00:46:26.229+0200] {logging_mixin.py:137} INFO - [2023-04-23T00:46:26.229+0200] {dag.py:2705} INFO - Sync 1 DAGs
[2023-04-23T00:46:26.251+0200] {logging_mixin.py:137} INFO - [2023-04-23T00:46:26.251+0200] {dag.py:3452} INFO - Setting next_dagrun for example_short_circuit_operator to 2023-04-21T22:46:26.251360+00:00, run_after=2023-04-22T22:46:26.251360+00:00
[2023-04-23T00:46:26.278+0200] {processor.py:175} INFO - Processing /Users/siddalingkattimani/dbt_env/lib/python3.11/site-packages/airflow/example_dags/example_short_circuit_operator.py took 0.852 seconds
[2023-04-23T00:48:29.776+0200] {processor.py:153} INFO - Started process (PID=46868) to work on /Users/siddalingkattimani/dbt_env/lib/python3.11/site-packages/airflow/example_dags/example_short_circuit_operator.py
[2023-04-23T00:48:29.779+0200] {processor.py:743} INFO - Processing file /Users/siddalingkattimani/dbt_env/lib/python3.11/site-packages/airflow/example_dags/example_short_circuit_operator.py for tasks to queue
[2023-04-23T00:48:29.780+0200] {logging_mixin.py:137} INFO - [2023-04-23T00:48:29.780+0200] {dagbag.py:532} INFO - Filling up the DagBag from /Users/siddalingkattimani/dbt_env/lib/python3.11/site-packages/airflow/example_dags/example_short_circuit_operator.py
[2023-04-23T00:48:29.810+0200] {processor.py:753} INFO - DAG(s) dict_keys(['example_short_circuit_operator']) retrieved from /Users/siddalingkattimani/dbt_env/lib/python3.11/site-packages/airflow/example_dags/example_short_circuit_operator.py
[2023-04-23T00:48:30.508+0200] {logging_mixin.py:137} INFO - [2023-04-23T00:48:30.508+0200] {dag.py:2705} INFO - Sync 1 DAGs
[2023-04-23T00:48:30.524+0200] {logging_mixin.py:137} INFO - [2023-04-23T00:48:30.524+0200] {dag.py:3452} INFO - Setting next_dagrun for example_short_circuit_operator to 2023-04-21T22:48:30.524576+00:00, run_after=2023-04-22T22:48:30.524576+00:00
[2023-04-23T00:48:30.542+0200] {processor.py:175} INFO - Processing /Users/siddalingkattimani/dbt_env/lib/python3.11/site-packages/airflow/example_dags/example_short_circuit_operator.py took 0.766 seconds
[2023-04-23T00:50:30.528+0200] {processor.py:153} INFO - Started process (PID=46914) to work on /Users/siddalingkattimani/dbt_env/lib/python3.11/site-packages/airflow/example_dags/example_short_circuit_operator.py
[2023-04-23T00:50:30.531+0200] {processor.py:743} INFO - Processing file /Users/siddalingkattimani/dbt_env/lib/python3.11/site-packages/airflow/example_dags/example_short_circuit_operator.py for tasks to queue
[2023-04-23T00:50:30.531+0200] {logging_mixin.py:137} INFO - [2023-04-23T00:50:30.531+0200] {dagbag.py:532} INFO - Filling up the DagBag from /Users/siddalingkattimani/dbt_env/lib/python3.11/site-packages/airflow/example_dags/example_short_circuit_operator.py
[2023-04-23T00:50:30.560+0200] {processor.py:753} INFO - DAG(s) dict_keys(['example_short_circuit_operator']) retrieved from /Users/siddalingkattimani/dbt_env/lib/python3.11/site-packages/airflow/example_dags/example_short_circuit_operator.py
[2023-04-23T00:50:31.224+0200] {logging_mixin.py:137} INFO - [2023-04-23T00:50:31.224+0200] {dag.py:2705} INFO - Sync 1 DAGs
[2023-04-23T00:50:31.238+0200] {logging_mixin.py:137} INFO - [2023-04-23T00:50:31.238+0200] {dag.py:3452} INFO - Setting next_dagrun for example_short_circuit_operator to 2023-04-21T22:50:31.238549+00:00, run_after=2023-04-22T22:50:31.238549+00:00
[2023-04-23T00:50:31.255+0200] {processor.py:175} INFO - Processing /Users/siddalingkattimani/dbt_env/lib/python3.11/site-packages/airflow/example_dags/example_short_circuit_operator.py took 0.728 seconds
[2023-04-23T00:52:44.106+0200] {processor.py:153} INFO - Started process (PID=46975) to work on /Users/siddalingkattimani/dbt_env/lib/python3.11/site-packages/airflow/example_dags/example_short_circuit_operator.py
[2023-04-23T00:52:44.110+0200] {processor.py:743} INFO - Processing file /Users/siddalingkattimani/dbt_env/lib/python3.11/site-packages/airflow/example_dags/example_short_circuit_operator.py for tasks to queue
[2023-04-23T00:52:44.110+0200] {logging_mixin.py:137} INFO - [2023-04-23T00:52:44.110+0200] {dagbag.py:532} INFO - Filling up the DagBag from /Users/siddalingkattimani/dbt_env/lib/python3.11/site-packages/airflow/example_dags/example_short_circuit_operator.py
[2023-04-23T00:52:44.140+0200] {processor.py:753} INFO - DAG(s) dict_keys(['example_short_circuit_operator']) retrieved from /Users/siddalingkattimani/dbt_env/lib/python3.11/site-packages/airflow/example_dags/example_short_circuit_operator.py
[2023-04-23T00:52:44.827+0200] {logging_mixin.py:137} INFO - [2023-04-23T00:52:44.827+0200] {dag.py:2705} INFO - Sync 1 DAGs
[2023-04-23T00:52:44.842+0200] {logging_mixin.py:137} INFO - [2023-04-23T00:52:44.842+0200] {dag.py:3452} INFO - Setting next_dagrun for example_short_circuit_operator to 2023-04-21T22:52:44.842198+00:00, run_after=2023-04-22T22:52:44.842198+00:00
[2023-04-23T00:52:44.860+0200] {processor.py:175} INFO - Processing /Users/siddalingkattimani/dbt_env/lib/python3.11/site-packages/airflow/example_dags/example_short_circuit_operator.py took 0.754 seconds
[2023-04-23T00:54:41.317+0200] {processor.py:153} INFO - Started process (PID=47040) to work on /Users/siddalingkattimani/dbt_env/lib/python3.11/site-packages/airflow/example_dags/example_short_circuit_operator.py
[2023-04-23T00:54:41.320+0200] {processor.py:743} INFO - Processing file /Users/siddalingkattimani/dbt_env/lib/python3.11/site-packages/airflow/example_dags/example_short_circuit_operator.py for tasks to queue
[2023-04-23T00:54:41.320+0200] {logging_mixin.py:137} INFO - [2023-04-23T00:54:41.320+0200] {dagbag.py:532} INFO - Filling up the DagBag from /Users/siddalingkattimani/dbt_env/lib/python3.11/site-packages/airflow/example_dags/example_short_circuit_operator.py
[2023-04-23T00:54:41.350+0200] {processor.py:753} INFO - DAG(s) dict_keys(['example_short_circuit_operator']) retrieved from /Users/siddalingkattimani/dbt_env/lib/python3.11/site-packages/airflow/example_dags/example_short_circuit_operator.py
[2023-04-23T00:54:42.033+0200] {logging_mixin.py:137} INFO - [2023-04-23T00:54:42.033+0200] {dag.py:2705} INFO - Sync 1 DAGs
[2023-04-23T00:54:42.050+0200] {logging_mixin.py:137} INFO - [2023-04-23T00:54:42.050+0200] {dag.py:3452} INFO - Setting next_dagrun for example_short_circuit_operator to 2023-04-21T22:54:42.050367+00:00, run_after=2023-04-22T22:54:42.050367+00:00
[2023-04-23T00:54:42.067+0200] {processor.py:175} INFO - Processing /Users/siddalingkattimani/dbt_env/lib/python3.11/site-packages/airflow/example_dags/example_short_circuit_operator.py took 0.751 seconds
[2023-04-23T00:56:45.622+0200] {processor.py:153} INFO - Started process (PID=47091) to work on /Users/siddalingkattimani/dbt_env/lib/python3.11/site-packages/airflow/example_dags/example_short_circuit_operator.py
[2023-04-23T00:56:45.627+0200] {processor.py:743} INFO - Processing file /Users/siddalingkattimani/dbt_env/lib/python3.11/site-packages/airflow/example_dags/example_short_circuit_operator.py for tasks to queue
[2023-04-23T00:56:45.628+0200] {logging_mixin.py:137} INFO - [2023-04-23T00:56:45.628+0200] {dagbag.py:532} INFO - Filling up the DagBag from /Users/siddalingkattimani/dbt_env/lib/python3.11/site-packages/airflow/example_dags/example_short_circuit_operator.py
[2023-04-23T00:56:45.673+0200] {processor.py:753} INFO - DAG(s) dict_keys(['example_short_circuit_operator']) retrieved from /Users/siddalingkattimani/dbt_env/lib/python3.11/site-packages/airflow/example_dags/example_short_circuit_operator.py
[2023-04-23T00:56:46.636+0200] {logging_mixin.py:137} INFO - [2023-04-23T00:56:46.635+0200] {dag.py:2705} INFO - Sync 1 DAGs
[2023-04-23T00:56:46.655+0200] {logging_mixin.py:137} INFO - [2023-04-23T00:56:46.654+0200] {dag.py:3452} INFO - Setting next_dagrun for example_short_circuit_operator to 2023-04-21T22:56:46.654731+00:00, run_after=2023-04-22T22:56:46.654731+00:00
[2023-04-23T00:56:46.674+0200] {processor.py:175} INFO - Processing /Users/siddalingkattimani/dbt_env/lib/python3.11/site-packages/airflow/example_dags/example_short_circuit_operator.py took 1.054 seconds
[2023-04-23T00:58:56.223+0200] {processor.py:153} INFO - Started process (PID=47143) to work on /Users/siddalingkattimani/dbt_env/lib/python3.11/site-packages/airflow/example_dags/example_short_circuit_operator.py
[2023-04-23T00:58:56.228+0200] {processor.py:743} INFO - Processing file /Users/siddalingkattimani/dbt_env/lib/python3.11/site-packages/airflow/example_dags/example_short_circuit_operator.py for tasks to queue
[2023-04-23T00:58:56.228+0200] {logging_mixin.py:137} INFO - [2023-04-23T00:58:56.228+0200] {dagbag.py:532} INFO - Filling up the DagBag from /Users/siddalingkattimani/dbt_env/lib/python3.11/site-packages/airflow/example_dags/example_short_circuit_operator.py
[2023-04-23T00:58:56.259+0200] {processor.py:753} INFO - DAG(s) dict_keys(['example_short_circuit_operator']) retrieved from /Users/siddalingkattimani/dbt_env/lib/python3.11/site-packages/airflow/example_dags/example_short_circuit_operator.py
[2023-04-23T00:58:56.924+0200] {logging_mixin.py:137} INFO - [2023-04-23T00:58:56.924+0200] {dag.py:2705} INFO - Sync 1 DAGs
[2023-04-23T00:58:56.939+0200] {logging_mixin.py:137} INFO - [2023-04-23T00:58:56.939+0200] {dag.py:3452} INFO - Setting next_dagrun for example_short_circuit_operator to 2023-04-21T22:58:56.939024+00:00, run_after=2023-04-22T22:58:56.939024+00:00
[2023-04-23T00:58:56.958+0200] {processor.py:175} INFO - Processing /Users/siddalingkattimani/dbt_env/lib/python3.11/site-packages/airflow/example_dags/example_short_circuit_operator.py took 0.735 seconds
[2023-04-23T01:00:58.383+0200] {processor.py:153} INFO - Started process (PID=47190) to work on /Users/siddalingkattimani/dbt_env/lib/python3.11/site-packages/airflow/example_dags/example_short_circuit_operator.py
[2023-04-23T01:00:58.388+0200] {processor.py:743} INFO - Processing file /Users/siddalingkattimani/dbt_env/lib/python3.11/site-packages/airflow/example_dags/example_short_circuit_operator.py for tasks to queue
[2023-04-23T01:00:58.389+0200] {logging_mixin.py:137} INFO - [2023-04-23T01:00:58.389+0200] {dagbag.py:532} INFO - Filling up the DagBag from /Users/siddalingkattimani/dbt_env/lib/python3.11/site-packages/airflow/example_dags/example_short_circuit_operator.py
[2023-04-23T01:00:58.452+0200] {processor.py:753} INFO - DAG(s) dict_keys(['example_short_circuit_operator']) retrieved from /Users/siddalingkattimani/dbt_env/lib/python3.11/site-packages/airflow/example_dags/example_short_circuit_operator.py
[2023-04-23T01:00:59.412+0200] {logging_mixin.py:137} INFO - [2023-04-23T01:00:59.412+0200] {dag.py:2705} INFO - Sync 1 DAGs
[2023-04-23T01:00:59.441+0200] {logging_mixin.py:137} INFO - [2023-04-23T01:00:59.440+0200] {dag.py:3452} INFO - Setting next_dagrun for example_short_circuit_operator to 2023-04-21T23:00:59.440343+00:00, run_after=2023-04-22T23:00:59.440343+00:00
[2023-04-23T01:00:59.574+0200] {processor.py:175} INFO - Processing /Users/siddalingkattimani/dbt_env/lib/python3.11/site-packages/airflow/example_dags/example_short_circuit_operator.py took 1.192 seconds
[2023-04-23T01:03:17.496+0200] {processor.py:153} INFO - Started process (PID=47237) to work on /Users/siddalingkattimani/dbt_env/lib/python3.11/site-packages/airflow/example_dags/example_short_circuit_operator.py
[2023-04-23T01:03:17.501+0200] {processor.py:743} INFO - Processing file /Users/siddalingkattimani/dbt_env/lib/python3.11/site-packages/airflow/example_dags/example_short_circuit_operator.py for tasks to queue
[2023-04-23T01:03:17.501+0200] {logging_mixin.py:137} INFO - [2023-04-23T01:03:17.501+0200] {dagbag.py:532} INFO - Filling up the DagBag from /Users/siddalingkattimani/dbt_env/lib/python3.11/site-packages/airflow/example_dags/example_short_circuit_operator.py
[2023-04-23T01:03:17.532+0200] {processor.py:753} INFO - DAG(s) dict_keys(['example_short_circuit_operator']) retrieved from /Users/siddalingkattimani/dbt_env/lib/python3.11/site-packages/airflow/example_dags/example_short_circuit_operator.py
[2023-04-23T01:03:18.272+0200] {logging_mixin.py:137} INFO - [2023-04-23T01:03:18.271+0200] {dag.py:2705} INFO - Sync 1 DAGs
[2023-04-23T01:03:18.285+0200] {logging_mixin.py:137} INFO - [2023-04-23T01:03:18.285+0200] {dag.py:3452} INFO - Setting next_dagrun for example_short_circuit_operator to 2023-04-21T23:03:18.285571+00:00, run_after=2023-04-22T23:03:18.285571+00:00
[2023-04-23T01:03:18.302+0200] {processor.py:175} INFO - Processing /Users/siddalingkattimani/dbt_env/lib/python3.11/site-packages/airflow/example_dags/example_short_circuit_operator.py took 0.807 seconds
[2023-04-23T01:05:20.253+0200] {processor.py:153} INFO - Started process (PID=47334) to work on /Users/siddalingkattimani/dbt_env/lib/python3.11/site-packages/airflow/example_dags/example_short_circuit_operator.py
[2023-04-23T01:05:20.258+0200] {processor.py:743} INFO - Processing file /Users/siddalingkattimani/dbt_env/lib/python3.11/site-packages/airflow/example_dags/example_short_circuit_operator.py for tasks to queue
[2023-04-23T01:05:20.259+0200] {logging_mixin.py:137} INFO - [2023-04-23T01:05:20.258+0200] {dagbag.py:532} INFO - Filling up the DagBag from /Users/siddalingkattimani/dbt_env/lib/python3.11/site-packages/airflow/example_dags/example_short_circuit_operator.py
[2023-04-23T01:05:20.295+0200] {processor.py:753} INFO - DAG(s) dict_keys(['example_short_circuit_operator']) retrieved from /Users/siddalingkattimani/dbt_env/lib/python3.11/site-packages/airflow/example_dags/example_short_circuit_operator.py
[2023-04-23T01:05:21.410+0200] {logging_mixin.py:137} INFO - [2023-04-23T01:05:21.409+0200] {dag.py:2705} INFO - Sync 1 DAGs
[2023-04-23T01:05:21.442+0200] {logging_mixin.py:137} INFO - [2023-04-23T01:05:21.442+0200] {dag.py:3452} INFO - Setting next_dagrun for example_short_circuit_operator to 2023-04-21T23:05:21.441897+00:00, run_after=2023-04-22T23:05:21.441897+00:00
[2023-04-23T01:05:21.474+0200] {processor.py:175} INFO - Processing /Users/siddalingkattimani/dbt_env/lib/python3.11/site-packages/airflow/example_dags/example_short_circuit_operator.py took 1.222 seconds
[2023-04-23T01:07:48.164+0200] {processor.py:153} INFO - Started process (PID=47453) to work on /Users/siddalingkattimani/dbt_env/lib/python3.11/site-packages/airflow/example_dags/example_short_circuit_operator.py
[2023-04-23T01:07:48.169+0200] {processor.py:743} INFO - Processing file /Users/siddalingkattimani/dbt_env/lib/python3.11/site-packages/airflow/example_dags/example_short_circuit_operator.py for tasks to queue
[2023-04-23T01:07:48.169+0200] {logging_mixin.py:137} INFO - [2023-04-23T01:07:48.169+0200] {dagbag.py:532} INFO - Filling up the DagBag from /Users/siddalingkattimani/dbt_env/lib/python3.11/site-packages/airflow/example_dags/example_short_circuit_operator.py
[2023-04-23T01:07:48.213+0200] {processor.py:753} INFO - DAG(s) dict_keys(['example_short_circuit_operator']) retrieved from /Users/siddalingkattimani/dbt_env/lib/python3.11/site-packages/airflow/example_dags/example_short_circuit_operator.py
[2023-04-23T01:07:49.107+0200] {logging_mixin.py:137} INFO - [2023-04-23T01:07:49.107+0200] {dag.py:2705} INFO - Sync 1 DAGs
[2023-04-23T01:07:49.123+0200] {logging_mixin.py:137} INFO - [2023-04-23T01:07:49.123+0200] {dag.py:3452} INFO - Setting next_dagrun for example_short_circuit_operator to 2023-04-21T23:07:49.123125+00:00, run_after=2023-04-22T23:07:49.123125+00:00
[2023-04-23T01:07:49.146+0200] {processor.py:175} INFO - Processing /Users/siddalingkattimani/dbt_env/lib/python3.11/site-packages/airflow/example_dags/example_short_circuit_operator.py took 0.983 seconds
[2023-04-23T01:10:21.742+0200] {processor.py:153} INFO - Started process (PID=47643) to work on /Users/siddalingkattimani/dbt_env/lib/python3.11/site-packages/airflow/example_dags/example_short_circuit_operator.py
[2023-04-23T01:10:21.748+0200] {processor.py:743} INFO - Processing file /Users/siddalingkattimani/dbt_env/lib/python3.11/site-packages/airflow/example_dags/example_short_circuit_operator.py for tasks to queue
[2023-04-23T01:10:21.749+0200] {logging_mixin.py:137} INFO - [2023-04-23T01:10:21.749+0200] {dagbag.py:532} INFO - Filling up the DagBag from /Users/siddalingkattimani/dbt_env/lib/python3.11/site-packages/airflow/example_dags/example_short_circuit_operator.py
[2023-04-23T01:10:21.801+0200] {processor.py:753} INFO - DAG(s) dict_keys(['example_short_circuit_operator']) retrieved from /Users/siddalingkattimani/dbt_env/lib/python3.11/site-packages/airflow/example_dags/example_short_circuit_operator.py
[2023-04-23T01:10:22.624+0200] {logging_mixin.py:137} INFO - [2023-04-23T01:10:22.623+0200] {dag.py:2705} INFO - Sync 1 DAGs
[2023-04-23T01:10:22.641+0200] {logging_mixin.py:137} INFO - [2023-04-23T01:10:22.641+0200] {dag.py:3452} INFO - Setting next_dagrun for example_short_circuit_operator to 2023-04-21T23:10:22.640989+00:00, run_after=2023-04-22T23:10:22.640989+00:00
[2023-04-23T01:10:22.662+0200] {processor.py:175} INFO - Processing /Users/siddalingkattimani/dbt_env/lib/python3.11/site-packages/airflow/example_dags/example_short_circuit_operator.py took 0.922 seconds
[2023-04-23T01:12:34.363+0200] {processor.py:153} INFO - Started process (PID=47689) to work on /Users/siddalingkattimani/dbt_env/lib/python3.11/site-packages/airflow/example_dags/example_short_circuit_operator.py
[2023-04-23T01:12:34.367+0200] {processor.py:743} INFO - Processing file /Users/siddalingkattimani/dbt_env/lib/python3.11/site-packages/airflow/example_dags/example_short_circuit_operator.py for tasks to queue
[2023-04-23T01:12:34.368+0200] {logging_mixin.py:137} INFO - [2023-04-23T01:12:34.368+0200] {dagbag.py:532} INFO - Filling up the DagBag from /Users/siddalingkattimani/dbt_env/lib/python3.11/site-packages/airflow/example_dags/example_short_circuit_operator.py
[2023-04-23T01:12:34.402+0200] {processor.py:753} INFO - DAG(s) dict_keys(['example_short_circuit_operator']) retrieved from /Users/siddalingkattimani/dbt_env/lib/python3.11/site-packages/airflow/example_dags/example_short_circuit_operator.py
[2023-04-23T01:12:35.045+0200] {logging_mixin.py:137} INFO - [2023-04-23T01:12:35.044+0200] {dag.py:2705} INFO - Sync 1 DAGs
[2023-04-23T01:12:35.058+0200] {logging_mixin.py:137} INFO - [2023-04-23T01:12:35.057+0200] {dag.py:3452} INFO - Setting next_dagrun for example_short_circuit_operator to 2023-04-21T23:12:35.057796+00:00, run_after=2023-04-22T23:12:35.057796+00:00
[2023-04-23T01:12:35.075+0200] {processor.py:175} INFO - Processing /Users/siddalingkattimani/dbt_env/lib/python3.11/site-packages/airflow/example_dags/example_short_circuit_operator.py took 0.713 seconds
[2023-04-23T01:14:33.600+0200] {processor.py:153} INFO - Started process (PID=47737) to work on /Users/siddalingkattimani/dbt_env/lib/python3.11/site-packages/airflow/example_dags/example_short_circuit_operator.py
[2023-04-23T01:14:33.604+0200] {processor.py:743} INFO - Processing file /Users/siddalingkattimani/dbt_env/lib/python3.11/site-packages/airflow/example_dags/example_short_circuit_operator.py for tasks to queue
[2023-04-23T01:14:33.605+0200] {logging_mixin.py:137} INFO - [2023-04-23T01:14:33.605+0200] {dagbag.py:532} INFO - Filling up the DagBag from /Users/siddalingkattimani/dbt_env/lib/python3.11/site-packages/airflow/example_dags/example_short_circuit_operator.py
[2023-04-23T01:14:33.657+0200] {processor.py:753} INFO - DAG(s) dict_keys(['example_short_circuit_operator']) retrieved from /Users/siddalingkattimani/dbt_env/lib/python3.11/site-packages/airflow/example_dags/example_short_circuit_operator.py
[2023-04-23T01:14:35.119+0200] {logging_mixin.py:137} INFO - [2023-04-23T01:14:35.119+0200] {dag.py:2705} INFO - Sync 1 DAGs
[2023-04-23T01:14:35.143+0200] {logging_mixin.py:137} INFO - [2023-04-23T01:14:35.142+0200] {dag.py:3452} INFO - Setting next_dagrun for example_short_circuit_operator to 2023-04-21T23:14:35.142699+00:00, run_after=2023-04-22T23:14:35.142699+00:00
[2023-04-23T01:14:35.163+0200] {processor.py:175} INFO - Processing /Users/siddalingkattimani/dbt_env/lib/python3.11/site-packages/airflow/example_dags/example_short_circuit_operator.py took 1.563 seconds
[2023-04-23T01:16:37.993+0200] {processor.py:153} INFO - Started process (PID=47783) to work on /Users/siddalingkattimani/dbt_env/lib/python3.11/site-packages/airflow/example_dags/example_short_circuit_operator.py
[2023-04-23T01:16:37.998+0200] {processor.py:743} INFO - Processing file /Users/siddalingkattimani/dbt_env/lib/python3.11/site-packages/airflow/example_dags/example_short_circuit_operator.py for tasks to queue
[2023-04-23T01:16:37.998+0200] {logging_mixin.py:137} INFO - [2023-04-23T01:16:37.998+0200] {dagbag.py:532} INFO - Filling up the DagBag from /Users/siddalingkattimani/dbt_env/lib/python3.11/site-packages/airflow/example_dags/example_short_circuit_operator.py
[2023-04-23T01:16:38.057+0200] {processor.py:753} INFO - DAG(s) dict_keys(['example_short_circuit_operator']) retrieved from /Users/siddalingkattimani/dbt_env/lib/python3.11/site-packages/airflow/example_dags/example_short_circuit_operator.py
[2023-04-23T01:16:39.445+0200] {logging_mixin.py:137} INFO - [2023-04-23T01:16:39.445+0200] {dag.py:2705} INFO - Sync 1 DAGs
[2023-04-23T01:16:39.476+0200] {logging_mixin.py:137} INFO - [2023-04-23T01:16:39.475+0200] {dag.py:3452} INFO - Setting next_dagrun for example_short_circuit_operator to 2023-04-21T23:16:39.475433+00:00, run_after=2023-04-22T23:16:39.475433+00:00
[2023-04-23T01:16:39.505+0200] {processor.py:175} INFO - Processing /Users/siddalingkattimani/dbt_env/lib/python3.11/site-packages/airflow/example_dags/example_short_circuit_operator.py took 1.514 seconds
[2023-04-23T01:18:42.252+0200] {processor.py:153} INFO - Started process (PID=47828) to work on /Users/siddalingkattimani/dbt_env/lib/python3.11/site-packages/airflow/example_dags/example_short_circuit_operator.py
[2023-04-23T01:18:42.256+0200] {processor.py:743} INFO - Processing file /Users/siddalingkattimani/dbt_env/lib/python3.11/site-packages/airflow/example_dags/example_short_circuit_operator.py for tasks to queue
[2023-04-23T01:18:42.257+0200] {logging_mixin.py:137} INFO - [2023-04-23T01:18:42.257+0200] {dagbag.py:532} INFO - Filling up the DagBag from /Users/siddalingkattimani/dbt_env/lib/python3.11/site-packages/airflow/example_dags/example_short_circuit_operator.py
[2023-04-23T01:18:42.297+0200] {processor.py:753} INFO - DAG(s) dict_keys(['example_short_circuit_operator']) retrieved from /Users/siddalingkattimani/dbt_env/lib/python3.11/site-packages/airflow/example_dags/example_short_circuit_operator.py
[2023-04-23T01:18:43.124+0200] {logging_mixin.py:137} INFO - [2023-04-23T01:18:43.123+0200] {dag.py:2705} INFO - Sync 1 DAGs
[2023-04-23T01:18:43.143+0200] {logging_mixin.py:137} INFO - [2023-04-23T01:18:43.143+0200] {dag.py:3452} INFO - Setting next_dagrun for example_short_circuit_operator to 2023-04-21T23:18:43.142979+00:00, run_after=2023-04-22T23:18:43.142979+00:00
[2023-04-23T01:18:43.165+0200] {processor.py:175} INFO - Processing /Users/siddalingkattimani/dbt_env/lib/python3.11/site-packages/airflow/example_dags/example_short_circuit_operator.py took 0.914 seconds
[2023-04-23T01:20:47.446+0200] {processor.py:153} INFO - Started process (PID=47873) to work on /Users/siddalingkattimani/dbt_env/lib/python3.11/site-packages/airflow/example_dags/example_short_circuit_operator.py
[2023-04-23T01:20:47.449+0200] {processor.py:743} INFO - Processing file /Users/siddalingkattimani/dbt_env/lib/python3.11/site-packages/airflow/example_dags/example_short_circuit_operator.py for tasks to queue
[2023-04-23T01:20:47.449+0200] {logging_mixin.py:137} INFO - [2023-04-23T01:20:47.449+0200] {dagbag.py:532} INFO - Filling up the DagBag from /Users/siddalingkattimani/dbt_env/lib/python3.11/site-packages/airflow/example_dags/example_short_circuit_operator.py
[2023-04-23T01:20:47.482+0200] {processor.py:753} INFO - DAG(s) dict_keys(['example_short_circuit_operator']) retrieved from /Users/siddalingkattimani/dbt_env/lib/python3.11/site-packages/airflow/example_dags/example_short_circuit_operator.py
[2023-04-23T01:20:48.195+0200] {logging_mixin.py:137} INFO - [2023-04-23T01:20:48.195+0200] {dag.py:2705} INFO - Sync 1 DAGs
[2023-04-23T01:20:48.209+0200] {logging_mixin.py:137} INFO - [2023-04-23T01:20:48.209+0200] {dag.py:3452} INFO - Setting next_dagrun for example_short_circuit_operator to 2023-04-21T23:20:48.209210+00:00, run_after=2023-04-22T23:20:48.209210+00:00
[2023-04-23T01:20:48.228+0200] {processor.py:175} INFO - Processing /Users/siddalingkattimani/dbt_env/lib/python3.11/site-packages/airflow/example_dags/example_short_circuit_operator.py took 0.783 seconds
[2023-04-23T01:22:51.350+0200] {processor.py:153} INFO - Started process (PID=47921) to work on /Users/siddalingkattimani/dbt_env/lib/python3.11/site-packages/airflow/example_dags/example_short_circuit_operator.py
[2023-04-23T01:22:51.353+0200] {processor.py:743} INFO - Processing file /Users/siddalingkattimani/dbt_env/lib/python3.11/site-packages/airflow/example_dags/example_short_circuit_operator.py for tasks to queue
[2023-04-23T01:22:51.353+0200] {logging_mixin.py:137} INFO - [2023-04-23T01:22:51.353+0200] {dagbag.py:532} INFO - Filling up the DagBag from /Users/siddalingkattimani/dbt_env/lib/python3.11/site-packages/airflow/example_dags/example_short_circuit_operator.py
[2023-04-23T01:22:51.384+0200] {processor.py:753} INFO - DAG(s) dict_keys(['example_short_circuit_operator']) retrieved from /Users/siddalingkattimani/dbt_env/lib/python3.11/site-packages/airflow/example_dags/example_short_circuit_operator.py
[2023-04-23T01:22:52.005+0200] {logging_mixin.py:137} INFO - [2023-04-23T01:22:52.004+0200] {dag.py:2705} INFO - Sync 1 DAGs
[2023-04-23T01:22:52.019+0200] {logging_mixin.py:137} INFO - [2023-04-23T01:22:52.019+0200] {dag.py:3452} INFO - Setting next_dagrun for example_short_circuit_operator to 2023-04-21T23:22:52.019620+00:00, run_after=2023-04-22T23:22:52.019620+00:00
[2023-04-23T01:22:52.046+0200] {processor.py:175} INFO - Processing /Users/siddalingkattimani/dbt_env/lib/python3.11/site-packages/airflow/example_dags/example_short_circuit_operator.py took 0.697 seconds
[2023-04-23T01:24:48.624+0200] {processor.py:153} INFO - Started process (PID=47973) to work on /Users/siddalingkattimani/dbt_env/lib/python3.11/site-packages/airflow/example_dags/example_short_circuit_operator.py
[2023-04-23T01:24:48.627+0200] {processor.py:743} INFO - Processing file /Users/siddalingkattimani/dbt_env/lib/python3.11/site-packages/airflow/example_dags/example_short_circuit_operator.py for tasks to queue
[2023-04-23T01:24:48.627+0200] {logging_mixin.py:137} INFO - [2023-04-23T01:24:48.627+0200] {dagbag.py:532} INFO - Filling up the DagBag from /Users/siddalingkattimani/dbt_env/lib/python3.11/site-packages/airflow/example_dags/example_short_circuit_operator.py
[2023-04-23T01:24:48.667+0200] {processor.py:753} INFO - DAG(s) dict_keys(['example_short_circuit_operator']) retrieved from /Users/siddalingkattimani/dbt_env/lib/python3.11/site-packages/airflow/example_dags/example_short_circuit_operator.py
[2023-04-23T01:24:49.361+0200] {logging_mixin.py:137} INFO - [2023-04-23T01:24:49.361+0200] {dag.py:2705} INFO - Sync 1 DAGs
[2023-04-23T01:24:49.376+0200] {logging_mixin.py:137} INFO - [2023-04-23T01:24:49.376+0200] {dag.py:3452} INFO - Setting next_dagrun for example_short_circuit_operator to 2023-04-21T23:24:49.376127+00:00, run_after=2023-04-22T23:24:49.376127+00:00
[2023-04-23T01:24:49.392+0200] {processor.py:175} INFO - Processing /Users/siddalingkattimani/dbt_env/lib/python3.11/site-packages/airflow/example_dags/example_short_circuit_operator.py took 0.769 seconds
[2023-04-23T01:26:49.363+0200] {processor.py:153} INFO - Started process (PID=48038) to work on /Users/siddalingkattimani/dbt_env/lib/python3.11/site-packages/airflow/example_dags/example_short_circuit_operator.py
[2023-04-23T01:26:49.366+0200] {processor.py:743} INFO - Processing file /Users/siddalingkattimani/dbt_env/lib/python3.11/site-packages/airflow/example_dags/example_short_circuit_operator.py for tasks to queue
[2023-04-23T01:26:49.367+0200] {logging_mixin.py:137} INFO - [2023-04-23T01:26:49.367+0200] {dagbag.py:532} INFO - Filling up the DagBag from /Users/siddalingkattimani/dbt_env/lib/python3.11/site-packages/airflow/example_dags/example_short_circuit_operator.py
[2023-04-23T01:26:49.398+0200] {processor.py:753} INFO - DAG(s) dict_keys(['example_short_circuit_operator']) retrieved from /Users/siddalingkattimani/dbt_env/lib/python3.11/site-packages/airflow/example_dags/example_short_circuit_operator.py
[2023-04-23T01:26:50.036+0200] {logging_mixin.py:137} INFO - [2023-04-23T01:26:50.036+0200] {dag.py:2705} INFO - Sync 1 DAGs
[2023-04-23T01:26:50.049+0200] {logging_mixin.py:137} INFO - [2023-04-23T01:26:50.049+0200] {dag.py:3452} INFO - Setting next_dagrun for example_short_circuit_operator to 2023-04-21T23:26:50.049245+00:00, run_after=2023-04-22T23:26:50.049245+00:00
[2023-04-23T01:26:50.066+0200] {processor.py:175} INFO - Processing /Users/siddalingkattimani/dbt_env/lib/python3.11/site-packages/airflow/example_dags/example_short_circuit_operator.py took 0.703 seconds
[2023-04-23T01:28:57.224+0200] {processor.py:153} INFO - Started process (PID=48085) to work on /Users/siddalingkattimani/dbt_env/lib/python3.11/site-packages/airflow/example_dags/example_short_circuit_operator.py
[2023-04-23T01:28:57.227+0200] {processor.py:743} INFO - Processing file /Users/siddalingkattimani/dbt_env/lib/python3.11/site-packages/airflow/example_dags/example_short_circuit_operator.py for tasks to queue
[2023-04-23T01:28:57.228+0200] {logging_mixin.py:137} INFO - [2023-04-23T01:28:57.228+0200] {dagbag.py:532} INFO - Filling up the DagBag from /Users/siddalingkattimani/dbt_env/lib/python3.11/site-packages/airflow/example_dags/example_short_circuit_operator.py
[2023-04-23T01:28:57.266+0200] {processor.py:753} INFO - DAG(s) dict_keys(['example_short_circuit_operator']) retrieved from /Users/siddalingkattimani/dbt_env/lib/python3.11/site-packages/airflow/example_dags/example_short_circuit_operator.py
[2023-04-23T01:28:57.924+0200] {logging_mixin.py:137} INFO - [2023-04-23T01:28:57.924+0200] {dag.py:2705} INFO - Sync 1 DAGs
[2023-04-23T01:28:57.938+0200] {logging_mixin.py:137} INFO - [2023-04-23T01:28:57.938+0200] {dag.py:3452} INFO - Setting next_dagrun for example_short_circuit_operator to 2023-04-21T23:28:57.937956+00:00, run_after=2023-04-22T23:28:57.937956+00:00
[2023-04-23T01:28:57.954+0200] {processor.py:175} INFO - Processing /Users/siddalingkattimani/dbt_env/lib/python3.11/site-packages/airflow/example_dags/example_short_circuit_operator.py took 0.730 seconds
[2023-04-23T01:30:57.657+0200] {processor.py:153} INFO - Started process (PID=48133) to work on /Users/siddalingkattimani/dbt_env/lib/python3.11/site-packages/airflow/example_dags/example_short_circuit_operator.py
[2023-04-23T01:30:57.660+0200] {processor.py:743} INFO - Processing file /Users/siddalingkattimani/dbt_env/lib/python3.11/site-packages/airflow/example_dags/example_short_circuit_operator.py for tasks to queue
[2023-04-23T01:30:57.661+0200] {logging_mixin.py:137} INFO - [2023-04-23T01:30:57.660+0200] {dagbag.py:532} INFO - Filling up the DagBag from /Users/siddalingkattimani/dbt_env/lib/python3.11/site-packages/airflow/example_dags/example_short_circuit_operator.py
[2023-04-23T01:30:57.692+0200] {processor.py:753} INFO - DAG(s) dict_keys(['example_short_circuit_operator']) retrieved from /Users/siddalingkattimani/dbt_env/lib/python3.11/site-packages/airflow/example_dags/example_short_circuit_operator.py
[2023-04-23T01:30:58.321+0200] {logging_mixin.py:137} INFO - [2023-04-23T01:30:58.320+0200] {dag.py:2705} INFO - Sync 1 DAGs
[2023-04-23T01:30:58.333+0200] {logging_mixin.py:137} INFO - [2023-04-23T01:30:58.333+0200] {dag.py:3452} INFO - Setting next_dagrun for example_short_circuit_operator to 2023-04-21T23:30:58.333508+00:00, run_after=2023-04-22T23:30:58.333508+00:00
[2023-04-23T01:30:58.351+0200] {processor.py:175} INFO - Processing /Users/siddalingkattimani/dbt_env/lib/python3.11/site-packages/airflow/example_dags/example_short_circuit_operator.py took 0.694 seconds
[2023-04-23T01:33:01.750+0200] {processor.py:153} INFO - Started process (PID=48181) to work on /Users/siddalingkattimani/dbt_env/lib/python3.11/site-packages/airflow/example_dags/example_short_circuit_operator.py
[2023-04-23T01:33:01.755+0200] {processor.py:743} INFO - Processing file /Users/siddalingkattimani/dbt_env/lib/python3.11/site-packages/airflow/example_dags/example_short_circuit_operator.py for tasks to queue
[2023-04-23T01:33:01.756+0200] {logging_mixin.py:137} INFO - [2023-04-23T01:33:01.756+0200] {dagbag.py:532} INFO - Filling up the DagBag from /Users/siddalingkattimani/dbt_env/lib/python3.11/site-packages/airflow/example_dags/example_short_circuit_operator.py
[2023-04-23T01:33:01.806+0200] {processor.py:753} INFO - DAG(s) dict_keys(['example_short_circuit_operator']) retrieved from /Users/siddalingkattimani/dbt_env/lib/python3.11/site-packages/airflow/example_dags/example_short_circuit_operator.py
[2023-04-23T01:33:02.469+0200] {logging_mixin.py:137} INFO - [2023-04-23T01:33:02.469+0200] {dag.py:2705} INFO - Sync 1 DAGs
[2023-04-23T01:33:02.483+0200] {logging_mixin.py:137} INFO - [2023-04-23T01:33:02.483+0200] {dag.py:3452} INFO - Setting next_dagrun for example_short_circuit_operator to 2023-04-21T23:33:02.483610+00:00, run_after=2023-04-22T23:33:02.483610+00:00
[2023-04-23T01:33:02.512+0200] {processor.py:175} INFO - Processing /Users/siddalingkattimani/dbt_env/lib/python3.11/site-packages/airflow/example_dags/example_short_circuit_operator.py took 0.764 seconds
[2023-04-23T01:35:07.507+0200] {processor.py:153} INFO - Started process (PID=48229) to work on /Users/siddalingkattimani/dbt_env/lib/python3.11/site-packages/airflow/example_dags/example_short_circuit_operator.py
[2023-04-23T01:35:07.509+0200] {processor.py:743} INFO - Processing file /Users/siddalingkattimani/dbt_env/lib/python3.11/site-packages/airflow/example_dags/example_short_circuit_operator.py for tasks to queue
[2023-04-23T01:35:07.510+0200] {logging_mixin.py:137} INFO - [2023-04-23T01:35:07.510+0200] {dagbag.py:532} INFO - Filling up the DagBag from /Users/siddalingkattimani/dbt_env/lib/python3.11/site-packages/airflow/example_dags/example_short_circuit_operator.py
[2023-04-23T01:35:07.540+0200] {processor.py:753} INFO - DAG(s) dict_keys(['example_short_circuit_operator']) retrieved from /Users/siddalingkattimani/dbt_env/lib/python3.11/site-packages/airflow/example_dags/example_short_circuit_operator.py
[2023-04-23T01:35:08.162+0200] {logging_mixin.py:137} INFO - [2023-04-23T01:35:08.161+0200] {dag.py:2705} INFO - Sync 1 DAGs
[2023-04-23T01:35:08.174+0200] {logging_mixin.py:137} INFO - [2023-04-23T01:35:08.174+0200] {dag.py:3452} INFO - Setting next_dagrun for example_short_circuit_operator to 2023-04-21T23:35:08.174630+00:00, run_after=2023-04-22T23:35:08.174630+00:00
[2023-04-23T01:35:08.190+0200] {processor.py:175} INFO - Processing /Users/siddalingkattimani/dbt_env/lib/python3.11/site-packages/airflow/example_dags/example_short_circuit_operator.py took 0.684 seconds
