[2023-04-23T00:43:44.892+0200] {processor.py:153} INFO - Started process (PID=46759) to work on /Users/siddalingkattimani/dbt_env/lib/python3.11/site-packages/airflow/example_dags/tutorial_taskflow_api_virtualenv.py
[2023-04-23T00:43:44.895+0200] {processor.py:743} INFO - Processing file /Users/siddalingkattimani/dbt_env/lib/python3.11/site-packages/airflow/example_dags/tutorial_taskflow_api_virtualenv.py for tasks to queue
[2023-04-23T00:43:44.896+0200] {logging_mixin.py:137} INFO - [2023-04-23T00:43:44.896+0200] {dagbag.py:532} INFO - Filling up the DagBag from /Users/siddalingkattimani/dbt_env/lib/python3.11/site-packages/airflow/example_dags/tutorial_taskflow_api_virtualenv.py
[2023-04-23T00:43:44.947+0200] {processor.py:753} INFO - DAG(s) dict_keys(['tutorial_taskflow_api_virtualenv']) retrieved from /Users/siddalingkattimani/dbt_env/lib/python3.11/site-packages/airflow/example_dags/tutorial_taskflow_api_virtualenv.py
[2023-04-23T00:43:45.733+0200] {logging_mixin.py:137} INFO - [2023-04-23T00:43:45.733+0200] {manager.py:504} INFO - Created Permission View: can delete on DAG:tutorial_taskflow_api_virtualenv
[2023-04-23T00:43:45.742+0200] {logging_mixin.py:137} INFO - [2023-04-23T00:43:45.742+0200] {manager.py:504} INFO - Created Permission View: can edit on DAG:tutorial_taskflow_api_virtualenv
[2023-04-23T00:43:45.748+0200] {logging_mixin.py:137} INFO - [2023-04-23T00:43:45.748+0200] {manager.py:504} INFO - Created Permission View: can read on DAG:tutorial_taskflow_api_virtualenv
[2023-04-23T00:43:45.748+0200] {logging_mixin.py:137} INFO - [2023-04-23T00:43:45.748+0200] {dag.py:2705} INFO - Sync 1 DAGs
[2023-04-23T00:43:45.757+0200] {logging_mixin.py:137} INFO - [2023-04-23T00:43:45.757+0200] {dag.py:2726} INFO - Creating ORM DAG for tutorial_taskflow_api_virtualenv
[2023-04-23T00:43:45.763+0200] {logging_mixin.py:137} INFO - [2023-04-23T00:43:45.763+0200] {dag.py:3452} INFO - Setting next_dagrun for tutorial_taskflow_api_virtualenv to None, run_after=None
[2023-04-23T00:43:45.779+0200] {processor.py:175} INFO - Processing /Users/siddalingkattimani/dbt_env/lib/python3.11/site-packages/airflow/example_dags/tutorial_taskflow_api_virtualenv.py took 0.887 seconds
[2023-04-23T00:45:47.484+0200] {processor.py:153} INFO - Started process (PID=46806) to work on /Users/siddalingkattimani/dbt_env/lib/python3.11/site-packages/airflow/example_dags/tutorial_taskflow_api_virtualenv.py
[2023-04-23T00:45:47.487+0200] {processor.py:743} INFO - Processing file /Users/siddalingkattimani/dbt_env/lib/python3.11/site-packages/airflow/example_dags/tutorial_taskflow_api_virtualenv.py for tasks to queue
[2023-04-23T00:45:47.488+0200] {logging_mixin.py:137} INFO - [2023-04-23T00:45:47.488+0200] {dagbag.py:532} INFO - Filling up the DagBag from /Users/siddalingkattimani/dbt_env/lib/python3.11/site-packages/airflow/example_dags/tutorial_taskflow_api_virtualenv.py
[2023-04-23T00:45:47.522+0200] {processor.py:753} INFO - DAG(s) dict_keys(['tutorial_taskflow_api_virtualenv']) retrieved from /Users/siddalingkattimani/dbt_env/lib/python3.11/site-packages/airflow/example_dags/tutorial_taskflow_api_virtualenv.py
[2023-04-23T00:45:48.257+0200] {logging_mixin.py:137} INFO - [2023-04-23T00:45:48.257+0200] {dag.py:2705} INFO - Sync 1 DAGs
[2023-04-23T00:45:48.271+0200] {logging_mixin.py:137} INFO - [2023-04-23T00:45:48.270+0200] {dag.py:3452} INFO - Setting next_dagrun for tutorial_taskflow_api_virtualenv to None, run_after=None
[2023-04-23T00:45:48.288+0200] {processor.py:175} INFO - Processing /Users/siddalingkattimani/dbt_env/lib/python3.11/site-packages/airflow/example_dags/tutorial_taskflow_api_virtualenv.py took 0.804 seconds
[2023-04-23T00:47:47.069+0200] {processor.py:153} INFO - Started process (PID=46853) to work on /Users/siddalingkattimani/dbt_env/lib/python3.11/site-packages/airflow/example_dags/tutorial_taskflow_api_virtualenv.py
[2023-04-23T00:47:47.072+0200] {processor.py:743} INFO - Processing file /Users/siddalingkattimani/dbt_env/lib/python3.11/site-packages/airflow/example_dags/tutorial_taskflow_api_virtualenv.py for tasks to queue
[2023-04-23T00:47:47.072+0200] {logging_mixin.py:137} INFO - [2023-04-23T00:47:47.072+0200] {dagbag.py:532} INFO - Filling up the DagBag from /Users/siddalingkattimani/dbt_env/lib/python3.11/site-packages/airflow/example_dags/tutorial_taskflow_api_virtualenv.py
[2023-04-23T00:47:47.110+0200] {processor.py:753} INFO - DAG(s) dict_keys(['tutorial_taskflow_api_virtualenv']) retrieved from /Users/siddalingkattimani/dbt_env/lib/python3.11/site-packages/airflow/example_dags/tutorial_taskflow_api_virtualenv.py
[2023-04-23T00:47:47.775+0200] {logging_mixin.py:137} INFO - [2023-04-23T00:47:47.775+0200] {dag.py:2705} INFO - Sync 1 DAGs
[2023-04-23T00:47:47.789+0200] {logging_mixin.py:137} INFO - [2023-04-23T00:47:47.789+0200] {dag.py:3452} INFO - Setting next_dagrun for tutorial_taskflow_api_virtualenv to None, run_after=None
[2023-04-23T00:47:47.804+0200] {processor.py:175} INFO - Processing /Users/siddalingkattimani/dbt_env/lib/python3.11/site-packages/airflow/example_dags/tutorial_taskflow_api_virtualenv.py took 0.736 seconds
[2023-04-23T00:49:50.567+0200] {processor.py:153} INFO - Started process (PID=46900) to work on /Users/siddalingkattimani/dbt_env/lib/python3.11/site-packages/airflow/example_dags/tutorial_taskflow_api_virtualenv.py
[2023-04-23T00:49:50.570+0200] {processor.py:743} INFO - Processing file /Users/siddalingkattimani/dbt_env/lib/python3.11/site-packages/airflow/example_dags/tutorial_taskflow_api_virtualenv.py for tasks to queue
[2023-04-23T00:49:50.570+0200] {logging_mixin.py:137} INFO - [2023-04-23T00:49:50.570+0200] {dagbag.py:532} INFO - Filling up the DagBag from /Users/siddalingkattimani/dbt_env/lib/python3.11/site-packages/airflow/example_dags/tutorial_taskflow_api_virtualenv.py
[2023-04-23T00:49:50.615+0200] {processor.py:753} INFO - DAG(s) dict_keys(['tutorial_taskflow_api_virtualenv']) retrieved from /Users/siddalingkattimani/dbt_env/lib/python3.11/site-packages/airflow/example_dags/tutorial_taskflow_api_virtualenv.py
[2023-04-23T00:49:51.277+0200] {logging_mixin.py:137} INFO - [2023-04-23T00:49:51.277+0200] {dag.py:2705} INFO - Sync 1 DAGs
[2023-04-23T00:49:51.293+0200] {logging_mixin.py:137} INFO - [2023-04-23T00:49:51.293+0200] {dag.py:3452} INFO - Setting next_dagrun for tutorial_taskflow_api_virtualenv to None, run_after=None
[2023-04-23T00:49:51.310+0200] {processor.py:175} INFO - Processing /Users/siddalingkattimani/dbt_env/lib/python3.11/site-packages/airflow/example_dags/tutorial_taskflow_api_virtualenv.py took 0.744 seconds
[2023-04-23T00:52:03.311+0200] {processor.py:153} INFO - Started process (PID=46961) to work on /Users/siddalingkattimani/dbt_env/lib/python3.11/site-packages/airflow/example_dags/tutorial_taskflow_api_virtualenv.py
[2023-04-23T00:52:03.314+0200] {processor.py:743} INFO - Processing file /Users/siddalingkattimani/dbt_env/lib/python3.11/site-packages/airflow/example_dags/tutorial_taskflow_api_virtualenv.py for tasks to queue
[2023-04-23T00:52:03.314+0200] {logging_mixin.py:137} INFO - [2023-04-23T00:52:03.314+0200] {dagbag.py:532} INFO - Filling up the DagBag from /Users/siddalingkattimani/dbt_env/lib/python3.11/site-packages/airflow/example_dags/tutorial_taskflow_api_virtualenv.py
[2023-04-23T00:52:03.353+0200] {processor.py:753} INFO - DAG(s) dict_keys(['tutorial_taskflow_api_virtualenv']) retrieved from /Users/siddalingkattimani/dbt_env/lib/python3.11/site-packages/airflow/example_dags/tutorial_taskflow_api_virtualenv.py
[2023-04-23T00:52:04.131+0200] {logging_mixin.py:137} INFO - [2023-04-23T00:52:04.131+0200] {dag.py:2705} INFO - Sync 1 DAGs
[2023-04-23T00:52:04.149+0200] {logging_mixin.py:137} INFO - [2023-04-23T00:52:04.149+0200] {dag.py:3452} INFO - Setting next_dagrun for tutorial_taskflow_api_virtualenv to None, run_after=None
[2023-04-23T00:52:04.170+0200] {processor.py:175} INFO - Processing /Users/siddalingkattimani/dbt_env/lib/python3.11/site-packages/airflow/example_dags/tutorial_taskflow_api_virtualenv.py took 0.860 seconds
[2023-04-23T00:54:04.120+0200] {processor.py:153} INFO - Started process (PID=47022) to work on /Users/siddalingkattimani/dbt_env/lib/python3.11/site-packages/airflow/example_dags/tutorial_taskflow_api_virtualenv.py
[2023-04-23T00:54:04.124+0200] {processor.py:743} INFO - Processing file /Users/siddalingkattimani/dbt_env/lib/python3.11/site-packages/airflow/example_dags/tutorial_taskflow_api_virtualenv.py for tasks to queue
[2023-04-23T00:54:04.124+0200] {logging_mixin.py:137} INFO - [2023-04-23T00:54:04.124+0200] {dagbag.py:532} INFO - Filling up the DagBag from /Users/siddalingkattimani/dbt_env/lib/python3.11/site-packages/airflow/example_dags/tutorial_taskflow_api_virtualenv.py
[2023-04-23T00:54:04.175+0200] {processor.py:753} INFO - DAG(s) dict_keys(['tutorial_taskflow_api_virtualenv']) retrieved from /Users/siddalingkattimani/dbt_env/lib/python3.11/site-packages/airflow/example_dags/tutorial_taskflow_api_virtualenv.py
[2023-04-23T00:54:04.927+0200] {logging_mixin.py:137} INFO - [2023-04-23T00:54:04.927+0200] {dag.py:2705} INFO - Sync 1 DAGs
[2023-04-23T00:54:04.945+0200] {logging_mixin.py:137} INFO - [2023-04-23T00:54:04.944+0200] {dag.py:3452} INFO - Setting next_dagrun for tutorial_taskflow_api_virtualenv to None, run_after=None
[2023-04-23T00:54:04.962+0200] {processor.py:175} INFO - Processing /Users/siddalingkattimani/dbt_env/lib/python3.11/site-packages/airflow/example_dags/tutorial_taskflow_api_virtualenv.py took 0.843 seconds
[2023-04-23T00:56:01.998+0200] {processor.py:153} INFO - Started process (PID=47075) to work on /Users/siddalingkattimani/dbt_env/lib/python3.11/site-packages/airflow/example_dags/tutorial_taskflow_api_virtualenv.py
[2023-04-23T00:56:02.002+0200] {processor.py:743} INFO - Processing file /Users/siddalingkattimani/dbt_env/lib/python3.11/site-packages/airflow/example_dags/tutorial_taskflow_api_virtualenv.py for tasks to queue
[2023-04-23T00:56:02.002+0200] {logging_mixin.py:137} INFO - [2023-04-23T00:56:02.002+0200] {dagbag.py:532} INFO - Filling up the DagBag from /Users/siddalingkattimani/dbt_env/lib/python3.11/site-packages/airflow/example_dags/tutorial_taskflow_api_virtualenv.py
[2023-04-23T00:56:02.039+0200] {processor.py:753} INFO - DAG(s) dict_keys(['tutorial_taskflow_api_virtualenv']) retrieved from /Users/siddalingkattimani/dbt_env/lib/python3.11/site-packages/airflow/example_dags/tutorial_taskflow_api_virtualenv.py
[2023-04-23T00:56:02.684+0200] {logging_mixin.py:137} INFO - [2023-04-23T00:56:02.683+0200] {dag.py:2705} INFO - Sync 1 DAGs
[2023-04-23T00:56:02.697+0200] {logging_mixin.py:137} INFO - [2023-04-23T00:56:02.697+0200] {dag.py:3452} INFO - Setting next_dagrun for tutorial_taskflow_api_virtualenv to None, run_after=None
[2023-04-23T00:56:02.722+0200] {processor.py:175} INFO - Processing /Users/siddalingkattimani/dbt_env/lib/python3.11/site-packages/airflow/example_dags/tutorial_taskflow_api_virtualenv.py took 0.725 seconds
[2023-04-23T00:58:13.620+0200] {processor.py:153} INFO - Started process (PID=47127) to work on /Users/siddalingkattimani/dbt_env/lib/python3.11/site-packages/airflow/example_dags/tutorial_taskflow_api_virtualenv.py
[2023-04-23T00:58:13.624+0200] {processor.py:743} INFO - Processing file /Users/siddalingkattimani/dbt_env/lib/python3.11/site-packages/airflow/example_dags/tutorial_taskflow_api_virtualenv.py for tasks to queue
[2023-04-23T00:58:13.625+0200] {logging_mixin.py:137} INFO - [2023-04-23T00:58:13.625+0200] {dagbag.py:532} INFO - Filling up the DagBag from /Users/siddalingkattimani/dbt_env/lib/python3.11/site-packages/airflow/example_dags/tutorial_taskflow_api_virtualenv.py
[2023-04-23T00:58:13.664+0200] {processor.py:753} INFO - DAG(s) dict_keys(['tutorial_taskflow_api_virtualenv']) retrieved from /Users/siddalingkattimani/dbt_env/lib/python3.11/site-packages/airflow/example_dags/tutorial_taskflow_api_virtualenv.py
[2023-04-23T00:58:14.343+0200] {logging_mixin.py:137} INFO - [2023-04-23T00:58:14.343+0200] {dag.py:2705} INFO - Sync 1 DAGs
[2023-04-23T00:58:14.357+0200] {logging_mixin.py:137} INFO - [2023-04-23T00:58:14.357+0200] {dag.py:3452} INFO - Setting next_dagrun for tutorial_taskflow_api_virtualenv to None, run_after=None
[2023-04-23T00:58:14.373+0200] {processor.py:175} INFO - Processing /Users/siddalingkattimani/dbt_env/lib/python3.11/site-packages/airflow/example_dags/tutorial_taskflow_api_virtualenv.py took 0.754 seconds
[2023-04-23T01:00:18.171+0200] {processor.py:153} INFO - Started process (PID=47175) to work on /Users/siddalingkattimani/dbt_env/lib/python3.11/site-packages/airflow/example_dags/tutorial_taskflow_api_virtualenv.py
[2023-04-23T01:00:18.178+0200] {processor.py:743} INFO - Processing file /Users/siddalingkattimani/dbt_env/lib/python3.11/site-packages/airflow/example_dags/tutorial_taskflow_api_virtualenv.py for tasks to queue
[2023-04-23T01:00:18.180+0200] {logging_mixin.py:137} INFO - [2023-04-23T01:00:18.180+0200] {dagbag.py:532} INFO - Filling up the DagBag from /Users/siddalingkattimani/dbt_env/lib/python3.11/site-packages/airflow/example_dags/tutorial_taskflow_api_virtualenv.py
[2023-04-23T01:00:18.281+0200] {processor.py:753} INFO - DAG(s) dict_keys(['tutorial_taskflow_api_virtualenv']) retrieved from /Users/siddalingkattimani/dbt_env/lib/python3.11/site-packages/airflow/example_dags/tutorial_taskflow_api_virtualenv.py
[2023-04-23T01:00:19.426+0200] {logging_mixin.py:137} INFO - [2023-04-23T01:00:19.425+0200] {dag.py:2705} INFO - Sync 1 DAGs
[2023-04-23T01:00:19.456+0200] {logging_mixin.py:137} INFO - [2023-04-23T01:00:19.456+0200] {dag.py:3452} INFO - Setting next_dagrun for tutorial_taskflow_api_virtualenv to None, run_after=None
[2023-04-23T01:00:19.481+0200] {processor.py:175} INFO - Processing /Users/siddalingkattimani/dbt_env/lib/python3.11/site-packages/airflow/example_dags/tutorial_taskflow_api_virtualenv.py took 1.311 seconds
[2023-04-23T01:02:37.578+0200] {processor.py:153} INFO - Started process (PID=47221) to work on /Users/siddalingkattimani/dbt_env/lib/python3.11/site-packages/airflow/example_dags/tutorial_taskflow_api_virtualenv.py
[2023-04-23T01:02:37.584+0200] {processor.py:743} INFO - Processing file /Users/siddalingkattimani/dbt_env/lib/python3.11/site-packages/airflow/example_dags/tutorial_taskflow_api_virtualenv.py for tasks to queue
[2023-04-23T01:02:37.585+0200] {logging_mixin.py:137} INFO - [2023-04-23T01:02:37.585+0200] {dagbag.py:532} INFO - Filling up the DagBag from /Users/siddalingkattimani/dbt_env/lib/python3.11/site-packages/airflow/example_dags/tutorial_taskflow_api_virtualenv.py
[2023-04-23T01:02:37.626+0200] {processor.py:753} INFO - DAG(s) dict_keys(['tutorial_taskflow_api_virtualenv']) retrieved from /Users/siddalingkattimani/dbt_env/lib/python3.11/site-packages/airflow/example_dags/tutorial_taskflow_api_virtualenv.py
[2023-04-23T01:02:38.332+0200] {logging_mixin.py:137} INFO - [2023-04-23T01:02:38.332+0200] {dag.py:2705} INFO - Sync 1 DAGs
[2023-04-23T01:02:38.348+0200] {logging_mixin.py:137} INFO - [2023-04-23T01:02:38.348+0200] {dag.py:3452} INFO - Setting next_dagrun for tutorial_taskflow_api_virtualenv to None, run_after=None
[2023-04-23T01:02:38.365+0200] {processor.py:175} INFO - Processing /Users/siddalingkattimani/dbt_env/lib/python3.11/site-packages/airflow/example_dags/tutorial_taskflow_api_virtualenv.py took 0.788 seconds
[2023-04-23T01:04:35.227+0200] {processor.py:153} INFO - Started process (PID=47267) to work on /Users/siddalingkattimani/dbt_env/lib/python3.11/site-packages/airflow/example_dags/tutorial_taskflow_api_virtualenv.py
[2023-04-23T01:04:35.230+0200] {processor.py:743} INFO - Processing file /Users/siddalingkattimani/dbt_env/lib/python3.11/site-packages/airflow/example_dags/tutorial_taskflow_api_virtualenv.py for tasks to queue
[2023-04-23T01:04:35.230+0200] {logging_mixin.py:137} INFO - [2023-04-23T01:04:35.230+0200] {dagbag.py:532} INFO - Filling up the DagBag from /Users/siddalingkattimani/dbt_env/lib/python3.11/site-packages/airflow/example_dags/tutorial_taskflow_api_virtualenv.py
[2023-04-23T01:04:35.287+0200] {processor.py:753} INFO - DAG(s) dict_keys(['tutorial_taskflow_api_virtualenv']) retrieved from /Users/siddalingkattimani/dbt_env/lib/python3.11/site-packages/airflow/example_dags/tutorial_taskflow_api_virtualenv.py
[2023-04-23T01:04:36.362+0200] {logging_mixin.py:137} INFO - [2023-04-23T01:04:36.361+0200] {dag.py:2705} INFO - Sync 1 DAGs
[2023-04-23T01:04:36.387+0200] {logging_mixin.py:137} INFO - [2023-04-23T01:04:36.387+0200] {dag.py:3452} INFO - Setting next_dagrun for tutorial_taskflow_api_virtualenv to None, run_after=None
[2023-04-23T01:04:36.421+0200] {processor.py:175} INFO - Processing /Users/siddalingkattimani/dbt_env/lib/python3.11/site-packages/airflow/example_dags/tutorial_taskflow_api_virtualenv.py took 1.195 seconds
[2023-04-23T01:06:50.914+0200] {processor.py:153} INFO - Started process (PID=47375) to work on /Users/siddalingkattimani/dbt_env/lib/python3.11/site-packages/airflow/example_dags/tutorial_taskflow_api_virtualenv.py
[2023-04-23T01:06:50.918+0200] {processor.py:743} INFO - Processing file /Users/siddalingkattimani/dbt_env/lib/python3.11/site-packages/airflow/example_dags/tutorial_taskflow_api_virtualenv.py for tasks to queue
[2023-04-23T01:06:50.918+0200] {logging_mixin.py:137} INFO - [2023-04-23T01:06:50.918+0200] {dagbag.py:532} INFO - Filling up the DagBag from /Users/siddalingkattimani/dbt_env/lib/python3.11/site-packages/airflow/example_dags/tutorial_taskflow_api_virtualenv.py
[2023-04-23T01:06:50.966+0200] {processor.py:753} INFO - DAG(s) dict_keys(['tutorial_taskflow_api_virtualenv']) retrieved from /Users/siddalingkattimani/dbt_env/lib/python3.11/site-packages/airflow/example_dags/tutorial_taskflow_api_virtualenv.py
[2023-04-23T01:06:51.630+0200] {logging_mixin.py:137} INFO - [2023-04-23T01:06:51.630+0200] {dag.py:2705} INFO - Sync 1 DAGs
[2023-04-23T01:06:51.645+0200] {logging_mixin.py:137} INFO - [2023-04-23T01:06:51.645+0200] {dag.py:3452} INFO - Setting next_dagrun for tutorial_taskflow_api_virtualenv to None, run_after=None
[2023-04-23T01:06:51.663+0200] {processor.py:175} INFO - Processing /Users/siddalingkattimani/dbt_env/lib/python3.11/site-packages/airflow/example_dags/tutorial_taskflow_api_virtualenv.py took 0.750 seconds
[2023-04-23T01:09:35.379+0200] {processor.py:153} INFO - Started process (PID=47619) to work on /Users/siddalingkattimani/dbt_env/lib/python3.11/site-packages/airflow/example_dags/tutorial_taskflow_api_virtualenv.py
[2023-04-23T01:09:35.384+0200] {processor.py:743} INFO - Processing file /Users/siddalingkattimani/dbt_env/lib/python3.11/site-packages/airflow/example_dags/tutorial_taskflow_api_virtualenv.py for tasks to queue
[2023-04-23T01:09:35.385+0200] {logging_mixin.py:137} INFO - [2023-04-23T01:09:35.385+0200] {dagbag.py:532} INFO - Filling up the DagBag from /Users/siddalingkattimani/dbt_env/lib/python3.11/site-packages/airflow/example_dags/tutorial_taskflow_api_virtualenv.py
[2023-04-23T01:09:35.513+0200] {processor.py:753} INFO - DAG(s) dict_keys(['tutorial_taskflow_api_virtualenv']) retrieved from /Users/siddalingkattimani/dbt_env/lib/python3.11/site-packages/airflow/example_dags/tutorial_taskflow_api_virtualenv.py
[2023-04-23T01:09:36.364+0200] {logging_mixin.py:137} INFO - [2023-04-23T01:09:36.364+0200] {dag.py:2705} INFO - Sync 1 DAGs
[2023-04-23T01:09:36.380+0200] {logging_mixin.py:137} INFO - [2023-04-23T01:09:36.380+0200] {dag.py:3452} INFO - Setting next_dagrun for tutorial_taskflow_api_virtualenv to None, run_after=None
[2023-04-23T01:09:36.404+0200] {processor.py:175} INFO - Processing /Users/siddalingkattimani/dbt_env/lib/python3.11/site-packages/airflow/example_dags/tutorial_taskflow_api_virtualenv.py took 1.026 seconds
[2023-04-23T01:11:54.997+0200] {processor.py:153} INFO - Started process (PID=47675) to work on /Users/siddalingkattimani/dbt_env/lib/python3.11/site-packages/airflow/example_dags/tutorial_taskflow_api_virtualenv.py
[2023-04-23T01:11:55.001+0200] {processor.py:743} INFO - Processing file /Users/siddalingkattimani/dbt_env/lib/python3.11/site-packages/airflow/example_dags/tutorial_taskflow_api_virtualenv.py for tasks to queue
[2023-04-23T01:11:55.002+0200] {logging_mixin.py:137} INFO - [2023-04-23T01:11:55.002+0200] {dagbag.py:532} INFO - Filling up the DagBag from /Users/siddalingkattimani/dbt_env/lib/python3.11/site-packages/airflow/example_dags/tutorial_taskflow_api_virtualenv.py
[2023-04-23T01:11:55.076+0200] {processor.py:753} INFO - DAG(s) dict_keys(['tutorial_taskflow_api_virtualenv']) retrieved from /Users/siddalingkattimani/dbt_env/lib/python3.11/site-packages/airflow/example_dags/tutorial_taskflow_api_virtualenv.py
[2023-04-23T01:11:55.685+0200] {logging_mixin.py:137} INFO - [2023-04-23T01:11:55.685+0200] {dag.py:2705} INFO - Sync 1 DAGs
[2023-04-23T01:11:55.698+0200] {logging_mixin.py:137} INFO - [2023-04-23T01:11:55.698+0200] {dag.py:3452} INFO - Setting next_dagrun for tutorial_taskflow_api_virtualenv to None, run_after=None
[2023-04-23T01:11:55.714+0200] {processor.py:175} INFO - Processing /Users/siddalingkattimani/dbt_env/lib/python3.11/site-packages/airflow/example_dags/tutorial_taskflow_api_virtualenv.py took 0.717 seconds
[2023-04-23T01:13:53.817+0200] {processor.py:153} INFO - Started process (PID=47720) to work on /Users/siddalingkattimani/dbt_env/lib/python3.11/site-packages/airflow/example_dags/tutorial_taskflow_api_virtualenv.py
[2023-04-23T01:13:53.820+0200] {processor.py:743} INFO - Processing file /Users/siddalingkattimani/dbt_env/lib/python3.11/site-packages/airflow/example_dags/tutorial_taskflow_api_virtualenv.py for tasks to queue
[2023-04-23T01:13:53.821+0200] {logging_mixin.py:137} INFO - [2023-04-23T01:13:53.820+0200] {dagbag.py:532} INFO - Filling up the DagBag from /Users/siddalingkattimani/dbt_env/lib/python3.11/site-packages/airflow/example_dags/tutorial_taskflow_api_virtualenv.py
[2023-04-23T01:13:53.888+0200] {processor.py:753} INFO - DAG(s) dict_keys(['tutorial_taskflow_api_virtualenv']) retrieved from /Users/siddalingkattimani/dbt_env/lib/python3.11/site-packages/airflow/example_dags/tutorial_taskflow_api_virtualenv.py
[2023-04-23T01:13:54.483+0200] {logging_mixin.py:137} INFO - [2023-04-23T01:13:54.483+0200] {dag.py:2705} INFO - Sync 1 DAGs
[2023-04-23T01:13:54.499+0200] {logging_mixin.py:137} INFO - [2023-04-23T01:13:54.498+0200] {dag.py:3452} INFO - Setting next_dagrun for tutorial_taskflow_api_virtualenv to None, run_after=None
[2023-04-23T01:13:54.516+0200] {processor.py:175} INFO - Processing /Users/siddalingkattimani/dbt_env/lib/python3.11/site-packages/airflow/example_dags/tutorial_taskflow_api_virtualenv.py took 0.700 seconds
[2023-04-23T01:15:59.204+0200] {processor.py:153} INFO - Started process (PID=47768) to work on /Users/siddalingkattimani/dbt_env/lib/python3.11/site-packages/airflow/example_dags/tutorial_taskflow_api_virtualenv.py
[2023-04-23T01:15:59.209+0200] {processor.py:743} INFO - Processing file /Users/siddalingkattimani/dbt_env/lib/python3.11/site-packages/airflow/example_dags/tutorial_taskflow_api_virtualenv.py for tasks to queue
[2023-04-23T01:15:59.209+0200] {logging_mixin.py:137} INFO - [2023-04-23T01:15:59.209+0200] {dagbag.py:532} INFO - Filling up the DagBag from /Users/siddalingkattimani/dbt_env/lib/python3.11/site-packages/airflow/example_dags/tutorial_taskflow_api_virtualenv.py
[2023-04-23T01:15:59.297+0200] {processor.py:753} INFO - DAG(s) dict_keys(['tutorial_taskflow_api_virtualenv']) retrieved from /Users/siddalingkattimani/dbt_env/lib/python3.11/site-packages/airflow/example_dags/tutorial_taskflow_api_virtualenv.py
[2023-04-23T01:16:00.070+0200] {logging_mixin.py:137} INFO - [2023-04-23T01:16:00.070+0200] {dag.py:2705} INFO - Sync 1 DAGs
[2023-04-23T01:16:00.089+0200] {logging_mixin.py:137} INFO - [2023-04-23T01:16:00.089+0200] {dag.py:3452} INFO - Setting next_dagrun for tutorial_taskflow_api_virtualenv to None, run_after=None
[2023-04-23T01:16:00.111+0200] {processor.py:175} INFO - Processing /Users/siddalingkattimani/dbt_env/lib/python3.11/site-packages/airflow/example_dags/tutorial_taskflow_api_virtualenv.py took 0.908 seconds
[2023-04-23T01:18:01.432+0200] {processor.py:153} INFO - Started process (PID=47814) to work on /Users/siddalingkattimani/dbt_env/lib/python3.11/site-packages/airflow/example_dags/tutorial_taskflow_api_virtualenv.py
[2023-04-23T01:18:01.435+0200] {processor.py:743} INFO - Processing file /Users/siddalingkattimani/dbt_env/lib/python3.11/site-packages/airflow/example_dags/tutorial_taskflow_api_virtualenv.py for tasks to queue
[2023-04-23T01:18:01.436+0200] {logging_mixin.py:137} INFO - [2023-04-23T01:18:01.436+0200] {dagbag.py:532} INFO - Filling up the DagBag from /Users/siddalingkattimani/dbt_env/lib/python3.11/site-packages/airflow/example_dags/tutorial_taskflow_api_virtualenv.py
[2023-04-23T01:18:01.507+0200] {processor.py:753} INFO - DAG(s) dict_keys(['tutorial_taskflow_api_virtualenv']) retrieved from /Users/siddalingkattimani/dbt_env/lib/python3.11/site-packages/airflow/example_dags/tutorial_taskflow_api_virtualenv.py
[2023-04-23T01:18:02.105+0200] {logging_mixin.py:137} INFO - [2023-04-23T01:18:02.105+0200] {dag.py:2705} INFO - Sync 1 DAGs
[2023-04-23T01:18:02.117+0200] {logging_mixin.py:137} INFO - [2023-04-23T01:18:02.117+0200] {dag.py:3452} INFO - Setting next_dagrun for tutorial_taskflow_api_virtualenv to None, run_after=None
[2023-04-23T01:18:02.134+0200] {processor.py:175} INFO - Processing /Users/siddalingkattimani/dbt_env/lib/python3.11/site-packages/airflow/example_dags/tutorial_taskflow_api_virtualenv.py took 0.703 seconds
[2023-04-23T01:20:04.800+0200] {processor.py:153} INFO - Started process (PID=47859) to work on /Users/siddalingkattimani/dbt_env/lib/python3.11/site-packages/airflow/example_dags/tutorial_taskflow_api_virtualenv.py
[2023-04-23T01:20:04.804+0200] {processor.py:743} INFO - Processing file /Users/siddalingkattimani/dbt_env/lib/python3.11/site-packages/airflow/example_dags/tutorial_taskflow_api_virtualenv.py for tasks to queue
[2023-04-23T01:20:04.804+0200] {logging_mixin.py:137} INFO - [2023-04-23T01:20:04.804+0200] {dagbag.py:532} INFO - Filling up the DagBag from /Users/siddalingkattimani/dbt_env/lib/python3.11/site-packages/airflow/example_dags/tutorial_taskflow_api_virtualenv.py
[2023-04-23T01:20:04.895+0200] {processor.py:753} INFO - DAG(s) dict_keys(['tutorial_taskflow_api_virtualenv']) retrieved from /Users/siddalingkattimani/dbt_env/lib/python3.11/site-packages/airflow/example_dags/tutorial_taskflow_api_virtualenv.py
[2023-04-23T01:20:05.682+0200] {logging_mixin.py:137} INFO - [2023-04-23T01:20:05.682+0200] {dag.py:2705} INFO - Sync 1 DAGs
[2023-04-23T01:20:05.700+0200] {logging_mixin.py:137} INFO - [2023-04-23T01:20:05.700+0200] {dag.py:3452} INFO - Setting next_dagrun for tutorial_taskflow_api_virtualenv to None, run_after=None
[2023-04-23T01:20:05.720+0200] {processor.py:175} INFO - Processing /Users/siddalingkattimani/dbt_env/lib/python3.11/site-packages/airflow/example_dags/tutorial_taskflow_api_virtualenv.py took 0.921 seconds
[2023-04-23T01:22:10.379+0200] {processor.py:153} INFO - Started process (PID=47906) to work on /Users/siddalingkattimani/dbt_env/lib/python3.11/site-packages/airflow/example_dags/tutorial_taskflow_api_virtualenv.py
[2023-04-23T01:22:10.384+0200] {processor.py:743} INFO - Processing file /Users/siddalingkattimani/dbt_env/lib/python3.11/site-packages/airflow/example_dags/tutorial_taskflow_api_virtualenv.py for tasks to queue
[2023-04-23T01:22:10.385+0200] {logging_mixin.py:137} INFO - [2023-04-23T01:22:10.385+0200] {dagbag.py:532} INFO - Filling up the DagBag from /Users/siddalingkattimani/dbt_env/lib/python3.11/site-packages/airflow/example_dags/tutorial_taskflow_api_virtualenv.py
[2023-04-23T01:22:10.471+0200] {processor.py:753} INFO - DAG(s) dict_keys(['tutorial_taskflow_api_virtualenv']) retrieved from /Users/siddalingkattimani/dbt_env/lib/python3.11/site-packages/airflow/example_dags/tutorial_taskflow_api_virtualenv.py
[2023-04-23T01:22:11.155+0200] {logging_mixin.py:137} INFO - [2023-04-23T01:22:11.155+0200] {dag.py:2705} INFO - Sync 1 DAGs
[2023-04-23T01:22:11.168+0200] {logging_mixin.py:137} INFO - [2023-04-23T01:22:11.167+0200] {dag.py:3452} INFO - Setting next_dagrun for tutorial_taskflow_api_virtualenv to None, run_after=None
[2023-04-23T01:22:11.187+0200] {processor.py:175} INFO - Processing /Users/siddalingkattimani/dbt_env/lib/python3.11/site-packages/airflow/example_dags/tutorial_taskflow_api_virtualenv.py took 0.808 seconds
[2023-04-23T01:24:09.136+0200] {processor.py:153} INFO - Started process (PID=47956) to work on /Users/siddalingkattimani/dbt_env/lib/python3.11/site-packages/airflow/example_dags/tutorial_taskflow_api_virtualenv.py
[2023-04-23T01:24:09.139+0200] {processor.py:743} INFO - Processing file /Users/siddalingkattimani/dbt_env/lib/python3.11/site-packages/airflow/example_dags/tutorial_taskflow_api_virtualenv.py for tasks to queue
[2023-04-23T01:24:09.139+0200] {logging_mixin.py:137} INFO - [2023-04-23T01:24:09.139+0200] {dagbag.py:532} INFO - Filling up the DagBag from /Users/siddalingkattimani/dbt_env/lib/python3.11/site-packages/airflow/example_dags/tutorial_taskflow_api_virtualenv.py
[2023-04-23T01:24:09.209+0200] {processor.py:753} INFO - DAG(s) dict_keys(['tutorial_taskflow_api_virtualenv']) retrieved from /Users/siddalingkattimani/dbt_env/lib/python3.11/site-packages/airflow/example_dags/tutorial_taskflow_api_virtualenv.py
[2023-04-23T01:24:09.816+0200] {logging_mixin.py:137} INFO - [2023-04-23T01:24:09.815+0200] {dag.py:2705} INFO - Sync 1 DAGs
[2023-04-23T01:24:09.830+0200] {logging_mixin.py:137} INFO - [2023-04-23T01:24:09.830+0200] {dag.py:3452} INFO - Setting next_dagrun for tutorial_taskflow_api_virtualenv to None, run_after=None
[2023-04-23T01:24:09.858+0200] {processor.py:175} INFO - Processing /Users/siddalingkattimani/dbt_env/lib/python3.11/site-packages/airflow/example_dags/tutorial_taskflow_api_virtualenv.py took 0.723 seconds
[2023-04-23T01:26:08.323+0200] {processor.py:153} INFO - Started process (PID=48023) to work on /Users/siddalingkattimani/dbt_env/lib/python3.11/site-packages/airflow/example_dags/tutorial_taskflow_api_virtualenv.py
[2023-04-23T01:26:08.326+0200] {processor.py:743} INFO - Processing file /Users/siddalingkattimani/dbt_env/lib/python3.11/site-packages/airflow/example_dags/tutorial_taskflow_api_virtualenv.py for tasks to queue
[2023-04-23T01:26:08.327+0200] {logging_mixin.py:137} INFO - [2023-04-23T01:26:08.327+0200] {dagbag.py:532} INFO - Filling up the DagBag from /Users/siddalingkattimani/dbt_env/lib/python3.11/site-packages/airflow/example_dags/tutorial_taskflow_api_virtualenv.py
[2023-04-23T01:26:08.405+0200] {processor.py:753} INFO - DAG(s) dict_keys(['tutorial_taskflow_api_virtualenv']) retrieved from /Users/siddalingkattimani/dbt_env/lib/python3.11/site-packages/airflow/example_dags/tutorial_taskflow_api_virtualenv.py
[2023-04-23T01:26:09.153+0200] {logging_mixin.py:137} INFO - [2023-04-23T01:26:09.153+0200] {dag.py:2705} INFO - Sync 1 DAGs
[2023-04-23T01:26:09.170+0200] {logging_mixin.py:137} INFO - [2023-04-23T01:26:09.170+0200] {dag.py:3452} INFO - Setting next_dagrun for tutorial_taskflow_api_virtualenv to None, run_after=None
[2023-04-23T01:26:09.190+0200] {processor.py:175} INFO - Processing /Users/siddalingkattimani/dbt_env/lib/python3.11/site-packages/airflow/example_dags/tutorial_taskflow_api_virtualenv.py took 0.868 seconds
[2023-04-23T01:28:13.843+0200] {processor.py:153} INFO - Started process (PID=48069) to work on /Users/siddalingkattimani/dbt_env/lib/python3.11/site-packages/airflow/example_dags/tutorial_taskflow_api_virtualenv.py
[2023-04-23T01:28:13.847+0200] {processor.py:743} INFO - Processing file /Users/siddalingkattimani/dbt_env/lib/python3.11/site-packages/airflow/example_dags/tutorial_taskflow_api_virtualenv.py for tasks to queue
[2023-04-23T01:28:13.847+0200] {logging_mixin.py:137} INFO - [2023-04-23T01:28:13.847+0200] {dagbag.py:532} INFO - Filling up the DagBag from /Users/siddalingkattimani/dbt_env/lib/python3.11/site-packages/airflow/example_dags/tutorial_taskflow_api_virtualenv.py
[2023-04-23T01:28:13.941+0200] {processor.py:753} INFO - DAG(s) dict_keys(['tutorial_taskflow_api_virtualenv']) retrieved from /Users/siddalingkattimani/dbt_env/lib/python3.11/site-packages/airflow/example_dags/tutorial_taskflow_api_virtualenv.py
[2023-04-23T01:28:14.668+0200] {logging_mixin.py:137} INFO - [2023-04-23T01:28:14.668+0200] {dag.py:2705} INFO - Sync 1 DAGs
[2023-04-23T01:28:14.685+0200] {logging_mixin.py:137} INFO - [2023-04-23T01:28:14.685+0200] {dag.py:3452} INFO - Setting next_dagrun for tutorial_taskflow_api_virtualenv to None, run_after=None
[2023-04-23T01:28:14.704+0200] {processor.py:175} INFO - Processing /Users/siddalingkattimani/dbt_env/lib/python3.11/site-packages/airflow/example_dags/tutorial_taskflow_api_virtualenv.py took 0.862 seconds
[2023-04-23T01:30:18.291+0200] {processor.py:153} INFO - Started process (PID=48117) to work on /Users/siddalingkattimani/dbt_env/lib/python3.11/site-packages/airflow/example_dags/tutorial_taskflow_api_virtualenv.py
[2023-04-23T01:30:18.295+0200] {processor.py:743} INFO - Processing file /Users/siddalingkattimani/dbt_env/lib/python3.11/site-packages/airflow/example_dags/tutorial_taskflow_api_virtualenv.py for tasks to queue
[2023-04-23T01:30:18.296+0200] {logging_mixin.py:137} INFO - [2023-04-23T01:30:18.295+0200] {dagbag.py:532} INFO - Filling up the DagBag from /Users/siddalingkattimani/dbt_env/lib/python3.11/site-packages/airflow/example_dags/tutorial_taskflow_api_virtualenv.py
[2023-04-23T01:30:18.367+0200] {processor.py:753} INFO - DAG(s) dict_keys(['tutorial_taskflow_api_virtualenv']) retrieved from /Users/siddalingkattimani/dbt_env/lib/python3.11/site-packages/airflow/example_dags/tutorial_taskflow_api_virtualenv.py
[2023-04-23T01:30:19.269+0200] {logging_mixin.py:137} INFO - [2023-04-23T01:30:19.268+0200] {dag.py:2705} INFO - Sync 1 DAGs
[2023-04-23T01:30:19.284+0200] {logging_mixin.py:137} INFO - [2023-04-23T01:30:19.284+0200] {dag.py:3452} INFO - Setting next_dagrun for tutorial_taskflow_api_virtualenv to None, run_after=None
[2023-04-23T01:30:19.304+0200] {processor.py:175} INFO - Processing /Users/siddalingkattimani/dbt_env/lib/python3.11/site-packages/airflow/example_dags/tutorial_taskflow_api_virtualenv.py took 1.014 seconds
[2023-04-23T01:32:19.877+0200] {processor.py:153} INFO - Started process (PID=48163) to work on /Users/siddalingkattimani/dbt_env/lib/python3.11/site-packages/airflow/example_dags/tutorial_taskflow_api_virtualenv.py
[2023-04-23T01:32:19.880+0200] {processor.py:743} INFO - Processing file /Users/siddalingkattimani/dbt_env/lib/python3.11/site-packages/airflow/example_dags/tutorial_taskflow_api_virtualenv.py for tasks to queue
[2023-04-23T01:32:19.881+0200] {logging_mixin.py:137} INFO - [2023-04-23T01:32:19.881+0200] {dagbag.py:532} INFO - Filling up the DagBag from /Users/siddalingkattimani/dbt_env/lib/python3.11/site-packages/airflow/example_dags/tutorial_taskflow_api_virtualenv.py
[2023-04-23T01:32:19.965+0200] {processor.py:753} INFO - DAG(s) dict_keys(['tutorial_taskflow_api_virtualenv']) retrieved from /Users/siddalingkattimani/dbt_env/lib/python3.11/site-packages/airflow/example_dags/tutorial_taskflow_api_virtualenv.py
[2023-04-23T01:32:21.107+0200] {logging_mixin.py:137} INFO - [2023-04-23T01:32:21.107+0200] {dag.py:2705} INFO - Sync 1 DAGs
[2023-04-23T01:32:21.133+0200] {logging_mixin.py:137} INFO - [2023-04-23T01:32:21.133+0200] {dag.py:3452} INFO - Setting next_dagrun for tutorial_taskflow_api_virtualenv to None, run_after=None
[2023-04-23T01:32:21.158+0200] {processor.py:175} INFO - Processing /Users/siddalingkattimani/dbt_env/lib/python3.11/site-packages/airflow/example_dags/tutorial_taskflow_api_virtualenv.py took 1.282 seconds
[2023-04-23T01:34:26.468+0200] {processor.py:153} INFO - Started process (PID=48213) to work on /Users/siddalingkattimani/dbt_env/lib/python3.11/site-packages/airflow/example_dags/tutorial_taskflow_api_virtualenv.py
[2023-04-23T01:34:26.471+0200] {processor.py:743} INFO - Processing file /Users/siddalingkattimani/dbt_env/lib/python3.11/site-packages/airflow/example_dags/tutorial_taskflow_api_virtualenv.py for tasks to queue
[2023-04-23T01:34:26.472+0200] {logging_mixin.py:137} INFO - [2023-04-23T01:34:26.471+0200] {dagbag.py:532} INFO - Filling up the DagBag from /Users/siddalingkattimani/dbt_env/lib/python3.11/site-packages/airflow/example_dags/tutorial_taskflow_api_virtualenv.py
[2023-04-23T01:34:26.546+0200] {processor.py:753} INFO - DAG(s) dict_keys(['tutorial_taskflow_api_virtualenv']) retrieved from /Users/siddalingkattimani/dbt_env/lib/python3.11/site-packages/airflow/example_dags/tutorial_taskflow_api_virtualenv.py
[2023-04-23T01:34:27.164+0200] {logging_mixin.py:137} INFO - [2023-04-23T01:34:27.163+0200] {dag.py:2705} INFO - Sync 1 DAGs
[2023-04-23T01:34:27.178+0200] {logging_mixin.py:137} INFO - [2023-04-23T01:34:27.178+0200] {dag.py:3452} INFO - Setting next_dagrun for tutorial_taskflow_api_virtualenv to None, run_after=None
[2023-04-23T01:34:27.229+0200] {processor.py:175} INFO - Processing /Users/siddalingkattimani/dbt_env/lib/python3.11/site-packages/airflow/example_dags/tutorial_taskflow_api_virtualenv.py took 0.762 seconds
